[2023-09-04T12:39:09.110+0000] {processor.py:157} INFO - Started process (PID=51) to work on /opt/airflow/dags/new_my_dag.py
[2023-09-04T12:39:09.122+0000] {processor.py:826} INFO - Processing file /opt/airflow/dags/new_my_dag.py for tasks to queue
[2023-09-04T12:39:09.149+0000] {logging_mixin.py:150} INFO - [2023-09-04T12:39:09.148+0000] {dagbag.py:541} INFO - Filling up the DagBag from /opt/airflow/dags/new_my_dag.py
[2023-09-04T12:39:10.034+0000] {processor.py:836} INFO - DAG(s) dict_keys(['new_my_dag']) retrieved from /opt/airflow/dags/new_my_dag.py
[2023-09-04T12:39:13.902+0000] {logging_mixin.py:150} INFO - [2023-09-04T12:39:13.901+0000] {manager.py:504} INFO - Created Permission View: can edit on DAG:new_my_dag
[2023-09-04T12:39:14.059+0000] {logging_mixin.py:150} INFO - [2023-09-04T12:39:14.059+0000] {manager.py:504} INFO - Created Permission View: can read on DAG:new_my_dag
[2023-09-04T12:39:14.157+0000] {logging_mixin.py:150} INFO - [2023-09-04T12:39:14.156+0000] {manager.py:504} INFO - Created Permission View: can delete on DAG:new_my_dag
[2023-09-04T12:39:14.288+0000] {logging_mixin.py:150} INFO - [2023-09-04T12:39:14.287+0000] {dag.py:2742} INFO - Sync 1 DAGs
[2023-09-04T12:39:14.416+0000] {logging_mixin.py:150} INFO - [2023-09-04T12:39:14.404+0000] {dag.py:2763} INFO - Creating ORM DAG for new_my_dag
[2023-09-04T12:39:14.527+0000] {logging_mixin.py:150} INFO - [2023-09-04T12:39:14.516+0000] {dag.py:3508} INFO - Setting next_dagrun for new_my_dag to 2023-09-03T00:00:00+00:00, run_after=2023-09-04T00:00:00+00:00
[2023-09-04T12:39:14.778+0000] {processor.py:179} INFO - Processing /opt/airflow/dags/new_my_dag.py took 5.717 seconds
[2023-09-04T12:39:48.699+0000] {processor.py:157} INFO - Started process (PID=110) to work on /opt/airflow/dags/new_my_dag.py
[2023-09-04T12:39:48.705+0000] {processor.py:826} INFO - Processing file /opt/airflow/dags/new_my_dag.py for tasks to queue
[2023-09-04T12:39:48.708+0000] {logging_mixin.py:150} INFO - [2023-09-04T12:39:48.707+0000] {dagbag.py:541} INFO - Filling up the DagBag from /opt/airflow/dags/new_my_dag.py
[2023-09-04T12:39:48.896+0000] {processor.py:836} INFO - DAG(s) dict_keys(['new_my_dag']) retrieved from /opt/airflow/dags/new_my_dag.py
[2023-09-04T12:39:49.063+0000] {logging_mixin.py:150} INFO - [2023-09-04T12:39:49.063+0000] {dag.py:2742} INFO - Sync 1 DAGs
[2023-09-04T12:39:49.253+0000] {logging_mixin.py:150} INFO - [2023-09-04T12:39:49.252+0000] {dag.py:3508} INFO - Setting next_dagrun for new_my_dag to 2023-09-03T00:00:00+00:00, run_after=2023-09-04T00:00:00+00:00
[2023-09-04T12:39:49.429+0000] {processor.py:179} INFO - Processing /opt/airflow/dags/new_my_dag.py took 0.741 seconds
[2023-09-04T12:40:20.444+0000] {processor.py:157} INFO - Started process (PID=163) to work on /opt/airflow/dags/new_my_dag.py
[2023-09-04T12:40:20.447+0000] {processor.py:826} INFO - Processing file /opt/airflow/dags/new_my_dag.py for tasks to queue
[2023-09-04T12:40:20.450+0000] {logging_mixin.py:150} INFO - [2023-09-04T12:40:20.449+0000] {dagbag.py:541} INFO - Filling up the DagBag from /opt/airflow/dags/new_my_dag.py
[2023-09-04T12:40:20.633+0000] {processor.py:836} INFO - DAG(s) dict_keys(['new_my_dag']) retrieved from /opt/airflow/dags/new_my_dag.py
[2023-09-04T12:40:20.813+0000] {logging_mixin.py:150} INFO - [2023-09-04T12:40:20.813+0000] {dag.py:2742} INFO - Sync 1 DAGs
[2023-09-04T12:40:20.998+0000] {logging_mixin.py:150} INFO - [2023-09-04T12:40:20.998+0000] {dag.py:3508} INFO - Setting next_dagrun for new_my_dag to 2023-09-03T00:00:00+00:00, run_after=2023-09-04T00:00:00+00:00
[2023-09-04T12:40:21.087+0000] {processor.py:179} INFO - Processing /opt/airflow/dags/new_my_dag.py took 0.673 seconds
[2023-09-04T12:40:53.250+0000] {processor.py:157} INFO - Started process (PID=219) to work on /opt/airflow/dags/new_my_dag.py
[2023-09-04T12:40:53.314+0000] {processor.py:826} INFO - Processing file /opt/airflow/dags/new_my_dag.py for tasks to queue
[2023-09-04T12:40:53.337+0000] {logging_mixin.py:150} INFO - [2023-09-04T12:40:53.336+0000] {dagbag.py:541} INFO - Filling up the DagBag from /opt/airflow/dags/new_my_dag.py
[2023-09-04T12:40:53.887+0000] {processor.py:836} INFO - DAG(s) dict_keys(['new_my_dag']) retrieved from /opt/airflow/dags/new_my_dag.py
[2023-09-04T12:40:54.207+0000] {logging_mixin.py:150} INFO - [2023-09-04T12:40:54.207+0000] {dag.py:2742} INFO - Sync 1 DAGs
[2023-09-04T12:40:54.640+0000] {logging_mixin.py:150} INFO - [2023-09-04T12:40:54.640+0000] {dag.py:3508} INFO - Setting next_dagrun for new_my_dag to 2023-09-03T00:00:00+00:00, run_after=2023-09-04T00:00:00+00:00
[2023-09-04T12:40:55.182+0000] {processor.py:179} INFO - Processing /opt/airflow/dags/new_my_dag.py took 1.956 seconds
[2023-09-04T12:41:29.051+0000] {processor.py:157} INFO - Started process (PID=283) to work on /opt/airflow/dags/new_my_dag.py
[2023-09-04T12:41:29.062+0000] {processor.py:826} INFO - Processing file /opt/airflow/dags/new_my_dag.py for tasks to queue
[2023-09-04T12:41:29.069+0000] {logging_mixin.py:150} INFO - [2023-09-04T12:41:29.068+0000] {dagbag.py:541} INFO - Filling up the DagBag from /opt/airflow/dags/new_my_dag.py
[2023-09-04T12:41:29.626+0000] {processor.py:836} INFO - DAG(s) dict_keys(['new_my_dag']) retrieved from /opt/airflow/dags/new_my_dag.py
[2023-09-04T12:41:29.870+0000] {logging_mixin.py:150} INFO - [2023-09-04T12:41:29.870+0000] {dag.py:2742} INFO - Sync 1 DAGs
[2023-09-04T12:41:30.109+0000] {logging_mixin.py:150} INFO - [2023-09-04T12:41:30.109+0000] {dag.py:3508} INFO - Setting next_dagrun for new_my_dag to 2023-09-03T00:00:00+00:00, run_after=2023-09-04T00:00:00+00:00
[2023-09-04T12:41:30.312+0000] {processor.py:179} INFO - Processing /opt/airflow/dags/new_my_dag.py took 1.278 seconds
[2023-09-04T12:42:05.973+0000] {processor.py:157} INFO - Started process (PID=337) to work on /opt/airflow/dags/new_my_dag.py
[2023-09-04T12:42:05.985+0000] {processor.py:826} INFO - Processing file /opt/airflow/dags/new_my_dag.py for tasks to queue
[2023-09-04T12:42:05.988+0000] {logging_mixin.py:150} INFO - [2023-09-04T12:42:05.988+0000] {dagbag.py:541} INFO - Filling up the DagBag from /opt/airflow/dags/new_my_dag.py
[2023-09-04T12:42:07.357+0000] {processor.py:836} INFO - DAG(s) dict_keys(['new_my_dag']) retrieved from /opt/airflow/dags/new_my_dag.py
[2023-09-04T12:42:07.759+0000] {logging_mixin.py:150} INFO - [2023-09-04T12:42:07.759+0000] {dag.py:2742} INFO - Sync 1 DAGs
[2023-09-04T12:42:08.129+0000] {logging_mixin.py:150} INFO - [2023-09-04T12:42:08.117+0000] {dag.py:3508} INFO - Setting next_dagrun for new_my_dag to 2023-09-03T00:00:00+00:00, run_after=2023-09-04T00:00:00+00:00
[2023-09-04T12:42:08.583+0000] {processor.py:179} INFO - Processing /opt/airflow/dags/new_my_dag.py took 2.618 seconds
[2023-09-04T12:42:43.388+0000] {processor.py:157} INFO - Started process (PID=393) to work on /opt/airflow/dags/new_my_dag.py
[2023-09-04T12:42:43.402+0000] {processor.py:826} INFO - Processing file /opt/airflow/dags/new_my_dag.py for tasks to queue
[2023-09-04T12:42:43.419+0000] {logging_mixin.py:150} INFO - [2023-09-04T12:42:43.419+0000] {dagbag.py:541} INFO - Filling up the DagBag from /opt/airflow/dags/new_my_dag.py
[2023-09-04T12:42:44.076+0000] {processor.py:836} INFO - DAG(s) dict_keys(['new_my_dag']) retrieved from /opt/airflow/dags/new_my_dag.py
[2023-09-04T12:42:44.411+0000] {logging_mixin.py:150} INFO - [2023-09-04T12:42:44.411+0000] {dag.py:2742} INFO - Sync 1 DAGs
[2023-09-04T12:42:44.732+0000] {logging_mixin.py:150} INFO - [2023-09-04T12:42:44.731+0000] {dag.py:3508} INFO - Setting next_dagrun for new_my_dag to 2023-09-03T00:00:00+00:00, run_after=2023-09-04T00:00:00+00:00
[2023-09-04T12:42:44.997+0000] {processor.py:179} INFO - Processing /opt/airflow/dags/new_my_dag.py took 1.627 seconds
[2023-09-04T12:43:16.418+0000] {processor.py:157} INFO - Started process (PID=448) to work on /opt/airflow/dags/new_my_dag.py
[2023-09-04T12:43:16.433+0000] {processor.py:826} INFO - Processing file /opt/airflow/dags/new_my_dag.py for tasks to queue
[2023-09-04T12:43:16.497+0000] {logging_mixin.py:150} INFO - [2023-09-04T12:43:16.496+0000] {dagbag.py:541} INFO - Filling up the DagBag from /opt/airflow/dags/new_my_dag.py
[2023-09-04T12:43:17.343+0000] {processor.py:836} INFO - DAG(s) dict_keys(['new_my_dag']) retrieved from /opt/airflow/dags/new_my_dag.py
[2023-09-04T12:43:17.497+0000] {logging_mixin.py:150} INFO - [2023-09-04T12:43:17.496+0000] {dag.py:2742} INFO - Sync 1 DAGs
[2023-09-04T12:43:17.720+0000] {logging_mixin.py:150} INFO - [2023-09-04T12:43:17.720+0000] {dag.py:3508} INFO - Setting next_dagrun for new_my_dag to 2023-09-03T00:00:00+00:00, run_after=2023-09-04T00:00:00+00:00
[2023-09-04T12:43:17.878+0000] {processor.py:179} INFO - Processing /opt/airflow/dags/new_my_dag.py took 1.478 seconds
[2023-09-04T12:43:49.058+0000] {processor.py:157} INFO - Started process (PID=499) to work on /opt/airflow/dags/new_my_dag.py
[2023-09-04T12:43:49.071+0000] {processor.py:826} INFO - Processing file /opt/airflow/dags/new_my_dag.py for tasks to queue
[2023-09-04T12:43:49.075+0000] {logging_mixin.py:150} INFO - [2023-09-04T12:43:49.074+0000] {dagbag.py:541} INFO - Filling up the DagBag from /opt/airflow/dags/new_my_dag.py
[2023-09-04T12:43:49.389+0000] {processor.py:836} INFO - DAG(s) dict_keys(['new_my_dag']) retrieved from /opt/airflow/dags/new_my_dag.py
[2023-09-04T12:43:49.560+0000] {logging_mixin.py:150} INFO - [2023-09-04T12:43:49.559+0000] {dag.py:2742} INFO - Sync 1 DAGs
[2023-09-04T12:43:49.837+0000] {logging_mixin.py:150} INFO - [2023-09-04T12:43:49.837+0000] {dag.py:3508} INFO - Setting next_dagrun for new_my_dag to 2023-09-03T00:00:00+00:00, run_after=2023-09-04T00:00:00+00:00
[2023-09-04T12:43:50.128+0000] {processor.py:179} INFO - Processing /opt/airflow/dags/new_my_dag.py took 1.080 seconds
[2023-09-04T12:44:20.583+0000] {processor.py:157} INFO - Started process (PID=557) to work on /opt/airflow/dags/new_my_dag.py
[2023-09-04T12:44:20.586+0000] {processor.py:826} INFO - Processing file /opt/airflow/dags/new_my_dag.py for tasks to queue
[2023-09-04T12:44:20.589+0000] {logging_mixin.py:150} INFO - [2023-09-04T12:44:20.589+0000] {dagbag.py:541} INFO - Filling up the DagBag from /opt/airflow/dags/new_my_dag.py
[2023-09-04T12:44:20.761+0000] {processor.py:836} INFO - DAG(s) dict_keys(['new_my_dag']) retrieved from /opt/airflow/dags/new_my_dag.py
[2023-09-04T12:44:20.978+0000] {logging_mixin.py:150} INFO - [2023-09-04T12:44:20.977+0000] {dag.py:2742} INFO - Sync 1 DAGs
[2023-09-04T12:44:21.234+0000] {logging_mixin.py:150} INFO - [2023-09-04T12:44:21.234+0000] {dag.py:3508} INFO - Setting next_dagrun for new_my_dag to 2023-09-03T00:00:00+00:00, run_after=2023-09-04T00:00:00+00:00
[2023-09-04T12:44:21.452+0000] {processor.py:179} INFO - Processing /opt/airflow/dags/new_my_dag.py took 0.885 seconds
[2023-09-04T12:45:03.656+0000] {processor.py:157} INFO - Started process (PID=618) to work on /opt/airflow/dags/new_my_dag.py
[2023-09-04T12:45:03.669+0000] {processor.py:826} INFO - Processing file /opt/airflow/dags/new_my_dag.py for tasks to queue
[2023-09-04T12:45:03.680+0000] {logging_mixin.py:150} INFO - [2023-09-04T12:45:03.679+0000] {dagbag.py:541} INFO - Filling up the DagBag from /opt/airflow/dags/new_my_dag.py
[2023-09-04T12:45:04.563+0000] {processor.py:836} INFO - DAG(s) dict_keys(['new_my_dag']) retrieved from /opt/airflow/dags/new_my_dag.py
[2023-09-04T12:45:04.759+0000] {logging_mixin.py:150} INFO - [2023-09-04T12:45:04.758+0000] {dag.py:2742} INFO - Sync 1 DAGs
[2023-09-04T12:45:05.090+0000] {logging_mixin.py:150} INFO - [2023-09-04T12:45:05.089+0000] {dag.py:3508} INFO - Setting next_dagrun for new_my_dag to 2023-09-03T00:00:00+00:00, run_after=2023-09-04T00:00:00+00:00
[2023-09-04T12:45:05.316+0000] {processor.py:179} INFO - Processing /opt/airflow/dags/new_my_dag.py took 1.698 seconds
[2023-09-04T12:45:36.214+0000] {processor.py:157} INFO - Started process (PID=679) to work on /opt/airflow/dags/new_my_dag.py
[2023-09-04T12:45:36.219+0000] {processor.py:826} INFO - Processing file /opt/airflow/dags/new_my_dag.py for tasks to queue
[2023-09-04T12:45:36.221+0000] {logging_mixin.py:150} INFO - [2023-09-04T12:45:36.221+0000] {dagbag.py:541} INFO - Filling up the DagBag from /opt/airflow/dags/new_my_dag.py
[2023-09-04T12:45:36.306+0000] {processor.py:836} INFO - DAG(s) dict_keys(['new_my_dag']) retrieved from /opt/airflow/dags/new_my_dag.py
[2023-09-04T12:45:36.412+0000] {logging_mixin.py:150} INFO - [2023-09-04T12:45:36.412+0000] {dag.py:2742} INFO - Sync 1 DAGs
[2023-09-04T12:45:36.511+0000] {logging_mixin.py:150} INFO - [2023-09-04T12:45:36.511+0000] {dag.py:3508} INFO - Setting next_dagrun for new_my_dag to 2023-09-03T00:00:00+00:00, run_after=2023-09-04T00:00:00+00:00
[2023-09-04T12:45:36.575+0000] {processor.py:179} INFO - Processing /opt/airflow/dags/new_my_dag.py took 0.369 seconds
[2023-09-04T12:46:06.722+0000] {processor.py:157} INFO - Started process (PID=737) to work on /opt/airflow/dags/new_my_dag.py
[2023-09-04T12:46:06.725+0000] {processor.py:826} INFO - Processing file /opt/airflow/dags/new_my_dag.py for tasks to queue
[2023-09-04T12:46:06.730+0000] {logging_mixin.py:150} INFO - [2023-09-04T12:46:06.728+0000] {dagbag.py:541} INFO - Filling up the DagBag from /opt/airflow/dags/new_my_dag.py
[2023-09-04T12:46:06.837+0000] {processor.py:836} INFO - DAG(s) dict_keys(['new_my_dag']) retrieved from /opt/airflow/dags/new_my_dag.py
[2023-09-04T12:46:06.918+0000] {logging_mixin.py:150} INFO - [2023-09-04T12:46:06.917+0000] {dag.py:2742} INFO - Sync 1 DAGs
[2023-09-04T12:46:07.025+0000] {logging_mixin.py:150} INFO - [2023-09-04T12:46:07.025+0000] {dag.py:3508} INFO - Setting next_dagrun for new_my_dag to 2023-09-03T00:00:00+00:00, run_after=2023-09-04T00:00:00+00:00
[2023-09-04T12:46:07.149+0000] {processor.py:179} INFO - Processing /opt/airflow/dags/new_my_dag.py took 0.438 seconds
[2023-09-04T12:46:37.495+0000] {processor.py:157} INFO - Started process (PID=796) to work on /opt/airflow/dags/new_my_dag.py
[2023-09-04T12:46:37.497+0000] {processor.py:826} INFO - Processing file /opt/airflow/dags/new_my_dag.py for tasks to queue
[2023-09-04T12:46:37.500+0000] {logging_mixin.py:150} INFO - [2023-09-04T12:46:37.500+0000] {dagbag.py:541} INFO - Filling up the DagBag from /opt/airflow/dags/new_my_dag.py
[2023-09-04T12:46:37.576+0000] {processor.py:836} INFO - DAG(s) dict_keys(['new_my_dag']) retrieved from /opt/airflow/dags/new_my_dag.py
[2023-09-04T12:46:37.646+0000] {logging_mixin.py:150} INFO - [2023-09-04T12:46:37.645+0000] {dag.py:2742} INFO - Sync 1 DAGs
[2023-09-04T12:46:37.717+0000] {logging_mixin.py:150} INFO - [2023-09-04T12:46:37.716+0000] {dag.py:3508} INFO - Setting next_dagrun for new_my_dag to 2023-09-03T00:00:00+00:00, run_after=2023-09-04T00:00:00+00:00
[2023-09-04T12:46:37.784+0000] {processor.py:179} INFO - Processing /opt/airflow/dags/new_my_dag.py took 0.308 seconds
[2023-09-04T12:47:08.205+0000] {processor.py:157} INFO - Started process (PID=855) to work on /opt/airflow/dags/new_my_dag.py
[2023-09-04T12:47:08.207+0000] {processor.py:826} INFO - Processing file /opt/airflow/dags/new_my_dag.py for tasks to queue
[2023-09-04T12:47:08.211+0000] {logging_mixin.py:150} INFO - [2023-09-04T12:47:08.210+0000] {dagbag.py:541} INFO - Filling up the DagBag from /opt/airflow/dags/new_my_dag.py
[2023-09-04T12:47:08.274+0000] {processor.py:836} INFO - DAG(s) dict_keys(['new_my_dag']) retrieved from /opt/airflow/dags/new_my_dag.py
[2023-09-04T12:47:08.321+0000] {logging_mixin.py:150} INFO - [2023-09-04T12:47:08.320+0000] {dag.py:2742} INFO - Sync 1 DAGs
[2023-09-04T12:47:08.372+0000] {logging_mixin.py:150} INFO - [2023-09-04T12:47:08.372+0000] {dag.py:3508} INFO - Setting next_dagrun for new_my_dag to 2023-09-03T00:00:00+00:00, run_after=2023-09-04T00:00:00+00:00
[2023-09-04T12:47:08.413+0000] {processor.py:179} INFO - Processing /opt/airflow/dags/new_my_dag.py took 0.218 seconds
[2023-09-04T12:47:38.833+0000] {processor.py:157} INFO - Started process (PID=915) to work on /opt/airflow/dags/new_my_dag.py
[2023-09-04T12:47:38.835+0000] {processor.py:826} INFO - Processing file /opt/airflow/dags/new_my_dag.py for tasks to queue
[2023-09-04T12:47:38.838+0000] {logging_mixin.py:150} INFO - [2023-09-04T12:47:38.837+0000] {dagbag.py:541} INFO - Filling up the DagBag from /opt/airflow/dags/new_my_dag.py
[2023-09-04T12:47:38.901+0000] {processor.py:836} INFO - DAG(s) dict_keys(['new_my_dag']) retrieved from /opt/airflow/dags/new_my_dag.py
[2023-09-04T12:47:38.960+0000] {logging_mixin.py:150} INFO - [2023-09-04T12:47:38.959+0000] {dag.py:2742} INFO - Sync 1 DAGs
[2023-09-04T12:47:39.021+0000] {logging_mixin.py:150} INFO - [2023-09-04T12:47:39.021+0000] {dag.py:3508} INFO - Setting next_dagrun for new_my_dag to 2023-09-03T00:00:00+00:00, run_after=2023-09-04T00:00:00+00:00
[2023-09-04T12:47:39.081+0000] {processor.py:179} INFO - Processing /opt/airflow/dags/new_my_dag.py took 0.260 seconds
[2023-09-04T12:48:09.520+0000] {processor.py:157} INFO - Started process (PID=975) to work on /opt/airflow/dags/new_my_dag.py
[2023-09-04T12:48:09.524+0000] {processor.py:826} INFO - Processing file /opt/airflow/dags/new_my_dag.py for tasks to queue
[2023-09-04T12:48:09.528+0000] {logging_mixin.py:150} INFO - [2023-09-04T12:48:09.527+0000] {dagbag.py:541} INFO - Filling up the DagBag from /opt/airflow/dags/new_my_dag.py
[2023-09-04T12:48:09.594+0000] {processor.py:836} INFO - DAG(s) dict_keys(['new_my_dag']) retrieved from /opt/airflow/dags/new_my_dag.py
[2023-09-04T12:48:09.649+0000] {logging_mixin.py:150} INFO - [2023-09-04T12:48:09.649+0000] {dag.py:2742} INFO - Sync 1 DAGs
[2023-09-04T12:48:09.748+0000] {logging_mixin.py:150} INFO - [2023-09-04T12:48:09.748+0000] {dag.py:3508} INFO - Setting next_dagrun for new_my_dag to 2023-09-03T00:00:00+00:00, run_after=2023-09-04T00:00:00+00:00
[2023-09-04T12:48:09.911+0000] {processor.py:179} INFO - Processing /opt/airflow/dags/new_my_dag.py took 0.403 seconds
[2023-09-04T12:48:40.781+0000] {processor.py:157} INFO - Started process (PID=1035) to work on /opt/airflow/dags/new_my_dag.py
[2023-09-04T12:48:40.784+0000] {processor.py:826} INFO - Processing file /opt/airflow/dags/new_my_dag.py for tasks to queue
[2023-09-04T12:48:40.787+0000] {logging_mixin.py:150} INFO - [2023-09-04T12:48:40.786+0000] {dagbag.py:541} INFO - Filling up the DagBag from /opt/airflow/dags/new_my_dag.py
[2023-09-04T12:48:40.856+0000] {processor.py:836} INFO - DAG(s) dict_keys(['new_my_dag']) retrieved from /opt/airflow/dags/new_my_dag.py
[2023-09-04T12:48:40.916+0000] {logging_mixin.py:150} INFO - [2023-09-04T12:48:40.916+0000] {dag.py:2742} INFO - Sync 1 DAGs
[2023-09-04T12:48:40.991+0000] {logging_mixin.py:150} INFO - [2023-09-04T12:48:40.990+0000] {dag.py:3508} INFO - Setting next_dagrun for new_my_dag to 2023-09-03T00:00:00+00:00, run_after=2023-09-04T00:00:00+00:00
[2023-09-04T12:48:41.056+0000] {processor.py:179} INFO - Processing /opt/airflow/dags/new_my_dag.py took 0.286 seconds
[2023-09-04T12:49:11.433+0000] {processor.py:157} INFO - Started process (PID=1094) to work on /opt/airflow/dags/new_my_dag.py
[2023-09-04T12:49:11.435+0000] {processor.py:826} INFO - Processing file /opt/airflow/dags/new_my_dag.py for tasks to queue
[2023-09-04T12:49:11.438+0000] {logging_mixin.py:150} INFO - [2023-09-04T12:49:11.437+0000] {dagbag.py:541} INFO - Filling up the DagBag from /opt/airflow/dags/new_my_dag.py
[2023-09-04T12:49:11.503+0000] {processor.py:836} INFO - DAG(s) dict_keys(['new_my_dag']) retrieved from /opt/airflow/dags/new_my_dag.py
[2023-09-04T12:49:11.559+0000] {logging_mixin.py:150} INFO - [2023-09-04T12:49:11.557+0000] {dag.py:2742} INFO - Sync 1 DAGs
[2023-09-04T12:49:11.615+0000] {logging_mixin.py:150} INFO - [2023-09-04T12:49:11.615+0000] {dag.py:3508} INFO - Setting next_dagrun for new_my_dag to 2023-09-03T00:00:00+00:00, run_after=2023-09-04T00:00:00+00:00
[2023-09-04T12:49:11.680+0000] {processor.py:179} INFO - Processing /opt/airflow/dags/new_my_dag.py took 0.258 seconds
[2023-09-04T12:51:09.446+0000] {processor.py:157} INFO - Started process (PID=46) to work on /opt/airflow/dags/new_my_dag.py
[2023-09-04T12:51:09.454+0000] {processor.py:826} INFO - Processing file /opt/airflow/dags/new_my_dag.py for tasks to queue
[2023-09-04T12:51:09.466+0000] {logging_mixin.py:150} INFO - [2023-09-04T12:51:09.465+0000] {dagbag.py:541} INFO - Filling up the DagBag from /opt/airflow/dags/new_my_dag.py
[2023-09-04T12:51:09.676+0000] {processor.py:836} INFO - DAG(s) dict_keys(['new_my_dag']) retrieved from /opt/airflow/dags/new_my_dag.py
[2023-09-04T12:51:09.997+0000] {logging_mixin.py:150} INFO - [2023-09-04T12:51:09.996+0000] {dag.py:2742} INFO - Sync 1 DAGs
[2023-09-04T12:51:10.343+0000] {logging_mixin.py:150} INFO - [2023-09-04T12:51:10.342+0000] {dag.py:3508} INFO - Setting next_dagrun for new_my_dag to 2023-09-03T00:00:00+00:00, run_after=2023-09-04T00:00:00+00:00
[2023-09-04T12:51:10.552+0000] {processor.py:179} INFO - Processing /opt/airflow/dags/new_my_dag.py took 1.116 seconds
[2023-09-04T12:51:40.968+0000] {processor.py:157} INFO - Started process (PID=105) to work on /opt/airflow/dags/new_my_dag.py
[2023-09-04T12:51:40.972+0000] {processor.py:826} INFO - Processing file /opt/airflow/dags/new_my_dag.py for tasks to queue
[2023-09-04T12:51:40.976+0000] {logging_mixin.py:150} INFO - [2023-09-04T12:51:40.975+0000] {dagbag.py:541} INFO - Filling up the DagBag from /opt/airflow/dags/new_my_dag.py
[2023-09-04T12:51:41.067+0000] {processor.py:836} INFO - DAG(s) dict_keys(['new_my_dag']) retrieved from /opt/airflow/dags/new_my_dag.py
[2023-09-04T12:51:41.145+0000] {logging_mixin.py:150} INFO - [2023-09-04T12:51:41.144+0000] {dag.py:2742} INFO - Sync 1 DAGs
[2023-09-04T12:51:41.346+0000] {logging_mixin.py:150} INFO - [2023-09-04T12:51:41.345+0000] {dag.py:3508} INFO - Setting next_dagrun for new_my_dag to 2023-09-03T00:00:00+00:00, run_after=2023-09-04T00:00:00+00:00
[2023-09-04T12:51:41.594+0000] {processor.py:179} INFO - Processing /opt/airflow/dags/new_my_dag.py took 0.634 seconds
[2023-09-04T12:52:12.373+0000] {processor.py:157} INFO - Started process (PID=159) to work on /opt/airflow/dags/new_my_dag.py
[2023-09-04T12:52:12.376+0000] {processor.py:826} INFO - Processing file /opt/airflow/dags/new_my_dag.py for tasks to queue
[2023-09-04T12:52:12.382+0000] {logging_mixin.py:150} INFO - [2023-09-04T12:52:12.381+0000] {dagbag.py:541} INFO - Filling up the DagBag from /opt/airflow/dags/new_my_dag.py
[2023-09-04T12:52:12.471+0000] {processor.py:836} INFO - DAG(s) dict_keys(['new_my_dag']) retrieved from /opt/airflow/dags/new_my_dag.py
[2023-09-04T12:52:12.552+0000] {logging_mixin.py:150} INFO - [2023-09-04T12:52:12.551+0000] {dag.py:2742} INFO - Sync 1 DAGs
[2023-09-04T12:52:12.612+0000] {logging_mixin.py:150} INFO - [2023-09-04T12:52:12.611+0000] {dag.py:3508} INFO - Setting next_dagrun for new_my_dag to 2023-09-03T00:00:00+00:00, run_after=2023-09-04T00:00:00+00:00
[2023-09-04T12:52:12.654+0000] {processor.py:179} INFO - Processing /opt/airflow/dags/new_my_dag.py took 0.319 seconds
[2023-09-04T12:52:43.300+0000] {processor.py:157} INFO - Started process (PID=218) to work on /opt/airflow/dags/new_my_dag.py
[2023-09-04T12:52:43.304+0000] {processor.py:826} INFO - Processing file /opt/airflow/dags/new_my_dag.py for tasks to queue
[2023-09-04T12:52:43.308+0000] {logging_mixin.py:150} INFO - [2023-09-04T12:52:43.307+0000] {dagbag.py:541} INFO - Filling up the DagBag from /opt/airflow/dags/new_my_dag.py
[2023-09-04T12:52:43.466+0000] {processor.py:836} INFO - DAG(s) dict_keys(['new_my_dag']) retrieved from /opt/airflow/dags/new_my_dag.py
[2023-09-04T12:52:43.591+0000] {logging_mixin.py:150} INFO - [2023-09-04T12:52:43.591+0000] {dag.py:2742} INFO - Sync 1 DAGs
[2023-09-04T12:52:43.828+0000] {logging_mixin.py:150} INFO - [2023-09-04T12:52:43.828+0000] {dag.py:3508} INFO - Setting next_dagrun for new_my_dag to 2023-09-03T00:00:00+00:00, run_after=2023-09-04T00:00:00+00:00
[2023-09-04T12:52:43.992+0000] {processor.py:179} INFO - Processing /opt/airflow/dags/new_my_dag.py took 0.709 seconds
[2023-09-04T12:53:14.262+0000] {processor.py:157} INFO - Started process (PID=278) to work on /opt/airflow/dags/new_my_dag.py
[2023-09-04T12:53:14.265+0000] {processor.py:826} INFO - Processing file /opt/airflow/dags/new_my_dag.py for tasks to queue
[2023-09-04T12:53:14.267+0000] {logging_mixin.py:150} INFO - [2023-09-04T12:53:14.267+0000] {dagbag.py:541} INFO - Filling up the DagBag from /opt/airflow/dags/new_my_dag.py
[2023-09-04T12:53:14.373+0000] {processor.py:836} INFO - DAG(s) dict_keys(['new_my_dag']) retrieved from /opt/airflow/dags/new_my_dag.py
[2023-09-04T12:53:14.458+0000] {logging_mixin.py:150} INFO - [2023-09-04T12:53:14.457+0000] {dag.py:2742} INFO - Sync 1 DAGs
[2023-09-04T12:53:14.551+0000] {logging_mixin.py:150} INFO - [2023-09-04T12:53:14.551+0000] {dag.py:3508} INFO - Setting next_dagrun for new_my_dag to 2023-09-03T00:00:00+00:00, run_after=2023-09-04T00:00:00+00:00
[2023-09-04T12:53:14.635+0000] {processor.py:179} INFO - Processing /opt/airflow/dags/new_my_dag.py took 0.386 seconds
[2023-09-04T12:53:45.263+0000] {processor.py:157} INFO - Started process (PID=337) to work on /opt/airflow/dags/new_my_dag.py
[2023-09-04T12:53:45.267+0000] {processor.py:826} INFO - Processing file /opt/airflow/dags/new_my_dag.py for tasks to queue
[2023-09-04T12:53:45.270+0000] {logging_mixin.py:150} INFO - [2023-09-04T12:53:45.270+0000] {dagbag.py:541} INFO - Filling up the DagBag from /opt/airflow/dags/new_my_dag.py
[2023-09-04T12:53:45.383+0000] {processor.py:836} INFO - DAG(s) dict_keys(['new_my_dag']) retrieved from /opt/airflow/dags/new_my_dag.py
[2023-09-04T12:53:45.478+0000] {logging_mixin.py:150} INFO - [2023-09-04T12:53:45.478+0000] {dag.py:2742} INFO - Sync 1 DAGs
[2023-09-04T12:53:45.623+0000] {logging_mixin.py:150} INFO - [2023-09-04T12:53:45.622+0000] {dag.py:3508} INFO - Setting next_dagrun for new_my_dag to 2023-09-03T00:00:00+00:00, run_after=2023-09-04T00:00:00+00:00
[2023-09-04T12:53:45.702+0000] {processor.py:179} INFO - Processing /opt/airflow/dags/new_my_dag.py took 0.457 seconds
[2023-09-04T12:54:16.743+0000] {processor.py:157} INFO - Started process (PID=395) to work on /opt/airflow/dags/new_my_dag.py
[2023-09-04T12:54:16.748+0000] {processor.py:826} INFO - Processing file /opt/airflow/dags/new_my_dag.py for tasks to queue
[2023-09-04T12:54:16.750+0000] {logging_mixin.py:150} INFO - [2023-09-04T12:54:16.750+0000] {dagbag.py:541} INFO - Filling up the DagBag from /opt/airflow/dags/new_my_dag.py
[2023-09-04T12:54:16.973+0000] {processor.py:836} INFO - DAG(s) dict_keys(['new_my_dag']) retrieved from /opt/airflow/dags/new_my_dag.py
[2023-09-04T12:54:17.054+0000] {logging_mixin.py:150} INFO - [2023-09-04T12:54:17.053+0000] {dag.py:2742} INFO - Sync 1 DAGs
[2023-09-04T12:54:17.119+0000] {logging_mixin.py:150} INFO - [2023-09-04T12:54:17.119+0000] {dag.py:3508} INFO - Setting next_dagrun for new_my_dag to 2023-09-03T00:00:00+00:00, run_after=2023-09-04T00:00:00+00:00
[2023-09-04T12:54:17.165+0000] {processor.py:179} INFO - Processing /opt/airflow/dags/new_my_dag.py took 0.433 seconds
[2023-09-04T12:54:47.733+0000] {processor.py:157} INFO - Started process (PID=454) to work on /opt/airflow/dags/new_my_dag.py
[2023-09-04T12:54:47.735+0000] {processor.py:826} INFO - Processing file /opt/airflow/dags/new_my_dag.py for tasks to queue
[2023-09-04T12:54:47.739+0000] {logging_mixin.py:150} INFO - [2023-09-04T12:54:47.738+0000] {dagbag.py:541} INFO - Filling up the DagBag from /opt/airflow/dags/new_my_dag.py
[2023-09-04T12:54:47.808+0000] {processor.py:836} INFO - DAG(s) dict_keys(['new_my_dag']) retrieved from /opt/airflow/dags/new_my_dag.py
[2023-09-04T12:54:47.875+0000] {logging_mixin.py:150} INFO - [2023-09-04T12:54:47.874+0000] {dag.py:2742} INFO - Sync 1 DAGs
[2023-09-04T12:54:48.034+0000] {logging_mixin.py:150} INFO - [2023-09-04T12:54:48.034+0000] {dag.py:3508} INFO - Setting next_dagrun for new_my_dag to 2023-09-03T00:00:00+00:00, run_after=2023-09-04T00:00:00+00:00
[2023-09-04T12:54:48.122+0000] {processor.py:179} INFO - Processing /opt/airflow/dags/new_my_dag.py took 0.397 seconds
[2023-09-04T12:55:18.284+0000] {processor.py:157} INFO - Started process (PID=513) to work on /opt/airflow/dags/new_my_dag.py
[2023-09-04T12:55:18.286+0000] {processor.py:826} INFO - Processing file /opt/airflow/dags/new_my_dag.py for tasks to queue
[2023-09-04T12:55:18.287+0000] {logging_mixin.py:150} INFO - [2023-09-04T12:55:18.287+0000] {dagbag.py:541} INFO - Filling up the DagBag from /opt/airflow/dags/new_my_dag.py
[2023-09-04T12:55:18.351+0000] {processor.py:836} INFO - DAG(s) dict_keys(['new_my_dag']) retrieved from /opt/airflow/dags/new_my_dag.py
[2023-09-04T12:55:18.411+0000] {logging_mixin.py:150} INFO - [2023-09-04T12:55:18.410+0000] {dag.py:2742} INFO - Sync 1 DAGs
[2023-09-04T12:55:18.474+0000] {logging_mixin.py:150} INFO - [2023-09-04T12:55:18.474+0000] {dag.py:3508} INFO - Setting next_dagrun for new_my_dag to 2023-09-03T00:00:00+00:00, run_after=2023-09-04T00:00:00+00:00
[2023-09-04T12:55:18.521+0000] {processor.py:179} INFO - Processing /opt/airflow/dags/new_my_dag.py took 0.243 seconds
[2023-09-04T12:55:49.480+0000] {processor.py:157} INFO - Started process (PID=573) to work on /opt/airflow/dags/new_my_dag.py
[2023-09-04T12:55:49.483+0000] {processor.py:826} INFO - Processing file /opt/airflow/dags/new_my_dag.py for tasks to queue
[2023-09-04T12:55:49.489+0000] {logging_mixin.py:150} INFO - [2023-09-04T12:55:49.489+0000] {dagbag.py:541} INFO - Filling up the DagBag from /opt/airflow/dags/new_my_dag.py
[2023-09-04T12:55:49.579+0000] {processor.py:836} INFO - DAG(s) dict_keys(['new_my_dag']) retrieved from /opt/airflow/dags/new_my_dag.py
[2023-09-04T12:55:49.655+0000] {logging_mixin.py:150} INFO - [2023-09-04T12:55:49.655+0000] {dag.py:2742} INFO - Sync 1 DAGs
[2023-09-04T12:55:49.726+0000] {logging_mixin.py:150} INFO - [2023-09-04T12:55:49.726+0000] {dag.py:3508} INFO - Setting next_dagrun for new_my_dag to 2023-09-03T00:00:00+00:00, run_after=2023-09-04T00:00:00+00:00
[2023-09-04T12:55:49.779+0000] {processor.py:179} INFO - Processing /opt/airflow/dags/new_my_dag.py took 0.310 seconds
[2023-09-04T12:56:20.797+0000] {processor.py:157} INFO - Started process (PID=632) to work on /opt/airflow/dags/new_my_dag.py
[2023-09-04T12:56:20.799+0000] {processor.py:826} INFO - Processing file /opt/airflow/dags/new_my_dag.py for tasks to queue
[2023-09-04T12:56:20.802+0000] {logging_mixin.py:150} INFO - [2023-09-04T12:56:20.802+0000] {dagbag.py:541} INFO - Filling up the DagBag from /opt/airflow/dags/new_my_dag.py
[2023-09-04T12:56:20.877+0000] {processor.py:836} INFO - DAG(s) dict_keys(['new_my_dag']) retrieved from /opt/airflow/dags/new_my_dag.py
[2023-09-04T12:56:20.938+0000] {logging_mixin.py:150} INFO - [2023-09-04T12:56:20.938+0000] {dag.py:2742} INFO - Sync 1 DAGs
[2023-09-04T12:56:21.003+0000] {logging_mixin.py:150} INFO - [2023-09-04T12:56:21.003+0000] {dag.py:3508} INFO - Setting next_dagrun for new_my_dag to 2023-09-03T00:00:00+00:00, run_after=2023-09-04T00:00:00+00:00
[2023-09-04T12:56:21.047+0000] {processor.py:179} INFO - Processing /opt/airflow/dags/new_my_dag.py took 0.259 seconds
[2023-09-04T12:56:51.644+0000] {processor.py:157} INFO - Started process (PID=691) to work on /opt/airflow/dags/new_my_dag.py
[2023-09-04T12:56:51.647+0000] {processor.py:826} INFO - Processing file /opt/airflow/dags/new_my_dag.py for tasks to queue
[2023-09-04T12:56:51.652+0000] {logging_mixin.py:150} INFO - [2023-09-04T12:56:51.651+0000] {dagbag.py:541} INFO - Filling up the DagBag from /opt/airflow/dags/new_my_dag.py
[2023-09-04T12:56:51.727+0000] {processor.py:836} INFO - DAG(s) dict_keys(['new_my_dag']) retrieved from /opt/airflow/dags/new_my_dag.py
[2023-09-04T12:56:51.789+0000] {logging_mixin.py:150} INFO - [2023-09-04T12:56:51.789+0000] {dag.py:2742} INFO - Sync 1 DAGs
[2023-09-04T12:56:51.873+0000] {logging_mixin.py:150} INFO - [2023-09-04T12:56:51.873+0000] {dag.py:3508} INFO - Setting next_dagrun for new_my_dag to 2023-09-03T00:00:00+00:00, run_after=2023-09-04T00:00:00+00:00
[2023-09-04T12:56:51.925+0000] {processor.py:179} INFO - Processing /opt/airflow/dags/new_my_dag.py took 0.299 seconds
[2023-09-04T12:57:22.561+0000] {processor.py:157} INFO - Started process (PID=749) to work on /opt/airflow/dags/new_my_dag.py
[2023-09-04T12:57:22.564+0000] {processor.py:826} INFO - Processing file /opt/airflow/dags/new_my_dag.py for tasks to queue
[2023-09-04T12:57:22.567+0000] {logging_mixin.py:150} INFO - [2023-09-04T12:57:22.566+0000] {dagbag.py:541} INFO - Filling up the DagBag from /opt/airflow/dags/new_my_dag.py
[2023-09-04T12:57:22.634+0000] {processor.py:836} INFO - DAG(s) dict_keys(['new_my_dag']) retrieved from /opt/airflow/dags/new_my_dag.py
[2023-09-04T12:57:22.689+0000] {logging_mixin.py:150} INFO - [2023-09-04T12:57:22.689+0000] {dag.py:2742} INFO - Sync 1 DAGs
[2023-09-04T12:57:22.739+0000] {logging_mixin.py:150} INFO - [2023-09-04T12:57:22.739+0000] {dag.py:3508} INFO - Setting next_dagrun for new_my_dag to 2023-09-03T00:00:00+00:00, run_after=2023-09-04T00:00:00+00:00
[2023-09-04T12:57:22.785+0000] {processor.py:179} INFO - Processing /opt/airflow/dags/new_my_dag.py took 0.235 seconds
[2023-09-04T12:57:53.703+0000] {processor.py:157} INFO - Started process (PID=808) to work on /opt/airflow/dags/new_my_dag.py
[2023-09-04T12:57:53.707+0000] {processor.py:826} INFO - Processing file /opt/airflow/dags/new_my_dag.py for tasks to queue
[2023-09-04T12:57:53.710+0000] {logging_mixin.py:150} INFO - [2023-09-04T12:57:53.709+0000] {dagbag.py:541} INFO - Filling up the DagBag from /opt/airflow/dags/new_my_dag.py
[2023-09-04T12:57:53.780+0000] {processor.py:836} INFO - DAG(s) dict_keys(['new_my_dag']) retrieved from /opt/airflow/dags/new_my_dag.py
[2023-09-04T12:57:53.848+0000] {logging_mixin.py:150} INFO - [2023-09-04T12:57:53.848+0000] {dag.py:2742} INFO - Sync 1 DAGs
[2023-09-04T12:57:53.926+0000] {logging_mixin.py:150} INFO - [2023-09-04T12:57:53.925+0000] {dag.py:3508} INFO - Setting next_dagrun for new_my_dag to 2023-09-03T00:00:00+00:00, run_after=2023-09-04T00:00:00+00:00
[2023-09-04T12:57:53.964+0000] {processor.py:179} INFO - Processing /opt/airflow/dags/new_my_dag.py took 0.274 seconds
[2023-09-04T12:58:24.291+0000] {processor.py:157} INFO - Started process (PID=867) to work on /opt/airflow/dags/new_my_dag.py
[2023-09-04T12:58:24.295+0000] {processor.py:826} INFO - Processing file /opt/airflow/dags/new_my_dag.py for tasks to queue
[2023-09-04T12:58:24.298+0000] {logging_mixin.py:150} INFO - [2023-09-04T12:58:24.298+0000] {dagbag.py:541} INFO - Filling up the DagBag from /opt/airflow/dags/new_my_dag.py
[2023-09-04T12:58:24.369+0000] {processor.py:836} INFO - DAG(s) dict_keys(['new_my_dag']) retrieved from /opt/airflow/dags/new_my_dag.py
[2023-09-04T12:58:24.425+0000] {logging_mixin.py:150} INFO - [2023-09-04T12:58:24.424+0000] {dag.py:2742} INFO - Sync 1 DAGs
[2023-09-04T12:58:24.496+0000] {logging_mixin.py:150} INFO - [2023-09-04T12:58:24.496+0000] {dag.py:3508} INFO - Setting next_dagrun for new_my_dag to 2023-09-03T00:00:00+00:00, run_after=2023-09-04T00:00:00+00:00
[2023-09-04T12:58:24.546+0000] {processor.py:179} INFO - Processing /opt/airflow/dags/new_my_dag.py took 0.263 seconds
[2023-09-04T12:58:55.067+0000] {processor.py:157} INFO - Started process (PID=927) to work on /opt/airflow/dags/new_my_dag.py
[2023-09-04T12:58:55.069+0000] {processor.py:826} INFO - Processing file /opt/airflow/dags/new_my_dag.py for tasks to queue
[2023-09-04T12:58:55.073+0000] {logging_mixin.py:150} INFO - [2023-09-04T12:58:55.073+0000] {dagbag.py:541} INFO - Filling up the DagBag from /opt/airflow/dags/new_my_dag.py
[2023-09-04T12:58:55.179+0000] {processor.py:836} INFO - DAG(s) dict_keys(['new_my_dag']) retrieved from /opt/airflow/dags/new_my_dag.py
[2023-09-04T12:58:55.354+0000] {logging_mixin.py:150} INFO - [2023-09-04T12:58:55.354+0000] {dag.py:2742} INFO - Sync 1 DAGs
[2023-09-04T12:58:55.530+0000] {logging_mixin.py:150} INFO - [2023-09-04T12:58:55.530+0000] {dag.py:3508} INFO - Setting next_dagrun for new_my_dag to 2023-09-03T00:00:00+00:00, run_after=2023-09-04T00:00:00+00:00
[2023-09-04T12:58:55.835+0000] {processor.py:179} INFO - Processing /opt/airflow/dags/new_my_dag.py took 0.782 seconds
