[2023-09-04T12:39:44.497+0000] {processor.py:157} INFO - Started process (PID=99) to work on /home/airflow/.local/lib/python3.7/site-packages/airflow/example_dags/example_dag_decorator.py
[2023-09-04T12:39:44.500+0000] {processor.py:826} INFO - Processing file /home/airflow/.local/lib/python3.7/site-packages/airflow/example_dags/example_dag_decorator.py for tasks to queue
[2023-09-04T12:39:44.512+0000] {logging_mixin.py:150} INFO - [2023-09-04T12:39:44.511+0000] {dagbag.py:541} INFO - Filling up the DagBag from /home/airflow/.local/lib/python3.7/site-packages/airflow/example_dags/example_dag_decorator.py
[2023-09-04T12:39:44.976+0000] {processor.py:836} INFO - DAG(s) dict_keys(['example_dag_decorator']) retrieved from /home/airflow/.local/lib/python3.7/site-packages/airflow/example_dags/example_dag_decorator.py
[2023-09-04T12:39:45.433+0000] {logging_mixin.py:150} INFO - [2023-09-04T12:39:45.433+0000] {dag.py:2742} INFO - Sync 1 DAGs
[2023-09-04T12:39:45.559+0000] {logging_mixin.py:150} INFO - [2023-09-04T12:39:45.559+0000] {dag.py:3508} INFO - Setting next_dagrun for example_dag_decorator to None, run_after=None
[2023-09-04T12:39:45.671+0000] {processor.py:179} INFO - Processing /home/airflow/.local/lib/python3.7/site-packages/airflow/example_dags/example_dag_decorator.py took 1.192 seconds
[2023-09-04T12:40:17.063+0000] {processor.py:157} INFO - Started process (PID=158) to work on /home/airflow/.local/lib/python3.7/site-packages/airflow/example_dags/example_dag_decorator.py
[2023-09-04T12:40:17.065+0000] {processor.py:826} INFO - Processing file /home/airflow/.local/lib/python3.7/site-packages/airflow/example_dags/example_dag_decorator.py for tasks to queue
[2023-09-04T12:40:17.078+0000] {logging_mixin.py:150} INFO - [2023-09-04T12:40:17.076+0000] {dagbag.py:541} INFO - Filling up the DagBag from /home/airflow/.local/lib/python3.7/site-packages/airflow/example_dags/example_dag_decorator.py
[2023-09-04T12:40:17.165+0000] {processor.py:836} INFO - DAG(s) dict_keys(['example_dag_decorator']) retrieved from /home/airflow/.local/lib/python3.7/site-packages/airflow/example_dags/example_dag_decorator.py
[2023-09-04T12:40:18.236+0000] {logging_mixin.py:150} INFO - [2023-09-04T12:40:18.235+0000] {dag.py:2742} INFO - Sync 1 DAGs
[2023-09-04T12:40:18.479+0000] {logging_mixin.py:150} INFO - [2023-09-04T12:40:18.471+0000] {dag.py:3508} INFO - Setting next_dagrun for example_dag_decorator to None, run_after=None
[2023-09-04T12:40:18.634+0000] {processor.py:179} INFO - Processing /home/airflow/.local/lib/python3.7/site-packages/airflow/example_dags/example_dag_decorator.py took 1.580 seconds
[2023-09-04T12:41:00.275+0000] {processor.py:157} INFO - Started process (PID=229) to work on /home/airflow/.local/lib/python3.7/site-packages/airflow/example_dags/example_dag_decorator.py
[2023-09-04T12:41:00.291+0000] {processor.py:826} INFO - Processing file /home/airflow/.local/lib/python3.7/site-packages/airflow/example_dags/example_dag_decorator.py for tasks to queue
[2023-09-04T12:41:00.319+0000] {logging_mixin.py:150} INFO - [2023-09-04T12:41:00.318+0000] {dagbag.py:541} INFO - Filling up the DagBag from /home/airflow/.local/lib/python3.7/site-packages/airflow/example_dags/example_dag_decorator.py
[2023-09-04T12:41:00.479+0000] {processor.py:836} INFO - DAG(s) dict_keys(['example_dag_decorator']) retrieved from /home/airflow/.local/lib/python3.7/site-packages/airflow/example_dags/example_dag_decorator.py
[2023-09-04T12:41:01.727+0000] {logging_mixin.py:150} INFO - [2023-09-04T12:41:01.726+0000] {dag.py:2742} INFO - Sync 1 DAGs
[2023-09-04T12:41:01.946+0000] {logging_mixin.py:150} INFO - [2023-09-04T12:41:01.946+0000] {dag.py:3508} INFO - Setting next_dagrun for example_dag_decorator to None, run_after=None
[2023-09-04T12:41:02.111+0000] {processor.py:179} INFO - Processing /home/airflow/.local/lib/python3.7/site-packages/airflow/example_dags/example_dag_decorator.py took 1.844 seconds
[2023-09-04T12:41:33.672+0000] {processor.py:157} INFO - Started process (PID=288) to work on /home/airflow/.local/lib/python3.7/site-packages/airflow/example_dags/example_dag_decorator.py
[2023-09-04T12:41:33.695+0000] {processor.py:826} INFO - Processing file /home/airflow/.local/lib/python3.7/site-packages/airflow/example_dags/example_dag_decorator.py for tasks to queue
[2023-09-04T12:41:33.699+0000] {logging_mixin.py:150} INFO - [2023-09-04T12:41:33.698+0000] {dagbag.py:541} INFO - Filling up the DagBag from /home/airflow/.local/lib/python3.7/site-packages/airflow/example_dags/example_dag_decorator.py
[2023-09-04T12:41:33.791+0000] {processor.py:836} INFO - DAG(s) dict_keys(['example_dag_decorator']) retrieved from /home/airflow/.local/lib/python3.7/site-packages/airflow/example_dags/example_dag_decorator.py
[2023-09-04T12:41:34.909+0000] {logging_mixin.py:150} INFO - [2023-09-04T12:41:34.908+0000] {dag.py:2742} INFO - Sync 1 DAGs
[2023-09-04T12:41:35.182+0000] {logging_mixin.py:150} INFO - [2023-09-04T12:41:35.182+0000] {dag.py:3508} INFO - Setting next_dagrun for example_dag_decorator to None, run_after=None
[2023-09-04T12:41:35.481+0000] {processor.py:179} INFO - Processing /home/airflow/.local/lib/python3.7/site-packages/airflow/example_dags/example_dag_decorator.py took 1.816 seconds
[2023-09-04T12:42:30.271+0000] {processor.py:157} INFO - Started process (PID=367) to work on /home/airflow/.local/lib/python3.7/site-packages/airflow/example_dags/example_dag_decorator.py
[2023-09-04T12:42:30.293+0000] {processor.py:826} INFO - Processing file /home/airflow/.local/lib/python3.7/site-packages/airflow/example_dags/example_dag_decorator.py for tasks to queue
[2023-09-04T12:42:30.309+0000] {logging_mixin.py:150} INFO - [2023-09-04T12:42:30.309+0000] {dagbag.py:541} INFO - Filling up the DagBag from /home/airflow/.local/lib/python3.7/site-packages/airflow/example_dags/example_dag_decorator.py
[2023-09-04T12:42:30.421+0000] {processor.py:836} INFO - DAG(s) dict_keys(['example_dag_decorator']) retrieved from /home/airflow/.local/lib/python3.7/site-packages/airflow/example_dags/example_dag_decorator.py
[2023-09-04T12:42:31.438+0000] {logging_mixin.py:150} INFO - [2023-09-04T12:42:31.438+0000] {dag.py:2742} INFO - Sync 1 DAGs
[2023-09-04T12:42:31.627+0000] {logging_mixin.py:150} INFO - [2023-09-04T12:42:31.627+0000] {dag.py:3508} INFO - Setting next_dagrun for example_dag_decorator to None, run_after=None
[2023-09-04T12:42:31.799+0000] {processor.py:179} INFO - Processing /home/airflow/.local/lib/python3.7/site-packages/airflow/example_dags/example_dag_decorator.py took 1.611 seconds
[2023-09-04T12:43:05.168+0000] {processor.py:157} INFO - Started process (PID=427) to work on /home/airflow/.local/lib/python3.7/site-packages/airflow/example_dags/example_dag_decorator.py
[2023-09-04T12:43:05.179+0000] {processor.py:826} INFO - Processing file /home/airflow/.local/lib/python3.7/site-packages/airflow/example_dags/example_dag_decorator.py for tasks to queue
[2023-09-04T12:43:05.197+0000] {logging_mixin.py:150} INFO - [2023-09-04T12:43:05.196+0000] {dagbag.py:541} INFO - Filling up the DagBag from /home/airflow/.local/lib/python3.7/site-packages/airflow/example_dags/example_dag_decorator.py
[2023-09-04T12:43:05.294+0000] {processor.py:836} INFO - DAG(s) dict_keys(['example_dag_decorator']) retrieved from /home/airflow/.local/lib/python3.7/site-packages/airflow/example_dags/example_dag_decorator.py
[2023-09-04T12:43:06.445+0000] {logging_mixin.py:150} INFO - [2023-09-04T12:43:06.437+0000] {dag.py:2742} INFO - Sync 1 DAGs
[2023-09-04T12:43:06.682+0000] {logging_mixin.py:150} INFO - [2023-09-04T12:43:06.682+0000] {dag.py:3508} INFO - Setting next_dagrun for example_dag_decorator to None, run_after=None
[2023-09-04T12:43:06.837+0000] {processor.py:179} INFO - Processing /home/airflow/.local/lib/python3.7/site-packages/airflow/example_dags/example_dag_decorator.py took 1.687 seconds
[2023-09-04T12:43:38.754+0000] {processor.py:157} INFO - Started process (PID=486) to work on /home/airflow/.local/lib/python3.7/site-packages/airflow/example_dags/example_dag_decorator.py
[2023-09-04T12:43:38.766+0000] {processor.py:826} INFO - Processing file /home/airflow/.local/lib/python3.7/site-packages/airflow/example_dags/example_dag_decorator.py for tasks to queue
[2023-09-04T12:43:38.776+0000] {logging_mixin.py:150} INFO - [2023-09-04T12:43:38.775+0000] {dagbag.py:541} INFO - Filling up the DagBag from /home/airflow/.local/lib/python3.7/site-packages/airflow/example_dags/example_dag_decorator.py
[2023-09-04T12:43:38.903+0000] {processor.py:836} INFO - DAG(s) dict_keys(['example_dag_decorator']) retrieved from /home/airflow/.local/lib/python3.7/site-packages/airflow/example_dags/example_dag_decorator.py
[2023-09-04T12:43:40.035+0000] {logging_mixin.py:150} INFO - [2023-09-04T12:43:40.026+0000] {dag.py:2742} INFO - Sync 1 DAGs
[2023-09-04T12:43:40.373+0000] {logging_mixin.py:150} INFO - [2023-09-04T12:43:40.372+0000] {dag.py:3508} INFO - Setting next_dagrun for example_dag_decorator to None, run_after=None
[2023-09-04T12:43:40.654+0000] {processor.py:179} INFO - Processing /home/airflow/.local/lib/python3.7/site-packages/airflow/example_dags/example_dag_decorator.py took 1.908 seconds
[2023-09-04T12:44:15.068+0000] {processor.py:157} INFO - Started process (PID=544) to work on /home/airflow/.local/lib/python3.7/site-packages/airflow/example_dags/example_dag_decorator.py
[2023-09-04T12:44:15.095+0000] {processor.py:826} INFO - Processing file /home/airflow/.local/lib/python3.7/site-packages/airflow/example_dags/example_dag_decorator.py for tasks to queue
[2023-09-04T12:44:15.100+0000] {logging_mixin.py:150} INFO - [2023-09-04T12:44:15.099+0000] {dagbag.py:541} INFO - Filling up the DagBag from /home/airflow/.local/lib/python3.7/site-packages/airflow/example_dags/example_dag_decorator.py
[2023-09-04T12:44:15.183+0000] {processor.py:836} INFO - DAG(s) dict_keys(['example_dag_decorator']) retrieved from /home/airflow/.local/lib/python3.7/site-packages/airflow/example_dags/example_dag_decorator.py
[2023-09-04T12:44:16.156+0000] {logging_mixin.py:150} INFO - [2023-09-04T12:44:16.156+0000] {dag.py:2742} INFO - Sync 1 DAGs
[2023-09-04T12:44:16.309+0000] {logging_mixin.py:150} INFO - [2023-09-04T12:44:16.309+0000] {dag.py:3508} INFO - Setting next_dagrun for example_dag_decorator to None, run_after=None
[2023-09-04T12:44:16.457+0000] {processor.py:179} INFO - Processing /home/airflow/.local/lib/python3.7/site-packages/airflow/example_dags/example_dag_decorator.py took 1.408 seconds
[2023-09-04T12:44:56.622+0000] {processor.py:157} INFO - Started process (PID=606) to work on /home/airflow/.local/lib/python3.7/site-packages/airflow/example_dags/example_dag_decorator.py
[2023-09-04T12:44:56.636+0000] {processor.py:826} INFO - Processing file /home/airflow/.local/lib/python3.7/site-packages/airflow/example_dags/example_dag_decorator.py for tasks to queue
[2023-09-04T12:44:56.666+0000] {logging_mixin.py:150} INFO - [2023-09-04T12:44:56.666+0000] {dagbag.py:541} INFO - Filling up the DagBag from /home/airflow/.local/lib/python3.7/site-packages/airflow/example_dags/example_dag_decorator.py
[2023-09-04T12:44:56.819+0000] {processor.py:836} INFO - DAG(s) dict_keys(['example_dag_decorator']) retrieved from /home/airflow/.local/lib/python3.7/site-packages/airflow/example_dags/example_dag_decorator.py
[2023-09-04T12:44:59.485+0000] {logging_mixin.py:150} INFO - [2023-09-04T12:44:59.482+0000] {dag.py:2742} INFO - Sync 1 DAGs
[2023-09-04T12:44:59.729+0000] {logging_mixin.py:150} INFO - [2023-09-04T12:44:59.729+0000] {dag.py:3508} INFO - Setting next_dagrun for example_dag_decorator to None, run_after=None
[2023-09-04T12:45:00.062+0000] {processor.py:179} INFO - Processing /home/airflow/.local/lib/python3.7/site-packages/airflow/example_dags/example_dag_decorator.py took 3.461 seconds
[2023-09-04T12:45:30.402+0000] {processor.py:157} INFO - Started process (PID=674) to work on /home/airflow/.local/lib/python3.7/site-packages/airflow/example_dags/example_dag_decorator.py
[2023-09-04T12:45:30.405+0000] {processor.py:826} INFO - Processing file /home/airflow/.local/lib/python3.7/site-packages/airflow/example_dags/example_dag_decorator.py for tasks to queue
[2023-09-04T12:45:30.418+0000] {logging_mixin.py:150} INFO - [2023-09-04T12:45:30.417+0000] {dagbag.py:541} INFO - Filling up the DagBag from /home/airflow/.local/lib/python3.7/site-packages/airflow/example_dags/example_dag_decorator.py
[2023-09-04T12:45:30.450+0000] {processor.py:836} INFO - DAG(s) dict_keys(['example_dag_decorator']) retrieved from /home/airflow/.local/lib/python3.7/site-packages/airflow/example_dags/example_dag_decorator.py
[2023-09-04T12:45:31.041+0000] {logging_mixin.py:150} INFO - [2023-09-04T12:45:31.040+0000] {dag.py:2742} INFO - Sync 1 DAGs
[2023-09-04T12:45:31.113+0000] {logging_mixin.py:150} INFO - [2023-09-04T12:45:31.112+0000] {dag.py:3508} INFO - Setting next_dagrun for example_dag_decorator to None, run_after=None
[2023-09-04T12:45:36.087+0000] {processor.py:179} INFO - Processing /home/airflow/.local/lib/python3.7/site-packages/airflow/example_dags/example_dag_decorator.py took 5.703 seconds
[2023-09-04T12:46:07.296+0000] {processor.py:157} INFO - Started process (PID=739) to work on /home/airflow/.local/lib/python3.7/site-packages/airflow/example_dags/example_dag_decorator.py
[2023-09-04T12:46:07.299+0000] {processor.py:826} INFO - Processing file /home/airflow/.local/lib/python3.7/site-packages/airflow/example_dags/example_dag_decorator.py for tasks to queue
[2023-09-04T12:46:07.303+0000] {logging_mixin.py:150} INFO - [2023-09-04T12:46:07.302+0000] {dagbag.py:541} INFO - Filling up the DagBag from /home/airflow/.local/lib/python3.7/site-packages/airflow/example_dags/example_dag_decorator.py
[2023-09-04T12:46:07.341+0000] {processor.py:836} INFO - DAG(s) dict_keys(['example_dag_decorator']) retrieved from /home/airflow/.local/lib/python3.7/site-packages/airflow/example_dags/example_dag_decorator.py
[2023-09-04T12:46:07.643+0000] {logging_mixin.py:150} INFO - [2023-09-04T12:46:07.643+0000] {dag.py:2742} INFO - Sync 1 DAGs
[2023-09-04T12:46:07.688+0000] {logging_mixin.py:150} INFO - [2023-09-04T12:46:07.687+0000] {dag.py:3508} INFO - Setting next_dagrun for example_dag_decorator to None, run_after=None
[2023-09-04T12:46:07.735+0000] {processor.py:179} INFO - Processing /home/airflow/.local/lib/python3.7/site-packages/airflow/example_dags/example_dag_decorator.py took 0.451 seconds
[2023-09-04T12:46:37.862+0000] {processor.py:157} INFO - Started process (PID=798) to work on /home/airflow/.local/lib/python3.7/site-packages/airflow/example_dags/example_dag_decorator.py
[2023-09-04T12:46:37.865+0000] {processor.py:826} INFO - Processing file /home/airflow/.local/lib/python3.7/site-packages/airflow/example_dags/example_dag_decorator.py for tasks to queue
[2023-09-04T12:46:37.871+0000] {logging_mixin.py:150} INFO - [2023-09-04T12:46:37.870+0000] {dagbag.py:541} INFO - Filling up the DagBag from /home/airflow/.local/lib/python3.7/site-packages/airflow/example_dags/example_dag_decorator.py
[2023-09-04T12:46:37.897+0000] {processor.py:836} INFO - DAG(s) dict_keys(['example_dag_decorator']) retrieved from /home/airflow/.local/lib/python3.7/site-packages/airflow/example_dags/example_dag_decorator.py
[2023-09-04T12:46:38.281+0000] {logging_mixin.py:150} INFO - [2023-09-04T12:46:38.281+0000] {dag.py:2742} INFO - Sync 1 DAGs
[2023-09-04T12:46:38.340+0000] {logging_mixin.py:150} INFO - [2023-09-04T12:46:38.339+0000] {dag.py:3508} INFO - Setting next_dagrun for example_dag_decorator to None, run_after=None
[2023-09-04T12:46:38.401+0000] {processor.py:179} INFO - Processing /home/airflow/.local/lib/python3.7/site-packages/airflow/example_dags/example_dag_decorator.py took 0.546 seconds
[2023-09-04T12:47:08.495+0000] {processor.py:157} INFO - Started process (PID=857) to work on /home/airflow/.local/lib/python3.7/site-packages/airflow/example_dags/example_dag_decorator.py
[2023-09-04T12:47:08.498+0000] {processor.py:826} INFO - Processing file /home/airflow/.local/lib/python3.7/site-packages/airflow/example_dags/example_dag_decorator.py for tasks to queue
[2023-09-04T12:47:08.501+0000] {logging_mixin.py:150} INFO - [2023-09-04T12:47:08.499+0000] {dagbag.py:541} INFO - Filling up the DagBag from /home/airflow/.local/lib/python3.7/site-packages/airflow/example_dags/example_dag_decorator.py
[2023-09-04T12:47:08.535+0000] {processor.py:836} INFO - DAG(s) dict_keys(['example_dag_decorator']) retrieved from /home/airflow/.local/lib/python3.7/site-packages/airflow/example_dags/example_dag_decorator.py
[2023-09-04T12:47:08.928+0000] {logging_mixin.py:150} INFO - [2023-09-04T12:47:08.928+0000] {dag.py:2742} INFO - Sync 1 DAGs
[2023-09-04T12:47:08.972+0000] {logging_mixin.py:150} INFO - [2023-09-04T12:47:08.971+0000] {dag.py:3508} INFO - Setting next_dagrun for example_dag_decorator to None, run_after=None
[2023-09-04T12:47:09.016+0000] {processor.py:179} INFO - Processing /home/airflow/.local/lib/python3.7/site-packages/airflow/example_dags/example_dag_decorator.py took 0.529 seconds
[2023-09-04T12:47:39.145+0000] {processor.py:157} INFO - Started process (PID=917) to work on /home/airflow/.local/lib/python3.7/site-packages/airflow/example_dags/example_dag_decorator.py
[2023-09-04T12:47:39.147+0000] {processor.py:826} INFO - Processing file /home/airflow/.local/lib/python3.7/site-packages/airflow/example_dags/example_dag_decorator.py for tasks to queue
[2023-09-04T12:47:39.149+0000] {logging_mixin.py:150} INFO - [2023-09-04T12:47:39.149+0000] {dagbag.py:541} INFO - Filling up the DagBag from /home/airflow/.local/lib/python3.7/site-packages/airflow/example_dags/example_dag_decorator.py
[2023-09-04T12:47:39.194+0000] {processor.py:836} INFO - DAG(s) dict_keys(['example_dag_decorator']) retrieved from /home/airflow/.local/lib/python3.7/site-packages/airflow/example_dags/example_dag_decorator.py
[2023-09-04T12:47:39.537+0000] {logging_mixin.py:150} INFO - [2023-09-04T12:47:39.537+0000] {dag.py:2742} INFO - Sync 1 DAGs
[2023-09-04T12:47:39.631+0000] {logging_mixin.py:150} INFO - [2023-09-04T12:47:39.630+0000] {dag.py:3508} INFO - Setting next_dagrun for example_dag_decorator to None, run_after=None
[2023-09-04T12:47:39.707+0000] {processor.py:179} INFO - Processing /home/airflow/.local/lib/python3.7/site-packages/airflow/example_dags/example_dag_decorator.py took 0.567 seconds
[2023-09-04T12:48:10.052+0000] {processor.py:157} INFO - Started process (PID=977) to work on /home/airflow/.local/lib/python3.7/site-packages/airflow/example_dags/example_dag_decorator.py
[2023-09-04T12:48:10.055+0000] {processor.py:826} INFO - Processing file /home/airflow/.local/lib/python3.7/site-packages/airflow/example_dags/example_dag_decorator.py for tasks to queue
[2023-09-04T12:48:10.057+0000] {logging_mixin.py:150} INFO - [2023-09-04T12:48:10.057+0000] {dagbag.py:541} INFO - Filling up the DagBag from /home/airflow/.local/lib/python3.7/site-packages/airflow/example_dags/example_dag_decorator.py
[2023-09-04T12:48:10.088+0000] {processor.py:836} INFO - DAG(s) dict_keys(['example_dag_decorator']) retrieved from /home/airflow/.local/lib/python3.7/site-packages/airflow/example_dags/example_dag_decorator.py
[2023-09-04T12:48:10.375+0000] {logging_mixin.py:150} INFO - [2023-09-04T12:48:10.374+0000] {dag.py:2742} INFO - Sync 1 DAGs
[2023-09-04T12:48:10.428+0000] {logging_mixin.py:150} INFO - [2023-09-04T12:48:10.428+0000] {dag.py:3508} INFO - Setting next_dagrun for example_dag_decorator to None, run_after=None
[2023-09-04T12:48:10.477+0000] {processor.py:179} INFO - Processing /home/airflow/.local/lib/python3.7/site-packages/airflow/example_dags/example_dag_decorator.py took 0.432 seconds
[2023-09-04T12:48:41.138+0000] {processor.py:157} INFO - Started process (PID=1037) to work on /home/airflow/.local/lib/python3.7/site-packages/airflow/example_dags/example_dag_decorator.py
[2023-09-04T12:48:41.141+0000] {processor.py:826} INFO - Processing file /home/airflow/.local/lib/python3.7/site-packages/airflow/example_dags/example_dag_decorator.py for tasks to queue
[2023-09-04T12:48:41.143+0000] {logging_mixin.py:150} INFO - [2023-09-04T12:48:41.142+0000] {dagbag.py:541} INFO - Filling up the DagBag from /home/airflow/.local/lib/python3.7/site-packages/airflow/example_dags/example_dag_decorator.py
[2023-09-04T12:48:41.185+0000] {processor.py:836} INFO - DAG(s) dict_keys(['example_dag_decorator']) retrieved from /home/airflow/.local/lib/python3.7/site-packages/airflow/example_dags/example_dag_decorator.py
[2023-09-04T12:48:41.458+0000] {logging_mixin.py:150} INFO - [2023-09-04T12:48:41.458+0000] {dag.py:2742} INFO - Sync 1 DAGs
[2023-09-04T12:48:41.528+0000] {logging_mixin.py:150} INFO - [2023-09-04T12:48:41.527+0000] {dag.py:3508} INFO - Setting next_dagrun for example_dag_decorator to None, run_after=None
[2023-09-04T12:48:41.599+0000] {processor.py:179} INFO - Processing /home/airflow/.local/lib/python3.7/site-packages/airflow/example_dags/example_dag_decorator.py took 0.466 seconds
[2023-09-04T12:49:11.752+0000] {processor.py:157} INFO - Started process (PID=1096) to work on /home/airflow/.local/lib/python3.7/site-packages/airflow/example_dags/example_dag_decorator.py
[2023-09-04T12:49:11.755+0000] {processor.py:826} INFO - Processing file /home/airflow/.local/lib/python3.7/site-packages/airflow/example_dags/example_dag_decorator.py for tasks to queue
[2023-09-04T12:49:11.758+0000] {logging_mixin.py:150} INFO - [2023-09-04T12:49:11.757+0000] {dagbag.py:541} INFO - Filling up the DagBag from /home/airflow/.local/lib/python3.7/site-packages/airflow/example_dags/example_dag_decorator.py
[2023-09-04T12:49:11.786+0000] {processor.py:836} INFO - DAG(s) dict_keys(['example_dag_decorator']) retrieved from /home/airflow/.local/lib/python3.7/site-packages/airflow/example_dags/example_dag_decorator.py
[2023-09-04T12:49:12.074+0000] {logging_mixin.py:150} INFO - [2023-09-04T12:49:12.074+0000] {dag.py:2742} INFO - Sync 1 DAGs
[2023-09-04T12:49:12.128+0000] {logging_mixin.py:150} INFO - [2023-09-04T12:49:12.127+0000] {dag.py:3508} INFO - Setting next_dagrun for example_dag_decorator to None, run_after=None
[2023-09-04T12:49:12.176+0000] {processor.py:179} INFO - Processing /home/airflow/.local/lib/python3.7/site-packages/airflow/example_dags/example_dag_decorator.py took 0.430 seconds
[2023-09-04T12:51:30.952+0000] {processor.py:157} INFO - Started process (PID=83) to work on /home/airflow/.local/lib/python3.7/site-packages/airflow/example_dags/example_dag_decorator.py
[2023-09-04T12:51:30.955+0000] {processor.py:826} INFO - Processing file /home/airflow/.local/lib/python3.7/site-packages/airflow/example_dags/example_dag_decorator.py for tasks to queue
[2023-09-04T12:51:30.958+0000] {logging_mixin.py:150} INFO - [2023-09-04T12:51:30.957+0000] {dagbag.py:541} INFO - Filling up the DagBag from /home/airflow/.local/lib/python3.7/site-packages/airflow/example_dags/example_dag_decorator.py
[2023-09-04T12:51:31.000+0000] {processor.py:836} INFO - DAG(s) dict_keys(['example_dag_decorator']) retrieved from /home/airflow/.local/lib/python3.7/site-packages/airflow/example_dags/example_dag_decorator.py
[2023-09-04T12:51:31.031+0000] {logging_mixin.py:150} INFO - [2023-09-04T12:51:31.031+0000] {dag.py:2742} INFO - Sync 1 DAGs
[2023-09-04T12:51:31.105+0000] {logging_mixin.py:150} INFO - [2023-09-04T12:51:31.105+0000] {dag.py:3508} INFO - Setting next_dagrun for example_dag_decorator to None, run_after=None
[2023-09-04T12:51:31.159+0000] {processor.py:179} INFO - Processing /home/airflow/.local/lib/python3.7/site-packages/airflow/example_dags/example_dag_decorator.py took 0.215 seconds
[2023-09-04T12:52:02.229+0000] {processor.py:157} INFO - Started process (PID=142) to work on /home/airflow/.local/lib/python3.7/site-packages/airflow/example_dags/example_dag_decorator.py
[2023-09-04T12:52:02.232+0000] {processor.py:826} INFO - Processing file /home/airflow/.local/lib/python3.7/site-packages/airflow/example_dags/example_dag_decorator.py for tasks to queue
[2023-09-04T12:52:02.235+0000] {logging_mixin.py:150} INFO - [2023-09-04T12:52:02.234+0000] {dagbag.py:541} INFO - Filling up the DagBag from /home/airflow/.local/lib/python3.7/site-packages/airflow/example_dags/example_dag_decorator.py
[2023-09-04T12:52:02.275+0000] {processor.py:836} INFO - DAG(s) dict_keys(['example_dag_decorator']) retrieved from /home/airflow/.local/lib/python3.7/site-packages/airflow/example_dags/example_dag_decorator.py
[2023-09-04T12:52:02.649+0000] {logging_mixin.py:150} INFO - [2023-09-04T12:52:02.649+0000] {dag.py:2742} INFO - Sync 1 DAGs
[2023-09-04T12:52:02.701+0000] {logging_mixin.py:150} INFO - [2023-09-04T12:52:02.701+0000] {dag.py:3508} INFO - Setting next_dagrun for example_dag_decorator to None, run_after=None
[2023-09-04T12:52:02.772+0000] {processor.py:179} INFO - Processing /home/airflow/.local/lib/python3.7/site-packages/airflow/example_dags/example_dag_decorator.py took 0.550 seconds
[2023-09-04T12:52:34.370+0000] {processor.py:157} INFO - Started process (PID=203) to work on /home/airflow/.local/lib/python3.7/site-packages/airflow/example_dags/example_dag_decorator.py
[2023-09-04T12:52:34.372+0000] {processor.py:826} INFO - Processing file /home/airflow/.local/lib/python3.7/site-packages/airflow/example_dags/example_dag_decorator.py for tasks to queue
[2023-09-04T12:52:34.374+0000] {logging_mixin.py:150} INFO - [2023-09-04T12:52:34.374+0000] {dagbag.py:541} INFO - Filling up the DagBag from /home/airflow/.local/lib/python3.7/site-packages/airflow/example_dags/example_dag_decorator.py
[2023-09-04T12:52:34.405+0000] {processor.py:836} INFO - DAG(s) dict_keys(['example_dag_decorator']) retrieved from /home/airflow/.local/lib/python3.7/site-packages/airflow/example_dags/example_dag_decorator.py
[2023-09-04T12:52:34.751+0000] {logging_mixin.py:150} INFO - [2023-09-04T12:52:34.751+0000] {dag.py:2742} INFO - Sync 1 DAGs
[2023-09-04T12:52:34.823+0000] {logging_mixin.py:150} INFO - [2023-09-04T12:52:34.823+0000] {dag.py:3508} INFO - Setting next_dagrun for example_dag_decorator to None, run_after=None
[2023-09-04T12:52:34.871+0000] {processor.py:179} INFO - Processing /home/airflow/.local/lib/python3.7/site-packages/airflow/example_dags/example_dag_decorator.py took 0.506 seconds
[2023-09-04T12:53:05.050+0000] {processor.py:157} INFO - Started process (PID=260) to work on /home/airflow/.local/lib/python3.7/site-packages/airflow/example_dags/example_dag_decorator.py
[2023-09-04T12:53:05.052+0000] {processor.py:826} INFO - Processing file /home/airflow/.local/lib/python3.7/site-packages/airflow/example_dags/example_dag_decorator.py for tasks to queue
[2023-09-04T12:53:05.055+0000] {logging_mixin.py:150} INFO - [2023-09-04T12:53:05.054+0000] {dagbag.py:541} INFO - Filling up the DagBag from /home/airflow/.local/lib/python3.7/site-packages/airflow/example_dags/example_dag_decorator.py
[2023-09-04T12:53:05.099+0000] {processor.py:836} INFO - DAG(s) dict_keys(['example_dag_decorator']) retrieved from /home/airflow/.local/lib/python3.7/site-packages/airflow/example_dags/example_dag_decorator.py
[2023-09-04T12:53:05.595+0000] {logging_mixin.py:150} INFO - [2023-09-04T12:53:05.595+0000] {dag.py:2742} INFO - Sync 1 DAGs
[2023-09-04T12:53:05.695+0000] {logging_mixin.py:150} INFO - [2023-09-04T12:53:05.695+0000] {dag.py:3508} INFO - Setting next_dagrun for example_dag_decorator to None, run_after=None
[2023-09-04T12:53:05.827+0000] {processor.py:179} INFO - Processing /home/airflow/.local/lib/python3.7/site-packages/airflow/example_dags/example_dag_decorator.py took 0.787 seconds
[2023-09-04T12:53:36.331+0000] {processor.py:157} INFO - Started process (PID=320) to work on /home/airflow/.local/lib/python3.7/site-packages/airflow/example_dags/example_dag_decorator.py
[2023-09-04T12:53:36.333+0000] {processor.py:826} INFO - Processing file /home/airflow/.local/lib/python3.7/site-packages/airflow/example_dags/example_dag_decorator.py for tasks to queue
[2023-09-04T12:53:36.335+0000] {logging_mixin.py:150} INFO - [2023-09-04T12:53:36.334+0000] {dagbag.py:541} INFO - Filling up the DagBag from /home/airflow/.local/lib/python3.7/site-packages/airflow/example_dags/example_dag_decorator.py
[2023-09-04T12:53:36.365+0000] {processor.py:836} INFO - DAG(s) dict_keys(['example_dag_decorator']) retrieved from /home/airflow/.local/lib/python3.7/site-packages/airflow/example_dags/example_dag_decorator.py
[2023-09-04T12:53:36.661+0000] {logging_mixin.py:150} INFO - [2023-09-04T12:53:36.661+0000] {dag.py:2742} INFO - Sync 1 DAGs
[2023-09-04T12:53:36.731+0000] {logging_mixin.py:150} INFO - [2023-09-04T12:53:36.730+0000] {dag.py:3508} INFO - Setting next_dagrun for example_dag_decorator to None, run_after=None
[2023-09-04T12:53:36.790+0000] {processor.py:179} INFO - Processing /home/airflow/.local/lib/python3.7/site-packages/airflow/example_dags/example_dag_decorator.py took 0.467 seconds
[2023-09-04T12:54:07.676+0000] {processor.py:157} INFO - Started process (PID=380) to work on /home/airflow/.local/lib/python3.7/site-packages/airflow/example_dags/example_dag_decorator.py
[2023-09-04T12:54:07.679+0000] {processor.py:826} INFO - Processing file /home/airflow/.local/lib/python3.7/site-packages/airflow/example_dags/example_dag_decorator.py for tasks to queue
[2023-09-04T12:54:07.682+0000] {logging_mixin.py:150} INFO - [2023-09-04T12:54:07.681+0000] {dagbag.py:541} INFO - Filling up the DagBag from /home/airflow/.local/lib/python3.7/site-packages/airflow/example_dags/example_dag_decorator.py
[2023-09-04T12:54:07.722+0000] {processor.py:836} INFO - DAG(s) dict_keys(['example_dag_decorator']) retrieved from /home/airflow/.local/lib/python3.7/site-packages/airflow/example_dags/example_dag_decorator.py
[2023-09-04T12:54:08.063+0000] {logging_mixin.py:150} INFO - [2023-09-04T12:54:08.063+0000] {dag.py:2742} INFO - Sync 1 DAGs
[2023-09-04T12:54:08.164+0000] {logging_mixin.py:150} INFO - [2023-09-04T12:54:08.164+0000] {dag.py:3508} INFO - Setting next_dagrun for example_dag_decorator to None, run_after=None
[2023-09-04T12:54:08.251+0000] {processor.py:179} INFO - Processing /home/airflow/.local/lib/python3.7/site-packages/airflow/example_dags/example_dag_decorator.py took 0.584 seconds
[2023-09-04T12:54:38.956+0000] {processor.py:157} INFO - Started process (PID=444) to work on /home/airflow/.local/lib/python3.7/site-packages/airflow/example_dags/example_dag_decorator.py
[2023-09-04T12:54:38.958+0000] {processor.py:826} INFO - Processing file /home/airflow/.local/lib/python3.7/site-packages/airflow/example_dags/example_dag_decorator.py for tasks to queue
[2023-09-04T12:54:38.961+0000] {logging_mixin.py:150} INFO - [2023-09-04T12:54:38.960+0000] {dagbag.py:541} INFO - Filling up the DagBag from /home/airflow/.local/lib/python3.7/site-packages/airflow/example_dags/example_dag_decorator.py
[2023-09-04T12:54:38.992+0000] {processor.py:836} INFO - DAG(s) dict_keys(['example_dag_decorator']) retrieved from /home/airflow/.local/lib/python3.7/site-packages/airflow/example_dags/example_dag_decorator.py
[2023-09-04T12:54:39.366+0000] {logging_mixin.py:150} INFO - [2023-09-04T12:54:39.365+0000] {dag.py:2742} INFO - Sync 1 DAGs
[2023-09-04T12:54:39.428+0000] {logging_mixin.py:150} INFO - [2023-09-04T12:54:39.428+0000] {dag.py:3508} INFO - Setting next_dagrun for example_dag_decorator to None, run_after=None
[2023-09-04T12:54:39.488+0000] {processor.py:179} INFO - Processing /home/airflow/.local/lib/python3.7/site-packages/airflow/example_dags/example_dag_decorator.py took 0.538 seconds
[2023-09-04T12:55:10.167+0000] {processor.py:157} INFO - Started process (PID=503) to work on /home/airflow/.local/lib/python3.7/site-packages/airflow/example_dags/example_dag_decorator.py
[2023-09-04T12:55:10.170+0000] {processor.py:826} INFO - Processing file /home/airflow/.local/lib/python3.7/site-packages/airflow/example_dags/example_dag_decorator.py for tasks to queue
[2023-09-04T12:55:10.173+0000] {logging_mixin.py:150} INFO - [2023-09-04T12:55:10.172+0000] {dagbag.py:541} INFO - Filling up the DagBag from /home/airflow/.local/lib/python3.7/site-packages/airflow/example_dags/example_dag_decorator.py
[2023-09-04T12:55:10.211+0000] {processor.py:836} INFO - DAG(s) dict_keys(['example_dag_decorator']) retrieved from /home/airflow/.local/lib/python3.7/site-packages/airflow/example_dags/example_dag_decorator.py
[2023-09-04T12:55:10.510+0000] {logging_mixin.py:150} INFO - [2023-09-04T12:55:10.510+0000] {dag.py:2742} INFO - Sync 1 DAGs
[2023-09-04T12:55:10.561+0000] {logging_mixin.py:150} INFO - [2023-09-04T12:55:10.561+0000] {dag.py:3508} INFO - Setting next_dagrun for example_dag_decorator to None, run_after=None
[2023-09-04T12:55:10.635+0000] {processor.py:179} INFO - Processing /home/airflow/.local/lib/python3.7/site-packages/airflow/example_dags/example_dag_decorator.py took 0.486 seconds
[2023-09-04T12:55:41.250+0000] {processor.py:157} INFO - Started process (PID=563) to work on /home/airflow/.local/lib/python3.7/site-packages/airflow/example_dags/example_dag_decorator.py
[2023-09-04T12:55:41.253+0000] {processor.py:826} INFO - Processing file /home/airflow/.local/lib/python3.7/site-packages/airflow/example_dags/example_dag_decorator.py for tasks to queue
[2023-09-04T12:55:41.255+0000] {logging_mixin.py:150} INFO - [2023-09-04T12:55:41.255+0000] {dagbag.py:541} INFO - Filling up the DagBag from /home/airflow/.local/lib/python3.7/site-packages/airflow/example_dags/example_dag_decorator.py
[2023-09-04T12:55:41.281+0000] {processor.py:836} INFO - DAG(s) dict_keys(['example_dag_decorator']) retrieved from /home/airflow/.local/lib/python3.7/site-packages/airflow/example_dags/example_dag_decorator.py
[2023-09-04T12:55:41.588+0000] {logging_mixin.py:150} INFO - [2023-09-04T12:55:41.588+0000] {dag.py:2742} INFO - Sync 1 DAGs
[2023-09-04T12:55:41.653+0000] {logging_mixin.py:150} INFO - [2023-09-04T12:55:41.652+0000] {dag.py:3508} INFO - Setting next_dagrun for example_dag_decorator to None, run_after=None
[2023-09-04T12:55:41.698+0000] {processor.py:179} INFO - Processing /home/airflow/.local/lib/python3.7/site-packages/airflow/example_dags/example_dag_decorator.py took 0.456 seconds
[2023-09-04T12:56:13.151+0000] {processor.py:157} INFO - Started process (PID=622) to work on /home/airflow/.local/lib/python3.7/site-packages/airflow/example_dags/example_dag_decorator.py
[2023-09-04T12:56:13.154+0000] {processor.py:826} INFO - Processing file /home/airflow/.local/lib/python3.7/site-packages/airflow/example_dags/example_dag_decorator.py for tasks to queue
[2023-09-04T12:56:13.156+0000] {logging_mixin.py:150} INFO - [2023-09-04T12:56:13.156+0000] {dagbag.py:541} INFO - Filling up the DagBag from /home/airflow/.local/lib/python3.7/site-packages/airflow/example_dags/example_dag_decorator.py
[2023-09-04T12:56:13.195+0000] {processor.py:836} INFO - DAG(s) dict_keys(['example_dag_decorator']) retrieved from /home/airflow/.local/lib/python3.7/site-packages/airflow/example_dags/example_dag_decorator.py
[2023-09-04T12:56:13.491+0000] {logging_mixin.py:150} INFO - [2023-09-04T12:56:13.490+0000] {dag.py:2742} INFO - Sync 1 DAGs
[2023-09-04T12:56:13.536+0000] {logging_mixin.py:150} INFO - [2023-09-04T12:56:13.536+0000] {dag.py:3508} INFO - Setting next_dagrun for example_dag_decorator to None, run_after=None
[2023-09-04T12:56:13.577+0000] {processor.py:179} INFO - Processing /home/airflow/.local/lib/python3.7/site-packages/airflow/example_dags/example_dag_decorator.py took 0.437 seconds
[2023-09-04T12:56:44.145+0000] {processor.py:157} INFO - Started process (PID=682) to work on /home/airflow/.local/lib/python3.7/site-packages/airflow/example_dags/example_dag_decorator.py
[2023-09-04T12:56:44.148+0000] {processor.py:826} INFO - Processing file /home/airflow/.local/lib/python3.7/site-packages/airflow/example_dags/example_dag_decorator.py for tasks to queue
[2023-09-04T12:56:44.150+0000] {logging_mixin.py:150} INFO - [2023-09-04T12:56:44.150+0000] {dagbag.py:541} INFO - Filling up the DagBag from /home/airflow/.local/lib/python3.7/site-packages/airflow/example_dags/example_dag_decorator.py
[2023-09-04T12:56:44.175+0000] {processor.py:836} INFO - DAG(s) dict_keys(['example_dag_decorator']) retrieved from /home/airflow/.local/lib/python3.7/site-packages/airflow/example_dags/example_dag_decorator.py
[2023-09-04T12:56:44.458+0000] {logging_mixin.py:150} INFO - [2023-09-04T12:56:44.458+0000] {dag.py:2742} INFO - Sync 1 DAGs
[2023-09-04T12:56:44.508+0000] {logging_mixin.py:150} INFO - [2023-09-04T12:56:44.508+0000] {dag.py:3508} INFO - Setting next_dagrun for example_dag_decorator to None, run_after=None
[2023-09-04T12:56:44.564+0000] {processor.py:179} INFO - Processing /home/airflow/.local/lib/python3.7/site-packages/airflow/example_dags/example_dag_decorator.py took 0.426 seconds
[2023-09-04T12:57:15.735+0000] {processor.py:157} INFO - Started process (PID=740) to work on /home/airflow/.local/lib/python3.7/site-packages/airflow/example_dags/example_dag_decorator.py
[2023-09-04T12:57:15.738+0000] {processor.py:826} INFO - Processing file /home/airflow/.local/lib/python3.7/site-packages/airflow/example_dags/example_dag_decorator.py for tasks to queue
[2023-09-04T12:57:15.740+0000] {logging_mixin.py:150} INFO - [2023-09-04T12:57:15.739+0000] {dagbag.py:541} INFO - Filling up the DagBag from /home/airflow/.local/lib/python3.7/site-packages/airflow/example_dags/example_dag_decorator.py
[2023-09-04T12:57:15.780+0000] {processor.py:836} INFO - DAG(s) dict_keys(['example_dag_decorator']) retrieved from /home/airflow/.local/lib/python3.7/site-packages/airflow/example_dags/example_dag_decorator.py
[2023-09-04T12:57:16.156+0000] {logging_mixin.py:150} INFO - [2023-09-04T12:57:16.155+0000] {dag.py:2742} INFO - Sync 1 DAGs
[2023-09-04T12:57:16.233+0000] {logging_mixin.py:150} INFO - [2023-09-04T12:57:16.233+0000] {dag.py:3508} INFO - Setting next_dagrun for example_dag_decorator to None, run_after=None
[2023-09-04T12:57:16.297+0000] {processor.py:179} INFO - Processing /home/airflow/.local/lib/python3.7/site-packages/airflow/example_dags/example_dag_decorator.py took 0.567 seconds
[2023-09-04T12:57:47.986+0000] {processor.py:157} INFO - Started process (PID=800) to work on /home/airflow/.local/lib/python3.7/site-packages/airflow/example_dags/example_dag_decorator.py
[2023-09-04T12:57:47.988+0000] {processor.py:826} INFO - Processing file /home/airflow/.local/lib/python3.7/site-packages/airflow/example_dags/example_dag_decorator.py for tasks to queue
[2023-09-04T12:57:47.990+0000] {logging_mixin.py:150} INFO - [2023-09-04T12:57:47.990+0000] {dagbag.py:541} INFO - Filling up the DagBag from /home/airflow/.local/lib/python3.7/site-packages/airflow/example_dags/example_dag_decorator.py
[2023-09-04T12:57:48.023+0000] {processor.py:836} INFO - DAG(s) dict_keys(['example_dag_decorator']) retrieved from /home/airflow/.local/lib/python3.7/site-packages/airflow/example_dags/example_dag_decorator.py
[2023-09-04T12:57:48.424+0000] {logging_mixin.py:150} INFO - [2023-09-04T12:57:48.423+0000] {dag.py:2742} INFO - Sync 1 DAGs
[2023-09-04T12:57:48.477+0000] {logging_mixin.py:150} INFO - [2023-09-04T12:57:48.476+0000] {dag.py:3508} INFO - Setting next_dagrun for example_dag_decorator to None, run_after=None
[2023-09-04T12:57:48.538+0000] {processor.py:179} INFO - Processing /home/airflow/.local/lib/python3.7/site-packages/airflow/example_dags/example_dag_decorator.py took 0.559 seconds
[2023-09-04T12:58:18.684+0000] {processor.py:157} INFO - Started process (PID=859) to work on /home/airflow/.local/lib/python3.7/site-packages/airflow/example_dags/example_dag_decorator.py
[2023-09-04T12:58:18.687+0000] {processor.py:826} INFO - Processing file /home/airflow/.local/lib/python3.7/site-packages/airflow/example_dags/example_dag_decorator.py for tasks to queue
[2023-09-04T12:58:18.689+0000] {logging_mixin.py:150} INFO - [2023-09-04T12:58:18.689+0000] {dagbag.py:541} INFO - Filling up the DagBag from /home/airflow/.local/lib/python3.7/site-packages/airflow/example_dags/example_dag_decorator.py
[2023-09-04T12:58:18.723+0000] {processor.py:836} INFO - DAG(s) dict_keys(['example_dag_decorator']) retrieved from /home/airflow/.local/lib/python3.7/site-packages/airflow/example_dags/example_dag_decorator.py
[2023-09-04T12:58:19.054+0000] {logging_mixin.py:150} INFO - [2023-09-04T12:58:19.054+0000] {dag.py:2742} INFO - Sync 1 DAGs
[2023-09-04T12:58:19.109+0000] {logging_mixin.py:150} INFO - [2023-09-04T12:58:19.109+0000] {dag.py:3508} INFO - Setting next_dagrun for example_dag_decorator to None, run_after=None
[2023-09-04T12:58:19.147+0000] {processor.py:179} INFO - Processing /home/airflow/.local/lib/python3.7/site-packages/airflow/example_dags/example_dag_decorator.py took 0.468 seconds
[2023-09-04T12:58:51.078+0000] {processor.py:157} INFO - Started process (PID=917) to work on /home/airflow/.local/lib/python3.7/site-packages/airflow/example_dags/example_dag_decorator.py
[2023-09-04T12:58:51.086+0000] {processor.py:826} INFO - Processing file /home/airflow/.local/lib/python3.7/site-packages/airflow/example_dags/example_dag_decorator.py for tasks to queue
[2023-09-04T12:58:51.094+0000] {logging_mixin.py:150} INFO - [2023-09-04T12:58:51.093+0000] {dagbag.py:541} INFO - Filling up the DagBag from /home/airflow/.local/lib/python3.7/site-packages/airflow/example_dags/example_dag_decorator.py
[2023-09-04T12:58:51.221+0000] {processor.py:836} INFO - DAG(s) dict_keys(['example_dag_decorator']) retrieved from /home/airflow/.local/lib/python3.7/site-packages/airflow/example_dags/example_dag_decorator.py
[2023-09-04T12:58:52.159+0000] {logging_mixin.py:150} INFO - [2023-09-04T12:58:52.158+0000] {dag.py:2742} INFO - Sync 1 DAGs
[2023-09-04T12:58:52.241+0000] {logging_mixin.py:150} INFO - [2023-09-04T12:58:52.241+0000] {dag.py:3508} INFO - Setting next_dagrun for example_dag_decorator to None, run_after=None
[2023-09-04T12:58:52.307+0000] {processor.py:179} INFO - Processing /home/airflow/.local/lib/python3.7/site-packages/airflow/example_dags/example_dag_decorator.py took 1.247 seconds
