[2023-09-04T12:39:34.827+0000] {processor.py:157} INFO - Started process (PID=83) to work on /home/airflow/.local/lib/python3.7/site-packages/airflow/example_dags/example_trigger_target_dag.py
[2023-09-04T12:39:34.829+0000] {processor.py:826} INFO - Processing file /home/airflow/.local/lib/python3.7/site-packages/airflow/example_dags/example_trigger_target_dag.py for tasks to queue
[2023-09-04T12:39:34.831+0000] {logging_mixin.py:150} INFO - [2023-09-04T12:39:34.831+0000] {dagbag.py:541} INFO - Filling up the DagBag from /home/airflow/.local/lib/python3.7/site-packages/airflow/example_dags/example_trigger_target_dag.py
[2023-09-04T12:39:34.894+0000] {processor.py:836} INFO - DAG(s) dict_keys(['example_trigger_target_dag']) retrieved from /home/airflow/.local/lib/python3.7/site-packages/airflow/example_dags/example_trigger_target_dag.py
[2023-09-04T12:39:35.335+0000] {logging_mixin.py:150} INFO - [2023-09-04T12:39:35.335+0000] {dag.py:2742} INFO - Sync 1 DAGs
[2023-09-04T12:39:35.442+0000] {logging_mixin.py:150} INFO - [2023-09-04T12:39:35.441+0000] {dag.py:3508} INFO - Setting next_dagrun for example_trigger_target_dag to None, run_after=None
[2023-09-04T12:39:35.522+0000] {processor.py:179} INFO - Processing /home/airflow/.local/lib/python3.7/site-packages/airflow/example_dags/example_trigger_target_dag.py took 0.713 seconds
[2023-09-04T12:40:06.647+0000] {processor.py:157} INFO - Started process (PID=142) to work on /home/airflow/.local/lib/python3.7/site-packages/airflow/example_dags/example_trigger_target_dag.py
[2023-09-04T12:40:06.662+0000] {processor.py:826} INFO - Processing file /home/airflow/.local/lib/python3.7/site-packages/airflow/example_dags/example_trigger_target_dag.py for tasks to queue
[2023-09-04T12:40:06.678+0000] {logging_mixin.py:150} INFO - [2023-09-04T12:40:06.678+0000] {dagbag.py:541} INFO - Filling up the DagBag from /home/airflow/.local/lib/python3.7/site-packages/airflow/example_dags/example_trigger_target_dag.py
[2023-09-04T12:40:06.778+0000] {processor.py:836} INFO - DAG(s) dict_keys(['example_trigger_target_dag']) retrieved from /home/airflow/.local/lib/python3.7/site-packages/airflow/example_dags/example_trigger_target_dag.py
[2023-09-04T12:40:07.069+0000] {logging_mixin.py:150} INFO - [2023-09-04T12:40:07.069+0000] {dag.py:2742} INFO - Sync 1 DAGs
[2023-09-04T12:40:07.631+0000] {logging_mixin.py:150} INFO - [2023-09-04T12:40:07.631+0000] {dag.py:3508} INFO - Setting next_dagrun for example_trigger_target_dag to None, run_after=None
[2023-09-04T12:40:07.950+0000] {processor.py:179} INFO - Processing /home/airflow/.local/lib/python3.7/site-packages/airflow/example_dags/example_trigger_target_dag.py took 1.367 seconds
[2023-09-04T12:40:40.056+0000] {processor.py:157} INFO - Started process (PID=206) to work on /home/airflow/.local/lib/python3.7/site-packages/airflow/example_dags/example_trigger_target_dag.py
[2023-09-04T12:40:40.085+0000] {processor.py:826} INFO - Processing file /home/airflow/.local/lib/python3.7/site-packages/airflow/example_dags/example_trigger_target_dag.py for tasks to queue
[2023-09-04T12:40:40.102+0000] {logging_mixin.py:150} INFO - [2023-09-04T12:40:40.101+0000] {dagbag.py:541} INFO - Filling up the DagBag from /home/airflow/.local/lib/python3.7/site-packages/airflow/example_dags/example_trigger_target_dag.py
[2023-09-04T12:40:40.167+0000] {processor.py:836} INFO - DAG(s) dict_keys(['example_trigger_target_dag']) retrieved from /home/airflow/.local/lib/python3.7/site-packages/airflow/example_dags/example_trigger_target_dag.py
[2023-09-04T12:40:40.405+0000] {logging_mixin.py:150} INFO - [2023-09-04T12:40:40.378+0000] {dag.py:2742} INFO - Sync 1 DAGs
[2023-09-04T12:40:40.997+0000] {logging_mixin.py:150} INFO - [2023-09-04T12:40:40.997+0000] {dag.py:3508} INFO - Setting next_dagrun for example_trigger_target_dag to None, run_after=None
[2023-09-04T12:40:41.348+0000] {processor.py:179} INFO - Processing /home/airflow/.local/lib/python3.7/site-packages/airflow/example_dags/example_trigger_target_dag.py took 1.357 seconds
[2023-09-04T12:41:18.957+0000] {processor.py:157} INFO - Started process (PID=264) to work on /home/airflow/.local/lib/python3.7/site-packages/airflow/example_dags/example_trigger_target_dag.py
[2023-09-04T12:41:18.973+0000] {processor.py:826} INFO - Processing file /home/airflow/.local/lib/python3.7/site-packages/airflow/example_dags/example_trigger_target_dag.py for tasks to queue
[2023-09-04T12:41:18.984+0000] {logging_mixin.py:150} INFO - [2023-09-04T12:41:18.983+0000] {dagbag.py:541} INFO - Filling up the DagBag from /home/airflow/.local/lib/python3.7/site-packages/airflow/example_dags/example_trigger_target_dag.py
[2023-09-04T12:41:19.033+0000] {processor.py:836} INFO - DAG(s) dict_keys(['example_trigger_target_dag']) retrieved from /home/airflow/.local/lib/python3.7/site-packages/airflow/example_dags/example_trigger_target_dag.py
[2023-09-04T12:41:19.243+0000] {logging_mixin.py:150} INFO - [2023-09-04T12:41:19.243+0000] {dag.py:2742} INFO - Sync 1 DAGs
[2023-09-04T12:41:19.474+0000] {logging_mixin.py:150} INFO - [2023-09-04T12:41:19.473+0000] {dag.py:3508} INFO - Setting next_dagrun for example_trigger_target_dag to None, run_after=None
[2023-09-04T12:41:19.629+0000] {processor.py:179} INFO - Processing /home/airflow/.local/lib/python3.7/site-packages/airflow/example_dags/example_trigger_target_dag.py took 0.692 seconds
[2023-09-04T12:41:55.584+0000] {processor.py:157} INFO - Started process (PID=322) to work on /home/airflow/.local/lib/python3.7/site-packages/airflow/example_dags/example_trigger_target_dag.py
[2023-09-04T12:41:55.655+0000] {processor.py:826} INFO - Processing file /home/airflow/.local/lib/python3.7/site-packages/airflow/example_dags/example_trigger_target_dag.py for tasks to queue
[2023-09-04T12:41:55.718+0000] {logging_mixin.py:150} INFO - [2023-09-04T12:41:55.717+0000] {dagbag.py:541} INFO - Filling up the DagBag from /home/airflow/.local/lib/python3.7/site-packages/airflow/example_dags/example_trigger_target_dag.py
[2023-09-04T12:41:55.770+0000] {processor.py:836} INFO - DAG(s) dict_keys(['example_trigger_target_dag']) retrieved from /home/airflow/.local/lib/python3.7/site-packages/airflow/example_dags/example_trigger_target_dag.py
[2023-09-04T12:41:55.999+0000] {logging_mixin.py:150} INFO - [2023-09-04T12:41:55.998+0000] {dag.py:2742} INFO - Sync 1 DAGs
[2023-09-04T12:41:56.363+0000] {logging_mixin.py:150} INFO - [2023-09-04T12:41:56.363+0000] {dag.py:3508} INFO - Setting next_dagrun for example_trigger_target_dag to None, run_after=None
[2023-09-04T12:41:56.657+0000] {processor.py:179} INFO - Processing /home/airflow/.local/lib/python3.7/site-packages/airflow/example_dags/example_trigger_target_dag.py took 1.081 seconds
[2023-09-04T12:42:38.020+0000] {processor.py:157} INFO - Started process (PID=382) to work on /home/airflow/.local/lib/python3.7/site-packages/airflow/example_dags/example_trigger_target_dag.py
[2023-09-04T12:42:38.032+0000] {processor.py:826} INFO - Processing file /home/airflow/.local/lib/python3.7/site-packages/airflow/example_dags/example_trigger_target_dag.py for tasks to queue
[2023-09-04T12:42:38.048+0000] {logging_mixin.py:150} INFO - [2023-09-04T12:42:38.048+0000] {dagbag.py:541} INFO - Filling up the DagBag from /home/airflow/.local/lib/python3.7/site-packages/airflow/example_dags/example_trigger_target_dag.py
[2023-09-04T12:42:38.096+0000] {processor.py:836} INFO - DAG(s) dict_keys(['example_trigger_target_dag']) retrieved from /home/airflow/.local/lib/python3.7/site-packages/airflow/example_dags/example_trigger_target_dag.py
[2023-09-04T12:42:38.291+0000] {logging_mixin.py:150} INFO - [2023-09-04T12:42:38.290+0000] {dag.py:2742} INFO - Sync 1 DAGs
[2023-09-04T12:42:38.557+0000] {logging_mixin.py:150} INFO - [2023-09-04T12:42:38.556+0000] {dag.py:3508} INFO - Setting next_dagrun for example_trigger_target_dag to None, run_after=None
[2023-09-04T12:42:38.678+0000] {processor.py:179} INFO - Processing /home/airflow/.local/lib/python3.7/site-packages/airflow/example_dags/example_trigger_target_dag.py took 0.676 seconds
[2023-09-04T12:43:12.622+0000] {processor.py:157} INFO - Started process (PID=442) to work on /home/airflow/.local/lib/python3.7/site-packages/airflow/example_dags/example_trigger_target_dag.py
[2023-09-04T12:43:12.644+0000] {processor.py:826} INFO - Processing file /home/airflow/.local/lib/python3.7/site-packages/airflow/example_dags/example_trigger_target_dag.py for tasks to queue
[2023-09-04T12:43:12.689+0000] {logging_mixin.py:150} INFO - [2023-09-04T12:43:12.688+0000] {dagbag.py:541} INFO - Filling up the DagBag from /home/airflow/.local/lib/python3.7/site-packages/airflow/example_dags/example_trigger_target_dag.py
[2023-09-04T12:43:12.733+0000] {processor.py:836} INFO - DAG(s) dict_keys(['example_trigger_target_dag']) retrieved from /home/airflow/.local/lib/python3.7/site-packages/airflow/example_dags/example_trigger_target_dag.py
[2023-09-04T12:43:12.904+0000] {logging_mixin.py:150} INFO - [2023-09-04T12:43:12.904+0000] {dag.py:2742} INFO - Sync 1 DAGs
[2023-09-04T12:43:13.117+0000] {logging_mixin.py:150} INFO - [2023-09-04T12:43:13.116+0000] {dag.py:3508} INFO - Setting next_dagrun for example_trigger_target_dag to None, run_after=None
[2023-09-04T12:43:13.246+0000] {processor.py:179} INFO - Processing /home/airflow/.local/lib/python3.7/site-packages/airflow/example_dags/example_trigger_target_dag.py took 0.633 seconds
[2023-09-04T12:43:51.738+0000] {processor.py:157} INFO - Started process (PID=502) to work on /home/airflow/.local/lib/python3.7/site-packages/airflow/example_dags/example_trigger_target_dag.py
[2023-09-04T12:43:51.776+0000] {processor.py:826} INFO - Processing file /home/airflow/.local/lib/python3.7/site-packages/airflow/example_dags/example_trigger_target_dag.py for tasks to queue
[2023-09-04T12:43:51.792+0000] {logging_mixin.py:150} INFO - [2023-09-04T12:43:51.792+0000] {dagbag.py:541} INFO - Filling up the DagBag from /home/airflow/.local/lib/python3.7/site-packages/airflow/example_dags/example_trigger_target_dag.py
[2023-09-04T12:43:51.829+0000] {processor.py:836} INFO - DAG(s) dict_keys(['example_trigger_target_dag']) retrieved from /home/airflow/.local/lib/python3.7/site-packages/airflow/example_dags/example_trigger_target_dag.py
[2023-09-04T12:43:52.031+0000] {logging_mixin.py:150} INFO - [2023-09-04T12:43:52.031+0000] {dag.py:2742} INFO - Sync 1 DAGs
[2023-09-04T12:43:52.250+0000] {logging_mixin.py:150} INFO - [2023-09-04T12:43:52.249+0000] {dag.py:3508} INFO - Setting next_dagrun for example_trigger_target_dag to None, run_after=None
[2023-09-04T12:43:52.376+0000] {processor.py:179} INFO - Processing /home/airflow/.local/lib/python3.7/site-packages/airflow/example_dags/example_trigger_target_dag.py took 0.660 seconds
[2023-09-04T12:44:22.834+0000] {processor.py:157} INFO - Started process (PID=561) to work on /home/airflow/.local/lib/python3.7/site-packages/airflow/example_dags/example_trigger_target_dag.py
[2023-09-04T12:44:22.839+0000] {processor.py:826} INFO - Processing file /home/airflow/.local/lib/python3.7/site-packages/airflow/example_dags/example_trigger_target_dag.py for tasks to queue
[2023-09-04T12:44:22.852+0000] {logging_mixin.py:150} INFO - [2023-09-04T12:44:22.851+0000] {dagbag.py:541} INFO - Filling up the DagBag from /home/airflow/.local/lib/python3.7/site-packages/airflow/example_dags/example_trigger_target_dag.py
[2023-09-04T12:44:22.893+0000] {processor.py:836} INFO - DAG(s) dict_keys(['example_trigger_target_dag']) retrieved from /home/airflow/.local/lib/python3.7/site-packages/airflow/example_dags/example_trigger_target_dag.py
[2023-09-04T12:44:23.020+0000] {logging_mixin.py:150} INFO - [2023-09-04T12:44:23.020+0000] {dag.py:2742} INFO - Sync 1 DAGs
[2023-09-04T12:44:23.222+0000] {logging_mixin.py:150} INFO - [2023-09-04T12:44:23.222+0000] {dag.py:3508} INFO - Setting next_dagrun for example_trigger_target_dag to None, run_after=None
[2023-09-04T12:44:23.350+0000] {processor.py:179} INFO - Processing /home/airflow/.local/lib/python3.7/site-packages/airflow/example_dags/example_trigger_target_dag.py took 0.534 seconds
[2023-09-04T12:45:06.127+0000] {processor.py:157} INFO - Started process (PID=622) to work on /home/airflow/.local/lib/python3.7/site-packages/airflow/example_dags/example_trigger_target_dag.py
[2023-09-04T12:45:06.130+0000] {processor.py:826} INFO - Processing file /home/airflow/.local/lib/python3.7/site-packages/airflow/example_dags/example_trigger_target_dag.py for tasks to queue
[2023-09-04T12:45:06.141+0000] {logging_mixin.py:150} INFO - [2023-09-04T12:45:06.141+0000] {dagbag.py:541} INFO - Filling up the DagBag from /home/airflow/.local/lib/python3.7/site-packages/airflow/example_dags/example_trigger_target_dag.py
[2023-09-04T12:45:06.189+0000] {processor.py:836} INFO - DAG(s) dict_keys(['example_trigger_target_dag']) retrieved from /home/airflow/.local/lib/python3.7/site-packages/airflow/example_dags/example_trigger_target_dag.py
[2023-09-04T12:45:06.478+0000] {logging_mixin.py:150} INFO - [2023-09-04T12:45:06.478+0000] {dag.py:2742} INFO - Sync 1 DAGs
[2023-09-04T12:45:06.715+0000] {logging_mixin.py:150} INFO - [2023-09-04T12:45:06.714+0000] {dag.py:3508} INFO - Setting next_dagrun for example_trigger_target_dag to None, run_after=None
[2023-09-04T12:45:06.887+0000] {processor.py:179} INFO - Processing /home/airflow/.local/lib/python3.7/site-packages/airflow/example_dags/example_trigger_target_dag.py took 0.780 seconds
[2023-09-04T12:45:37.724+0000] {processor.py:157} INFO - Started process (PID=682) to work on /home/airflow/.local/lib/python3.7/site-packages/airflow/example_dags/example_trigger_target_dag.py
[2023-09-04T12:45:37.732+0000] {processor.py:826} INFO - Processing file /home/airflow/.local/lib/python3.7/site-packages/airflow/example_dags/example_trigger_target_dag.py for tasks to queue
[2023-09-04T12:45:37.736+0000] {logging_mixin.py:150} INFO - [2023-09-04T12:45:37.735+0000] {dagbag.py:541} INFO - Filling up the DagBag from /home/airflow/.local/lib/python3.7/site-packages/airflow/example_dags/example_trigger_target_dag.py
[2023-09-04T12:45:37.753+0000] {processor.py:836} INFO - DAG(s) dict_keys(['example_trigger_target_dag']) retrieved from /home/airflow/.local/lib/python3.7/site-packages/airflow/example_dags/example_trigger_target_dag.py
[2023-09-04T12:45:37.829+0000] {logging_mixin.py:150} INFO - [2023-09-04T12:45:37.829+0000] {dag.py:2742} INFO - Sync 1 DAGs
[2023-09-04T12:45:38.333+0000] {logging_mixin.py:150} INFO - [2023-09-04T12:45:38.332+0000] {dag.py:3508} INFO - Setting next_dagrun for example_trigger_target_dag to None, run_after=None
[2023-09-04T12:45:38.415+0000] {processor.py:179} INFO - Processing /home/airflow/.local/lib/python3.7/site-packages/airflow/example_dags/example_trigger_target_dag.py took 0.698 seconds
[2023-09-04T12:46:09.403+0000] {processor.py:157} INFO - Started process (PID=742) to work on /home/airflow/.local/lib/python3.7/site-packages/airflow/example_dags/example_trigger_target_dag.py
[2023-09-04T12:46:09.406+0000] {processor.py:826} INFO - Processing file /home/airflow/.local/lib/python3.7/site-packages/airflow/example_dags/example_trigger_target_dag.py for tasks to queue
[2023-09-04T12:46:09.408+0000] {logging_mixin.py:150} INFO - [2023-09-04T12:46:09.408+0000] {dagbag.py:541} INFO - Filling up the DagBag from /home/airflow/.local/lib/python3.7/site-packages/airflow/example_dags/example_trigger_target_dag.py
[2023-09-04T12:46:09.419+0000] {processor.py:836} INFO - DAG(s) dict_keys(['example_trigger_target_dag']) retrieved from /home/airflow/.local/lib/python3.7/site-packages/airflow/example_dags/example_trigger_target_dag.py
[2023-09-04T12:46:09.478+0000] {logging_mixin.py:150} INFO - [2023-09-04T12:46:09.478+0000] {dag.py:2742} INFO - Sync 1 DAGs
[2023-09-04T12:46:09.542+0000] {logging_mixin.py:150} INFO - [2023-09-04T12:46:09.542+0000] {dag.py:3508} INFO - Setting next_dagrun for example_trigger_target_dag to None, run_after=None
[2023-09-04T12:46:09.590+0000] {processor.py:179} INFO - Processing /home/airflow/.local/lib/python3.7/site-packages/airflow/example_dags/example_trigger_target_dag.py took 0.194 seconds
[2023-09-04T12:46:39.886+0000] {processor.py:157} INFO - Started process (PID=800) to work on /home/airflow/.local/lib/python3.7/site-packages/airflow/example_dags/example_trigger_target_dag.py
[2023-09-04T12:46:39.888+0000] {processor.py:826} INFO - Processing file /home/airflow/.local/lib/python3.7/site-packages/airflow/example_dags/example_trigger_target_dag.py for tasks to queue
[2023-09-04T12:46:39.892+0000] {logging_mixin.py:150} INFO - [2023-09-04T12:46:39.891+0000] {dagbag.py:541} INFO - Filling up the DagBag from /home/airflow/.local/lib/python3.7/site-packages/airflow/example_dags/example_trigger_target_dag.py
[2023-09-04T12:46:39.908+0000] {processor.py:836} INFO - DAG(s) dict_keys(['example_trigger_target_dag']) retrieved from /home/airflow/.local/lib/python3.7/site-packages/airflow/example_dags/example_trigger_target_dag.py
[2023-09-04T12:46:39.959+0000] {logging_mixin.py:150} INFO - [2023-09-04T12:46:39.959+0000] {dag.py:2742} INFO - Sync 1 DAGs
[2023-09-04T12:46:40.028+0000] {logging_mixin.py:150} INFO - [2023-09-04T12:46:40.028+0000] {dag.py:3508} INFO - Setting next_dagrun for example_trigger_target_dag to None, run_after=None
[2023-09-04T12:46:40.078+0000] {processor.py:179} INFO - Processing /home/airflow/.local/lib/python3.7/site-packages/airflow/example_dags/example_trigger_target_dag.py took 0.204 seconds
[2023-09-04T12:47:10.412+0000] {processor.py:157} INFO - Started process (PID=859) to work on /home/airflow/.local/lib/python3.7/site-packages/airflow/example_dags/example_trigger_target_dag.py
[2023-09-04T12:47:10.416+0000] {processor.py:826} INFO - Processing file /home/airflow/.local/lib/python3.7/site-packages/airflow/example_dags/example_trigger_target_dag.py for tasks to queue
[2023-09-04T12:47:10.418+0000] {logging_mixin.py:150} INFO - [2023-09-04T12:47:10.418+0000] {dagbag.py:541} INFO - Filling up the DagBag from /home/airflow/.local/lib/python3.7/site-packages/airflow/example_dags/example_trigger_target_dag.py
[2023-09-04T12:47:10.437+0000] {processor.py:836} INFO - DAG(s) dict_keys(['example_trigger_target_dag']) retrieved from /home/airflow/.local/lib/python3.7/site-packages/airflow/example_dags/example_trigger_target_dag.py
[2023-09-04T12:47:10.509+0000] {logging_mixin.py:150} INFO - [2023-09-04T12:47:10.508+0000] {dag.py:2742} INFO - Sync 1 DAGs
[2023-09-04T12:47:10.568+0000] {logging_mixin.py:150} INFO - [2023-09-04T12:47:10.568+0000] {dag.py:3508} INFO - Setting next_dagrun for example_trigger_target_dag to None, run_after=None
[2023-09-04T12:47:10.614+0000] {processor.py:179} INFO - Processing /home/airflow/.local/lib/python3.7/site-packages/airflow/example_dags/example_trigger_target_dag.py took 0.209 seconds
[2023-09-04T12:47:40.980+0000] {processor.py:157} INFO - Started process (PID=919) to work on /home/airflow/.local/lib/python3.7/site-packages/airflow/example_dags/example_trigger_target_dag.py
[2023-09-04T12:47:40.994+0000] {processor.py:826} INFO - Processing file /home/airflow/.local/lib/python3.7/site-packages/airflow/example_dags/example_trigger_target_dag.py for tasks to queue
[2023-09-04T12:47:41.002+0000] {logging_mixin.py:150} INFO - [2023-09-04T12:47:41.000+0000] {dagbag.py:541} INFO - Filling up the DagBag from /home/airflow/.local/lib/python3.7/site-packages/airflow/example_dags/example_trigger_target_dag.py
[2023-09-04T12:47:41.060+0000] {processor.py:836} INFO - DAG(s) dict_keys(['example_trigger_target_dag']) retrieved from /home/airflow/.local/lib/python3.7/site-packages/airflow/example_dags/example_trigger_target_dag.py
[2023-09-04T12:47:41.125+0000] {logging_mixin.py:150} INFO - [2023-09-04T12:47:41.125+0000] {dag.py:2742} INFO - Sync 1 DAGs
[2023-09-04T12:47:41.181+0000] {logging_mixin.py:150} INFO - [2023-09-04T12:47:41.180+0000] {dag.py:3508} INFO - Setting next_dagrun for example_trigger_target_dag to None, run_after=None
[2023-09-04T12:47:41.220+0000] {processor.py:179} INFO - Processing /home/airflow/.local/lib/python3.7/site-packages/airflow/example_dags/example_trigger_target_dag.py took 0.260 seconds
[2023-09-04T12:48:12.030+0000] {processor.py:157} INFO - Started process (PID=979) to work on /home/airflow/.local/lib/python3.7/site-packages/airflow/example_dags/example_trigger_target_dag.py
[2023-09-04T12:48:12.082+0000] {processor.py:826} INFO - Processing file /home/airflow/.local/lib/python3.7/site-packages/airflow/example_dags/example_trigger_target_dag.py for tasks to queue
[2023-09-04T12:48:12.095+0000] {logging_mixin.py:150} INFO - [2023-09-04T12:48:12.095+0000] {dagbag.py:541} INFO - Filling up the DagBag from /home/airflow/.local/lib/python3.7/site-packages/airflow/example_dags/example_trigger_target_dag.py
[2023-09-04T12:48:12.128+0000] {processor.py:836} INFO - DAG(s) dict_keys(['example_trigger_target_dag']) retrieved from /home/airflow/.local/lib/python3.7/site-packages/airflow/example_dags/example_trigger_target_dag.py
[2023-09-04T12:48:12.250+0000] {logging_mixin.py:150} INFO - [2023-09-04T12:48:12.250+0000] {dag.py:2742} INFO - Sync 1 DAGs
[2023-09-04T12:48:12.362+0000] {logging_mixin.py:150} INFO - [2023-09-04T12:48:12.361+0000] {dag.py:3508} INFO - Setting next_dagrun for example_trigger_target_dag to None, run_after=None
[2023-09-04T12:48:12.501+0000] {processor.py:179} INFO - Processing /home/airflow/.local/lib/python3.7/site-packages/airflow/example_dags/example_trigger_target_dag.py took 0.479 seconds
[2023-09-04T12:48:43.330+0000] {processor.py:157} INFO - Started process (PID=1039) to work on /home/airflow/.local/lib/python3.7/site-packages/airflow/example_dags/example_trigger_target_dag.py
[2023-09-04T12:48:43.332+0000] {processor.py:826} INFO - Processing file /home/airflow/.local/lib/python3.7/site-packages/airflow/example_dags/example_trigger_target_dag.py for tasks to queue
[2023-09-04T12:48:43.334+0000] {logging_mixin.py:150} INFO - [2023-09-04T12:48:43.334+0000] {dagbag.py:541} INFO - Filling up the DagBag from /home/airflow/.local/lib/python3.7/site-packages/airflow/example_dags/example_trigger_target_dag.py
[2023-09-04T12:48:43.348+0000] {processor.py:836} INFO - DAG(s) dict_keys(['example_trigger_target_dag']) retrieved from /home/airflow/.local/lib/python3.7/site-packages/airflow/example_dags/example_trigger_target_dag.py
[2023-09-04T12:48:43.395+0000] {logging_mixin.py:150} INFO - [2023-09-04T12:48:43.395+0000] {dag.py:2742} INFO - Sync 1 DAGs
[2023-09-04T12:48:43.448+0000] {logging_mixin.py:150} INFO - [2023-09-04T12:48:43.448+0000] {dag.py:3508} INFO - Setting next_dagrun for example_trigger_target_dag to None, run_after=None
[2023-09-04T12:48:43.489+0000] {processor.py:179} INFO - Processing /home/airflow/.local/lib/python3.7/site-packages/airflow/example_dags/example_trigger_target_dag.py took 0.168 seconds
[2023-09-04T12:49:13.641+0000] {processor.py:157} INFO - Started process (PID=1098) to work on /home/airflow/.local/lib/python3.7/site-packages/airflow/example_dags/example_trigger_target_dag.py
[2023-09-04T12:49:13.647+0000] {processor.py:826} INFO - Processing file /home/airflow/.local/lib/python3.7/site-packages/airflow/example_dags/example_trigger_target_dag.py for tasks to queue
[2023-09-04T12:49:13.651+0000] {logging_mixin.py:150} INFO - [2023-09-04T12:49:13.650+0000] {dagbag.py:541} INFO - Filling up the DagBag from /home/airflow/.local/lib/python3.7/site-packages/airflow/example_dags/example_trigger_target_dag.py
[2023-09-04T12:49:13.679+0000] {processor.py:836} INFO - DAG(s) dict_keys(['example_trigger_target_dag']) retrieved from /home/airflow/.local/lib/python3.7/site-packages/airflow/example_dags/example_trigger_target_dag.py
[2023-09-04T12:49:13.785+0000] {logging_mixin.py:150} INFO - [2023-09-04T12:49:13.784+0000] {dag.py:2742} INFO - Sync 1 DAGs
[2023-09-04T12:49:13.839+0000] {logging_mixin.py:150} INFO - [2023-09-04T12:49:13.839+0000] {dag.py:3508} INFO - Setting next_dagrun for example_trigger_target_dag to None, run_after=None
[2023-09-04T12:49:13.877+0000] {processor.py:179} INFO - Processing /home/airflow/.local/lib/python3.7/site-packages/airflow/example_dags/example_trigger_target_dag.py took 0.248 seconds
[2023-09-04T12:51:21.451+0000] {processor.py:157} INFO - Started process (PID=67) to work on /home/airflow/.local/lib/python3.7/site-packages/airflow/example_dags/example_trigger_target_dag.py
[2023-09-04T12:51:21.453+0000] {processor.py:826} INFO - Processing file /home/airflow/.local/lib/python3.7/site-packages/airflow/example_dags/example_trigger_target_dag.py for tasks to queue
[2023-09-04T12:51:21.458+0000] {logging_mixin.py:150} INFO - [2023-09-04T12:51:21.458+0000] {dagbag.py:541} INFO - Filling up the DagBag from /home/airflow/.local/lib/python3.7/site-packages/airflow/example_dags/example_trigger_target_dag.py
[2023-09-04T12:51:21.487+0000] {processor.py:836} INFO - DAG(s) dict_keys(['example_trigger_target_dag']) retrieved from /home/airflow/.local/lib/python3.7/site-packages/airflow/example_dags/example_trigger_target_dag.py
[2023-09-04T12:51:21.597+0000] {logging_mixin.py:150} INFO - [2023-09-04T12:51:21.597+0000] {dag.py:2742} INFO - Sync 1 DAGs
[2023-09-04T12:51:21.708+0000] {logging_mixin.py:150} INFO - [2023-09-04T12:51:21.707+0000] {dag.py:3508} INFO - Setting next_dagrun for example_trigger_target_dag to None, run_after=None
[2023-09-04T12:51:21.804+0000] {processor.py:179} INFO - Processing /home/airflow/.local/lib/python3.7/site-packages/airflow/example_dags/example_trigger_target_dag.py took 0.363 seconds
[2023-09-04T12:51:52.198+0000] {processor.py:157} INFO - Started process (PID=125) to work on /home/airflow/.local/lib/python3.7/site-packages/airflow/example_dags/example_trigger_target_dag.py
[2023-09-04T12:51:52.200+0000] {processor.py:826} INFO - Processing file /home/airflow/.local/lib/python3.7/site-packages/airflow/example_dags/example_trigger_target_dag.py for tasks to queue
[2023-09-04T12:51:52.208+0000] {logging_mixin.py:150} INFO - [2023-09-04T12:51:52.207+0000] {dagbag.py:541} INFO - Filling up the DagBag from /home/airflow/.local/lib/python3.7/site-packages/airflow/example_dags/example_trigger_target_dag.py
[2023-09-04T12:51:52.244+0000] {processor.py:836} INFO - DAG(s) dict_keys(['example_trigger_target_dag']) retrieved from /home/airflow/.local/lib/python3.7/site-packages/airflow/example_dags/example_trigger_target_dag.py
[2023-09-04T12:51:52.314+0000] {logging_mixin.py:150} INFO - [2023-09-04T12:51:52.313+0000] {dag.py:2742} INFO - Sync 1 DAGs
[2023-09-04T12:51:52.418+0000] {logging_mixin.py:150} INFO - [2023-09-04T12:51:52.418+0000] {dag.py:3508} INFO - Setting next_dagrun for example_trigger_target_dag to None, run_after=None
[2023-09-04T12:51:52.459+0000] {processor.py:179} INFO - Processing /home/airflow/.local/lib/python3.7/site-packages/airflow/example_dags/example_trigger_target_dag.py took 0.267 seconds
[2023-09-04T12:52:22.800+0000] {processor.py:157} INFO - Started process (PID=184) to work on /home/airflow/.local/lib/python3.7/site-packages/airflow/example_dags/example_trigger_target_dag.py
[2023-09-04T12:52:22.803+0000] {processor.py:826} INFO - Processing file /home/airflow/.local/lib/python3.7/site-packages/airflow/example_dags/example_trigger_target_dag.py for tasks to queue
[2023-09-04T12:52:22.805+0000] {logging_mixin.py:150} INFO - [2023-09-04T12:52:22.804+0000] {dagbag.py:541} INFO - Filling up the DagBag from /home/airflow/.local/lib/python3.7/site-packages/airflow/example_dags/example_trigger_target_dag.py
[2023-09-04T12:52:22.815+0000] {processor.py:836} INFO - DAG(s) dict_keys(['example_trigger_target_dag']) retrieved from /home/airflow/.local/lib/python3.7/site-packages/airflow/example_dags/example_trigger_target_dag.py
[2023-09-04T12:52:22.858+0000] {logging_mixin.py:150} INFO - [2023-09-04T12:52:22.858+0000] {dag.py:2742} INFO - Sync 1 DAGs
[2023-09-04T12:52:22.923+0000] {logging_mixin.py:150} INFO - [2023-09-04T12:52:22.922+0000] {dag.py:3508} INFO - Setting next_dagrun for example_trigger_target_dag to None, run_after=None
[2023-09-04T12:52:22.962+0000] {processor.py:179} INFO - Processing /home/airflow/.local/lib/python3.7/site-packages/airflow/example_dags/example_trigger_target_dag.py took 0.169 seconds
[2023-09-04T12:52:53.391+0000] {processor.py:157} INFO - Started process (PID=243) to work on /home/airflow/.local/lib/python3.7/site-packages/airflow/example_dags/example_trigger_target_dag.py
[2023-09-04T12:52:53.393+0000] {processor.py:826} INFO - Processing file /home/airflow/.local/lib/python3.7/site-packages/airflow/example_dags/example_trigger_target_dag.py for tasks to queue
[2023-09-04T12:52:53.395+0000] {logging_mixin.py:150} INFO - [2023-09-04T12:52:53.395+0000] {dagbag.py:541} INFO - Filling up the DagBag from /home/airflow/.local/lib/python3.7/site-packages/airflow/example_dags/example_trigger_target_dag.py
[2023-09-04T12:52:53.408+0000] {processor.py:836} INFO - DAG(s) dict_keys(['example_trigger_target_dag']) retrieved from /home/airflow/.local/lib/python3.7/site-packages/airflow/example_dags/example_trigger_target_dag.py
[2023-09-04T12:52:53.458+0000] {logging_mixin.py:150} INFO - [2023-09-04T12:52:53.457+0000] {dag.py:2742} INFO - Sync 1 DAGs
[2023-09-04T12:52:53.527+0000] {logging_mixin.py:150} INFO - [2023-09-04T12:52:53.526+0000] {dag.py:3508} INFO - Setting next_dagrun for example_trigger_target_dag to None, run_after=None
[2023-09-04T12:52:53.578+0000] {processor.py:179} INFO - Processing /home/airflow/.local/lib/python3.7/site-packages/airflow/example_dags/example_trigger_target_dag.py took 0.194 seconds
[2023-09-04T12:53:24.307+0000] {processor.py:157} INFO - Started process (PID=303) to work on /home/airflow/.local/lib/python3.7/site-packages/airflow/example_dags/example_trigger_target_dag.py
[2023-09-04T12:53:24.309+0000] {processor.py:826} INFO - Processing file /home/airflow/.local/lib/python3.7/site-packages/airflow/example_dags/example_trigger_target_dag.py for tasks to queue
[2023-09-04T12:53:24.311+0000] {logging_mixin.py:150} INFO - [2023-09-04T12:53:24.311+0000] {dagbag.py:541} INFO - Filling up the DagBag from /home/airflow/.local/lib/python3.7/site-packages/airflow/example_dags/example_trigger_target_dag.py
[2023-09-04T12:53:24.324+0000] {processor.py:836} INFO - DAG(s) dict_keys(['example_trigger_target_dag']) retrieved from /home/airflow/.local/lib/python3.7/site-packages/airflow/example_dags/example_trigger_target_dag.py
[2023-09-04T12:53:24.372+0000] {logging_mixin.py:150} INFO - [2023-09-04T12:53:24.371+0000] {dag.py:2742} INFO - Sync 1 DAGs
[2023-09-04T12:53:24.425+0000] {logging_mixin.py:150} INFO - [2023-09-04T12:53:24.424+0000] {dag.py:3508} INFO - Setting next_dagrun for example_trigger_target_dag to None, run_after=None
[2023-09-04T12:53:24.475+0000] {processor.py:179} INFO - Processing /home/airflow/.local/lib/python3.7/site-packages/airflow/example_dags/example_trigger_target_dag.py took 0.177 seconds
[2023-09-04T12:53:55.294+0000] {processor.py:157} INFO - Started process (PID=362) to work on /home/airflow/.local/lib/python3.7/site-packages/airflow/example_dags/example_trigger_target_dag.py
[2023-09-04T12:53:55.298+0000] {processor.py:826} INFO - Processing file /home/airflow/.local/lib/python3.7/site-packages/airflow/example_dags/example_trigger_target_dag.py for tasks to queue
[2023-09-04T12:53:55.304+0000] {logging_mixin.py:150} INFO - [2023-09-04T12:53:55.303+0000] {dagbag.py:541} INFO - Filling up the DagBag from /home/airflow/.local/lib/python3.7/site-packages/airflow/example_dags/example_trigger_target_dag.py
[2023-09-04T12:53:55.320+0000] {processor.py:836} INFO - DAG(s) dict_keys(['example_trigger_target_dag']) retrieved from /home/airflow/.local/lib/python3.7/site-packages/airflow/example_dags/example_trigger_target_dag.py
[2023-09-04T12:53:55.401+0000] {logging_mixin.py:150} INFO - [2023-09-04T12:53:55.400+0000] {dag.py:2742} INFO - Sync 1 DAGs
[2023-09-04T12:53:55.504+0000] {logging_mixin.py:150} INFO - [2023-09-04T12:53:55.504+0000] {dag.py:3508} INFO - Setting next_dagrun for example_trigger_target_dag to None, run_after=None
[2023-09-04T12:53:55.563+0000] {processor.py:179} INFO - Processing /home/airflow/.local/lib/python3.7/site-packages/airflow/example_dags/example_trigger_target_dag.py took 0.276 seconds
[2023-09-04T12:54:25.867+0000] {processor.py:157} INFO - Started process (PID=420) to work on /home/airflow/.local/lib/python3.7/site-packages/airflow/example_dags/example_trigger_target_dag.py
[2023-09-04T12:54:25.878+0000] {processor.py:826} INFO - Processing file /home/airflow/.local/lib/python3.7/site-packages/airflow/example_dags/example_trigger_target_dag.py for tasks to queue
[2023-09-04T12:54:25.882+0000] {logging_mixin.py:150} INFO - [2023-09-04T12:54:25.881+0000] {dagbag.py:541} INFO - Filling up the DagBag from /home/airflow/.local/lib/python3.7/site-packages/airflow/example_dags/example_trigger_target_dag.py
[2023-09-04T12:54:25.900+0000] {processor.py:836} INFO - DAG(s) dict_keys(['example_trigger_target_dag']) retrieved from /home/airflow/.local/lib/python3.7/site-packages/airflow/example_dags/example_trigger_target_dag.py
[2023-09-04T12:54:26.012+0000] {logging_mixin.py:150} INFO - [2023-09-04T12:54:26.012+0000] {dag.py:2742} INFO - Sync 1 DAGs
[2023-09-04T12:54:26.136+0000] {logging_mixin.py:150} INFO - [2023-09-04T12:54:26.136+0000] {dag.py:3508} INFO - Setting next_dagrun for example_trigger_target_dag to None, run_after=None
[2023-09-04T12:54:26.188+0000] {processor.py:179} INFO - Processing /home/airflow/.local/lib/python3.7/site-packages/airflow/example_dags/example_trigger_target_dag.py took 0.340 seconds
[2023-09-04T12:54:56.349+0000] {processor.py:157} INFO - Started process (PID=478) to work on /home/airflow/.local/lib/python3.7/site-packages/airflow/example_dags/example_trigger_target_dag.py
[2023-09-04T12:54:56.354+0000] {processor.py:826} INFO - Processing file /home/airflow/.local/lib/python3.7/site-packages/airflow/example_dags/example_trigger_target_dag.py for tasks to queue
[2023-09-04T12:54:56.358+0000] {logging_mixin.py:150} INFO - [2023-09-04T12:54:56.357+0000] {dagbag.py:541} INFO - Filling up the DagBag from /home/airflow/.local/lib/python3.7/site-packages/airflow/example_dags/example_trigger_target_dag.py
[2023-09-04T12:54:56.377+0000] {processor.py:836} INFO - DAG(s) dict_keys(['example_trigger_target_dag']) retrieved from /home/airflow/.local/lib/python3.7/site-packages/airflow/example_dags/example_trigger_target_dag.py
[2023-09-04T12:54:56.439+0000] {logging_mixin.py:150} INFO - [2023-09-04T12:54:56.439+0000] {dag.py:2742} INFO - Sync 1 DAGs
[2023-09-04T12:54:56.519+0000] {logging_mixin.py:150} INFO - [2023-09-04T12:54:56.518+0000] {dag.py:3508} INFO - Setting next_dagrun for example_trigger_target_dag to None, run_after=None
[2023-09-04T12:54:56.569+0000] {processor.py:179} INFO - Processing /home/airflow/.local/lib/python3.7/site-packages/airflow/example_dags/example_trigger_target_dag.py took 0.235 seconds
[2023-09-04T12:55:27.061+0000] {processor.py:157} INFO - Started process (PID=537) to work on /home/airflow/.local/lib/python3.7/site-packages/airflow/example_dags/example_trigger_target_dag.py
[2023-09-04T12:55:27.064+0000] {processor.py:826} INFO - Processing file /home/airflow/.local/lib/python3.7/site-packages/airflow/example_dags/example_trigger_target_dag.py for tasks to queue
[2023-09-04T12:55:27.068+0000] {logging_mixin.py:150} INFO - [2023-09-04T12:55:27.067+0000] {dagbag.py:541} INFO - Filling up the DagBag from /home/airflow/.local/lib/python3.7/site-packages/airflow/example_dags/example_trigger_target_dag.py
[2023-09-04T12:55:27.082+0000] {processor.py:836} INFO - DAG(s) dict_keys(['example_trigger_target_dag']) retrieved from /home/airflow/.local/lib/python3.7/site-packages/airflow/example_dags/example_trigger_target_dag.py
[2023-09-04T12:55:27.129+0000] {logging_mixin.py:150} INFO - [2023-09-04T12:55:27.128+0000] {dag.py:2742} INFO - Sync 1 DAGs
[2023-09-04T12:55:27.185+0000] {logging_mixin.py:150} INFO - [2023-09-04T12:55:27.185+0000] {dag.py:3508} INFO - Setting next_dagrun for example_trigger_target_dag to None, run_after=None
[2023-09-04T12:55:27.243+0000] {processor.py:179} INFO - Processing /home/airflow/.local/lib/python3.7/site-packages/airflow/example_dags/example_trigger_target_dag.py took 0.193 seconds
[2023-09-04T12:55:57.487+0000] {processor.py:157} INFO - Started process (PID=597) to work on /home/airflow/.local/lib/python3.7/site-packages/airflow/example_dags/example_trigger_target_dag.py
[2023-09-04T12:55:57.489+0000] {processor.py:826} INFO - Processing file /home/airflow/.local/lib/python3.7/site-packages/airflow/example_dags/example_trigger_target_dag.py for tasks to queue
[2023-09-04T12:55:57.492+0000] {logging_mixin.py:150} INFO - [2023-09-04T12:55:57.492+0000] {dagbag.py:541} INFO - Filling up the DagBag from /home/airflow/.local/lib/python3.7/site-packages/airflow/example_dags/example_trigger_target_dag.py
[2023-09-04T12:55:57.507+0000] {processor.py:836} INFO - DAG(s) dict_keys(['example_trigger_target_dag']) retrieved from /home/airflow/.local/lib/python3.7/site-packages/airflow/example_dags/example_trigger_target_dag.py
[2023-09-04T12:55:57.580+0000] {logging_mixin.py:150} INFO - [2023-09-04T12:55:57.580+0000] {dag.py:2742} INFO - Sync 1 DAGs
[2023-09-04T12:55:57.643+0000] {logging_mixin.py:150} INFO - [2023-09-04T12:55:57.642+0000] {dag.py:3508} INFO - Setting next_dagrun for example_trigger_target_dag to None, run_after=None
[2023-09-04T12:55:57.685+0000] {processor.py:179} INFO - Processing /home/airflow/.local/lib/python3.7/site-packages/airflow/example_dags/example_trigger_target_dag.py took 0.206 seconds
[2023-09-04T12:56:28.266+0000] {processor.py:157} INFO - Started process (PID=651) to work on /home/airflow/.local/lib/python3.7/site-packages/airflow/example_dags/example_trigger_target_dag.py
[2023-09-04T12:56:28.269+0000] {processor.py:826} INFO - Processing file /home/airflow/.local/lib/python3.7/site-packages/airflow/example_dags/example_trigger_target_dag.py for tasks to queue
[2023-09-04T12:56:28.272+0000] {logging_mixin.py:150} INFO - [2023-09-04T12:56:28.271+0000] {dagbag.py:541} INFO - Filling up the DagBag from /home/airflow/.local/lib/python3.7/site-packages/airflow/example_dags/example_trigger_target_dag.py
[2023-09-04T12:56:28.289+0000] {processor.py:836} INFO - DAG(s) dict_keys(['example_trigger_target_dag']) retrieved from /home/airflow/.local/lib/python3.7/site-packages/airflow/example_dags/example_trigger_target_dag.py
[2023-09-04T12:56:28.352+0000] {logging_mixin.py:150} INFO - [2023-09-04T12:56:28.351+0000] {dag.py:2742} INFO - Sync 1 DAGs
[2023-09-04T12:56:28.443+0000] {logging_mixin.py:150} INFO - [2023-09-04T12:56:28.442+0000] {dag.py:3508} INFO - Setting next_dagrun for example_trigger_target_dag to None, run_after=None
[2023-09-04T12:56:28.505+0000] {processor.py:179} INFO - Processing /home/airflow/.local/lib/python3.7/site-packages/airflow/example_dags/example_trigger_target_dag.py took 0.247 seconds
[2023-09-04T12:56:58.668+0000] {processor.py:157} INFO - Started process (PID=710) to work on /home/airflow/.local/lib/python3.7/site-packages/airflow/example_dags/example_trigger_target_dag.py
[2023-09-04T12:56:58.671+0000] {processor.py:826} INFO - Processing file /home/airflow/.local/lib/python3.7/site-packages/airflow/example_dags/example_trigger_target_dag.py for tasks to queue
[2023-09-04T12:56:58.677+0000] {logging_mixin.py:150} INFO - [2023-09-04T12:56:58.676+0000] {dagbag.py:541} INFO - Filling up the DagBag from /home/airflow/.local/lib/python3.7/site-packages/airflow/example_dags/example_trigger_target_dag.py
[2023-09-04T12:56:58.689+0000] {processor.py:836} INFO - DAG(s) dict_keys(['example_trigger_target_dag']) retrieved from /home/airflow/.local/lib/python3.7/site-packages/airflow/example_dags/example_trigger_target_dag.py
[2023-09-04T12:56:58.734+0000] {logging_mixin.py:150} INFO - [2023-09-04T12:56:58.734+0000] {dag.py:2742} INFO - Sync 1 DAGs
[2023-09-04T12:56:58.796+0000] {logging_mixin.py:150} INFO - [2023-09-04T12:56:58.796+0000] {dag.py:3508} INFO - Setting next_dagrun for example_trigger_target_dag to None, run_after=None
[2023-09-04T12:56:58.851+0000] {processor.py:179} INFO - Processing /home/airflow/.local/lib/python3.7/site-packages/airflow/example_dags/example_trigger_target_dag.py took 0.189 seconds
[2023-09-04T12:57:29.731+0000] {processor.py:157} INFO - Started process (PID=768) to work on /home/airflow/.local/lib/python3.7/site-packages/airflow/example_dags/example_trigger_target_dag.py
[2023-09-04T12:57:29.736+0000] {processor.py:826} INFO - Processing file /home/airflow/.local/lib/python3.7/site-packages/airflow/example_dags/example_trigger_target_dag.py for tasks to queue
[2023-09-04T12:57:29.740+0000] {logging_mixin.py:150} INFO - [2023-09-04T12:57:29.740+0000] {dagbag.py:541} INFO - Filling up the DagBag from /home/airflow/.local/lib/python3.7/site-packages/airflow/example_dags/example_trigger_target_dag.py
[2023-09-04T12:57:29.763+0000] {processor.py:836} INFO - DAG(s) dict_keys(['example_trigger_target_dag']) retrieved from /home/airflow/.local/lib/python3.7/site-packages/airflow/example_dags/example_trigger_target_dag.py
[2023-09-04T12:57:29.890+0000] {logging_mixin.py:150} INFO - [2023-09-04T12:57:29.889+0000] {dag.py:2742} INFO - Sync 1 DAGs
[2023-09-04T12:57:30.046+0000] {logging_mixin.py:150} INFO - [2023-09-04T12:57:30.046+0000] {dag.py:3508} INFO - Setting next_dagrun for example_trigger_target_dag to None, run_after=None
[2023-09-04T12:57:30.213+0000] {processor.py:179} INFO - Processing /home/airflow/.local/lib/python3.7/site-packages/airflow/example_dags/example_trigger_target_dag.py took 0.500 seconds
[2023-09-04T12:58:01.315+0000] {processor.py:157} INFO - Started process (PID=827) to work on /home/airflow/.local/lib/python3.7/site-packages/airflow/example_dags/example_trigger_target_dag.py
[2023-09-04T12:58:01.318+0000] {processor.py:826} INFO - Processing file /home/airflow/.local/lib/python3.7/site-packages/airflow/example_dags/example_trigger_target_dag.py for tasks to queue
[2023-09-04T12:58:01.326+0000] {logging_mixin.py:150} INFO - [2023-09-04T12:58:01.325+0000] {dagbag.py:541} INFO - Filling up the DagBag from /home/airflow/.local/lib/python3.7/site-packages/airflow/example_dags/example_trigger_target_dag.py
[2023-09-04T12:58:01.356+0000] {processor.py:836} INFO - DAG(s) dict_keys(['example_trigger_target_dag']) retrieved from /home/airflow/.local/lib/python3.7/site-packages/airflow/example_dags/example_trigger_target_dag.py
[2023-09-04T12:58:01.417+0000] {logging_mixin.py:150} INFO - [2023-09-04T12:58:01.416+0000] {dag.py:2742} INFO - Sync 1 DAGs
[2023-09-04T12:58:01.527+0000] {logging_mixin.py:150} INFO - [2023-09-04T12:58:01.526+0000] {dag.py:3508} INFO - Setting next_dagrun for example_trigger_target_dag to None, run_after=None
[2023-09-04T12:58:01.611+0000] {processor.py:179} INFO - Processing /home/airflow/.local/lib/python3.7/site-packages/airflow/example_dags/example_trigger_target_dag.py took 0.302 seconds
[2023-09-04T12:58:31.922+0000] {processor.py:157} INFO - Started process (PID=886) to work on /home/airflow/.local/lib/python3.7/site-packages/airflow/example_dags/example_trigger_target_dag.py
[2023-09-04T12:58:31.925+0000] {processor.py:826} INFO - Processing file /home/airflow/.local/lib/python3.7/site-packages/airflow/example_dags/example_trigger_target_dag.py for tasks to queue
[2023-09-04T12:58:31.927+0000] {logging_mixin.py:150} INFO - [2023-09-04T12:58:31.926+0000] {dagbag.py:541} INFO - Filling up the DagBag from /home/airflow/.local/lib/python3.7/site-packages/airflow/example_dags/example_trigger_target_dag.py
[2023-09-04T12:58:31.941+0000] {processor.py:836} INFO - DAG(s) dict_keys(['example_trigger_target_dag']) retrieved from /home/airflow/.local/lib/python3.7/site-packages/airflow/example_dags/example_trigger_target_dag.py
[2023-09-04T12:58:31.995+0000] {logging_mixin.py:150} INFO - [2023-09-04T12:58:31.995+0000] {dag.py:2742} INFO - Sync 1 DAGs
[2023-09-04T12:58:32.046+0000] {logging_mixin.py:150} INFO - [2023-09-04T12:58:32.045+0000] {dag.py:3508} INFO - Setting next_dagrun for example_trigger_target_dag to None, run_after=None
[2023-09-04T12:58:32.083+0000] {processor.py:179} INFO - Processing /home/airflow/.local/lib/python3.7/site-packages/airflow/example_dags/example_trigger_target_dag.py took 0.165 seconds
