[2023-09-04T12:39:27.020+0000] {processor.py:157} INFO - Started process (PID=75) to work on /home/airflow/.local/lib/python3.7/site-packages/airflow/example_dags/example_sla_dag.py
[2023-09-04T12:39:27.046+0000] {processor.py:826} INFO - Processing file /home/airflow/.local/lib/python3.7/site-packages/airflow/example_dags/example_sla_dag.py for tasks to queue
[2023-09-04T12:39:27.054+0000] {logging_mixin.py:150} INFO - [2023-09-04T12:39:27.054+0000] {dagbag.py:541} INFO - Filling up the DagBag from /home/airflow/.local/lib/python3.7/site-packages/airflow/example_dags/example_sla_dag.py
[2023-09-04T12:39:27.192+0000] {processor.py:836} INFO - DAG(s) dict_keys(['example_sla_dag']) retrieved from /home/airflow/.local/lib/python3.7/site-packages/airflow/example_dags/example_sla_dag.py
[2023-09-04T12:39:27.413+0000] {logging_mixin.py:150} INFO - [2023-09-04T12:39:27.412+0000] {dag.py:2742} INFO - Sync 1 DAGs
[2023-09-04T12:39:28.089+0000] {logging_mixin.py:150} INFO - [2023-09-04T12:39:28.088+0000] {dag.py:3508} INFO - Setting next_dagrun for example_sla_dag to 2023-09-04T12:36:00+00:00, run_after=2023-09-04T12:38:00+00:00
[2023-09-04T12:39:28.303+0000] {processor.py:179} INFO - Processing /home/airflow/.local/lib/python3.7/site-packages/airflow/example_dags/example_sla_dag.py took 1.290 seconds
[2023-09-04T12:39:58.886+0000] {processor.py:157} INFO - Started process (PID=134) to work on /home/airflow/.local/lib/python3.7/site-packages/airflow/example_dags/example_sla_dag.py
[2023-09-04T12:39:58.901+0000] {processor.py:826} INFO - Processing file /home/airflow/.local/lib/python3.7/site-packages/airflow/example_dags/example_sla_dag.py for tasks to queue
[2023-09-04T12:39:58.917+0000] {logging_mixin.py:150} INFO - [2023-09-04T12:39:58.916+0000] {dagbag.py:541} INFO - Filling up the DagBag from /home/airflow/.local/lib/python3.7/site-packages/airflow/example_dags/example_sla_dag.py
[2023-09-04T12:39:59.014+0000] {processor.py:836} INFO - DAG(s) dict_keys(['example_sla_dag']) retrieved from /home/airflow/.local/lib/python3.7/site-packages/airflow/example_dags/example_sla_dag.py
[2023-09-04T12:39:59.399+0000] {logging_mixin.py:150} INFO - [2023-09-04T12:39:59.398+0000] {dag.py:2742} INFO - Sync 1 DAGs
[2023-09-04T12:39:59.679+0000] {logging_mixin.py:150} INFO - [2023-09-04T12:39:59.679+0000] {dag.py:3508} INFO - Setting next_dagrun for example_sla_dag to 2023-09-04T12:36:00+00:00, run_after=2023-09-04T12:38:00+00:00
[2023-09-04T12:39:59.824+0000] {processor.py:179} INFO - Processing /home/airflow/.local/lib/python3.7/site-packages/airflow/example_dags/example_sla_dag.py took 0.972 seconds
[2023-09-04T12:40:34.556+0000] {processor.py:157} INFO - Started process (PID=193) to work on /home/airflow/.local/lib/python3.7/site-packages/airflow/example_dags/example_sla_dag.py
[2023-09-04T12:40:34.600+0000] {processor.py:826} INFO - Processing file /home/airflow/.local/lib/python3.7/site-packages/airflow/example_dags/example_sla_dag.py for tasks to queue
[2023-09-04T12:40:34.617+0000] {logging_mixin.py:150} INFO - [2023-09-04T12:40:34.617+0000] {dagbag.py:541} INFO - Filling up the DagBag from /home/airflow/.local/lib/python3.7/site-packages/airflow/example_dags/example_sla_dag.py
[2023-09-04T12:40:34.703+0000] {processor.py:836} INFO - DAG(s) dict_keys(['example_sla_dag']) retrieved from /home/airflow/.local/lib/python3.7/site-packages/airflow/example_dags/example_sla_dag.py
[2023-09-04T12:40:34.941+0000] {logging_mixin.py:150} INFO - [2023-09-04T12:40:34.941+0000] {dag.py:2742} INFO - Sync 1 DAGs
[2023-09-04T12:40:35.211+0000] {logging_mixin.py:150} INFO - [2023-09-04T12:40:35.211+0000] {dag.py:3508} INFO - Setting next_dagrun for example_sla_dag to 2023-09-04T12:38:00+00:00, run_after=2023-09-04T12:40:00+00:00
[2023-09-04T12:40:35.449+0000] {processor.py:179} INFO - Processing /home/airflow/.local/lib/python3.7/site-packages/airflow/example_dags/example_sla_dag.py took 0.901 seconds
[2023-09-04T12:41:13.656+0000] {processor.py:157} INFO - Started process (PID=251) to work on /home/airflow/.local/lib/python3.7/site-packages/airflow/example_dags/example_sla_dag.py
[2023-09-04T12:41:13.659+0000] {processor.py:826} INFO - Processing file /home/airflow/.local/lib/python3.7/site-packages/airflow/example_dags/example_sla_dag.py for tasks to queue
[2023-09-04T12:41:13.670+0000] {logging_mixin.py:150} INFO - [2023-09-04T12:41:13.670+0000] {dagbag.py:541} INFO - Filling up the DagBag from /home/airflow/.local/lib/python3.7/site-packages/airflow/example_dags/example_sla_dag.py
[2023-09-04T12:41:13.738+0000] {processor.py:836} INFO - DAG(s) dict_keys(['example_sla_dag']) retrieved from /home/airflow/.local/lib/python3.7/site-packages/airflow/example_dags/example_sla_dag.py
[2023-09-04T12:41:13.954+0000] {logging_mixin.py:150} INFO - [2023-09-04T12:41:13.954+0000] {dag.py:2742} INFO - Sync 1 DAGs
[2023-09-04T12:41:14.324+0000] {logging_mixin.py:150} INFO - [2023-09-04T12:41:14.324+0000] {dag.py:3508} INFO - Setting next_dagrun for example_sla_dag to 2023-09-04T12:38:00+00:00, run_after=2023-09-04T12:40:00+00:00
[2023-09-04T12:41:14.516+0000] {processor.py:179} INFO - Processing /home/airflow/.local/lib/python3.7/site-packages/airflow/example_dags/example_sla_dag.py took 0.877 seconds
[2023-09-04T12:41:45.785+0000] {processor.py:157} INFO - Started process (PID=309) to work on /home/airflow/.local/lib/python3.7/site-packages/airflow/example_dags/example_sla_dag.py
[2023-09-04T12:41:45.816+0000] {processor.py:826} INFO - Processing file /home/airflow/.local/lib/python3.7/site-packages/airflow/example_dags/example_sla_dag.py for tasks to queue
[2023-09-04T12:41:45.823+0000] {logging_mixin.py:150} INFO - [2023-09-04T12:41:45.822+0000] {dagbag.py:541} INFO - Filling up the DagBag from /home/airflow/.local/lib/python3.7/site-packages/airflow/example_dags/example_sla_dag.py
[2023-09-04T12:41:45.895+0000] {processor.py:836} INFO - DAG(s) dict_keys(['example_sla_dag']) retrieved from /home/airflow/.local/lib/python3.7/site-packages/airflow/example_dags/example_sla_dag.py
[2023-09-04T12:41:46.069+0000] {logging_mixin.py:150} INFO - [2023-09-04T12:41:46.068+0000] {dag.py:2742} INFO - Sync 1 DAGs
[2023-09-04T12:41:46.457+0000] {logging_mixin.py:150} INFO - [2023-09-04T12:41:46.457+0000] {dag.py:3508} INFO - Setting next_dagrun for example_sla_dag to 2023-09-04T12:38:00+00:00, run_after=2023-09-04T12:40:00+00:00
[2023-09-04T12:41:46.661+0000] {processor.py:179} INFO - Processing /home/airflow/.local/lib/python3.7/site-packages/airflow/example_dags/example_sla_dag.py took 0.895 seconds
[2023-09-04T12:42:28.700+0000] {processor.py:157} INFO - Started process (PID=365) to work on /home/airflow/.local/lib/python3.7/site-packages/airflow/example_dags/example_sla_dag.py
[2023-09-04T12:42:28.744+0000] {processor.py:826} INFO - Processing file /home/airflow/.local/lib/python3.7/site-packages/airflow/example_dags/example_sla_dag.py for tasks to queue
[2023-09-04T12:42:28.810+0000] {logging_mixin.py:150} INFO - [2023-09-04T12:42:28.809+0000] {dagbag.py:541} INFO - Filling up the DagBag from /home/airflow/.local/lib/python3.7/site-packages/airflow/example_dags/example_sla_dag.py
[2023-09-04T12:42:28.944+0000] {processor.py:836} INFO - DAG(s) dict_keys(['example_sla_dag']) retrieved from /home/airflow/.local/lib/python3.7/site-packages/airflow/example_dags/example_sla_dag.py
[2023-09-04T12:42:29.222+0000] {logging_mixin.py:150} INFO - [2023-09-04T12:42:29.222+0000] {dag.py:2742} INFO - Sync 1 DAGs
[2023-09-04T12:42:29.509+0000] {logging_mixin.py:150} INFO - [2023-09-04T12:42:29.509+0000] {dag.py:3508} INFO - Setting next_dagrun for example_sla_dag to 2023-09-04T12:40:00+00:00, run_after=2023-09-04T12:42:00+00:00
[2023-09-04T12:42:29.691+0000] {processor.py:179} INFO - Processing /home/airflow/.local/lib/python3.7/site-packages/airflow/example_dags/example_sla_dag.py took 1.010 seconds
[2023-09-04T12:43:04.044+0000] {processor.py:157} INFO - Started process (PID=425) to work on /home/airflow/.local/lib/python3.7/site-packages/airflow/example_dags/example_sla_dag.py
[2023-09-04T12:43:04.051+0000] {processor.py:826} INFO - Processing file /home/airflow/.local/lib/python3.7/site-packages/airflow/example_dags/example_sla_dag.py for tasks to queue
[2023-09-04T12:43:04.058+0000] {logging_mixin.py:150} INFO - [2023-09-04T12:43:04.056+0000] {dagbag.py:541} INFO - Filling up the DagBag from /home/airflow/.local/lib/python3.7/site-packages/airflow/example_dags/example_sla_dag.py
[2023-09-04T12:43:04.114+0000] {processor.py:836} INFO - DAG(s) dict_keys(['example_sla_dag']) retrieved from /home/airflow/.local/lib/python3.7/site-packages/airflow/example_dags/example_sla_dag.py
[2023-09-04T12:43:04.273+0000] {logging_mixin.py:150} INFO - [2023-09-04T12:43:04.273+0000] {dag.py:2742} INFO - Sync 1 DAGs
[2023-09-04T12:43:04.529+0000] {logging_mixin.py:150} INFO - [2023-09-04T12:43:04.528+0000] {dag.py:3508} INFO - Setting next_dagrun for example_sla_dag to 2023-09-04T12:40:00+00:00, run_after=2023-09-04T12:42:00+00:00
[2023-09-04T12:43:04.699+0000] {processor.py:179} INFO - Processing /home/airflow/.local/lib/python3.7/site-packages/airflow/example_dags/example_sla_dag.py took 0.664 seconds
[2023-09-04T12:43:37.400+0000] {processor.py:157} INFO - Started process (PID=484) to work on /home/airflow/.local/lib/python3.7/site-packages/airflow/example_dags/example_sla_dag.py
[2023-09-04T12:43:37.427+0000] {processor.py:826} INFO - Processing file /home/airflow/.local/lib/python3.7/site-packages/airflow/example_dags/example_sla_dag.py for tasks to queue
[2023-09-04T12:43:37.436+0000] {logging_mixin.py:150} INFO - [2023-09-04T12:43:37.435+0000] {dagbag.py:541} INFO - Filling up the DagBag from /home/airflow/.local/lib/python3.7/site-packages/airflow/example_dags/example_sla_dag.py
[2023-09-04T12:43:37.514+0000] {processor.py:836} INFO - DAG(s) dict_keys(['example_sla_dag']) retrieved from /home/airflow/.local/lib/python3.7/site-packages/airflow/example_dags/example_sla_dag.py
[2023-09-04T12:43:37.702+0000] {logging_mixin.py:150} INFO - [2023-09-04T12:43:37.702+0000] {dag.py:2742} INFO - Sync 1 DAGs
[2023-09-04T12:43:37.963+0000] {logging_mixin.py:150} INFO - [2023-09-04T12:43:37.963+0000] {dag.py:3508} INFO - Setting next_dagrun for example_sla_dag to 2023-09-04T12:40:00+00:00, run_after=2023-09-04T12:42:00+00:00
[2023-09-04T12:43:38.142+0000] {processor.py:179} INFO - Processing /home/airflow/.local/lib/python3.7/site-packages/airflow/example_dags/example_sla_dag.py took 0.762 seconds
[2023-09-04T12:44:14.193+0000] {processor.py:157} INFO - Started process (PID=542) to work on /home/airflow/.local/lib/python3.7/site-packages/airflow/example_dags/example_sla_dag.py
[2023-09-04T12:44:14.222+0000] {processor.py:826} INFO - Processing file /home/airflow/.local/lib/python3.7/site-packages/airflow/example_dags/example_sla_dag.py for tasks to queue
[2023-09-04T12:44:14.243+0000] {logging_mixin.py:150} INFO - [2023-09-04T12:44:14.242+0000] {dagbag.py:541} INFO - Filling up the DagBag from /home/airflow/.local/lib/python3.7/site-packages/airflow/example_dags/example_sla_dag.py
[2023-09-04T12:44:14.308+0000] {processor.py:836} INFO - DAG(s) dict_keys(['example_sla_dag']) retrieved from /home/airflow/.local/lib/python3.7/site-packages/airflow/example_dags/example_sla_dag.py
[2023-09-04T12:44:14.507+0000] {logging_mixin.py:150} INFO - [2023-09-04T12:44:14.506+0000] {dag.py:2742} INFO - Sync 1 DAGs
[2023-09-04T12:44:14.732+0000] {logging_mixin.py:150} INFO - [2023-09-04T12:44:14.732+0000] {dag.py:3508} INFO - Setting next_dagrun for example_sla_dag to 2023-09-04T12:42:00+00:00, run_after=2023-09-04T12:44:00+00:00
[2023-09-04T12:44:14.858+0000] {processor.py:179} INFO - Processing /home/airflow/.local/lib/python3.7/site-packages/airflow/example_dags/example_sla_dag.py took 0.678 seconds
[2023-09-04T12:44:51.917+0000] {processor.py:157} INFO - Started process (PID=601) to work on /home/airflow/.local/lib/python3.7/site-packages/airflow/example_dags/example_sla_dag.py
[2023-09-04T12:44:52.027+0000] {processor.py:826} INFO - Processing file /home/airflow/.local/lib/python3.7/site-packages/airflow/example_dags/example_sla_dag.py for tasks to queue
[2023-09-04T12:44:52.092+0000] {logging_mixin.py:150} INFO - [2023-09-04T12:44:52.092+0000] {dagbag.py:541} INFO - Filling up the DagBag from /home/airflow/.local/lib/python3.7/site-packages/airflow/example_dags/example_sla_dag.py
[2023-09-04T12:44:52.286+0000] {processor.py:836} INFO - DAG(s) dict_keys(['example_sla_dag']) retrieved from /home/airflow/.local/lib/python3.7/site-packages/airflow/example_dags/example_sla_dag.py
[2023-09-04T12:44:52.608+0000] {logging_mixin.py:150} INFO - [2023-09-04T12:44:52.608+0000] {dag.py:2742} INFO - Sync 1 DAGs
[2023-09-04T12:44:53.048+0000] {logging_mixin.py:150} INFO - [2023-09-04T12:44:53.047+0000] {dag.py:3508} INFO - Setting next_dagrun for example_sla_dag to 2023-09-04T12:42:00+00:00, run_after=2023-09-04T12:44:00+00:00
[2023-09-04T12:44:53.404+0000] {processor.py:179} INFO - Processing /home/airflow/.local/lib/python3.7/site-packages/airflow/example_dags/example_sla_dag.py took 1.509 seconds
[2023-09-04T12:45:23.770+0000] {processor.py:157} INFO - Started process (PID=660) to work on /home/airflow/.local/lib/python3.7/site-packages/airflow/example_dags/example_sla_dag.py
[2023-09-04T12:45:23.773+0000] {processor.py:826} INFO - Processing file /home/airflow/.local/lib/python3.7/site-packages/airflow/example_dags/example_sla_dag.py for tasks to queue
[2023-09-04T12:45:23.775+0000] {logging_mixin.py:150} INFO - [2023-09-04T12:45:23.775+0000] {dagbag.py:541} INFO - Filling up the DagBag from /home/airflow/.local/lib/python3.7/site-packages/airflow/example_dags/example_sla_dag.py
[2023-09-04T12:45:23.809+0000] {processor.py:836} INFO - DAG(s) dict_keys(['example_sla_dag']) retrieved from /home/airflow/.local/lib/python3.7/site-packages/airflow/example_dags/example_sla_dag.py
[2023-09-04T12:45:23.943+0000] {logging_mixin.py:150} INFO - [2023-09-04T12:45:23.942+0000] {dag.py:2742} INFO - Sync 1 DAGs
[2023-09-04T12:45:24.044+0000] {logging_mixin.py:150} INFO - [2023-09-04T12:45:24.043+0000] {dag.py:3508} INFO - Setting next_dagrun for example_sla_dag to 2023-09-04T12:42:00+00:00, run_after=2023-09-04T12:44:00+00:00
[2023-09-04T12:45:24.101+0000] {processor.py:179} INFO - Processing /home/airflow/.local/lib/python3.7/site-packages/airflow/example_dags/example_sla_dag.py took 0.363 seconds
[2023-09-04T12:45:54.380+0000] {processor.py:157} INFO - Started process (PID=720) to work on /home/airflow/.local/lib/python3.7/site-packages/airflow/example_dags/example_sla_dag.py
[2023-09-04T12:45:54.382+0000] {processor.py:826} INFO - Processing file /home/airflow/.local/lib/python3.7/site-packages/airflow/example_dags/example_sla_dag.py for tasks to queue
[2023-09-04T12:45:54.384+0000] {logging_mixin.py:150} INFO - [2023-09-04T12:45:54.384+0000] {dagbag.py:541} INFO - Filling up the DagBag from /home/airflow/.local/lib/python3.7/site-packages/airflow/example_dags/example_sla_dag.py
[2023-09-04T12:45:54.401+0000] {processor.py:836} INFO - DAG(s) dict_keys(['example_sla_dag']) retrieved from /home/airflow/.local/lib/python3.7/site-packages/airflow/example_dags/example_sla_dag.py
[2023-09-04T12:45:54.457+0000] {logging_mixin.py:150} INFO - [2023-09-04T12:45:54.457+0000] {dag.py:2742} INFO - Sync 1 DAGs
[2023-09-04T12:45:54.582+0000] {logging_mixin.py:150} INFO - [2023-09-04T12:45:54.581+0000] {dag.py:3508} INFO - Setting next_dagrun for example_sla_dag to 2023-09-04T12:42:00+00:00, run_after=2023-09-04T12:44:00+00:00
[2023-09-04T12:45:54.627+0000] {processor.py:179} INFO - Processing /home/airflow/.local/lib/python3.7/site-packages/airflow/example_dags/example_sla_dag.py took 0.252 seconds
[2023-09-04T12:46:25.384+0000] {processor.py:157} INFO - Started process (PID=780) to work on /home/airflow/.local/lib/python3.7/site-packages/airflow/example_dags/example_sla_dag.py
[2023-09-04T12:46:25.387+0000] {processor.py:826} INFO - Processing file /home/airflow/.local/lib/python3.7/site-packages/airflow/example_dags/example_sla_dag.py for tasks to queue
[2023-09-04T12:46:25.389+0000] {logging_mixin.py:150} INFO - [2023-09-04T12:46:25.388+0000] {dagbag.py:541} INFO - Filling up the DagBag from /home/airflow/.local/lib/python3.7/site-packages/airflow/example_dags/example_sla_dag.py
[2023-09-04T12:46:25.413+0000] {processor.py:836} INFO - DAG(s) dict_keys(['example_sla_dag']) retrieved from /home/airflow/.local/lib/python3.7/site-packages/airflow/example_dags/example_sla_dag.py
[2023-09-04T12:46:25.487+0000] {logging_mixin.py:150} INFO - [2023-09-04T12:46:25.486+0000] {dag.py:2742} INFO - Sync 1 DAGs
[2023-09-04T12:46:25.554+0000] {logging_mixin.py:150} INFO - [2023-09-04T12:46:25.554+0000] {dag.py:3508} INFO - Setting next_dagrun for example_sla_dag to 2023-09-04T12:44:00+00:00, run_after=2023-09-04T12:46:00+00:00
[2023-09-04T12:46:25.608+0000] {processor.py:179} INFO - Processing /home/airflow/.local/lib/python3.7/site-packages/airflow/example_dags/example_sla_dag.py took 0.231 seconds
[2023-09-04T12:46:55.746+0000] {processor.py:157} INFO - Started process (PID=839) to work on /home/airflow/.local/lib/python3.7/site-packages/airflow/example_dags/example_sla_dag.py
[2023-09-04T12:46:55.751+0000] {processor.py:826} INFO - Processing file /home/airflow/.local/lib/python3.7/site-packages/airflow/example_dags/example_sla_dag.py for tasks to queue
[2023-09-04T12:46:55.755+0000] {logging_mixin.py:150} INFO - [2023-09-04T12:46:55.754+0000] {dagbag.py:541} INFO - Filling up the DagBag from /home/airflow/.local/lib/python3.7/site-packages/airflow/example_dags/example_sla_dag.py
[2023-09-04T12:46:55.780+0000] {processor.py:836} INFO - DAG(s) dict_keys(['example_sla_dag']) retrieved from /home/airflow/.local/lib/python3.7/site-packages/airflow/example_dags/example_sla_dag.py
[2023-09-04T12:46:55.830+0000] {logging_mixin.py:150} INFO - [2023-09-04T12:46:55.829+0000] {dag.py:2742} INFO - Sync 1 DAGs
[2023-09-04T12:46:55.900+0000] {logging_mixin.py:150} INFO - [2023-09-04T12:46:55.899+0000] {dag.py:3508} INFO - Setting next_dagrun for example_sla_dag to 2023-09-04T12:44:00+00:00, run_after=2023-09-04T12:46:00+00:00
[2023-09-04T12:46:55.948+0000] {processor.py:179} INFO - Processing /home/airflow/.local/lib/python3.7/site-packages/airflow/example_dags/example_sla_dag.py took 0.214 seconds
[2023-09-04T12:47:26.720+0000] {processor.py:157} INFO - Started process (PID=898) to work on /home/airflow/.local/lib/python3.7/site-packages/airflow/example_dags/example_sla_dag.py
[2023-09-04T12:47:26.723+0000] {processor.py:826} INFO - Processing file /home/airflow/.local/lib/python3.7/site-packages/airflow/example_dags/example_sla_dag.py for tasks to queue
[2023-09-04T12:47:26.727+0000] {logging_mixin.py:150} INFO - [2023-09-04T12:47:26.727+0000] {dagbag.py:541} INFO - Filling up the DagBag from /home/airflow/.local/lib/python3.7/site-packages/airflow/example_dags/example_sla_dag.py
[2023-09-04T12:47:26.752+0000] {processor.py:836} INFO - DAG(s) dict_keys(['example_sla_dag']) retrieved from /home/airflow/.local/lib/python3.7/site-packages/airflow/example_dags/example_sla_dag.py
[2023-09-04T12:47:26.820+0000] {logging_mixin.py:150} INFO - [2023-09-04T12:47:26.819+0000] {dag.py:2742} INFO - Sync 1 DAGs
[2023-09-04T12:47:26.927+0000] {logging_mixin.py:150} INFO - [2023-09-04T12:47:26.927+0000] {dag.py:3508} INFO - Setting next_dagrun for example_sla_dag to 2023-09-04T12:44:00+00:00, run_after=2023-09-04T12:46:00+00:00
[2023-09-04T12:47:26.989+0000] {processor.py:179} INFO - Processing /home/airflow/.local/lib/python3.7/site-packages/airflow/example_dags/example_sla_dag.py took 0.278 seconds
[2023-09-04T12:47:58.037+0000] {processor.py:157} INFO - Started process (PID=958) to work on /home/airflow/.local/lib/python3.7/site-packages/airflow/example_dags/example_sla_dag.py
[2023-09-04T12:47:58.043+0000] {processor.py:826} INFO - Processing file /home/airflow/.local/lib/python3.7/site-packages/airflow/example_dags/example_sla_dag.py for tasks to queue
[2023-09-04T12:47:58.057+0000] {logging_mixin.py:150} INFO - [2023-09-04T12:47:58.054+0000] {dagbag.py:541} INFO - Filling up the DagBag from /home/airflow/.local/lib/python3.7/site-packages/airflow/example_dags/example_sla_dag.py
[2023-09-04T12:47:58.081+0000] {processor.py:836} INFO - DAG(s) dict_keys(['example_sla_dag']) retrieved from /home/airflow/.local/lib/python3.7/site-packages/airflow/example_dags/example_sla_dag.py
[2023-09-04T12:47:58.140+0000] {logging_mixin.py:150} INFO - [2023-09-04T12:47:58.139+0000] {dag.py:2742} INFO - Sync 1 DAGs
[2023-09-04T12:47:58.212+0000] {logging_mixin.py:150} INFO - [2023-09-04T12:47:58.212+0000] {dag.py:3508} INFO - Setting next_dagrun for example_sla_dag to 2023-09-04T12:44:00+00:00, run_after=2023-09-04T12:46:00+00:00
[2023-09-04T12:47:58.316+0000] {processor.py:179} INFO - Processing /home/airflow/.local/lib/python3.7/site-packages/airflow/example_dags/example_sla_dag.py took 0.288 seconds
[2023-09-04T12:48:28.601+0000] {processor.py:157} INFO - Started process (PID=1017) to work on /home/airflow/.local/lib/python3.7/site-packages/airflow/example_dags/example_sla_dag.py
[2023-09-04T12:48:28.603+0000] {processor.py:826} INFO - Processing file /home/airflow/.local/lib/python3.7/site-packages/airflow/example_dags/example_sla_dag.py for tasks to queue
[2023-09-04T12:48:28.607+0000] {logging_mixin.py:150} INFO - [2023-09-04T12:48:28.607+0000] {dagbag.py:541} INFO - Filling up the DagBag from /home/airflow/.local/lib/python3.7/site-packages/airflow/example_dags/example_sla_dag.py
[2023-09-04T12:48:28.628+0000] {processor.py:836} INFO - DAG(s) dict_keys(['example_sla_dag']) retrieved from /home/airflow/.local/lib/python3.7/site-packages/airflow/example_dags/example_sla_dag.py
[2023-09-04T12:48:28.719+0000] {logging_mixin.py:150} INFO - [2023-09-04T12:48:28.718+0000] {dag.py:2742} INFO - Sync 1 DAGs
[2023-09-04T12:48:28.995+0000] {logging_mixin.py:150} INFO - [2023-09-04T12:48:28.995+0000] {dag.py:3508} INFO - Setting next_dagrun for example_sla_dag to 2023-09-04T12:46:00+00:00, run_after=2023-09-04T12:48:00+00:00
[2023-09-04T12:48:29.147+0000] {processor.py:179} INFO - Processing /home/airflow/.local/lib/python3.7/site-packages/airflow/example_dags/example_sla_dag.py took 0.554 seconds
[2023-09-04T12:48:59.325+0000] {processor.py:157} INFO - Started process (PID=1073) to work on /home/airflow/.local/lib/python3.7/site-packages/airflow/example_dags/example_sla_dag.py
[2023-09-04T12:48:59.336+0000] {processor.py:826} INFO - Processing file /home/airflow/.local/lib/python3.7/site-packages/airflow/example_dags/example_sla_dag.py for tasks to queue
[2023-09-04T12:48:59.339+0000] {logging_mixin.py:150} INFO - [2023-09-04T12:48:59.339+0000] {dagbag.py:541} INFO - Filling up the DagBag from /home/airflow/.local/lib/python3.7/site-packages/airflow/example_dags/example_sla_dag.py
[2023-09-04T12:48:59.384+0000] {processor.py:836} INFO - DAG(s) dict_keys(['example_sla_dag']) retrieved from /home/airflow/.local/lib/python3.7/site-packages/airflow/example_dags/example_sla_dag.py
[2023-09-04T12:48:59.488+0000] {logging_mixin.py:150} INFO - [2023-09-04T12:48:59.488+0000] {dag.py:2742} INFO - Sync 1 DAGs
[2023-09-04T12:48:59.608+0000] {logging_mixin.py:150} INFO - [2023-09-04T12:48:59.608+0000] {dag.py:3508} INFO - Setting next_dagrun for example_sla_dag to 2023-09-04T12:46:00+00:00, run_after=2023-09-04T12:48:00+00:00
[2023-09-04T12:48:59.694+0000] {processor.py:179} INFO - Processing /home/airflow/.local/lib/python3.7/site-packages/airflow/example_dags/example_sla_dag.py took 0.376 seconds
[2023-09-04T12:49:29.792+0000] {processor.py:157} INFO - Started process (PID=1131) to work on /home/airflow/.local/lib/python3.7/site-packages/airflow/example_dags/example_sla_dag.py
[2023-09-04T12:49:29.794+0000] {processor.py:826} INFO - Processing file /home/airflow/.local/lib/python3.7/site-packages/airflow/example_dags/example_sla_dag.py for tasks to queue
[2023-09-04T12:49:29.796+0000] {logging_mixin.py:150} INFO - [2023-09-04T12:49:29.795+0000] {dagbag.py:541} INFO - Filling up the DagBag from /home/airflow/.local/lib/python3.7/site-packages/airflow/example_dags/example_sla_dag.py
[2023-09-04T12:49:29.813+0000] {processor.py:836} INFO - DAG(s) dict_keys(['example_sla_dag']) retrieved from /home/airflow/.local/lib/python3.7/site-packages/airflow/example_dags/example_sla_dag.py
[2023-09-04T12:49:29.865+0000] {logging_mixin.py:150} INFO - [2023-09-04T12:49:29.865+0000] {dag.py:2742} INFO - Sync 1 DAGs
[2023-09-04T12:49:29.961+0000] {logging_mixin.py:150} INFO - [2023-09-04T12:49:29.961+0000] {dag.py:3508} INFO - Setting next_dagrun for example_sla_dag to 2023-09-04T12:46:00+00:00, run_after=2023-09-04T12:48:00+00:00
[2023-09-04T12:49:30.008+0000] {processor.py:179} INFO - Processing /home/airflow/.local/lib/python3.7/site-packages/airflow/example_dags/example_sla_dag.py took 0.222 seconds
[2023-09-04T12:51:17.132+0000] {processor.py:157} INFO - Started process (PID=59) to work on /home/airflow/.local/lib/python3.7/site-packages/airflow/example_dags/example_sla_dag.py
[2023-09-04T12:51:17.156+0000] {processor.py:826} INFO - Processing file /home/airflow/.local/lib/python3.7/site-packages/airflow/example_dags/example_sla_dag.py for tasks to queue
[2023-09-04T12:51:17.163+0000] {logging_mixin.py:150} INFO - [2023-09-04T12:51:17.163+0000] {dagbag.py:541} INFO - Filling up the DagBag from /home/airflow/.local/lib/python3.7/site-packages/airflow/example_dags/example_sla_dag.py
[2023-09-04T12:51:17.224+0000] {processor.py:836} INFO - DAG(s) dict_keys(['example_sla_dag']) retrieved from /home/airflow/.local/lib/python3.7/site-packages/airflow/example_dags/example_sla_dag.py
[2023-09-04T12:51:17.316+0000] {logging_mixin.py:150} INFO - [2023-09-04T12:51:17.315+0000] {dag.py:2742} INFO - Sync 1 DAGs
[2023-09-04T12:51:17.432+0000] {logging_mixin.py:150} INFO - [2023-09-04T12:51:17.432+0000] {dag.py:3508} INFO - Setting next_dagrun for example_sla_dag to 2023-09-04T12:48:00+00:00, run_after=2023-09-04T12:50:00+00:00
[2023-09-04T12:51:17.620+0000] {processor.py:179} INFO - Processing /home/airflow/.local/lib/python3.7/site-packages/airflow/example_dags/example_sla_dag.py took 0.496 seconds
[2023-09-04T12:51:48.186+0000] {processor.py:157} INFO - Started process (PID=117) to work on /home/airflow/.local/lib/python3.7/site-packages/airflow/example_dags/example_sla_dag.py
[2023-09-04T12:51:48.189+0000] {processor.py:826} INFO - Processing file /home/airflow/.local/lib/python3.7/site-packages/airflow/example_dags/example_sla_dag.py for tasks to queue
[2023-09-04T12:51:48.192+0000] {logging_mixin.py:150} INFO - [2023-09-04T12:51:48.191+0000] {dagbag.py:541} INFO - Filling up the DagBag from /home/airflow/.local/lib/python3.7/site-packages/airflow/example_dags/example_sla_dag.py
[2023-09-04T12:51:48.219+0000] {processor.py:836} INFO - DAG(s) dict_keys(['example_sla_dag']) retrieved from /home/airflow/.local/lib/python3.7/site-packages/airflow/example_dags/example_sla_dag.py
[2023-09-04T12:51:48.326+0000] {logging_mixin.py:150} INFO - [2023-09-04T12:51:48.326+0000] {dag.py:2742} INFO - Sync 1 DAGs
[2023-09-04T12:51:48.431+0000] {logging_mixin.py:150} INFO - [2023-09-04T12:51:48.431+0000] {dag.py:3508} INFO - Setting next_dagrun for example_sla_dag to 2023-09-04T12:48:00+00:00, run_after=2023-09-04T12:50:00+00:00
[2023-09-04T12:51:48.475+0000] {processor.py:179} INFO - Processing /home/airflow/.local/lib/python3.7/site-packages/airflow/example_dags/example_sla_dag.py took 0.303 seconds
[2023-09-04T12:52:18.973+0000] {processor.py:157} INFO - Started process (PID=176) to work on /home/airflow/.local/lib/python3.7/site-packages/airflow/example_dags/example_sla_dag.py
[2023-09-04T12:52:18.974+0000] {processor.py:826} INFO - Processing file /home/airflow/.local/lib/python3.7/site-packages/airflow/example_dags/example_sla_dag.py for tasks to queue
[2023-09-04T12:52:18.976+0000] {logging_mixin.py:150} INFO - [2023-09-04T12:52:18.976+0000] {dagbag.py:541} INFO - Filling up the DagBag from /home/airflow/.local/lib/python3.7/site-packages/airflow/example_dags/example_sla_dag.py
[2023-09-04T12:52:18.991+0000] {processor.py:836} INFO - DAG(s) dict_keys(['example_sla_dag']) retrieved from /home/airflow/.local/lib/python3.7/site-packages/airflow/example_dags/example_sla_dag.py
[2023-09-04T12:52:19.031+0000] {logging_mixin.py:150} INFO - [2023-09-04T12:52:19.030+0000] {dag.py:2742} INFO - Sync 1 DAGs
[2023-09-04T12:52:19.101+0000] {logging_mixin.py:150} INFO - [2023-09-04T12:52:19.100+0000] {dag.py:3508} INFO - Setting next_dagrun for example_sla_dag to 2023-09-04T12:50:00+00:00, run_after=2023-09-04T12:52:00+00:00
[2023-09-04T12:52:19.176+0000] {processor.py:179} INFO - Processing /home/airflow/.local/lib/python3.7/site-packages/airflow/example_dags/example_sla_dag.py took 0.209 seconds
[2023-09-04T12:52:49.846+0000] {processor.py:157} INFO - Started process (PID=235) to work on /home/airflow/.local/lib/python3.7/site-packages/airflow/example_dags/example_sla_dag.py
[2023-09-04T12:52:49.848+0000] {processor.py:826} INFO - Processing file /home/airflow/.local/lib/python3.7/site-packages/airflow/example_dags/example_sla_dag.py for tasks to queue
[2023-09-04T12:52:49.851+0000] {logging_mixin.py:150} INFO - [2023-09-04T12:52:49.849+0000] {dagbag.py:541} INFO - Filling up the DagBag from /home/airflow/.local/lib/python3.7/site-packages/airflow/example_dags/example_sla_dag.py
[2023-09-04T12:52:49.882+0000] {processor.py:836} INFO - DAG(s) dict_keys(['example_sla_dag']) retrieved from /home/airflow/.local/lib/python3.7/site-packages/airflow/example_dags/example_sla_dag.py
[2023-09-04T12:52:49.950+0000] {logging_mixin.py:150} INFO - [2023-09-04T12:52:49.950+0000] {dag.py:2742} INFO - Sync 1 DAGs
[2023-09-04T12:52:50.084+0000] {logging_mixin.py:150} INFO - [2023-09-04T12:52:50.082+0000] {dag.py:3508} INFO - Setting next_dagrun for example_sla_dag to 2023-09-04T12:50:00+00:00, run_after=2023-09-04T12:52:00+00:00
[2023-09-04T12:52:50.220+0000] {processor.py:179} INFO - Processing /home/airflow/.local/lib/python3.7/site-packages/airflow/example_dags/example_sla_dag.py took 0.379 seconds
[2023-09-04T12:53:20.954+0000] {processor.py:157} INFO - Started process (PID=295) to work on /home/airflow/.local/lib/python3.7/site-packages/airflow/example_dags/example_sla_dag.py
[2023-09-04T12:53:20.958+0000] {processor.py:826} INFO - Processing file /home/airflow/.local/lib/python3.7/site-packages/airflow/example_dags/example_sla_dag.py for tasks to queue
[2023-09-04T12:53:20.962+0000] {logging_mixin.py:150} INFO - [2023-09-04T12:53:20.961+0000] {dagbag.py:541} INFO - Filling up the DagBag from /home/airflow/.local/lib/python3.7/site-packages/airflow/example_dags/example_sla_dag.py
[2023-09-04T12:53:21.010+0000] {processor.py:836} INFO - DAG(s) dict_keys(['example_sla_dag']) retrieved from /home/airflow/.local/lib/python3.7/site-packages/airflow/example_dags/example_sla_dag.py
[2023-09-04T12:53:21.116+0000] {logging_mixin.py:150} INFO - [2023-09-04T12:53:21.115+0000] {dag.py:2742} INFO - Sync 1 DAGs
[2023-09-04T12:53:21.212+0000] {logging_mixin.py:150} INFO - [2023-09-04T12:53:21.212+0000] {dag.py:3508} INFO - Setting next_dagrun for example_sla_dag to 2023-09-04T12:50:00+00:00, run_after=2023-09-04T12:52:00+00:00
[2023-09-04T12:53:21.270+0000] {processor.py:179} INFO - Processing /home/airflow/.local/lib/python3.7/site-packages/airflow/example_dags/example_sla_dag.py took 0.326 seconds
[2023-09-04T12:53:51.525+0000] {processor.py:157} INFO - Started process (PID=354) to work on /home/airflow/.local/lib/python3.7/site-packages/airflow/example_dags/example_sla_dag.py
[2023-09-04T12:53:51.526+0000] {processor.py:826} INFO - Processing file /home/airflow/.local/lib/python3.7/site-packages/airflow/example_dags/example_sla_dag.py for tasks to queue
[2023-09-04T12:53:51.530+0000] {logging_mixin.py:150} INFO - [2023-09-04T12:53:51.529+0000] {dagbag.py:541} INFO - Filling up the DagBag from /home/airflow/.local/lib/python3.7/site-packages/airflow/example_dags/example_sla_dag.py
[2023-09-04T12:53:51.549+0000] {processor.py:836} INFO - DAG(s) dict_keys(['example_sla_dag']) retrieved from /home/airflow/.local/lib/python3.7/site-packages/airflow/example_dags/example_sla_dag.py
[2023-09-04T12:53:51.622+0000] {logging_mixin.py:150} INFO - [2023-09-04T12:53:51.622+0000] {dag.py:2742} INFO - Sync 1 DAGs
[2023-09-04T12:53:51.709+0000] {logging_mixin.py:150} INFO - [2023-09-04T12:53:51.709+0000] {dag.py:3508} INFO - Setting next_dagrun for example_sla_dag to 2023-09-04T12:50:00+00:00, run_after=2023-09-04T12:52:00+00:00
[2023-09-04T12:53:51.765+0000] {processor.py:179} INFO - Processing /home/airflow/.local/lib/python3.7/site-packages/airflow/example_dags/example_sla_dag.py took 0.246 seconds
[2023-09-04T12:54:22.018+0000] {processor.py:157} INFO - Started process (PID=407) to work on /home/airflow/.local/lib/python3.7/site-packages/airflow/example_dags/example_sla_dag.py
[2023-09-04T12:54:22.021+0000] {processor.py:826} INFO - Processing file /home/airflow/.local/lib/python3.7/site-packages/airflow/example_dags/example_sla_dag.py for tasks to queue
[2023-09-04T12:54:22.024+0000] {logging_mixin.py:150} INFO - [2023-09-04T12:54:22.023+0000] {dagbag.py:541} INFO - Filling up the DagBag from /home/airflow/.local/lib/python3.7/site-packages/airflow/example_dags/example_sla_dag.py
[2023-09-04T12:54:22.052+0000] {processor.py:836} INFO - DAG(s) dict_keys(['example_sla_dag']) retrieved from /home/airflow/.local/lib/python3.7/site-packages/airflow/example_dags/example_sla_dag.py
[2023-09-04T12:54:22.122+0000] {logging_mixin.py:150} INFO - [2023-09-04T12:54:22.121+0000] {dag.py:2742} INFO - Sync 1 DAGs
[2023-09-04T12:54:22.215+0000] {logging_mixin.py:150} INFO - [2023-09-04T12:54:22.215+0000] {dag.py:3508} INFO - Setting next_dagrun for example_sla_dag to 2023-09-04T12:52:00+00:00, run_after=2023-09-04T12:54:00+00:00
[2023-09-04T12:54:22.290+0000] {processor.py:179} INFO - Processing /home/airflow/.local/lib/python3.7/site-packages/airflow/example_dags/example_sla_dag.py took 0.282 seconds
[2023-09-04T12:54:52.665+0000] {processor.py:157} INFO - Started process (PID=466) to work on /home/airflow/.local/lib/python3.7/site-packages/airflow/example_dags/example_sla_dag.py
[2023-09-04T12:54:52.670+0000] {processor.py:826} INFO - Processing file /home/airflow/.local/lib/python3.7/site-packages/airflow/example_dags/example_sla_dag.py for tasks to queue
[2023-09-04T12:54:52.674+0000] {logging_mixin.py:150} INFO - [2023-09-04T12:54:52.673+0000] {dagbag.py:541} INFO - Filling up the DagBag from /home/airflow/.local/lib/python3.7/site-packages/airflow/example_dags/example_sla_dag.py
[2023-09-04T12:54:52.701+0000] {processor.py:836} INFO - DAG(s) dict_keys(['example_sla_dag']) retrieved from /home/airflow/.local/lib/python3.7/site-packages/airflow/example_dags/example_sla_dag.py
[2023-09-04T12:54:52.741+0000] {logging_mixin.py:150} INFO - [2023-09-04T12:54:52.740+0000] {dag.py:2742} INFO - Sync 1 DAGs
[2023-09-04T12:54:52.796+0000] {logging_mixin.py:150} INFO - [2023-09-04T12:54:52.795+0000] {dag.py:3508} INFO - Setting next_dagrun for example_sla_dag to 2023-09-04T12:52:00+00:00, run_after=2023-09-04T12:54:00+00:00
[2023-09-04T12:54:52.899+0000] {processor.py:179} INFO - Processing /home/airflow/.local/lib/python3.7/site-packages/airflow/example_dags/example_sla_dag.py took 0.243 seconds
[2023-09-04T12:55:23.516+0000] {processor.py:157} INFO - Started process (PID=525) to work on /home/airflow/.local/lib/python3.7/site-packages/airflow/example_dags/example_sla_dag.py
[2023-09-04T12:55:23.525+0000] {processor.py:826} INFO - Processing file /home/airflow/.local/lib/python3.7/site-packages/airflow/example_dags/example_sla_dag.py for tasks to queue
[2023-09-04T12:55:23.528+0000] {logging_mixin.py:150} INFO - [2023-09-04T12:55:23.528+0000] {dagbag.py:541} INFO - Filling up the DagBag from /home/airflow/.local/lib/python3.7/site-packages/airflow/example_dags/example_sla_dag.py
[2023-09-04T12:55:23.557+0000] {processor.py:836} INFO - DAG(s) dict_keys(['example_sla_dag']) retrieved from /home/airflow/.local/lib/python3.7/site-packages/airflow/example_dags/example_sla_dag.py
[2023-09-04T12:55:23.658+0000] {logging_mixin.py:150} INFO - [2023-09-04T12:55:23.657+0000] {dag.py:2742} INFO - Sync 1 DAGs
[2023-09-04T12:55:23.747+0000] {logging_mixin.py:150} INFO - [2023-09-04T12:55:23.746+0000] {dag.py:3508} INFO - Setting next_dagrun for example_sla_dag to 2023-09-04T12:52:00+00:00, run_after=2023-09-04T12:54:00+00:00
[2023-09-04T12:55:23.787+0000] {processor.py:179} INFO - Processing /home/airflow/.local/lib/python3.7/site-packages/airflow/example_dags/example_sla_dag.py took 0.279 seconds
[2023-09-04T12:55:54.430+0000] {processor.py:157} INFO - Started process (PID=585) to work on /home/airflow/.local/lib/python3.7/site-packages/airflow/example_dags/example_sla_dag.py
[2023-09-04T12:55:54.432+0000] {processor.py:826} INFO - Processing file /home/airflow/.local/lib/python3.7/site-packages/airflow/example_dags/example_sla_dag.py for tasks to queue
[2023-09-04T12:55:54.436+0000] {logging_mixin.py:150} INFO - [2023-09-04T12:55:54.435+0000] {dagbag.py:541} INFO - Filling up the DagBag from /home/airflow/.local/lib/python3.7/site-packages/airflow/example_dags/example_sla_dag.py
[2023-09-04T12:55:54.456+0000] {processor.py:836} INFO - DAG(s) dict_keys(['example_sla_dag']) retrieved from /home/airflow/.local/lib/python3.7/site-packages/airflow/example_dags/example_sla_dag.py
[2023-09-04T12:55:54.532+0000] {logging_mixin.py:150} INFO - [2023-09-04T12:55:54.532+0000] {dag.py:2742} INFO - Sync 1 DAGs
[2023-09-04T12:55:54.699+0000] {logging_mixin.py:150} INFO - [2023-09-04T12:55:54.699+0000] {dag.py:3508} INFO - Setting next_dagrun for example_sla_dag to 2023-09-04T12:52:00+00:00, run_after=2023-09-04T12:54:00+00:00
[2023-09-04T12:55:54.767+0000] {processor.py:179} INFO - Processing /home/airflow/.local/lib/python3.7/site-packages/airflow/example_dags/example_sla_dag.py took 0.344 seconds
[2023-09-04T12:56:25.054+0000] {processor.py:157} INFO - Started process (PID=644) to work on /home/airflow/.local/lib/python3.7/site-packages/airflow/example_dags/example_sla_dag.py
[2023-09-04T12:56:25.055+0000] {processor.py:826} INFO - Processing file /home/airflow/.local/lib/python3.7/site-packages/airflow/example_dags/example_sla_dag.py for tasks to queue
[2023-09-04T12:56:25.058+0000] {logging_mixin.py:150} INFO - [2023-09-04T12:56:25.058+0000] {dagbag.py:541} INFO - Filling up the DagBag from /home/airflow/.local/lib/python3.7/site-packages/airflow/example_dags/example_sla_dag.py
[2023-09-04T12:56:25.076+0000] {processor.py:836} INFO - DAG(s) dict_keys(['example_sla_dag']) retrieved from /home/airflow/.local/lib/python3.7/site-packages/airflow/example_dags/example_sla_dag.py
[2023-09-04T12:56:25.121+0000] {logging_mixin.py:150} INFO - [2023-09-04T12:56:25.120+0000] {dag.py:2742} INFO - Sync 1 DAGs
[2023-09-04T12:56:25.184+0000] {logging_mixin.py:150} INFO - [2023-09-04T12:56:25.184+0000] {dag.py:3508} INFO - Setting next_dagrun for example_sla_dag to 2023-09-04T12:54:00+00:00, run_after=2023-09-04T12:56:00+00:00
[2023-09-04T12:56:25.257+0000] {processor.py:179} INFO - Processing /home/airflow/.local/lib/python3.7/site-packages/airflow/example_dags/example_sla_dag.py took 0.209 seconds
[2023-09-04T12:56:56.121+0000] {processor.py:157} INFO - Started process (PID=703) to work on /home/airflow/.local/lib/python3.7/site-packages/airflow/example_dags/example_sla_dag.py
[2023-09-04T12:56:56.123+0000] {processor.py:826} INFO - Processing file /home/airflow/.local/lib/python3.7/site-packages/airflow/example_dags/example_sla_dag.py for tasks to queue
[2023-09-04T12:56:56.126+0000] {logging_mixin.py:150} INFO - [2023-09-04T12:56:56.125+0000] {dagbag.py:541} INFO - Filling up the DagBag from /home/airflow/.local/lib/python3.7/site-packages/airflow/example_dags/example_sla_dag.py
[2023-09-04T12:56:56.159+0000] {processor.py:836} INFO - DAG(s) dict_keys(['example_sla_dag']) retrieved from /home/airflow/.local/lib/python3.7/site-packages/airflow/example_dags/example_sla_dag.py
[2023-09-04T12:56:56.234+0000] {logging_mixin.py:150} INFO - [2023-09-04T12:56:56.232+0000] {dag.py:2742} INFO - Sync 1 DAGs
[2023-09-04T12:56:56.331+0000] {logging_mixin.py:150} INFO - [2023-09-04T12:56:56.327+0000] {dag.py:3508} INFO - Setting next_dagrun for example_sla_dag to 2023-09-04T12:54:00+00:00, run_after=2023-09-04T12:56:00+00:00
[2023-09-04T12:56:56.396+0000] {processor.py:179} INFO - Processing /home/airflow/.local/lib/python3.7/site-packages/airflow/example_dags/example_sla_dag.py took 0.282 seconds
[2023-09-04T12:57:27.544+0000] {processor.py:157} INFO - Started process (PID=761) to work on /home/airflow/.local/lib/python3.7/site-packages/airflow/example_dags/example_sla_dag.py
[2023-09-04T12:57:27.546+0000] {processor.py:826} INFO - Processing file /home/airflow/.local/lib/python3.7/site-packages/airflow/example_dags/example_sla_dag.py for tasks to queue
[2023-09-04T12:57:27.549+0000] {logging_mixin.py:150} INFO - [2023-09-04T12:57:27.548+0000] {dagbag.py:541} INFO - Filling up the DagBag from /home/airflow/.local/lib/python3.7/site-packages/airflow/example_dags/example_sla_dag.py
[2023-09-04T12:57:27.583+0000] {processor.py:836} INFO - DAG(s) dict_keys(['example_sla_dag']) retrieved from /home/airflow/.local/lib/python3.7/site-packages/airflow/example_dags/example_sla_dag.py
[2023-09-04T12:57:27.640+0000] {logging_mixin.py:150} INFO - [2023-09-04T12:57:27.640+0000] {dag.py:2742} INFO - Sync 1 DAGs
[2023-09-04T12:57:27.724+0000] {logging_mixin.py:150} INFO - [2023-09-04T12:57:27.724+0000] {dag.py:3508} INFO - Setting next_dagrun for example_sla_dag to 2023-09-04T12:54:00+00:00, run_after=2023-09-04T12:56:00+00:00
[2023-09-04T12:57:27.788+0000] {processor.py:179} INFO - Processing /home/airflow/.local/lib/python3.7/site-packages/airflow/example_dags/example_sla_dag.py took 0.256 seconds
[2023-09-04T12:57:58.284+0000] {processor.py:157} INFO - Started process (PID=820) to work on /home/airflow/.local/lib/python3.7/site-packages/airflow/example_dags/example_sla_dag.py
[2023-09-04T12:57:58.289+0000] {processor.py:826} INFO - Processing file /home/airflow/.local/lib/python3.7/site-packages/airflow/example_dags/example_sla_dag.py for tasks to queue
[2023-09-04T12:57:58.291+0000] {logging_mixin.py:150} INFO - [2023-09-04T12:57:58.291+0000] {dagbag.py:541} INFO - Filling up the DagBag from /home/airflow/.local/lib/python3.7/site-packages/airflow/example_dags/example_sla_dag.py
[2023-09-04T12:57:58.314+0000] {processor.py:836} INFO - DAG(s) dict_keys(['example_sla_dag']) retrieved from /home/airflow/.local/lib/python3.7/site-packages/airflow/example_dags/example_sla_dag.py
[2023-09-04T12:57:58.366+0000] {logging_mixin.py:150} INFO - [2023-09-04T12:57:58.366+0000] {dag.py:2742} INFO - Sync 1 DAGs
[2023-09-04T12:57:58.450+0000] {logging_mixin.py:150} INFO - [2023-09-04T12:57:58.449+0000] {dag.py:3508} INFO - Setting next_dagrun for example_sla_dag to 2023-09-04T12:54:00+00:00, run_after=2023-09-04T12:56:00+00:00
[2023-09-04T12:57:58.493+0000] {processor.py:179} INFO - Processing /home/airflow/.local/lib/python3.7/site-packages/airflow/example_dags/example_sla_dag.py took 0.215 seconds
[2023-09-04T12:58:28.805+0000] {processor.py:157} INFO - Started process (PID=879) to work on /home/airflow/.local/lib/python3.7/site-packages/airflow/example_dags/example_sla_dag.py
[2023-09-04T12:58:28.807+0000] {processor.py:826} INFO - Processing file /home/airflow/.local/lib/python3.7/site-packages/airflow/example_dags/example_sla_dag.py for tasks to queue
[2023-09-04T12:58:28.809+0000] {logging_mixin.py:150} INFO - [2023-09-04T12:58:28.809+0000] {dagbag.py:541} INFO - Filling up the DagBag from /home/airflow/.local/lib/python3.7/site-packages/airflow/example_dags/example_sla_dag.py
[2023-09-04T12:58:28.829+0000] {processor.py:836} INFO - DAG(s) dict_keys(['example_sla_dag']) retrieved from /home/airflow/.local/lib/python3.7/site-packages/airflow/example_dags/example_sla_dag.py
[2023-09-04T12:58:28.881+0000] {logging_mixin.py:150} INFO - [2023-09-04T12:58:28.881+0000] {dag.py:2742} INFO - Sync 1 DAGs
[2023-09-04T12:58:28.981+0000] {logging_mixin.py:150} INFO - [2023-09-04T12:58:28.980+0000] {dag.py:3508} INFO - Setting next_dagrun for example_sla_dag to 2023-09-04T12:56:00+00:00, run_after=2023-09-04T12:58:00+00:00
[2023-09-04T12:58:29.043+0000] {processor.py:179} INFO - Processing /home/airflow/.local/lib/python3.7/site-packages/airflow/example_dags/example_sla_dag.py took 0.244 seconds
