[2023-09-04T12:39:46.104+0000] {processor.py:157} INFO - Started process (PID=102) to work on /home/airflow/.local/lib/python3.7/site-packages/airflow/example_dags/example_subdag_operator.py
[2023-09-04T12:39:46.108+0000] {processor.py:826} INFO - Processing file /home/airflow/.local/lib/python3.7/site-packages/airflow/example_dags/example_subdag_operator.py for tasks to queue
[2023-09-04T12:39:46.112+0000] {logging_mixin.py:150} INFO - [2023-09-04T12:39:46.112+0000] {dagbag.py:541} INFO - Filling up the DagBag from /home/airflow/.local/lib/python3.7/site-packages/airflow/example_dags/example_subdag_operator.py
[2023-09-04T12:39:46.450+0000] {processor.py:836} INFO - DAG(s) dict_keys(['example_subdag_operator.section-1', 'example_subdag_operator.section-2', 'example_subdag_operator']) retrieved from /home/airflow/.local/lib/python3.7/site-packages/airflow/example_dags/example_subdag_operator.py
[2023-09-04T12:39:46.514+0000] {logging_mixin.py:150} INFO - [2023-09-04T12:39:46.513+0000] {dag.py:2742} INFO - Sync 3 DAGs
[2023-09-04T12:39:46.615+0000] {logging_mixin.py:150} INFO - [2023-09-04T12:39:46.615+0000] {dag.py:3508} INFO - Setting next_dagrun for example_subdag_operator to 2022-01-01T00:00:00+00:00, run_after=2022-01-01T00:00:00+00:00
[2023-09-04T12:39:46.634+0000] {logging_mixin.py:150} INFO - [2023-09-04T12:39:46.633+0000] {dag.py:3508} INFO - Setting next_dagrun for example_subdag_operator.section-1 to None, run_after=None
[2023-09-04T12:39:46.641+0000] {logging_mixin.py:150} INFO - [2023-09-04T12:39:46.640+0000] {dag.py:3508} INFO - Setting next_dagrun for example_subdag_operator.section-2 to None, run_after=None
[2023-09-04T12:39:46.663+0000] {logging_mixin.py:150} INFO - [2023-09-04T12:39:46.662+0000] {dag.py:2742} INFO - Sync 2 DAGs
[2023-09-04T12:39:46.686+0000] {logging_mixin.py:150} INFO - [2023-09-04T12:39:46.685+0000] {dag.py:3508} INFO - Setting next_dagrun for example_subdag_operator.section-1 to None, run_after=None
[2023-09-04T12:39:46.688+0000] {logging_mixin.py:150} INFO - [2023-09-04T12:39:46.688+0000] {dag.py:3508} INFO - Setting next_dagrun for example_subdag_operator.section-2 to None, run_after=None
[2023-09-04T12:39:46.748+0000] {processor.py:179} INFO - Processing /home/airflow/.local/lib/python3.7/site-packages/airflow/example_dags/example_subdag_operator.py took 0.672 seconds
[2023-09-04T12:40:19.143+0000] {processor.py:157} INFO - Started process (PID=161) to work on /home/airflow/.local/lib/python3.7/site-packages/airflow/example_dags/example_subdag_operator.py
[2023-09-04T12:40:19.150+0000] {processor.py:826} INFO - Processing file /home/airflow/.local/lib/python3.7/site-packages/airflow/example_dags/example_subdag_operator.py for tasks to queue
[2023-09-04T12:40:19.161+0000] {logging_mixin.py:150} INFO - [2023-09-04T12:40:19.160+0000] {dagbag.py:541} INFO - Filling up the DagBag from /home/airflow/.local/lib/python3.7/site-packages/airflow/example_dags/example_subdag_operator.py
[2023-09-04T12:40:19.274+0000] {processor.py:836} INFO - DAG(s) dict_keys(['example_subdag_operator.section-1', 'example_subdag_operator.section-2', 'example_subdag_operator']) retrieved from /home/airflow/.local/lib/python3.7/site-packages/airflow/example_dags/example_subdag_operator.py
[2023-09-04T12:40:19.382+0000] {logging_mixin.py:150} INFO - [2023-09-04T12:40:19.382+0000] {dag.py:2742} INFO - Sync 3 DAGs
[2023-09-04T12:40:19.524+0000] {logging_mixin.py:150} INFO - [2023-09-04T12:40:19.524+0000] {dag.py:3508} INFO - Setting next_dagrun for example_subdag_operator to 2022-01-01T00:00:00+00:00, run_after=2022-01-01T00:00:00+00:00
[2023-09-04T12:40:19.546+0000] {logging_mixin.py:150} INFO - [2023-09-04T12:40:19.546+0000] {dag.py:3508} INFO - Setting next_dagrun for example_subdag_operator.section-1 to None, run_after=None
[2023-09-04T12:40:19.556+0000] {logging_mixin.py:150} INFO - [2023-09-04T12:40:19.556+0000] {dag.py:3508} INFO - Setting next_dagrun for example_subdag_operator.section-2 to None, run_after=None
[2023-09-04T12:40:19.650+0000] {logging_mixin.py:150} INFO - [2023-09-04T12:40:19.650+0000] {dag.py:2742} INFO - Sync 2 DAGs
[2023-09-04T12:40:19.713+0000] {logging_mixin.py:150} INFO - [2023-09-04T12:40:19.713+0000] {dag.py:3508} INFO - Setting next_dagrun for example_subdag_operator.section-1 to None, run_after=None
[2023-09-04T12:40:19.719+0000] {logging_mixin.py:150} INFO - [2023-09-04T12:40:19.718+0000] {dag.py:3508} INFO - Setting next_dagrun for example_subdag_operator.section-2 to None, run_after=None
[2023-09-04T12:40:19.861+0000] {processor.py:179} INFO - Processing /home/airflow/.local/lib/python3.7/site-packages/airflow/example_dags/example_subdag_operator.py took 0.727 seconds
[2023-09-04T12:41:02.378+0000] {processor.py:157} INFO - Started process (PID=232) to work on /home/airflow/.local/lib/python3.7/site-packages/airflow/example_dags/example_subdag_operator.py
[2023-09-04T12:41:02.385+0000] {processor.py:826} INFO - Processing file /home/airflow/.local/lib/python3.7/site-packages/airflow/example_dags/example_subdag_operator.py for tasks to queue
[2023-09-04T12:41:02.391+0000] {logging_mixin.py:150} INFO - [2023-09-04T12:41:02.390+0000] {dagbag.py:541} INFO - Filling up the DagBag from /home/airflow/.local/lib/python3.7/site-packages/airflow/example_dags/example_subdag_operator.py
[2023-09-04T12:41:02.545+0000] {processor.py:836} INFO - DAG(s) dict_keys(['example_subdag_operator.section-1', 'example_subdag_operator.section-2', 'example_subdag_operator']) retrieved from /home/airflow/.local/lib/python3.7/site-packages/airflow/example_dags/example_subdag_operator.py
[2023-09-04T12:41:02.688+0000] {logging_mixin.py:150} INFO - [2023-09-04T12:41:02.688+0000] {dag.py:2742} INFO - Sync 3 DAGs
[2023-09-04T12:41:02.858+0000] {logging_mixin.py:150} INFO - [2023-09-04T12:41:02.857+0000] {dag.py:3508} INFO - Setting next_dagrun for example_subdag_operator to 2022-01-01T00:00:00+00:00, run_after=2022-01-01T00:00:00+00:00
[2023-09-04T12:41:02.919+0000] {logging_mixin.py:150} INFO - [2023-09-04T12:41:02.919+0000] {dag.py:3508} INFO - Setting next_dagrun for example_subdag_operator.section-1 to None, run_after=None
[2023-09-04T12:41:02.928+0000] {logging_mixin.py:150} INFO - [2023-09-04T12:41:02.927+0000] {dag.py:3508} INFO - Setting next_dagrun for example_subdag_operator.section-2 to None, run_after=None
[2023-09-04T12:41:02.993+0000] {logging_mixin.py:150} INFO - [2023-09-04T12:41:02.992+0000] {dag.py:2742} INFO - Sync 2 DAGs
[2023-09-04T12:41:03.125+0000] {logging_mixin.py:150} INFO - [2023-09-04T12:41:03.124+0000] {dag.py:3508} INFO - Setting next_dagrun for example_subdag_operator.section-1 to None, run_after=None
[2023-09-04T12:41:03.142+0000] {logging_mixin.py:150} INFO - [2023-09-04T12:41:03.140+0000] {dag.py:3508} INFO - Setting next_dagrun for example_subdag_operator.section-2 to None, run_after=None
[2023-09-04T12:41:03.395+0000] {processor.py:179} INFO - Processing /home/airflow/.local/lib/python3.7/site-packages/airflow/example_dags/example_subdag_operator.py took 1.029 seconds
[2023-09-04T12:41:35.769+0000] {processor.py:157} INFO - Started process (PID=290) to work on /home/airflow/.local/lib/python3.7/site-packages/airflow/example_dags/example_subdag_operator.py
[2023-09-04T12:41:35.832+0000] {processor.py:826} INFO - Processing file /home/airflow/.local/lib/python3.7/site-packages/airflow/example_dags/example_subdag_operator.py for tasks to queue
[2023-09-04T12:41:35.871+0000] {logging_mixin.py:150} INFO - [2023-09-04T12:41:35.870+0000] {dagbag.py:541} INFO - Filling up the DagBag from /home/airflow/.local/lib/python3.7/site-packages/airflow/example_dags/example_subdag_operator.py
[2023-09-04T12:41:36.091+0000] {processor.py:836} INFO - DAG(s) dict_keys(['example_subdag_operator.section-1', 'example_subdag_operator.section-2', 'example_subdag_operator']) retrieved from /home/airflow/.local/lib/python3.7/site-packages/airflow/example_dags/example_subdag_operator.py
[2023-09-04T12:41:36.317+0000] {logging_mixin.py:150} INFO - [2023-09-04T12:41:36.316+0000] {dag.py:2742} INFO - Sync 3 DAGs
[2023-09-04T12:41:36.558+0000] {logging_mixin.py:150} INFO - [2023-09-04T12:41:36.548+0000] {dag.py:3508} INFO - Setting next_dagrun for example_subdag_operator to 2022-01-01T00:00:00+00:00, run_after=2022-01-01T00:00:00+00:00
[2023-09-04T12:41:36.579+0000] {logging_mixin.py:150} INFO - [2023-09-04T12:41:36.578+0000] {dag.py:3508} INFO - Setting next_dagrun for example_subdag_operator.section-1 to None, run_after=None
[2023-09-04T12:41:36.593+0000] {logging_mixin.py:150} INFO - [2023-09-04T12:41:36.592+0000] {dag.py:3508} INFO - Setting next_dagrun for example_subdag_operator.section-2 to None, run_after=None
[2023-09-04T12:41:36.643+0000] {logging_mixin.py:150} INFO - [2023-09-04T12:41:36.643+0000] {dag.py:2742} INFO - Sync 2 DAGs
[2023-09-04T12:41:36.688+0000] {logging_mixin.py:150} INFO - [2023-09-04T12:41:36.687+0000] {dag.py:3508} INFO - Setting next_dagrun for example_subdag_operator.section-1 to None, run_after=None
[2023-09-04T12:41:36.699+0000] {logging_mixin.py:150} INFO - [2023-09-04T12:41:36.699+0000] {dag.py:3508} INFO - Setting next_dagrun for example_subdag_operator.section-2 to None, run_after=None
[2023-09-04T12:41:36.807+0000] {processor.py:179} INFO - Processing /home/airflow/.local/lib/python3.7/site-packages/airflow/example_dags/example_subdag_operator.py took 1.060 seconds
[2023-09-04T12:42:31.538+0000] {processor.py:157} INFO - Started process (PID=369) to work on /home/airflow/.local/lib/python3.7/site-packages/airflow/example_dags/example_subdag_operator.py
[2023-09-04T12:42:31.542+0000] {processor.py:826} INFO - Processing file /home/airflow/.local/lib/python3.7/site-packages/airflow/example_dags/example_subdag_operator.py for tasks to queue
[2023-09-04T12:42:31.560+0000] {logging_mixin.py:150} INFO - [2023-09-04T12:42:31.559+0000] {dagbag.py:541} INFO - Filling up the DagBag from /home/airflow/.local/lib/python3.7/site-packages/airflow/example_dags/example_subdag_operator.py
[2023-09-04T12:42:31.715+0000] {processor.py:836} INFO - DAG(s) dict_keys(['example_subdag_operator.section-1', 'example_subdag_operator.section-2', 'example_subdag_operator']) retrieved from /home/airflow/.local/lib/python3.7/site-packages/airflow/example_dags/example_subdag_operator.py
[2023-09-04T12:42:31.876+0000] {logging_mixin.py:150} INFO - [2023-09-04T12:42:31.875+0000] {dag.py:2742} INFO - Sync 3 DAGs
[2023-09-04T12:42:32.116+0000] {logging_mixin.py:150} INFO - [2023-09-04T12:42:32.116+0000] {dag.py:3508} INFO - Setting next_dagrun for example_subdag_operator to 2022-01-01T00:00:00+00:00, run_after=2022-01-01T00:00:00+00:00
[2023-09-04T12:42:32.150+0000] {logging_mixin.py:150} INFO - [2023-09-04T12:42:32.149+0000] {dag.py:3508} INFO - Setting next_dagrun for example_subdag_operator.section-1 to None, run_after=None
[2023-09-04T12:42:32.170+0000] {logging_mixin.py:150} INFO - [2023-09-04T12:42:32.169+0000] {dag.py:3508} INFO - Setting next_dagrun for example_subdag_operator.section-2 to None, run_after=None
[2023-09-04T12:42:32.247+0000] {logging_mixin.py:150} INFO - [2023-09-04T12:42:32.246+0000] {dag.py:2742} INFO - Sync 2 DAGs
[2023-09-04T12:42:32.404+0000] {logging_mixin.py:150} INFO - [2023-09-04T12:42:32.404+0000] {dag.py:3508} INFO - Setting next_dagrun for example_subdag_operator.section-1 to None, run_after=None
[2023-09-04T12:42:32.437+0000] {logging_mixin.py:150} INFO - [2023-09-04T12:42:32.436+0000] {dag.py:3508} INFO - Setting next_dagrun for example_subdag_operator.section-2 to None, run_after=None
[2023-09-04T12:42:32.561+0000] {processor.py:179} INFO - Processing /home/airflow/.local/lib/python3.7/site-packages/airflow/example_dags/example_subdag_operator.py took 1.042 seconds
[2023-09-04T12:43:06.723+0000] {processor.py:157} INFO - Started process (PID=429) to work on /home/airflow/.local/lib/python3.7/site-packages/airflow/example_dags/example_subdag_operator.py
[2023-09-04T12:43:06.735+0000] {processor.py:826} INFO - Processing file /home/airflow/.local/lib/python3.7/site-packages/airflow/example_dags/example_subdag_operator.py for tasks to queue
[2023-09-04T12:43:06.749+0000] {logging_mixin.py:150} INFO - [2023-09-04T12:43:06.748+0000] {dagbag.py:541} INFO - Filling up the DagBag from /home/airflow/.local/lib/python3.7/site-packages/airflow/example_dags/example_subdag_operator.py
[2023-09-04T12:43:06.943+0000] {processor.py:836} INFO - DAG(s) dict_keys(['example_subdag_operator.section-1', 'example_subdag_operator.section-2', 'example_subdag_operator']) retrieved from /home/airflow/.local/lib/python3.7/site-packages/airflow/example_dags/example_subdag_operator.py
[2023-09-04T12:43:07.123+0000] {logging_mixin.py:150} INFO - [2023-09-04T12:43:07.123+0000] {dag.py:2742} INFO - Sync 3 DAGs
[2023-09-04T12:43:07.331+0000] {logging_mixin.py:150} INFO - [2023-09-04T12:43:07.331+0000] {dag.py:3508} INFO - Setting next_dagrun for example_subdag_operator to 2022-01-01T00:00:00+00:00, run_after=2022-01-01T00:00:00+00:00
[2023-09-04T12:43:07.363+0000] {logging_mixin.py:150} INFO - [2023-09-04T12:43:07.363+0000] {dag.py:3508} INFO - Setting next_dagrun for example_subdag_operator.section-1 to None, run_after=None
[2023-09-04T12:43:07.377+0000] {logging_mixin.py:150} INFO - [2023-09-04T12:43:07.376+0000] {dag.py:3508} INFO - Setting next_dagrun for example_subdag_operator.section-2 to None, run_after=None
[2023-09-04T12:43:07.438+0000] {logging_mixin.py:150} INFO - [2023-09-04T12:43:07.437+0000] {dag.py:2742} INFO - Sync 2 DAGs
[2023-09-04T12:43:07.481+0000] {logging_mixin.py:150} INFO - [2023-09-04T12:43:07.472+0000] {dag.py:3508} INFO - Setting next_dagrun for example_subdag_operator.section-1 to None, run_after=None
[2023-09-04T12:43:07.494+0000] {logging_mixin.py:150} INFO - [2023-09-04T12:43:07.494+0000] {dag.py:3508} INFO - Setting next_dagrun for example_subdag_operator.section-2 to None, run_after=None
[2023-09-04T12:43:07.592+0000] {processor.py:179} INFO - Processing /home/airflow/.local/lib/python3.7/site-packages/airflow/example_dags/example_subdag_operator.py took 0.885 seconds
[2023-09-04T12:43:41.657+0000] {processor.py:157} INFO - Started process (PID=488) to work on /home/airflow/.local/lib/python3.7/site-packages/airflow/example_dags/example_subdag_operator.py
[2023-09-04T12:43:41.688+0000] {processor.py:826} INFO - Processing file /home/airflow/.local/lib/python3.7/site-packages/airflow/example_dags/example_subdag_operator.py for tasks to queue
[2023-09-04T12:43:41.732+0000] {logging_mixin.py:150} INFO - [2023-09-04T12:43:41.731+0000] {dagbag.py:541} INFO - Filling up the DagBag from /home/airflow/.local/lib/python3.7/site-packages/airflow/example_dags/example_subdag_operator.py
[2023-09-04T12:43:41.929+0000] {processor.py:836} INFO - DAG(s) dict_keys(['example_subdag_operator.section-1', 'example_subdag_operator.section-2', 'example_subdag_operator']) retrieved from /home/airflow/.local/lib/python3.7/site-packages/airflow/example_dags/example_subdag_operator.py
[2023-09-04T12:43:42.140+0000] {logging_mixin.py:150} INFO - [2023-09-04T12:43:42.128+0000] {dag.py:2742} INFO - Sync 3 DAGs
[2023-09-04T12:43:42.382+0000] {logging_mixin.py:150} INFO - [2023-09-04T12:43:42.381+0000] {dag.py:3508} INFO - Setting next_dagrun for example_subdag_operator to 2022-01-01T00:00:00+00:00, run_after=2022-01-01T00:00:00+00:00
[2023-09-04T12:43:42.468+0000] {logging_mixin.py:150} INFO - [2023-09-04T12:43:42.467+0000] {dag.py:3508} INFO - Setting next_dagrun for example_subdag_operator.section-1 to None, run_after=None
[2023-09-04T12:43:42.677+0000] {logging_mixin.py:150} INFO - [2023-09-04T12:43:42.676+0000] {dag.py:3508} INFO - Setting next_dagrun for example_subdag_operator.section-2 to None, run_after=None
[2023-09-04T12:43:42.774+0000] {logging_mixin.py:150} INFO - [2023-09-04T12:43:42.773+0000] {dag.py:2742} INFO - Sync 2 DAGs
[2023-09-04T12:43:42.849+0000] {logging_mixin.py:150} INFO - [2023-09-04T12:43:42.849+0000] {dag.py:3508} INFO - Setting next_dagrun for example_subdag_operator.section-1 to None, run_after=None
[2023-09-04T12:43:42.897+0000] {logging_mixin.py:150} INFO - [2023-09-04T12:43:42.896+0000] {dag.py:3508} INFO - Setting next_dagrun for example_subdag_operator.section-2 to None, run_after=None
[2023-09-04T12:43:42.977+0000] {processor.py:179} INFO - Processing /home/airflow/.local/lib/python3.7/site-packages/airflow/example_dags/example_subdag_operator.py took 1.329 seconds
[2023-09-04T12:44:17.736+0000] {processor.py:157} INFO - Started process (PID=550) to work on /home/airflow/.local/lib/python3.7/site-packages/airflow/example_dags/example_subdag_operator.py
[2023-09-04T12:44:17.750+0000] {processor.py:826} INFO - Processing file /home/airflow/.local/lib/python3.7/site-packages/airflow/example_dags/example_subdag_operator.py for tasks to queue
[2023-09-04T12:44:17.764+0000] {logging_mixin.py:150} INFO - [2023-09-04T12:44:17.752+0000] {dagbag.py:541} INFO - Filling up the DagBag from /home/airflow/.local/lib/python3.7/site-packages/airflow/example_dags/example_subdag_operator.py
[2023-09-04T12:44:17.958+0000] {processor.py:836} INFO - DAG(s) dict_keys(['example_subdag_operator.section-1', 'example_subdag_operator.section-2', 'example_subdag_operator']) retrieved from /home/airflow/.local/lib/python3.7/site-packages/airflow/example_dags/example_subdag_operator.py
[2023-09-04T12:44:18.143+0000] {logging_mixin.py:150} INFO - [2023-09-04T12:44:18.143+0000] {dag.py:2742} INFO - Sync 3 DAGs
[2023-09-04T12:44:18.370+0000] {logging_mixin.py:150} INFO - [2023-09-04T12:44:18.360+0000] {dag.py:3508} INFO - Setting next_dagrun for example_subdag_operator to 2022-01-01T00:00:00+00:00, run_after=2022-01-01T00:00:00+00:00
[2023-09-04T12:44:18.397+0000] {logging_mixin.py:150} INFO - [2023-09-04T12:44:18.397+0000] {dag.py:3508} INFO - Setting next_dagrun for example_subdag_operator.section-1 to None, run_after=None
[2023-09-04T12:44:18.408+0000] {logging_mixin.py:150} INFO - [2023-09-04T12:44:18.407+0000] {dag.py:3508} INFO - Setting next_dagrun for example_subdag_operator.section-2 to None, run_after=None
[2023-09-04T12:44:18.489+0000] {logging_mixin.py:150} INFO - [2023-09-04T12:44:18.489+0000] {dag.py:2742} INFO - Sync 2 DAGs
[2023-09-04T12:44:18.553+0000] {logging_mixin.py:150} INFO - [2023-09-04T12:44:18.553+0000] {dag.py:3508} INFO - Setting next_dagrun for example_subdag_operator.section-1 to None, run_after=None
[2023-09-04T12:44:18.566+0000] {logging_mixin.py:150} INFO - [2023-09-04T12:44:18.566+0000] {dag.py:3508} INFO - Setting next_dagrun for example_subdag_operator.section-2 to None, run_after=None
[2023-09-04T12:44:18.662+0000] {processor.py:179} INFO - Processing /home/airflow/.local/lib/python3.7/site-packages/airflow/example_dags/example_subdag_operator.py took 0.942 seconds
[2023-09-04T12:45:00.322+0000] {processor.py:157} INFO - Started process (PID=616) to work on /home/airflow/.local/lib/python3.7/site-packages/airflow/example_dags/example_subdag_operator.py
[2023-09-04T12:45:00.334+0000] {processor.py:826} INFO - Processing file /home/airflow/.local/lib/python3.7/site-packages/airflow/example_dags/example_subdag_operator.py for tasks to queue
[2023-09-04T12:45:00.355+0000] {logging_mixin.py:150} INFO - [2023-09-04T12:45:00.355+0000] {dagbag.py:541} INFO - Filling up the DagBag from /home/airflow/.local/lib/python3.7/site-packages/airflow/example_dags/example_subdag_operator.py
[2023-09-04T12:45:00.610+0000] {processor.py:836} INFO - DAG(s) dict_keys(['example_subdag_operator.section-1', 'example_subdag_operator.section-2', 'example_subdag_operator']) retrieved from /home/airflow/.local/lib/python3.7/site-packages/airflow/example_dags/example_subdag_operator.py
[2023-09-04T12:45:00.751+0000] {logging_mixin.py:150} INFO - [2023-09-04T12:45:00.744+0000] {dag.py:2742} INFO - Sync 3 DAGs
[2023-09-04T12:45:01.011+0000] {logging_mixin.py:150} INFO - [2023-09-04T12:45:01.011+0000] {dag.py:3508} INFO - Setting next_dagrun for example_subdag_operator to 2022-01-01T00:00:00+00:00, run_after=2022-01-01T00:00:00+00:00
[2023-09-04T12:45:01.100+0000] {logging_mixin.py:150} INFO - [2023-09-04T12:45:01.099+0000] {dag.py:3508} INFO - Setting next_dagrun for example_subdag_operator.section-1 to None, run_after=None
[2023-09-04T12:45:01.181+0000] {logging_mixin.py:150} INFO - [2023-09-04T12:45:01.181+0000] {dag.py:3508} INFO - Setting next_dagrun for example_subdag_operator.section-2 to None, run_after=None
[2023-09-04T12:45:01.280+0000] {logging_mixin.py:150} INFO - [2023-09-04T12:45:01.279+0000] {dag.py:2742} INFO - Sync 2 DAGs
[2023-09-04T12:45:01.345+0000] {logging_mixin.py:150} INFO - [2023-09-04T12:45:01.344+0000] {dag.py:3508} INFO - Setting next_dagrun for example_subdag_operator.section-1 to None, run_after=None
[2023-09-04T12:45:01.411+0000] {logging_mixin.py:150} INFO - [2023-09-04T12:45:01.411+0000] {dag.py:3508} INFO - Setting next_dagrun for example_subdag_operator.section-2 to None, run_after=None
[2023-09-04T12:45:01.747+0000] {processor.py:179} INFO - Processing /home/airflow/.local/lib/python3.7/site-packages/airflow/example_dags/example_subdag_operator.py took 1.419 seconds
[2023-09-04T12:45:32.105+0000] {processor.py:157} INFO - Started process (PID=676) to work on /home/airflow/.local/lib/python3.7/site-packages/airflow/example_dags/example_subdag_operator.py
[2023-09-04T12:45:32.115+0000] {processor.py:826} INFO - Processing file /home/airflow/.local/lib/python3.7/site-packages/airflow/example_dags/example_subdag_operator.py for tasks to queue
[2023-09-04T12:45:32.122+0000] {logging_mixin.py:150} INFO - [2023-09-04T12:45:32.121+0000] {dagbag.py:541} INFO - Filling up the DagBag from /home/airflow/.local/lib/python3.7/site-packages/airflow/example_dags/example_subdag_operator.py
[2023-09-04T12:45:32.180+0000] {processor.py:836} INFO - DAG(s) dict_keys(['example_subdag_operator.section-1', 'example_subdag_operator.section-2', 'example_subdag_operator']) retrieved from /home/airflow/.local/lib/python3.7/site-packages/airflow/example_dags/example_subdag_operator.py
[2023-09-04T12:45:32.229+0000] {logging_mixin.py:150} INFO - [2023-09-04T12:45:32.229+0000] {dag.py:2742} INFO - Sync 3 DAGs
[2023-09-04T12:45:32.301+0000] {logging_mixin.py:150} INFO - [2023-09-04T12:45:32.300+0000] {dag.py:3508} INFO - Setting next_dagrun for example_subdag_operator to 2022-01-01T00:00:00+00:00, run_after=2022-01-01T00:00:00+00:00
[2023-09-04T12:45:32.313+0000] {logging_mixin.py:150} INFO - [2023-09-04T12:45:32.313+0000] {dag.py:3508} INFO - Setting next_dagrun for example_subdag_operator.section-1 to None, run_after=None
[2023-09-04T12:45:32.319+0000] {logging_mixin.py:150} INFO - [2023-09-04T12:45:32.318+0000] {dag.py:3508} INFO - Setting next_dagrun for example_subdag_operator.section-2 to None, run_after=None
[2023-09-04T12:45:32.367+0000] {logging_mixin.py:150} INFO - [2023-09-04T12:45:32.367+0000] {dag.py:2742} INFO - Sync 2 DAGs
[2023-09-04T12:45:32.409+0000] {logging_mixin.py:150} INFO - [2023-09-04T12:45:32.408+0000] {dag.py:3508} INFO - Setting next_dagrun for example_subdag_operator.section-1 to None, run_after=None
[2023-09-04T12:45:32.413+0000] {logging_mixin.py:150} INFO - [2023-09-04T12:45:32.412+0000] {dag.py:3508} INFO - Setting next_dagrun for example_subdag_operator.section-2 to None, run_after=None
[2023-09-04T12:45:32.460+0000] {processor.py:179} INFO - Processing /home/airflow/.local/lib/python3.7/site-packages/airflow/example_dags/example_subdag_operator.py took 0.364 seconds
[2023-09-04T12:46:02.647+0000] {processor.py:157} INFO - Started process (PID=735) to work on /home/airflow/.local/lib/python3.7/site-packages/airflow/example_dags/example_subdag_operator.py
[2023-09-04T12:46:02.650+0000] {processor.py:826} INFO - Processing file /home/airflow/.local/lib/python3.7/site-packages/airflow/example_dags/example_subdag_operator.py for tasks to queue
[2023-09-04T12:46:02.656+0000] {logging_mixin.py:150} INFO - [2023-09-04T12:46:02.654+0000] {dagbag.py:541} INFO - Filling up the DagBag from /home/airflow/.local/lib/python3.7/site-packages/airflow/example_dags/example_subdag_operator.py
[2023-09-04T12:46:02.751+0000] {processor.py:836} INFO - DAG(s) dict_keys(['example_subdag_operator.section-1', 'example_subdag_operator.section-2', 'example_subdag_operator']) retrieved from /home/airflow/.local/lib/python3.7/site-packages/airflow/example_dags/example_subdag_operator.py
[2023-09-04T12:46:02.815+0000] {logging_mixin.py:150} INFO - [2023-09-04T12:46:02.815+0000] {dag.py:2742} INFO - Sync 3 DAGs
[2023-09-04T12:46:02.892+0000] {logging_mixin.py:150} INFO - [2023-09-04T12:46:02.891+0000] {dag.py:3508} INFO - Setting next_dagrun for example_subdag_operator to 2022-01-01T00:00:00+00:00, run_after=2022-01-01T00:00:00+00:00
[2023-09-04T12:46:02.905+0000] {logging_mixin.py:150} INFO - [2023-09-04T12:46:02.902+0000] {dag.py:3508} INFO - Setting next_dagrun for example_subdag_operator.section-1 to None, run_after=None
[2023-09-04T12:46:02.910+0000] {logging_mixin.py:150} INFO - [2023-09-04T12:46:02.910+0000] {dag.py:3508} INFO - Setting next_dagrun for example_subdag_operator.section-2 to None, run_after=None
[2023-09-04T12:46:02.941+0000] {logging_mixin.py:150} INFO - [2023-09-04T12:46:02.941+0000] {dag.py:2742} INFO - Sync 2 DAGs
[2023-09-04T12:46:02.961+0000] {logging_mixin.py:150} INFO - [2023-09-04T12:46:02.961+0000] {dag.py:3508} INFO - Setting next_dagrun for example_subdag_operator.section-1 to None, run_after=None
[2023-09-04T12:46:02.963+0000] {logging_mixin.py:150} INFO - [2023-09-04T12:46:02.962+0000] {dag.py:3508} INFO - Setting next_dagrun for example_subdag_operator.section-2 to None, run_after=None
[2023-09-04T12:46:03.007+0000] {processor.py:179} INFO - Processing /home/airflow/.local/lib/python3.7/site-packages/airflow/example_dags/example_subdag_operator.py took 0.374 seconds
[2023-09-04T12:46:34.050+0000] {processor.py:157} INFO - Started process (PID=794) to work on /home/airflow/.local/lib/python3.7/site-packages/airflow/example_dags/example_subdag_operator.py
[2023-09-04T12:46:34.053+0000] {processor.py:826} INFO - Processing file /home/airflow/.local/lib/python3.7/site-packages/airflow/example_dags/example_subdag_operator.py for tasks to queue
[2023-09-04T12:46:34.056+0000] {logging_mixin.py:150} INFO - [2023-09-04T12:46:34.055+0000] {dagbag.py:541} INFO - Filling up the DagBag from /home/airflow/.local/lib/python3.7/site-packages/airflow/example_dags/example_subdag_operator.py
[2023-09-04T12:46:34.128+0000] {processor.py:836} INFO - DAG(s) dict_keys(['example_subdag_operator.section-1', 'example_subdag_operator.section-2', 'example_subdag_operator']) retrieved from /home/airflow/.local/lib/python3.7/site-packages/airflow/example_dags/example_subdag_operator.py
[2023-09-04T12:46:34.186+0000] {logging_mixin.py:150} INFO - [2023-09-04T12:46:34.185+0000] {dag.py:2742} INFO - Sync 3 DAGs
[2023-09-04T12:46:34.245+0000] {logging_mixin.py:150} INFO - [2023-09-04T12:46:34.244+0000] {dag.py:3508} INFO - Setting next_dagrun for example_subdag_operator to 2022-01-01T00:00:00+00:00, run_after=2022-01-01T00:00:00+00:00
[2023-09-04T12:46:34.254+0000] {logging_mixin.py:150} INFO - [2023-09-04T12:46:34.253+0000] {dag.py:3508} INFO - Setting next_dagrun for example_subdag_operator.section-1 to None, run_after=None
[2023-09-04T12:46:34.257+0000] {logging_mixin.py:150} INFO - [2023-09-04T12:46:34.256+0000] {dag.py:3508} INFO - Setting next_dagrun for example_subdag_operator.section-2 to None, run_after=None
[2023-09-04T12:46:34.272+0000] {logging_mixin.py:150} INFO - [2023-09-04T12:46:34.272+0000] {dag.py:2742} INFO - Sync 2 DAGs
[2023-09-04T12:46:34.284+0000] {logging_mixin.py:150} INFO - [2023-09-04T12:46:34.283+0000] {dag.py:3508} INFO - Setting next_dagrun for example_subdag_operator.section-1 to None, run_after=None
[2023-09-04T12:46:34.285+0000] {logging_mixin.py:150} INFO - [2023-09-04T12:46:34.285+0000] {dag.py:3508} INFO - Setting next_dagrun for example_subdag_operator.section-2 to None, run_after=None
[2023-09-04T12:46:34.317+0000] {processor.py:179} INFO - Processing /home/airflow/.local/lib/python3.7/site-packages/airflow/example_dags/example_subdag_operator.py took 0.275 seconds
[2023-09-04T12:47:04.931+0000] {processor.py:157} INFO - Started process (PID=853) to work on /home/airflow/.local/lib/python3.7/site-packages/airflow/example_dags/example_subdag_operator.py
[2023-09-04T12:47:04.934+0000] {processor.py:826} INFO - Processing file /home/airflow/.local/lib/python3.7/site-packages/airflow/example_dags/example_subdag_operator.py for tasks to queue
[2023-09-04T12:47:04.936+0000] {logging_mixin.py:150} INFO - [2023-09-04T12:47:04.936+0000] {dagbag.py:541} INFO - Filling up the DagBag from /home/airflow/.local/lib/python3.7/site-packages/airflow/example_dags/example_subdag_operator.py
[2023-09-04T12:47:04.993+0000] {processor.py:836} INFO - DAG(s) dict_keys(['example_subdag_operator.section-1', 'example_subdag_operator.section-2', 'example_subdag_operator']) retrieved from /home/airflow/.local/lib/python3.7/site-packages/airflow/example_dags/example_subdag_operator.py
[2023-09-04T12:47:05.040+0000] {logging_mixin.py:150} INFO - [2023-09-04T12:47:05.040+0000] {dag.py:2742} INFO - Sync 3 DAGs
[2023-09-04T12:47:05.088+0000] {logging_mixin.py:150} INFO - [2023-09-04T12:47:05.087+0000] {dag.py:3508} INFO - Setting next_dagrun for example_subdag_operator to 2022-01-01T00:00:00+00:00, run_after=2022-01-01T00:00:00+00:00
[2023-09-04T12:47:05.094+0000] {logging_mixin.py:150} INFO - [2023-09-04T12:47:05.094+0000] {dag.py:3508} INFO - Setting next_dagrun for example_subdag_operator.section-1 to None, run_after=None
[2023-09-04T12:47:05.097+0000] {logging_mixin.py:150} INFO - [2023-09-04T12:47:05.097+0000] {dag.py:3508} INFO - Setting next_dagrun for example_subdag_operator.section-2 to None, run_after=None
[2023-09-04T12:47:05.110+0000] {logging_mixin.py:150} INFO - [2023-09-04T12:47:05.110+0000] {dag.py:2742} INFO - Sync 2 DAGs
[2023-09-04T12:47:05.122+0000] {logging_mixin.py:150} INFO - [2023-09-04T12:47:05.122+0000] {dag.py:3508} INFO - Setting next_dagrun for example_subdag_operator.section-1 to None, run_after=None
[2023-09-04T12:47:05.124+0000] {logging_mixin.py:150} INFO - [2023-09-04T12:47:05.123+0000] {dag.py:3508} INFO - Setting next_dagrun for example_subdag_operator.section-2 to None, run_after=None
[2023-09-04T12:47:05.151+0000] {processor.py:179} INFO - Processing /home/airflow/.local/lib/python3.7/site-packages/airflow/example_dags/example_subdag_operator.py took 0.231 seconds
[2023-09-04T12:47:35.388+0000] {processor.py:157} INFO - Started process (PID=913) to work on /home/airflow/.local/lib/python3.7/site-packages/airflow/example_dags/example_subdag_operator.py
[2023-09-04T12:47:35.390+0000] {processor.py:826} INFO - Processing file /home/airflow/.local/lib/python3.7/site-packages/airflow/example_dags/example_subdag_operator.py for tasks to queue
[2023-09-04T12:47:35.392+0000] {logging_mixin.py:150} INFO - [2023-09-04T12:47:35.391+0000] {dagbag.py:541} INFO - Filling up the DagBag from /home/airflow/.local/lib/python3.7/site-packages/airflow/example_dags/example_subdag_operator.py
[2023-09-04T12:47:35.450+0000] {processor.py:836} INFO - DAG(s) dict_keys(['example_subdag_operator.section-1', 'example_subdag_operator.section-2', 'example_subdag_operator']) retrieved from /home/airflow/.local/lib/python3.7/site-packages/airflow/example_dags/example_subdag_operator.py
[2023-09-04T12:47:35.496+0000] {logging_mixin.py:150} INFO - [2023-09-04T12:47:35.496+0000] {dag.py:2742} INFO - Sync 3 DAGs
[2023-09-04T12:47:35.558+0000] {logging_mixin.py:150} INFO - [2023-09-04T12:47:35.558+0000] {dag.py:3508} INFO - Setting next_dagrun for example_subdag_operator to 2022-01-01T00:00:00+00:00, run_after=2022-01-01T00:00:00+00:00
[2023-09-04T12:47:35.568+0000] {logging_mixin.py:150} INFO - [2023-09-04T12:47:35.568+0000] {dag.py:3508} INFO - Setting next_dagrun for example_subdag_operator.section-1 to None, run_after=None
[2023-09-04T12:47:35.572+0000] {logging_mixin.py:150} INFO - [2023-09-04T12:47:35.572+0000] {dag.py:3508} INFO - Setting next_dagrun for example_subdag_operator.section-2 to None, run_after=None
[2023-09-04T12:47:35.595+0000] {logging_mixin.py:150} INFO - [2023-09-04T12:47:35.594+0000] {dag.py:2742} INFO - Sync 2 DAGs
[2023-09-04T12:47:35.607+0000] {logging_mixin.py:150} INFO - [2023-09-04T12:47:35.607+0000] {dag.py:3508} INFO - Setting next_dagrun for example_subdag_operator.section-1 to None, run_after=None
[2023-09-04T12:47:35.609+0000] {logging_mixin.py:150} INFO - [2023-09-04T12:47:35.608+0000] {dag.py:3508} INFO - Setting next_dagrun for example_subdag_operator.section-2 to None, run_after=None
[2023-09-04T12:47:35.649+0000] {processor.py:179} INFO - Processing /home/airflow/.local/lib/python3.7/site-packages/airflow/example_dags/example_subdag_operator.py took 0.267 seconds
[2023-09-04T12:48:05.900+0000] {processor.py:157} INFO - Started process (PID=973) to work on /home/airflow/.local/lib/python3.7/site-packages/airflow/example_dags/example_subdag_operator.py
[2023-09-04T12:48:05.903+0000] {processor.py:826} INFO - Processing file /home/airflow/.local/lib/python3.7/site-packages/airflow/example_dags/example_subdag_operator.py for tasks to queue
[2023-09-04T12:48:05.906+0000] {logging_mixin.py:150} INFO - [2023-09-04T12:48:05.905+0000] {dagbag.py:541} INFO - Filling up the DagBag from /home/airflow/.local/lib/python3.7/site-packages/airflow/example_dags/example_subdag_operator.py
[2023-09-04T12:48:05.964+0000] {processor.py:836} INFO - DAG(s) dict_keys(['example_subdag_operator.section-1', 'example_subdag_operator.section-2', 'example_subdag_operator']) retrieved from /home/airflow/.local/lib/python3.7/site-packages/airflow/example_dags/example_subdag_operator.py
[2023-09-04T12:48:05.998+0000] {logging_mixin.py:150} INFO - [2023-09-04T12:48:05.997+0000] {dag.py:2742} INFO - Sync 3 DAGs
[2023-09-04T12:48:06.056+0000] {logging_mixin.py:150} INFO - [2023-09-04T12:48:06.055+0000] {dag.py:3508} INFO - Setting next_dagrun for example_subdag_operator to 2022-01-01T00:00:00+00:00, run_after=2022-01-01T00:00:00+00:00
[2023-09-04T12:48:06.064+0000] {logging_mixin.py:150} INFO - [2023-09-04T12:48:06.064+0000] {dag.py:3508} INFO - Setting next_dagrun for example_subdag_operator.section-1 to None, run_after=None
[2023-09-04T12:48:06.068+0000] {logging_mixin.py:150} INFO - [2023-09-04T12:48:06.068+0000] {dag.py:3508} INFO - Setting next_dagrun for example_subdag_operator.section-2 to None, run_after=None
[2023-09-04T12:48:06.087+0000] {logging_mixin.py:150} INFO - [2023-09-04T12:48:06.086+0000] {dag.py:2742} INFO - Sync 2 DAGs
[2023-09-04T12:48:06.101+0000] {logging_mixin.py:150} INFO - [2023-09-04T12:48:06.101+0000] {dag.py:3508} INFO - Setting next_dagrun for example_subdag_operator.section-1 to None, run_after=None
[2023-09-04T12:48:06.102+0000] {logging_mixin.py:150} INFO - [2023-09-04T12:48:06.102+0000] {dag.py:3508} INFO - Setting next_dagrun for example_subdag_operator.section-2 to None, run_after=None
[2023-09-04T12:48:06.130+0000] {processor.py:179} INFO - Processing /home/airflow/.local/lib/python3.7/site-packages/airflow/example_dags/example_subdag_operator.py took 0.240 seconds
[2023-09-04T12:48:36.515+0000] {processor.py:157} INFO - Started process (PID=1033) to work on /home/airflow/.local/lib/python3.7/site-packages/airflow/example_dags/example_subdag_operator.py
[2023-09-04T12:48:36.518+0000] {processor.py:826} INFO - Processing file /home/airflow/.local/lib/python3.7/site-packages/airflow/example_dags/example_subdag_operator.py for tasks to queue
[2023-09-04T12:48:36.531+0000] {logging_mixin.py:150} INFO - [2023-09-04T12:48:36.530+0000] {dagbag.py:541} INFO - Filling up the DagBag from /home/airflow/.local/lib/python3.7/site-packages/airflow/example_dags/example_subdag_operator.py
[2023-09-04T12:48:36.661+0000] {processor.py:836} INFO - DAG(s) dict_keys(['example_subdag_operator.section-1', 'example_subdag_operator.section-2', 'example_subdag_operator']) retrieved from /home/airflow/.local/lib/python3.7/site-packages/airflow/example_dags/example_subdag_operator.py
[2023-09-04T12:48:36.800+0000] {logging_mixin.py:150} INFO - [2023-09-04T12:48:36.799+0000] {dag.py:2742} INFO - Sync 3 DAGs
[2023-09-04T12:48:37.033+0000] {logging_mixin.py:150} INFO - [2023-09-04T12:48:37.032+0000] {dag.py:3508} INFO - Setting next_dagrun for example_subdag_operator to 2022-01-01T00:00:00+00:00, run_after=2022-01-01T00:00:00+00:00
[2023-09-04T12:48:37.062+0000] {logging_mixin.py:150} INFO - [2023-09-04T12:48:37.062+0000] {dag.py:3508} INFO - Setting next_dagrun for example_subdag_operator.section-1 to None, run_after=None
[2023-09-04T12:48:37.078+0000] {logging_mixin.py:150} INFO - [2023-09-04T12:48:37.077+0000] {dag.py:3508} INFO - Setting next_dagrun for example_subdag_operator.section-2 to None, run_after=None
[2023-09-04T12:48:37.129+0000] {logging_mixin.py:150} INFO - [2023-09-04T12:48:37.128+0000] {dag.py:2742} INFO - Sync 2 DAGs
[2023-09-04T12:48:37.164+0000] {logging_mixin.py:150} INFO - [2023-09-04T12:48:37.164+0000] {dag.py:3508} INFO - Setting next_dagrun for example_subdag_operator.section-1 to None, run_after=None
[2023-09-04T12:48:37.241+0000] {logging_mixin.py:150} INFO - [2023-09-04T12:48:37.240+0000] {dag.py:3508} INFO - Setting next_dagrun for example_subdag_operator.section-2 to None, run_after=None
[2023-09-04T12:48:37.351+0000] {processor.py:179} INFO - Processing /home/airflow/.local/lib/python3.7/site-packages/airflow/example_dags/example_subdag_operator.py took 0.853 seconds
[2023-09-04T12:49:07.644+0000] {processor.py:157} INFO - Started process (PID=1092) to work on /home/airflow/.local/lib/python3.7/site-packages/airflow/example_dags/example_subdag_operator.py
[2023-09-04T12:49:07.654+0000] {processor.py:826} INFO - Processing file /home/airflow/.local/lib/python3.7/site-packages/airflow/example_dags/example_subdag_operator.py for tasks to queue
[2023-09-04T12:49:07.657+0000] {logging_mixin.py:150} INFO - [2023-09-04T12:49:07.657+0000] {dagbag.py:541} INFO - Filling up the DagBag from /home/airflow/.local/lib/python3.7/site-packages/airflow/example_dags/example_subdag_operator.py
[2023-09-04T12:49:07.753+0000] {processor.py:836} INFO - DAG(s) dict_keys(['example_subdag_operator.section-1', 'example_subdag_operator.section-2', 'example_subdag_operator']) retrieved from /home/airflow/.local/lib/python3.7/site-packages/airflow/example_dags/example_subdag_operator.py
[2023-09-04T12:49:07.880+0000] {logging_mixin.py:150} INFO - [2023-09-04T12:49:07.880+0000] {dag.py:2742} INFO - Sync 3 DAGs
[2023-09-04T12:49:08.074+0000] {logging_mixin.py:150} INFO - [2023-09-04T12:49:08.074+0000] {dag.py:3508} INFO - Setting next_dagrun for example_subdag_operator to 2022-01-01T00:00:00+00:00, run_after=2022-01-01T00:00:00+00:00
[2023-09-04T12:49:08.095+0000] {logging_mixin.py:150} INFO - [2023-09-04T12:49:08.094+0000] {dag.py:3508} INFO - Setting next_dagrun for example_subdag_operator.section-1 to None, run_after=None
[2023-09-04T12:49:08.101+0000] {logging_mixin.py:150} INFO - [2023-09-04T12:49:08.100+0000] {dag.py:3508} INFO - Setting next_dagrun for example_subdag_operator.section-2 to None, run_after=None
[2023-09-04T12:49:08.129+0000] {logging_mixin.py:150} INFO - [2023-09-04T12:49:08.128+0000] {dag.py:2742} INFO - Sync 2 DAGs
[2023-09-04T12:49:08.166+0000] {logging_mixin.py:150} INFO - [2023-09-04T12:49:08.166+0000] {dag.py:3508} INFO - Setting next_dagrun for example_subdag_operator.section-1 to None, run_after=None
[2023-09-04T12:49:08.168+0000] {logging_mixin.py:150} INFO - [2023-09-04T12:49:08.168+0000] {dag.py:3508} INFO - Setting next_dagrun for example_subdag_operator.section-2 to None, run_after=None
[2023-09-04T12:49:08.258+0000] {processor.py:179} INFO - Processing /home/airflow/.local/lib/python3.7/site-packages/airflow/example_dags/example_subdag_operator.py took 0.623 seconds
[2023-09-04T12:49:38.582+0000] {processor.py:157} INFO - Started process (PID=1150) to work on /home/airflow/.local/lib/python3.7/site-packages/airflow/example_dags/example_subdag_operator.py
[2023-09-04T12:49:38.585+0000] {processor.py:826} INFO - Processing file /home/airflow/.local/lib/python3.7/site-packages/airflow/example_dags/example_subdag_operator.py for tasks to queue
[2023-09-04T12:49:38.588+0000] {logging_mixin.py:150} INFO - [2023-09-04T12:49:38.587+0000] {dagbag.py:541} INFO - Filling up the DagBag from /home/airflow/.local/lib/python3.7/site-packages/airflow/example_dags/example_subdag_operator.py
[2023-09-04T12:49:38.650+0000] {processor.py:836} INFO - DAG(s) dict_keys(['example_subdag_operator.section-1', 'example_subdag_operator.section-2', 'example_subdag_operator']) retrieved from /home/airflow/.local/lib/python3.7/site-packages/airflow/example_dags/example_subdag_operator.py
[2023-09-04T12:49:38.701+0000] {logging_mixin.py:150} INFO - [2023-09-04T12:49:38.700+0000] {dag.py:2742} INFO - Sync 3 DAGs
[2023-09-04T12:49:38.782+0000] {logging_mixin.py:150} INFO - [2023-09-04T12:49:38.781+0000] {dag.py:3508} INFO - Setting next_dagrun for example_subdag_operator to 2022-01-01T00:00:00+00:00, run_after=2022-01-01T00:00:00+00:00
[2023-09-04T12:49:38.790+0000] {logging_mixin.py:150} INFO - [2023-09-04T12:49:38.790+0000] {dag.py:3508} INFO - Setting next_dagrun for example_subdag_operator.section-1 to None, run_after=None
[2023-09-04T12:49:38.794+0000] {logging_mixin.py:150} INFO - [2023-09-04T12:49:38.794+0000] {dag.py:3508} INFO - Setting next_dagrun for example_subdag_operator.section-2 to None, run_after=None
[2023-09-04T12:49:38.824+0000] {logging_mixin.py:150} INFO - [2023-09-04T12:49:38.823+0000] {dag.py:2742} INFO - Sync 2 DAGs
[2023-09-04T12:49:38.855+0000] {logging_mixin.py:150} INFO - [2023-09-04T12:49:38.855+0000] {dag.py:3508} INFO - Setting next_dagrun for example_subdag_operator.section-1 to None, run_after=None
[2023-09-04T12:49:38.859+0000] {logging_mixin.py:150} INFO - [2023-09-04T12:49:38.858+0000] {dag.py:3508} INFO - Setting next_dagrun for example_subdag_operator.section-2 to None, run_after=None
[2023-09-04T12:49:38.904+0000] {processor.py:179} INFO - Processing /home/airflow/.local/lib/python3.7/site-packages/airflow/example_dags/example_subdag_operator.py took 0.333 seconds
[2023-09-04T12:51:31.585+0000] {processor.py:157} INFO - Started process (PID=86) to work on /home/airflow/.local/lib/python3.7/site-packages/airflow/example_dags/example_subdag_operator.py
[2023-09-04T12:51:31.587+0000] {processor.py:826} INFO - Processing file /home/airflow/.local/lib/python3.7/site-packages/airflow/example_dags/example_subdag_operator.py for tasks to queue
[2023-09-04T12:51:31.589+0000] {logging_mixin.py:150} INFO - [2023-09-04T12:51:31.589+0000] {dagbag.py:541} INFO - Filling up the DagBag from /home/airflow/.local/lib/python3.7/site-packages/airflow/example_dags/example_subdag_operator.py
[2023-09-04T12:51:31.661+0000] {processor.py:836} INFO - DAG(s) dict_keys(['example_subdag_operator.section-1', 'example_subdag_operator.section-2', 'example_subdag_operator']) retrieved from /home/airflow/.local/lib/python3.7/site-packages/airflow/example_dags/example_subdag_operator.py
[2023-09-04T12:51:31.760+0000] {logging_mixin.py:150} INFO - [2023-09-04T12:51:31.760+0000] {dag.py:2742} INFO - Sync 3 DAGs
[2023-09-04T12:51:31.835+0000] {logging_mixin.py:150} INFO - [2023-09-04T12:51:31.834+0000] {dag.py:3508} INFO - Setting next_dagrun for example_subdag_operator to 2022-01-01T00:00:00+00:00, run_after=2022-01-01T00:00:00+00:00
[2023-09-04T12:51:31.846+0000] {logging_mixin.py:150} INFO - [2023-09-04T12:51:31.845+0000] {dag.py:3508} INFO - Setting next_dagrun for example_subdag_operator.section-1 to None, run_after=None
[2023-09-04T12:51:31.850+0000] {logging_mixin.py:150} INFO - [2023-09-04T12:51:31.850+0000] {dag.py:3508} INFO - Setting next_dagrun for example_subdag_operator.section-2 to None, run_after=None
[2023-09-04T12:51:31.878+0000] {logging_mixin.py:150} INFO - [2023-09-04T12:51:31.878+0000] {dag.py:2742} INFO - Sync 2 DAGs
[2023-09-04T12:51:31.911+0000] {logging_mixin.py:150} INFO - [2023-09-04T12:51:31.911+0000] {dag.py:3508} INFO - Setting next_dagrun for example_subdag_operator.section-1 to None, run_after=None
[2023-09-04T12:51:31.913+0000] {logging_mixin.py:150} INFO - [2023-09-04T12:51:31.913+0000] {dag.py:3508} INFO - Setting next_dagrun for example_subdag_operator.section-2 to None, run_after=None
[2023-09-04T12:51:31.952+0000] {processor.py:179} INFO - Processing /home/airflow/.local/lib/python3.7/site-packages/airflow/example_dags/example_subdag_operator.py took 0.374 seconds
[2023-09-04T12:52:02.779+0000] {processor.py:157} INFO - Started process (PID=145) to work on /home/airflow/.local/lib/python3.7/site-packages/airflow/example_dags/example_subdag_operator.py
[2023-09-04T12:52:02.782+0000] {processor.py:826} INFO - Processing file /home/airflow/.local/lib/python3.7/site-packages/airflow/example_dags/example_subdag_operator.py for tasks to queue
[2023-09-04T12:52:02.784+0000] {logging_mixin.py:150} INFO - [2023-09-04T12:52:02.783+0000] {dagbag.py:541} INFO - Filling up the DagBag from /home/airflow/.local/lib/python3.7/site-packages/airflow/example_dags/example_subdag_operator.py
[2023-09-04T12:52:02.851+0000] {processor.py:836} INFO - DAG(s) dict_keys(['example_subdag_operator.section-1', 'example_subdag_operator.section-2', 'example_subdag_operator']) retrieved from /home/airflow/.local/lib/python3.7/site-packages/airflow/example_dags/example_subdag_operator.py
[2023-09-04T12:52:02.894+0000] {logging_mixin.py:150} INFO - [2023-09-04T12:52:02.893+0000] {dag.py:2742} INFO - Sync 3 DAGs
[2023-09-04T12:52:02.977+0000] {logging_mixin.py:150} INFO - [2023-09-04T12:52:02.977+0000] {dag.py:3508} INFO - Setting next_dagrun for example_subdag_operator to 2022-01-01T00:00:00+00:00, run_after=2022-01-01T00:00:00+00:00
[2023-09-04T12:52:02.985+0000] {logging_mixin.py:150} INFO - [2023-09-04T12:52:02.985+0000] {dag.py:3508} INFO - Setting next_dagrun for example_subdag_operator.section-1 to None, run_after=None
[2023-09-04T12:52:02.988+0000] {logging_mixin.py:150} INFO - [2023-09-04T12:52:02.988+0000] {dag.py:3508} INFO - Setting next_dagrun for example_subdag_operator.section-2 to None, run_after=None
[2023-09-04T12:52:03.004+0000] {logging_mixin.py:150} INFO - [2023-09-04T12:52:03.004+0000] {dag.py:2742} INFO - Sync 2 DAGs
[2023-09-04T12:52:03.020+0000] {logging_mixin.py:150} INFO - [2023-09-04T12:52:03.020+0000] {dag.py:3508} INFO - Setting next_dagrun for example_subdag_operator.section-1 to None, run_after=None
[2023-09-04T12:52:03.021+0000] {logging_mixin.py:150} INFO - [2023-09-04T12:52:03.021+0000] {dag.py:3508} INFO - Setting next_dagrun for example_subdag_operator.section-2 to None, run_after=None
[2023-09-04T12:52:03.045+0000] {processor.py:179} INFO - Processing /home/airflow/.local/lib/python3.7/site-packages/airflow/example_dags/example_subdag_operator.py took 0.273 seconds
[2023-09-04T12:52:34.373+0000] {processor.py:157} INFO - Started process (PID=204) to work on /home/airflow/.local/lib/python3.7/site-packages/airflow/example_dags/example_subdag_operator.py
[2023-09-04T12:52:34.375+0000] {processor.py:826} INFO - Processing file /home/airflow/.local/lib/python3.7/site-packages/airflow/example_dags/example_subdag_operator.py for tasks to queue
[2023-09-04T12:52:34.378+0000] {logging_mixin.py:150} INFO - [2023-09-04T12:52:34.377+0000] {dagbag.py:541} INFO - Filling up the DagBag from /home/airflow/.local/lib/python3.7/site-packages/airflow/example_dags/example_subdag_operator.py
[2023-09-04T12:52:34.436+0000] {processor.py:836} INFO - DAG(s) dict_keys(['example_subdag_operator.section-1', 'example_subdag_operator.section-2', 'example_subdag_operator']) retrieved from /home/airflow/.local/lib/python3.7/site-packages/airflow/example_dags/example_subdag_operator.py
[2023-09-04T12:52:34.478+0000] {logging_mixin.py:150} INFO - [2023-09-04T12:52:34.478+0000] {dag.py:2742} INFO - Sync 3 DAGs
[2023-09-04T12:52:34.551+0000] {logging_mixin.py:150} INFO - [2023-09-04T12:52:34.550+0000] {dag.py:3508} INFO - Setting next_dagrun for example_subdag_operator to 2022-01-01T00:00:00+00:00, run_after=2022-01-01T00:00:00+00:00
[2023-09-04T12:52:34.559+0000] {logging_mixin.py:150} INFO - [2023-09-04T12:52:34.559+0000] {dag.py:3508} INFO - Setting next_dagrun for example_subdag_operator.section-1 to None, run_after=None
[2023-09-04T12:52:34.563+0000] {logging_mixin.py:150} INFO - [2023-09-04T12:52:34.563+0000] {dag.py:3508} INFO - Setting next_dagrun for example_subdag_operator.section-2 to None, run_after=None
[2023-09-04T12:52:34.581+0000] {logging_mixin.py:150} INFO - [2023-09-04T12:52:34.580+0000] {dag.py:2742} INFO - Sync 2 DAGs
[2023-09-04T12:52:34.596+0000] {logging_mixin.py:150} INFO - [2023-09-04T12:52:34.595+0000] {dag.py:3508} INFO - Setting next_dagrun for example_subdag_operator.section-1 to None, run_after=None
[2023-09-04T12:52:34.603+0000] {logging_mixin.py:150} INFO - [2023-09-04T12:52:34.603+0000] {dag.py:3508} INFO - Setting next_dagrun for example_subdag_operator.section-2 to None, run_after=None
[2023-09-04T12:52:34.633+0000] {processor.py:179} INFO - Processing /home/airflow/.local/lib/python3.7/site-packages/airflow/example_dags/example_subdag_operator.py took 0.268 seconds
[2023-09-04T12:53:05.911+0000] {processor.py:157} INFO - Started process (PID=263) to work on /home/airflow/.local/lib/python3.7/site-packages/airflow/example_dags/example_subdag_operator.py
[2023-09-04T12:53:05.913+0000] {processor.py:826} INFO - Processing file /home/airflow/.local/lib/python3.7/site-packages/airflow/example_dags/example_subdag_operator.py for tasks to queue
[2023-09-04T12:53:05.916+0000] {logging_mixin.py:150} INFO - [2023-09-04T12:53:05.915+0000] {dagbag.py:541} INFO - Filling up the DagBag from /home/airflow/.local/lib/python3.7/site-packages/airflow/example_dags/example_subdag_operator.py
[2023-09-04T12:53:05.995+0000] {processor.py:836} INFO - DAG(s) dict_keys(['example_subdag_operator.section-1', 'example_subdag_operator.section-2', 'example_subdag_operator']) retrieved from /home/airflow/.local/lib/python3.7/site-packages/airflow/example_dags/example_subdag_operator.py
[2023-09-04T12:53:06.090+0000] {logging_mixin.py:150} INFO - [2023-09-04T12:53:06.090+0000] {dag.py:2742} INFO - Sync 3 DAGs
[2023-09-04T12:53:06.247+0000] {logging_mixin.py:150} INFO - [2023-09-04T12:53:06.246+0000] {dag.py:3508} INFO - Setting next_dagrun for example_subdag_operator to 2022-01-01T00:00:00+00:00, run_after=2022-01-01T00:00:00+00:00
[2023-09-04T12:53:06.261+0000] {logging_mixin.py:150} INFO - [2023-09-04T12:53:06.261+0000] {dag.py:3508} INFO - Setting next_dagrun for example_subdag_operator.section-1 to None, run_after=None
[2023-09-04T12:53:06.271+0000] {logging_mixin.py:150} INFO - [2023-09-04T12:53:06.270+0000] {dag.py:3508} INFO - Setting next_dagrun for example_subdag_operator.section-2 to None, run_after=None
[2023-09-04T12:53:06.296+0000] {logging_mixin.py:150} INFO - [2023-09-04T12:53:06.295+0000] {dag.py:2742} INFO - Sync 2 DAGs
[2023-09-04T12:53:06.314+0000] {logging_mixin.py:150} INFO - [2023-09-04T12:53:06.314+0000] {dag.py:3508} INFO - Setting next_dagrun for example_subdag_operator.section-1 to None, run_after=None
[2023-09-04T12:53:06.321+0000] {logging_mixin.py:150} INFO - [2023-09-04T12:53:06.320+0000] {dag.py:3508} INFO - Setting next_dagrun for example_subdag_operator.section-2 to None, run_after=None
[2023-09-04T12:53:06.348+0000] {processor.py:179} INFO - Processing /home/airflow/.local/lib/python3.7/site-packages/airflow/example_dags/example_subdag_operator.py took 0.443 seconds
[2023-09-04T12:53:36.867+0000] {processor.py:157} INFO - Started process (PID=323) to work on /home/airflow/.local/lib/python3.7/site-packages/airflow/example_dags/example_subdag_operator.py
[2023-09-04T12:53:36.869+0000] {processor.py:826} INFO - Processing file /home/airflow/.local/lib/python3.7/site-packages/airflow/example_dags/example_subdag_operator.py for tasks to queue
[2023-09-04T12:53:36.872+0000] {logging_mixin.py:150} INFO - [2023-09-04T12:53:36.871+0000] {dagbag.py:541} INFO - Filling up the DagBag from /home/airflow/.local/lib/python3.7/site-packages/airflow/example_dags/example_subdag_operator.py
[2023-09-04T12:53:36.959+0000] {processor.py:836} INFO - DAG(s) dict_keys(['example_subdag_operator.section-1', 'example_subdag_operator.section-2', 'example_subdag_operator']) retrieved from /home/airflow/.local/lib/python3.7/site-packages/airflow/example_dags/example_subdag_operator.py
[2023-09-04T12:53:37.155+0000] {logging_mixin.py:150} INFO - [2023-09-04T12:53:37.155+0000] {dag.py:2742} INFO - Sync 3 DAGs
[2023-09-04T12:53:37.198+0000] {logging_mixin.py:150} INFO - [2023-09-04T12:53:37.198+0000] {dag.py:3508} INFO - Setting next_dagrun for example_subdag_operator to 2022-01-01T00:00:00+00:00, run_after=2022-01-01T00:00:00+00:00
[2023-09-04T12:53:37.204+0000] {logging_mixin.py:150} INFO - [2023-09-04T12:53:37.204+0000] {dag.py:3508} INFO - Setting next_dagrun for example_subdag_operator.section-1 to None, run_after=None
[2023-09-04T12:53:37.208+0000] {logging_mixin.py:150} INFO - [2023-09-04T12:53:37.207+0000] {dag.py:3508} INFO - Setting next_dagrun for example_subdag_operator.section-2 to None, run_after=None
[2023-09-04T12:53:37.222+0000] {logging_mixin.py:150} INFO - [2023-09-04T12:53:37.221+0000] {dag.py:2742} INFO - Sync 2 DAGs
[2023-09-04T12:53:37.235+0000] {logging_mixin.py:150} INFO - [2023-09-04T12:53:37.234+0000] {dag.py:3508} INFO - Setting next_dagrun for example_subdag_operator.section-1 to None, run_after=None
[2023-09-04T12:53:37.237+0000] {logging_mixin.py:150} INFO - [2023-09-04T12:53:37.237+0000] {dag.py:3508} INFO - Setting next_dagrun for example_subdag_operator.section-2 to None, run_after=None
[2023-09-04T12:53:37.270+0000] {processor.py:179} INFO - Processing /home/airflow/.local/lib/python3.7/site-packages/airflow/example_dags/example_subdag_operator.py took 0.410 seconds
[2023-09-04T12:54:08.228+0000] {processor.py:157} INFO - Started process (PID=387) to work on /home/airflow/.local/lib/python3.7/site-packages/airflow/example_dags/example_subdag_operator.py
[2023-09-04T12:54:08.235+0000] {processor.py:826} INFO - Processing file /home/airflow/.local/lib/python3.7/site-packages/airflow/example_dags/example_subdag_operator.py for tasks to queue
[2023-09-04T12:54:08.239+0000] {logging_mixin.py:150} INFO - [2023-09-04T12:54:08.238+0000] {dagbag.py:541} INFO - Filling up the DagBag from /home/airflow/.local/lib/python3.7/site-packages/airflow/example_dags/example_subdag_operator.py
[2023-09-04T12:54:08.328+0000] {processor.py:836} INFO - DAG(s) dict_keys(['example_subdag_operator.section-1', 'example_subdag_operator.section-2', 'example_subdag_operator']) retrieved from /home/airflow/.local/lib/python3.7/site-packages/airflow/example_dags/example_subdag_operator.py
[2023-09-04T12:54:08.374+0000] {logging_mixin.py:150} INFO - [2023-09-04T12:54:08.374+0000] {dag.py:2742} INFO - Sync 3 DAGs
[2023-09-04T12:54:08.438+0000] {logging_mixin.py:150} INFO - [2023-09-04T12:54:08.438+0000] {dag.py:3508} INFO - Setting next_dagrun for example_subdag_operator to 2022-01-01T00:00:00+00:00, run_after=2022-01-01T00:00:00+00:00
[2023-09-04T12:54:08.446+0000] {logging_mixin.py:150} INFO - [2023-09-04T12:54:08.446+0000] {dag.py:3508} INFO - Setting next_dagrun for example_subdag_operator.section-1 to None, run_after=None
[2023-09-04T12:54:08.450+0000] {logging_mixin.py:150} INFO - [2023-09-04T12:54:08.450+0000] {dag.py:3508} INFO - Setting next_dagrun for example_subdag_operator.section-2 to None, run_after=None
[2023-09-04T12:54:08.473+0000] {logging_mixin.py:150} INFO - [2023-09-04T12:54:08.473+0000] {dag.py:2742} INFO - Sync 2 DAGs
[2023-09-04T12:54:08.487+0000] {logging_mixin.py:150} INFO - [2023-09-04T12:54:08.487+0000] {dag.py:3508} INFO - Setting next_dagrun for example_subdag_operator.section-1 to None, run_after=None
[2023-09-04T12:54:08.489+0000] {logging_mixin.py:150} INFO - [2023-09-04T12:54:08.489+0000] {dag.py:3508} INFO - Setting next_dagrun for example_subdag_operator.section-2 to None, run_after=None
[2023-09-04T12:54:08.522+0000] {processor.py:179} INFO - Processing /home/airflow/.local/lib/python3.7/site-packages/airflow/example_dags/example_subdag_operator.py took 0.301 seconds
[2023-09-04T12:54:39.523+0000] {processor.py:157} INFO - Started process (PID=447) to work on /home/airflow/.local/lib/python3.7/site-packages/airflow/example_dags/example_subdag_operator.py
[2023-09-04T12:54:39.528+0000] {processor.py:826} INFO - Processing file /home/airflow/.local/lib/python3.7/site-packages/airflow/example_dags/example_subdag_operator.py for tasks to queue
[2023-09-04T12:54:39.530+0000] {logging_mixin.py:150} INFO - [2023-09-04T12:54:39.529+0000] {dagbag.py:541} INFO - Filling up the DagBag from /home/airflow/.local/lib/python3.7/site-packages/airflow/example_dags/example_subdag_operator.py
[2023-09-04T12:54:39.595+0000] {processor.py:836} INFO - DAG(s) dict_keys(['example_subdag_operator.section-1', 'example_subdag_operator.section-2', 'example_subdag_operator']) retrieved from /home/airflow/.local/lib/python3.7/site-packages/airflow/example_dags/example_subdag_operator.py
[2023-09-04T12:54:39.676+0000] {logging_mixin.py:150} INFO - [2023-09-04T12:54:39.675+0000] {dag.py:2742} INFO - Sync 3 DAGs
[2023-09-04T12:54:39.761+0000] {logging_mixin.py:150} INFO - [2023-09-04T12:54:39.760+0000] {dag.py:3508} INFO - Setting next_dagrun for example_subdag_operator to 2022-01-01T00:00:00+00:00, run_after=2022-01-01T00:00:00+00:00
[2023-09-04T12:54:39.769+0000] {logging_mixin.py:150} INFO - [2023-09-04T12:54:39.768+0000] {dag.py:3508} INFO - Setting next_dagrun for example_subdag_operator.section-1 to None, run_after=None
[2023-09-04T12:54:39.773+0000] {logging_mixin.py:150} INFO - [2023-09-04T12:54:39.773+0000] {dag.py:3508} INFO - Setting next_dagrun for example_subdag_operator.section-2 to None, run_after=None
[2023-09-04T12:54:39.791+0000] {logging_mixin.py:150} INFO - [2023-09-04T12:54:39.791+0000] {dag.py:2742} INFO - Sync 2 DAGs
[2023-09-04T12:54:39.804+0000] {logging_mixin.py:150} INFO - [2023-09-04T12:54:39.804+0000] {dag.py:3508} INFO - Setting next_dagrun for example_subdag_operator.section-1 to None, run_after=None
[2023-09-04T12:54:39.805+0000] {logging_mixin.py:150} INFO - [2023-09-04T12:54:39.805+0000] {dag.py:3508} INFO - Setting next_dagrun for example_subdag_operator.section-2 to None, run_after=None
[2023-09-04T12:54:39.831+0000] {processor.py:179} INFO - Processing /home/airflow/.local/lib/python3.7/site-packages/airflow/example_dags/example_subdag_operator.py took 0.316 seconds
[2023-09-04T12:55:10.857+0000] {processor.py:157} INFO - Started process (PID=506) to work on /home/airflow/.local/lib/python3.7/site-packages/airflow/example_dags/example_subdag_operator.py
[2023-09-04T12:55:10.860+0000] {processor.py:826} INFO - Processing file /home/airflow/.local/lib/python3.7/site-packages/airflow/example_dags/example_subdag_operator.py for tasks to queue
[2023-09-04T12:55:10.863+0000] {logging_mixin.py:150} INFO - [2023-09-04T12:55:10.863+0000] {dagbag.py:541} INFO - Filling up the DagBag from /home/airflow/.local/lib/python3.7/site-packages/airflow/example_dags/example_subdag_operator.py
[2023-09-04T12:55:10.915+0000] {processor.py:836} INFO - DAG(s) dict_keys(['example_subdag_operator.section-1', 'example_subdag_operator.section-2', 'example_subdag_operator']) retrieved from /home/airflow/.local/lib/python3.7/site-packages/airflow/example_dags/example_subdag_operator.py
[2023-09-04T12:55:10.955+0000] {logging_mixin.py:150} INFO - [2023-09-04T12:55:10.954+0000] {dag.py:2742} INFO - Sync 3 DAGs
[2023-09-04T12:55:11.016+0000] {logging_mixin.py:150} INFO - [2023-09-04T12:55:11.015+0000] {dag.py:3508} INFO - Setting next_dagrun for example_subdag_operator to 2022-01-01T00:00:00+00:00, run_after=2022-01-01T00:00:00+00:00
[2023-09-04T12:55:11.023+0000] {logging_mixin.py:150} INFO - [2023-09-04T12:55:11.022+0000] {dag.py:3508} INFO - Setting next_dagrun for example_subdag_operator.section-1 to None, run_after=None
[2023-09-04T12:55:11.026+0000] {logging_mixin.py:150} INFO - [2023-09-04T12:55:11.025+0000] {dag.py:3508} INFO - Setting next_dagrun for example_subdag_operator.section-2 to None, run_after=None
[2023-09-04T12:55:11.042+0000] {logging_mixin.py:150} INFO - [2023-09-04T12:55:11.041+0000] {dag.py:2742} INFO - Sync 2 DAGs
[2023-09-04T12:55:11.055+0000] {logging_mixin.py:150} INFO - [2023-09-04T12:55:11.054+0000] {dag.py:3508} INFO - Setting next_dagrun for example_subdag_operator.section-1 to None, run_after=None
[2023-09-04T12:55:11.056+0000] {logging_mixin.py:150} INFO - [2023-09-04T12:55:11.056+0000] {dag.py:3508} INFO - Setting next_dagrun for example_subdag_operator.section-2 to None, run_after=None
[2023-09-04T12:55:11.084+0000] {processor.py:179} INFO - Processing /home/airflow/.local/lib/python3.7/site-packages/airflow/example_dags/example_subdag_operator.py took 0.232 seconds
[2023-09-04T12:55:41.800+0000] {processor.py:157} INFO - Started process (PID=566) to work on /home/airflow/.local/lib/python3.7/site-packages/airflow/example_dags/example_subdag_operator.py
[2023-09-04T12:55:41.803+0000] {processor.py:826} INFO - Processing file /home/airflow/.local/lib/python3.7/site-packages/airflow/example_dags/example_subdag_operator.py for tasks to queue
[2023-09-04T12:55:41.805+0000] {logging_mixin.py:150} INFO - [2023-09-04T12:55:41.805+0000] {dagbag.py:541} INFO - Filling up the DagBag from /home/airflow/.local/lib/python3.7/site-packages/airflow/example_dags/example_subdag_operator.py
[2023-09-04T12:55:41.885+0000] {processor.py:836} INFO - DAG(s) dict_keys(['example_subdag_operator.section-1', 'example_subdag_operator.section-2', 'example_subdag_operator']) retrieved from /home/airflow/.local/lib/python3.7/site-packages/airflow/example_dags/example_subdag_operator.py
[2023-09-04T12:55:41.935+0000] {logging_mixin.py:150} INFO - [2023-09-04T12:55:41.935+0000] {dag.py:2742} INFO - Sync 3 DAGs
[2023-09-04T12:55:42.010+0000] {logging_mixin.py:150} INFO - [2023-09-04T12:55:42.010+0000] {dag.py:3508} INFO - Setting next_dagrun for example_subdag_operator to 2022-01-01T00:00:00+00:00, run_after=2022-01-01T00:00:00+00:00
[2023-09-04T12:55:42.018+0000] {logging_mixin.py:150} INFO - [2023-09-04T12:55:42.018+0000] {dag.py:3508} INFO - Setting next_dagrun for example_subdag_operator.section-1 to None, run_after=None
[2023-09-04T12:55:42.022+0000] {logging_mixin.py:150} INFO - [2023-09-04T12:55:42.021+0000] {dag.py:3508} INFO - Setting next_dagrun for example_subdag_operator.section-2 to None, run_after=None
[2023-09-04T12:55:42.054+0000] {logging_mixin.py:150} INFO - [2023-09-04T12:55:42.053+0000] {dag.py:2742} INFO - Sync 2 DAGs
[2023-09-04T12:55:42.084+0000] {logging_mixin.py:150} INFO - [2023-09-04T12:55:42.078+0000] {dag.py:3508} INFO - Setting next_dagrun for example_subdag_operator.section-1 to None, run_after=None
[2023-09-04T12:55:42.087+0000] {logging_mixin.py:150} INFO - [2023-09-04T12:55:42.086+0000] {dag.py:3508} INFO - Setting next_dagrun for example_subdag_operator.section-2 to None, run_after=None
[2023-09-04T12:55:42.123+0000] {processor.py:179} INFO - Processing /home/airflow/.local/lib/python3.7/site-packages/airflow/example_dags/example_subdag_operator.py took 0.332 seconds
[2023-09-04T12:56:13.637+0000] {processor.py:157} INFO - Started process (PID=625) to work on /home/airflow/.local/lib/python3.7/site-packages/airflow/example_dags/example_subdag_operator.py
[2023-09-04T12:56:13.643+0000] {processor.py:826} INFO - Processing file /home/airflow/.local/lib/python3.7/site-packages/airflow/example_dags/example_subdag_operator.py for tasks to queue
[2023-09-04T12:56:13.647+0000] {logging_mixin.py:150} INFO - [2023-09-04T12:56:13.646+0000] {dagbag.py:541} INFO - Filling up the DagBag from /home/airflow/.local/lib/python3.7/site-packages/airflow/example_dags/example_subdag_operator.py
[2023-09-04T12:56:13.708+0000] {processor.py:836} INFO - DAG(s) dict_keys(['example_subdag_operator.section-1', 'example_subdag_operator.section-2', 'example_subdag_operator']) retrieved from /home/airflow/.local/lib/python3.7/site-packages/airflow/example_dags/example_subdag_operator.py
[2023-09-04T12:56:13.764+0000] {logging_mixin.py:150} INFO - [2023-09-04T12:56:13.764+0000] {dag.py:2742} INFO - Sync 3 DAGs
[2023-09-04T12:56:13.828+0000] {logging_mixin.py:150} INFO - [2023-09-04T12:56:13.828+0000] {dag.py:3508} INFO - Setting next_dagrun for example_subdag_operator to 2022-01-01T00:00:00+00:00, run_after=2022-01-01T00:00:00+00:00
[2023-09-04T12:56:13.834+0000] {logging_mixin.py:150} INFO - [2023-09-04T12:56:13.834+0000] {dag.py:3508} INFO - Setting next_dagrun for example_subdag_operator.section-1 to None, run_after=None
[2023-09-04T12:56:13.839+0000] {logging_mixin.py:150} INFO - [2023-09-04T12:56:13.838+0000] {dag.py:3508} INFO - Setting next_dagrun for example_subdag_operator.section-2 to None, run_after=None
[2023-09-04T12:56:13.870+0000] {logging_mixin.py:150} INFO - [2023-09-04T12:56:13.870+0000] {dag.py:2742} INFO - Sync 2 DAGs
[2023-09-04T12:56:13.883+0000] {logging_mixin.py:150} INFO - [2023-09-04T12:56:13.883+0000] {dag.py:3508} INFO - Setting next_dagrun for example_subdag_operator.section-1 to None, run_after=None
[2023-09-04T12:56:13.884+0000] {logging_mixin.py:150} INFO - [2023-09-04T12:56:13.884+0000] {dag.py:3508} INFO - Setting next_dagrun for example_subdag_operator.section-2 to None, run_after=None
[2023-09-04T12:56:13.916+0000] {processor.py:179} INFO - Processing /home/airflow/.local/lib/python3.7/site-packages/airflow/example_dags/example_subdag_operator.py took 0.289 seconds
[2023-09-04T12:56:44.542+0000] {processor.py:157} INFO - Started process (PID=684) to work on /home/airflow/.local/lib/python3.7/site-packages/airflow/example_dags/example_subdag_operator.py
[2023-09-04T12:56:44.544+0000] {processor.py:826} INFO - Processing file /home/airflow/.local/lib/python3.7/site-packages/airflow/example_dags/example_subdag_operator.py for tasks to queue
[2023-09-04T12:56:44.546+0000] {logging_mixin.py:150} INFO - [2023-09-04T12:56:44.545+0000] {dagbag.py:541} INFO - Filling up the DagBag from /home/airflow/.local/lib/python3.7/site-packages/airflow/example_dags/example_subdag_operator.py
[2023-09-04T12:56:44.606+0000] {processor.py:836} INFO - DAG(s) dict_keys(['example_subdag_operator.section-1', 'example_subdag_operator.section-2', 'example_subdag_operator']) retrieved from /home/airflow/.local/lib/python3.7/site-packages/airflow/example_dags/example_subdag_operator.py
[2023-09-04T12:56:44.656+0000] {logging_mixin.py:150} INFO - [2023-09-04T12:56:44.656+0000] {dag.py:2742} INFO - Sync 3 DAGs
[2023-09-04T12:56:44.717+0000] {logging_mixin.py:150} INFO - [2023-09-04T12:56:44.716+0000] {dag.py:3508} INFO - Setting next_dagrun for example_subdag_operator to 2022-01-01T00:00:00+00:00, run_after=2022-01-01T00:00:00+00:00
[2023-09-04T12:56:44.724+0000] {logging_mixin.py:150} INFO - [2023-09-04T12:56:44.724+0000] {dag.py:3508} INFO - Setting next_dagrun for example_subdag_operator.section-1 to None, run_after=None
[2023-09-04T12:56:44.728+0000] {logging_mixin.py:150} INFO - [2023-09-04T12:56:44.727+0000] {dag.py:3508} INFO - Setting next_dagrun for example_subdag_operator.section-2 to None, run_after=None
[2023-09-04T12:56:44.744+0000] {logging_mixin.py:150} INFO - [2023-09-04T12:56:44.744+0000] {dag.py:2742} INFO - Sync 2 DAGs
[2023-09-04T12:56:44.756+0000] {logging_mixin.py:150} INFO - [2023-09-04T12:56:44.756+0000] {dag.py:3508} INFO - Setting next_dagrun for example_subdag_operator.section-1 to None, run_after=None
[2023-09-04T12:56:44.758+0000] {logging_mixin.py:150} INFO - [2023-09-04T12:56:44.758+0000] {dag.py:3508} INFO - Setting next_dagrun for example_subdag_operator.section-2 to None, run_after=None
[2023-09-04T12:56:44.785+0000] {processor.py:179} INFO - Processing /home/airflow/.local/lib/python3.7/site-packages/airflow/example_dags/example_subdag_operator.py took 0.249 seconds
[2023-09-04T12:57:16.054+0000] {processor.py:157} INFO - Started process (PID=742) to work on /home/airflow/.local/lib/python3.7/site-packages/airflow/example_dags/example_subdag_operator.py
[2023-09-04T12:57:16.056+0000] {processor.py:826} INFO - Processing file /home/airflow/.local/lib/python3.7/site-packages/airflow/example_dags/example_subdag_operator.py for tasks to queue
[2023-09-04T12:57:16.058+0000] {logging_mixin.py:150} INFO - [2023-09-04T12:57:16.058+0000] {dagbag.py:541} INFO - Filling up the DagBag from /home/airflow/.local/lib/python3.7/site-packages/airflow/example_dags/example_subdag_operator.py
[2023-09-04T12:57:16.111+0000] {processor.py:836} INFO - DAG(s) dict_keys(['example_subdag_operator.section-1', 'example_subdag_operator.section-2', 'example_subdag_operator']) retrieved from /home/airflow/.local/lib/python3.7/site-packages/airflow/example_dags/example_subdag_operator.py
[2023-09-04T12:57:16.171+0000] {logging_mixin.py:150} INFO - [2023-09-04T12:57:16.170+0000] {dag.py:2742} INFO - Sync 3 DAGs
[2023-09-04T12:57:16.254+0000] {logging_mixin.py:150} INFO - [2023-09-04T12:57:16.254+0000] {dag.py:3508} INFO - Setting next_dagrun for example_subdag_operator to 2022-01-01T00:00:00+00:00, run_after=2022-01-01T00:00:00+00:00
[2023-09-04T12:57:16.265+0000] {logging_mixin.py:150} INFO - [2023-09-04T12:57:16.264+0000] {dag.py:3508} INFO - Setting next_dagrun for example_subdag_operator.section-1 to None, run_after=None
[2023-09-04T12:57:16.269+0000] {logging_mixin.py:150} INFO - [2023-09-04T12:57:16.268+0000] {dag.py:3508} INFO - Setting next_dagrun for example_subdag_operator.section-2 to None, run_after=None
[2023-09-04T12:57:16.291+0000] {logging_mixin.py:150} INFO - [2023-09-04T12:57:16.291+0000] {dag.py:2742} INFO - Sync 2 DAGs
[2023-09-04T12:57:16.325+0000] {logging_mixin.py:150} INFO - [2023-09-04T12:57:16.325+0000] {dag.py:3508} INFO - Setting next_dagrun for example_subdag_operator.section-1 to None, run_after=None
[2023-09-04T12:57:16.328+0000] {logging_mixin.py:150} INFO - [2023-09-04T12:57:16.327+0000] {dag.py:3508} INFO - Setting next_dagrun for example_subdag_operator.section-2 to None, run_after=None
[2023-09-04T12:57:16.385+0000] {processor.py:179} INFO - Processing /home/airflow/.local/lib/python3.7/site-packages/airflow/example_dags/example_subdag_operator.py took 0.336 seconds
[2023-09-04T12:57:47.986+0000] {processor.py:157} INFO - Started process (PID=801) to work on /home/airflow/.local/lib/python3.7/site-packages/airflow/example_dags/example_subdag_operator.py
[2023-09-04T12:57:47.988+0000] {processor.py:826} INFO - Processing file /home/airflow/.local/lib/python3.7/site-packages/airflow/example_dags/example_subdag_operator.py for tasks to queue
[2023-09-04T12:57:47.990+0000] {logging_mixin.py:150} INFO - [2023-09-04T12:57:47.990+0000] {dagbag.py:541} INFO - Filling up the DagBag from /home/airflow/.local/lib/python3.7/site-packages/airflow/example_dags/example_subdag_operator.py
[2023-09-04T12:57:48.043+0000] {processor.py:836} INFO - DAG(s) dict_keys(['example_subdag_operator.section-1', 'example_subdag_operator.section-2', 'example_subdag_operator']) retrieved from /home/airflow/.local/lib/python3.7/site-packages/airflow/example_dags/example_subdag_operator.py
[2023-09-04T12:57:48.091+0000] {logging_mixin.py:150} INFO - [2023-09-04T12:57:48.091+0000] {dag.py:2742} INFO - Sync 3 DAGs
[2023-09-04T12:57:48.164+0000] {logging_mixin.py:150} INFO - [2023-09-04T12:57:48.163+0000] {dag.py:3508} INFO - Setting next_dagrun for example_subdag_operator to 2022-01-01T00:00:00+00:00, run_after=2022-01-01T00:00:00+00:00
[2023-09-04T12:57:48.181+0000] {logging_mixin.py:150} INFO - [2023-09-04T12:57:48.180+0000] {dag.py:3508} INFO - Setting next_dagrun for example_subdag_operator.section-1 to None, run_after=None
[2023-09-04T12:57:48.189+0000] {logging_mixin.py:150} INFO - [2023-09-04T12:57:48.187+0000] {dag.py:3508} INFO - Setting next_dagrun for example_subdag_operator.section-2 to None, run_after=None
[2023-09-04T12:57:48.210+0000] {logging_mixin.py:150} INFO - [2023-09-04T12:57:48.209+0000] {dag.py:2742} INFO - Sync 2 DAGs
[2023-09-04T12:57:48.235+0000] {logging_mixin.py:150} INFO - [2023-09-04T12:57:48.235+0000] {dag.py:3508} INFO - Setting next_dagrun for example_subdag_operator.section-1 to None, run_after=None
[2023-09-04T12:57:48.241+0000] {logging_mixin.py:150} INFO - [2023-09-04T12:57:48.241+0000] {dag.py:3508} INFO - Setting next_dagrun for example_subdag_operator.section-2 to None, run_after=None
[2023-09-04T12:57:48.289+0000] {processor.py:179} INFO - Processing /home/airflow/.local/lib/python3.7/site-packages/airflow/example_dags/example_subdag_operator.py took 0.309 seconds
[2023-09-04T12:58:18.714+0000] {processor.py:157} INFO - Started process (PID=860) to work on /home/airflow/.local/lib/python3.7/site-packages/airflow/example_dags/example_subdag_operator.py
[2023-09-04T12:58:18.716+0000] {processor.py:826} INFO - Processing file /home/airflow/.local/lib/python3.7/site-packages/airflow/example_dags/example_subdag_operator.py for tasks to queue
[2023-09-04T12:58:18.718+0000] {logging_mixin.py:150} INFO - [2023-09-04T12:58:18.717+0000] {dagbag.py:541} INFO - Filling up the DagBag from /home/airflow/.local/lib/python3.7/site-packages/airflow/example_dags/example_subdag_operator.py
[2023-09-04T12:58:18.769+0000] {processor.py:836} INFO - DAG(s) dict_keys(['example_subdag_operator.section-1', 'example_subdag_operator.section-2', 'example_subdag_operator']) retrieved from /home/airflow/.local/lib/python3.7/site-packages/airflow/example_dags/example_subdag_operator.py
[2023-09-04T12:58:18.842+0000] {logging_mixin.py:150} INFO - [2023-09-04T12:58:18.842+0000] {dag.py:2742} INFO - Sync 3 DAGs
[2023-09-04T12:58:18.915+0000] {logging_mixin.py:150} INFO - [2023-09-04T12:58:18.915+0000] {dag.py:3508} INFO - Setting next_dagrun for example_subdag_operator to 2022-01-01T00:00:00+00:00, run_after=2022-01-01T00:00:00+00:00
[2023-09-04T12:58:18.923+0000] {logging_mixin.py:150} INFO - [2023-09-04T12:58:18.923+0000] {dag.py:3508} INFO - Setting next_dagrun for example_subdag_operator.section-1 to None, run_after=None
[2023-09-04T12:58:18.926+0000] {logging_mixin.py:150} INFO - [2023-09-04T12:58:18.926+0000] {dag.py:3508} INFO - Setting next_dagrun for example_subdag_operator.section-2 to None, run_after=None
[2023-09-04T12:58:18.943+0000] {logging_mixin.py:150} INFO - [2023-09-04T12:58:18.942+0000] {dag.py:2742} INFO - Sync 2 DAGs
[2023-09-04T12:58:18.957+0000] {logging_mixin.py:150} INFO - [2023-09-04T12:58:18.957+0000] {dag.py:3508} INFO - Setting next_dagrun for example_subdag_operator.section-1 to None, run_after=None
[2023-09-04T12:58:18.958+0000] {logging_mixin.py:150} INFO - [2023-09-04T12:58:18.958+0000] {dag.py:3508} INFO - Setting next_dagrun for example_subdag_operator.section-2 to None, run_after=None
[2023-09-04T12:58:18.985+0000] {processor.py:179} INFO - Processing /home/airflow/.local/lib/python3.7/site-packages/airflow/example_dags/example_subdag_operator.py took 0.278 seconds
[2023-09-04T12:58:52.388+0000] {processor.py:157} INFO - Started process (PID=920) to work on /home/airflow/.local/lib/python3.7/site-packages/airflow/example_dags/example_subdag_operator.py
[2023-09-04T12:58:52.390+0000] {processor.py:826} INFO - Processing file /home/airflow/.local/lib/python3.7/site-packages/airflow/example_dags/example_subdag_operator.py for tasks to queue
[2023-09-04T12:58:52.393+0000] {logging_mixin.py:150} INFO - [2023-09-04T12:58:52.392+0000] {dagbag.py:541} INFO - Filling up the DagBag from /home/airflow/.local/lib/python3.7/site-packages/airflow/example_dags/example_subdag_operator.py
[2023-09-04T12:58:52.463+0000] {processor.py:836} INFO - DAG(s) dict_keys(['example_subdag_operator.section-1', 'example_subdag_operator.section-2', 'example_subdag_operator']) retrieved from /home/airflow/.local/lib/python3.7/site-packages/airflow/example_dags/example_subdag_operator.py
[2023-09-04T12:58:52.513+0000] {logging_mixin.py:150} INFO - [2023-09-04T12:58:52.512+0000] {dag.py:2742} INFO - Sync 3 DAGs
[2023-09-04T12:58:52.591+0000] {logging_mixin.py:150} INFO - [2023-09-04T12:58:52.591+0000] {dag.py:3508} INFO - Setting next_dagrun for example_subdag_operator to 2022-01-01T00:00:00+00:00, run_after=2022-01-01T00:00:00+00:00
[2023-09-04T12:58:52.601+0000] {logging_mixin.py:150} INFO - [2023-09-04T12:58:52.600+0000] {dag.py:3508} INFO - Setting next_dagrun for example_subdag_operator.section-1 to None, run_after=None
[2023-09-04T12:58:52.606+0000] {logging_mixin.py:150} INFO - [2023-09-04T12:58:52.605+0000] {dag.py:3508} INFO - Setting next_dagrun for example_subdag_operator.section-2 to None, run_after=None
[2023-09-04T12:58:52.645+0000] {logging_mixin.py:150} INFO - [2023-09-04T12:58:52.645+0000] {dag.py:2742} INFO - Sync 2 DAGs
[2023-09-04T12:58:52.664+0000] {logging_mixin.py:150} INFO - [2023-09-04T12:58:52.663+0000] {dag.py:3508} INFO - Setting next_dagrun for example_subdag_operator.section-1 to None, run_after=None
[2023-09-04T12:58:52.667+0000] {logging_mixin.py:150} INFO - [2023-09-04T12:58:52.666+0000] {dag.py:3508} INFO - Setting next_dagrun for example_subdag_operator.section-2 to None, run_after=None
[2023-09-04T12:58:52.706+0000] {processor.py:179} INFO - Processing /home/airflow/.local/lib/python3.7/site-packages/airflow/example_dags/example_subdag_operator.py took 0.330 seconds
