[2023-09-04T12:39:45.806+0000] {processor.py:157} INFO - Started process (PID=101) to work on /home/airflow/.local/lib/python3.7/site-packages/airflow/example_dags/example_short_circuit_operator.py
[2023-09-04T12:39:45.808+0000] {processor.py:826} INFO - Processing file /home/airflow/.local/lib/python3.7/site-packages/airflow/example_dags/example_short_circuit_operator.py for tasks to queue
[2023-09-04T12:39:45.811+0000] {logging_mixin.py:150} INFO - [2023-09-04T12:39:45.810+0000] {dagbag.py:541} INFO - Filling up the DagBag from /home/airflow/.local/lib/python3.7/site-packages/airflow/example_dags/example_short_circuit_operator.py
[2023-09-04T12:39:46.208+0000] {processor.py:836} INFO - DAG(s) dict_keys(['example_short_circuit_operator']) retrieved from /home/airflow/.local/lib/python3.7/site-packages/airflow/example_dags/example_short_circuit_operator.py
[2023-09-04T12:39:46.292+0000] {logging_mixin.py:150} INFO - [2023-09-04T12:39:46.279+0000] {dag.py:2742} INFO - Sync 1 DAGs
[2023-09-04T12:39:46.399+0000] {logging_mixin.py:150} INFO - [2023-09-04T12:39:46.398+0000] {dag.py:3508} INFO - Setting next_dagrun for example_short_circuit_operator to 2023-09-03T12:39:46.398258+00:00, run_after=2023-09-04T12:39:46.398258+00:00
[2023-09-04T12:39:46.503+0000] {processor.py:179} INFO - Processing /home/airflow/.local/lib/python3.7/site-packages/airflow/example_dags/example_short_circuit_operator.py took 0.711 seconds
[2023-09-04T12:40:18.844+0000] {processor.py:157} INFO - Started process (PID=160) to work on /home/airflow/.local/lib/python3.7/site-packages/airflow/example_dags/example_short_circuit_operator.py
[2023-09-04T12:40:18.849+0000] {processor.py:826} INFO - Processing file /home/airflow/.local/lib/python3.7/site-packages/airflow/example_dags/example_short_circuit_operator.py for tasks to queue
[2023-09-04T12:40:18.852+0000] {logging_mixin.py:150} INFO - [2023-09-04T12:40:18.851+0000] {dagbag.py:541} INFO - Filling up the DagBag from /home/airflow/.local/lib/python3.7/site-packages/airflow/example_dags/example_short_circuit_operator.py
[2023-09-04T12:40:18.883+0000] {processor.py:836} INFO - DAG(s) dict_keys(['example_short_circuit_operator']) retrieved from /home/airflow/.local/lib/python3.7/site-packages/airflow/example_dags/example_short_circuit_operator.py
[2023-09-04T12:40:18.979+0000] {logging_mixin.py:150} INFO - [2023-09-04T12:40:18.978+0000] {dag.py:2742} INFO - Sync 1 DAGs
[2023-09-04T12:40:19.109+0000] {logging_mixin.py:150} INFO - [2023-09-04T12:40:19.108+0000] {dag.py:3508} INFO - Setting next_dagrun for example_short_circuit_operator to 2023-09-03T12:40:19.104986+00:00, run_after=2023-09-04T12:40:19.104986+00:00
[2023-09-04T12:40:19.255+0000] {processor.py:179} INFO - Processing /home/airflow/.local/lib/python3.7/site-packages/airflow/example_dags/example_short_circuit_operator.py took 0.435 seconds
[2023-09-04T12:41:01.855+0000] {processor.py:157} INFO - Started process (PID=231) to work on /home/airflow/.local/lib/python3.7/site-packages/airflow/example_dags/example_short_circuit_operator.py
[2023-09-04T12:41:01.862+0000] {processor.py:826} INFO - Processing file /home/airflow/.local/lib/python3.7/site-packages/airflow/example_dags/example_short_circuit_operator.py for tasks to queue
[2023-09-04T12:41:01.873+0000] {logging_mixin.py:150} INFO - [2023-09-04T12:41:01.873+0000] {dagbag.py:541} INFO - Filling up the DagBag from /home/airflow/.local/lib/python3.7/site-packages/airflow/example_dags/example_short_circuit_operator.py
[2023-09-04T12:41:01.979+0000] {processor.py:836} INFO - DAG(s) dict_keys(['example_short_circuit_operator']) retrieved from /home/airflow/.local/lib/python3.7/site-packages/airflow/example_dags/example_short_circuit_operator.py
[2023-09-04T12:41:02.212+0000] {logging_mixin.py:150} INFO - [2023-09-04T12:41:02.212+0000] {dag.py:2742} INFO - Sync 1 DAGs
[2023-09-04T12:41:02.462+0000] {logging_mixin.py:150} INFO - [2023-09-04T12:41:02.462+0000] {dag.py:3508} INFO - Setting next_dagrun for example_short_circuit_operator to 2023-09-03T12:41:02.461925+00:00, run_after=2023-09-04T12:41:02.461925+00:00
[2023-09-04T12:41:02.603+0000] {processor.py:179} INFO - Processing /home/airflow/.local/lib/python3.7/site-packages/airflow/example_dags/example_short_circuit_operator.py took 0.768 seconds
[2023-09-04T12:41:33.714+0000] {processor.py:157} INFO - Started process (PID=289) to work on /home/airflow/.local/lib/python3.7/site-packages/airflow/example_dags/example_short_circuit_operator.py
[2023-09-04T12:41:33.728+0000] {processor.py:826} INFO - Processing file /home/airflow/.local/lib/python3.7/site-packages/airflow/example_dags/example_short_circuit_operator.py for tasks to queue
[2023-09-04T12:41:33.734+0000] {logging_mixin.py:150} INFO - [2023-09-04T12:41:33.733+0000] {dagbag.py:541} INFO - Filling up the DagBag from /home/airflow/.local/lib/python3.7/site-packages/airflow/example_dags/example_short_circuit_operator.py
[2023-09-04T12:41:33.797+0000] {processor.py:836} INFO - DAG(s) dict_keys(['example_short_circuit_operator']) retrieved from /home/airflow/.local/lib/python3.7/site-packages/airflow/example_dags/example_short_circuit_operator.py
[2023-09-04T12:41:33.966+0000] {logging_mixin.py:150} INFO - [2023-09-04T12:41:33.966+0000] {dag.py:2742} INFO - Sync 1 DAGs
[2023-09-04T12:41:34.238+0000] {logging_mixin.py:150} INFO - [2023-09-04T12:41:34.237+0000] {dag.py:3508} INFO - Setting next_dagrun for example_short_circuit_operator to 2023-09-03T12:41:34.237092+00:00, run_after=2023-09-04T12:41:34.237092+00:00
[2023-09-04T12:41:34.417+0000] {processor.py:179} INFO - Processing /home/airflow/.local/lib/python3.7/site-packages/airflow/example_dags/example_short_circuit_operator.py took 0.723 seconds
[2023-09-04T12:42:30.735+0000] {processor.py:157} INFO - Started process (PID=368) to work on /home/airflow/.local/lib/python3.7/site-packages/airflow/example_dags/example_short_circuit_operator.py
[2023-09-04T12:42:30.740+0000] {processor.py:826} INFO - Processing file /home/airflow/.local/lib/python3.7/site-packages/airflow/example_dags/example_short_circuit_operator.py for tasks to queue
[2023-09-04T12:42:30.753+0000] {logging_mixin.py:150} INFO - [2023-09-04T12:42:30.753+0000] {dagbag.py:541} INFO - Filling up the DagBag from /home/airflow/.local/lib/python3.7/site-packages/airflow/example_dags/example_short_circuit_operator.py
[2023-09-04T12:42:30.816+0000] {processor.py:836} INFO - DAG(s) dict_keys(['example_short_circuit_operator']) retrieved from /home/airflow/.local/lib/python3.7/site-packages/airflow/example_dags/example_short_circuit_operator.py
[2023-09-04T12:42:30.988+0000] {logging_mixin.py:150} INFO - [2023-09-04T12:42:30.987+0000] {dag.py:2742} INFO - Sync 1 DAGs
[2023-09-04T12:42:31.134+0000] {logging_mixin.py:150} INFO - [2023-09-04T12:42:31.134+0000] {dag.py:3508} INFO - Setting next_dagrun for example_short_circuit_operator to 2023-09-03T12:42:31.133514+00:00, run_after=2023-09-04T12:42:31.133514+00:00
[2023-09-04T12:42:31.266+0000] {processor.py:179} INFO - Processing /home/airflow/.local/lib/python3.7/site-packages/airflow/example_dags/example_short_circuit_operator.py took 0.615 seconds
[2023-09-04T12:43:05.812+0000] {processor.py:157} INFO - Started process (PID=428) to work on /home/airflow/.local/lib/python3.7/site-packages/airflow/example_dags/example_short_circuit_operator.py
[2023-09-04T12:43:05.824+0000] {processor.py:826} INFO - Processing file /home/airflow/.local/lib/python3.7/site-packages/airflow/example_dags/example_short_circuit_operator.py for tasks to queue
[2023-09-04T12:43:05.828+0000] {logging_mixin.py:150} INFO - [2023-09-04T12:43:05.827+0000] {dagbag.py:541} INFO - Filling up the DagBag from /home/airflow/.local/lib/python3.7/site-packages/airflow/example_dags/example_short_circuit_operator.py
[2023-09-04T12:43:05.892+0000] {processor.py:836} INFO - DAG(s) dict_keys(['example_short_circuit_operator']) retrieved from /home/airflow/.local/lib/python3.7/site-packages/airflow/example_dags/example_short_circuit_operator.py
[2023-09-04T12:43:06.138+0000] {logging_mixin.py:150} INFO - [2023-09-04T12:43:06.138+0000] {dag.py:2742} INFO - Sync 1 DAGs
[2023-09-04T12:43:06.374+0000] {logging_mixin.py:150} INFO - [2023-09-04T12:43:06.373+0000] {dag.py:3508} INFO - Setting next_dagrun for example_short_circuit_operator to 2023-09-03T12:43:06.373119+00:00, run_after=2023-09-04T12:43:06.373119+00:00
[2023-09-04T12:43:06.534+0000] {processor.py:179} INFO - Processing /home/airflow/.local/lib/python3.7/site-packages/airflow/example_dags/example_short_circuit_operator.py took 0.730 seconds
[2023-09-04T12:43:39.128+0000] {processor.py:157} INFO - Started process (PID=487) to work on /home/airflow/.local/lib/python3.7/site-packages/airflow/example_dags/example_short_circuit_operator.py
[2023-09-04T12:43:39.145+0000] {processor.py:826} INFO - Processing file /home/airflow/.local/lib/python3.7/site-packages/airflow/example_dags/example_short_circuit_operator.py for tasks to queue
[2023-09-04T12:43:39.168+0000] {logging_mixin.py:150} INFO - [2023-09-04T12:43:39.165+0000] {dagbag.py:541} INFO - Filling up the DagBag from /home/airflow/.local/lib/python3.7/site-packages/airflow/example_dags/example_short_circuit_operator.py
[2023-09-04T12:43:39.263+0000] {processor.py:836} INFO - DAG(s) dict_keys(['example_short_circuit_operator']) retrieved from /home/airflow/.local/lib/python3.7/site-packages/airflow/example_dags/example_short_circuit_operator.py
[2023-09-04T12:43:39.567+0000] {logging_mixin.py:150} INFO - [2023-09-04T12:43:39.555+0000] {dag.py:2742} INFO - Sync 1 DAGs
[2023-09-04T12:43:39.801+0000] {logging_mixin.py:150} INFO - [2023-09-04T12:43:39.801+0000] {dag.py:3508} INFO - Setting next_dagrun for example_short_circuit_operator to 2023-09-03T12:43:39.801041+00:00, run_after=2023-09-04T12:43:39.801041+00:00
[2023-09-04T12:43:40.153+0000] {processor.py:179} INFO - Processing /home/airflow/.local/lib/python3.7/site-packages/airflow/example_dags/example_short_circuit_operator.py took 1.044 seconds
[2023-09-04T12:44:16.223+0000] {processor.py:157} INFO - Started process (PID=546) to work on /home/airflow/.local/lib/python3.7/site-packages/airflow/example_dags/example_short_circuit_operator.py
[2023-09-04T12:44:16.245+0000] {processor.py:826} INFO - Processing file /home/airflow/.local/lib/python3.7/site-packages/airflow/example_dags/example_short_circuit_operator.py for tasks to queue
[2023-09-04T12:44:16.253+0000] {logging_mixin.py:150} INFO - [2023-09-04T12:44:16.252+0000] {dagbag.py:541} INFO - Filling up the DagBag from /home/airflow/.local/lib/python3.7/site-packages/airflow/example_dags/example_short_circuit_operator.py
[2023-09-04T12:44:16.303+0000] {processor.py:836} INFO - DAG(s) dict_keys(['example_short_circuit_operator']) retrieved from /home/airflow/.local/lib/python3.7/site-packages/airflow/example_dags/example_short_circuit_operator.py
[2023-09-04T12:44:16.501+0000] {logging_mixin.py:150} INFO - [2023-09-04T12:44:16.500+0000] {dag.py:2742} INFO - Sync 1 DAGs
[2023-09-04T12:44:16.704+0000] {logging_mixin.py:150} INFO - [2023-09-04T12:44:16.704+0000] {dag.py:3508} INFO - Setting next_dagrun for example_short_circuit_operator to 2023-09-03T12:44:16.703966+00:00, run_after=2023-09-04T12:44:16.703966+00:00
[2023-09-04T12:44:16.855+0000] {processor.py:179} INFO - Processing /home/airflow/.local/lib/python3.7/site-packages/airflow/example_dags/example_short_circuit_operator.py took 0.639 seconds
[2023-09-04T12:44:59.162+0000] {processor.py:157} INFO - Started process (PID=608) to work on /home/airflow/.local/lib/python3.7/site-packages/airflow/example_dags/example_short_circuit_operator.py
[2023-09-04T12:44:59.251+0000] {processor.py:826} INFO - Processing file /home/airflow/.local/lib/python3.7/site-packages/airflow/example_dags/example_short_circuit_operator.py for tasks to queue
[2023-09-04T12:44:59.271+0000] {logging_mixin.py:150} INFO - [2023-09-04T12:44:59.258+0000] {dagbag.py:541} INFO - Filling up the DagBag from /home/airflow/.local/lib/python3.7/site-packages/airflow/example_dags/example_short_circuit_operator.py
[2023-09-04T12:44:59.409+0000] {processor.py:836} INFO - DAG(s) dict_keys(['example_short_circuit_operator']) retrieved from /home/airflow/.local/lib/python3.7/site-packages/airflow/example_dags/example_short_circuit_operator.py
[2023-09-04T12:44:59.711+0000] {logging_mixin.py:150} INFO - [2023-09-04T12:44:59.699+0000] {dag.py:2742} INFO - Sync 1 DAGs
[2023-09-04T12:45:00.068+0000] {logging_mixin.py:150} INFO - [2023-09-04T12:45:00.067+0000] {dag.py:3508} INFO - Setting next_dagrun for example_short_circuit_operator to 2023-09-03T12:45:00.067120+00:00, run_after=2023-09-04T12:45:00.067120+00:00
[2023-09-04T12:45:00.217+0000] {processor.py:179} INFO - Processing /home/airflow/.local/lib/python3.7/site-packages/airflow/example_dags/example_short_circuit_operator.py took 1.076 seconds
[2023-09-04T12:45:30.566+0000] {processor.py:157} INFO - Started process (PID=675) to work on /home/airflow/.local/lib/python3.7/site-packages/airflow/example_dags/example_short_circuit_operator.py
[2023-09-04T12:45:30.569+0000] {processor.py:826} INFO - Processing file /home/airflow/.local/lib/python3.7/site-packages/airflow/example_dags/example_short_circuit_operator.py for tasks to queue
[2023-09-04T12:45:30.573+0000] {logging_mixin.py:150} INFO - [2023-09-04T12:45:30.573+0000] {dagbag.py:541} INFO - Filling up the DagBag from /home/airflow/.local/lib/python3.7/site-packages/airflow/example_dags/example_short_circuit_operator.py
[2023-09-04T12:45:30.603+0000] {processor.py:836} INFO - DAG(s) dict_keys(['example_short_circuit_operator']) retrieved from /home/airflow/.local/lib/python3.7/site-packages/airflow/example_dags/example_short_circuit_operator.py
[2023-09-04T12:45:30.679+0000] {logging_mixin.py:150} INFO - [2023-09-04T12:45:30.678+0000] {dag.py:2742} INFO - Sync 1 DAGs
[2023-09-04T12:45:30.792+0000] {logging_mixin.py:150} INFO - [2023-09-04T12:45:30.792+0000] {dag.py:3508} INFO - Setting next_dagrun for example_short_circuit_operator to 2023-09-03T12:45:30.792006+00:00, run_after=2023-09-04T12:45:30.792006+00:00
[2023-09-04T12:45:30.981+0000] {processor.py:179} INFO - Processing /home/airflow/.local/lib/python3.7/site-packages/airflow/example_dags/example_short_circuit_operator.py took 0.424 seconds
[2023-09-04T12:46:01.273+0000] {processor.py:157} INFO - Started process (PID=734) to work on /home/airflow/.local/lib/python3.7/site-packages/airflow/example_dags/example_short_circuit_operator.py
[2023-09-04T12:46:01.276+0000] {processor.py:826} INFO - Processing file /home/airflow/.local/lib/python3.7/site-packages/airflow/example_dags/example_short_circuit_operator.py for tasks to queue
[2023-09-04T12:46:01.279+0000] {logging_mixin.py:150} INFO - [2023-09-04T12:46:01.278+0000] {dagbag.py:541} INFO - Filling up the DagBag from /home/airflow/.local/lib/python3.7/site-packages/airflow/example_dags/example_short_circuit_operator.py
[2023-09-04T12:46:01.302+0000] {processor.py:836} INFO - DAG(s) dict_keys(['example_short_circuit_operator']) retrieved from /home/airflow/.local/lib/python3.7/site-packages/airflow/example_dags/example_short_circuit_operator.py
[2023-09-04T12:46:01.363+0000] {logging_mixin.py:150} INFO - [2023-09-04T12:46:01.362+0000] {dag.py:2742} INFO - Sync 1 DAGs
[2023-09-04T12:46:01.421+0000] {logging_mixin.py:150} INFO - [2023-09-04T12:46:01.420+0000] {dag.py:3508} INFO - Setting next_dagrun for example_short_circuit_operator to 2023-09-03T12:46:01.420562+00:00, run_after=2023-09-04T12:46:01.420562+00:00
[2023-09-04T12:46:01.471+0000] {processor.py:179} INFO - Processing /home/airflow/.local/lib/python3.7/site-packages/airflow/example_dags/example_short_circuit_operator.py took 0.214 seconds
[2023-09-04T12:46:31.804+0000] {processor.py:157} INFO - Started process (PID=793) to work on /home/airflow/.local/lib/python3.7/site-packages/airflow/example_dags/example_short_circuit_operator.py
[2023-09-04T12:46:31.806+0000] {processor.py:826} INFO - Processing file /home/airflow/.local/lib/python3.7/site-packages/airflow/example_dags/example_short_circuit_operator.py for tasks to queue
[2023-09-04T12:46:31.808+0000] {logging_mixin.py:150} INFO - [2023-09-04T12:46:31.807+0000] {dagbag.py:541} INFO - Filling up the DagBag from /home/airflow/.local/lib/python3.7/site-packages/airflow/example_dags/example_short_circuit_operator.py
[2023-09-04T12:46:31.825+0000] {processor.py:836} INFO - DAG(s) dict_keys(['example_short_circuit_operator']) retrieved from /home/airflow/.local/lib/python3.7/site-packages/airflow/example_dags/example_short_circuit_operator.py
[2023-09-04T12:46:31.875+0000] {logging_mixin.py:150} INFO - [2023-09-04T12:46:31.875+0000] {dag.py:2742} INFO - Sync 1 DAGs
[2023-09-04T12:46:31.924+0000] {logging_mixin.py:150} INFO - [2023-09-04T12:46:31.924+0000] {dag.py:3508} INFO - Setting next_dagrun for example_short_circuit_operator to 2023-09-03T12:46:31.923551+00:00, run_after=2023-09-04T12:46:31.923551+00:00
[2023-09-04T12:46:31.966+0000] {processor.py:179} INFO - Processing /home/airflow/.local/lib/python3.7/site-packages/airflow/example_dags/example_short_circuit_operator.py took 0.172 seconds
[2023-09-04T12:47:02.329+0000] {processor.py:157} INFO - Started process (PID=852) to work on /home/airflow/.local/lib/python3.7/site-packages/airflow/example_dags/example_short_circuit_operator.py
[2023-09-04T12:47:02.342+0000] {processor.py:826} INFO - Processing file /home/airflow/.local/lib/python3.7/site-packages/airflow/example_dags/example_short_circuit_operator.py for tasks to queue
[2023-09-04T12:47:02.346+0000] {logging_mixin.py:150} INFO - [2023-09-04T12:47:02.345+0000] {dagbag.py:541} INFO - Filling up the DagBag from /home/airflow/.local/lib/python3.7/site-packages/airflow/example_dags/example_short_circuit_operator.py
[2023-09-04T12:47:02.386+0000] {processor.py:836} INFO - DAG(s) dict_keys(['example_short_circuit_operator']) retrieved from /home/airflow/.local/lib/python3.7/site-packages/airflow/example_dags/example_short_circuit_operator.py
[2023-09-04T12:47:02.509+0000] {logging_mixin.py:150} INFO - [2023-09-04T12:47:02.508+0000] {dag.py:2742} INFO - Sync 1 DAGs
[2023-09-04T12:47:02.622+0000] {logging_mixin.py:150} INFO - [2023-09-04T12:47:02.621+0000] {dag.py:3508} INFO - Setting next_dagrun for example_short_circuit_operator to 2023-09-03T12:47:02.621282+00:00, run_after=2023-09-04T12:47:02.621282+00:00
[2023-09-04T12:47:02.669+0000] {processor.py:179} INFO - Processing /home/airflow/.local/lib/python3.7/site-packages/airflow/example_dags/example_short_circuit_operator.py took 0.349 seconds
[2023-09-04T12:47:33.199+0000] {processor.py:157} INFO - Started process (PID=912) to work on /home/airflow/.local/lib/python3.7/site-packages/airflow/example_dags/example_short_circuit_operator.py
[2023-09-04T12:47:33.205+0000] {processor.py:826} INFO - Processing file /home/airflow/.local/lib/python3.7/site-packages/airflow/example_dags/example_short_circuit_operator.py for tasks to queue
[2023-09-04T12:47:33.211+0000] {logging_mixin.py:150} INFO - [2023-09-04T12:47:33.210+0000] {dagbag.py:541} INFO - Filling up the DagBag from /home/airflow/.local/lib/python3.7/site-packages/airflow/example_dags/example_short_circuit_operator.py
[2023-09-04T12:47:33.324+0000] {processor.py:836} INFO - DAG(s) dict_keys(['example_short_circuit_operator']) retrieved from /home/airflow/.local/lib/python3.7/site-packages/airflow/example_dags/example_short_circuit_operator.py
[2023-09-04T12:47:33.402+0000] {logging_mixin.py:150} INFO - [2023-09-04T12:47:33.402+0000] {dag.py:2742} INFO - Sync 1 DAGs
[2023-09-04T12:47:33.462+0000] {logging_mixin.py:150} INFO - [2023-09-04T12:47:33.461+0000] {dag.py:3508} INFO - Setting next_dagrun for example_short_circuit_operator to 2023-09-03T12:47:33.461382+00:00, run_after=2023-09-04T12:47:33.461382+00:00
[2023-09-04T12:47:33.516+0000] {processor.py:179} INFO - Processing /home/airflow/.local/lib/python3.7/site-packages/airflow/example_dags/example_short_circuit_operator.py took 0.334 seconds
[2023-09-04T12:48:03.906+0000] {processor.py:157} INFO - Started process (PID=972) to work on /home/airflow/.local/lib/python3.7/site-packages/airflow/example_dags/example_short_circuit_operator.py
[2023-09-04T12:48:03.918+0000] {processor.py:826} INFO - Processing file /home/airflow/.local/lib/python3.7/site-packages/airflow/example_dags/example_short_circuit_operator.py for tasks to queue
[2023-09-04T12:48:03.925+0000] {logging_mixin.py:150} INFO - [2023-09-04T12:48:03.923+0000] {dagbag.py:541} INFO - Filling up the DagBag from /home/airflow/.local/lib/python3.7/site-packages/airflow/example_dags/example_short_circuit_operator.py
[2023-09-04T12:48:03.983+0000] {processor.py:836} INFO - DAG(s) dict_keys(['example_short_circuit_operator']) retrieved from /home/airflow/.local/lib/python3.7/site-packages/airflow/example_dags/example_short_circuit_operator.py
[2023-09-04T12:48:04.043+0000] {logging_mixin.py:150} INFO - [2023-09-04T12:48:04.043+0000] {dag.py:2742} INFO - Sync 1 DAGs
[2023-09-04T12:48:04.144+0000] {logging_mixin.py:150} INFO - [2023-09-04T12:48:04.143+0000] {dag.py:3508} INFO - Setting next_dagrun for example_short_circuit_operator to 2023-09-03T12:48:04.143062+00:00, run_after=2023-09-04T12:48:04.143062+00:00
[2023-09-04T12:48:04.216+0000] {processor.py:179} INFO - Processing /home/airflow/.local/lib/python3.7/site-packages/airflow/example_dags/example_short_circuit_operator.py took 0.332 seconds
[2023-09-04T12:48:34.992+0000] {processor.py:157} INFO - Started process (PID=1032) to work on /home/airflow/.local/lib/python3.7/site-packages/airflow/example_dags/example_short_circuit_operator.py
[2023-09-04T12:48:34.994+0000] {processor.py:826} INFO - Processing file /home/airflow/.local/lib/python3.7/site-packages/airflow/example_dags/example_short_circuit_operator.py for tasks to queue
[2023-09-04T12:48:35.001+0000] {logging_mixin.py:150} INFO - [2023-09-04T12:48:35.000+0000] {dagbag.py:541} INFO - Filling up the DagBag from /home/airflow/.local/lib/python3.7/site-packages/airflow/example_dags/example_short_circuit_operator.py
[2023-09-04T12:48:35.039+0000] {processor.py:836} INFO - DAG(s) dict_keys(['example_short_circuit_operator']) retrieved from /home/airflow/.local/lib/python3.7/site-packages/airflow/example_dags/example_short_circuit_operator.py
[2023-09-04T12:48:35.124+0000] {logging_mixin.py:150} INFO - [2023-09-04T12:48:35.124+0000] {dag.py:2742} INFO - Sync 1 DAGs
[2023-09-04T12:48:35.195+0000] {logging_mixin.py:150} INFO - [2023-09-04T12:48:35.195+0000] {dag.py:3508} INFO - Setting next_dagrun for example_short_circuit_operator to 2023-09-03T12:48:35.194324+00:00, run_after=2023-09-04T12:48:35.194324+00:00
[2023-09-04T12:48:35.255+0000] {processor.py:179} INFO - Processing /home/airflow/.local/lib/python3.7/site-packages/airflow/example_dags/example_short_circuit_operator.py took 0.270 seconds
[2023-09-04T12:49:05.799+0000] {processor.py:157} INFO - Started process (PID=1091) to work on /home/airflow/.local/lib/python3.7/site-packages/airflow/example_dags/example_short_circuit_operator.py
[2023-09-04T12:49:05.814+0000] {processor.py:826} INFO - Processing file /home/airflow/.local/lib/python3.7/site-packages/airflow/example_dags/example_short_circuit_operator.py for tasks to queue
[2023-09-04T12:49:05.822+0000] {logging_mixin.py:150} INFO - [2023-09-04T12:49:05.821+0000] {dagbag.py:541} INFO - Filling up the DagBag from /home/airflow/.local/lib/python3.7/site-packages/airflow/example_dags/example_short_circuit_operator.py
[2023-09-04T12:49:05.879+0000] {processor.py:836} INFO - DAG(s) dict_keys(['example_short_circuit_operator']) retrieved from /home/airflow/.local/lib/python3.7/site-packages/airflow/example_dags/example_short_circuit_operator.py
[2023-09-04T12:49:06.053+0000] {logging_mixin.py:150} INFO - [2023-09-04T12:49:06.053+0000] {dag.py:2742} INFO - Sync 1 DAGs
[2023-09-04T12:49:06.185+0000] {logging_mixin.py:150} INFO - [2023-09-04T12:49:06.185+0000] {dag.py:3508} INFO - Setting next_dagrun for example_short_circuit_operator to 2023-09-03T12:49:06.184611+00:00, run_after=2023-09-04T12:49:06.184611+00:00
[2023-09-04T12:49:06.288+0000] {processor.py:179} INFO - Processing /home/airflow/.local/lib/python3.7/site-packages/airflow/example_dags/example_short_circuit_operator.py took 0.498 seconds
[2023-09-04T12:49:36.515+0000] {processor.py:157} INFO - Started process (PID=1149) to work on /home/airflow/.local/lib/python3.7/site-packages/airflow/example_dags/example_short_circuit_operator.py
[2023-09-04T12:49:36.518+0000] {processor.py:826} INFO - Processing file /home/airflow/.local/lib/python3.7/site-packages/airflow/example_dags/example_short_circuit_operator.py for tasks to queue
[2023-09-04T12:49:36.520+0000] {logging_mixin.py:150} INFO - [2023-09-04T12:49:36.520+0000] {dagbag.py:541} INFO - Filling up the DagBag from /home/airflow/.local/lib/python3.7/site-packages/airflow/example_dags/example_short_circuit_operator.py
[2023-09-04T12:49:36.548+0000] {processor.py:836} INFO - DAG(s) dict_keys(['example_short_circuit_operator']) retrieved from /home/airflow/.local/lib/python3.7/site-packages/airflow/example_dags/example_short_circuit_operator.py
[2023-09-04T12:49:36.612+0000] {logging_mixin.py:150} INFO - [2023-09-04T12:49:36.611+0000] {dag.py:2742} INFO - Sync 1 DAGs
[2023-09-04T12:49:36.660+0000] {logging_mixin.py:150} INFO - [2023-09-04T12:49:36.659+0000] {dag.py:3508} INFO - Setting next_dagrun for example_short_circuit_operator to 2023-09-03T12:49:36.658122+00:00, run_after=2023-09-04T12:49:36.658122+00:00
[2023-09-04T12:49:36.700+0000] {processor.py:179} INFO - Processing /home/airflow/.local/lib/python3.7/site-packages/airflow/example_dags/example_short_circuit_operator.py took 0.192 seconds
[2023-09-04T12:51:31.301+0000] {processor.py:157} INFO - Started process (PID=85) to work on /home/airflow/.local/lib/python3.7/site-packages/airflow/example_dags/example_short_circuit_operator.py
[2023-09-04T12:51:31.306+0000] {processor.py:826} INFO - Processing file /home/airflow/.local/lib/python3.7/site-packages/airflow/example_dags/example_short_circuit_operator.py for tasks to queue
[2023-09-04T12:51:31.309+0000] {logging_mixin.py:150} INFO - [2023-09-04T12:51:31.309+0000] {dagbag.py:541} INFO - Filling up the DagBag from /home/airflow/.local/lib/python3.7/site-packages/airflow/example_dags/example_short_circuit_operator.py
[2023-09-04T12:51:31.341+0000] {processor.py:836} INFO - DAG(s) dict_keys(['example_short_circuit_operator']) retrieved from /home/airflow/.local/lib/python3.7/site-packages/airflow/example_dags/example_short_circuit_operator.py
[2023-09-04T12:51:31.415+0000] {logging_mixin.py:150} INFO - [2023-09-04T12:51:31.414+0000] {dag.py:2742} INFO - Sync 1 DAGs
[2023-09-04T12:51:31.493+0000] {logging_mixin.py:150} INFO - [2023-09-04T12:51:31.492+0000] {dag.py:3508} INFO - Setting next_dagrun for example_short_circuit_operator to 2023-09-03T12:51:31.492329+00:00, run_after=2023-09-04T12:51:31.492329+00:00
[2023-09-04T12:51:31.556+0000] {processor.py:179} INFO - Processing /home/airflow/.local/lib/python3.7/site-packages/airflow/example_dags/example_short_circuit_operator.py took 0.265 seconds
[2023-09-04T12:52:02.524+0000] {processor.py:157} INFO - Started process (PID=144) to work on /home/airflow/.local/lib/python3.7/site-packages/airflow/example_dags/example_short_circuit_operator.py
[2023-09-04T12:52:02.526+0000] {processor.py:826} INFO - Processing file /home/airflow/.local/lib/python3.7/site-packages/airflow/example_dags/example_short_circuit_operator.py for tasks to queue
[2023-09-04T12:52:02.528+0000] {logging_mixin.py:150} INFO - [2023-09-04T12:52:02.527+0000] {dagbag.py:541} INFO - Filling up the DagBag from /home/airflow/.local/lib/python3.7/site-packages/airflow/example_dags/example_short_circuit_operator.py
[2023-09-04T12:52:02.543+0000] {processor.py:836} INFO - DAG(s) dict_keys(['example_short_circuit_operator']) retrieved from /home/airflow/.local/lib/python3.7/site-packages/airflow/example_dags/example_short_circuit_operator.py
[2023-09-04T12:52:02.609+0000] {logging_mixin.py:150} INFO - [2023-09-04T12:52:02.608+0000] {dag.py:2742} INFO - Sync 1 DAGs
[2023-09-04T12:52:02.674+0000] {logging_mixin.py:150} INFO - [2023-09-04T12:52:02.673+0000] {dag.py:3508} INFO - Setting next_dagrun for example_short_circuit_operator to 2023-09-03T12:52:02.673206+00:00, run_after=2023-09-04T12:52:02.673206+00:00
[2023-09-04T12:52:02.723+0000] {processor.py:179} INFO - Processing /home/airflow/.local/lib/python3.7/site-packages/airflow/example_dags/example_short_circuit_operator.py took 0.207 seconds
[2023-09-04T12:52:34.025+0000] {processor.py:157} INFO - Started process (PID=202) to work on /home/airflow/.local/lib/python3.7/site-packages/airflow/example_dags/example_short_circuit_operator.py
[2023-09-04T12:52:34.036+0000] {processor.py:826} INFO - Processing file /home/airflow/.local/lib/python3.7/site-packages/airflow/example_dags/example_short_circuit_operator.py for tasks to queue
[2023-09-04T12:52:34.039+0000] {logging_mixin.py:150} INFO - [2023-09-04T12:52:34.038+0000] {dagbag.py:541} INFO - Filling up the DagBag from /home/airflow/.local/lib/python3.7/site-packages/airflow/example_dags/example_short_circuit_operator.py
[2023-09-04T12:52:34.061+0000] {processor.py:836} INFO - DAG(s) dict_keys(['example_short_circuit_operator']) retrieved from /home/airflow/.local/lib/python3.7/site-packages/airflow/example_dags/example_short_circuit_operator.py
[2023-09-04T12:52:34.138+0000] {logging_mixin.py:150} INFO - [2023-09-04T12:52:34.137+0000] {dag.py:2742} INFO - Sync 1 DAGs
[2023-09-04T12:52:34.219+0000] {logging_mixin.py:150} INFO - [2023-09-04T12:52:34.219+0000] {dag.py:3508} INFO - Setting next_dagrun for example_short_circuit_operator to 2023-09-03T12:52:34.218765+00:00, run_after=2023-09-04T12:52:34.218765+00:00
[2023-09-04T12:52:34.278+0000] {processor.py:179} INFO - Processing /home/airflow/.local/lib/python3.7/site-packages/airflow/example_dags/example_short_circuit_operator.py took 0.261 seconds
[2023-09-04T12:53:05.523+0000] {processor.py:157} INFO - Started process (PID=262) to work on /home/airflow/.local/lib/python3.7/site-packages/airflow/example_dags/example_short_circuit_operator.py
[2023-09-04T12:53:05.532+0000] {processor.py:826} INFO - Processing file /home/airflow/.local/lib/python3.7/site-packages/airflow/example_dags/example_short_circuit_operator.py for tasks to queue
[2023-09-04T12:53:05.534+0000] {logging_mixin.py:150} INFO - [2023-09-04T12:53:05.533+0000] {dagbag.py:541} INFO - Filling up the DagBag from /home/airflow/.local/lib/python3.7/site-packages/airflow/example_dags/example_short_circuit_operator.py
[2023-09-04T12:53:05.563+0000] {processor.py:836} INFO - DAG(s) dict_keys(['example_short_circuit_operator']) retrieved from /home/airflow/.local/lib/python3.7/site-packages/airflow/example_dags/example_short_circuit_operator.py
[2023-09-04T12:53:05.652+0000] {logging_mixin.py:150} INFO - [2023-09-04T12:53:05.652+0000] {dag.py:2742} INFO - Sync 1 DAGs
[2023-09-04T12:53:05.789+0000] {logging_mixin.py:150} INFO - [2023-09-04T12:53:05.788+0000] {dag.py:3508} INFO - Setting next_dagrun for example_short_circuit_operator to 2023-09-03T12:53:05.788331+00:00, run_after=2023-09-04T12:53:05.788331+00:00
[2023-09-04T12:53:05.878+0000] {processor.py:179} INFO - Processing /home/airflow/.local/lib/python3.7/site-packages/airflow/example_dags/example_short_circuit_operator.py took 0.363 seconds
[2023-09-04T12:53:36.581+0000] {processor.py:157} INFO - Started process (PID=322) to work on /home/airflow/.local/lib/python3.7/site-packages/airflow/example_dags/example_short_circuit_operator.py
[2023-09-04T12:53:36.583+0000] {processor.py:826} INFO - Processing file /home/airflow/.local/lib/python3.7/site-packages/airflow/example_dags/example_short_circuit_operator.py for tasks to queue
[2023-09-04T12:53:36.585+0000] {logging_mixin.py:150} INFO - [2023-09-04T12:53:36.584+0000] {dagbag.py:541} INFO - Filling up the DagBag from /home/airflow/.local/lib/python3.7/site-packages/airflow/example_dags/example_short_circuit_operator.py
[2023-09-04T12:53:36.600+0000] {processor.py:836} INFO - DAG(s) dict_keys(['example_short_circuit_operator']) retrieved from /home/airflow/.local/lib/python3.7/site-packages/airflow/example_dags/example_short_circuit_operator.py
[2023-09-04T12:53:36.654+0000] {logging_mixin.py:150} INFO - [2023-09-04T12:53:36.653+0000] {dag.py:2742} INFO - Sync 1 DAGs
[2023-09-04T12:53:36.741+0000] {logging_mixin.py:150} INFO - [2023-09-04T12:53:36.740+0000] {dag.py:3508} INFO - Setting next_dagrun for example_short_circuit_operator to 2023-09-03T12:53:36.740345+00:00, run_after=2023-09-04T12:53:36.740345+00:00
[2023-09-04T12:53:36.794+0000] {processor.py:179} INFO - Processing /home/airflow/.local/lib/python3.7/site-packages/airflow/example_dags/example_short_circuit_operator.py took 0.219 seconds
[2023-09-04T12:54:07.883+0000] {processor.py:157} INFO - Started process (PID=381) to work on /home/airflow/.local/lib/python3.7/site-packages/airflow/example_dags/example_short_circuit_operator.py
[2023-09-04T12:54:07.886+0000] {processor.py:826} INFO - Processing file /home/airflow/.local/lib/python3.7/site-packages/airflow/example_dags/example_short_circuit_operator.py for tasks to queue
[2023-09-04T12:54:07.888+0000] {logging_mixin.py:150} INFO - [2023-09-04T12:54:07.887+0000] {dagbag.py:541} INFO - Filling up the DagBag from /home/airflow/.local/lib/python3.7/site-packages/airflow/example_dags/example_short_circuit_operator.py
[2023-09-04T12:54:07.910+0000] {processor.py:836} INFO - DAG(s) dict_keys(['example_short_circuit_operator']) retrieved from /home/airflow/.local/lib/python3.7/site-packages/airflow/example_dags/example_short_circuit_operator.py
[2023-09-04T12:54:07.977+0000] {logging_mixin.py:150} INFO - [2023-09-04T12:54:07.977+0000] {dag.py:2742} INFO - Sync 1 DAGs
[2023-09-04T12:54:08.037+0000] {logging_mixin.py:150} INFO - [2023-09-04T12:54:08.036+0000] {dag.py:3508} INFO - Setting next_dagrun for example_short_circuit_operator to 2023-09-03T12:54:08.035969+00:00, run_after=2023-09-04T12:54:08.035969+00:00
[2023-09-04T12:54:08.103+0000] {processor.py:179} INFO - Processing /home/airflow/.local/lib/python3.7/site-packages/airflow/example_dags/example_short_circuit_operator.py took 0.226 seconds
[2023-09-04T12:54:39.214+0000] {processor.py:157} INFO - Started process (PID=446) to work on /home/airflow/.local/lib/python3.7/site-packages/airflow/example_dags/example_short_circuit_operator.py
[2023-09-04T12:54:39.220+0000] {processor.py:826} INFO - Processing file /home/airflow/.local/lib/python3.7/site-packages/airflow/example_dags/example_short_circuit_operator.py for tasks to queue
[2023-09-04T12:54:39.222+0000] {logging_mixin.py:150} INFO - [2023-09-04T12:54:39.221+0000] {dagbag.py:541} INFO - Filling up the DagBag from /home/airflow/.local/lib/python3.7/site-packages/airflow/example_dags/example_short_circuit_operator.py
[2023-09-04T12:54:39.247+0000] {processor.py:836} INFO - DAG(s) dict_keys(['example_short_circuit_operator']) retrieved from /home/airflow/.local/lib/python3.7/site-packages/airflow/example_dags/example_short_circuit_operator.py
[2023-09-04T12:54:39.337+0000] {logging_mixin.py:150} INFO - [2023-09-04T12:54:39.336+0000] {dag.py:2742} INFO - Sync 1 DAGs
[2023-09-04T12:54:39.413+0000] {logging_mixin.py:150} INFO - [2023-09-04T12:54:39.412+0000] {dag.py:3508} INFO - Setting next_dagrun for example_short_circuit_operator to 2023-09-03T12:54:39.412451+00:00, run_after=2023-09-04T12:54:39.412451+00:00
[2023-09-04T12:54:39.451+0000] {processor.py:179} INFO - Processing /home/airflow/.local/lib/python3.7/site-packages/airflow/example_dags/example_short_circuit_operator.py took 0.246 seconds
[2023-09-04T12:55:10.422+0000] {processor.py:157} INFO - Started process (PID=505) to work on /home/airflow/.local/lib/python3.7/site-packages/airflow/example_dags/example_short_circuit_operator.py
[2023-09-04T12:55:10.426+0000] {processor.py:826} INFO - Processing file /home/airflow/.local/lib/python3.7/site-packages/airflow/example_dags/example_short_circuit_operator.py for tasks to queue
[2023-09-04T12:55:10.428+0000] {logging_mixin.py:150} INFO - [2023-09-04T12:55:10.427+0000] {dagbag.py:541} INFO - Filling up the DagBag from /home/airflow/.local/lib/python3.7/site-packages/airflow/example_dags/example_short_circuit_operator.py
[2023-09-04T12:55:10.450+0000] {processor.py:836} INFO - DAG(s) dict_keys(['example_short_circuit_operator']) retrieved from /home/airflow/.local/lib/python3.7/site-packages/airflow/example_dags/example_short_circuit_operator.py
[2023-09-04T12:55:10.504+0000] {logging_mixin.py:150} INFO - [2023-09-04T12:55:10.504+0000] {dag.py:2742} INFO - Sync 1 DAGs
[2023-09-04T12:55:10.567+0000] {logging_mixin.py:150} INFO - [2023-09-04T12:55:10.567+0000] {dag.py:3508} INFO - Setting next_dagrun for example_short_circuit_operator to 2023-09-03T12:55:10.566525+00:00, run_after=2023-09-04T12:55:10.566525+00:00
[2023-09-04T12:55:10.640+0000] {processor.py:179} INFO - Processing /home/airflow/.local/lib/python3.7/site-packages/airflow/example_dags/example_short_circuit_operator.py took 0.224 seconds
[2023-09-04T12:55:41.763+0000] {processor.py:157} INFO - Started process (PID=565) to work on /home/airflow/.local/lib/python3.7/site-packages/airflow/example_dags/example_short_circuit_operator.py
[2023-09-04T12:55:41.764+0000] {processor.py:826} INFO - Processing file /home/airflow/.local/lib/python3.7/site-packages/airflow/example_dags/example_short_circuit_operator.py for tasks to queue
[2023-09-04T12:55:41.767+0000] {logging_mixin.py:150} INFO - [2023-09-04T12:55:41.766+0000] {dagbag.py:541} INFO - Filling up the DagBag from /home/airflow/.local/lib/python3.7/site-packages/airflow/example_dags/example_short_circuit_operator.py
[2023-09-04T12:55:41.793+0000] {processor.py:836} INFO - DAG(s) dict_keys(['example_short_circuit_operator']) retrieved from /home/airflow/.local/lib/python3.7/site-packages/airflow/example_dags/example_short_circuit_operator.py
[2023-09-04T12:55:41.868+0000] {logging_mixin.py:150} INFO - [2023-09-04T12:55:41.867+0000] {dag.py:2742} INFO - Sync 1 DAGs
[2023-09-04T12:55:41.941+0000] {logging_mixin.py:150} INFO - [2023-09-04T12:55:41.941+0000] {dag.py:3508} INFO - Setting next_dagrun for example_short_circuit_operator to 2023-09-03T12:55:41.940914+00:00, run_after=2023-09-04T12:55:41.940914+00:00
[2023-09-04T12:55:42.004+0000] {processor.py:179} INFO - Processing /home/airflow/.local/lib/python3.7/site-packages/airflow/example_dags/example_short_circuit_operator.py took 0.246 seconds
[2023-09-04T12:56:13.442+0000] {processor.py:157} INFO - Started process (PID=624) to work on /home/airflow/.local/lib/python3.7/site-packages/airflow/example_dags/example_short_circuit_operator.py
[2023-09-04T12:56:13.444+0000] {processor.py:826} INFO - Processing file /home/airflow/.local/lib/python3.7/site-packages/airflow/example_dags/example_short_circuit_operator.py for tasks to queue
[2023-09-04T12:56:13.447+0000] {logging_mixin.py:150} INFO - [2023-09-04T12:56:13.446+0000] {dagbag.py:541} INFO - Filling up the DagBag from /home/airflow/.local/lib/python3.7/site-packages/airflow/example_dags/example_short_circuit_operator.py
[2023-09-04T12:56:13.466+0000] {processor.py:836} INFO - DAG(s) dict_keys(['example_short_circuit_operator']) retrieved from /home/airflow/.local/lib/python3.7/site-packages/airflow/example_dags/example_short_circuit_operator.py
[2023-09-04T12:56:13.517+0000] {logging_mixin.py:150} INFO - [2023-09-04T12:56:13.517+0000] {dag.py:2742} INFO - Sync 1 DAGs
[2023-09-04T12:56:13.567+0000] {logging_mixin.py:150} INFO - [2023-09-04T12:56:13.567+0000] {dag.py:3508} INFO - Setting next_dagrun for example_short_circuit_operator to 2023-09-03T12:56:13.566873+00:00, run_after=2023-09-04T12:56:13.566873+00:00
[2023-09-04T12:56:13.624+0000] {processor.py:179} INFO - Processing /home/airflow/.local/lib/python3.7/site-packages/airflow/example_dags/example_short_circuit_operator.py took 0.189 seconds
[2023-09-04T12:56:44.326+0000] {processor.py:157} INFO - Started process (PID=683) to work on /home/airflow/.local/lib/python3.7/site-packages/airflow/example_dags/example_short_circuit_operator.py
[2023-09-04T12:56:44.328+0000] {processor.py:826} INFO - Processing file /home/airflow/.local/lib/python3.7/site-packages/airflow/example_dags/example_short_circuit_operator.py for tasks to queue
[2023-09-04T12:56:44.330+0000] {logging_mixin.py:150} INFO - [2023-09-04T12:56:44.330+0000] {dagbag.py:541} INFO - Filling up the DagBag from /home/airflow/.local/lib/python3.7/site-packages/airflow/example_dags/example_short_circuit_operator.py
[2023-09-04T12:56:44.345+0000] {processor.py:836} INFO - DAG(s) dict_keys(['example_short_circuit_operator']) retrieved from /home/airflow/.local/lib/python3.7/site-packages/airflow/example_dags/example_short_circuit_operator.py
[2023-09-04T12:56:44.394+0000] {logging_mixin.py:150} INFO - [2023-09-04T12:56:44.394+0000] {dag.py:2742} INFO - Sync 1 DAGs
[2023-09-04T12:56:44.450+0000] {logging_mixin.py:150} INFO - [2023-09-04T12:56:44.449+0000] {dag.py:3508} INFO - Setting next_dagrun for example_short_circuit_operator to 2023-09-03T12:56:44.449391+00:00, run_after=2023-09-04T12:56:44.449391+00:00
[2023-09-04T12:56:44.495+0000] {processor.py:179} INFO - Processing /home/airflow/.local/lib/python3.7/site-packages/airflow/example_dags/example_short_circuit_operator.py took 0.177 seconds
[2023-09-04T12:57:15.736+0000] {processor.py:157} INFO - Started process (PID=741) to work on /home/airflow/.local/lib/python3.7/site-packages/airflow/example_dags/example_short_circuit_operator.py
[2023-09-04T12:57:15.738+0000] {processor.py:826} INFO - Processing file /home/airflow/.local/lib/python3.7/site-packages/airflow/example_dags/example_short_circuit_operator.py for tasks to queue
[2023-09-04T12:57:15.740+0000] {logging_mixin.py:150} INFO - [2023-09-04T12:57:15.740+0000] {dagbag.py:541} INFO - Filling up the DagBag from /home/airflow/.local/lib/python3.7/site-packages/airflow/example_dags/example_short_circuit_operator.py
[2023-09-04T12:57:15.759+0000] {processor.py:836} INFO - DAG(s) dict_keys(['example_short_circuit_operator']) retrieved from /home/airflow/.local/lib/python3.7/site-packages/airflow/example_dags/example_short_circuit_operator.py
[2023-09-04T12:57:15.850+0000] {logging_mixin.py:150} INFO - [2023-09-04T12:57:15.850+0000] {dag.py:2742} INFO - Sync 1 DAGs
[2023-09-04T12:57:15.938+0000] {logging_mixin.py:150} INFO - [2023-09-04T12:57:15.938+0000] {dag.py:3508} INFO - Setting next_dagrun for example_short_circuit_operator to 2023-09-03T12:57:15.938024+00:00, run_after=2023-09-04T12:57:15.938024+00:00
[2023-09-04T12:57:15.992+0000] {processor.py:179} INFO - Processing /home/airflow/.local/lib/python3.7/site-packages/airflow/example_dags/example_short_circuit_operator.py took 0.261 seconds
[2023-09-04T12:57:47.564+0000] {processor.py:157} INFO - Started process (PID=799) to work on /home/airflow/.local/lib/python3.7/site-packages/airflow/example_dags/example_short_circuit_operator.py
[2023-09-04T12:57:47.567+0000] {processor.py:826} INFO - Processing file /home/airflow/.local/lib/python3.7/site-packages/airflow/example_dags/example_short_circuit_operator.py for tasks to queue
[2023-09-04T12:57:47.572+0000] {logging_mixin.py:150} INFO - [2023-09-04T12:57:47.571+0000] {dagbag.py:541} INFO - Filling up the DagBag from /home/airflow/.local/lib/python3.7/site-packages/airflow/example_dags/example_short_circuit_operator.py
[2023-09-04T12:57:47.594+0000] {processor.py:836} INFO - DAG(s) dict_keys(['example_short_circuit_operator']) retrieved from /home/airflow/.local/lib/python3.7/site-packages/airflow/example_dags/example_short_circuit_operator.py
[2023-09-04T12:57:47.673+0000] {logging_mixin.py:150} INFO - [2023-09-04T12:57:47.673+0000] {dag.py:2742} INFO - Sync 1 DAGs
[2023-09-04T12:57:47.779+0000] {logging_mixin.py:150} INFO - [2023-09-04T12:57:47.778+0000] {dag.py:3508} INFO - Setting next_dagrun for example_short_circuit_operator to 2023-09-03T12:57:47.767872+00:00, run_after=2023-09-04T12:57:47.767872+00:00
[2023-09-04T12:57:47.906+0000] {processor.py:179} INFO - Processing /home/airflow/.local/lib/python3.7/site-packages/airflow/example_dags/example_short_circuit_operator.py took 0.347 seconds
[2023-09-04T12:58:18.433+0000] {processor.py:157} INFO - Started process (PID=858) to work on /home/airflow/.local/lib/python3.7/site-packages/airflow/example_dags/example_short_circuit_operator.py
[2023-09-04T12:58:18.436+0000] {processor.py:826} INFO - Processing file /home/airflow/.local/lib/python3.7/site-packages/airflow/example_dags/example_short_circuit_operator.py for tasks to queue
[2023-09-04T12:58:18.438+0000] {logging_mixin.py:150} INFO - [2023-09-04T12:58:18.438+0000] {dagbag.py:541} INFO - Filling up the DagBag from /home/airflow/.local/lib/python3.7/site-packages/airflow/example_dags/example_short_circuit_operator.py
[2023-09-04T12:58:18.461+0000] {processor.py:836} INFO - DAG(s) dict_keys(['example_short_circuit_operator']) retrieved from /home/airflow/.local/lib/python3.7/site-packages/airflow/example_dags/example_short_circuit_operator.py
[2023-09-04T12:58:18.543+0000] {logging_mixin.py:150} INFO - [2023-09-04T12:58:18.543+0000] {dag.py:2742} INFO - Sync 1 DAGs
[2023-09-04T12:58:18.602+0000] {logging_mixin.py:150} INFO - [2023-09-04T12:58:18.602+0000] {dag.py:3508} INFO - Setting next_dagrun for example_short_circuit_operator to 2023-09-03T12:58:18.602033+00:00, run_after=2023-09-04T12:58:18.602033+00:00
[2023-09-04T12:58:18.655+0000] {processor.py:179} INFO - Processing /home/airflow/.local/lib/python3.7/site-packages/airflow/example_dags/example_short_circuit_operator.py took 0.233 seconds
[2023-09-04T12:58:52.252+0000] {processor.py:157} INFO - Started process (PID=919) to work on /home/airflow/.local/lib/python3.7/site-packages/airflow/example_dags/example_short_circuit_operator.py
[2023-09-04T12:58:52.256+0000] {processor.py:826} INFO - Processing file /home/airflow/.local/lib/python3.7/site-packages/airflow/example_dags/example_short_circuit_operator.py for tasks to queue
[2023-09-04T12:58:52.260+0000] {logging_mixin.py:150} INFO - [2023-09-04T12:58:52.260+0000] {dagbag.py:541} INFO - Filling up the DagBag from /home/airflow/.local/lib/python3.7/site-packages/airflow/example_dags/example_short_circuit_operator.py
[2023-09-04T12:58:52.281+0000] {processor.py:836} INFO - DAG(s) dict_keys(['example_short_circuit_operator']) retrieved from /home/airflow/.local/lib/python3.7/site-packages/airflow/example_dags/example_short_circuit_operator.py
[2023-09-04T12:58:52.403+0000] {logging_mixin.py:150} INFO - [2023-09-04T12:58:52.403+0000] {dag.py:2742} INFO - Sync 1 DAGs
[2023-09-04T12:58:52.477+0000] {logging_mixin.py:150} INFO - [2023-09-04T12:58:52.477+0000] {dag.py:3508} INFO - Setting next_dagrun for example_short_circuit_operator to 2023-09-03T12:58:52.476938+00:00, run_after=2023-09-04T12:58:52.476938+00:00
[2023-09-04T12:58:52.521+0000] {processor.py:179} INFO - Processing /home/airflow/.local/lib/python3.7/site-packages/airflow/example_dags/example_short_circuit_operator.py took 0.278 seconds
