[2023-09-04T12:39:37.243+0000] {processor.py:157} INFO - Started process (PID=88) to work on /home/airflow/.local/lib/python3.7/site-packages/airflow/example_dags/example_branch_datetime_operator.py
[2023-09-04T12:39:37.251+0000] {processor.py:826} INFO - Processing file /home/airflow/.local/lib/python3.7/site-packages/airflow/example_dags/example_branch_datetime_operator.py for tasks to queue
[2023-09-04T12:39:37.258+0000] {logging_mixin.py:150} INFO - [2023-09-04T12:39:37.258+0000] {dagbag.py:541} INFO - Filling up the DagBag from /home/airflow/.local/lib/python3.7/site-packages/airflow/example_dags/example_branch_datetime_operator.py
[2023-09-04T12:39:37.320+0000] {processor.py:836} INFO - DAG(s) dict_keys(['example_branch_datetime_operator_3', 'example_branch_datetime_operator_2', 'example_branch_datetime_operator']) retrieved from /home/airflow/.local/lib/python3.7/site-packages/airflow/example_dags/example_branch_datetime_operator.py
[2023-09-04T12:39:38.048+0000] {logging_mixin.py:150} INFO - [2023-09-04T12:39:38.048+0000] {dag.py:2742} INFO - Sync 3 DAGs
[2023-09-04T12:39:38.229+0000] {logging_mixin.py:150} INFO - [2023-09-04T12:39:38.229+0000] {dag.py:3508} INFO - Setting next_dagrun for example_branch_datetime_operator to 2023-09-03T00:00:00+00:00, run_after=2023-09-04T00:00:00+00:00
[2023-09-04T12:39:38.289+0000] {logging_mixin.py:150} INFO - [2023-09-04T12:39:38.285+0000] {dag.py:3508} INFO - Setting next_dagrun for example_branch_datetime_operator_2 to 2023-09-03T00:00:00+00:00, run_after=2023-09-04T00:00:00+00:00
[2023-09-04T12:39:38.300+0000] {logging_mixin.py:150} INFO - [2023-09-04T12:39:38.299+0000] {dag.py:3508} INFO - Setting next_dagrun for example_branch_datetime_operator_3 to 2023-09-03T00:00:00+00:00, run_after=2023-09-04T00:00:00+00:00
[2023-09-04T12:39:38.396+0000] {processor.py:179} INFO - Processing /home/airflow/.local/lib/python3.7/site-packages/airflow/example_dags/example_branch_datetime_operator.py took 1.169 seconds
[2023-09-04T12:40:11.402+0000] {processor.py:157} INFO - Started process (PID=147) to work on /home/airflow/.local/lib/python3.7/site-packages/airflow/example_dags/example_branch_datetime_operator.py
[2023-09-04T12:40:11.415+0000] {processor.py:826} INFO - Processing file /home/airflow/.local/lib/python3.7/site-packages/airflow/example_dags/example_branch_datetime_operator.py for tasks to queue
[2023-09-04T12:40:11.422+0000] {logging_mixin.py:150} INFO - [2023-09-04T12:40:11.421+0000] {dagbag.py:541} INFO - Filling up the DagBag from /home/airflow/.local/lib/python3.7/site-packages/airflow/example_dags/example_branch_datetime_operator.py
[2023-09-04T12:40:11.502+0000] {processor.py:836} INFO - DAG(s) dict_keys(['example_branch_datetime_operator_3', 'example_branch_datetime_operator', 'example_branch_datetime_operator_2']) retrieved from /home/airflow/.local/lib/python3.7/site-packages/airflow/example_dags/example_branch_datetime_operator.py
[2023-09-04T12:40:11.769+0000] {logging_mixin.py:150} INFO - [2023-09-04T12:40:11.769+0000] {dag.py:2742} INFO - Sync 3 DAGs
[2023-09-04T12:40:12.035+0000] {logging_mixin.py:150} INFO - [2023-09-04T12:40:12.035+0000] {dag.py:3508} INFO - Setting next_dagrun for example_branch_datetime_operator to 2023-09-03T00:00:00+00:00, run_after=2023-09-04T00:00:00+00:00
[2023-09-04T12:40:12.060+0000] {logging_mixin.py:150} INFO - [2023-09-04T12:40:12.059+0000] {dag.py:3508} INFO - Setting next_dagrun for example_branch_datetime_operator_2 to 2023-09-03T00:00:00+00:00, run_after=2023-09-04T00:00:00+00:00
[2023-09-04T12:40:12.089+0000] {logging_mixin.py:150} INFO - [2023-09-04T12:40:12.088+0000] {dag.py:3508} INFO - Setting next_dagrun for example_branch_datetime_operator_3 to 2023-09-03T00:00:00+00:00, run_after=2023-09-04T00:00:00+00:00
[2023-09-04T12:40:12.211+0000] {processor.py:179} INFO - Processing /home/airflow/.local/lib/python3.7/site-packages/airflow/example_dags/example_branch_datetime_operator.py took 0.824 seconds
[2023-09-04T12:40:45.349+0000] {processor.py:157} INFO - Started process (PID=211) to work on /home/airflow/.local/lib/python3.7/site-packages/airflow/example_dags/example_branch_datetime_operator.py
[2023-09-04T12:40:45.365+0000] {processor.py:826} INFO - Processing file /home/airflow/.local/lib/python3.7/site-packages/airflow/example_dags/example_branch_datetime_operator.py for tasks to queue
[2023-09-04T12:40:45.381+0000] {logging_mixin.py:150} INFO - [2023-09-04T12:40:45.381+0000] {dagbag.py:541} INFO - Filling up the DagBag from /home/airflow/.local/lib/python3.7/site-packages/airflow/example_dags/example_branch_datetime_operator.py
[2023-09-04T12:40:45.582+0000] {processor.py:836} INFO - DAG(s) dict_keys(['example_branch_datetime_operator_2', 'example_branch_datetime_operator_3', 'example_branch_datetime_operator']) retrieved from /home/airflow/.local/lib/python3.7/site-packages/airflow/example_dags/example_branch_datetime_operator.py
[2023-09-04T12:40:45.896+0000] {logging_mixin.py:150} INFO - [2023-09-04T12:40:45.895+0000] {dag.py:2742} INFO - Sync 3 DAGs
[2023-09-04T12:40:46.282+0000] {logging_mixin.py:150} INFO - [2023-09-04T12:40:46.281+0000] {dag.py:3508} INFO - Setting next_dagrun for example_branch_datetime_operator to 2023-09-03T00:00:00+00:00, run_after=2023-09-04T00:00:00+00:00
[2023-09-04T12:40:46.326+0000] {logging_mixin.py:150} INFO - [2023-09-04T12:40:46.325+0000] {dag.py:3508} INFO - Setting next_dagrun for example_branch_datetime_operator_2 to 2023-09-03T00:00:00+00:00, run_after=2023-09-04T00:00:00+00:00
[2023-09-04T12:40:46.371+0000] {logging_mixin.py:150} INFO - [2023-09-04T12:40:46.371+0000] {dag.py:3508} INFO - Setting next_dagrun for example_branch_datetime_operator_3 to 2023-09-03T00:00:00+00:00, run_after=2023-09-04T00:00:00+00:00
[2023-09-04T12:40:46.591+0000] {processor.py:179} INFO - Processing /home/airflow/.local/lib/python3.7/site-packages/airflow/example_dags/example_branch_datetime_operator.py took 1.290 seconds
[2023-09-04T12:41:21.634+0000] {processor.py:157} INFO - Started process (PID=269) to work on /home/airflow/.local/lib/python3.7/site-packages/airflow/example_dags/example_branch_datetime_operator.py
[2023-09-04T12:41:21.638+0000] {processor.py:826} INFO - Processing file /home/airflow/.local/lib/python3.7/site-packages/airflow/example_dags/example_branch_datetime_operator.py for tasks to queue
[2023-09-04T12:41:21.650+0000] {logging_mixin.py:150} INFO - [2023-09-04T12:41:21.641+0000] {dagbag.py:541} INFO - Filling up the DagBag from /home/airflow/.local/lib/python3.7/site-packages/airflow/example_dags/example_branch_datetime_operator.py
[2023-09-04T12:41:21.726+0000] {processor.py:836} INFO - DAG(s) dict_keys(['example_branch_datetime_operator_2', 'example_branch_datetime_operator', 'example_branch_datetime_operator_3']) retrieved from /home/airflow/.local/lib/python3.7/site-packages/airflow/example_dags/example_branch_datetime_operator.py
[2023-09-04T12:41:22.018+0000] {logging_mixin.py:150} INFO - [2023-09-04T12:41:22.018+0000] {dag.py:2742} INFO - Sync 3 DAGs
[2023-09-04T12:41:22.562+0000] {logging_mixin.py:150} INFO - [2023-09-04T12:41:22.561+0000] {dag.py:3508} INFO - Setting next_dagrun for example_branch_datetime_operator to 2023-09-03T00:00:00+00:00, run_after=2023-09-04T00:00:00+00:00
[2023-09-04T12:41:22.623+0000] {logging_mixin.py:150} INFO - [2023-09-04T12:41:22.623+0000] {dag.py:3508} INFO - Setting next_dagrun for example_branch_datetime_operator_2 to 2023-09-03T00:00:00+00:00, run_after=2023-09-04T00:00:00+00:00
[2023-09-04T12:41:22.657+0000] {logging_mixin.py:150} INFO - [2023-09-04T12:41:22.657+0000] {dag.py:3508} INFO - Setting next_dagrun for example_branch_datetime_operator_3 to 2023-09-03T00:00:00+00:00, run_after=2023-09-04T00:00:00+00:00
[2023-09-04T12:41:22.803+0000] {processor.py:179} INFO - Processing /home/airflow/.local/lib/python3.7/site-packages/airflow/example_dags/example_branch_datetime_operator.py took 1.187 seconds
[2023-09-04T12:42:01.764+0000] {processor.py:157} INFO - Started process (PID=333) to work on /home/airflow/.local/lib/python3.7/site-packages/airflow/example_dags/example_branch_datetime_operator.py
[2023-09-04T12:42:01.855+0000] {processor.py:826} INFO - Processing file /home/airflow/.local/lib/python3.7/site-packages/airflow/example_dags/example_branch_datetime_operator.py for tasks to queue
[2023-09-04T12:42:01.906+0000] {logging_mixin.py:150} INFO - [2023-09-04T12:42:01.906+0000] {dagbag.py:541} INFO - Filling up the DagBag from /home/airflow/.local/lib/python3.7/site-packages/airflow/example_dags/example_branch_datetime_operator.py
[2023-09-04T12:42:02.017+0000] {processor.py:836} INFO - DAG(s) dict_keys(['example_branch_datetime_operator_3', 'example_branch_datetime_operator_2', 'example_branch_datetime_operator']) retrieved from /home/airflow/.local/lib/python3.7/site-packages/airflow/example_dags/example_branch_datetime_operator.py
[2023-09-04T12:42:02.275+0000] {logging_mixin.py:150} INFO - [2023-09-04T12:42:02.274+0000] {dag.py:2742} INFO - Sync 3 DAGs
[2023-09-04T12:42:02.531+0000] {logging_mixin.py:150} INFO - [2023-09-04T12:42:02.530+0000] {dag.py:3508} INFO - Setting next_dagrun for example_branch_datetime_operator to 2023-09-03T00:00:00+00:00, run_after=2023-09-04T00:00:00+00:00
[2023-09-04T12:42:02.628+0000] {logging_mixin.py:150} INFO - [2023-09-04T12:42:02.628+0000] {dag.py:3508} INFO - Setting next_dagrun for example_branch_datetime_operator_2 to 2023-09-03T00:00:00+00:00, run_after=2023-09-04T00:00:00+00:00
[2023-09-04T12:42:02.671+0000] {logging_mixin.py:150} INFO - [2023-09-04T12:42:02.671+0000] {dag.py:3508} INFO - Setting next_dagrun for example_branch_datetime_operator_3 to 2023-09-03T00:00:00+00:00, run_after=2023-09-04T00:00:00+00:00
[2023-09-04T12:42:02.890+0000] {processor.py:179} INFO - Processing /home/airflow/.local/lib/python3.7/site-packages/airflow/example_dags/example_branch_datetime_operator.py took 1.145 seconds
[2023-09-04T12:42:41.638+0000] {processor.py:157} INFO - Started process (PID=387) to work on /home/airflow/.local/lib/python3.7/site-packages/airflow/example_dags/example_branch_datetime_operator.py
[2023-09-04T12:42:41.652+0000] {processor.py:826} INFO - Processing file /home/airflow/.local/lib/python3.7/site-packages/airflow/example_dags/example_branch_datetime_operator.py for tasks to queue
[2023-09-04T12:42:41.669+0000] {logging_mixin.py:150} INFO - [2023-09-04T12:42:41.668+0000] {dagbag.py:541} INFO - Filling up the DagBag from /home/airflow/.local/lib/python3.7/site-packages/airflow/example_dags/example_branch_datetime_operator.py
[2023-09-04T12:42:41.792+0000] {processor.py:836} INFO - DAG(s) dict_keys(['example_branch_datetime_operator_2', 'example_branch_datetime_operator', 'example_branch_datetime_operator_3']) retrieved from /home/airflow/.local/lib/python3.7/site-packages/airflow/example_dags/example_branch_datetime_operator.py
[2023-09-04T12:42:42.078+0000] {logging_mixin.py:150} INFO - [2023-09-04T12:42:42.078+0000] {dag.py:2742} INFO - Sync 3 DAGs
[2023-09-04T12:42:42.365+0000] {logging_mixin.py:150} INFO - [2023-09-04T12:42:42.354+0000] {dag.py:3508} INFO - Setting next_dagrun for example_branch_datetime_operator to 2023-09-03T00:00:00+00:00, run_after=2023-09-04T00:00:00+00:00
[2023-09-04T12:42:42.445+0000] {logging_mixin.py:150} INFO - [2023-09-04T12:42:42.444+0000] {dag.py:3508} INFO - Setting next_dagrun for example_branch_datetime_operator_2 to 2023-09-03T00:00:00+00:00, run_after=2023-09-04T00:00:00+00:00
[2023-09-04T12:42:42.501+0000] {logging_mixin.py:150} INFO - [2023-09-04T12:42:42.500+0000] {dag.py:3508} INFO - Setting next_dagrun for example_branch_datetime_operator_3 to 2023-09-03T00:00:00+00:00, run_after=2023-09-04T00:00:00+00:00
[2023-09-04T12:42:42.653+0000] {processor.py:179} INFO - Processing /home/airflow/.local/lib/python3.7/site-packages/airflow/example_dags/example_branch_datetime_operator.py took 1.048 seconds
[2023-09-04T12:43:15.123+0000] {processor.py:157} INFO - Started process (PID=447) to work on /home/airflow/.local/lib/python3.7/site-packages/airflow/example_dags/example_branch_datetime_operator.py
[2023-09-04T12:43:15.174+0000] {processor.py:826} INFO - Processing file /home/airflow/.local/lib/python3.7/site-packages/airflow/example_dags/example_branch_datetime_operator.py for tasks to queue
[2023-09-04T12:43:15.201+0000] {logging_mixin.py:150} INFO - [2023-09-04T12:43:15.201+0000] {dagbag.py:541} INFO - Filling up the DagBag from /home/airflow/.local/lib/python3.7/site-packages/airflow/example_dags/example_branch_datetime_operator.py
[2023-09-04T12:43:15.299+0000] {processor.py:836} INFO - DAG(s) dict_keys(['example_branch_datetime_operator', 'example_branch_datetime_operator_2', 'example_branch_datetime_operator_3']) retrieved from /home/airflow/.local/lib/python3.7/site-packages/airflow/example_dags/example_branch_datetime_operator.py
[2023-09-04T12:43:15.636+0000] {logging_mixin.py:150} INFO - [2023-09-04T12:43:15.636+0000] {dag.py:2742} INFO - Sync 3 DAGs
[2023-09-04T12:43:15.892+0000] {logging_mixin.py:150} INFO - [2023-09-04T12:43:15.891+0000] {dag.py:3508} INFO - Setting next_dagrun for example_branch_datetime_operator to 2023-09-03T00:00:00+00:00, run_after=2023-09-04T00:00:00+00:00
[2023-09-04T12:43:15.939+0000] {logging_mixin.py:150} INFO - [2023-09-04T12:43:15.939+0000] {dag.py:3508} INFO - Setting next_dagrun for example_branch_datetime_operator_2 to 2023-09-03T00:00:00+00:00, run_after=2023-09-04T00:00:00+00:00
[2023-09-04T12:43:15.979+0000] {logging_mixin.py:150} INFO - [2023-09-04T12:43:15.978+0000] {dag.py:3508} INFO - Setting next_dagrun for example_branch_datetime_operator_3 to 2023-09-03T00:00:00+00:00, run_after=2023-09-04T00:00:00+00:00
[2023-09-04T12:43:16.112+0000] {processor.py:179} INFO - Processing /home/airflow/.local/lib/python3.7/site-packages/airflow/example_dags/example_branch_datetime_operator.py took 1.008 seconds
[2023-09-04T12:43:53.779+0000] {processor.py:157} INFO - Started process (PID=507) to work on /home/airflow/.local/lib/python3.7/site-packages/airflow/example_dags/example_branch_datetime_operator.py
[2023-09-04T12:43:53.786+0000] {processor.py:826} INFO - Processing file /home/airflow/.local/lib/python3.7/site-packages/airflow/example_dags/example_branch_datetime_operator.py for tasks to queue
[2023-09-04T12:43:53.793+0000] {logging_mixin.py:150} INFO - [2023-09-04T12:43:53.792+0000] {dagbag.py:541} INFO - Filling up the DagBag from /home/airflow/.local/lib/python3.7/site-packages/airflow/example_dags/example_branch_datetime_operator.py
[2023-09-04T12:43:53.906+0000] {processor.py:836} INFO - DAG(s) dict_keys(['example_branch_datetime_operator_2', 'example_branch_datetime_operator', 'example_branch_datetime_operator_3']) retrieved from /home/airflow/.local/lib/python3.7/site-packages/airflow/example_dags/example_branch_datetime_operator.py
[2023-09-04T12:43:54.180+0000] {logging_mixin.py:150} INFO - [2023-09-04T12:43:54.180+0000] {dag.py:2742} INFO - Sync 3 DAGs
[2023-09-04T12:43:54.445+0000] {logging_mixin.py:150} INFO - [2023-09-04T12:43:54.445+0000] {dag.py:3508} INFO - Setting next_dagrun for example_branch_datetime_operator to 2023-09-03T00:00:00+00:00, run_after=2023-09-04T00:00:00+00:00
[2023-09-04T12:43:54.509+0000] {logging_mixin.py:150} INFO - [2023-09-04T12:43:54.508+0000] {dag.py:3508} INFO - Setting next_dagrun for example_branch_datetime_operator_2 to 2023-09-03T00:00:00+00:00, run_after=2023-09-04T00:00:00+00:00
[2023-09-04T12:43:54.558+0000] {logging_mixin.py:150} INFO - [2023-09-04T12:43:54.557+0000] {dag.py:3508} INFO - Setting next_dagrun for example_branch_datetime_operator_3 to 2023-09-03T00:00:00+00:00, run_after=2023-09-04T00:00:00+00:00
[2023-09-04T12:43:54.692+0000] {processor.py:179} INFO - Processing /home/airflow/.local/lib/python3.7/site-packages/airflow/example_dags/example_branch_datetime_operator.py took 0.933 seconds
[2023-09-04T12:44:25.195+0000] {processor.py:157} INFO - Started process (PID=566) to work on /home/airflow/.local/lib/python3.7/site-packages/airflow/example_dags/example_branch_datetime_operator.py
[2023-09-04T12:44:25.198+0000] {processor.py:826} INFO - Processing file /home/airflow/.local/lib/python3.7/site-packages/airflow/example_dags/example_branch_datetime_operator.py for tasks to queue
[2023-09-04T12:44:25.200+0000] {logging_mixin.py:150} INFO - [2023-09-04T12:44:25.200+0000] {dagbag.py:541} INFO - Filling up the DagBag from /home/airflow/.local/lib/python3.7/site-packages/airflow/example_dags/example_branch_datetime_operator.py
[2023-09-04T12:44:25.245+0000] {processor.py:836} INFO - DAG(s) dict_keys(['example_branch_datetime_operator_2', 'example_branch_datetime_operator', 'example_branch_datetime_operator_3']) retrieved from /home/airflow/.local/lib/python3.7/site-packages/airflow/example_dags/example_branch_datetime_operator.py
[2023-09-04T12:44:25.386+0000] {logging_mixin.py:150} INFO - [2023-09-04T12:44:25.386+0000] {dag.py:2742} INFO - Sync 3 DAGs
[2023-09-04T12:44:25.510+0000] {logging_mixin.py:150} INFO - [2023-09-04T12:44:25.509+0000] {dag.py:3508} INFO - Setting next_dagrun for example_branch_datetime_operator to 2023-09-03T00:00:00+00:00, run_after=2023-09-04T00:00:00+00:00
[2023-09-04T12:44:25.531+0000] {logging_mixin.py:150} INFO - [2023-09-04T12:44:25.531+0000] {dag.py:3508} INFO - Setting next_dagrun for example_branch_datetime_operator_2 to 2023-09-03T00:00:00+00:00, run_after=2023-09-04T00:00:00+00:00
[2023-09-04T12:44:25.545+0000] {logging_mixin.py:150} INFO - [2023-09-04T12:44:25.544+0000] {dag.py:3508} INFO - Setting next_dagrun for example_branch_datetime_operator_3 to 2023-09-03T00:00:00+00:00, run_after=2023-09-04T00:00:00+00:00
[2023-09-04T12:44:25.610+0000] {processor.py:179} INFO - Processing /home/airflow/.local/lib/python3.7/site-packages/airflow/example_dags/example_branch_datetime_operator.py took 0.423 seconds
[2023-09-04T12:45:09.020+0000] {processor.py:157} INFO - Started process (PID=627) to work on /home/airflow/.local/lib/python3.7/site-packages/airflow/example_dags/example_branch_datetime_operator.py
[2023-09-04T12:45:09.023+0000] {processor.py:826} INFO - Processing file /home/airflow/.local/lib/python3.7/site-packages/airflow/example_dags/example_branch_datetime_operator.py for tasks to queue
[2023-09-04T12:45:09.026+0000] {logging_mixin.py:150} INFO - [2023-09-04T12:45:09.026+0000] {dagbag.py:541} INFO - Filling up the DagBag from /home/airflow/.local/lib/python3.7/site-packages/airflow/example_dags/example_branch_datetime_operator.py
[2023-09-04T12:45:09.071+0000] {processor.py:836} INFO - DAG(s) dict_keys(['example_branch_datetime_operator', 'example_branch_datetime_operator_3', 'example_branch_datetime_operator_2']) retrieved from /home/airflow/.local/lib/python3.7/site-packages/airflow/example_dags/example_branch_datetime_operator.py
[2023-09-04T12:45:09.203+0000] {logging_mixin.py:150} INFO - [2023-09-04T12:45:09.203+0000] {dag.py:2742} INFO - Sync 3 DAGs
[2023-09-04T12:45:09.343+0000] {logging_mixin.py:150} INFO - [2023-09-04T12:45:09.342+0000] {dag.py:3508} INFO - Setting next_dagrun for example_branch_datetime_operator to 2023-09-03T00:00:00+00:00, run_after=2023-09-04T00:00:00+00:00
[2023-09-04T12:45:09.440+0000] {logging_mixin.py:150} INFO - [2023-09-04T12:45:09.437+0000] {dag.py:3508} INFO - Setting next_dagrun for example_branch_datetime_operator_2 to 2023-09-03T00:00:00+00:00, run_after=2023-09-04T00:00:00+00:00
[2023-09-04T12:45:09.452+0000] {logging_mixin.py:150} INFO - [2023-09-04T12:45:09.451+0000] {dag.py:3508} INFO - Setting next_dagrun for example_branch_datetime_operator_3 to 2023-09-03T00:00:00+00:00, run_after=2023-09-04T00:00:00+00:00
[2023-09-04T12:45:09.534+0000] {processor.py:179} INFO - Processing /home/airflow/.local/lib/python3.7/site-packages/airflow/example_dags/example_branch_datetime_operator.py took 0.535 seconds
[2023-09-04T12:45:40.290+0000] {processor.py:157} INFO - Started process (PID=687) to work on /home/airflow/.local/lib/python3.7/site-packages/airflow/example_dags/example_branch_datetime_operator.py
[2023-09-04T12:45:40.293+0000] {processor.py:826} INFO - Processing file /home/airflow/.local/lib/python3.7/site-packages/airflow/example_dags/example_branch_datetime_operator.py for tasks to queue
[2023-09-04T12:45:40.295+0000] {logging_mixin.py:150} INFO - [2023-09-04T12:45:40.295+0000] {dagbag.py:541} INFO - Filling up the DagBag from /home/airflow/.local/lib/python3.7/site-packages/airflow/example_dags/example_branch_datetime_operator.py
[2023-09-04T12:45:40.333+0000] {processor.py:836} INFO - DAG(s) dict_keys(['example_branch_datetime_operator_2', 'example_branch_datetime_operator', 'example_branch_datetime_operator_3']) retrieved from /home/airflow/.local/lib/python3.7/site-packages/airflow/example_dags/example_branch_datetime_operator.py
[2023-09-04T12:45:40.486+0000] {logging_mixin.py:150} INFO - [2023-09-04T12:45:40.486+0000] {dag.py:2742} INFO - Sync 3 DAGs
[2023-09-04T12:45:40.572+0000] {logging_mixin.py:150} INFO - [2023-09-04T12:45:40.571+0000] {dag.py:3508} INFO - Setting next_dagrun for example_branch_datetime_operator to 2023-09-03T00:00:00+00:00, run_after=2023-09-04T00:00:00+00:00
[2023-09-04T12:45:40.606+0000] {logging_mixin.py:150} INFO - [2023-09-04T12:45:40.606+0000] {dag.py:3508} INFO - Setting next_dagrun for example_branch_datetime_operator_2 to 2023-09-03T00:00:00+00:00, run_after=2023-09-04T00:00:00+00:00
[2023-09-04T12:45:40.626+0000] {logging_mixin.py:150} INFO - [2023-09-04T12:45:40.626+0000] {dag.py:3508} INFO - Setting next_dagrun for example_branch_datetime_operator_3 to 2023-09-03T00:00:00+00:00, run_after=2023-09-04T00:00:00+00:00
[2023-09-04T12:45:40.728+0000] {processor.py:179} INFO - Processing /home/airflow/.local/lib/python3.7/site-packages/airflow/example_dags/example_branch_datetime_operator.py took 0.449 seconds
[2023-09-04T12:46:11.380+0000] {processor.py:157} INFO - Started process (PID=747) to work on /home/airflow/.local/lib/python3.7/site-packages/airflow/example_dags/example_branch_datetime_operator.py
[2023-09-04T12:46:11.385+0000] {processor.py:826} INFO - Processing file /home/airflow/.local/lib/python3.7/site-packages/airflow/example_dags/example_branch_datetime_operator.py for tasks to queue
[2023-09-04T12:46:11.389+0000] {logging_mixin.py:150} INFO - [2023-09-04T12:46:11.388+0000] {dagbag.py:541} INFO - Filling up the DagBag from /home/airflow/.local/lib/python3.7/site-packages/airflow/example_dags/example_branch_datetime_operator.py
[2023-09-04T12:46:11.460+0000] {processor.py:836} INFO - DAG(s) dict_keys(['example_branch_datetime_operator_2', 'example_branch_datetime_operator_3', 'example_branch_datetime_operator']) retrieved from /home/airflow/.local/lib/python3.7/site-packages/airflow/example_dags/example_branch_datetime_operator.py
[2023-09-04T12:46:11.555+0000] {logging_mixin.py:150} INFO - [2023-09-04T12:46:11.555+0000] {dag.py:2742} INFO - Sync 3 DAGs
[2023-09-04T12:46:11.616+0000] {logging_mixin.py:150} INFO - [2023-09-04T12:46:11.616+0000] {dag.py:3508} INFO - Setting next_dagrun for example_branch_datetime_operator to 2023-09-03T00:00:00+00:00, run_after=2023-09-04T00:00:00+00:00
[2023-09-04T12:46:11.629+0000] {logging_mixin.py:150} INFO - [2023-09-04T12:46:11.628+0000] {dag.py:3508} INFO - Setting next_dagrun for example_branch_datetime_operator_2 to 2023-09-03T00:00:00+00:00, run_after=2023-09-04T00:00:00+00:00
[2023-09-04T12:46:11.634+0000] {logging_mixin.py:150} INFO - [2023-09-04T12:46:11.634+0000] {dag.py:3508} INFO - Setting next_dagrun for example_branch_datetime_operator_3 to 2023-09-03T00:00:00+00:00, run_after=2023-09-04T00:00:00+00:00
[2023-09-04T12:46:11.679+0000] {processor.py:179} INFO - Processing /home/airflow/.local/lib/python3.7/site-packages/airflow/example_dags/example_branch_datetime_operator.py took 0.315 seconds
[2023-09-04T12:46:42.236+0000] {processor.py:157} INFO - Started process (PID=807) to work on /home/airflow/.local/lib/python3.7/site-packages/airflow/example_dags/example_branch_datetime_operator.py
[2023-09-04T12:46:42.238+0000] {processor.py:826} INFO - Processing file /home/airflow/.local/lib/python3.7/site-packages/airflow/example_dags/example_branch_datetime_operator.py for tasks to queue
[2023-09-04T12:46:42.243+0000] {logging_mixin.py:150} INFO - [2023-09-04T12:46:42.243+0000] {dagbag.py:541} INFO - Filling up the DagBag from /home/airflow/.local/lib/python3.7/site-packages/airflow/example_dags/example_branch_datetime_operator.py
[2023-09-04T12:46:42.270+0000] {processor.py:836} INFO - DAG(s) dict_keys(['example_branch_datetime_operator_3', 'example_branch_datetime_operator', 'example_branch_datetime_operator_2']) retrieved from /home/airflow/.local/lib/python3.7/site-packages/airflow/example_dags/example_branch_datetime_operator.py
[2023-09-04T12:46:42.341+0000] {logging_mixin.py:150} INFO - [2023-09-04T12:46:42.340+0000] {dag.py:2742} INFO - Sync 3 DAGs
[2023-09-04T12:46:42.404+0000] {logging_mixin.py:150} INFO - [2023-09-04T12:46:42.404+0000] {dag.py:3508} INFO - Setting next_dagrun for example_branch_datetime_operator to 2023-09-03T00:00:00+00:00, run_after=2023-09-04T00:00:00+00:00
[2023-09-04T12:46:42.417+0000] {logging_mixin.py:150} INFO - [2023-09-04T12:46:42.416+0000] {dag.py:3508} INFO - Setting next_dagrun for example_branch_datetime_operator_2 to 2023-09-03T00:00:00+00:00, run_after=2023-09-04T00:00:00+00:00
[2023-09-04T12:46:42.424+0000] {logging_mixin.py:150} INFO - [2023-09-04T12:46:42.423+0000] {dag.py:3508} INFO - Setting next_dagrun for example_branch_datetime_operator_3 to 2023-09-03T00:00:00+00:00, run_after=2023-09-04T00:00:00+00:00
[2023-09-04T12:46:42.467+0000] {processor.py:179} INFO - Processing /home/airflow/.local/lib/python3.7/site-packages/airflow/example_dags/example_branch_datetime_operator.py took 0.241 seconds
[2023-09-04T12:47:12.668+0000] {processor.py:157} INFO - Started process (PID=865) to work on /home/airflow/.local/lib/python3.7/site-packages/airflow/example_dags/example_branch_datetime_operator.py
[2023-09-04T12:47:12.675+0000] {processor.py:826} INFO - Processing file /home/airflow/.local/lib/python3.7/site-packages/airflow/example_dags/example_branch_datetime_operator.py for tasks to queue
[2023-09-04T12:47:12.678+0000] {logging_mixin.py:150} INFO - [2023-09-04T12:47:12.677+0000] {dagbag.py:541} INFO - Filling up the DagBag from /home/airflow/.local/lib/python3.7/site-packages/airflow/example_dags/example_branch_datetime_operator.py
[2023-09-04T12:47:12.724+0000] {processor.py:836} INFO - DAG(s) dict_keys(['example_branch_datetime_operator_3', 'example_branch_datetime_operator_2', 'example_branch_datetime_operator']) retrieved from /home/airflow/.local/lib/python3.7/site-packages/airflow/example_dags/example_branch_datetime_operator.py
[2023-09-04T12:47:12.813+0000] {logging_mixin.py:150} INFO - [2023-09-04T12:47:12.812+0000] {dag.py:2742} INFO - Sync 3 DAGs
[2023-09-04T12:47:12.895+0000] {logging_mixin.py:150} INFO - [2023-09-04T12:47:12.894+0000] {dag.py:3508} INFO - Setting next_dagrun for example_branch_datetime_operator to 2023-09-03T00:00:00+00:00, run_after=2023-09-04T00:00:00+00:00
[2023-09-04T12:47:12.909+0000] {logging_mixin.py:150} INFO - [2023-09-04T12:47:12.909+0000] {dag.py:3508} INFO - Setting next_dagrun for example_branch_datetime_operator_2 to 2023-09-03T00:00:00+00:00, run_after=2023-09-04T00:00:00+00:00
[2023-09-04T12:47:12.917+0000] {logging_mixin.py:150} INFO - [2023-09-04T12:47:12.917+0000] {dag.py:3508} INFO - Setting next_dagrun for example_branch_datetime_operator_3 to 2023-09-03T00:00:00+00:00, run_after=2023-09-04T00:00:00+00:00
[2023-09-04T12:47:12.958+0000] {processor.py:179} INFO - Processing /home/airflow/.local/lib/python3.7/site-packages/airflow/example_dags/example_branch_datetime_operator.py took 0.298 seconds
[2023-09-04T12:47:43.269+0000] {processor.py:157} INFO - Started process (PID=925) to work on /home/airflow/.local/lib/python3.7/site-packages/airflow/example_dags/example_branch_datetime_operator.py
[2023-09-04T12:47:43.271+0000] {processor.py:826} INFO - Processing file /home/airflow/.local/lib/python3.7/site-packages/airflow/example_dags/example_branch_datetime_operator.py for tasks to queue
[2023-09-04T12:47:43.273+0000] {logging_mixin.py:150} INFO - [2023-09-04T12:47:43.273+0000] {dagbag.py:541} INFO - Filling up the DagBag from /home/airflow/.local/lib/python3.7/site-packages/airflow/example_dags/example_branch_datetime_operator.py
[2023-09-04T12:47:43.289+0000] {processor.py:836} INFO - DAG(s) dict_keys(['example_branch_datetime_operator_3', 'example_branch_datetime_operator', 'example_branch_datetime_operator_2']) retrieved from /home/airflow/.local/lib/python3.7/site-packages/airflow/example_dags/example_branch_datetime_operator.py
[2023-09-04T12:47:43.367+0000] {logging_mixin.py:150} INFO - [2023-09-04T12:47:43.366+0000] {dag.py:2742} INFO - Sync 3 DAGs
[2023-09-04T12:47:43.436+0000] {logging_mixin.py:150} INFO - [2023-09-04T12:47:43.436+0000] {dag.py:3508} INFO - Setting next_dagrun for example_branch_datetime_operator to 2023-09-03T00:00:00+00:00, run_after=2023-09-04T00:00:00+00:00
[2023-09-04T12:47:43.453+0000] {logging_mixin.py:150} INFO - [2023-09-04T12:47:43.452+0000] {dag.py:3508} INFO - Setting next_dagrun for example_branch_datetime_operator_2 to 2023-09-03T00:00:00+00:00, run_after=2023-09-04T00:00:00+00:00
[2023-09-04T12:47:43.460+0000] {logging_mixin.py:150} INFO - [2023-09-04T12:47:43.459+0000] {dag.py:3508} INFO - Setting next_dagrun for example_branch_datetime_operator_3 to 2023-09-03T00:00:00+00:00, run_after=2023-09-04T00:00:00+00:00
[2023-09-04T12:47:43.547+0000] {processor.py:179} INFO - Processing /home/airflow/.local/lib/python3.7/site-packages/airflow/example_dags/example_branch_datetime_operator.py took 0.286 seconds
[2023-09-04T12:48:14.597+0000] {processor.py:157} INFO - Started process (PID=985) to work on /home/airflow/.local/lib/python3.7/site-packages/airflow/example_dags/example_branch_datetime_operator.py
[2023-09-04T12:48:14.676+0000] {processor.py:826} INFO - Processing file /home/airflow/.local/lib/python3.7/site-packages/airflow/example_dags/example_branch_datetime_operator.py for tasks to queue
[2023-09-04T12:48:14.693+0000] {logging_mixin.py:150} INFO - [2023-09-04T12:48:14.692+0000] {dagbag.py:541} INFO - Filling up the DagBag from /home/airflow/.local/lib/python3.7/site-packages/airflow/example_dags/example_branch_datetime_operator.py
[2023-09-04T12:48:14.733+0000] {processor.py:836} INFO - DAG(s) dict_keys(['example_branch_datetime_operator', 'example_branch_datetime_operator_2', 'example_branch_datetime_operator_3']) retrieved from /home/airflow/.local/lib/python3.7/site-packages/airflow/example_dags/example_branch_datetime_operator.py
[2023-09-04T12:48:14.970+0000] {logging_mixin.py:150} INFO - [2023-09-04T12:48:14.970+0000] {dag.py:2742} INFO - Sync 3 DAGs
[2023-09-04T12:48:15.147+0000] {logging_mixin.py:150} INFO - [2023-09-04T12:48:15.145+0000] {dag.py:3508} INFO - Setting next_dagrun for example_branch_datetime_operator to 2023-09-03T00:00:00+00:00, run_after=2023-09-04T00:00:00+00:00
[2023-09-04T12:48:15.190+0000] {logging_mixin.py:150} INFO - [2023-09-04T12:48:15.189+0000] {dag.py:3508} INFO - Setting next_dagrun for example_branch_datetime_operator_2 to 2023-09-03T00:00:00+00:00, run_after=2023-09-04T00:00:00+00:00
[2023-09-04T12:48:15.211+0000] {logging_mixin.py:150} INFO - [2023-09-04T12:48:15.211+0000] {dag.py:3508} INFO - Setting next_dagrun for example_branch_datetime_operator_3 to 2023-09-03T00:00:00+00:00, run_after=2023-09-04T00:00:00+00:00
[2023-09-04T12:48:15.289+0000] {processor.py:179} INFO - Processing /home/airflow/.local/lib/python3.7/site-packages/airflow/example_dags/example_branch_datetime_operator.py took 0.713 seconds
[2023-09-04T12:48:46.566+0000] {processor.py:157} INFO - Started process (PID=1045) to work on /home/airflow/.local/lib/python3.7/site-packages/airflow/example_dags/example_branch_datetime_operator.py
[2023-09-04T12:48:46.586+0000] {processor.py:826} INFO - Processing file /home/airflow/.local/lib/python3.7/site-packages/airflow/example_dags/example_branch_datetime_operator.py for tasks to queue
[2023-09-04T12:48:46.602+0000] {logging_mixin.py:150} INFO - [2023-09-04T12:48:46.602+0000] {dagbag.py:541} INFO - Filling up the DagBag from /home/airflow/.local/lib/python3.7/site-packages/airflow/example_dags/example_branch_datetime_operator.py
[2023-09-04T12:48:46.681+0000] {processor.py:836} INFO - DAG(s) dict_keys(['example_branch_datetime_operator', 'example_branch_datetime_operator_3', 'example_branch_datetime_operator_2']) retrieved from /home/airflow/.local/lib/python3.7/site-packages/airflow/example_dags/example_branch_datetime_operator.py
[2023-09-04T12:48:46.952+0000] {logging_mixin.py:150} INFO - [2023-09-04T12:48:46.951+0000] {dag.py:2742} INFO - Sync 3 DAGs
[2023-09-04T12:48:47.171+0000] {logging_mixin.py:150} INFO - [2023-09-04T12:48:47.171+0000] {dag.py:3508} INFO - Setting next_dagrun for example_branch_datetime_operator to 2023-09-03T00:00:00+00:00, run_after=2023-09-04T00:00:00+00:00
[2023-09-04T12:48:47.246+0000] {logging_mixin.py:150} INFO - [2023-09-04T12:48:47.246+0000] {dag.py:3508} INFO - Setting next_dagrun for example_branch_datetime_operator_2 to 2023-09-03T00:00:00+00:00, run_after=2023-09-04T00:00:00+00:00
[2023-09-04T12:48:47.286+0000] {logging_mixin.py:150} INFO - [2023-09-04T12:48:47.286+0000] {dag.py:3508} INFO - Setting next_dagrun for example_branch_datetime_operator_3 to 2023-09-03T00:00:00+00:00, run_after=2023-09-04T00:00:00+00:00
[2023-09-04T12:48:47.438+0000] {processor.py:179} INFO - Processing /home/airflow/.local/lib/python3.7/site-packages/airflow/example_dags/example_branch_datetime_operator.py took 0.888 seconds
[2023-09-04T12:49:17.786+0000] {processor.py:157} INFO - Started process (PID=1104) to work on /home/airflow/.local/lib/python3.7/site-packages/airflow/example_dags/example_branch_datetime_operator.py
[2023-09-04T12:49:17.788+0000] {processor.py:826} INFO - Processing file /home/airflow/.local/lib/python3.7/site-packages/airflow/example_dags/example_branch_datetime_operator.py for tasks to queue
[2023-09-04T12:49:17.791+0000] {logging_mixin.py:150} INFO - [2023-09-04T12:49:17.790+0000] {dagbag.py:541} INFO - Filling up the DagBag from /home/airflow/.local/lib/python3.7/site-packages/airflow/example_dags/example_branch_datetime_operator.py
[2023-09-04T12:49:17.846+0000] {processor.py:836} INFO - DAG(s) dict_keys(['example_branch_datetime_operator_2', 'example_branch_datetime_operator_3', 'example_branch_datetime_operator']) retrieved from /home/airflow/.local/lib/python3.7/site-packages/airflow/example_dags/example_branch_datetime_operator.py
[2023-09-04T12:49:17.933+0000] {logging_mixin.py:150} INFO - [2023-09-04T12:49:17.932+0000] {dag.py:2742} INFO - Sync 3 DAGs
[2023-09-04T12:49:17.997+0000] {logging_mixin.py:150} INFO - [2023-09-04T12:49:17.996+0000] {dag.py:3508} INFO - Setting next_dagrun for example_branch_datetime_operator to 2023-09-03T00:00:00+00:00, run_after=2023-09-04T00:00:00+00:00
[2023-09-04T12:49:18.008+0000] {logging_mixin.py:150} INFO - [2023-09-04T12:49:18.008+0000] {dag.py:3508} INFO - Setting next_dagrun for example_branch_datetime_operator_2 to 2023-09-03T00:00:00+00:00, run_after=2023-09-04T00:00:00+00:00
[2023-09-04T12:49:18.021+0000] {logging_mixin.py:150} INFO - [2023-09-04T12:49:18.020+0000] {dag.py:3508} INFO - Setting next_dagrun for example_branch_datetime_operator_3 to 2023-09-03T00:00:00+00:00, run_after=2023-09-04T00:00:00+00:00
[2023-09-04T12:49:18.064+0000] {processor.py:179} INFO - Processing /home/airflow/.local/lib/python3.7/site-packages/airflow/example_dags/example_branch_datetime_operator.py took 0.295 seconds
[2023-09-04T12:51:23.695+0000] {processor.py:157} INFO - Started process (PID=72) to work on /home/airflow/.local/lib/python3.7/site-packages/airflow/example_dags/example_branch_datetime_operator.py
[2023-09-04T12:51:23.703+0000] {processor.py:826} INFO - Processing file /home/airflow/.local/lib/python3.7/site-packages/airflow/example_dags/example_branch_datetime_operator.py for tasks to queue
[2023-09-04T12:51:23.705+0000] {logging_mixin.py:150} INFO - [2023-09-04T12:51:23.705+0000] {dagbag.py:541} INFO - Filling up the DagBag from /home/airflow/.local/lib/python3.7/site-packages/airflow/example_dags/example_branch_datetime_operator.py
[2023-09-04T12:51:23.806+0000] {processor.py:836} INFO - DAG(s) dict_keys(['example_branch_datetime_operator', 'example_branch_datetime_operator_2', 'example_branch_datetime_operator_3']) retrieved from /home/airflow/.local/lib/python3.7/site-packages/airflow/example_dags/example_branch_datetime_operator.py
[2023-09-04T12:51:23.934+0000] {logging_mixin.py:150} INFO - [2023-09-04T12:51:23.933+0000] {dag.py:2742} INFO - Sync 3 DAGs
[2023-09-04T12:51:24.032+0000] {logging_mixin.py:150} INFO - [2023-09-04T12:51:24.032+0000] {dag.py:3508} INFO - Setting next_dagrun for example_branch_datetime_operator to 2023-09-03T00:00:00+00:00, run_after=2023-09-04T00:00:00+00:00
[2023-09-04T12:51:24.058+0000] {logging_mixin.py:150} INFO - [2023-09-04T12:51:24.058+0000] {dag.py:3508} INFO - Setting next_dagrun for example_branch_datetime_operator_2 to 2023-09-03T00:00:00+00:00, run_after=2023-09-04T00:00:00+00:00
[2023-09-04T12:51:24.080+0000] {logging_mixin.py:150} INFO - [2023-09-04T12:51:24.080+0000] {dag.py:3508} INFO - Setting next_dagrun for example_branch_datetime_operator_3 to 2023-09-03T00:00:00+00:00, run_after=2023-09-04T00:00:00+00:00
[2023-09-04T12:51:24.165+0000] {processor.py:179} INFO - Processing /home/airflow/.local/lib/python3.7/site-packages/airflow/example_dags/example_branch_datetime_operator.py took 0.490 seconds
[2023-09-04T12:51:55.062+0000] {processor.py:157} INFO - Started process (PID=130) to work on /home/airflow/.local/lib/python3.7/site-packages/airflow/example_dags/example_branch_datetime_operator.py
[2023-09-04T12:51:55.065+0000] {processor.py:826} INFO - Processing file /home/airflow/.local/lib/python3.7/site-packages/airflow/example_dags/example_branch_datetime_operator.py for tasks to queue
[2023-09-04T12:51:55.067+0000] {logging_mixin.py:150} INFO - [2023-09-04T12:51:55.067+0000] {dagbag.py:541} INFO - Filling up the DagBag from /home/airflow/.local/lib/python3.7/site-packages/airflow/example_dags/example_branch_datetime_operator.py
[2023-09-04T12:51:55.132+0000] {processor.py:836} INFO - DAG(s) dict_keys(['example_branch_datetime_operator', 'example_branch_datetime_operator_2', 'example_branch_datetime_operator_3']) retrieved from /home/airflow/.local/lib/python3.7/site-packages/airflow/example_dags/example_branch_datetime_operator.py
[2023-09-04T12:51:55.332+0000] {logging_mixin.py:150} INFO - [2023-09-04T12:51:55.332+0000] {dag.py:2742} INFO - Sync 3 DAGs
[2023-09-04T12:51:55.496+0000] {logging_mixin.py:150} INFO - [2023-09-04T12:51:55.495+0000] {dag.py:3508} INFO - Setting next_dagrun for example_branch_datetime_operator to 2023-09-03T00:00:00+00:00, run_after=2023-09-04T00:00:00+00:00
[2023-09-04T12:51:55.558+0000] {logging_mixin.py:150} INFO - [2023-09-04T12:51:55.558+0000] {dag.py:3508} INFO - Setting next_dagrun for example_branch_datetime_operator_2 to 2023-09-03T00:00:00+00:00, run_after=2023-09-04T00:00:00+00:00
[2023-09-04T12:51:55.594+0000] {logging_mixin.py:150} INFO - [2023-09-04T12:51:55.594+0000] {dag.py:3508} INFO - Setting next_dagrun for example_branch_datetime_operator_3 to 2023-09-03T00:00:00+00:00, run_after=2023-09-04T00:00:00+00:00
[2023-09-04T12:51:55.728+0000] {processor.py:179} INFO - Processing /home/airflow/.local/lib/python3.7/site-packages/airflow/example_dags/example_branch_datetime_operator.py took 0.676 seconds
[2023-09-04T12:52:26.399+0000] {processor.py:157} INFO - Started process (PID=189) to work on /home/airflow/.local/lib/python3.7/site-packages/airflow/example_dags/example_branch_datetime_operator.py
[2023-09-04T12:52:26.403+0000] {processor.py:826} INFO - Processing file /home/airflow/.local/lib/python3.7/site-packages/airflow/example_dags/example_branch_datetime_operator.py for tasks to queue
[2023-09-04T12:52:26.412+0000] {logging_mixin.py:150} INFO - [2023-09-04T12:52:26.409+0000] {dagbag.py:541} INFO - Filling up the DagBag from /home/airflow/.local/lib/python3.7/site-packages/airflow/example_dags/example_branch_datetime_operator.py
[2023-09-04T12:52:26.457+0000] {processor.py:836} INFO - DAG(s) dict_keys(['example_branch_datetime_operator', 'example_branch_datetime_operator_3', 'example_branch_datetime_operator_2']) retrieved from /home/airflow/.local/lib/python3.7/site-packages/airflow/example_dags/example_branch_datetime_operator.py
[2023-09-04T12:52:26.559+0000] {logging_mixin.py:150} INFO - [2023-09-04T12:52:26.559+0000] {dag.py:2742} INFO - Sync 3 DAGs
[2023-09-04T12:52:26.617+0000] {logging_mixin.py:150} INFO - [2023-09-04T12:52:26.617+0000] {dag.py:3508} INFO - Setting next_dagrun for example_branch_datetime_operator to 2023-09-03T00:00:00+00:00, run_after=2023-09-04T00:00:00+00:00
[2023-09-04T12:52:26.628+0000] {logging_mixin.py:150} INFO - [2023-09-04T12:52:26.628+0000] {dag.py:3508} INFO - Setting next_dagrun for example_branch_datetime_operator_2 to 2023-09-03T00:00:00+00:00, run_after=2023-09-04T00:00:00+00:00
[2023-09-04T12:52:26.636+0000] {logging_mixin.py:150} INFO - [2023-09-04T12:52:26.636+0000] {dag.py:3508} INFO - Setting next_dagrun for example_branch_datetime_operator_3 to 2023-09-03T00:00:00+00:00, run_after=2023-09-04T00:00:00+00:00
[2023-09-04T12:52:26.672+0000] {processor.py:179} INFO - Processing /home/airflow/.local/lib/python3.7/site-packages/airflow/example_dags/example_branch_datetime_operator.py took 0.298 seconds
[2023-09-04T12:52:57.626+0000] {processor.py:157} INFO - Started process (PID=248) to work on /home/airflow/.local/lib/python3.7/site-packages/airflow/example_dags/example_branch_datetime_operator.py
[2023-09-04T12:52:57.629+0000] {processor.py:826} INFO - Processing file /home/airflow/.local/lib/python3.7/site-packages/airflow/example_dags/example_branch_datetime_operator.py for tasks to queue
[2023-09-04T12:52:57.632+0000] {logging_mixin.py:150} INFO - [2023-09-04T12:52:57.631+0000] {dagbag.py:541} INFO - Filling up the DagBag from /home/airflow/.local/lib/python3.7/site-packages/airflow/example_dags/example_branch_datetime_operator.py
[2023-09-04T12:52:57.663+0000] {processor.py:836} INFO - DAG(s) dict_keys(['example_branch_datetime_operator_3', 'example_branch_datetime_operator', 'example_branch_datetime_operator_2']) retrieved from /home/airflow/.local/lib/python3.7/site-packages/airflow/example_dags/example_branch_datetime_operator.py
[2023-09-04T12:52:57.808+0000] {logging_mixin.py:150} INFO - [2023-09-04T12:52:57.808+0000] {dag.py:2742} INFO - Sync 3 DAGs
[2023-09-04T12:52:57.953+0000] {logging_mixin.py:150} INFO - [2023-09-04T12:52:57.953+0000] {dag.py:3508} INFO - Setting next_dagrun for example_branch_datetime_operator to 2023-09-03T00:00:00+00:00, run_after=2023-09-04T00:00:00+00:00
[2023-09-04T12:52:57.969+0000] {logging_mixin.py:150} INFO - [2023-09-04T12:52:57.969+0000] {dag.py:3508} INFO - Setting next_dagrun for example_branch_datetime_operator_2 to 2023-09-03T00:00:00+00:00, run_after=2023-09-04T00:00:00+00:00
[2023-09-04T12:52:57.979+0000] {logging_mixin.py:150} INFO - [2023-09-04T12:52:57.979+0000] {dag.py:3508} INFO - Setting next_dagrun for example_branch_datetime_operator_3 to 2023-09-03T00:00:00+00:00, run_after=2023-09-04T00:00:00+00:00
[2023-09-04T12:52:58.053+0000] {processor.py:179} INFO - Processing /home/airflow/.local/lib/python3.7/site-packages/airflow/example_dags/example_branch_datetime_operator.py took 0.436 seconds
[2023-09-04T12:53:28.335+0000] {processor.py:157} INFO - Started process (PID=308) to work on /home/airflow/.local/lib/python3.7/site-packages/airflow/example_dags/example_branch_datetime_operator.py
[2023-09-04T12:53:28.339+0000] {processor.py:826} INFO - Processing file /home/airflow/.local/lib/python3.7/site-packages/airflow/example_dags/example_branch_datetime_operator.py for tasks to queue
[2023-09-04T12:53:28.343+0000] {logging_mixin.py:150} INFO - [2023-09-04T12:53:28.342+0000] {dagbag.py:541} INFO - Filling up the DagBag from /home/airflow/.local/lib/python3.7/site-packages/airflow/example_dags/example_branch_datetime_operator.py
[2023-09-04T12:53:28.374+0000] {processor.py:836} INFO - DAG(s) dict_keys(['example_branch_datetime_operator', 'example_branch_datetime_operator_2', 'example_branch_datetime_operator_3']) retrieved from /home/airflow/.local/lib/python3.7/site-packages/airflow/example_dags/example_branch_datetime_operator.py
[2023-09-04T12:53:28.444+0000] {logging_mixin.py:150} INFO - [2023-09-04T12:53:28.444+0000] {dag.py:2742} INFO - Sync 3 DAGs
[2023-09-04T12:53:28.503+0000] {logging_mixin.py:150} INFO - [2023-09-04T12:53:28.503+0000] {dag.py:3508} INFO - Setting next_dagrun for example_branch_datetime_operator to 2023-09-03T00:00:00+00:00, run_after=2023-09-04T00:00:00+00:00
[2023-09-04T12:53:28.514+0000] {logging_mixin.py:150} INFO - [2023-09-04T12:53:28.514+0000] {dag.py:3508} INFO - Setting next_dagrun for example_branch_datetime_operator_2 to 2023-09-03T00:00:00+00:00, run_after=2023-09-04T00:00:00+00:00
[2023-09-04T12:53:28.520+0000] {logging_mixin.py:150} INFO - [2023-09-04T12:53:28.520+0000] {dag.py:3508} INFO - Setting next_dagrun for example_branch_datetime_operator_3 to 2023-09-03T00:00:00+00:00, run_after=2023-09-04T00:00:00+00:00
[2023-09-04T12:53:28.558+0000] {processor.py:179} INFO - Processing /home/airflow/.local/lib/python3.7/site-packages/airflow/example_dags/example_branch_datetime_operator.py took 0.241 seconds
[2023-09-04T12:53:59.378+0000] {processor.py:157} INFO - Started process (PID=367) to work on /home/airflow/.local/lib/python3.7/site-packages/airflow/example_dags/example_branch_datetime_operator.py
[2023-09-04T12:53:59.380+0000] {processor.py:826} INFO - Processing file /home/airflow/.local/lib/python3.7/site-packages/airflow/example_dags/example_branch_datetime_operator.py for tasks to queue
[2023-09-04T12:53:59.385+0000] {logging_mixin.py:150} INFO - [2023-09-04T12:53:59.383+0000] {dagbag.py:541} INFO - Filling up the DagBag from /home/airflow/.local/lib/python3.7/site-packages/airflow/example_dags/example_branch_datetime_operator.py
[2023-09-04T12:53:59.414+0000] {processor.py:836} INFO - DAG(s) dict_keys(['example_branch_datetime_operator', 'example_branch_datetime_operator_2', 'example_branch_datetime_operator_3']) retrieved from /home/airflow/.local/lib/python3.7/site-packages/airflow/example_dags/example_branch_datetime_operator.py
[2023-09-04T12:53:59.472+0000] {logging_mixin.py:150} INFO - [2023-09-04T12:53:59.472+0000] {dag.py:2742} INFO - Sync 3 DAGs
[2023-09-04T12:53:59.526+0000] {logging_mixin.py:150} INFO - [2023-09-04T12:53:59.526+0000] {dag.py:3508} INFO - Setting next_dagrun for example_branch_datetime_operator to 2023-09-03T00:00:00+00:00, run_after=2023-09-04T00:00:00+00:00
[2023-09-04T12:53:59.541+0000] {logging_mixin.py:150} INFO - [2023-09-04T12:53:59.541+0000] {dag.py:3508} INFO - Setting next_dagrun for example_branch_datetime_operator_2 to 2023-09-03T00:00:00+00:00, run_after=2023-09-04T00:00:00+00:00
[2023-09-04T12:53:59.547+0000] {logging_mixin.py:150} INFO - [2023-09-04T12:53:59.546+0000] {dag.py:3508} INFO - Setting next_dagrun for example_branch_datetime_operator_3 to 2023-09-03T00:00:00+00:00, run_after=2023-09-04T00:00:00+00:00
[2023-09-04T12:53:59.587+0000] {processor.py:179} INFO - Processing /home/airflow/.local/lib/python3.7/site-packages/airflow/example_dags/example_branch_datetime_operator.py took 0.217 seconds
[2023-09-04T12:54:29.824+0000] {processor.py:157} INFO - Started process (PID=425) to work on /home/airflow/.local/lib/python3.7/site-packages/airflow/example_dags/example_branch_datetime_operator.py
[2023-09-04T12:54:29.827+0000] {processor.py:826} INFO - Processing file /home/airflow/.local/lib/python3.7/site-packages/airflow/example_dags/example_branch_datetime_operator.py for tasks to queue
[2023-09-04T12:54:29.836+0000] {logging_mixin.py:150} INFO - [2023-09-04T12:54:29.835+0000] {dagbag.py:541} INFO - Filling up the DagBag from /home/airflow/.local/lib/python3.7/site-packages/airflow/example_dags/example_branch_datetime_operator.py
[2023-09-04T12:54:29.877+0000] {processor.py:836} INFO - DAG(s) dict_keys(['example_branch_datetime_operator', 'example_branch_datetime_operator_2', 'example_branch_datetime_operator_3']) retrieved from /home/airflow/.local/lib/python3.7/site-packages/airflow/example_dags/example_branch_datetime_operator.py
[2023-09-04T12:54:30.018+0000] {logging_mixin.py:150} INFO - [2023-09-04T12:54:30.017+0000] {dag.py:2742} INFO - Sync 3 DAGs
[2023-09-04T12:54:30.092+0000] {logging_mixin.py:150} INFO - [2023-09-04T12:54:30.091+0000] {dag.py:3508} INFO - Setting next_dagrun for example_branch_datetime_operator to 2023-09-03T00:00:00+00:00, run_after=2023-09-04T00:00:00+00:00
[2023-09-04T12:54:30.107+0000] {logging_mixin.py:150} INFO - [2023-09-04T12:54:30.107+0000] {dag.py:3508} INFO - Setting next_dagrun for example_branch_datetime_operator_2 to 2023-09-03T00:00:00+00:00, run_after=2023-09-04T00:00:00+00:00
[2023-09-04T12:54:30.113+0000] {logging_mixin.py:150} INFO - [2023-09-04T12:54:30.113+0000] {dag.py:3508} INFO - Setting next_dagrun for example_branch_datetime_operator_3 to 2023-09-03T00:00:00+00:00, run_after=2023-09-04T00:00:00+00:00
[2023-09-04T12:54:30.155+0000] {processor.py:179} INFO - Processing /home/airflow/.local/lib/python3.7/site-packages/airflow/example_dags/example_branch_datetime_operator.py took 0.351 seconds
[2023-09-04T12:55:00.640+0000] {processor.py:157} INFO - Started process (PID=484) to work on /home/airflow/.local/lib/python3.7/site-packages/airflow/example_dags/example_branch_datetime_operator.py
[2023-09-04T12:55:00.642+0000] {processor.py:826} INFO - Processing file /home/airflow/.local/lib/python3.7/site-packages/airflow/example_dags/example_branch_datetime_operator.py for tasks to queue
[2023-09-04T12:55:00.644+0000] {logging_mixin.py:150} INFO - [2023-09-04T12:55:00.644+0000] {dagbag.py:541} INFO - Filling up the DagBag from /home/airflow/.local/lib/python3.7/site-packages/airflow/example_dags/example_branch_datetime_operator.py
[2023-09-04T12:55:00.668+0000] {processor.py:836} INFO - DAG(s) dict_keys(['example_branch_datetime_operator_2', 'example_branch_datetime_operator_3', 'example_branch_datetime_operator']) retrieved from /home/airflow/.local/lib/python3.7/site-packages/airflow/example_dags/example_branch_datetime_operator.py
[2023-09-04T12:55:00.736+0000] {logging_mixin.py:150} INFO - [2023-09-04T12:55:00.736+0000] {dag.py:2742} INFO - Sync 3 DAGs
[2023-09-04T12:55:00.798+0000] {logging_mixin.py:150} INFO - [2023-09-04T12:55:00.798+0000] {dag.py:3508} INFO - Setting next_dagrun for example_branch_datetime_operator to 2023-09-03T00:00:00+00:00, run_after=2023-09-04T00:00:00+00:00
[2023-09-04T12:55:00.816+0000] {logging_mixin.py:150} INFO - [2023-09-04T12:55:00.816+0000] {dag.py:3508} INFO - Setting next_dagrun for example_branch_datetime_operator_2 to 2023-09-03T00:00:00+00:00, run_after=2023-09-04T00:00:00+00:00
[2023-09-04T12:55:00.822+0000] {logging_mixin.py:150} INFO - [2023-09-04T12:55:00.822+0000] {dag.py:3508} INFO - Setting next_dagrun for example_branch_datetime_operator_3 to 2023-09-03T00:00:00+00:00, run_after=2023-09-04T00:00:00+00:00
[2023-09-04T12:55:00.869+0000] {processor.py:179} INFO - Processing /home/airflow/.local/lib/python3.7/site-packages/airflow/example_dags/example_branch_datetime_operator.py took 0.236 seconds
[2023-09-04T12:55:31.521+0000] {processor.py:157} INFO - Started process (PID=543) to work on /home/airflow/.local/lib/python3.7/site-packages/airflow/example_dags/example_branch_datetime_operator.py
[2023-09-04T12:55:31.523+0000] {processor.py:826} INFO - Processing file /home/airflow/.local/lib/python3.7/site-packages/airflow/example_dags/example_branch_datetime_operator.py for tasks to queue
[2023-09-04T12:55:31.527+0000] {logging_mixin.py:150} INFO - [2023-09-04T12:55:31.526+0000] {dagbag.py:541} INFO - Filling up the DagBag from /home/airflow/.local/lib/python3.7/site-packages/airflow/example_dags/example_branch_datetime_operator.py
[2023-09-04T12:55:31.546+0000] {processor.py:836} INFO - DAG(s) dict_keys(['example_branch_datetime_operator', 'example_branch_datetime_operator_3', 'example_branch_datetime_operator_2']) retrieved from /home/airflow/.local/lib/python3.7/site-packages/airflow/example_dags/example_branch_datetime_operator.py
[2023-09-04T12:55:31.608+0000] {logging_mixin.py:150} INFO - [2023-09-04T12:55:31.607+0000] {dag.py:2742} INFO - Sync 3 DAGs
[2023-09-04T12:55:31.662+0000] {logging_mixin.py:150} INFO - [2023-09-04T12:55:31.662+0000] {dag.py:3508} INFO - Setting next_dagrun for example_branch_datetime_operator to 2023-09-03T00:00:00+00:00, run_after=2023-09-04T00:00:00+00:00
[2023-09-04T12:55:31.674+0000] {logging_mixin.py:150} INFO - [2023-09-04T12:55:31.674+0000] {dag.py:3508} INFO - Setting next_dagrun for example_branch_datetime_operator_2 to 2023-09-03T00:00:00+00:00, run_after=2023-09-04T00:00:00+00:00
[2023-09-04T12:55:31.681+0000] {logging_mixin.py:150} INFO - [2023-09-04T12:55:31.681+0000] {dag.py:3508} INFO - Setting next_dagrun for example_branch_datetime_operator_3 to 2023-09-03T00:00:00+00:00, run_after=2023-09-04T00:00:00+00:00
[2023-09-04T12:55:31.720+0000] {processor.py:179} INFO - Processing /home/airflow/.local/lib/python3.7/site-packages/airflow/example_dags/example_branch_datetime_operator.py took 0.209 seconds
[2023-09-04T12:56:02.015+0000] {processor.py:157} INFO - Started process (PID=603) to work on /home/airflow/.local/lib/python3.7/site-packages/airflow/example_dags/example_branch_datetime_operator.py
[2023-09-04T12:56:02.018+0000] {processor.py:826} INFO - Processing file /home/airflow/.local/lib/python3.7/site-packages/airflow/example_dags/example_branch_datetime_operator.py for tasks to queue
[2023-09-04T12:56:02.022+0000] {logging_mixin.py:150} INFO - [2023-09-04T12:56:02.021+0000] {dagbag.py:541} INFO - Filling up the DagBag from /home/airflow/.local/lib/python3.7/site-packages/airflow/example_dags/example_branch_datetime_operator.py
[2023-09-04T12:56:02.048+0000] {processor.py:836} INFO - DAG(s) dict_keys(['example_branch_datetime_operator_3', 'example_branch_datetime_operator', 'example_branch_datetime_operator_2']) retrieved from /home/airflow/.local/lib/python3.7/site-packages/airflow/example_dags/example_branch_datetime_operator.py
[2023-09-04T12:56:02.114+0000] {logging_mixin.py:150} INFO - [2023-09-04T12:56:02.114+0000] {dag.py:2742} INFO - Sync 3 DAGs
[2023-09-04T12:56:02.166+0000] {logging_mixin.py:150} INFO - [2023-09-04T12:56:02.166+0000] {dag.py:3508} INFO - Setting next_dagrun for example_branch_datetime_operator to 2023-09-03T00:00:00+00:00, run_after=2023-09-04T00:00:00+00:00
[2023-09-04T12:56:02.176+0000] {logging_mixin.py:150} INFO - [2023-09-04T12:56:02.176+0000] {dag.py:3508} INFO - Setting next_dagrun for example_branch_datetime_operator_2 to 2023-09-03T00:00:00+00:00, run_after=2023-09-04T00:00:00+00:00
[2023-09-04T12:56:02.181+0000] {logging_mixin.py:150} INFO - [2023-09-04T12:56:02.181+0000] {dag.py:3508} INFO - Setting next_dagrun for example_branch_datetime_operator_3 to 2023-09-03T00:00:00+00:00, run_after=2023-09-04T00:00:00+00:00
[2023-09-04T12:56:02.218+0000] {processor.py:179} INFO - Processing /home/airflow/.local/lib/python3.7/site-packages/airflow/example_dags/example_branch_datetime_operator.py took 0.212 seconds
[2023-09-04T12:56:32.863+0000] {processor.py:157} INFO - Started process (PID=662) to work on /home/airflow/.local/lib/python3.7/site-packages/airflow/example_dags/example_branch_datetime_operator.py
[2023-09-04T12:56:32.871+0000] {processor.py:826} INFO - Processing file /home/airflow/.local/lib/python3.7/site-packages/airflow/example_dags/example_branch_datetime_operator.py for tasks to queue
[2023-09-04T12:56:32.876+0000] {logging_mixin.py:150} INFO - [2023-09-04T12:56:32.875+0000] {dagbag.py:541} INFO - Filling up the DagBag from /home/airflow/.local/lib/python3.7/site-packages/airflow/example_dags/example_branch_datetime_operator.py
[2023-09-04T12:56:32.937+0000] {processor.py:836} INFO - DAG(s) dict_keys(['example_branch_datetime_operator_3', 'example_branch_datetime_operator_2', 'example_branch_datetime_operator']) retrieved from /home/airflow/.local/lib/python3.7/site-packages/airflow/example_dags/example_branch_datetime_operator.py
[2023-09-04T12:56:33.009+0000] {logging_mixin.py:150} INFO - [2023-09-04T12:56:33.008+0000] {dag.py:2742} INFO - Sync 3 DAGs
[2023-09-04T12:56:33.073+0000] {logging_mixin.py:150} INFO - [2023-09-04T12:56:33.072+0000] {dag.py:3508} INFO - Setting next_dagrun for example_branch_datetime_operator to 2023-09-03T00:00:00+00:00, run_after=2023-09-04T00:00:00+00:00
[2023-09-04T12:56:33.089+0000] {logging_mixin.py:150} INFO - [2023-09-04T12:56:33.088+0000] {dag.py:3508} INFO - Setting next_dagrun for example_branch_datetime_operator_2 to 2023-09-03T00:00:00+00:00, run_after=2023-09-04T00:00:00+00:00
[2023-09-04T12:56:33.094+0000] {logging_mixin.py:150} INFO - [2023-09-04T12:56:33.094+0000] {dag.py:3508} INFO - Setting next_dagrun for example_branch_datetime_operator_3 to 2023-09-03T00:00:00+00:00, run_after=2023-09-04T00:00:00+00:00
[2023-09-04T12:56:33.142+0000] {processor.py:179} INFO - Processing /home/airflow/.local/lib/python3.7/site-packages/airflow/example_dags/example_branch_datetime_operator.py took 0.298 seconds
[2023-09-04T12:57:03.589+0000] {processor.py:157} INFO - Started process (PID=721) to work on /home/airflow/.local/lib/python3.7/site-packages/airflow/example_dags/example_branch_datetime_operator.py
[2023-09-04T12:57:03.592+0000] {processor.py:826} INFO - Processing file /home/airflow/.local/lib/python3.7/site-packages/airflow/example_dags/example_branch_datetime_operator.py for tasks to queue
[2023-09-04T12:57:03.595+0000] {logging_mixin.py:150} INFO - [2023-09-04T12:57:03.594+0000] {dagbag.py:541} INFO - Filling up the DagBag from /home/airflow/.local/lib/python3.7/site-packages/airflow/example_dags/example_branch_datetime_operator.py
[2023-09-04T12:57:03.622+0000] {processor.py:836} INFO - DAG(s) dict_keys(['example_branch_datetime_operator', 'example_branch_datetime_operator_2', 'example_branch_datetime_operator_3']) retrieved from /home/airflow/.local/lib/python3.7/site-packages/airflow/example_dags/example_branch_datetime_operator.py
[2023-09-04T12:57:03.702+0000] {logging_mixin.py:150} INFO - [2023-09-04T12:57:03.702+0000] {dag.py:2742} INFO - Sync 3 DAGs
[2023-09-04T12:57:03.773+0000] {logging_mixin.py:150} INFO - [2023-09-04T12:57:03.772+0000] {dag.py:3508} INFO - Setting next_dagrun for example_branch_datetime_operator to 2023-09-03T00:00:00+00:00, run_after=2023-09-04T00:00:00+00:00
[2023-09-04T12:57:03.787+0000] {logging_mixin.py:150} INFO - [2023-09-04T12:57:03.786+0000] {dag.py:3508} INFO - Setting next_dagrun for example_branch_datetime_operator_2 to 2023-09-03T00:00:00+00:00, run_after=2023-09-04T00:00:00+00:00
[2023-09-04T12:57:03.795+0000] {logging_mixin.py:150} INFO - [2023-09-04T12:57:03.795+0000] {dag.py:3508} INFO - Setting next_dagrun for example_branch_datetime_operator_3 to 2023-09-03T00:00:00+00:00, run_after=2023-09-04T00:00:00+00:00
[2023-09-04T12:57:03.842+0000] {processor.py:179} INFO - Processing /home/airflow/.local/lib/python3.7/site-packages/airflow/example_dags/example_branch_datetime_operator.py took 0.263 seconds
[2023-09-04T12:57:34.393+0000] {processor.py:157} INFO - Started process (PID=779) to work on /home/airflow/.local/lib/python3.7/site-packages/airflow/example_dags/example_branch_datetime_operator.py
[2023-09-04T12:57:34.396+0000] {processor.py:826} INFO - Processing file /home/airflow/.local/lib/python3.7/site-packages/airflow/example_dags/example_branch_datetime_operator.py for tasks to queue
[2023-09-04T12:57:34.406+0000] {logging_mixin.py:150} INFO - [2023-09-04T12:57:34.405+0000] {dagbag.py:541} INFO - Filling up the DagBag from /home/airflow/.local/lib/python3.7/site-packages/airflow/example_dags/example_branch_datetime_operator.py
[2023-09-04T12:57:34.450+0000] {processor.py:836} INFO - DAG(s) dict_keys(['example_branch_datetime_operator_3', 'example_branch_datetime_operator_2', 'example_branch_datetime_operator']) retrieved from /home/airflow/.local/lib/python3.7/site-packages/airflow/example_dags/example_branch_datetime_operator.py
[2023-09-04T12:57:34.535+0000] {logging_mixin.py:150} INFO - [2023-09-04T12:57:34.535+0000] {dag.py:2742} INFO - Sync 3 DAGs
[2023-09-04T12:57:34.613+0000] {logging_mixin.py:150} INFO - [2023-09-04T12:57:34.613+0000] {dag.py:3508} INFO - Setting next_dagrun for example_branch_datetime_operator to 2023-09-03T00:00:00+00:00, run_after=2023-09-04T00:00:00+00:00
[2023-09-04T12:57:34.635+0000] {logging_mixin.py:150} INFO - [2023-09-04T12:57:34.635+0000] {dag.py:3508} INFO - Setting next_dagrun for example_branch_datetime_operator_2 to 2023-09-03T00:00:00+00:00, run_after=2023-09-04T00:00:00+00:00
[2023-09-04T12:57:34.644+0000] {logging_mixin.py:150} INFO - [2023-09-04T12:57:34.644+0000] {dag.py:3508} INFO - Setting next_dagrun for example_branch_datetime_operator_3 to 2023-09-03T00:00:00+00:00, run_after=2023-09-04T00:00:00+00:00
[2023-09-04T12:57:34.711+0000] {processor.py:179} INFO - Processing /home/airflow/.local/lib/python3.7/site-packages/airflow/example_dags/example_branch_datetime_operator.py took 0.325 seconds
[2023-09-04T12:58:04.846+0000] {processor.py:157} INFO - Started process (PID=838) to work on /home/airflow/.local/lib/python3.7/site-packages/airflow/example_dags/example_branch_datetime_operator.py
[2023-09-04T12:58:04.857+0000] {processor.py:826} INFO - Processing file /home/airflow/.local/lib/python3.7/site-packages/airflow/example_dags/example_branch_datetime_operator.py for tasks to queue
[2023-09-04T12:58:04.860+0000] {logging_mixin.py:150} INFO - [2023-09-04T12:58:04.859+0000] {dagbag.py:541} INFO - Filling up the DagBag from /home/airflow/.local/lib/python3.7/site-packages/airflow/example_dags/example_branch_datetime_operator.py
[2023-09-04T12:58:04.886+0000] {processor.py:836} INFO - DAG(s) dict_keys(['example_branch_datetime_operator_2', 'example_branch_datetime_operator', 'example_branch_datetime_operator_3']) retrieved from /home/airflow/.local/lib/python3.7/site-packages/airflow/example_dags/example_branch_datetime_operator.py
[2023-09-04T12:58:04.964+0000] {logging_mixin.py:150} INFO - [2023-09-04T12:58:04.964+0000] {dag.py:2742} INFO - Sync 3 DAGs
[2023-09-04T12:58:05.033+0000] {logging_mixin.py:150} INFO - [2023-09-04T12:58:05.032+0000] {dag.py:3508} INFO - Setting next_dagrun for example_branch_datetime_operator to 2023-09-03T00:00:00+00:00, run_after=2023-09-04T00:00:00+00:00
[2023-09-04T12:58:05.048+0000] {logging_mixin.py:150} INFO - [2023-09-04T12:58:05.047+0000] {dag.py:3508} INFO - Setting next_dagrun for example_branch_datetime_operator_2 to 2023-09-03T00:00:00+00:00, run_after=2023-09-04T00:00:00+00:00
[2023-09-04T12:58:05.058+0000] {logging_mixin.py:150} INFO - [2023-09-04T12:58:05.057+0000] {dag.py:3508} INFO - Setting next_dagrun for example_branch_datetime_operator_3 to 2023-09-03T00:00:00+00:00, run_after=2023-09-04T00:00:00+00:00
[2023-09-04T12:58:05.103+0000] {processor.py:179} INFO - Processing /home/airflow/.local/lib/python3.7/site-packages/airflow/example_dags/example_branch_datetime_operator.py took 0.274 seconds
[2023-09-04T12:58:35.904+0000] {processor.py:157} INFO - Started process (PID=897) to work on /home/airflow/.local/lib/python3.7/site-packages/airflow/example_dags/example_branch_datetime_operator.py
[2023-09-04T12:58:35.906+0000] {processor.py:826} INFO - Processing file /home/airflow/.local/lib/python3.7/site-packages/airflow/example_dags/example_branch_datetime_operator.py for tasks to queue
[2023-09-04T12:58:35.911+0000] {logging_mixin.py:150} INFO - [2023-09-04T12:58:35.911+0000] {dagbag.py:541} INFO - Filling up the DagBag from /home/airflow/.local/lib/python3.7/site-packages/airflow/example_dags/example_branch_datetime_operator.py
[2023-09-04T12:58:35.939+0000] {processor.py:836} INFO - DAG(s) dict_keys(['example_branch_datetime_operator', 'example_branch_datetime_operator_3', 'example_branch_datetime_operator_2']) retrieved from /home/airflow/.local/lib/python3.7/site-packages/airflow/example_dags/example_branch_datetime_operator.py
[2023-09-04T12:58:36.046+0000] {logging_mixin.py:150} INFO - [2023-09-04T12:58:36.045+0000] {dag.py:2742} INFO - Sync 3 DAGs
[2023-09-04T12:58:36.149+0000] {logging_mixin.py:150} INFO - [2023-09-04T12:58:36.148+0000] {dag.py:3508} INFO - Setting next_dagrun for example_branch_datetime_operator to 2023-09-03T00:00:00+00:00, run_after=2023-09-04T00:00:00+00:00
[2023-09-04T12:58:36.164+0000] {logging_mixin.py:150} INFO - [2023-09-04T12:58:36.163+0000] {dag.py:3508} INFO - Setting next_dagrun for example_branch_datetime_operator_2 to 2023-09-03T00:00:00+00:00, run_after=2023-09-04T00:00:00+00:00
[2023-09-04T12:58:36.175+0000] {logging_mixin.py:150} INFO - [2023-09-04T12:58:36.174+0000] {dag.py:3508} INFO - Setting next_dagrun for example_branch_datetime_operator_3 to 2023-09-03T00:00:00+00:00, run_after=2023-09-04T00:00:00+00:00
[2023-09-04T12:58:36.243+0000] {processor.py:179} INFO - Processing /home/airflow/.local/lib/python3.7/site-packages/airflow/example_dags/example_branch_datetime_operator.py took 0.346 seconds
