[2023-09-04T12:39:28.434+0000] {processor.py:157} INFO - Started process (PID=76) to work on /home/airflow/.local/lib/python3.7/site-packages/airflow/example_dags/example_time_delta_sensor_async.py
[2023-09-04T12:39:28.447+0000] {processor.py:826} INFO - Processing file /home/airflow/.local/lib/python3.7/site-packages/airflow/example_dags/example_time_delta_sensor_async.py for tasks to queue
[2023-09-04T12:39:28.452+0000] {logging_mixin.py:150} INFO - [2023-09-04T12:39:28.450+0000] {dagbag.py:541} INFO - Filling up the DagBag from /home/airflow/.local/lib/python3.7/site-packages/airflow/example_dags/example_time_delta_sensor_async.py
[2023-09-04T12:39:28.478+0000] {processor.py:836} INFO - DAG(s) dict_keys(['example_time_delta_sensor_async']) retrieved from /home/airflow/.local/lib/python3.7/site-packages/airflow/example_dags/example_time_delta_sensor_async.py
[2023-09-04T12:39:28.556+0000] {logging_mixin.py:150} INFO - [2023-09-04T12:39:28.556+0000] {dag.py:2742} INFO - Sync 1 DAGs
[2023-09-04T12:39:29.127+0000] {logging_mixin.py:150} INFO - [2023-09-04T12:39:29.126+0000] {dag.py:3508} INFO - Setting next_dagrun for example_time_delta_sensor_async to None, run_after=None
[2023-09-04T12:39:29.240+0000] {processor.py:179} INFO - Processing /home/airflow/.local/lib/python3.7/site-packages/airflow/example_dags/example_time_delta_sensor_async.py took 0.834 seconds
[2023-09-04T12:39:59.990+0000] {processor.py:157} INFO - Started process (PID=135) to work on /home/airflow/.local/lib/python3.7/site-packages/airflow/example_dags/example_time_delta_sensor_async.py
[2023-09-04T12:40:00.006+0000] {processor.py:826} INFO - Processing file /home/airflow/.local/lib/python3.7/site-packages/airflow/example_dags/example_time_delta_sensor_async.py for tasks to queue
[2023-09-04T12:40:00.012+0000] {logging_mixin.py:150} INFO - [2023-09-04T12:40:00.011+0000] {dagbag.py:541} INFO - Filling up the DagBag from /home/airflow/.local/lib/python3.7/site-packages/airflow/example_dags/example_time_delta_sensor_async.py
[2023-09-04T12:40:00.050+0000] {processor.py:836} INFO - DAG(s) dict_keys(['example_time_delta_sensor_async']) retrieved from /home/airflow/.local/lib/python3.7/site-packages/airflow/example_dags/example_time_delta_sensor_async.py
[2023-09-04T12:40:00.557+0000] {logging_mixin.py:150} INFO - [2023-09-04T12:40:00.556+0000] {dag.py:2742} INFO - Sync 1 DAGs
[2023-09-04T12:40:00.843+0000] {logging_mixin.py:150} INFO - [2023-09-04T12:40:00.832+0000] {dag.py:3508} INFO - Setting next_dagrun for example_time_delta_sensor_async to None, run_after=None
[2023-09-04T12:40:01.049+0000] {processor.py:179} INFO - Processing /home/airflow/.local/lib/python3.7/site-packages/airflow/example_dags/example_time_delta_sensor_async.py took 1.069 seconds
[2023-09-04T12:40:34.533+0000] {processor.py:157} INFO - Started process (PID=194) to work on /home/airflow/.local/lib/python3.7/site-packages/airflow/example_dags/example_time_delta_sensor_async.py
[2023-09-04T12:40:34.537+0000] {processor.py:826} INFO - Processing file /home/airflow/.local/lib/python3.7/site-packages/airflow/example_dags/example_time_delta_sensor_async.py for tasks to queue
[2023-09-04T12:40:34.573+0000] {logging_mixin.py:150} INFO - [2023-09-04T12:40:34.572+0000] {dagbag.py:541} INFO - Filling up the DagBag from /home/airflow/.local/lib/python3.7/site-packages/airflow/example_dags/example_time_delta_sensor_async.py
[2023-09-04T12:40:34.604+0000] {processor.py:836} INFO - DAG(s) dict_keys(['example_time_delta_sensor_async']) retrieved from /home/airflow/.local/lib/python3.7/site-packages/airflow/example_dags/example_time_delta_sensor_async.py
[2023-09-04T12:40:34.989+0000] {logging_mixin.py:150} INFO - [2023-09-04T12:40:34.989+0000] {dag.py:2742} INFO - Sync 1 DAGs
[2023-09-04T12:40:35.232+0000] {logging_mixin.py:150} INFO - [2023-09-04T12:40:35.231+0000] {dag.py:3508} INFO - Setting next_dagrun for example_time_delta_sensor_async to None, run_after=None
[2023-09-04T12:40:35.485+0000] {processor.py:179} INFO - Processing /home/airflow/.local/lib/python3.7/site-packages/airflow/example_dags/example_time_delta_sensor_async.py took 1.005 seconds
[2023-09-04T12:41:14.485+0000] {processor.py:157} INFO - Started process (PID=252) to work on /home/airflow/.local/lib/python3.7/site-packages/airflow/example_dags/example_time_delta_sensor_async.py
[2023-09-04T12:41:14.498+0000] {processor.py:826} INFO - Processing file /home/airflow/.local/lib/python3.7/site-packages/airflow/example_dags/example_time_delta_sensor_async.py for tasks to queue
[2023-09-04T12:41:14.502+0000] {logging_mixin.py:150} INFO - [2023-09-04T12:41:14.501+0000] {dagbag.py:541} INFO - Filling up the DagBag from /home/airflow/.local/lib/python3.7/site-packages/airflow/example_dags/example_time_delta_sensor_async.py
[2023-09-04T12:41:14.547+0000] {processor.py:836} INFO - DAG(s) dict_keys(['example_time_delta_sensor_async']) retrieved from /home/airflow/.local/lib/python3.7/site-packages/airflow/example_dags/example_time_delta_sensor_async.py
[2023-09-04T12:41:14.700+0000] {logging_mixin.py:150} INFO - [2023-09-04T12:41:14.699+0000] {dag.py:2742} INFO - Sync 1 DAGs
[2023-09-04T12:41:14.888+0000] {logging_mixin.py:150} INFO - [2023-09-04T12:41:14.888+0000] {dag.py:3508} INFO - Setting next_dagrun for example_time_delta_sensor_async to None, run_after=None
[2023-09-04T12:41:14.986+0000] {processor.py:179} INFO - Processing /home/airflow/.local/lib/python3.7/site-packages/airflow/example_dags/example_time_delta_sensor_async.py took 0.522 seconds
[2023-09-04T12:41:47.633+0000] {processor.py:157} INFO - Started process (PID=310) to work on /home/airflow/.local/lib/python3.7/site-packages/airflow/example_dags/example_time_delta_sensor_async.py
[2023-09-04T12:41:47.664+0000] {processor.py:826} INFO - Processing file /home/airflow/.local/lib/python3.7/site-packages/airflow/example_dags/example_time_delta_sensor_async.py for tasks to queue
[2023-09-04T12:41:47.694+0000] {logging_mixin.py:150} INFO - [2023-09-04T12:41:47.693+0000] {dagbag.py:541} INFO - Filling up the DagBag from /home/airflow/.local/lib/python3.7/site-packages/airflow/example_dags/example_time_delta_sensor_async.py
[2023-09-04T12:41:47.762+0000] {processor.py:836} INFO - DAG(s) dict_keys(['example_time_delta_sensor_async']) retrieved from /home/airflow/.local/lib/python3.7/site-packages/airflow/example_dags/example_time_delta_sensor_async.py
[2023-09-04T12:41:47.916+0000] {logging_mixin.py:150} INFO - [2023-09-04T12:41:47.916+0000] {dag.py:2742} INFO - Sync 1 DAGs
[2023-09-04T12:41:48.142+0000] {logging_mixin.py:150} INFO - [2023-09-04T12:41:48.141+0000] {dag.py:3508} INFO - Setting next_dagrun for example_time_delta_sensor_async to None, run_after=None
[2023-09-04T12:41:48.335+0000] {processor.py:179} INFO - Processing /home/airflow/.local/lib/python3.7/site-packages/airflow/example_dags/example_time_delta_sensor_async.py took 0.721 seconds
[2023-09-04T12:42:29.828+0000] {processor.py:157} INFO - Started process (PID=366) to work on /home/airflow/.local/lib/python3.7/site-packages/airflow/example_dags/example_time_delta_sensor_async.py
[2023-09-04T12:42:29.908+0000] {processor.py:826} INFO - Processing file /home/airflow/.local/lib/python3.7/site-packages/airflow/example_dags/example_time_delta_sensor_async.py for tasks to queue
[2023-09-04T12:42:29.954+0000] {logging_mixin.py:150} INFO - [2023-09-04T12:42:29.953+0000] {dagbag.py:541} INFO - Filling up the DagBag from /home/airflow/.local/lib/python3.7/site-packages/airflow/example_dags/example_time_delta_sensor_async.py
[2023-09-04T12:42:30.028+0000] {processor.py:836} INFO - DAG(s) dict_keys(['example_time_delta_sensor_async']) retrieved from /home/airflow/.local/lib/python3.7/site-packages/airflow/example_dags/example_time_delta_sensor_async.py
[2023-09-04T12:42:30.182+0000] {logging_mixin.py:150} INFO - [2023-09-04T12:42:30.182+0000] {dag.py:2742} INFO - Sync 1 DAGs
[2023-09-04T12:42:30.383+0000] {logging_mixin.py:150} INFO - [2023-09-04T12:42:30.383+0000] {dag.py:3508} INFO - Setting next_dagrun for example_time_delta_sensor_async to None, run_after=None
[2023-09-04T12:42:30.523+0000] {processor.py:179} INFO - Processing /home/airflow/.local/lib/python3.7/site-packages/airflow/example_dags/example_time_delta_sensor_async.py took 0.702 seconds
[2023-09-04T12:43:05.115+0000] {processor.py:157} INFO - Started process (PID=426) to work on /home/airflow/.local/lib/python3.7/site-packages/airflow/example_dags/example_time_delta_sensor_async.py
[2023-09-04T12:43:05.132+0000] {processor.py:826} INFO - Processing file /home/airflow/.local/lib/python3.7/site-packages/airflow/example_dags/example_time_delta_sensor_async.py for tasks to queue
[2023-09-04T12:43:05.135+0000] {logging_mixin.py:150} INFO - [2023-09-04T12:43:05.134+0000] {dagbag.py:541} INFO - Filling up the DagBag from /home/airflow/.local/lib/python3.7/site-packages/airflow/example_dags/example_time_delta_sensor_async.py
[2023-09-04T12:43:05.163+0000] {processor.py:836} INFO - DAG(s) dict_keys(['example_time_delta_sensor_async']) retrieved from /home/airflow/.local/lib/python3.7/site-packages/airflow/example_dags/example_time_delta_sensor_async.py
[2023-09-04T12:43:05.303+0000] {logging_mixin.py:150} INFO - [2023-09-04T12:43:05.303+0000] {dag.py:2742} INFO - Sync 1 DAGs
[2023-09-04T12:43:05.501+0000] {logging_mixin.py:150} INFO - [2023-09-04T12:43:05.500+0000] {dag.py:3508} INFO - Setting next_dagrun for example_time_delta_sensor_async to None, run_after=None
[2023-09-04T12:43:05.658+0000] {processor.py:179} INFO - Processing /home/airflow/.local/lib/python3.7/site-packages/airflow/example_dags/example_time_delta_sensor_async.py took 0.551 seconds
[2023-09-04T12:43:38.231+0000] {processor.py:157} INFO - Started process (PID=485) to work on /home/airflow/.local/lib/python3.7/site-packages/airflow/example_dags/example_time_delta_sensor_async.py
[2023-09-04T12:43:38.243+0000] {processor.py:826} INFO - Processing file /home/airflow/.local/lib/python3.7/site-packages/airflow/example_dags/example_time_delta_sensor_async.py for tasks to queue
[2023-09-04T12:43:38.276+0000] {logging_mixin.py:150} INFO - [2023-09-04T12:43:38.275+0000] {dagbag.py:541} INFO - Filling up the DagBag from /home/airflow/.local/lib/python3.7/site-packages/airflow/example_dags/example_time_delta_sensor_async.py
[2023-09-04T12:43:38.320+0000] {processor.py:836} INFO - DAG(s) dict_keys(['example_time_delta_sensor_async']) retrieved from /home/airflow/.local/lib/python3.7/site-packages/airflow/example_dags/example_time_delta_sensor_async.py
[2023-09-04T12:43:38.457+0000] {logging_mixin.py:150} INFO - [2023-09-04T12:43:38.456+0000] {dag.py:2742} INFO - Sync 1 DAGs
[2023-09-04T12:43:38.659+0000] {logging_mixin.py:150} INFO - [2023-09-04T12:43:38.659+0000] {dag.py:3508} INFO - Setting next_dagrun for example_time_delta_sensor_async to None, run_after=None
[2023-09-04T12:43:38.810+0000] {processor.py:179} INFO - Processing /home/airflow/.local/lib/python3.7/site-packages/airflow/example_dags/example_time_delta_sensor_async.py took 0.598 seconds
[2023-09-04T12:44:14.424+0000] {processor.py:157} INFO - Started process (PID=543) to work on /home/airflow/.local/lib/python3.7/site-packages/airflow/example_dags/example_time_delta_sensor_async.py
[2023-09-04T12:44:14.431+0000] {processor.py:826} INFO - Processing file /home/airflow/.local/lib/python3.7/site-packages/airflow/example_dags/example_time_delta_sensor_async.py for tasks to queue
[2023-09-04T12:44:14.434+0000] {logging_mixin.py:150} INFO - [2023-09-04T12:44:14.434+0000] {dagbag.py:541} INFO - Filling up the DagBag from /home/airflow/.local/lib/python3.7/site-packages/airflow/example_dags/example_time_delta_sensor_async.py
[2023-09-04T12:44:14.542+0000] {processor.py:836} INFO - DAG(s) dict_keys(['example_time_delta_sensor_async']) retrieved from /home/airflow/.local/lib/python3.7/site-packages/airflow/example_dags/example_time_delta_sensor_async.py
[2023-09-04T12:44:14.754+0000] {logging_mixin.py:150} INFO - [2023-09-04T12:44:14.754+0000] {dag.py:2742} INFO - Sync 1 DAGs
[2023-09-04T12:44:14.951+0000] {logging_mixin.py:150} INFO - [2023-09-04T12:44:14.951+0000] {dag.py:3508} INFO - Setting next_dagrun for example_time_delta_sensor_async to None, run_after=None
[2023-09-04T12:44:15.127+0000] {processor.py:179} INFO - Processing /home/airflow/.local/lib/python3.7/site-packages/airflow/example_dags/example_time_delta_sensor_async.py took 0.728 seconds
[2023-09-04T12:44:53.652+0000] {processor.py:157} INFO - Started process (PID=602) to work on /home/airflow/.local/lib/python3.7/site-packages/airflow/example_dags/example_time_delta_sensor_async.py
[2023-09-04T12:44:53.662+0000] {processor.py:826} INFO - Processing file /home/airflow/.local/lib/python3.7/site-packages/airflow/example_dags/example_time_delta_sensor_async.py for tasks to queue
[2023-09-04T12:44:53.691+0000] {logging_mixin.py:150} INFO - [2023-09-04T12:44:53.674+0000] {dagbag.py:541} INFO - Filling up the DagBag from /home/airflow/.local/lib/python3.7/site-packages/airflow/example_dags/example_time_delta_sensor_async.py
[2023-09-04T12:44:53.768+0000] {processor.py:836} INFO - DAG(s) dict_keys(['example_time_delta_sensor_async']) retrieved from /home/airflow/.local/lib/python3.7/site-packages/airflow/example_dags/example_time_delta_sensor_async.py
[2023-09-04T12:44:54.027+0000] {logging_mixin.py:150} INFO - [2023-09-04T12:44:54.027+0000] {dag.py:2742} INFO - Sync 1 DAGs
[2023-09-04T12:44:54.575+0000] {logging_mixin.py:150} INFO - [2023-09-04T12:44:54.575+0000] {dag.py:3508} INFO - Setting next_dagrun for example_time_delta_sensor_async to None, run_after=None
[2023-09-04T12:44:54.905+0000] {processor.py:179} INFO - Processing /home/airflow/.local/lib/python3.7/site-packages/airflow/example_dags/example_time_delta_sensor_async.py took 1.299 seconds
[2023-09-04T12:45:25.274+0000] {processor.py:157} INFO - Started process (PID=661) to work on /home/airflow/.local/lib/python3.7/site-packages/airflow/example_dags/example_time_delta_sensor_async.py
[2023-09-04T12:45:25.276+0000] {processor.py:826} INFO - Processing file /home/airflow/.local/lib/python3.7/site-packages/airflow/example_dags/example_time_delta_sensor_async.py for tasks to queue
[2023-09-04T12:45:25.279+0000] {logging_mixin.py:150} INFO - [2023-09-04T12:45:25.279+0000] {dagbag.py:541} INFO - Filling up the DagBag from /home/airflow/.local/lib/python3.7/site-packages/airflow/example_dags/example_time_delta_sensor_async.py
[2023-09-04T12:45:25.303+0000] {processor.py:836} INFO - DAG(s) dict_keys(['example_time_delta_sensor_async']) retrieved from /home/airflow/.local/lib/python3.7/site-packages/airflow/example_dags/example_time_delta_sensor_async.py
[2023-09-04T12:45:25.417+0000] {logging_mixin.py:150} INFO - [2023-09-04T12:45:25.416+0000] {dag.py:2742} INFO - Sync 1 DAGs
[2023-09-04T12:45:25.506+0000] {logging_mixin.py:150} INFO - [2023-09-04T12:45:25.505+0000] {dag.py:3508} INFO - Setting next_dagrun for example_time_delta_sensor_async to None, run_after=None
[2023-09-04T12:45:25.581+0000] {processor.py:179} INFO - Processing /home/airflow/.local/lib/python3.7/site-packages/airflow/example_dags/example_time_delta_sensor_async.py took 0.316 seconds
[2023-09-04T12:45:55.909+0000] {processor.py:157} INFO - Started process (PID=721) to work on /home/airflow/.local/lib/python3.7/site-packages/airflow/example_dags/example_time_delta_sensor_async.py
[2023-09-04T12:45:55.915+0000] {processor.py:826} INFO - Processing file /home/airflow/.local/lib/python3.7/site-packages/airflow/example_dags/example_time_delta_sensor_async.py for tasks to queue
[2023-09-04T12:45:55.920+0000] {logging_mixin.py:150} INFO - [2023-09-04T12:45:55.919+0000] {dagbag.py:541} INFO - Filling up the DagBag from /home/airflow/.local/lib/python3.7/site-packages/airflow/example_dags/example_time_delta_sensor_async.py
[2023-09-04T12:45:55.943+0000] {processor.py:836} INFO - DAG(s) dict_keys(['example_time_delta_sensor_async']) retrieved from /home/airflow/.local/lib/python3.7/site-packages/airflow/example_dags/example_time_delta_sensor_async.py
[2023-09-04T12:45:56.070+0000] {logging_mixin.py:150} INFO - [2023-09-04T12:45:56.070+0000] {dag.py:2742} INFO - Sync 1 DAGs
[2023-09-04T12:45:56.186+0000] {logging_mixin.py:150} INFO - [2023-09-04T12:45:56.185+0000] {dag.py:3508} INFO - Setting next_dagrun for example_time_delta_sensor_async to None, run_after=None
[2023-09-04T12:45:56.230+0000] {processor.py:179} INFO - Processing /home/airflow/.local/lib/python3.7/site-packages/airflow/example_dags/example_time_delta_sensor_async.py took 0.336 seconds
[2023-09-04T12:46:26.840+0000] {processor.py:157} INFO - Started process (PID=781) to work on /home/airflow/.local/lib/python3.7/site-packages/airflow/example_dags/example_time_delta_sensor_async.py
[2023-09-04T12:46:26.842+0000] {processor.py:826} INFO - Processing file /home/airflow/.local/lib/python3.7/site-packages/airflow/example_dags/example_time_delta_sensor_async.py for tasks to queue
[2023-09-04T12:46:26.844+0000] {logging_mixin.py:150} INFO - [2023-09-04T12:46:26.844+0000] {dagbag.py:541} INFO - Filling up the DagBag from /home/airflow/.local/lib/python3.7/site-packages/airflow/example_dags/example_time_delta_sensor_async.py
[2023-09-04T12:46:26.854+0000] {processor.py:836} INFO - DAG(s) dict_keys(['example_time_delta_sensor_async']) retrieved from /home/airflow/.local/lib/python3.7/site-packages/airflow/example_dags/example_time_delta_sensor_async.py
[2023-09-04T12:46:26.909+0000] {logging_mixin.py:150} INFO - [2023-09-04T12:46:26.909+0000] {dag.py:2742} INFO - Sync 1 DAGs
[2023-09-04T12:46:26.970+0000] {logging_mixin.py:150} INFO - [2023-09-04T12:46:26.969+0000] {dag.py:3508} INFO - Setting next_dagrun for example_time_delta_sensor_async to None, run_after=None
[2023-09-04T12:46:27.032+0000] {processor.py:179} INFO - Processing /home/airflow/.local/lib/python3.7/site-packages/airflow/example_dags/example_time_delta_sensor_async.py took 0.199 seconds
[2023-09-04T12:46:58.000+0000] {processor.py:157} INFO - Started process (PID=840) to work on /home/airflow/.local/lib/python3.7/site-packages/airflow/example_dags/example_time_delta_sensor_async.py
[2023-09-04T12:46:58.012+0000] {processor.py:826} INFO - Processing file /home/airflow/.local/lib/python3.7/site-packages/airflow/example_dags/example_time_delta_sensor_async.py for tasks to queue
[2023-09-04T12:46:58.014+0000] {logging_mixin.py:150} INFO - [2023-09-04T12:46:58.014+0000] {dagbag.py:541} INFO - Filling up the DagBag from /home/airflow/.local/lib/python3.7/site-packages/airflow/example_dags/example_time_delta_sensor_async.py
[2023-09-04T12:46:58.033+0000] {processor.py:836} INFO - DAG(s) dict_keys(['example_time_delta_sensor_async']) retrieved from /home/airflow/.local/lib/python3.7/site-packages/airflow/example_dags/example_time_delta_sensor_async.py
[2023-09-04T12:46:58.084+0000] {logging_mixin.py:150} INFO - [2023-09-04T12:46:58.084+0000] {dag.py:2742} INFO - Sync 1 DAGs
[2023-09-04T12:46:58.138+0000] {logging_mixin.py:150} INFO - [2023-09-04T12:46:58.138+0000] {dag.py:3508} INFO - Setting next_dagrun for example_time_delta_sensor_async to None, run_after=None
[2023-09-04T12:46:58.195+0000] {processor.py:179} INFO - Processing /home/airflow/.local/lib/python3.7/site-packages/airflow/example_dags/example_time_delta_sensor_async.py took 0.221 seconds
[2023-09-04T12:47:29.126+0000] {processor.py:157} INFO - Started process (PID=899) to work on /home/airflow/.local/lib/python3.7/site-packages/airflow/example_dags/example_time_delta_sensor_async.py
[2023-09-04T12:47:29.131+0000] {processor.py:826} INFO - Processing file /home/airflow/.local/lib/python3.7/site-packages/airflow/example_dags/example_time_delta_sensor_async.py for tasks to queue
[2023-09-04T12:47:29.134+0000] {logging_mixin.py:150} INFO - [2023-09-04T12:47:29.133+0000] {dagbag.py:541} INFO - Filling up the DagBag from /home/airflow/.local/lib/python3.7/site-packages/airflow/example_dags/example_time_delta_sensor_async.py
[2023-09-04T12:47:29.142+0000] {processor.py:836} INFO - DAG(s) dict_keys(['example_time_delta_sensor_async']) retrieved from /home/airflow/.local/lib/python3.7/site-packages/airflow/example_dags/example_time_delta_sensor_async.py
[2023-09-04T12:47:29.189+0000] {logging_mixin.py:150} INFO - [2023-09-04T12:47:29.189+0000] {dag.py:2742} INFO - Sync 1 DAGs
[2023-09-04T12:47:29.236+0000] {logging_mixin.py:150} INFO - [2023-09-04T12:47:29.235+0000] {dag.py:3508} INFO - Setting next_dagrun for example_time_delta_sensor_async to None, run_after=None
[2023-09-04T12:47:29.274+0000] {processor.py:179} INFO - Processing /home/airflow/.local/lib/python3.7/site-packages/airflow/example_dags/example_time_delta_sensor_async.py took 0.157 seconds
[2023-09-04T12:47:59.454+0000] {processor.py:157} INFO - Started process (PID=959) to work on /home/airflow/.local/lib/python3.7/site-packages/airflow/example_dags/example_time_delta_sensor_async.py
[2023-09-04T12:47:59.459+0000] {processor.py:826} INFO - Processing file /home/airflow/.local/lib/python3.7/site-packages/airflow/example_dags/example_time_delta_sensor_async.py for tasks to queue
[2023-09-04T12:47:59.463+0000] {logging_mixin.py:150} INFO - [2023-09-04T12:47:59.462+0000] {dagbag.py:541} INFO - Filling up the DagBag from /home/airflow/.local/lib/python3.7/site-packages/airflow/example_dags/example_time_delta_sensor_async.py
[2023-09-04T12:47:59.473+0000] {processor.py:836} INFO - DAG(s) dict_keys(['example_time_delta_sensor_async']) retrieved from /home/airflow/.local/lib/python3.7/site-packages/airflow/example_dags/example_time_delta_sensor_async.py
[2023-09-04T12:47:59.532+0000] {logging_mixin.py:150} INFO - [2023-09-04T12:47:59.532+0000] {dag.py:2742} INFO - Sync 1 DAGs
[2023-09-04T12:47:59.611+0000] {logging_mixin.py:150} INFO - [2023-09-04T12:47:59.611+0000] {dag.py:3508} INFO - Setting next_dagrun for example_time_delta_sensor_async to None, run_after=None
[2023-09-04T12:47:59.674+0000] {processor.py:179} INFO - Processing /home/airflow/.local/lib/python3.7/site-packages/airflow/example_dags/example_time_delta_sensor_async.py took 0.227 seconds
[2023-09-04T12:48:30.155+0000] {processor.py:157} INFO - Started process (PID=1019) to work on /home/airflow/.local/lib/python3.7/site-packages/airflow/example_dags/example_time_delta_sensor_async.py
[2023-09-04T12:48:30.157+0000] {processor.py:826} INFO - Processing file /home/airflow/.local/lib/python3.7/site-packages/airflow/example_dags/example_time_delta_sensor_async.py for tasks to queue
[2023-09-04T12:48:30.159+0000] {logging_mixin.py:150} INFO - [2023-09-04T12:48:30.159+0000] {dagbag.py:541} INFO - Filling up the DagBag from /home/airflow/.local/lib/python3.7/site-packages/airflow/example_dags/example_time_delta_sensor_async.py
[2023-09-04T12:48:30.173+0000] {processor.py:836} INFO - DAG(s) dict_keys(['example_time_delta_sensor_async']) retrieved from /home/airflow/.local/lib/python3.7/site-packages/airflow/example_dags/example_time_delta_sensor_async.py
[2023-09-04T12:48:30.235+0000] {logging_mixin.py:150} INFO - [2023-09-04T12:48:30.234+0000] {dag.py:2742} INFO - Sync 1 DAGs
[2023-09-04T12:48:30.310+0000] {logging_mixin.py:150} INFO - [2023-09-04T12:48:30.310+0000] {dag.py:3508} INFO - Setting next_dagrun for example_time_delta_sensor_async to None, run_after=None
[2023-09-04T12:48:30.384+0000] {processor.py:179} INFO - Processing /home/airflow/.local/lib/python3.7/site-packages/airflow/example_dags/example_time_delta_sensor_async.py took 0.239 seconds
[2023-09-04T12:49:00.504+0000] {processor.py:157} INFO - Started process (PID=1078) to work on /home/airflow/.local/lib/python3.7/site-packages/airflow/example_dags/example_time_delta_sensor_async.py
[2023-09-04T12:49:00.510+0000] {processor.py:826} INFO - Processing file /home/airflow/.local/lib/python3.7/site-packages/airflow/example_dags/example_time_delta_sensor_async.py for tasks to queue
[2023-09-04T12:49:00.515+0000] {logging_mixin.py:150} INFO - [2023-09-04T12:49:00.514+0000] {dagbag.py:541} INFO - Filling up the DagBag from /home/airflow/.local/lib/python3.7/site-packages/airflow/example_dags/example_time_delta_sensor_async.py
[2023-09-04T12:49:00.526+0000] {processor.py:836} INFO - DAG(s) dict_keys(['example_time_delta_sensor_async']) retrieved from /home/airflow/.local/lib/python3.7/site-packages/airflow/example_dags/example_time_delta_sensor_async.py
[2023-09-04T12:49:00.666+0000] {logging_mixin.py:150} INFO - [2023-09-04T12:49:00.666+0000] {dag.py:2742} INFO - Sync 1 DAGs
[2023-09-04T12:49:00.736+0000] {logging_mixin.py:150} INFO - [2023-09-04T12:49:00.735+0000] {dag.py:3508} INFO - Setting next_dagrun for example_time_delta_sensor_async to None, run_after=None
[2023-09-04T12:49:00.789+0000] {processor.py:179} INFO - Processing /home/airflow/.local/lib/python3.7/site-packages/airflow/example_dags/example_time_delta_sensor_async.py took 0.294 seconds
[2023-09-04T12:49:31.078+0000] {processor.py:157} INFO - Started process (PID=1133) to work on /home/airflow/.local/lib/python3.7/site-packages/airflow/example_dags/example_time_delta_sensor_async.py
[2023-09-04T12:49:31.080+0000] {processor.py:826} INFO - Processing file /home/airflow/.local/lib/python3.7/site-packages/airflow/example_dags/example_time_delta_sensor_async.py for tasks to queue
[2023-09-04T12:49:31.081+0000] {logging_mixin.py:150} INFO - [2023-09-04T12:49:31.081+0000] {dagbag.py:541} INFO - Filling up the DagBag from /home/airflow/.local/lib/python3.7/site-packages/airflow/example_dags/example_time_delta_sensor_async.py
[2023-09-04T12:49:31.092+0000] {processor.py:836} INFO - DAG(s) dict_keys(['example_time_delta_sensor_async']) retrieved from /home/airflow/.local/lib/python3.7/site-packages/airflow/example_dags/example_time_delta_sensor_async.py
[2023-09-04T12:49:31.136+0000] {logging_mixin.py:150} INFO - [2023-09-04T12:49:31.135+0000] {dag.py:2742} INFO - Sync 1 DAGs
[2023-09-04T12:49:31.193+0000] {logging_mixin.py:150} INFO - [2023-09-04T12:49:31.193+0000] {dag.py:3508} INFO - Setting next_dagrun for example_time_delta_sensor_async to None, run_after=None
[2023-09-04T12:49:31.239+0000] {processor.py:179} INFO - Processing /home/airflow/.local/lib/python3.7/site-packages/airflow/example_dags/example_time_delta_sensor_async.py took 0.167 seconds
[2023-09-04T12:51:17.741+0000] {processor.py:157} INFO - Started process (PID=60) to work on /home/airflow/.local/lib/python3.7/site-packages/airflow/example_dags/example_time_delta_sensor_async.py
[2023-09-04T12:51:17.753+0000] {processor.py:826} INFO - Processing file /home/airflow/.local/lib/python3.7/site-packages/airflow/example_dags/example_time_delta_sensor_async.py for tasks to queue
[2023-09-04T12:51:17.755+0000] {logging_mixin.py:150} INFO - [2023-09-04T12:51:17.754+0000] {dagbag.py:541} INFO - Filling up the DagBag from /home/airflow/.local/lib/python3.7/site-packages/airflow/example_dags/example_time_delta_sensor_async.py
[2023-09-04T12:51:17.783+0000] {processor.py:836} INFO - DAG(s) dict_keys(['example_time_delta_sensor_async']) retrieved from /home/airflow/.local/lib/python3.7/site-packages/airflow/example_dags/example_time_delta_sensor_async.py
[2023-09-04T12:51:17.860+0000] {logging_mixin.py:150} INFO - [2023-09-04T12:51:17.859+0000] {dag.py:2742} INFO - Sync 1 DAGs
[2023-09-04T12:51:17.963+0000] {logging_mixin.py:150} INFO - [2023-09-04T12:51:17.963+0000] {dag.py:3508} INFO - Setting next_dagrun for example_time_delta_sensor_async to None, run_after=None
[2023-09-04T12:51:18.113+0000] {processor.py:179} INFO - Processing /home/airflow/.local/lib/python3.7/site-packages/airflow/example_dags/example_time_delta_sensor_async.py took 0.387 seconds
[2023-09-04T12:51:48.568+0000] {processor.py:157} INFO - Started process (PID=118) to work on /home/airflow/.local/lib/python3.7/site-packages/airflow/example_dags/example_time_delta_sensor_async.py
[2023-09-04T12:51:48.570+0000] {processor.py:826} INFO - Processing file /home/airflow/.local/lib/python3.7/site-packages/airflow/example_dags/example_time_delta_sensor_async.py for tasks to queue
[2023-09-04T12:51:48.572+0000] {logging_mixin.py:150} INFO - [2023-09-04T12:51:48.572+0000] {dagbag.py:541} INFO - Filling up the DagBag from /home/airflow/.local/lib/python3.7/site-packages/airflow/example_dags/example_time_delta_sensor_async.py
[2023-09-04T12:51:48.581+0000] {processor.py:836} INFO - DAG(s) dict_keys(['example_time_delta_sensor_async']) retrieved from /home/airflow/.local/lib/python3.7/site-packages/airflow/example_dags/example_time_delta_sensor_async.py
[2023-09-04T12:51:48.624+0000] {logging_mixin.py:150} INFO - [2023-09-04T12:51:48.623+0000] {dag.py:2742} INFO - Sync 1 DAGs
[2023-09-04T12:51:48.684+0000] {logging_mixin.py:150} INFO - [2023-09-04T12:51:48.683+0000] {dag.py:3508} INFO - Setting next_dagrun for example_time_delta_sensor_async to None, run_after=None
[2023-09-04T12:51:48.727+0000] {processor.py:179} INFO - Processing /home/airflow/.local/lib/python3.7/site-packages/airflow/example_dags/example_time_delta_sensor_async.py took 0.166 seconds
[2023-09-04T12:52:19.315+0000] {processor.py:157} INFO - Started process (PID=177) to work on /home/airflow/.local/lib/python3.7/site-packages/airflow/example_dags/example_time_delta_sensor_async.py
[2023-09-04T12:52:19.318+0000] {processor.py:826} INFO - Processing file /home/airflow/.local/lib/python3.7/site-packages/airflow/example_dags/example_time_delta_sensor_async.py for tasks to queue
[2023-09-04T12:52:19.321+0000] {logging_mixin.py:150} INFO - [2023-09-04T12:52:19.320+0000] {dagbag.py:541} INFO - Filling up the DagBag from /home/airflow/.local/lib/python3.7/site-packages/airflow/example_dags/example_time_delta_sensor_async.py
[2023-09-04T12:52:19.332+0000] {processor.py:836} INFO - DAG(s) dict_keys(['example_time_delta_sensor_async']) retrieved from /home/airflow/.local/lib/python3.7/site-packages/airflow/example_dags/example_time_delta_sensor_async.py
[2023-09-04T12:52:19.392+0000] {logging_mixin.py:150} INFO - [2023-09-04T12:52:19.391+0000] {dag.py:2742} INFO - Sync 1 DAGs
[2023-09-04T12:52:19.436+0000] {logging_mixin.py:150} INFO - [2023-09-04T12:52:19.436+0000] {dag.py:3508} INFO - Setting next_dagrun for example_time_delta_sensor_async to None, run_after=None
[2023-09-04T12:52:19.479+0000] {processor.py:179} INFO - Processing /home/airflow/.local/lib/python3.7/site-packages/airflow/example_dags/example_time_delta_sensor_async.py took 0.180 seconds
[2023-09-04T12:52:49.848+0000] {processor.py:157} INFO - Started process (PID=236) to work on /home/airflow/.local/lib/python3.7/site-packages/airflow/example_dags/example_time_delta_sensor_async.py
[2023-09-04T12:52:49.851+0000] {processor.py:826} INFO - Processing file /home/airflow/.local/lib/python3.7/site-packages/airflow/example_dags/example_time_delta_sensor_async.py for tasks to queue
[2023-09-04T12:52:49.855+0000] {logging_mixin.py:150} INFO - [2023-09-04T12:52:49.854+0000] {dagbag.py:541} INFO - Filling up the DagBag from /home/airflow/.local/lib/python3.7/site-packages/airflow/example_dags/example_time_delta_sensor_async.py
[2023-09-04T12:52:49.870+0000] {processor.py:836} INFO - DAG(s) dict_keys(['example_time_delta_sensor_async']) retrieved from /home/airflow/.local/lib/python3.7/site-packages/airflow/example_dags/example_time_delta_sensor_async.py
[2023-09-04T12:52:49.932+0000] {logging_mixin.py:150} INFO - [2023-09-04T12:52:49.931+0000] {dag.py:2742} INFO - Sync 1 DAGs
[2023-09-04T12:52:50.054+0000] {logging_mixin.py:150} INFO - [2023-09-04T12:52:50.054+0000] {dag.py:3508} INFO - Setting next_dagrun for example_time_delta_sensor_async to None, run_after=None
[2023-09-04T12:52:50.155+0000] {processor.py:179} INFO - Processing /home/airflow/.local/lib/python3.7/site-packages/airflow/example_dags/example_time_delta_sensor_async.py took 0.315 seconds
[2023-09-04T12:53:20.958+0000] {processor.py:157} INFO - Started process (PID=296) to work on /home/airflow/.local/lib/python3.7/site-packages/airflow/example_dags/example_time_delta_sensor_async.py
[2023-09-04T12:53:20.963+0000] {processor.py:826} INFO - Processing file /home/airflow/.local/lib/python3.7/site-packages/airflow/example_dags/example_time_delta_sensor_async.py for tasks to queue
[2023-09-04T12:53:20.972+0000] {logging_mixin.py:150} INFO - [2023-09-04T12:53:20.971+0000] {dagbag.py:541} INFO - Filling up the DagBag from /home/airflow/.local/lib/python3.7/site-packages/airflow/example_dags/example_time_delta_sensor_async.py
[2023-09-04T12:53:20.994+0000] {processor.py:836} INFO - DAG(s) dict_keys(['example_time_delta_sensor_async']) retrieved from /home/airflow/.local/lib/python3.7/site-packages/airflow/example_dags/example_time_delta_sensor_async.py
[2023-09-04T12:53:21.108+0000] {logging_mixin.py:150} INFO - [2023-09-04T12:53:21.106+0000] {dag.py:2742} INFO - Sync 1 DAGs
[2023-09-04T12:53:21.204+0000] {logging_mixin.py:150} INFO - [2023-09-04T12:53:21.204+0000] {dag.py:3508} INFO - Setting next_dagrun for example_time_delta_sensor_async to None, run_after=None
[2023-09-04T12:53:21.250+0000] {processor.py:179} INFO - Processing /home/airflow/.local/lib/python3.7/site-packages/airflow/example_dags/example_time_delta_sensor_async.py took 0.305 seconds
[2023-09-04T12:53:51.836+0000] {processor.py:157} INFO - Started process (PID=355) to work on /home/airflow/.local/lib/python3.7/site-packages/airflow/example_dags/example_time_delta_sensor_async.py
[2023-09-04T12:53:51.843+0000] {processor.py:826} INFO - Processing file /home/airflow/.local/lib/python3.7/site-packages/airflow/example_dags/example_time_delta_sensor_async.py for tasks to queue
[2023-09-04T12:53:51.848+0000] {logging_mixin.py:150} INFO - [2023-09-04T12:53:51.846+0000] {dagbag.py:541} INFO - Filling up the DagBag from /home/airflow/.local/lib/python3.7/site-packages/airflow/example_dags/example_time_delta_sensor_async.py
[2023-09-04T12:53:51.856+0000] {processor.py:836} INFO - DAG(s) dict_keys(['example_time_delta_sensor_async']) retrieved from /home/airflow/.local/lib/python3.7/site-packages/airflow/example_dags/example_time_delta_sensor_async.py
[2023-09-04T12:53:51.934+0000] {logging_mixin.py:150} INFO - [2023-09-04T12:53:51.934+0000] {dag.py:2742} INFO - Sync 1 DAGs
[2023-09-04T12:53:52.029+0000] {logging_mixin.py:150} INFO - [2023-09-04T12:53:52.029+0000] {dag.py:3508} INFO - Setting next_dagrun for example_time_delta_sensor_async to None, run_after=None
[2023-09-04T12:53:52.101+0000] {processor.py:179} INFO - Processing /home/airflow/.local/lib/python3.7/site-packages/airflow/example_dags/example_time_delta_sensor_async.py took 0.272 seconds
[2023-09-04T12:54:22.430+0000] {processor.py:157} INFO - Started process (PID=408) to work on /home/airflow/.local/lib/python3.7/site-packages/airflow/example_dags/example_time_delta_sensor_async.py
[2023-09-04T12:54:22.433+0000] {processor.py:826} INFO - Processing file /home/airflow/.local/lib/python3.7/site-packages/airflow/example_dags/example_time_delta_sensor_async.py for tasks to queue
[2023-09-04T12:54:22.436+0000] {logging_mixin.py:150} INFO - [2023-09-04T12:54:22.435+0000] {dagbag.py:541} INFO - Filling up the DagBag from /home/airflow/.local/lib/python3.7/site-packages/airflow/example_dags/example_time_delta_sensor_async.py
[2023-09-04T12:54:22.449+0000] {processor.py:836} INFO - DAG(s) dict_keys(['example_time_delta_sensor_async']) retrieved from /home/airflow/.local/lib/python3.7/site-packages/airflow/example_dags/example_time_delta_sensor_async.py
[2023-09-04T12:54:22.527+0000] {logging_mixin.py:150} INFO - [2023-09-04T12:54:22.527+0000] {dag.py:2742} INFO - Sync 1 DAGs
[2023-09-04T12:54:22.601+0000] {logging_mixin.py:150} INFO - [2023-09-04T12:54:22.601+0000] {dag.py:3508} INFO - Setting next_dagrun for example_time_delta_sensor_async to None, run_after=None
[2023-09-04T12:54:22.638+0000] {processor.py:179} INFO - Processing /home/airflow/.local/lib/python3.7/site-packages/airflow/example_dags/example_time_delta_sensor_async.py took 0.221 seconds
[2023-09-04T12:54:53.057+0000] {processor.py:157} INFO - Started process (PID=467) to work on /home/airflow/.local/lib/python3.7/site-packages/airflow/example_dags/example_time_delta_sensor_async.py
[2023-09-04T12:54:53.062+0000] {processor.py:826} INFO - Processing file /home/airflow/.local/lib/python3.7/site-packages/airflow/example_dags/example_time_delta_sensor_async.py for tasks to queue
[2023-09-04T12:54:53.065+0000] {logging_mixin.py:150} INFO - [2023-09-04T12:54:53.064+0000] {dagbag.py:541} INFO - Filling up the DagBag from /home/airflow/.local/lib/python3.7/site-packages/airflow/example_dags/example_time_delta_sensor_async.py
[2023-09-04T12:54:53.085+0000] {processor.py:836} INFO - DAG(s) dict_keys(['example_time_delta_sensor_async']) retrieved from /home/airflow/.local/lib/python3.7/site-packages/airflow/example_dags/example_time_delta_sensor_async.py
[2023-09-04T12:54:53.193+0000] {logging_mixin.py:150} INFO - [2023-09-04T12:54:53.193+0000] {dag.py:2742} INFO - Sync 1 DAGs
[2023-09-04T12:54:53.253+0000] {logging_mixin.py:150} INFO - [2023-09-04T12:54:53.252+0000] {dag.py:3508} INFO - Setting next_dagrun for example_time_delta_sensor_async to None, run_after=None
[2023-09-04T12:54:53.307+0000] {processor.py:179} INFO - Processing /home/airflow/.local/lib/python3.7/site-packages/airflow/example_dags/example_time_delta_sensor_async.py took 0.264 seconds
[2023-09-04T12:55:23.608+0000] {processor.py:157} INFO - Started process (PID=526) to work on /home/airflow/.local/lib/python3.7/site-packages/airflow/example_dags/example_time_delta_sensor_async.py
[2023-09-04T12:55:23.633+0000] {processor.py:826} INFO - Processing file /home/airflow/.local/lib/python3.7/site-packages/airflow/example_dags/example_time_delta_sensor_async.py for tasks to queue
[2023-09-04T12:55:23.639+0000] {logging_mixin.py:150} INFO - [2023-09-04T12:55:23.635+0000] {dagbag.py:541} INFO - Filling up the DagBag from /home/airflow/.local/lib/python3.7/site-packages/airflow/example_dags/example_time_delta_sensor_async.py
[2023-09-04T12:55:23.660+0000] {processor.py:836} INFO - DAG(s) dict_keys(['example_time_delta_sensor_async']) retrieved from /home/airflow/.local/lib/python3.7/site-packages/airflow/example_dags/example_time_delta_sensor_async.py
[2023-09-04T12:55:23.729+0000] {logging_mixin.py:150} INFO - [2023-09-04T12:55:23.729+0000] {dag.py:2742} INFO - Sync 1 DAGs
[2023-09-04T12:55:23.784+0000] {logging_mixin.py:150} INFO - [2023-09-04T12:55:23.783+0000] {dag.py:3508} INFO - Setting next_dagrun for example_time_delta_sensor_async to None, run_after=None
[2023-09-04T12:55:23.830+0000] {processor.py:179} INFO - Processing /home/airflow/.local/lib/python3.7/site-packages/airflow/example_dags/example_time_delta_sensor_async.py took 0.230 seconds
[2023-09-04T12:55:54.564+0000] {processor.py:157} INFO - Started process (PID=586) to work on /home/airflow/.local/lib/python3.7/site-packages/airflow/example_dags/example_time_delta_sensor_async.py
[2023-09-04T12:55:54.567+0000] {processor.py:826} INFO - Processing file /home/airflow/.local/lib/python3.7/site-packages/airflow/example_dags/example_time_delta_sensor_async.py for tasks to queue
[2023-09-04T12:55:54.570+0000] {logging_mixin.py:150} INFO - [2023-09-04T12:55:54.570+0000] {dagbag.py:541} INFO - Filling up the DagBag from /home/airflow/.local/lib/python3.7/site-packages/airflow/example_dags/example_time_delta_sensor_async.py
[2023-09-04T12:55:54.597+0000] {processor.py:836} INFO - DAG(s) dict_keys(['example_time_delta_sensor_async']) retrieved from /home/airflow/.local/lib/python3.7/site-packages/airflow/example_dags/example_time_delta_sensor_async.py
[2023-09-04T12:55:54.704+0000] {logging_mixin.py:150} INFO - [2023-09-04T12:55:54.704+0000] {dag.py:2742} INFO - Sync 1 DAGs
[2023-09-04T12:55:54.784+0000] {logging_mixin.py:150} INFO - [2023-09-04T12:55:54.784+0000] {dag.py:3508} INFO - Setting next_dagrun for example_time_delta_sensor_async to None, run_after=None
[2023-09-04T12:55:54.868+0000] {processor.py:179} INFO - Processing /home/airflow/.local/lib/python3.7/site-packages/airflow/example_dags/example_time_delta_sensor_async.py took 0.313 seconds
[2023-09-04T12:56:25.170+0000] {processor.py:157} INFO - Started process (PID=645) to work on /home/airflow/.local/lib/python3.7/site-packages/airflow/example_dags/example_time_delta_sensor_async.py
[2023-09-04T12:56:25.172+0000] {processor.py:826} INFO - Processing file /home/airflow/.local/lib/python3.7/site-packages/airflow/example_dags/example_time_delta_sensor_async.py for tasks to queue
[2023-09-04T12:56:25.174+0000] {logging_mixin.py:150} INFO - [2023-09-04T12:56:25.174+0000] {dagbag.py:541} INFO - Filling up the DagBag from /home/airflow/.local/lib/python3.7/site-packages/airflow/example_dags/example_time_delta_sensor_async.py
[2023-09-04T12:56:25.182+0000] {processor.py:836} INFO - DAG(s) dict_keys(['example_time_delta_sensor_async']) retrieved from /home/airflow/.local/lib/python3.7/site-packages/airflow/example_dags/example_time_delta_sensor_async.py
[2023-09-04T12:56:25.264+0000] {logging_mixin.py:150} INFO - [2023-09-04T12:56:25.264+0000] {dag.py:2742} INFO - Sync 1 DAGs
[2023-09-04T12:56:25.325+0000] {logging_mixin.py:150} INFO - [2023-09-04T12:56:25.325+0000] {dag.py:3508} INFO - Setting next_dagrun for example_time_delta_sensor_async to None, run_after=None
[2023-09-04T12:56:25.416+0000] {processor.py:179} INFO - Processing /home/airflow/.local/lib/python3.7/site-packages/airflow/example_dags/example_time_delta_sensor_async.py took 0.251 seconds
[2023-09-04T12:56:56.123+0000] {processor.py:157} INFO - Started process (PID=704) to work on /home/airflow/.local/lib/python3.7/site-packages/airflow/example_dags/example_time_delta_sensor_async.py
[2023-09-04T12:56:56.125+0000] {processor.py:826} INFO - Processing file /home/airflow/.local/lib/python3.7/site-packages/airflow/example_dags/example_time_delta_sensor_async.py for tasks to queue
[2023-09-04T12:56:56.131+0000] {logging_mixin.py:150} INFO - [2023-09-04T12:56:56.131+0000] {dagbag.py:541} INFO - Filling up the DagBag from /home/airflow/.local/lib/python3.7/site-packages/airflow/example_dags/example_time_delta_sensor_async.py
[2023-09-04T12:56:56.155+0000] {processor.py:836} INFO - DAG(s) dict_keys(['example_time_delta_sensor_async']) retrieved from /home/airflow/.local/lib/python3.7/site-packages/airflow/example_dags/example_time_delta_sensor_async.py
[2023-09-04T12:56:56.244+0000] {logging_mixin.py:150} INFO - [2023-09-04T12:56:56.244+0000] {dag.py:2742} INFO - Sync 1 DAGs
[2023-09-04T12:56:56.341+0000] {logging_mixin.py:150} INFO - [2023-09-04T12:56:56.341+0000] {dag.py:3508} INFO - Setting next_dagrun for example_time_delta_sensor_async to None, run_after=None
[2023-09-04T12:56:56.406+0000] {processor.py:179} INFO - Processing /home/airflow/.local/lib/python3.7/site-packages/airflow/example_dags/example_time_delta_sensor_async.py took 0.291 seconds
[2023-09-04T12:57:27.610+0000] {processor.py:157} INFO - Started process (PID=762) to work on /home/airflow/.local/lib/python3.7/site-packages/airflow/example_dags/example_time_delta_sensor_async.py
[2023-09-04T12:57:27.613+0000] {processor.py:826} INFO - Processing file /home/airflow/.local/lib/python3.7/site-packages/airflow/example_dags/example_time_delta_sensor_async.py for tasks to queue
[2023-09-04T12:57:27.617+0000] {logging_mixin.py:150} INFO - [2023-09-04T12:57:27.615+0000] {dagbag.py:541} INFO - Filling up the DagBag from /home/airflow/.local/lib/python3.7/site-packages/airflow/example_dags/example_time_delta_sensor_async.py
[2023-09-04T12:57:27.627+0000] {processor.py:836} INFO - DAG(s) dict_keys(['example_time_delta_sensor_async']) retrieved from /home/airflow/.local/lib/python3.7/site-packages/airflow/example_dags/example_time_delta_sensor_async.py
[2023-09-04T12:57:27.679+0000] {logging_mixin.py:150} INFO - [2023-09-04T12:57:27.679+0000] {dag.py:2742} INFO - Sync 1 DAGs
[2023-09-04T12:57:27.764+0000] {logging_mixin.py:150} INFO - [2023-09-04T12:57:27.763+0000] {dag.py:3508} INFO - Setting next_dagrun for example_time_delta_sensor_async to None, run_after=None
[2023-09-04T12:57:27.826+0000] {processor.py:179} INFO - Processing /home/airflow/.local/lib/python3.7/site-packages/airflow/example_dags/example_time_delta_sensor_async.py took 0.224 seconds
[2023-09-04T12:57:58.409+0000] {processor.py:157} INFO - Started process (PID=821) to work on /home/airflow/.local/lib/python3.7/site-packages/airflow/example_dags/example_time_delta_sensor_async.py
[2023-09-04T12:57:58.411+0000] {processor.py:826} INFO - Processing file /home/airflow/.local/lib/python3.7/site-packages/airflow/example_dags/example_time_delta_sensor_async.py for tasks to queue
[2023-09-04T12:57:58.413+0000] {logging_mixin.py:150} INFO - [2023-09-04T12:57:58.413+0000] {dagbag.py:541} INFO - Filling up the DagBag from /home/airflow/.local/lib/python3.7/site-packages/airflow/example_dags/example_time_delta_sensor_async.py
[2023-09-04T12:57:58.422+0000] {processor.py:836} INFO - DAG(s) dict_keys(['example_time_delta_sensor_async']) retrieved from /home/airflow/.local/lib/python3.7/site-packages/airflow/example_dags/example_time_delta_sensor_async.py
[2023-09-04T12:57:58.480+0000] {logging_mixin.py:150} INFO - [2023-09-04T12:57:58.478+0000] {dag.py:2742} INFO - Sync 1 DAGs
[2023-09-04T12:57:58.557+0000] {logging_mixin.py:150} INFO - [2023-09-04T12:57:58.557+0000] {dag.py:3508} INFO - Setting next_dagrun for example_time_delta_sensor_async to None, run_after=None
[2023-09-04T12:57:58.604+0000] {processor.py:179} INFO - Processing /home/airflow/.local/lib/python3.7/site-packages/airflow/example_dags/example_time_delta_sensor_async.py took 0.201 seconds
[2023-09-04T12:58:29.028+0000] {processor.py:157} INFO - Started process (PID=880) to work on /home/airflow/.local/lib/python3.7/site-packages/airflow/example_dags/example_time_delta_sensor_async.py
[2023-09-04T12:58:29.030+0000] {processor.py:826} INFO - Processing file /home/airflow/.local/lib/python3.7/site-packages/airflow/example_dags/example_time_delta_sensor_async.py for tasks to queue
[2023-09-04T12:58:29.032+0000] {logging_mixin.py:150} INFO - [2023-09-04T12:58:29.032+0000] {dagbag.py:541} INFO - Filling up the DagBag from /home/airflow/.local/lib/python3.7/site-packages/airflow/example_dags/example_time_delta_sensor_async.py
[2023-09-04T12:58:29.044+0000] {processor.py:836} INFO - DAG(s) dict_keys(['example_time_delta_sensor_async']) retrieved from /home/airflow/.local/lib/python3.7/site-packages/airflow/example_dags/example_time_delta_sensor_async.py
[2023-09-04T12:58:29.103+0000] {logging_mixin.py:150} INFO - [2023-09-04T12:58:29.103+0000] {dag.py:2742} INFO - Sync 1 DAGs
[2023-09-04T12:58:29.155+0000] {logging_mixin.py:150} INFO - [2023-09-04T12:58:29.155+0000] {dag.py:3508} INFO - Setting next_dagrun for example_time_delta_sensor_async to None, run_after=None
[2023-09-04T12:58:29.191+0000] {processor.py:179} INFO - Processing /home/airflow/.local/lib/python3.7/site-packages/airflow/example_dags/example_time_delta_sensor_async.py took 0.171 seconds
