[2023-09-04T12:39:21.202+0000] {processor.py:157} INFO - Started process (PID=63) to work on /home/airflow/.local/lib/python3.7/site-packages/airflow/example_dags/example_external_task_marker_dag.py
[2023-09-04T12:39:21.230+0000] {processor.py:826} INFO - Processing file /home/airflow/.local/lib/python3.7/site-packages/airflow/example_dags/example_external_task_marker_dag.py for tasks to queue
[2023-09-04T12:39:21.242+0000] {logging_mixin.py:150} INFO - [2023-09-04T12:39:21.241+0000] {dagbag.py:541} INFO - Filling up the DagBag from /home/airflow/.local/lib/python3.7/site-packages/airflow/example_dags/example_external_task_marker_dag.py
[2023-09-04T12:39:21.413+0000] {processor.py:836} INFO - DAG(s) dict_keys(['example_external_task_marker_parent', 'example_external_task_marker_child']) retrieved from /home/airflow/.local/lib/python3.7/site-packages/airflow/example_dags/example_external_task_marker_dag.py
[2023-09-04T12:39:21.754+0000] {logging_mixin.py:150} INFO - [2023-09-04T12:39:21.754+0000] {dag.py:2742} INFO - Sync 2 DAGs
[2023-09-04T12:39:23.377+0000] {logging_mixin.py:150} INFO - [2023-09-04T12:39:23.376+0000] {dag.py:3508} INFO - Setting next_dagrun for example_external_task_marker_child to None, run_after=None
[2023-09-04T12:39:23.442+0000] {logging_mixin.py:150} INFO - [2023-09-04T12:39:23.442+0000] {dag.py:3508} INFO - Setting next_dagrun for example_external_task_marker_parent to None, run_after=None
[2023-09-04T12:39:23.720+0000] {processor.py:179} INFO - Processing /home/airflow/.local/lib/python3.7/site-packages/airflow/example_dags/example_external_task_marker_dag.py took 2.527 seconds
[2023-09-04T12:39:54.605+0000] {processor.py:157} INFO - Started process (PID=121) to work on /home/airflow/.local/lib/python3.7/site-packages/airflow/example_dags/example_external_task_marker_dag.py
[2023-09-04T12:39:54.611+0000] {processor.py:826} INFO - Processing file /home/airflow/.local/lib/python3.7/site-packages/airflow/example_dags/example_external_task_marker_dag.py for tasks to queue
[2023-09-04T12:39:54.623+0000] {logging_mixin.py:150} INFO - [2023-09-04T12:39:54.623+0000] {dagbag.py:541} INFO - Filling up the DagBag from /home/airflow/.local/lib/python3.7/site-packages/airflow/example_dags/example_external_task_marker_dag.py
[2023-09-04T12:39:54.640+0000] {processor.py:836} INFO - DAG(s) dict_keys(['example_external_task_marker_parent', 'example_external_task_marker_child']) retrieved from /home/airflow/.local/lib/python3.7/site-packages/airflow/example_dags/example_external_task_marker_dag.py
[2023-09-04T12:39:54.912+0000] {logging_mixin.py:150} INFO - [2023-09-04T12:39:54.911+0000] {dag.py:2742} INFO - Sync 2 DAGs
[2023-09-04T12:39:55.123+0000] {logging_mixin.py:150} INFO - [2023-09-04T12:39:55.123+0000] {dag.py:3508} INFO - Setting next_dagrun for example_external_task_marker_child to None, run_after=None
[2023-09-04T12:39:55.159+0000] {logging_mixin.py:150} INFO - [2023-09-04T12:39:55.159+0000] {dag.py:3508} INFO - Setting next_dagrun for example_external_task_marker_parent to None, run_after=None
[2023-09-04T12:39:55.318+0000] {processor.py:179} INFO - Processing /home/airflow/.local/lib/python3.7/site-packages/airflow/example_dags/example_external_task_marker_dag.py took 0.740 seconds
[2023-09-04T12:40:27.483+0000] {processor.py:157} INFO - Started process (PID=182) to work on /home/airflow/.local/lib/python3.7/site-packages/airflow/example_dags/example_external_task_marker_dag.py
[2023-09-04T12:40:27.488+0000] {processor.py:826} INFO - Processing file /home/airflow/.local/lib/python3.7/site-packages/airflow/example_dags/example_external_task_marker_dag.py for tasks to queue
[2023-09-04T12:40:27.491+0000] {logging_mixin.py:150} INFO - [2023-09-04T12:40:27.491+0000] {dagbag.py:541} INFO - Filling up the DagBag from /home/airflow/.local/lib/python3.7/site-packages/airflow/example_dags/example_external_task_marker_dag.py
[2023-09-04T12:40:27.566+0000] {processor.py:836} INFO - DAG(s) dict_keys(['example_external_task_marker_child', 'example_external_task_marker_parent']) retrieved from /home/airflow/.local/lib/python3.7/site-packages/airflow/example_dags/example_external_task_marker_dag.py
[2023-09-04T12:40:27.816+0000] {logging_mixin.py:150} INFO - [2023-09-04T12:40:27.815+0000] {dag.py:2742} INFO - Sync 2 DAGs
[2023-09-04T12:40:28.096+0000] {logging_mixin.py:150} INFO - [2023-09-04T12:40:28.096+0000] {dag.py:3508} INFO - Setting next_dagrun for example_external_task_marker_child to None, run_after=None
[2023-09-04T12:40:28.118+0000] {logging_mixin.py:150} INFO - [2023-09-04T12:40:28.118+0000] {dag.py:3508} INFO - Setting next_dagrun for example_external_task_marker_parent to None, run_after=None
[2023-09-04T12:40:28.321+0000] {processor.py:179} INFO - Processing /home/airflow/.local/lib/python3.7/site-packages/airflow/example_dags/example_external_task_marker_dag.py took 0.855 seconds
[2023-09-04T12:41:10.896+0000] {processor.py:157} INFO - Started process (PID=245) to work on /home/airflow/.local/lib/python3.7/site-packages/airflow/example_dags/example_external_task_marker_dag.py
[2023-09-04T12:41:10.898+0000] {processor.py:826} INFO - Processing file /home/airflow/.local/lib/python3.7/site-packages/airflow/example_dags/example_external_task_marker_dag.py for tasks to queue
[2023-09-04T12:41:10.901+0000] {logging_mixin.py:150} INFO - [2023-09-04T12:41:10.901+0000] {dagbag.py:541} INFO - Filling up the DagBag from /home/airflow/.local/lib/python3.7/site-packages/airflow/example_dags/example_external_task_marker_dag.py
[2023-09-04T12:41:10.947+0000] {processor.py:836} INFO - DAG(s) dict_keys(['example_external_task_marker_parent', 'example_external_task_marker_child']) retrieved from /home/airflow/.local/lib/python3.7/site-packages/airflow/example_dags/example_external_task_marker_dag.py
[2023-09-04T12:41:11.205+0000] {logging_mixin.py:150} INFO - [2023-09-04T12:41:11.204+0000] {dag.py:2742} INFO - Sync 2 DAGs
[2023-09-04T12:41:11.501+0000] {logging_mixin.py:150} INFO - [2023-09-04T12:41:11.501+0000] {dag.py:3508} INFO - Setting next_dagrun for example_external_task_marker_child to None, run_after=None
[2023-09-04T12:41:11.565+0000] {logging_mixin.py:150} INFO - [2023-09-04T12:41:11.565+0000] {dag.py:3508} INFO - Setting next_dagrun for example_external_task_marker_parent to None, run_after=None
[2023-09-04T12:41:11.756+0000] {processor.py:179} INFO - Processing /home/airflow/.local/lib/python3.7/site-packages/airflow/example_dags/example_external_task_marker_dag.py took 0.890 seconds
[2023-09-04T12:41:43.329+0000] {processor.py:157} INFO - Started process (PID=303) to work on /home/airflow/.local/lib/python3.7/site-packages/airflow/example_dags/example_external_task_marker_dag.py
[2023-09-04T12:41:43.347+0000] {processor.py:826} INFO - Processing file /home/airflow/.local/lib/python3.7/site-packages/airflow/example_dags/example_external_task_marker_dag.py for tasks to queue
[2023-09-04T12:41:43.351+0000] {logging_mixin.py:150} INFO - [2023-09-04T12:41:43.350+0000] {dagbag.py:541} INFO - Filling up the DagBag from /home/airflow/.local/lib/python3.7/site-packages/airflow/example_dags/example_external_task_marker_dag.py
[2023-09-04T12:41:43.393+0000] {processor.py:836} INFO - DAG(s) dict_keys(['example_external_task_marker_child', 'example_external_task_marker_parent']) retrieved from /home/airflow/.local/lib/python3.7/site-packages/airflow/example_dags/example_external_task_marker_dag.py
[2023-09-04T12:41:43.600+0000] {logging_mixin.py:150} INFO - [2023-09-04T12:41:43.599+0000] {dag.py:2742} INFO - Sync 2 DAGs
[2023-09-04T12:41:43.774+0000] {logging_mixin.py:150} INFO - [2023-09-04T12:41:43.774+0000] {dag.py:3508} INFO - Setting next_dagrun for example_external_task_marker_child to None, run_after=None
[2023-09-04T12:41:43.842+0000] {logging_mixin.py:150} INFO - [2023-09-04T12:41:43.841+0000] {dag.py:3508} INFO - Setting next_dagrun for example_external_task_marker_parent to None, run_after=None
[2023-09-04T12:41:43.966+0000] {processor.py:179} INFO - Processing /home/airflow/.local/lib/python3.7/site-packages/airflow/example_dags/example_external_task_marker_dag.py took 0.647 seconds
[2023-09-04T12:42:24.256+0000] {processor.py:157} INFO - Started process (PID=352) to work on /home/airflow/.local/lib/python3.7/site-packages/airflow/example_dags/example_external_task_marker_dag.py
[2023-09-04T12:42:24.275+0000] {processor.py:826} INFO - Processing file /home/airflow/.local/lib/python3.7/site-packages/airflow/example_dags/example_external_task_marker_dag.py for tasks to queue
[2023-09-04T12:42:24.290+0000] {logging_mixin.py:150} INFO - [2023-09-04T12:42:24.290+0000] {dagbag.py:541} INFO - Filling up the DagBag from /home/airflow/.local/lib/python3.7/site-packages/airflow/example_dags/example_external_task_marker_dag.py
[2023-09-04T12:42:24.340+0000] {processor.py:836} INFO - DAG(s) dict_keys(['example_external_task_marker_child', 'example_external_task_marker_parent']) retrieved from /home/airflow/.local/lib/python3.7/site-packages/airflow/example_dags/example_external_task_marker_dag.py
[2023-09-04T12:42:24.570+0000] {logging_mixin.py:150} INFO - [2023-09-04T12:42:24.570+0000] {dag.py:2742} INFO - Sync 2 DAGs
[2023-09-04T12:42:24.779+0000] {logging_mixin.py:150} INFO - [2023-09-04T12:42:24.778+0000] {dag.py:3508} INFO - Setting next_dagrun for example_external_task_marker_child to None, run_after=None
[2023-09-04T12:42:24.864+0000] {logging_mixin.py:150} INFO - [2023-09-04T12:42:24.864+0000] {dag.py:3508} INFO - Setting next_dagrun for example_external_task_marker_parent to None, run_after=None
[2023-09-04T12:42:25.037+0000] {processor.py:179} INFO - Processing /home/airflow/.local/lib/python3.7/site-packages/airflow/example_dags/example_external_task_marker_dag.py took 0.798 seconds
[2023-09-04T12:43:00.977+0000] {processor.py:157} INFO - Started process (PID=419) to work on /home/airflow/.local/lib/python3.7/site-packages/airflow/example_dags/example_external_task_marker_dag.py
[2023-09-04T12:43:00.987+0000] {processor.py:826} INFO - Processing file /home/airflow/.local/lib/python3.7/site-packages/airflow/example_dags/example_external_task_marker_dag.py for tasks to queue
[2023-09-04T12:43:01.002+0000] {logging_mixin.py:150} INFO - [2023-09-04T12:43:01.002+0000] {dagbag.py:541} INFO - Filling up the DagBag from /home/airflow/.local/lib/python3.7/site-packages/airflow/example_dags/example_external_task_marker_dag.py
[2023-09-04T12:43:01.059+0000] {processor.py:836} INFO - DAG(s) dict_keys(['example_external_task_marker_child', 'example_external_task_marker_parent']) retrieved from /home/airflow/.local/lib/python3.7/site-packages/airflow/example_dags/example_external_task_marker_dag.py
[2023-09-04T12:43:01.307+0000] {logging_mixin.py:150} INFO - [2023-09-04T12:43:01.306+0000] {dag.py:2742} INFO - Sync 2 DAGs
[2023-09-04T12:43:01.592+0000] {logging_mixin.py:150} INFO - [2023-09-04T12:43:01.592+0000] {dag.py:3508} INFO - Setting next_dagrun for example_external_task_marker_child to None, run_after=None
[2023-09-04T12:43:01.627+0000] {logging_mixin.py:150} INFO - [2023-09-04T12:43:01.626+0000] {dag.py:3508} INFO - Setting next_dagrun for example_external_task_marker_parent to None, run_after=None
[2023-09-04T12:43:01.761+0000] {processor.py:179} INFO - Processing /home/airflow/.local/lib/python3.7/site-packages/airflow/example_dags/example_external_task_marker_dag.py took 0.823 seconds
[2023-09-04T12:43:34.017+0000] {processor.py:157} INFO - Started process (PID=477) to work on /home/airflow/.local/lib/python3.7/site-packages/airflow/example_dags/example_external_task_marker_dag.py
[2023-09-04T12:43:34.045+0000] {processor.py:826} INFO - Processing file /home/airflow/.local/lib/python3.7/site-packages/airflow/example_dags/example_external_task_marker_dag.py for tasks to queue
[2023-09-04T12:43:34.062+0000] {logging_mixin.py:150} INFO - [2023-09-04T12:43:34.062+0000] {dagbag.py:541} INFO - Filling up the DagBag from /home/airflow/.local/lib/python3.7/site-packages/airflow/example_dags/example_external_task_marker_dag.py
[2023-09-04T12:43:34.129+0000] {processor.py:836} INFO - DAG(s) dict_keys(['example_external_task_marker_parent', 'example_external_task_marker_child']) retrieved from /home/airflow/.local/lib/python3.7/site-packages/airflow/example_dags/example_external_task_marker_dag.py
[2023-09-04T12:43:34.342+0000] {logging_mixin.py:150} INFO - [2023-09-04T12:43:34.342+0000] {dag.py:2742} INFO - Sync 2 DAGs
[2023-09-04T12:43:34.579+0000] {logging_mixin.py:150} INFO - [2023-09-04T12:43:34.579+0000] {dag.py:3508} INFO - Setting next_dagrun for example_external_task_marker_child to None, run_after=None
[2023-09-04T12:43:34.612+0000] {logging_mixin.py:150} INFO - [2023-09-04T12:43:34.612+0000] {dag.py:3508} INFO - Setting next_dagrun for example_external_task_marker_parent to None, run_after=None
[2023-09-04T12:43:34.826+0000] {processor.py:179} INFO - Processing /home/airflow/.local/lib/python3.7/site-packages/airflow/example_dags/example_external_task_marker_dag.py took 0.828 seconds
[2023-09-04T12:44:11.091+0000] {processor.py:157} INFO - Started process (PID=536) to work on /home/airflow/.local/lib/python3.7/site-packages/airflow/example_dags/example_external_task_marker_dag.py
[2023-09-04T12:44:11.094+0000] {processor.py:826} INFO - Processing file /home/airflow/.local/lib/python3.7/site-packages/airflow/example_dags/example_external_task_marker_dag.py for tasks to queue
[2023-09-04T12:44:11.106+0000] {logging_mixin.py:150} INFO - [2023-09-04T12:44:11.106+0000] {dagbag.py:541} INFO - Filling up the DagBag from /home/airflow/.local/lib/python3.7/site-packages/airflow/example_dags/example_external_task_marker_dag.py
[2023-09-04T12:44:11.145+0000] {processor.py:836} INFO - DAG(s) dict_keys(['example_external_task_marker_child', 'example_external_task_marker_parent']) retrieved from /home/airflow/.local/lib/python3.7/site-packages/airflow/example_dags/example_external_task_marker_dag.py
[2023-09-04T12:44:11.347+0000] {logging_mixin.py:150} INFO - [2023-09-04T12:44:11.347+0000] {dag.py:2742} INFO - Sync 2 DAGs
[2023-09-04T12:44:11.550+0000] {logging_mixin.py:150} INFO - [2023-09-04T12:44:11.549+0000] {dag.py:3508} INFO - Setting next_dagrun for example_external_task_marker_child to None, run_after=None
[2023-09-04T12:44:11.580+0000] {logging_mixin.py:150} INFO - [2023-09-04T12:44:11.579+0000] {dag.py:3508} INFO - Setting next_dagrun for example_external_task_marker_parent to None, run_after=None
[2023-09-04T12:44:11.699+0000] {processor.py:179} INFO - Processing /home/airflow/.local/lib/python3.7/site-packages/airflow/example_dags/example_external_task_marker_dag.py took 0.642 seconds
[2023-09-04T12:44:45.863+0000] {processor.py:157} INFO - Started process (PID=595) to work on /home/airflow/.local/lib/python3.7/site-packages/airflow/example_dags/example_external_task_marker_dag.py
[2023-09-04T12:44:45.885+0000] {processor.py:826} INFO - Processing file /home/airflow/.local/lib/python3.7/site-packages/airflow/example_dags/example_external_task_marker_dag.py for tasks to queue
[2023-09-04T12:44:45.902+0000] {logging_mixin.py:150} INFO - [2023-09-04T12:44:45.901+0000] {dagbag.py:541} INFO - Filling up the DagBag from /home/airflow/.local/lib/python3.7/site-packages/airflow/example_dags/example_external_task_marker_dag.py
[2023-09-04T12:44:46.069+0000] {processor.py:836} INFO - DAG(s) dict_keys(['example_external_task_marker_parent', 'example_external_task_marker_child']) retrieved from /home/airflow/.local/lib/python3.7/site-packages/airflow/example_dags/example_external_task_marker_dag.py
[2023-09-04T12:44:46.598+0000] {logging_mixin.py:150} INFO - [2023-09-04T12:44:46.598+0000] {dag.py:2742} INFO - Sync 2 DAGs
[2023-09-04T12:44:47.117+0000] {logging_mixin.py:150} INFO - [2023-09-04T12:44:47.116+0000] {dag.py:3508} INFO - Setting next_dagrun for example_external_task_marker_child to None, run_after=None
[2023-09-04T12:44:47.186+0000] {logging_mixin.py:150} INFO - [2023-09-04T12:44:47.185+0000] {dag.py:3508} INFO - Setting next_dagrun for example_external_task_marker_parent to None, run_after=None
[2023-09-04T12:44:47.450+0000] {processor.py:179} INFO - Processing /home/airflow/.local/lib/python3.7/site-packages/airflow/example_dags/example_external_task_marker_dag.py took 1.633 seconds
[2023-09-04T12:45:19.520+0000] {processor.py:157} INFO - Started process (PID=654) to work on /home/airflow/.local/lib/python3.7/site-packages/airflow/example_dags/example_external_task_marker_dag.py
[2023-09-04T12:45:19.523+0000] {processor.py:826} INFO - Processing file /home/airflow/.local/lib/python3.7/site-packages/airflow/example_dags/example_external_task_marker_dag.py for tasks to queue
[2023-09-04T12:45:19.526+0000] {logging_mixin.py:150} INFO - [2023-09-04T12:45:19.525+0000] {dagbag.py:541} INFO - Filling up the DagBag from /home/airflow/.local/lib/python3.7/site-packages/airflow/example_dags/example_external_task_marker_dag.py
[2023-09-04T12:45:19.547+0000] {processor.py:836} INFO - DAG(s) dict_keys(['example_external_task_marker_parent', 'example_external_task_marker_child']) retrieved from /home/airflow/.local/lib/python3.7/site-packages/airflow/example_dags/example_external_task_marker_dag.py
[2023-09-04T12:45:19.624+0000] {logging_mixin.py:150} INFO - [2023-09-04T12:45:19.624+0000] {dag.py:2742} INFO - Sync 2 DAGs
[2023-09-04T12:45:19.700+0000] {logging_mixin.py:150} INFO - [2023-09-04T12:45:19.699+0000] {dag.py:3508} INFO - Setting next_dagrun for example_external_task_marker_child to None, run_after=None
[2023-09-04T12:45:19.710+0000] {logging_mixin.py:150} INFO - [2023-09-04T12:45:19.710+0000] {dag.py:3508} INFO - Setting next_dagrun for example_external_task_marker_parent to None, run_after=None
[2023-09-04T12:45:19.765+0000] {processor.py:179} INFO - Processing /home/airflow/.local/lib/python3.7/site-packages/airflow/example_dags/example_external_task_marker_dag.py took 0.253 seconds
[2023-09-04T12:45:50.428+0000] {processor.py:157} INFO - Started process (PID=714) to work on /home/airflow/.local/lib/python3.7/site-packages/airflow/example_dags/example_external_task_marker_dag.py
[2023-09-04T12:45:50.431+0000] {processor.py:826} INFO - Processing file /home/airflow/.local/lib/python3.7/site-packages/airflow/example_dags/example_external_task_marker_dag.py for tasks to queue
[2023-09-04T12:45:50.434+0000] {logging_mixin.py:150} INFO - [2023-09-04T12:45:50.433+0000] {dagbag.py:541} INFO - Filling up the DagBag from /home/airflow/.local/lib/python3.7/site-packages/airflow/example_dags/example_external_task_marker_dag.py
[2023-09-04T12:45:50.449+0000] {processor.py:836} INFO - DAG(s) dict_keys(['example_external_task_marker_parent', 'example_external_task_marker_child']) retrieved from /home/airflow/.local/lib/python3.7/site-packages/airflow/example_dags/example_external_task_marker_dag.py
[2023-09-04T12:45:50.553+0000] {logging_mixin.py:150} INFO - [2023-09-04T12:45:50.553+0000] {dag.py:2742} INFO - Sync 2 DAGs
[2023-09-04T12:45:50.633+0000] {logging_mixin.py:150} INFO - [2023-09-04T12:45:50.633+0000] {dag.py:3508} INFO - Setting next_dagrun for example_external_task_marker_child to None, run_after=None
[2023-09-04T12:45:50.644+0000] {logging_mixin.py:150} INFO - [2023-09-04T12:45:50.644+0000] {dag.py:3508} INFO - Setting next_dagrun for example_external_task_marker_parent to None, run_after=None
[2023-09-04T12:45:50.689+0000] {processor.py:179} INFO - Processing /home/airflow/.local/lib/python3.7/site-packages/airflow/example_dags/example_external_task_marker_dag.py took 0.278 seconds
[2023-09-04T12:46:21.019+0000] {processor.py:157} INFO - Started process (PID=773) to work on /home/airflow/.local/lib/python3.7/site-packages/airflow/example_dags/example_external_task_marker_dag.py
[2023-09-04T12:46:21.021+0000] {processor.py:826} INFO - Processing file /home/airflow/.local/lib/python3.7/site-packages/airflow/example_dags/example_external_task_marker_dag.py for tasks to queue
[2023-09-04T12:46:21.023+0000] {logging_mixin.py:150} INFO - [2023-09-04T12:46:21.022+0000] {dagbag.py:541} INFO - Filling up the DagBag from /home/airflow/.local/lib/python3.7/site-packages/airflow/example_dags/example_external_task_marker_dag.py
[2023-09-04T12:46:21.032+0000] {processor.py:836} INFO - DAG(s) dict_keys(['example_external_task_marker_parent', 'example_external_task_marker_child']) retrieved from /home/airflow/.local/lib/python3.7/site-packages/airflow/example_dags/example_external_task_marker_dag.py
[2023-09-04T12:46:21.124+0000] {logging_mixin.py:150} INFO - [2023-09-04T12:46:21.124+0000] {dag.py:2742} INFO - Sync 2 DAGs
[2023-09-04T12:46:21.181+0000] {logging_mixin.py:150} INFO - [2023-09-04T12:46:21.181+0000] {dag.py:3508} INFO - Setting next_dagrun for example_external_task_marker_child to None, run_after=None
[2023-09-04T12:46:21.195+0000] {logging_mixin.py:150} INFO - [2023-09-04T12:46:21.195+0000] {dag.py:3508} INFO - Setting next_dagrun for example_external_task_marker_parent to None, run_after=None
[2023-09-04T12:46:21.236+0000] {processor.py:179} INFO - Processing /home/airflow/.local/lib/python3.7/site-packages/airflow/example_dags/example_external_task_marker_dag.py took 0.223 seconds
[2023-09-04T12:46:51.695+0000] {processor.py:157} INFO - Started process (PID=827) to work on /home/airflow/.local/lib/python3.7/site-packages/airflow/example_dags/example_external_task_marker_dag.py
[2023-09-04T12:46:51.698+0000] {processor.py:826} INFO - Processing file /home/airflow/.local/lib/python3.7/site-packages/airflow/example_dags/example_external_task_marker_dag.py for tasks to queue
[2023-09-04T12:46:51.703+0000] {logging_mixin.py:150} INFO - [2023-09-04T12:46:51.702+0000] {dagbag.py:541} INFO - Filling up the DagBag from /home/airflow/.local/lib/python3.7/site-packages/airflow/example_dags/example_external_task_marker_dag.py
[2023-09-04T12:46:51.718+0000] {processor.py:836} INFO - DAG(s) dict_keys(['example_external_task_marker_parent', 'example_external_task_marker_child']) retrieved from /home/airflow/.local/lib/python3.7/site-packages/airflow/example_dags/example_external_task_marker_dag.py
[2023-09-04T12:46:51.773+0000] {logging_mixin.py:150} INFO - [2023-09-04T12:46:51.773+0000] {dag.py:2742} INFO - Sync 2 DAGs
[2023-09-04T12:46:51.832+0000] {logging_mixin.py:150} INFO - [2023-09-04T12:46:51.832+0000] {dag.py:3508} INFO - Setting next_dagrun for example_external_task_marker_child to None, run_after=None
[2023-09-04T12:46:51.839+0000] {logging_mixin.py:150} INFO - [2023-09-04T12:46:51.839+0000] {dag.py:3508} INFO - Setting next_dagrun for example_external_task_marker_parent to None, run_after=None
[2023-09-04T12:46:51.880+0000] {processor.py:179} INFO - Processing /home/airflow/.local/lib/python3.7/site-packages/airflow/example_dags/example_external_task_marker_dag.py took 0.193 seconds
[2023-09-04T12:47:22.531+0000] {processor.py:157} INFO - Started process (PID=886) to work on /home/airflow/.local/lib/python3.7/site-packages/airflow/example_dags/example_external_task_marker_dag.py
[2023-09-04T12:47:22.564+0000] {processor.py:826} INFO - Processing file /home/airflow/.local/lib/python3.7/site-packages/airflow/example_dags/example_external_task_marker_dag.py for tasks to queue
[2023-09-04T12:47:22.570+0000] {logging_mixin.py:150} INFO - [2023-09-04T12:47:22.569+0000] {dagbag.py:541} INFO - Filling up the DagBag from /home/airflow/.local/lib/python3.7/site-packages/airflow/example_dags/example_external_task_marker_dag.py
[2023-09-04T12:47:22.605+0000] {processor.py:836} INFO - DAG(s) dict_keys(['example_external_task_marker_parent', 'example_external_task_marker_child']) retrieved from /home/airflow/.local/lib/python3.7/site-packages/airflow/example_dags/example_external_task_marker_dag.py
[2023-09-04T12:47:22.714+0000] {logging_mixin.py:150} INFO - [2023-09-04T12:47:22.714+0000] {dag.py:2742} INFO - Sync 2 DAGs
[2023-09-04T12:47:22.813+0000] {logging_mixin.py:150} INFO - [2023-09-04T12:47:22.813+0000] {dag.py:3508} INFO - Setting next_dagrun for example_external_task_marker_child to None, run_after=None
[2023-09-04T12:47:22.826+0000] {logging_mixin.py:150} INFO - [2023-09-04T12:47:22.825+0000] {dag.py:3508} INFO - Setting next_dagrun for example_external_task_marker_parent to None, run_after=None
[2023-09-04T12:47:23.028+0000] {processor.py:179} INFO - Processing /home/airflow/.local/lib/python3.7/site-packages/airflow/example_dags/example_external_task_marker_dag.py took 0.506 seconds
[2023-09-04T12:47:53.844+0000] {processor.py:157} INFO - Started process (PID=946) to work on /home/airflow/.local/lib/python3.7/site-packages/airflow/example_dags/example_external_task_marker_dag.py
[2023-09-04T12:47:53.847+0000] {processor.py:826} INFO - Processing file /home/airflow/.local/lib/python3.7/site-packages/airflow/example_dags/example_external_task_marker_dag.py for tasks to queue
[2023-09-04T12:47:53.850+0000] {logging_mixin.py:150} INFO - [2023-09-04T12:47:53.850+0000] {dagbag.py:541} INFO - Filling up the DagBag from /home/airflow/.local/lib/python3.7/site-packages/airflow/example_dags/example_external_task_marker_dag.py
[2023-09-04T12:47:53.873+0000] {processor.py:836} INFO - DAG(s) dict_keys(['example_external_task_marker_child', 'example_external_task_marker_parent']) retrieved from /home/airflow/.local/lib/python3.7/site-packages/airflow/example_dags/example_external_task_marker_dag.py
[2023-09-04T12:47:53.992+0000] {logging_mixin.py:150} INFO - [2023-09-04T12:47:53.992+0000] {dag.py:2742} INFO - Sync 2 DAGs
[2023-09-04T12:47:54.116+0000] {logging_mixin.py:150} INFO - [2023-09-04T12:47:54.116+0000] {dag.py:3508} INFO - Setting next_dagrun for example_external_task_marker_child to None, run_after=None
[2023-09-04T12:47:54.133+0000] {logging_mixin.py:150} INFO - [2023-09-04T12:47:54.133+0000] {dag.py:3508} INFO - Setting next_dagrun for example_external_task_marker_parent to None, run_after=None
[2023-09-04T12:47:54.225+0000] {processor.py:179} INFO - Processing /home/airflow/.local/lib/python3.7/site-packages/airflow/example_dags/example_external_task_marker_dag.py took 0.388 seconds
[2023-09-04T12:48:24.550+0000] {processor.py:157} INFO - Started process (PID=1005) to work on /home/airflow/.local/lib/python3.7/site-packages/airflow/example_dags/example_external_task_marker_dag.py
[2023-09-04T12:48:24.553+0000] {processor.py:826} INFO - Processing file /home/airflow/.local/lib/python3.7/site-packages/airflow/example_dags/example_external_task_marker_dag.py for tasks to queue
[2023-09-04T12:48:24.557+0000] {logging_mixin.py:150} INFO - [2023-09-04T12:48:24.556+0000] {dagbag.py:541} INFO - Filling up the DagBag from /home/airflow/.local/lib/python3.7/site-packages/airflow/example_dags/example_external_task_marker_dag.py
[2023-09-04T12:48:24.575+0000] {processor.py:836} INFO - DAG(s) dict_keys(['example_external_task_marker_child', 'example_external_task_marker_parent']) retrieved from /home/airflow/.local/lib/python3.7/site-packages/airflow/example_dags/example_external_task_marker_dag.py
[2023-09-04T12:48:24.702+0000] {logging_mixin.py:150} INFO - [2023-09-04T12:48:24.701+0000] {dag.py:2742} INFO - Sync 2 DAGs
[2023-09-04T12:48:24.752+0000] {logging_mixin.py:150} INFO - [2023-09-04T12:48:24.752+0000] {dag.py:3508} INFO - Setting next_dagrun for example_external_task_marker_child to None, run_after=None
[2023-09-04T12:48:24.759+0000] {logging_mixin.py:150} INFO - [2023-09-04T12:48:24.759+0000] {dag.py:3508} INFO - Setting next_dagrun for example_external_task_marker_parent to None, run_after=None
[2023-09-04T12:48:24.805+0000] {processor.py:179} INFO - Processing /home/airflow/.local/lib/python3.7/site-packages/airflow/example_dags/example_external_task_marker_dag.py took 0.268 seconds
[2023-09-04T12:48:55.430+0000] {processor.py:157} INFO - Started process (PID=1065) to work on /home/airflow/.local/lib/python3.7/site-packages/airflow/example_dags/example_external_task_marker_dag.py
[2023-09-04T12:48:55.434+0000] {processor.py:826} INFO - Processing file /home/airflow/.local/lib/python3.7/site-packages/airflow/example_dags/example_external_task_marker_dag.py for tasks to queue
[2023-09-04T12:48:55.438+0000] {logging_mixin.py:150} INFO - [2023-09-04T12:48:55.437+0000] {dagbag.py:541} INFO - Filling up the DagBag from /home/airflow/.local/lib/python3.7/site-packages/airflow/example_dags/example_external_task_marker_dag.py
[2023-09-04T12:48:55.462+0000] {processor.py:836} INFO - DAG(s) dict_keys(['example_external_task_marker_child', 'example_external_task_marker_parent']) retrieved from /home/airflow/.local/lib/python3.7/site-packages/airflow/example_dags/example_external_task_marker_dag.py
[2023-09-04T12:48:55.541+0000] {logging_mixin.py:150} INFO - [2023-09-04T12:48:55.541+0000] {dag.py:2742} INFO - Sync 2 DAGs
[2023-09-04T12:48:55.597+0000] {logging_mixin.py:150} INFO - [2023-09-04T12:48:55.597+0000] {dag.py:3508} INFO - Setting next_dagrun for example_external_task_marker_child to None, run_after=None
[2023-09-04T12:48:55.605+0000] {logging_mixin.py:150} INFO - [2023-09-04T12:48:55.605+0000] {dag.py:3508} INFO - Setting next_dagrun for example_external_task_marker_parent to None, run_after=None
[2023-09-04T12:48:55.641+0000] {processor.py:179} INFO - Processing /home/airflow/.local/lib/python3.7/site-packages/airflow/example_dags/example_external_task_marker_dag.py took 0.226 seconds
[2023-09-04T12:49:25.986+0000] {processor.py:157} INFO - Started process (PID=1123) to work on /home/airflow/.local/lib/python3.7/site-packages/airflow/example_dags/example_external_task_marker_dag.py
[2023-09-04T12:49:25.988+0000] {processor.py:826} INFO - Processing file /home/airflow/.local/lib/python3.7/site-packages/airflow/example_dags/example_external_task_marker_dag.py for tasks to queue
[2023-09-04T12:49:25.991+0000] {logging_mixin.py:150} INFO - [2023-09-04T12:49:25.991+0000] {dagbag.py:541} INFO - Filling up the DagBag from /home/airflow/.local/lib/python3.7/site-packages/airflow/example_dags/example_external_task_marker_dag.py
[2023-09-04T12:49:26.009+0000] {processor.py:836} INFO - DAG(s) dict_keys(['example_external_task_marker_parent', 'example_external_task_marker_child']) retrieved from /home/airflow/.local/lib/python3.7/site-packages/airflow/example_dags/example_external_task_marker_dag.py
[2023-09-04T12:49:26.113+0000] {logging_mixin.py:150} INFO - [2023-09-04T12:49:26.112+0000] {dag.py:2742} INFO - Sync 2 DAGs
[2023-09-04T12:49:26.184+0000] {logging_mixin.py:150} INFO - [2023-09-04T12:49:26.183+0000] {dag.py:3508} INFO - Setting next_dagrun for example_external_task_marker_child to None, run_after=None
[2023-09-04T12:49:26.195+0000] {logging_mixin.py:150} INFO - [2023-09-04T12:49:26.194+0000] {dag.py:3508} INFO - Setting next_dagrun for example_external_task_marker_parent to None, run_after=None
[2023-09-04T12:49:26.232+0000] {processor.py:179} INFO - Processing /home/airflow/.local/lib/python3.7/site-packages/airflow/example_dags/example_external_task_marker_dag.py took 0.251 seconds
[2023-09-04T12:51:13.401+0000] {processor.py:157} INFO - Started process (PID=53) to work on /home/airflow/.local/lib/python3.7/site-packages/airflow/example_dags/example_external_task_marker_dag.py
[2023-09-04T12:51:13.403+0000] {processor.py:826} INFO - Processing file /home/airflow/.local/lib/python3.7/site-packages/airflow/example_dags/example_external_task_marker_dag.py for tasks to queue
[2023-09-04T12:51:13.410+0000] {logging_mixin.py:150} INFO - [2023-09-04T12:51:13.409+0000] {dagbag.py:541} INFO - Filling up the DagBag from /home/airflow/.local/lib/python3.7/site-packages/airflow/example_dags/example_external_task_marker_dag.py
[2023-09-04T12:51:13.475+0000] {processor.py:836} INFO - DAG(s) dict_keys(['example_external_task_marker_parent', 'example_external_task_marker_child']) retrieved from /home/airflow/.local/lib/python3.7/site-packages/airflow/example_dags/example_external_task_marker_dag.py
[2023-09-04T12:51:13.653+0000] {logging_mixin.py:150} INFO - [2023-09-04T12:51:13.653+0000] {dag.py:2742} INFO - Sync 2 DAGs
[2023-09-04T12:51:13.823+0000] {logging_mixin.py:150} INFO - [2023-09-04T12:51:13.823+0000] {dag.py:3508} INFO - Setting next_dagrun for example_external_task_marker_child to None, run_after=None
[2023-09-04T12:51:13.833+0000] {logging_mixin.py:150} INFO - [2023-09-04T12:51:13.833+0000] {dag.py:3508} INFO - Setting next_dagrun for example_external_task_marker_parent to None, run_after=None
[2023-09-04T12:51:13.976+0000] {processor.py:179} INFO - Processing /home/airflow/.local/lib/python3.7/site-packages/airflow/example_dags/example_external_task_marker_dag.py took 0.582 seconds
[2023-09-04T12:51:44.206+0000] {processor.py:157} INFO - Started process (PID=111) to work on /home/airflow/.local/lib/python3.7/site-packages/airflow/example_dags/example_external_task_marker_dag.py
[2023-09-04T12:51:44.208+0000] {processor.py:826} INFO - Processing file /home/airflow/.local/lib/python3.7/site-packages/airflow/example_dags/example_external_task_marker_dag.py for tasks to queue
[2023-09-04T12:51:44.210+0000] {logging_mixin.py:150} INFO - [2023-09-04T12:51:44.210+0000] {dagbag.py:541} INFO - Filling up the DagBag from /home/airflow/.local/lib/python3.7/site-packages/airflow/example_dags/example_external_task_marker_dag.py
[2023-09-04T12:51:44.223+0000] {processor.py:836} INFO - DAG(s) dict_keys(['example_external_task_marker_child', 'example_external_task_marker_parent']) retrieved from /home/airflow/.local/lib/python3.7/site-packages/airflow/example_dags/example_external_task_marker_dag.py
[2023-09-04T12:51:44.278+0000] {logging_mixin.py:150} INFO - [2023-09-04T12:51:44.278+0000] {dag.py:2742} INFO - Sync 2 DAGs
[2023-09-04T12:51:44.338+0000] {logging_mixin.py:150} INFO - [2023-09-04T12:51:44.337+0000] {dag.py:3508} INFO - Setting next_dagrun for example_external_task_marker_child to None, run_after=None
[2023-09-04T12:51:44.345+0000] {logging_mixin.py:150} INFO - [2023-09-04T12:51:44.345+0000] {dag.py:3508} INFO - Setting next_dagrun for example_external_task_marker_parent to None, run_after=None
[2023-09-04T12:51:44.403+0000] {processor.py:179} INFO - Processing /home/airflow/.local/lib/python3.7/site-packages/airflow/example_dags/example_external_task_marker_dag.py took 0.202 seconds
[2023-09-04T12:52:14.706+0000] {processor.py:157} INFO - Started process (PID=170) to work on /home/airflow/.local/lib/python3.7/site-packages/airflow/example_dags/example_external_task_marker_dag.py
[2023-09-04T12:52:14.721+0000] {processor.py:826} INFO - Processing file /home/airflow/.local/lib/python3.7/site-packages/airflow/example_dags/example_external_task_marker_dag.py for tasks to queue
[2023-09-04T12:52:14.725+0000] {logging_mixin.py:150} INFO - [2023-09-04T12:52:14.724+0000] {dagbag.py:541} INFO - Filling up the DagBag from /home/airflow/.local/lib/python3.7/site-packages/airflow/example_dags/example_external_task_marker_dag.py
[2023-09-04T12:52:14.750+0000] {processor.py:836} INFO - DAG(s) dict_keys(['example_external_task_marker_parent', 'example_external_task_marker_child']) retrieved from /home/airflow/.local/lib/python3.7/site-packages/airflow/example_dags/example_external_task_marker_dag.py
[2023-09-04T12:52:14.809+0000] {logging_mixin.py:150} INFO - [2023-09-04T12:52:14.809+0000] {dag.py:2742} INFO - Sync 2 DAGs
[2023-09-04T12:52:14.863+0000] {logging_mixin.py:150} INFO - [2023-09-04T12:52:14.862+0000] {dag.py:3508} INFO - Setting next_dagrun for example_external_task_marker_child to None, run_after=None
[2023-09-04T12:52:14.872+0000] {logging_mixin.py:150} INFO - [2023-09-04T12:52:14.871+0000] {dag.py:3508} INFO - Setting next_dagrun for example_external_task_marker_parent to None, run_after=None
[2023-09-04T12:52:14.926+0000] {processor.py:179} INFO - Processing /home/airflow/.local/lib/python3.7/site-packages/airflow/example_dags/example_external_task_marker_dag.py took 0.231 seconds
[2023-09-04T12:52:47.692+0000] {processor.py:157} INFO - Started process (PID=229) to work on /home/airflow/.local/lib/python3.7/site-packages/airflow/example_dags/example_external_task_marker_dag.py
[2023-09-04T12:52:47.704+0000] {processor.py:826} INFO - Processing file /home/airflow/.local/lib/python3.7/site-packages/airflow/example_dags/example_external_task_marker_dag.py for tasks to queue
[2023-09-04T12:52:47.707+0000] {logging_mixin.py:150} INFO - [2023-09-04T12:52:47.706+0000] {dagbag.py:541} INFO - Filling up the DagBag from /home/airflow/.local/lib/python3.7/site-packages/airflow/example_dags/example_external_task_marker_dag.py
[2023-09-04T12:52:47.740+0000] {processor.py:836} INFO - DAG(s) dict_keys(['example_external_task_marker_parent', 'example_external_task_marker_child']) retrieved from /home/airflow/.local/lib/python3.7/site-packages/airflow/example_dags/example_external_task_marker_dag.py
[2023-09-04T12:52:47.873+0000] {logging_mixin.py:150} INFO - [2023-09-04T12:52:47.873+0000] {dag.py:2742} INFO - Sync 2 DAGs
[2023-09-04T12:52:48.028+0000] {logging_mixin.py:150} INFO - [2023-09-04T12:52:48.028+0000] {dag.py:3508} INFO - Setting next_dagrun for example_external_task_marker_child to None, run_after=None
[2023-09-04T12:52:48.052+0000] {logging_mixin.py:150} INFO - [2023-09-04T12:52:48.052+0000] {dag.py:3508} INFO - Setting next_dagrun for example_external_task_marker_parent to None, run_after=None
[2023-09-04T12:52:48.194+0000] {processor.py:179} INFO - Processing /home/airflow/.local/lib/python3.7/site-packages/airflow/example_dags/example_external_task_marker_dag.py took 0.510 seconds
[2023-09-04T12:53:18.994+0000] {processor.py:157} INFO - Started process (PID=289) to work on /home/airflow/.local/lib/python3.7/site-packages/airflow/example_dags/example_external_task_marker_dag.py
[2023-09-04T12:53:19.005+0000] {processor.py:826} INFO - Processing file /home/airflow/.local/lib/python3.7/site-packages/airflow/example_dags/example_external_task_marker_dag.py for tasks to queue
[2023-09-04T12:53:19.016+0000] {logging_mixin.py:150} INFO - [2023-09-04T12:53:19.015+0000] {dagbag.py:541} INFO - Filling up the DagBag from /home/airflow/.local/lib/python3.7/site-packages/airflow/example_dags/example_external_task_marker_dag.py
[2023-09-04T12:53:19.044+0000] {processor.py:836} INFO - DAG(s) dict_keys(['example_external_task_marker_child', 'example_external_task_marker_parent']) retrieved from /home/airflow/.local/lib/python3.7/site-packages/airflow/example_dags/example_external_task_marker_dag.py
[2023-09-04T12:53:19.172+0000] {logging_mixin.py:150} INFO - [2023-09-04T12:53:19.171+0000] {dag.py:2742} INFO - Sync 2 DAGs
[2023-09-04T12:53:19.243+0000] {logging_mixin.py:150} INFO - [2023-09-04T12:53:19.243+0000] {dag.py:3508} INFO - Setting next_dagrun for example_external_task_marker_child to None, run_after=None
[2023-09-04T12:53:19.251+0000] {logging_mixin.py:150} INFO - [2023-09-04T12:53:19.251+0000] {dag.py:3508} INFO - Setting next_dagrun for example_external_task_marker_parent to None, run_after=None
[2023-09-04T12:53:19.296+0000] {processor.py:179} INFO - Processing /home/airflow/.local/lib/python3.7/site-packages/airflow/example_dags/example_external_task_marker_dag.py took 0.319 seconds
[2023-09-04T12:53:50.119+0000] {processor.py:157} INFO - Started process (PID=343) to work on /home/airflow/.local/lib/python3.7/site-packages/airflow/example_dags/example_external_task_marker_dag.py
[2023-09-04T12:53:50.122+0000] {processor.py:826} INFO - Processing file /home/airflow/.local/lib/python3.7/site-packages/airflow/example_dags/example_external_task_marker_dag.py for tasks to queue
[2023-09-04T12:53:50.125+0000] {logging_mixin.py:150} INFO - [2023-09-04T12:53:50.125+0000] {dagbag.py:541} INFO - Filling up the DagBag from /home/airflow/.local/lib/python3.7/site-packages/airflow/example_dags/example_external_task_marker_dag.py
[2023-09-04T12:53:50.140+0000] {processor.py:836} INFO - DAG(s) dict_keys(['example_external_task_marker_child', 'example_external_task_marker_parent']) retrieved from /home/airflow/.local/lib/python3.7/site-packages/airflow/example_dags/example_external_task_marker_dag.py
[2023-09-04T12:53:50.271+0000] {logging_mixin.py:150} INFO - [2023-09-04T12:53:50.271+0000] {dag.py:2742} INFO - Sync 2 DAGs
[2023-09-04T12:53:50.405+0000] {logging_mixin.py:150} INFO - [2023-09-04T12:53:50.405+0000] {dag.py:3508} INFO - Setting next_dagrun for example_external_task_marker_child to None, run_after=None
[2023-09-04T12:53:50.418+0000] {logging_mixin.py:150} INFO - [2023-09-04T12:53:50.418+0000] {dag.py:3508} INFO - Setting next_dagrun for example_external_task_marker_parent to None, run_after=None
[2023-09-04T12:53:50.514+0000] {processor.py:179} INFO - Processing /home/airflow/.local/lib/python3.7/site-packages/airflow/example_dags/example_external_task_marker_dag.py took 0.403 seconds
[2023-09-04T12:54:20.888+0000] {processor.py:157} INFO - Started process (PID=401) to work on /home/airflow/.local/lib/python3.7/site-packages/airflow/example_dags/example_external_task_marker_dag.py
[2023-09-04T12:54:20.891+0000] {processor.py:826} INFO - Processing file /home/airflow/.local/lib/python3.7/site-packages/airflow/example_dags/example_external_task_marker_dag.py for tasks to queue
[2023-09-04T12:54:20.893+0000] {logging_mixin.py:150} INFO - [2023-09-04T12:54:20.893+0000] {dagbag.py:541} INFO - Filling up the DagBag from /home/airflow/.local/lib/python3.7/site-packages/airflow/example_dags/example_external_task_marker_dag.py
[2023-09-04T12:54:20.911+0000] {processor.py:836} INFO - DAG(s) dict_keys(['example_external_task_marker_parent', 'example_external_task_marker_child']) retrieved from /home/airflow/.local/lib/python3.7/site-packages/airflow/example_dags/example_external_task_marker_dag.py
[2023-09-04T12:54:20.975+0000] {logging_mixin.py:150} INFO - [2023-09-04T12:54:20.974+0000] {dag.py:2742} INFO - Sync 2 DAGs
[2023-09-04T12:54:21.038+0000] {logging_mixin.py:150} INFO - [2023-09-04T12:54:21.037+0000] {dag.py:3508} INFO - Setting next_dagrun for example_external_task_marker_child to None, run_after=None
[2023-09-04T12:54:21.047+0000] {logging_mixin.py:150} INFO - [2023-09-04T12:54:21.046+0000] {dag.py:3508} INFO - Setting next_dagrun for example_external_task_marker_parent to None, run_after=None
[2023-09-04T12:54:21.082+0000] {processor.py:179} INFO - Processing /home/airflow/.local/lib/python3.7/site-packages/airflow/example_dags/example_external_task_marker_dag.py took 0.201 seconds
[2023-09-04T12:54:51.685+0000] {processor.py:157} INFO - Started process (PID=460) to work on /home/airflow/.local/lib/python3.7/site-packages/airflow/example_dags/example_external_task_marker_dag.py
[2023-09-04T12:54:51.688+0000] {processor.py:826} INFO - Processing file /home/airflow/.local/lib/python3.7/site-packages/airflow/example_dags/example_external_task_marker_dag.py for tasks to queue
[2023-09-04T12:54:51.690+0000] {logging_mixin.py:150} INFO - [2023-09-04T12:54:51.689+0000] {dagbag.py:541} INFO - Filling up the DagBag from /home/airflow/.local/lib/python3.7/site-packages/airflow/example_dags/example_external_task_marker_dag.py
[2023-09-04T12:54:51.701+0000] {processor.py:836} INFO - DAG(s) dict_keys(['example_external_task_marker_parent', 'example_external_task_marker_child']) retrieved from /home/airflow/.local/lib/python3.7/site-packages/airflow/example_dags/example_external_task_marker_dag.py
[2023-09-04T12:54:51.758+0000] {logging_mixin.py:150} INFO - [2023-09-04T12:54:51.757+0000] {dag.py:2742} INFO - Sync 2 DAGs
[2023-09-04T12:54:51.818+0000] {logging_mixin.py:150} INFO - [2023-09-04T12:54:51.818+0000] {dag.py:3508} INFO - Setting next_dagrun for example_external_task_marker_child to None, run_after=None
[2023-09-04T12:54:51.830+0000] {logging_mixin.py:150} INFO - [2023-09-04T12:54:51.830+0000] {dag.py:3508} INFO - Setting next_dagrun for example_external_task_marker_parent to None, run_after=None
[2023-09-04T12:54:51.891+0000] {processor.py:179} INFO - Processing /home/airflow/.local/lib/python3.7/site-packages/airflow/example_dags/example_external_task_marker_dag.py took 0.212 seconds
[2023-09-04T12:55:22.540+0000] {processor.py:157} INFO - Started process (PID=519) to work on /home/airflow/.local/lib/python3.7/site-packages/airflow/example_dags/example_external_task_marker_dag.py
[2023-09-04T12:55:22.543+0000] {processor.py:826} INFO - Processing file /home/airflow/.local/lib/python3.7/site-packages/airflow/example_dags/example_external_task_marker_dag.py for tasks to queue
[2023-09-04T12:55:22.545+0000] {logging_mixin.py:150} INFO - [2023-09-04T12:55:22.544+0000] {dagbag.py:541} INFO - Filling up the DagBag from /home/airflow/.local/lib/python3.7/site-packages/airflow/example_dags/example_external_task_marker_dag.py
[2023-09-04T12:55:22.557+0000] {processor.py:836} INFO - DAG(s) dict_keys(['example_external_task_marker_child', 'example_external_task_marker_parent']) retrieved from /home/airflow/.local/lib/python3.7/site-packages/airflow/example_dags/example_external_task_marker_dag.py
[2023-09-04T12:55:22.621+0000] {logging_mixin.py:150} INFO - [2023-09-04T12:55:22.621+0000] {dag.py:2742} INFO - Sync 2 DAGs
[2023-09-04T12:55:22.689+0000] {logging_mixin.py:150} INFO - [2023-09-04T12:55:22.689+0000] {dag.py:3508} INFO - Setting next_dagrun for example_external_task_marker_child to None, run_after=None
[2023-09-04T12:55:22.702+0000] {logging_mixin.py:150} INFO - [2023-09-04T12:55:22.700+0000] {dag.py:3508} INFO - Setting next_dagrun for example_external_task_marker_parent to None, run_after=None
[2023-09-04T12:55:22.748+0000] {processor.py:179} INFO - Processing /home/airflow/.local/lib/python3.7/site-packages/airflow/example_dags/example_external_task_marker_dag.py took 0.213 seconds
[2023-09-04T12:55:53.123+0000] {processor.py:157} INFO - Started process (PID=579) to work on /home/airflow/.local/lib/python3.7/site-packages/airflow/example_dags/example_external_task_marker_dag.py
[2023-09-04T12:55:53.126+0000] {processor.py:826} INFO - Processing file /home/airflow/.local/lib/python3.7/site-packages/airflow/example_dags/example_external_task_marker_dag.py for tasks to queue
[2023-09-04T12:55:53.129+0000] {logging_mixin.py:150} INFO - [2023-09-04T12:55:53.128+0000] {dagbag.py:541} INFO - Filling up the DagBag from /home/airflow/.local/lib/python3.7/site-packages/airflow/example_dags/example_external_task_marker_dag.py
[2023-09-04T12:55:53.146+0000] {processor.py:836} INFO - DAG(s) dict_keys(['example_external_task_marker_child', 'example_external_task_marker_parent']) retrieved from /home/airflow/.local/lib/python3.7/site-packages/airflow/example_dags/example_external_task_marker_dag.py
[2023-09-04T12:55:53.229+0000] {logging_mixin.py:150} INFO - [2023-09-04T12:55:53.229+0000] {dag.py:2742} INFO - Sync 2 DAGs
[2023-09-04T12:55:53.309+0000] {logging_mixin.py:150} INFO - [2023-09-04T12:55:53.308+0000] {dag.py:3508} INFO - Setting next_dagrun for example_external_task_marker_child to None, run_after=None
[2023-09-04T12:55:53.323+0000] {logging_mixin.py:150} INFO - [2023-09-04T12:55:53.323+0000] {dag.py:3508} INFO - Setting next_dagrun for example_external_task_marker_parent to None, run_after=None
[2023-09-04T12:55:53.362+0000] {processor.py:179} INFO - Processing /home/airflow/.local/lib/python3.7/site-packages/airflow/example_dags/example_external_task_marker_dag.py took 0.246 seconds
[2023-09-04T12:56:23.879+0000] {processor.py:157} INFO - Started process (PID=638) to work on /home/airflow/.local/lib/python3.7/site-packages/airflow/example_dags/example_external_task_marker_dag.py
[2023-09-04T12:56:23.881+0000] {processor.py:826} INFO - Processing file /home/airflow/.local/lib/python3.7/site-packages/airflow/example_dags/example_external_task_marker_dag.py for tasks to queue
[2023-09-04T12:56:23.884+0000] {logging_mixin.py:150} INFO - [2023-09-04T12:56:23.882+0000] {dagbag.py:541} INFO - Filling up the DagBag from /home/airflow/.local/lib/python3.7/site-packages/airflow/example_dags/example_external_task_marker_dag.py
[2023-09-04T12:56:23.898+0000] {processor.py:836} INFO - DAG(s) dict_keys(['example_external_task_marker_child', 'example_external_task_marker_parent']) retrieved from /home/airflow/.local/lib/python3.7/site-packages/airflow/example_dags/example_external_task_marker_dag.py
[2023-09-04T12:56:23.954+0000] {logging_mixin.py:150} INFO - [2023-09-04T12:56:23.954+0000] {dag.py:2742} INFO - Sync 2 DAGs
[2023-09-04T12:56:24.006+0000] {logging_mixin.py:150} INFO - [2023-09-04T12:56:24.004+0000] {dag.py:3508} INFO - Setting next_dagrun for example_external_task_marker_child to None, run_after=None
[2023-09-04T12:56:24.015+0000] {logging_mixin.py:150} INFO - [2023-09-04T12:56:24.015+0000] {dag.py:3508} INFO - Setting next_dagrun for example_external_task_marker_parent to None, run_after=None
[2023-09-04T12:56:24.075+0000] {processor.py:179} INFO - Processing /home/airflow/.local/lib/python3.7/site-packages/airflow/example_dags/example_external_task_marker_dag.py took 0.202 seconds
[2023-09-04T12:56:54.543+0000] {processor.py:157} INFO - Started process (PID=697) to work on /home/airflow/.local/lib/python3.7/site-packages/airflow/example_dags/example_external_task_marker_dag.py
[2023-09-04T12:56:54.545+0000] {processor.py:826} INFO - Processing file /home/airflow/.local/lib/python3.7/site-packages/airflow/example_dags/example_external_task_marker_dag.py for tasks to queue
[2023-09-04T12:56:54.548+0000] {logging_mixin.py:150} INFO - [2023-09-04T12:56:54.547+0000] {dagbag.py:541} INFO - Filling up the DagBag from /home/airflow/.local/lib/python3.7/site-packages/airflow/example_dags/example_external_task_marker_dag.py
[2023-09-04T12:56:54.562+0000] {processor.py:836} INFO - DAG(s) dict_keys(['example_external_task_marker_child', 'example_external_task_marker_parent']) retrieved from /home/airflow/.local/lib/python3.7/site-packages/airflow/example_dags/example_external_task_marker_dag.py
[2023-09-04T12:56:54.632+0000] {logging_mixin.py:150} INFO - [2023-09-04T12:56:54.632+0000] {dag.py:2742} INFO - Sync 2 DAGs
[2023-09-04T12:56:54.694+0000] {logging_mixin.py:150} INFO - [2023-09-04T12:56:54.694+0000] {dag.py:3508} INFO - Setting next_dagrun for example_external_task_marker_child to None, run_after=None
[2023-09-04T12:56:54.703+0000] {logging_mixin.py:150} INFO - [2023-09-04T12:56:54.702+0000] {dag.py:3508} INFO - Setting next_dagrun for example_external_task_marker_parent to None, run_after=None
[2023-09-04T12:56:54.745+0000] {processor.py:179} INFO - Processing /home/airflow/.local/lib/python3.7/site-packages/airflow/example_dags/example_external_task_marker_dag.py took 0.210 seconds
[2023-09-04T12:57:26.106+0000] {processor.py:157} INFO - Started process (PID=755) to work on /home/airflow/.local/lib/python3.7/site-packages/airflow/example_dags/example_external_task_marker_dag.py
[2023-09-04T12:57:26.108+0000] {processor.py:826} INFO - Processing file /home/airflow/.local/lib/python3.7/site-packages/airflow/example_dags/example_external_task_marker_dag.py for tasks to queue
[2023-09-04T12:57:26.111+0000] {logging_mixin.py:150} INFO - [2023-09-04T12:57:26.110+0000] {dagbag.py:541} INFO - Filling up the DagBag from /home/airflow/.local/lib/python3.7/site-packages/airflow/example_dags/example_external_task_marker_dag.py
[2023-09-04T12:57:26.126+0000] {processor.py:836} INFO - DAG(s) dict_keys(['example_external_task_marker_parent', 'example_external_task_marker_child']) retrieved from /home/airflow/.local/lib/python3.7/site-packages/airflow/example_dags/example_external_task_marker_dag.py
[2023-09-04T12:57:26.223+0000] {logging_mixin.py:150} INFO - [2023-09-04T12:57:26.223+0000] {dag.py:2742} INFO - Sync 2 DAGs
[2023-09-04T12:57:26.367+0000] {logging_mixin.py:150} INFO - [2023-09-04T12:57:26.366+0000] {dag.py:3508} INFO - Setting next_dagrun for example_external_task_marker_child to None, run_after=None
[2023-09-04T12:57:26.384+0000] {logging_mixin.py:150} INFO - [2023-09-04T12:57:26.383+0000] {dag.py:3508} INFO - Setting next_dagrun for example_external_task_marker_parent to None, run_after=None
[2023-09-04T12:57:26.508+0000] {processor.py:179} INFO - Processing /home/airflow/.local/lib/python3.7/site-packages/airflow/example_dags/example_external_task_marker_dag.py took 0.414 seconds
[2023-09-04T12:57:57.097+0000] {processor.py:157} INFO - Started process (PID=814) to work on /home/airflow/.local/lib/python3.7/site-packages/airflow/example_dags/example_external_task_marker_dag.py
[2023-09-04T12:57:57.100+0000] {processor.py:826} INFO - Processing file /home/airflow/.local/lib/python3.7/site-packages/airflow/example_dags/example_external_task_marker_dag.py for tasks to queue
[2023-09-04T12:57:57.102+0000] {logging_mixin.py:150} INFO - [2023-09-04T12:57:57.102+0000] {dagbag.py:541} INFO - Filling up the DagBag from /home/airflow/.local/lib/python3.7/site-packages/airflow/example_dags/example_external_task_marker_dag.py
[2023-09-04T12:57:57.120+0000] {processor.py:836} INFO - DAG(s) dict_keys(['example_external_task_marker_parent', 'example_external_task_marker_child']) retrieved from /home/airflow/.local/lib/python3.7/site-packages/airflow/example_dags/example_external_task_marker_dag.py
[2023-09-04T12:57:57.188+0000] {logging_mixin.py:150} INFO - [2023-09-04T12:57:57.187+0000] {dag.py:2742} INFO - Sync 2 DAGs
[2023-09-04T12:57:57.248+0000] {logging_mixin.py:150} INFO - [2023-09-04T12:57:57.247+0000] {dag.py:3508} INFO - Setting next_dagrun for example_external_task_marker_child to None, run_after=None
[2023-09-04T12:57:57.255+0000] {logging_mixin.py:150} INFO - [2023-09-04T12:57:57.255+0000] {dag.py:3508} INFO - Setting next_dagrun for example_external_task_marker_parent to None, run_after=None
[2023-09-04T12:57:57.297+0000] {processor.py:179} INFO - Processing /home/airflow/.local/lib/python3.7/site-packages/airflow/example_dags/example_external_task_marker_dag.py took 0.208 seconds
[2023-09-04T12:58:27.657+0000] {processor.py:157} INFO - Started process (PID=873) to work on /home/airflow/.local/lib/python3.7/site-packages/airflow/example_dags/example_external_task_marker_dag.py
[2023-09-04T12:58:27.663+0000] {processor.py:826} INFO - Processing file /home/airflow/.local/lib/python3.7/site-packages/airflow/example_dags/example_external_task_marker_dag.py for tasks to queue
[2023-09-04T12:58:27.668+0000] {logging_mixin.py:150} INFO - [2023-09-04T12:58:27.667+0000] {dagbag.py:541} INFO - Filling up the DagBag from /home/airflow/.local/lib/python3.7/site-packages/airflow/example_dags/example_external_task_marker_dag.py
[2023-09-04T12:58:27.689+0000] {processor.py:836} INFO - DAG(s) dict_keys(['example_external_task_marker_child', 'example_external_task_marker_parent']) retrieved from /home/airflow/.local/lib/python3.7/site-packages/airflow/example_dags/example_external_task_marker_dag.py
[2023-09-04T12:58:27.771+0000] {logging_mixin.py:150} INFO - [2023-09-04T12:58:27.771+0000] {dag.py:2742} INFO - Sync 2 DAGs
[2023-09-04T12:58:27.838+0000] {logging_mixin.py:150} INFO - [2023-09-04T12:58:27.838+0000] {dag.py:3508} INFO - Setting next_dagrun for example_external_task_marker_child to None, run_after=None
[2023-09-04T12:58:27.845+0000] {logging_mixin.py:150} INFO - [2023-09-04T12:58:27.844+0000] {dag.py:3508} INFO - Setting next_dagrun for example_external_task_marker_parent to None, run_after=None
[2023-09-04T12:58:27.880+0000] {processor.py:179} INFO - Processing /home/airflow/.local/lib/python3.7/site-packages/airflow/example_dags/example_external_task_marker_dag.py took 0.236 seconds
