[2023-09-04T12:39:37.653+0000] {processor.py:157} INFO - Started process (PID=89) to work on /home/airflow/.local/lib/python3.7/site-packages/airflow/example_dags/example_xcomargs.py
[2023-09-04T12:39:37.672+0000] {processor.py:826} INFO - Processing file /home/airflow/.local/lib/python3.7/site-packages/airflow/example_dags/example_xcomargs.py for tasks to queue
[2023-09-04T12:39:37.699+0000] {logging_mixin.py:150} INFO - [2023-09-04T12:39:37.699+0000] {dagbag.py:541} INFO - Filling up the DagBag from /home/airflow/.local/lib/python3.7/site-packages/airflow/example_dags/example_xcomargs.py
[2023-09-04T12:39:37.828+0000] {processor.py:836} INFO - DAG(s) dict_keys(['example_xcom_args', 'example_xcom_args_with_operators']) retrieved from /home/airflow/.local/lib/python3.7/site-packages/airflow/example_dags/example_xcomargs.py
[2023-09-04T12:39:38.392+0000] {logging_mixin.py:150} INFO - [2023-09-04T12:39:38.391+0000] {dag.py:2742} INFO - Sync 2 DAGs
[2023-09-04T12:39:38.541+0000] {logging_mixin.py:150} INFO - [2023-09-04T12:39:38.541+0000] {dag.py:3508} INFO - Setting next_dagrun for example_xcom_args to None, run_after=None
[2023-09-04T12:39:38.555+0000] {logging_mixin.py:150} INFO - [2023-09-04T12:39:38.555+0000] {dag.py:3508} INFO - Setting next_dagrun for example_xcom_args_with_operators to None, run_after=None
[2023-09-04T12:39:38.709+0000] {processor.py:179} INFO - Processing /home/airflow/.local/lib/python3.7/site-packages/airflow/example_dags/example_xcomargs.py took 1.073 seconds
[2023-09-04T12:40:11.459+0000] {processor.py:157} INFO - Started process (PID=148) to work on /home/airflow/.local/lib/python3.7/site-packages/airflow/example_dags/example_xcomargs.py
[2023-09-04T12:40:11.461+0000] {processor.py:826} INFO - Processing file /home/airflow/.local/lib/python3.7/site-packages/airflow/example_dags/example_xcomargs.py for tasks to queue
[2023-09-04T12:40:11.464+0000] {logging_mixin.py:150} INFO - [2023-09-04T12:40:11.463+0000] {dagbag.py:541} INFO - Filling up the DagBag from /home/airflow/.local/lib/python3.7/site-packages/airflow/example_dags/example_xcomargs.py
[2023-09-04T12:40:11.515+0000] {processor.py:836} INFO - DAG(s) dict_keys(['example_xcom_args_with_operators', 'example_xcom_args']) retrieved from /home/airflow/.local/lib/python3.7/site-packages/airflow/example_dags/example_xcomargs.py
[2023-09-04T12:40:11.678+0000] {logging_mixin.py:150} INFO - [2023-09-04T12:40:11.677+0000] {dag.py:2742} INFO - Sync 2 DAGs
[2023-09-04T12:40:11.961+0000] {logging_mixin.py:150} INFO - [2023-09-04T12:40:11.961+0000] {dag.py:3508} INFO - Setting next_dagrun for example_xcom_args to None, run_after=None
[2023-09-04T12:40:11.993+0000] {logging_mixin.py:150} INFO - [2023-09-04T12:40:11.992+0000] {dag.py:3508} INFO - Setting next_dagrun for example_xcom_args_with_operators to None, run_after=None
[2023-09-04T12:40:12.088+0000] {processor.py:179} INFO - Processing /home/airflow/.local/lib/python3.7/site-packages/airflow/example_dags/example_xcomargs.py took 0.653 seconds
[2023-09-04T12:40:46.742+0000] {processor.py:157} INFO - Started process (PID=212) to work on /home/airflow/.local/lib/python3.7/site-packages/airflow/example_dags/example_xcomargs.py
[2023-09-04T12:40:46.745+0000] {processor.py:826} INFO - Processing file /home/airflow/.local/lib/python3.7/site-packages/airflow/example_dags/example_xcomargs.py for tasks to queue
[2023-09-04T12:40:46.781+0000] {logging_mixin.py:150} INFO - [2023-09-04T12:40:46.754+0000] {dagbag.py:541} INFO - Filling up the DagBag from /home/airflow/.local/lib/python3.7/site-packages/airflow/example_dags/example_xcomargs.py
[2023-09-04T12:40:46.865+0000] {processor.py:836} INFO - DAG(s) dict_keys(['example_xcom_args', 'example_xcom_args_with_operators']) retrieved from /home/airflow/.local/lib/python3.7/site-packages/airflow/example_dags/example_xcomargs.py
[2023-09-04T12:40:47.076+0000] {logging_mixin.py:150} INFO - [2023-09-04T12:40:47.076+0000] {dag.py:2742} INFO - Sync 2 DAGs
[2023-09-04T12:40:47.473+0000] {logging_mixin.py:150} INFO - [2023-09-04T12:40:47.473+0000] {dag.py:3508} INFO - Setting next_dagrun for example_xcom_args to None, run_after=None
[2023-09-04T12:40:47.541+0000] {logging_mixin.py:150} INFO - [2023-09-04T12:40:47.541+0000] {dag.py:3508} INFO - Setting next_dagrun for example_xcom_args_with_operators to None, run_after=None
[2023-09-04T12:40:47.926+0000] {processor.py:179} INFO - Processing /home/airflow/.local/lib/python3.7/site-packages/airflow/example_dags/example_xcomargs.py took 1.248 seconds
[2023-09-04T12:41:21.952+0000] {processor.py:157} INFO - Started process (PID=270) to work on /home/airflow/.local/lib/python3.7/site-packages/airflow/example_dags/example_xcomargs.py
[2023-09-04T12:41:21.983+0000] {processor.py:826} INFO - Processing file /home/airflow/.local/lib/python3.7/site-packages/airflow/example_dags/example_xcomargs.py for tasks to queue
[2023-09-04T12:41:22.015+0000] {logging_mixin.py:150} INFO - [2023-09-04T12:41:22.015+0000] {dagbag.py:541} INFO - Filling up the DagBag from /home/airflow/.local/lib/python3.7/site-packages/airflow/example_dags/example_xcomargs.py
[2023-09-04T12:41:22.191+0000] {processor.py:836} INFO - DAG(s) dict_keys(['example_xcom_args', 'example_xcom_args_with_operators']) retrieved from /home/airflow/.local/lib/python3.7/site-packages/airflow/example_dags/example_xcomargs.py
[2023-09-04T12:41:22.615+0000] {logging_mixin.py:150} INFO - [2023-09-04T12:41:22.614+0000] {dag.py:2742} INFO - Sync 2 DAGs
[2023-09-04T12:41:22.905+0000] {logging_mixin.py:150} INFO - [2023-09-04T12:41:22.904+0000] {dag.py:3508} INFO - Setting next_dagrun for example_xcom_args to None, run_after=None
[2023-09-04T12:41:22.951+0000] {logging_mixin.py:150} INFO - [2023-09-04T12:41:22.937+0000] {dag.py:3508} INFO - Setting next_dagrun for example_xcom_args_with_operators to None, run_after=None
[2023-09-04T12:41:23.094+0000] {processor.py:179} INFO - Processing /home/airflow/.local/lib/python3.7/site-packages/airflow/example_dags/example_xcomargs.py took 1.161 seconds
[2023-09-04T12:42:02.551+0000] {processor.py:157} INFO - Started process (PID=334) to work on /home/airflow/.local/lib/python3.7/site-packages/airflow/example_dags/example_xcomargs.py
[2023-09-04T12:42:02.605+0000] {processor.py:826} INFO - Processing file /home/airflow/.local/lib/python3.7/site-packages/airflow/example_dags/example_xcomargs.py for tasks to queue
[2023-09-04T12:42:02.643+0000] {logging_mixin.py:150} INFO - [2023-09-04T12:42:02.642+0000] {dagbag.py:541} INFO - Filling up the DagBag from /home/airflow/.local/lib/python3.7/site-packages/airflow/example_dags/example_xcomargs.py
[2023-09-04T12:42:02.703+0000] {processor.py:836} INFO - DAG(s) dict_keys(['example_xcom_args', 'example_xcom_args_with_operators']) retrieved from /home/airflow/.local/lib/python3.7/site-packages/airflow/example_dags/example_xcomargs.py
[2023-09-04T12:42:02.925+0000] {logging_mixin.py:150} INFO - [2023-09-04T12:42:02.925+0000] {dag.py:2742} INFO - Sync 2 DAGs
[2023-09-04T12:42:03.206+0000] {logging_mixin.py:150} INFO - [2023-09-04T12:42:03.205+0000] {dag.py:3508} INFO - Setting next_dagrun for example_xcom_args to None, run_after=None
[2023-09-04T12:42:03.255+0000] {logging_mixin.py:150} INFO - [2023-09-04T12:42:03.255+0000] {dag.py:3508} INFO - Setting next_dagrun for example_xcom_args_with_operators to None, run_after=None
[2023-09-04T12:42:03.450+0000] {processor.py:179} INFO - Processing /home/airflow/.local/lib/python3.7/site-packages/airflow/example_dags/example_xcomargs.py took 0.921 seconds
[2023-09-04T12:42:42.046+0000] {processor.py:157} INFO - Started process (PID=388) to work on /home/airflow/.local/lib/python3.7/site-packages/airflow/example_dags/example_xcomargs.py
[2023-09-04T12:42:42.056+0000] {processor.py:826} INFO - Processing file /home/airflow/.local/lib/python3.7/site-packages/airflow/example_dags/example_xcomargs.py for tasks to queue
[2023-09-04T12:42:42.073+0000] {logging_mixin.py:150} INFO - [2023-09-04T12:42:42.072+0000] {dagbag.py:541} INFO - Filling up the DagBag from /home/airflow/.local/lib/python3.7/site-packages/airflow/example_dags/example_xcomargs.py
[2023-09-04T12:42:42.144+0000] {processor.py:836} INFO - DAG(s) dict_keys(['example_xcom_args_with_operators', 'example_xcom_args']) retrieved from /home/airflow/.local/lib/python3.7/site-packages/airflow/example_dags/example_xcomargs.py
[2023-09-04T12:42:42.370+0000] {logging_mixin.py:150} INFO - [2023-09-04T12:42:42.360+0000] {dag.py:2742} INFO - Sync 2 DAGs
[2023-09-04T12:42:42.620+0000] {logging_mixin.py:150} INFO - [2023-09-04T12:42:42.619+0000] {dag.py:3508} INFO - Setting next_dagrun for example_xcom_args to None, run_after=None
[2023-09-04T12:42:42.649+0000] {logging_mixin.py:150} INFO - [2023-09-04T12:42:42.649+0000] {dag.py:3508} INFO - Setting next_dagrun for example_xcom_args_with_operators to None, run_after=None
[2023-09-04T12:42:42.809+0000] {processor.py:179} INFO - Processing /home/airflow/.local/lib/python3.7/site-packages/airflow/example_dags/example_xcomargs.py took 0.782 seconds
[2023-09-04T12:43:17.304+0000] {processor.py:157} INFO - Started process (PID=449) to work on /home/airflow/.local/lib/python3.7/site-packages/airflow/example_dags/example_xcomargs.py
[2023-09-04T12:43:17.323+0000] {processor.py:826} INFO - Processing file /home/airflow/.local/lib/python3.7/site-packages/airflow/example_dags/example_xcomargs.py for tasks to queue
[2023-09-04T12:43:17.338+0000] {logging_mixin.py:150} INFO - [2023-09-04T12:43:17.338+0000] {dagbag.py:541} INFO - Filling up the DagBag from /home/airflow/.local/lib/python3.7/site-packages/airflow/example_dags/example_xcomargs.py
[2023-09-04T12:43:17.400+0000] {processor.py:836} INFO - DAG(s) dict_keys(['example_xcom_args', 'example_xcom_args_with_operators']) retrieved from /home/airflow/.local/lib/python3.7/site-packages/airflow/example_dags/example_xcomargs.py
[2023-09-04T12:43:17.597+0000] {logging_mixin.py:150} INFO - [2023-09-04T12:43:17.597+0000] {dag.py:2742} INFO - Sync 2 DAGs
[2023-09-04T12:43:17.805+0000] {logging_mixin.py:150} INFO - [2023-09-04T12:43:17.804+0000] {dag.py:3508} INFO - Setting next_dagrun for example_xcom_args to None, run_after=None
[2023-09-04T12:43:17.837+0000] {logging_mixin.py:150} INFO - [2023-09-04T12:43:17.827+0000] {dag.py:3508} INFO - Setting next_dagrun for example_xcom_args_with_operators to None, run_after=None
[2023-09-04T12:43:17.983+0000] {processor.py:179} INFO - Processing /home/airflow/.local/lib/python3.7/site-packages/airflow/example_dags/example_xcomargs.py took 0.678 seconds
[2023-09-04T12:43:54.348+0000] {processor.py:157} INFO - Started process (PID=508) to work on /home/airflow/.local/lib/python3.7/site-packages/airflow/example_dags/example_xcomargs.py
[2023-09-04T12:43:54.356+0000] {processor.py:826} INFO - Processing file /home/airflow/.local/lib/python3.7/site-packages/airflow/example_dags/example_xcomargs.py for tasks to queue
[2023-09-04T12:43:54.365+0000] {logging_mixin.py:150} INFO - [2023-09-04T12:43:54.364+0000] {dagbag.py:541} INFO - Filling up the DagBag from /home/airflow/.local/lib/python3.7/site-packages/airflow/example_dags/example_xcomargs.py
[2023-09-04T12:43:54.477+0000] {processor.py:836} INFO - DAG(s) dict_keys(['example_xcom_args', 'example_xcom_args_with_operators']) retrieved from /home/airflow/.local/lib/python3.7/site-packages/airflow/example_dags/example_xcomargs.py
[2023-09-04T12:43:54.711+0000] {logging_mixin.py:150} INFO - [2023-09-04T12:43:54.711+0000] {dag.py:2742} INFO - Sync 2 DAGs
[2023-09-04T12:43:54.966+0000] {logging_mixin.py:150} INFO - [2023-09-04T12:43:54.965+0000] {dag.py:3508} INFO - Setting next_dagrun for example_xcom_args to None, run_after=None
[2023-09-04T12:43:55.002+0000] {logging_mixin.py:150} INFO - [2023-09-04T12:43:55.002+0000] {dag.py:3508} INFO - Setting next_dagrun for example_xcom_args_with_operators to None, run_after=None
[2023-09-04T12:43:55.124+0000] {processor.py:179} INFO - Processing /home/airflow/.local/lib/python3.7/site-packages/airflow/example_dags/example_xcomargs.py took 0.801 seconds
[2023-09-04T12:44:25.769+0000] {processor.py:157} INFO - Started process (PID=567) to work on /home/airflow/.local/lib/python3.7/site-packages/airflow/example_dags/example_xcomargs.py
[2023-09-04T12:44:25.774+0000] {processor.py:826} INFO - Processing file /home/airflow/.local/lib/python3.7/site-packages/airflow/example_dags/example_xcomargs.py for tasks to queue
[2023-09-04T12:44:25.778+0000] {logging_mixin.py:150} INFO - [2023-09-04T12:44:25.777+0000] {dagbag.py:541} INFO - Filling up the DagBag from /home/airflow/.local/lib/python3.7/site-packages/airflow/example_dags/example_xcomargs.py
[2023-09-04T12:44:25.814+0000] {processor.py:836} INFO - DAG(s) dict_keys(['example_xcom_args', 'example_xcom_args_with_operators']) retrieved from /home/airflow/.local/lib/python3.7/site-packages/airflow/example_dags/example_xcomargs.py
[2023-09-04T12:44:25.939+0000] {logging_mixin.py:150} INFO - [2023-09-04T12:44:25.938+0000] {dag.py:2742} INFO - Sync 2 DAGs
[2023-09-04T12:44:26.059+0000] {logging_mixin.py:150} INFO - [2023-09-04T12:44:26.058+0000] {dag.py:3508} INFO - Setting next_dagrun for example_xcom_args to None, run_after=None
[2023-09-04T12:44:26.072+0000] {logging_mixin.py:150} INFO - [2023-09-04T12:44:26.072+0000] {dag.py:3508} INFO - Setting next_dagrun for example_xcom_args_with_operators to None, run_after=None
[2023-09-04T12:44:26.136+0000] {processor.py:179} INFO - Processing /home/airflow/.local/lib/python3.7/site-packages/airflow/example_dags/example_xcomargs.py took 0.385 seconds
[2023-09-04T12:45:09.166+0000] {processor.py:157} INFO - Started process (PID=628) to work on /home/airflow/.local/lib/python3.7/site-packages/airflow/example_dags/example_xcomargs.py
[2023-09-04T12:45:09.169+0000] {processor.py:826} INFO - Processing file /home/airflow/.local/lib/python3.7/site-packages/airflow/example_dags/example_xcomargs.py for tasks to queue
[2023-09-04T12:45:09.172+0000] {logging_mixin.py:150} INFO - [2023-09-04T12:45:09.171+0000] {dagbag.py:541} INFO - Filling up the DagBag from /home/airflow/.local/lib/python3.7/site-packages/airflow/example_dags/example_xcomargs.py
[2023-09-04T12:45:09.202+0000] {processor.py:836} INFO - DAG(s) dict_keys(['example_xcom_args_with_operators', 'example_xcom_args']) retrieved from /home/airflow/.local/lib/python3.7/site-packages/airflow/example_dags/example_xcomargs.py
[2023-09-04T12:45:09.313+0000] {logging_mixin.py:150} INFO - [2023-09-04T12:45:09.312+0000] {dag.py:2742} INFO - Sync 2 DAGs
[2023-09-04T12:45:09.500+0000] {logging_mixin.py:150} INFO - [2023-09-04T12:45:09.500+0000] {dag.py:3508} INFO - Setting next_dagrun for example_xcom_args to None, run_after=None
[2023-09-04T12:45:09.511+0000] {logging_mixin.py:150} INFO - [2023-09-04T12:45:09.511+0000] {dag.py:3508} INFO - Setting next_dagrun for example_xcom_args_with_operators to None, run_after=None
[2023-09-04T12:45:09.590+0000] {processor.py:179} INFO - Processing /home/airflow/.local/lib/python3.7/site-packages/airflow/example_dags/example_xcomargs.py took 0.432 seconds
[2023-09-04T12:45:40.383+0000] {processor.py:157} INFO - Started process (PID=688) to work on /home/airflow/.local/lib/python3.7/site-packages/airflow/example_dags/example_xcomargs.py
[2023-09-04T12:45:40.394+0000] {processor.py:826} INFO - Processing file /home/airflow/.local/lib/python3.7/site-packages/airflow/example_dags/example_xcomargs.py for tasks to queue
[2023-09-04T12:45:40.415+0000] {logging_mixin.py:150} INFO - [2023-09-04T12:45:40.412+0000] {dagbag.py:541} INFO - Filling up the DagBag from /home/airflow/.local/lib/python3.7/site-packages/airflow/example_dags/example_xcomargs.py
[2023-09-04T12:45:40.464+0000] {processor.py:836} INFO - DAG(s) dict_keys(['example_xcom_args', 'example_xcom_args_with_operators']) retrieved from /home/airflow/.local/lib/python3.7/site-packages/airflow/example_dags/example_xcomargs.py
[2023-09-04T12:45:40.553+0000] {logging_mixin.py:150} INFO - [2023-09-04T12:45:40.553+0000] {dag.py:2742} INFO - Sync 2 DAGs
[2023-09-04T12:45:40.680+0000] {logging_mixin.py:150} INFO - [2023-09-04T12:45:40.670+0000] {dag.py:3508} INFO - Setting next_dagrun for example_xcom_args to None, run_after=None
[2023-09-04T12:45:40.695+0000] {logging_mixin.py:150} INFO - [2023-09-04T12:45:40.695+0000] {dag.py:3508} INFO - Setting next_dagrun for example_xcom_args_with_operators to None, run_after=None
[2023-09-04T12:45:40.764+0000] {processor.py:179} INFO - Processing /home/airflow/.local/lib/python3.7/site-packages/airflow/example_dags/example_xcomargs.py took 0.435 seconds
[2023-09-04T12:46:11.381+0000] {processor.py:157} INFO - Started process (PID=748) to work on /home/airflow/.local/lib/python3.7/site-packages/airflow/example_dags/example_xcomargs.py
[2023-09-04T12:46:11.387+0000] {processor.py:826} INFO - Processing file /home/airflow/.local/lib/python3.7/site-packages/airflow/example_dags/example_xcomargs.py for tasks to queue
[2023-09-04T12:46:11.392+0000] {logging_mixin.py:150} INFO - [2023-09-04T12:46:11.391+0000] {dagbag.py:541} INFO - Filling up the DagBag from /home/airflow/.local/lib/python3.7/site-packages/airflow/example_dags/example_xcomargs.py
[2023-09-04T12:46:11.445+0000] {processor.py:836} INFO - DAG(s) dict_keys(['example_xcom_args_with_operators', 'example_xcom_args']) retrieved from /home/airflow/.local/lib/python3.7/site-packages/airflow/example_dags/example_xcomargs.py
[2023-09-04T12:46:11.536+0000] {logging_mixin.py:150} INFO - [2023-09-04T12:46:11.535+0000] {dag.py:2742} INFO - Sync 2 DAGs
[2023-09-04T12:46:11.597+0000] {logging_mixin.py:150} INFO - [2023-09-04T12:46:11.596+0000] {dag.py:3508} INFO - Setting next_dagrun for example_xcom_args to None, run_after=None
[2023-09-04T12:46:11.606+0000] {logging_mixin.py:150} INFO - [2023-09-04T12:46:11.606+0000] {dag.py:3508} INFO - Setting next_dagrun for example_xcom_args_with_operators to None, run_after=None
[2023-09-04T12:46:11.644+0000] {processor.py:179} INFO - Processing /home/airflow/.local/lib/python3.7/site-packages/airflow/example_dags/example_xcomargs.py took 0.278 seconds
[2023-09-04T12:46:42.195+0000] {processor.py:157} INFO - Started process (PID=806) to work on /home/airflow/.local/lib/python3.7/site-packages/airflow/example_dags/example_xcomargs.py
[2023-09-04T12:46:42.197+0000] {processor.py:826} INFO - Processing file /home/airflow/.local/lib/python3.7/site-packages/airflow/example_dags/example_xcomargs.py for tasks to queue
[2023-09-04T12:46:42.200+0000] {logging_mixin.py:150} INFO - [2023-09-04T12:46:42.199+0000] {dagbag.py:541} INFO - Filling up the DagBag from /home/airflow/.local/lib/python3.7/site-packages/airflow/example_dags/example_xcomargs.py
[2023-09-04T12:46:42.217+0000] {processor.py:836} INFO - DAG(s) dict_keys(['example_xcom_args', 'example_xcom_args_with_operators']) retrieved from /home/airflow/.local/lib/python3.7/site-packages/airflow/example_dags/example_xcomargs.py
[2023-09-04T12:46:42.284+0000] {logging_mixin.py:150} INFO - [2023-09-04T12:46:42.283+0000] {dag.py:2742} INFO - Sync 2 DAGs
[2023-09-04T12:46:42.339+0000] {logging_mixin.py:150} INFO - [2023-09-04T12:46:42.339+0000] {dag.py:3508} INFO - Setting next_dagrun for example_xcom_args to None, run_after=None
[2023-09-04T12:46:42.348+0000] {logging_mixin.py:150} INFO - [2023-09-04T12:46:42.348+0000] {dag.py:3508} INFO - Setting next_dagrun for example_xcom_args_with_operators to None, run_after=None
[2023-09-04T12:46:42.389+0000] {processor.py:179} INFO - Processing /home/airflow/.local/lib/python3.7/site-packages/airflow/example_dags/example_xcomargs.py took 0.200 seconds
[2023-09-04T12:47:13.059+0000] {processor.py:157} INFO - Started process (PID=866) to work on /home/airflow/.local/lib/python3.7/site-packages/airflow/example_dags/example_xcomargs.py
[2023-09-04T12:47:13.062+0000] {processor.py:826} INFO - Processing file /home/airflow/.local/lib/python3.7/site-packages/airflow/example_dags/example_xcomargs.py for tasks to queue
[2023-09-04T12:47:13.064+0000] {logging_mixin.py:150} INFO - [2023-09-04T12:47:13.064+0000] {dagbag.py:541} INFO - Filling up the DagBag from /home/airflow/.local/lib/python3.7/site-packages/airflow/example_dags/example_xcomargs.py
[2023-09-04T12:47:13.081+0000] {processor.py:836} INFO - DAG(s) dict_keys(['example_xcom_args_with_operators', 'example_xcom_args']) retrieved from /home/airflow/.local/lib/python3.7/site-packages/airflow/example_dags/example_xcomargs.py
[2023-09-04T12:47:13.136+0000] {logging_mixin.py:150} INFO - [2023-09-04T12:47:13.135+0000] {dag.py:2742} INFO - Sync 2 DAGs
[2023-09-04T12:47:13.185+0000] {logging_mixin.py:150} INFO - [2023-09-04T12:47:13.184+0000] {dag.py:3508} INFO - Setting next_dagrun for example_xcom_args to None, run_after=None
[2023-09-04T12:47:13.191+0000] {logging_mixin.py:150} INFO - [2023-09-04T12:47:13.190+0000] {dag.py:3508} INFO - Setting next_dagrun for example_xcom_args_with_operators to None, run_after=None
[2023-09-04T12:47:13.229+0000] {processor.py:179} INFO - Processing /home/airflow/.local/lib/python3.7/site-packages/airflow/example_dags/example_xcomargs.py took 0.181 seconds
[2023-09-04T12:47:43.759+0000] {processor.py:157} INFO - Started process (PID=926) to work on /home/airflow/.local/lib/python3.7/site-packages/airflow/example_dags/example_xcomargs.py
[2023-09-04T12:47:43.761+0000] {processor.py:826} INFO - Processing file /home/airflow/.local/lib/python3.7/site-packages/airflow/example_dags/example_xcomargs.py for tasks to queue
[2023-09-04T12:47:43.772+0000] {logging_mixin.py:150} INFO - [2023-09-04T12:47:43.766+0000] {dagbag.py:541} INFO - Filling up the DagBag from /home/airflow/.local/lib/python3.7/site-packages/airflow/example_dags/example_xcomargs.py
[2023-09-04T12:47:43.828+0000] {processor.py:836} INFO - DAG(s) dict_keys(['example_xcom_args', 'example_xcom_args_with_operators']) retrieved from /home/airflow/.local/lib/python3.7/site-packages/airflow/example_dags/example_xcomargs.py
[2023-09-04T12:47:43.966+0000] {logging_mixin.py:150} INFO - [2023-09-04T12:47:43.954+0000] {dag.py:2742} INFO - Sync 2 DAGs
[2023-09-04T12:47:44.043+0000] {logging_mixin.py:150} INFO - [2023-09-04T12:47:44.043+0000] {dag.py:3508} INFO - Setting next_dagrun for example_xcom_args to None, run_after=None
[2023-09-04T12:47:44.050+0000] {logging_mixin.py:150} INFO - [2023-09-04T12:47:44.050+0000] {dag.py:3508} INFO - Setting next_dagrun for example_xcom_args_with_operators to None, run_after=None
[2023-09-04T12:47:44.102+0000] {processor.py:179} INFO - Processing /home/airflow/.local/lib/python3.7/site-packages/airflow/example_dags/example_xcomargs.py took 0.350 seconds
[2023-09-04T12:48:14.591+0000] {processor.py:157} INFO - Started process (PID=986) to work on /home/airflow/.local/lib/python3.7/site-packages/airflow/example_dags/example_xcomargs.py
[2023-09-04T12:48:14.660+0000] {processor.py:826} INFO - Processing file /home/airflow/.local/lib/python3.7/site-packages/airflow/example_dags/example_xcomargs.py for tasks to queue
[2023-09-04T12:48:14.679+0000] {logging_mixin.py:150} INFO - [2023-09-04T12:48:14.678+0000] {dagbag.py:541} INFO - Filling up the DagBag from /home/airflow/.local/lib/python3.7/site-packages/airflow/example_dags/example_xcomargs.py
[2023-09-04T12:48:14.717+0000] {processor.py:836} INFO - DAG(s) dict_keys(['example_xcom_args_with_operators', 'example_xcom_args']) retrieved from /home/airflow/.local/lib/python3.7/site-packages/airflow/example_dags/example_xcomargs.py
[2023-09-04T12:48:14.922+0000] {logging_mixin.py:150} INFO - [2023-09-04T12:48:14.922+0000] {dag.py:2742} INFO - Sync 2 DAGs
[2023-09-04T12:48:15.081+0000] {logging_mixin.py:150} INFO - [2023-09-04T12:48:15.080+0000] {dag.py:3508} INFO - Setting next_dagrun for example_xcom_args to None, run_after=None
[2023-09-04T12:48:15.095+0000] {logging_mixin.py:150} INFO - [2023-09-04T12:48:15.095+0000] {dag.py:3508} INFO - Setting next_dagrun for example_xcom_args_with_operators to None, run_after=None
[2023-09-04T12:48:15.161+0000] {processor.py:179} INFO - Processing /home/airflow/.local/lib/python3.7/site-packages/airflow/example_dags/example_xcomargs.py took 0.585 seconds
[2023-09-04T12:48:46.601+0000] {processor.py:157} INFO - Started process (PID=1046) to work on /home/airflow/.local/lib/python3.7/site-packages/airflow/example_dags/example_xcomargs.py
[2023-09-04T12:48:46.616+0000] {processor.py:826} INFO - Processing file /home/airflow/.local/lib/python3.7/site-packages/airflow/example_dags/example_xcomargs.py for tasks to queue
[2023-09-04T12:48:46.623+0000] {logging_mixin.py:150} INFO - [2023-09-04T12:48:46.622+0000] {dagbag.py:541} INFO - Filling up the DagBag from /home/airflow/.local/lib/python3.7/site-packages/airflow/example_dags/example_xcomargs.py
[2023-09-04T12:48:46.692+0000] {processor.py:836} INFO - DAG(s) dict_keys(['example_xcom_args', 'example_xcom_args_with_operators']) retrieved from /home/airflow/.local/lib/python3.7/site-packages/airflow/example_dags/example_xcomargs.py
[2023-09-04T12:48:46.902+0000] {logging_mixin.py:150} INFO - [2023-09-04T12:48:46.902+0000] {dag.py:2742} INFO - Sync 2 DAGs
[2023-09-04T12:48:47.168+0000] {logging_mixin.py:150} INFO - [2023-09-04T12:48:47.168+0000] {dag.py:3508} INFO - Setting next_dagrun for example_xcom_args to None, run_after=None
[2023-09-04T12:48:47.212+0000] {logging_mixin.py:150} INFO - [2023-09-04T12:48:47.212+0000] {dag.py:3508} INFO - Setting next_dagrun for example_xcom_args_with_operators to None, run_after=None
[2023-09-04T12:48:47.342+0000] {processor.py:179} INFO - Processing /home/airflow/.local/lib/python3.7/site-packages/airflow/example_dags/example_xcomargs.py took 0.758 seconds
[2023-09-04T12:49:17.774+0000] {processor.py:157} INFO - Started process (PID=1105) to work on /home/airflow/.local/lib/python3.7/site-packages/airflow/example_dags/example_xcomargs.py
[2023-09-04T12:49:17.777+0000] {processor.py:826} INFO - Processing file /home/airflow/.local/lib/python3.7/site-packages/airflow/example_dags/example_xcomargs.py for tasks to queue
[2023-09-04T12:49:17.780+0000] {logging_mixin.py:150} INFO - [2023-09-04T12:49:17.779+0000] {dagbag.py:541} INFO - Filling up the DagBag from /home/airflow/.local/lib/python3.7/site-packages/airflow/example_dags/example_xcomargs.py
[2023-09-04T12:49:17.803+0000] {processor.py:836} INFO - DAG(s) dict_keys(['example_xcom_args', 'example_xcom_args_with_operators']) retrieved from /home/airflow/.local/lib/python3.7/site-packages/airflow/example_dags/example_xcomargs.py
[2023-09-04T12:49:17.894+0000] {logging_mixin.py:150} INFO - [2023-09-04T12:49:17.894+0000] {dag.py:2742} INFO - Sync 2 DAGs
[2023-09-04T12:49:17.948+0000] {logging_mixin.py:150} INFO - [2023-09-04T12:49:17.947+0000] {dag.py:3508} INFO - Setting next_dagrun for example_xcom_args to None, run_after=None
[2023-09-04T12:49:17.959+0000] {logging_mixin.py:150} INFO - [2023-09-04T12:49:17.958+0000] {dag.py:3508} INFO - Setting next_dagrun for example_xcom_args_with_operators to None, run_after=None
[2023-09-04T12:49:18.010+0000] {processor.py:179} INFO - Processing /home/airflow/.local/lib/python3.7/site-packages/airflow/example_dags/example_xcomargs.py took 0.246 seconds
[2023-09-04T12:51:24.361+0000] {processor.py:157} INFO - Started process (PID=73) to work on /home/airflow/.local/lib/python3.7/site-packages/airflow/example_dags/example_xcomargs.py
[2023-09-04T12:51:24.373+0000] {processor.py:826} INFO - Processing file /home/airflow/.local/lib/python3.7/site-packages/airflow/example_dags/example_xcomargs.py for tasks to queue
[2023-09-04T12:51:24.377+0000] {logging_mixin.py:150} INFO - [2023-09-04T12:51:24.375+0000] {dagbag.py:541} INFO - Filling up the DagBag from /home/airflow/.local/lib/python3.7/site-packages/airflow/example_dags/example_xcomargs.py
[2023-09-04T12:51:24.440+0000] {processor.py:836} INFO - DAG(s) dict_keys(['example_xcom_args', 'example_xcom_args_with_operators']) retrieved from /home/airflow/.local/lib/python3.7/site-packages/airflow/example_dags/example_xcomargs.py
[2023-09-04T12:51:24.662+0000] {logging_mixin.py:150} INFO - [2023-09-04T12:51:24.662+0000] {dag.py:2742} INFO - Sync 2 DAGs
[2023-09-04T12:51:24.927+0000] {logging_mixin.py:150} INFO - [2023-09-04T12:51:24.926+0000] {dag.py:3508} INFO - Setting next_dagrun for example_xcom_args to None, run_after=None
[2023-09-04T12:51:24.964+0000] {logging_mixin.py:150} INFO - [2023-09-04T12:51:24.964+0000] {dag.py:3508} INFO - Setting next_dagrun for example_xcom_args_with_operators to None, run_after=None
[2023-09-04T12:51:25.065+0000] {processor.py:179} INFO - Processing /home/airflow/.local/lib/python3.7/site-packages/airflow/example_dags/example_xcomargs.py took 0.738 seconds
[2023-09-04T12:51:55.312+0000] {processor.py:157} INFO - Started process (PID=131) to work on /home/airflow/.local/lib/python3.7/site-packages/airflow/example_dags/example_xcomargs.py
[2023-09-04T12:51:55.315+0000] {processor.py:826} INFO - Processing file /home/airflow/.local/lib/python3.7/site-packages/airflow/example_dags/example_xcomargs.py for tasks to queue
[2023-09-04T12:51:55.317+0000] {logging_mixin.py:150} INFO - [2023-09-04T12:51:55.316+0000] {dagbag.py:541} INFO - Filling up the DagBag from /home/airflow/.local/lib/python3.7/site-packages/airflow/example_dags/example_xcomargs.py
[2023-09-04T12:51:55.363+0000] {processor.py:836} INFO - DAG(s) dict_keys(['example_xcom_args', 'example_xcom_args_with_operators']) retrieved from /home/airflow/.local/lib/python3.7/site-packages/airflow/example_dags/example_xcomargs.py
[2023-09-04T12:51:55.566+0000] {logging_mixin.py:150} INFO - [2023-09-04T12:51:55.565+0000] {dag.py:2742} INFO - Sync 2 DAGs
[2023-09-04T12:51:55.692+0000] {logging_mixin.py:150} INFO - [2023-09-04T12:51:55.692+0000] {dag.py:3508} INFO - Setting next_dagrun for example_xcom_args to None, run_after=None
[2023-09-04T12:51:55.726+0000] {logging_mixin.py:150} INFO - [2023-09-04T12:51:55.725+0000] {dag.py:3508} INFO - Setting next_dagrun for example_xcom_args_with_operators to None, run_after=None
[2023-09-04T12:51:55.819+0000] {processor.py:179} INFO - Processing /home/airflow/.local/lib/python3.7/site-packages/airflow/example_dags/example_xcomargs.py took 0.536 seconds
[2023-09-04T12:52:26.399+0000] {processor.py:157} INFO - Started process (PID=190) to work on /home/airflow/.local/lib/python3.7/site-packages/airflow/example_dags/example_xcomargs.py
[2023-09-04T12:52:26.403+0000] {processor.py:826} INFO - Processing file /home/airflow/.local/lib/python3.7/site-packages/airflow/example_dags/example_xcomargs.py for tasks to queue
[2023-09-04T12:52:26.407+0000] {logging_mixin.py:150} INFO - [2023-09-04T12:52:26.406+0000] {dagbag.py:541} INFO - Filling up the DagBag from /home/airflow/.local/lib/python3.7/site-packages/airflow/example_dags/example_xcomargs.py
[2023-09-04T12:52:26.446+0000] {processor.py:836} INFO - DAG(s) dict_keys(['example_xcom_args', 'example_xcom_args_with_operators']) retrieved from /home/airflow/.local/lib/python3.7/site-packages/airflow/example_dags/example_xcomargs.py
[2023-09-04T12:52:26.532+0000] {logging_mixin.py:150} INFO - [2023-09-04T12:52:26.531+0000] {dag.py:2742} INFO - Sync 2 DAGs
[2023-09-04T12:52:26.588+0000] {logging_mixin.py:150} INFO - [2023-09-04T12:52:26.588+0000] {dag.py:3508} INFO - Setting next_dagrun for example_xcom_args to None, run_after=None
[2023-09-04T12:52:26.597+0000] {logging_mixin.py:150} INFO - [2023-09-04T12:52:26.597+0000] {dag.py:3508} INFO - Setting next_dagrun for example_xcom_args_with_operators to None, run_after=None
[2023-09-04T12:52:26.632+0000] {processor.py:179} INFO - Processing /home/airflow/.local/lib/python3.7/site-packages/airflow/example_dags/example_xcomargs.py took 0.253 seconds
[2023-09-04T12:52:57.626+0000] {processor.py:157} INFO - Started process (PID=249) to work on /home/airflow/.local/lib/python3.7/site-packages/airflow/example_dags/example_xcomargs.py
[2023-09-04T12:52:57.630+0000] {processor.py:826} INFO - Processing file /home/airflow/.local/lib/python3.7/site-packages/airflow/example_dags/example_xcomargs.py for tasks to queue
[2023-09-04T12:52:57.635+0000] {logging_mixin.py:150} INFO - [2023-09-04T12:52:57.633+0000] {dagbag.py:541} INFO - Filling up the DagBag from /home/airflow/.local/lib/python3.7/site-packages/airflow/example_dags/example_xcomargs.py
[2023-09-04T12:52:57.657+0000] {processor.py:836} INFO - DAG(s) dict_keys(['example_xcom_args_with_operators', 'example_xcom_args']) retrieved from /home/airflow/.local/lib/python3.7/site-packages/airflow/example_dags/example_xcomargs.py
[2023-09-04T12:52:57.785+0000] {logging_mixin.py:150} INFO - [2023-09-04T12:52:57.784+0000] {dag.py:2742} INFO - Sync 2 DAGs
[2023-09-04T12:52:57.897+0000] {logging_mixin.py:150} INFO - [2023-09-04T12:52:57.897+0000] {dag.py:3508} INFO - Setting next_dagrun for example_xcom_args to None, run_after=None
[2023-09-04T12:52:57.920+0000] {logging_mixin.py:150} INFO - [2023-09-04T12:52:57.919+0000] {dag.py:3508} INFO - Setting next_dagrun for example_xcom_args_with_operators to None, run_after=None
[2023-09-04T12:52:58.003+0000] {processor.py:179} INFO - Processing /home/airflow/.local/lib/python3.7/site-packages/airflow/example_dags/example_xcomargs.py took 0.386 seconds
[2023-09-04T12:53:28.335+0000] {processor.py:157} INFO - Started process (PID=309) to work on /home/airflow/.local/lib/python3.7/site-packages/airflow/example_dags/example_xcomargs.py
[2023-09-04T12:53:28.340+0000] {processor.py:826} INFO - Processing file /home/airflow/.local/lib/python3.7/site-packages/airflow/example_dags/example_xcomargs.py for tasks to queue
[2023-09-04T12:53:28.344+0000] {logging_mixin.py:150} INFO - [2023-09-04T12:53:28.343+0000] {dagbag.py:541} INFO - Filling up the DagBag from /home/airflow/.local/lib/python3.7/site-packages/airflow/example_dags/example_xcomargs.py
[2023-09-04T12:53:28.367+0000] {processor.py:836} INFO - DAG(s) dict_keys(['example_xcom_args_with_operators', 'example_xcom_args']) retrieved from /home/airflow/.local/lib/python3.7/site-packages/airflow/example_dags/example_xcomargs.py
[2023-09-04T12:53:28.430+0000] {logging_mixin.py:150} INFO - [2023-09-04T12:53:28.430+0000] {dag.py:2742} INFO - Sync 2 DAGs
[2023-09-04T12:53:28.484+0000] {logging_mixin.py:150} INFO - [2023-09-04T12:53:28.483+0000] {dag.py:3508} INFO - Setting next_dagrun for example_xcom_args to None, run_after=None
[2023-09-04T12:53:28.493+0000] {logging_mixin.py:150} INFO - [2023-09-04T12:53:28.493+0000] {dag.py:3508} INFO - Setting next_dagrun for example_xcom_args_with_operators to None, run_after=None
[2023-09-04T12:53:28.529+0000] {processor.py:179} INFO - Processing /home/airflow/.local/lib/python3.7/site-packages/airflow/example_dags/example_xcomargs.py took 0.209 seconds
[2023-09-04T12:53:59.378+0000] {processor.py:157} INFO - Started process (PID=368) to work on /home/airflow/.local/lib/python3.7/site-packages/airflow/example_dags/example_xcomargs.py
[2023-09-04T12:53:59.380+0000] {processor.py:826} INFO - Processing file /home/airflow/.local/lib/python3.7/site-packages/airflow/example_dags/example_xcomargs.py for tasks to queue
[2023-09-04T12:53:59.386+0000] {logging_mixin.py:150} INFO - [2023-09-04T12:53:59.385+0000] {dagbag.py:541} INFO - Filling up the DagBag from /home/airflow/.local/lib/python3.7/site-packages/airflow/example_dags/example_xcomargs.py
[2023-09-04T12:53:59.409+0000] {processor.py:836} INFO - DAG(s) dict_keys(['example_xcom_args_with_operators', 'example_xcom_args']) retrieved from /home/airflow/.local/lib/python3.7/site-packages/airflow/example_dags/example_xcomargs.py
[2023-09-04T12:53:59.464+0000] {logging_mixin.py:150} INFO - [2023-09-04T12:53:59.464+0000] {dag.py:2742} INFO - Sync 2 DAGs
[2023-09-04T12:53:59.513+0000] {logging_mixin.py:150} INFO - [2023-09-04T12:53:59.512+0000] {dag.py:3508} INFO - Setting next_dagrun for example_xcom_args to None, run_after=None
[2023-09-04T12:53:59.521+0000] {logging_mixin.py:150} INFO - [2023-09-04T12:53:59.521+0000] {dag.py:3508} INFO - Setting next_dagrun for example_xcom_args_with_operators to None, run_after=None
[2023-09-04T12:53:59.561+0000] {processor.py:179} INFO - Processing /home/airflow/.local/lib/python3.7/site-packages/airflow/example_dags/example_xcomargs.py took 0.191 seconds
[2023-09-04T12:54:29.836+0000] {processor.py:157} INFO - Started process (PID=426) to work on /home/airflow/.local/lib/python3.7/site-packages/airflow/example_dags/example_xcomargs.py
[2023-09-04T12:54:29.839+0000] {processor.py:826} INFO - Processing file /home/airflow/.local/lib/python3.7/site-packages/airflow/example_dags/example_xcomargs.py for tasks to queue
[2023-09-04T12:54:29.842+0000] {logging_mixin.py:150} INFO - [2023-09-04T12:54:29.841+0000] {dagbag.py:541} INFO - Filling up the DagBag from /home/airflow/.local/lib/python3.7/site-packages/airflow/example_dags/example_xcomargs.py
[2023-09-04T12:54:29.870+0000] {processor.py:836} INFO - DAG(s) dict_keys(['example_xcom_args', 'example_xcom_args_with_operators']) retrieved from /home/airflow/.local/lib/python3.7/site-packages/airflow/example_dags/example_xcomargs.py
[2023-09-04T12:54:30.014+0000] {logging_mixin.py:150} INFO - [2023-09-04T12:54:30.013+0000] {dag.py:2742} INFO - Sync 2 DAGs
[2023-09-04T12:54:30.089+0000] {logging_mixin.py:150} INFO - [2023-09-04T12:54:30.089+0000] {dag.py:3508} INFO - Setting next_dagrun for example_xcom_args to None, run_after=None
[2023-09-04T12:54:30.098+0000] {logging_mixin.py:150} INFO - [2023-09-04T12:54:30.098+0000] {dag.py:3508} INFO - Setting next_dagrun for example_xcom_args_with_operators to None, run_after=None
[2023-09-04T12:54:30.145+0000] {processor.py:179} INFO - Processing /home/airflow/.local/lib/python3.7/site-packages/airflow/example_dags/example_xcomargs.py took 0.325 seconds
[2023-09-04T12:55:00.639+0000] {processor.py:157} INFO - Started process (PID=485) to work on /home/airflow/.local/lib/python3.7/site-packages/airflow/example_dags/example_xcomargs.py
[2023-09-04T12:55:00.642+0000] {processor.py:826} INFO - Processing file /home/airflow/.local/lib/python3.7/site-packages/airflow/example_dags/example_xcomargs.py for tasks to queue
[2023-09-04T12:55:00.644+0000] {logging_mixin.py:150} INFO - [2023-09-04T12:55:00.644+0000] {dagbag.py:541} INFO - Filling up the DagBag from /home/airflow/.local/lib/python3.7/site-packages/airflow/example_dags/example_xcomargs.py
[2023-09-04T12:55:00.664+0000] {processor.py:836} INFO - DAG(s) dict_keys(['example_xcom_args', 'example_xcom_args_with_operators']) retrieved from /home/airflow/.local/lib/python3.7/site-packages/airflow/example_dags/example_xcomargs.py
[2023-09-04T12:55:00.726+0000] {logging_mixin.py:150} INFO - [2023-09-04T12:55:00.726+0000] {dag.py:2742} INFO - Sync 2 DAGs
[2023-09-04T12:55:00.777+0000] {logging_mixin.py:150} INFO - [2023-09-04T12:55:00.777+0000] {dag.py:3508} INFO - Setting next_dagrun for example_xcom_args to None, run_after=None
[2023-09-04T12:55:00.788+0000] {logging_mixin.py:150} INFO - [2023-09-04T12:55:00.788+0000] {dag.py:3508} INFO - Setting next_dagrun for example_xcom_args_with_operators to None, run_after=None
[2023-09-04T12:55:00.831+0000] {processor.py:179} INFO - Processing /home/airflow/.local/lib/python3.7/site-packages/airflow/example_dags/example_xcomargs.py took 0.199 seconds
[2023-09-04T12:55:31.523+0000] {processor.py:157} INFO - Started process (PID=544) to work on /home/airflow/.local/lib/python3.7/site-packages/airflow/example_dags/example_xcomargs.py
[2023-09-04T12:55:31.527+0000] {processor.py:826} INFO - Processing file /home/airflow/.local/lib/python3.7/site-packages/airflow/example_dags/example_xcomargs.py for tasks to queue
[2023-09-04T12:55:31.530+0000] {logging_mixin.py:150} INFO - [2023-09-04T12:55:31.529+0000] {dagbag.py:541} INFO - Filling up the DagBag from /home/airflow/.local/lib/python3.7/site-packages/airflow/example_dags/example_xcomargs.py
[2023-09-04T12:55:31.544+0000] {processor.py:836} INFO - DAG(s) dict_keys(['example_xcom_args_with_operators', 'example_xcom_args']) retrieved from /home/airflow/.local/lib/python3.7/site-packages/airflow/example_dags/example_xcomargs.py
[2023-09-04T12:55:31.596+0000] {logging_mixin.py:150} INFO - [2023-09-04T12:55:31.596+0000] {dag.py:2742} INFO - Sync 2 DAGs
[2023-09-04T12:55:31.650+0000] {logging_mixin.py:150} INFO - [2023-09-04T12:55:31.650+0000] {dag.py:3508} INFO - Setting next_dagrun for example_xcom_args to None, run_after=None
[2023-09-04T12:55:31.657+0000] {logging_mixin.py:150} INFO - [2023-09-04T12:55:31.656+0000] {dag.py:3508} INFO - Setting next_dagrun for example_xcom_args_with_operators to None, run_after=None
[2023-09-04T12:55:31.692+0000] {processor.py:179} INFO - Processing /home/airflow/.local/lib/python3.7/site-packages/airflow/example_dags/example_xcomargs.py took 0.175 seconds
[2023-09-04T12:56:02.016+0000] {processor.py:157} INFO - Started process (PID=604) to work on /home/airflow/.local/lib/python3.7/site-packages/airflow/example_dags/example_xcomargs.py
[2023-09-04T12:56:02.019+0000] {processor.py:826} INFO - Processing file /home/airflow/.local/lib/python3.7/site-packages/airflow/example_dags/example_xcomargs.py for tasks to queue
[2023-09-04T12:56:02.023+0000] {logging_mixin.py:150} INFO - [2023-09-04T12:56:02.022+0000] {dagbag.py:541} INFO - Filling up the DagBag from /home/airflow/.local/lib/python3.7/site-packages/airflow/example_dags/example_xcomargs.py
[2023-09-04T12:56:02.044+0000] {processor.py:836} INFO - DAG(s) dict_keys(['example_xcom_args_with_operators', 'example_xcom_args']) retrieved from /home/airflow/.local/lib/python3.7/site-packages/airflow/example_dags/example_xcomargs.py
[2023-09-04T12:56:02.102+0000] {logging_mixin.py:150} INFO - [2023-09-04T12:56:02.102+0000] {dag.py:2742} INFO - Sync 2 DAGs
[2023-09-04T12:56:02.152+0000] {logging_mixin.py:150} INFO - [2023-09-04T12:56:02.151+0000] {dag.py:3508} INFO - Setting next_dagrun for example_xcom_args to None, run_after=None
[2023-09-04T12:56:02.160+0000] {logging_mixin.py:150} INFO - [2023-09-04T12:56:02.160+0000] {dag.py:3508} INFO - Setting next_dagrun for example_xcom_args_with_operators to None, run_after=None
[2023-09-04T12:56:02.194+0000] {processor.py:179} INFO - Processing /home/airflow/.local/lib/python3.7/site-packages/airflow/example_dags/example_xcomargs.py took 0.187 seconds
[2023-09-04T12:56:32.863+0000] {processor.py:157} INFO - Started process (PID=663) to work on /home/airflow/.local/lib/python3.7/site-packages/airflow/example_dags/example_xcomargs.py
[2023-09-04T12:56:32.871+0000] {processor.py:826} INFO - Processing file /home/airflow/.local/lib/python3.7/site-packages/airflow/example_dags/example_xcomargs.py for tasks to queue
[2023-09-04T12:56:32.876+0000] {logging_mixin.py:150} INFO - [2023-09-04T12:56:32.875+0000] {dagbag.py:541} INFO - Filling up the DagBag from /home/airflow/.local/lib/python3.7/site-packages/airflow/example_dags/example_xcomargs.py
[2023-09-04T12:56:32.930+0000] {processor.py:836} INFO - DAG(s) dict_keys(['example_xcom_args', 'example_xcom_args_with_operators']) retrieved from /home/airflow/.local/lib/python3.7/site-packages/airflow/example_dags/example_xcomargs.py
[2023-09-04T12:56:33.002+0000] {logging_mixin.py:150} INFO - [2023-09-04T12:56:33.002+0000] {dag.py:2742} INFO - Sync 2 DAGs
[2023-09-04T12:56:33.052+0000] {logging_mixin.py:150} INFO - [2023-09-04T12:56:33.052+0000] {dag.py:3508} INFO - Setting next_dagrun for example_xcom_args to None, run_after=None
[2023-09-04T12:56:33.062+0000] {logging_mixin.py:150} INFO - [2023-09-04T12:56:33.062+0000] {dag.py:3508} INFO - Setting next_dagrun for example_xcom_args_with_operators to None, run_after=None
[2023-09-04T12:56:33.120+0000] {processor.py:179} INFO - Processing /home/airflow/.local/lib/python3.7/site-packages/airflow/example_dags/example_xcomargs.py took 0.274 seconds
[2023-09-04T12:57:03.589+0000] {processor.py:157} INFO - Started process (PID=722) to work on /home/airflow/.local/lib/python3.7/site-packages/airflow/example_dags/example_xcomargs.py
[2023-09-04T12:57:03.593+0000] {processor.py:826} INFO - Processing file /home/airflow/.local/lib/python3.7/site-packages/airflow/example_dags/example_xcomargs.py for tasks to queue
[2023-09-04T12:57:03.596+0000] {logging_mixin.py:150} INFO - [2023-09-04T12:57:03.595+0000] {dagbag.py:541} INFO - Filling up the DagBag from /home/airflow/.local/lib/python3.7/site-packages/airflow/example_dags/example_xcomargs.py
[2023-09-04T12:57:03.622+0000] {processor.py:836} INFO - DAG(s) dict_keys(['example_xcom_args_with_operators', 'example_xcom_args']) retrieved from /home/airflow/.local/lib/python3.7/site-packages/airflow/example_dags/example_xcomargs.py
[2023-09-04T12:57:03.687+0000] {logging_mixin.py:150} INFO - [2023-09-04T12:57:03.686+0000] {dag.py:2742} INFO - Sync 2 DAGs
[2023-09-04T12:57:03.736+0000] {logging_mixin.py:150} INFO - [2023-09-04T12:57:03.736+0000] {dag.py:3508} INFO - Setting next_dagrun for example_xcom_args to None, run_after=None
[2023-09-04T12:57:03.749+0000] {logging_mixin.py:150} INFO - [2023-09-04T12:57:03.749+0000] {dag.py:3508} INFO - Setting next_dagrun for example_xcom_args_with_operators to None, run_after=None
[2023-09-04T12:57:03.789+0000] {processor.py:179} INFO - Processing /home/airflow/.local/lib/python3.7/site-packages/airflow/example_dags/example_xcomargs.py took 0.209 seconds
[2023-09-04T12:57:34.397+0000] {processor.py:157} INFO - Started process (PID=780) to work on /home/airflow/.local/lib/python3.7/site-packages/airflow/example_dags/example_xcomargs.py
[2023-09-04T12:57:34.403+0000] {processor.py:826} INFO - Processing file /home/airflow/.local/lib/python3.7/site-packages/airflow/example_dags/example_xcomargs.py for tasks to queue
[2023-09-04T12:57:34.406+0000] {logging_mixin.py:150} INFO - [2023-09-04T12:57:34.405+0000] {dagbag.py:541} INFO - Filling up the DagBag from /home/airflow/.local/lib/python3.7/site-packages/airflow/example_dags/example_xcomargs.py
[2023-09-04T12:57:34.434+0000] {processor.py:836} INFO - DAG(s) dict_keys(['example_xcom_args', 'example_xcom_args_with_operators']) retrieved from /home/airflow/.local/lib/python3.7/site-packages/airflow/example_dags/example_xcomargs.py
[2023-09-04T12:57:34.516+0000] {logging_mixin.py:150} INFO - [2023-09-04T12:57:34.516+0000] {dag.py:2742} INFO - Sync 2 DAGs
[2023-09-04T12:57:34.580+0000] {logging_mixin.py:150} INFO - [2023-09-04T12:57:34.580+0000] {dag.py:3508} INFO - Setting next_dagrun for example_xcom_args to None, run_after=None
[2023-09-04T12:57:34.589+0000] {logging_mixin.py:150} INFO - [2023-09-04T12:57:34.588+0000] {dag.py:3508} INFO - Setting next_dagrun for example_xcom_args_with_operators to None, run_after=None
[2023-09-04T12:57:34.648+0000] {processor.py:179} INFO - Processing /home/airflow/.local/lib/python3.7/site-packages/airflow/example_dags/example_xcomargs.py took 0.259 seconds
[2023-09-04T12:58:04.850+0000] {processor.py:157} INFO - Started process (PID=839) to work on /home/airflow/.local/lib/python3.7/site-packages/airflow/example_dags/example_xcomargs.py
[2023-09-04T12:58:04.854+0000] {processor.py:826} INFO - Processing file /home/airflow/.local/lib/python3.7/site-packages/airflow/example_dags/example_xcomargs.py for tasks to queue
[2023-09-04T12:58:04.856+0000] {logging_mixin.py:150} INFO - [2023-09-04T12:58:04.856+0000] {dagbag.py:541} INFO - Filling up the DagBag from /home/airflow/.local/lib/python3.7/site-packages/airflow/example_dags/example_xcomargs.py
[2023-09-04T12:58:04.877+0000] {processor.py:836} INFO - DAG(s) dict_keys(['example_xcom_args', 'example_xcom_args_with_operators']) retrieved from /home/airflow/.local/lib/python3.7/site-packages/airflow/example_dags/example_xcomargs.py
[2023-09-04T12:58:04.940+0000] {logging_mixin.py:150} INFO - [2023-09-04T12:58:04.940+0000] {dag.py:2742} INFO - Sync 2 DAGs
[2023-09-04T12:58:05.000+0000] {logging_mixin.py:150} INFO - [2023-09-04T12:58:05.000+0000] {dag.py:3508} INFO - Setting next_dagrun for example_xcom_args to None, run_after=None
[2023-09-04T12:58:05.008+0000] {logging_mixin.py:150} INFO - [2023-09-04T12:58:05.008+0000] {dag.py:3508} INFO - Setting next_dagrun for example_xcom_args_with_operators to None, run_after=None
[2023-09-04T12:58:05.048+0000] {processor.py:179} INFO - Processing /home/airflow/.local/lib/python3.7/site-packages/airflow/example_dags/example_xcomargs.py took 0.207 seconds
[2023-09-04T12:58:36.303+0000] {processor.py:157} INFO - Started process (PID=898) to work on /home/airflow/.local/lib/python3.7/site-packages/airflow/example_dags/example_xcomargs.py
[2023-09-04T12:58:36.305+0000] {processor.py:826} INFO - Processing file /home/airflow/.local/lib/python3.7/site-packages/airflow/example_dags/example_xcomargs.py for tasks to queue
[2023-09-04T12:58:36.311+0000] {logging_mixin.py:150} INFO - [2023-09-04T12:58:36.310+0000] {dagbag.py:541} INFO - Filling up the DagBag from /home/airflow/.local/lib/python3.7/site-packages/airflow/example_dags/example_xcomargs.py
[2023-09-04T12:58:36.331+0000] {processor.py:836} INFO - DAG(s) dict_keys(['example_xcom_args', 'example_xcom_args_with_operators']) retrieved from /home/airflow/.local/lib/python3.7/site-packages/airflow/example_dags/example_xcomargs.py
[2023-09-04T12:58:36.415+0000] {logging_mixin.py:150} INFO - [2023-09-04T12:58:36.415+0000] {dag.py:2742} INFO - Sync 2 DAGs
[2023-09-04T12:58:36.508+0000] {logging_mixin.py:150} INFO - [2023-09-04T12:58:36.507+0000] {dag.py:3508} INFO - Setting next_dagrun for example_xcom_args to None, run_after=None
[2023-09-04T12:58:36.525+0000] {logging_mixin.py:150} INFO - [2023-09-04T12:58:36.524+0000] {dag.py:3508} INFO - Setting next_dagrun for example_xcom_args_with_operators to None, run_after=None
[2023-09-04T12:58:36.591+0000] {processor.py:179} INFO - Processing /home/airflow/.local/lib/python3.7/site-packages/airflow/example_dags/example_xcomargs.py took 0.293 seconds
