[2023-09-04T12:39:47.660+0000] {processor.py:157} INFO - Started process (PID=105) to work on /home/airflow/.local/lib/python3.7/site-packages/airflow/example_dags/example_skip_dag.py
[2023-09-04T12:39:47.674+0000] {processor.py:826} INFO - Processing file /home/airflow/.local/lib/python3.7/site-packages/airflow/example_dags/example_skip_dag.py for tasks to queue
[2023-09-04T12:39:47.677+0000] {logging_mixin.py:150} INFO - [2023-09-04T12:39:47.676+0000] {dagbag.py:541} INFO - Filling up the DagBag from /home/airflow/.local/lib/python3.7/site-packages/airflow/example_dags/example_skip_dag.py
[2023-09-04T12:39:47.715+0000] {processor.py:836} INFO - DAG(s) dict_keys(['example_skip_dag']) retrieved from /home/airflow/.local/lib/python3.7/site-packages/airflow/example_dags/example_skip_dag.py
[2023-09-04T12:39:47.838+0000] {logging_mixin.py:150} INFO - [2023-09-04T12:39:47.835+0000] {dag.py:2742} INFO - Sync 1 DAGs
[2023-09-04T12:39:48.013+0000] {logging_mixin.py:150} INFO - [2023-09-04T12:39:48.012+0000] {dag.py:3508} INFO - Setting next_dagrun for example_skip_dag to 2023-09-03T12:39:48.012344+00:00, run_after=2023-09-04T12:39:48.012344+00:00
[2023-09-04T12:39:48.214+0000] {processor.py:179} INFO - Processing /home/airflow/.local/lib/python3.7/site-packages/airflow/example_dags/example_skip_dag.py took 0.582 seconds
[2023-09-04T12:40:21.308+0000] {processor.py:157} INFO - Started process (PID=165) to work on /home/airflow/.local/lib/python3.7/site-packages/airflow/example_dags/example_skip_dag.py
[2023-09-04T12:40:21.311+0000] {processor.py:826} INFO - Processing file /home/airflow/.local/lib/python3.7/site-packages/airflow/example_dags/example_skip_dag.py for tasks to queue
[2023-09-04T12:40:21.315+0000] {logging_mixin.py:150} INFO - [2023-09-04T12:40:21.315+0000] {dagbag.py:541} INFO - Filling up the DagBag from /home/airflow/.local/lib/python3.7/site-packages/airflow/example_dags/example_skip_dag.py
[2023-09-04T12:40:21.379+0000] {processor.py:836} INFO - DAG(s) dict_keys(['example_skip_dag']) retrieved from /home/airflow/.local/lib/python3.7/site-packages/airflow/example_dags/example_skip_dag.py
[2023-09-04T12:40:21.551+0000] {logging_mixin.py:150} INFO - [2023-09-04T12:40:21.551+0000] {dag.py:2742} INFO - Sync 1 DAGs
[2023-09-04T12:40:21.736+0000] {logging_mixin.py:150} INFO - [2023-09-04T12:40:21.736+0000] {dag.py:3508} INFO - Setting next_dagrun for example_skip_dag to 2023-09-03T12:40:21.735835+00:00, run_after=2023-09-04T12:40:21.735835+00:00
[2023-09-04T12:40:21.970+0000] {processor.py:179} INFO - Processing /home/airflow/.local/lib/python3.7/site-packages/airflow/example_dags/example_skip_dag.py took 0.687 seconds
[2023-09-04T12:41:04.663+0000] {processor.py:157} INFO - Started process (PID=235) to work on /home/airflow/.local/lib/python3.7/site-packages/airflow/example_dags/example_skip_dag.py
[2023-09-04T12:41:04.681+0000] {processor.py:826} INFO - Processing file /home/airflow/.local/lib/python3.7/site-packages/airflow/example_dags/example_skip_dag.py for tasks to queue
[2023-09-04T12:41:04.685+0000] {logging_mixin.py:150} INFO - [2023-09-04T12:41:04.684+0000] {dagbag.py:541} INFO - Filling up the DagBag from /home/airflow/.local/lib/python3.7/site-packages/airflow/example_dags/example_skip_dag.py
[2023-09-04T12:41:04.733+0000] {processor.py:836} INFO - DAG(s) dict_keys(['example_skip_dag']) retrieved from /home/airflow/.local/lib/python3.7/site-packages/airflow/example_dags/example_skip_dag.py
[2023-09-04T12:41:04.893+0000] {logging_mixin.py:150} INFO - [2023-09-04T12:41:04.893+0000] {dag.py:2742} INFO - Sync 1 DAGs
[2023-09-04T12:41:05.100+0000] {logging_mixin.py:150} INFO - [2023-09-04T12:41:05.100+0000] {dag.py:3508} INFO - Setting next_dagrun for example_skip_dag to 2023-09-03T12:41:05.099726+00:00, run_after=2023-09-04T12:41:05.099726+00:00
[2023-09-04T12:41:05.274+0000] {processor.py:179} INFO - Processing /home/airflow/.local/lib/python3.7/site-packages/airflow/example_dags/example_skip_dag.py took 0.619 seconds
[2023-09-04T12:41:37.815+0000] {processor.py:157} INFO - Started process (PID=293) to work on /home/airflow/.local/lib/python3.7/site-packages/airflow/example_dags/example_skip_dag.py
[2023-09-04T12:41:37.840+0000] {processor.py:826} INFO - Processing file /home/airflow/.local/lib/python3.7/site-packages/airflow/example_dags/example_skip_dag.py for tasks to queue
[2023-09-04T12:41:37.871+0000] {logging_mixin.py:150} INFO - [2023-09-04T12:41:37.870+0000] {dagbag.py:541} INFO - Filling up the DagBag from /home/airflow/.local/lib/python3.7/site-packages/airflow/example_dags/example_skip_dag.py
[2023-09-04T12:41:37.932+0000] {processor.py:836} INFO - DAG(s) dict_keys(['example_skip_dag']) retrieved from /home/airflow/.local/lib/python3.7/site-packages/airflow/example_dags/example_skip_dag.py
[2023-09-04T12:41:38.172+0000] {logging_mixin.py:150} INFO - [2023-09-04T12:41:38.172+0000] {dag.py:2742} INFO - Sync 1 DAGs
[2023-09-04T12:41:38.401+0000] {logging_mixin.py:150} INFO - [2023-09-04T12:41:38.401+0000] {dag.py:3508} INFO - Setting next_dagrun for example_skip_dag to 2023-09-03T12:41:38.391410+00:00, run_after=2023-09-04T12:41:38.391410+00:00
[2023-09-04T12:41:38.533+0000] {processor.py:179} INFO - Processing /home/airflow/.local/lib/python3.7/site-packages/airflow/example_dags/example_skip_dag.py took 0.736 seconds
[2023-09-04T12:42:33.007+0000] {processor.py:157} INFO - Started process (PID=372) to work on /home/airflow/.local/lib/python3.7/site-packages/airflow/example_dags/example_skip_dag.py
[2023-09-04T12:42:33.020+0000] {processor.py:826} INFO - Processing file /home/airflow/.local/lib/python3.7/site-packages/airflow/example_dags/example_skip_dag.py for tasks to queue
[2023-09-04T12:42:33.039+0000] {logging_mixin.py:150} INFO - [2023-09-04T12:42:33.038+0000] {dagbag.py:541} INFO - Filling up the DagBag from /home/airflow/.local/lib/python3.7/site-packages/airflow/example_dags/example_skip_dag.py
[2023-09-04T12:42:33.100+0000] {processor.py:836} INFO - DAG(s) dict_keys(['example_skip_dag']) retrieved from /home/airflow/.local/lib/python3.7/site-packages/airflow/example_dags/example_skip_dag.py
[2023-09-04T12:42:33.268+0000] {logging_mixin.py:150} INFO - [2023-09-04T12:42:33.268+0000] {dag.py:2742} INFO - Sync 1 DAGs
[2023-09-04T12:42:33.495+0000] {logging_mixin.py:150} INFO - [2023-09-04T12:42:33.494+0000] {dag.py:3508} INFO - Setting next_dagrun for example_skip_dag to 2023-09-03T12:42:33.484816+00:00, run_after=2023-09-04T12:42:33.484816+00:00
[2023-09-04T12:42:33.657+0000] {processor.py:179} INFO - Processing /home/airflow/.local/lib/python3.7/site-packages/airflow/example_dags/example_skip_dag.py took 0.670 seconds
[2023-09-04T12:43:08.229+0000] {processor.py:157} INFO - Started process (PID=432) to work on /home/airflow/.local/lib/python3.7/site-packages/airflow/example_dags/example_skip_dag.py
[2023-09-04T12:43:08.248+0000] {processor.py:826} INFO - Processing file /home/airflow/.local/lib/python3.7/site-packages/airflow/example_dags/example_skip_dag.py for tasks to queue
[2023-09-04T12:43:08.256+0000] {logging_mixin.py:150} INFO - [2023-09-04T12:43:08.255+0000] {dagbag.py:541} INFO - Filling up the DagBag from /home/airflow/.local/lib/python3.7/site-packages/airflow/example_dags/example_skip_dag.py
[2023-09-04T12:43:08.298+0000] {processor.py:836} INFO - DAG(s) dict_keys(['example_skip_dag']) retrieved from /home/airflow/.local/lib/python3.7/site-packages/airflow/example_dags/example_skip_dag.py
[2023-09-04T12:43:08.477+0000] {logging_mixin.py:150} INFO - [2023-09-04T12:43:08.476+0000] {dag.py:2742} INFO - Sync 1 DAGs
[2023-09-04T12:43:08.726+0000] {logging_mixin.py:150} INFO - [2023-09-04T12:43:08.725+0000] {dag.py:3508} INFO - Setting next_dagrun for example_skip_dag to 2023-09-03T12:43:08.725279+00:00, run_after=2023-09-04T12:43:08.725279+00:00
[2023-09-04T12:43:08.907+0000] {processor.py:179} INFO - Processing /home/airflow/.local/lib/python3.7/site-packages/airflow/example_dags/example_skip_dag.py took 0.693 seconds
[2023-09-04T12:43:47.108+0000] {processor.py:157} INFO - Started process (PID=495) to work on /home/airflow/.local/lib/python3.7/site-packages/airflow/example_dags/example_skip_dag.py
[2023-09-04T12:43:47.131+0000] {processor.py:826} INFO - Processing file /home/airflow/.local/lib/python3.7/site-packages/airflow/example_dags/example_skip_dag.py for tasks to queue
[2023-09-04T12:43:47.150+0000] {logging_mixin.py:150} INFO - [2023-09-04T12:43:47.149+0000] {dagbag.py:541} INFO - Filling up the DagBag from /home/airflow/.local/lib/python3.7/site-packages/airflow/example_dags/example_skip_dag.py
[2023-09-04T12:43:47.195+0000] {processor.py:836} INFO - DAG(s) dict_keys(['example_skip_dag']) retrieved from /home/airflow/.local/lib/python3.7/site-packages/airflow/example_dags/example_skip_dag.py
[2023-09-04T12:43:47.363+0000] {logging_mixin.py:150} INFO - [2023-09-04T12:43:47.362+0000] {dag.py:2742} INFO - Sync 1 DAGs
[2023-09-04T12:43:47.593+0000] {logging_mixin.py:150} INFO - [2023-09-04T12:43:47.593+0000] {dag.py:3508} INFO - Setting next_dagrun for example_skip_dag to 2023-09-03T12:43:47.584356+00:00, run_after=2023-09-04T12:43:47.584356+00:00
[2023-09-04T12:43:47.776+0000] {processor.py:179} INFO - Processing /home/airflow/.local/lib/python3.7/site-packages/airflow/example_dags/example_skip_dag.py took 0.687 seconds
[2023-09-04T12:44:19.856+0000] {processor.py:157} INFO - Started process (PID=554) to work on /home/airflow/.local/lib/python3.7/site-packages/airflow/example_dags/example_skip_dag.py
[2023-09-04T12:44:19.859+0000] {processor.py:826} INFO - Processing file /home/airflow/.local/lib/python3.7/site-packages/airflow/example_dags/example_skip_dag.py for tasks to queue
[2023-09-04T12:44:19.873+0000] {logging_mixin.py:150} INFO - [2023-09-04T12:44:19.868+0000] {dagbag.py:541} INFO - Filling up the DagBag from /home/airflow/.local/lib/python3.7/site-packages/airflow/example_dags/example_skip_dag.py
[2023-09-04T12:44:19.917+0000] {processor.py:836} INFO - DAG(s) dict_keys(['example_skip_dag']) retrieved from /home/airflow/.local/lib/python3.7/site-packages/airflow/example_dags/example_skip_dag.py
[2023-09-04T12:44:20.046+0000] {logging_mixin.py:150} INFO - [2023-09-04T12:44:20.046+0000] {dag.py:2742} INFO - Sync 1 DAGs
[2023-09-04T12:44:20.203+0000] {logging_mixin.py:150} INFO - [2023-09-04T12:44:20.203+0000] {dag.py:3508} INFO - Setting next_dagrun for example_skip_dag to 2023-09-03T12:44:20.202919+00:00, run_after=2023-09-04T12:44:20.202919+00:00
[2023-09-04T12:44:20.347+0000] {processor.py:179} INFO - Processing /home/airflow/.local/lib/python3.7/site-packages/airflow/example_dags/example_skip_dag.py took 0.510 seconds
[2023-09-04T12:45:10.645+0000] {processor.py:157} INFO - Started process (PID=634) to work on /home/airflow/.local/lib/python3.7/site-packages/airflow/example_dags/example_skip_dag.py
[2023-09-04T12:45:10.647+0000] {processor.py:826} INFO - Processing file /home/airflow/.local/lib/python3.7/site-packages/airflow/example_dags/example_skip_dag.py for tasks to queue
[2023-09-04T12:45:10.650+0000] {logging_mixin.py:150} INFO - [2023-09-04T12:45:10.649+0000] {dagbag.py:541} INFO - Filling up the DagBag from /home/airflow/.local/lib/python3.7/site-packages/airflow/example_dags/example_skip_dag.py
[2023-09-04T12:45:10.678+0000] {processor.py:836} INFO - DAG(s) dict_keys(['example_skip_dag']) retrieved from /home/airflow/.local/lib/python3.7/site-packages/airflow/example_dags/example_skip_dag.py
[2023-09-04T12:45:10.739+0000] {logging_mixin.py:150} INFO - [2023-09-04T12:45:10.739+0000] {dag.py:2742} INFO - Sync 1 DAGs
[2023-09-04T12:45:10.821+0000] {logging_mixin.py:150} INFO - [2023-09-04T12:45:10.821+0000] {dag.py:3508} INFO - Setting next_dagrun for example_skip_dag to 2023-09-03T12:45:10.820522+00:00, run_after=2023-09-04T12:45:10.820522+00:00
[2023-09-04T12:45:10.955+0000] {processor.py:179} INFO - Processing /home/airflow/.local/lib/python3.7/site-packages/airflow/example_dags/example_skip_dag.py took 0.319 seconds
[2023-09-04T12:45:42.112+0000] {processor.py:157} INFO - Started process (PID=694) to work on /home/airflow/.local/lib/python3.7/site-packages/airflow/example_dags/example_skip_dag.py
[2023-09-04T12:45:42.116+0000] {processor.py:826} INFO - Processing file /home/airflow/.local/lib/python3.7/site-packages/airflow/example_dags/example_skip_dag.py for tasks to queue
[2023-09-04T12:45:42.131+0000] {logging_mixin.py:150} INFO - [2023-09-04T12:45:42.130+0000] {dagbag.py:541} INFO - Filling up the DagBag from /home/airflow/.local/lib/python3.7/site-packages/airflow/example_dags/example_skip_dag.py
[2023-09-04T12:45:42.183+0000] {processor.py:836} INFO - DAG(s) dict_keys(['example_skip_dag']) retrieved from /home/airflow/.local/lib/python3.7/site-packages/airflow/example_dags/example_skip_dag.py
[2023-09-04T12:45:42.323+0000] {logging_mixin.py:150} INFO - [2023-09-04T12:45:42.323+0000] {dag.py:2742} INFO - Sync 1 DAGs
[2023-09-04T12:45:42.610+0000] {logging_mixin.py:150} INFO - [2023-09-04T12:45:42.610+0000] {dag.py:3508} INFO - Setting next_dagrun for example_skip_dag to 2023-09-03T12:45:42.609405+00:00, run_after=2023-09-04T12:45:42.609405+00:00
[2023-09-04T12:45:42.910+0000] {processor.py:179} INFO - Processing /home/airflow/.local/lib/python3.7/site-packages/airflow/example_dags/example_skip_dag.py took 0.830 seconds
[2023-09-04T12:46:13.496+0000] {processor.py:157} INFO - Started process (PID=753) to work on /home/airflow/.local/lib/python3.7/site-packages/airflow/example_dags/example_skip_dag.py
[2023-09-04T12:46:13.498+0000] {processor.py:826} INFO - Processing file /home/airflow/.local/lib/python3.7/site-packages/airflow/example_dags/example_skip_dag.py for tasks to queue
[2023-09-04T12:46:13.501+0000] {logging_mixin.py:150} INFO - [2023-09-04T12:46:13.500+0000] {dagbag.py:541} INFO - Filling up the DagBag from /home/airflow/.local/lib/python3.7/site-packages/airflow/example_dags/example_skip_dag.py
[2023-09-04T12:46:13.520+0000] {processor.py:836} INFO - DAG(s) dict_keys(['example_skip_dag']) retrieved from /home/airflow/.local/lib/python3.7/site-packages/airflow/example_dags/example_skip_dag.py
[2023-09-04T12:46:13.568+0000] {logging_mixin.py:150} INFO - [2023-09-04T12:46:13.567+0000] {dag.py:2742} INFO - Sync 1 DAGs
[2023-09-04T12:46:13.635+0000] {logging_mixin.py:150} INFO - [2023-09-04T12:46:13.635+0000] {dag.py:3508} INFO - Setting next_dagrun for example_skip_dag to 2023-09-03T12:46:13.634404+00:00, run_after=2023-09-04T12:46:13.634404+00:00
[2023-09-04T12:46:13.679+0000] {processor.py:179} INFO - Processing /home/airflow/.local/lib/python3.7/site-packages/airflow/example_dags/example_skip_dag.py took 0.191 seconds
[2023-09-04T12:46:44.230+0000] {processor.py:157} INFO - Started process (PID=813) to work on /home/airflow/.local/lib/python3.7/site-packages/airflow/example_dags/example_skip_dag.py
[2023-09-04T12:46:44.234+0000] {processor.py:826} INFO - Processing file /home/airflow/.local/lib/python3.7/site-packages/airflow/example_dags/example_skip_dag.py for tasks to queue
[2023-09-04T12:46:44.238+0000] {logging_mixin.py:150} INFO - [2023-09-04T12:46:44.237+0000] {dagbag.py:541} INFO - Filling up the DagBag from /home/airflow/.local/lib/python3.7/site-packages/airflow/example_dags/example_skip_dag.py
[2023-09-04T12:46:44.267+0000] {processor.py:836} INFO - DAG(s) dict_keys(['example_skip_dag']) retrieved from /home/airflow/.local/lib/python3.7/site-packages/airflow/example_dags/example_skip_dag.py
[2023-09-04T12:46:44.348+0000] {logging_mixin.py:150} INFO - [2023-09-04T12:46:44.347+0000] {dag.py:2742} INFO - Sync 1 DAGs
[2023-09-04T12:46:44.452+0000] {logging_mixin.py:150} INFO - [2023-09-04T12:46:44.451+0000] {dag.py:3508} INFO - Setting next_dagrun for example_skip_dag to 2023-09-03T12:46:44.450962+00:00, run_after=2023-09-04T12:46:44.450962+00:00
[2023-09-04T12:46:44.512+0000] {processor.py:179} INFO - Processing /home/airflow/.local/lib/python3.7/site-packages/airflow/example_dags/example_skip_dag.py took 0.306 seconds
[2023-09-04T12:47:14.908+0000] {processor.py:157} INFO - Started process (PID=872) to work on /home/airflow/.local/lib/python3.7/site-packages/airflow/example_dags/example_skip_dag.py
[2023-09-04T12:47:14.911+0000] {processor.py:826} INFO - Processing file /home/airflow/.local/lib/python3.7/site-packages/airflow/example_dags/example_skip_dag.py for tasks to queue
[2023-09-04T12:47:14.915+0000] {logging_mixin.py:150} INFO - [2023-09-04T12:47:14.914+0000] {dagbag.py:541} INFO - Filling up the DagBag from /home/airflow/.local/lib/python3.7/site-packages/airflow/example_dags/example_skip_dag.py
[2023-09-04T12:47:14.939+0000] {processor.py:836} INFO - DAG(s) dict_keys(['example_skip_dag']) retrieved from /home/airflow/.local/lib/python3.7/site-packages/airflow/example_dags/example_skip_dag.py
[2023-09-04T12:47:14.993+0000] {logging_mixin.py:150} INFO - [2023-09-04T12:47:14.993+0000] {dag.py:2742} INFO - Sync 1 DAGs
[2023-09-04T12:47:15.061+0000] {logging_mixin.py:150} INFO - [2023-09-04T12:47:15.061+0000] {dag.py:3508} INFO - Setting next_dagrun for example_skip_dag to 2023-09-03T12:47:15.060560+00:00, run_after=2023-09-04T12:47:15.060560+00:00
[2023-09-04T12:47:15.143+0000] {processor.py:179} INFO - Processing /home/airflow/.local/lib/python3.7/site-packages/airflow/example_dags/example_skip_dag.py took 0.248 seconds
[2023-09-04T12:47:45.594+0000] {processor.py:157} INFO - Started process (PID=932) to work on /home/airflow/.local/lib/python3.7/site-packages/airflow/example_dags/example_skip_dag.py
[2023-09-04T12:47:45.597+0000] {processor.py:826} INFO - Processing file /home/airflow/.local/lib/python3.7/site-packages/airflow/example_dags/example_skip_dag.py for tasks to queue
[2023-09-04T12:47:45.601+0000] {logging_mixin.py:150} INFO - [2023-09-04T12:47:45.601+0000] {dagbag.py:541} INFO - Filling up the DagBag from /home/airflow/.local/lib/python3.7/site-packages/airflow/example_dags/example_skip_dag.py
[2023-09-04T12:47:45.622+0000] {processor.py:836} INFO - DAG(s) dict_keys(['example_skip_dag']) retrieved from /home/airflow/.local/lib/python3.7/site-packages/airflow/example_dags/example_skip_dag.py
[2023-09-04T12:47:45.712+0000] {logging_mixin.py:150} INFO - [2023-09-04T12:47:45.712+0000] {dag.py:2742} INFO - Sync 1 DAGs
[2023-09-04T12:47:45.802+0000] {logging_mixin.py:150} INFO - [2023-09-04T12:47:45.802+0000] {dag.py:3508} INFO - Setting next_dagrun for example_skip_dag to 2023-09-03T12:47:45.801508+00:00, run_after=2023-09-04T12:47:45.801508+00:00
[2023-09-04T12:47:45.883+0000] {processor.py:179} INFO - Processing /home/airflow/.local/lib/python3.7/site-packages/airflow/example_dags/example_skip_dag.py took 0.297 seconds
[2023-09-04T12:48:16.926+0000] {processor.py:157} INFO - Started process (PID=992) to work on /home/airflow/.local/lib/python3.7/site-packages/airflow/example_dags/example_skip_dag.py
[2023-09-04T12:48:16.928+0000] {processor.py:826} INFO - Processing file /home/airflow/.local/lib/python3.7/site-packages/airflow/example_dags/example_skip_dag.py for tasks to queue
[2023-09-04T12:48:16.934+0000] {logging_mixin.py:150} INFO - [2023-09-04T12:48:16.933+0000] {dagbag.py:541} INFO - Filling up the DagBag from /home/airflow/.local/lib/python3.7/site-packages/airflow/example_dags/example_skip_dag.py
[2023-09-04T12:48:16.958+0000] {processor.py:836} INFO - DAG(s) dict_keys(['example_skip_dag']) retrieved from /home/airflow/.local/lib/python3.7/site-packages/airflow/example_dags/example_skip_dag.py
[2023-09-04T12:48:17.063+0000] {logging_mixin.py:150} INFO - [2023-09-04T12:48:17.059+0000] {dag.py:2742} INFO - Sync 1 DAGs
[2023-09-04T12:48:17.262+0000] {logging_mixin.py:150} INFO - [2023-09-04T12:48:17.241+0000] {dag.py:3508} INFO - Setting next_dagrun for example_skip_dag to 2023-09-03T12:48:17.237957+00:00, run_after=2023-09-04T12:48:17.237957+00:00
[2023-09-04T12:48:17.341+0000] {processor.py:179} INFO - Processing /home/airflow/.local/lib/python3.7/site-packages/airflow/example_dags/example_skip_dag.py took 0.424 seconds
[2023-09-04T12:48:50.609+0000] {processor.py:157} INFO - Started process (PID=1053) to work on /home/airflow/.local/lib/python3.7/site-packages/airflow/example_dags/example_skip_dag.py
[2023-09-04T12:48:50.626+0000] {processor.py:826} INFO - Processing file /home/airflow/.local/lib/python3.7/site-packages/airflow/example_dags/example_skip_dag.py for tasks to queue
[2023-09-04T12:48:50.633+0000] {logging_mixin.py:150} INFO - [2023-09-04T12:48:50.632+0000] {dagbag.py:541} INFO - Filling up the DagBag from /home/airflow/.local/lib/python3.7/site-packages/airflow/example_dags/example_skip_dag.py
[2023-09-04T12:48:50.652+0000] {processor.py:836} INFO - DAG(s) dict_keys(['example_skip_dag']) retrieved from /home/airflow/.local/lib/python3.7/site-packages/airflow/example_dags/example_skip_dag.py
[2023-09-04T12:48:50.722+0000] {logging_mixin.py:150} INFO - [2023-09-04T12:48:50.721+0000] {dag.py:2742} INFO - Sync 1 DAGs
[2023-09-04T12:48:50.801+0000] {logging_mixin.py:150} INFO - [2023-09-04T12:48:50.800+0000] {dag.py:3508} INFO - Setting next_dagrun for example_skip_dag to 2023-09-03T12:48:50.799200+00:00, run_after=2023-09-04T12:48:50.799200+00:00
[2023-09-04T12:48:50.867+0000] {processor.py:179} INFO - Processing /home/airflow/.local/lib/python3.7/site-packages/airflow/example_dags/example_skip_dag.py took 0.265 seconds
[2023-09-04T12:49:21.474+0000] {processor.py:157} INFO - Started process (PID=1112) to work on /home/airflow/.local/lib/python3.7/site-packages/airflow/example_dags/example_skip_dag.py
[2023-09-04T12:49:21.477+0000] {processor.py:826} INFO - Processing file /home/airflow/.local/lib/python3.7/site-packages/airflow/example_dags/example_skip_dag.py for tasks to queue
[2023-09-04T12:49:21.479+0000] {logging_mixin.py:150} INFO - [2023-09-04T12:49:21.478+0000] {dagbag.py:541} INFO - Filling up the DagBag from /home/airflow/.local/lib/python3.7/site-packages/airflow/example_dags/example_skip_dag.py
[2023-09-04T12:49:21.494+0000] {processor.py:836} INFO - DAG(s) dict_keys(['example_skip_dag']) retrieved from /home/airflow/.local/lib/python3.7/site-packages/airflow/example_dags/example_skip_dag.py
[2023-09-04T12:49:21.557+0000] {logging_mixin.py:150} INFO - [2023-09-04T12:49:21.553+0000] {dag.py:2742} INFO - Sync 1 DAGs
[2023-09-04T12:49:21.629+0000] {logging_mixin.py:150} INFO - [2023-09-04T12:49:21.628+0000] {dag.py:3508} INFO - Setting next_dagrun for example_skip_dag to 2023-09-03T12:49:21.628015+00:00, run_after=2023-09-04T12:49:21.628015+00:00
[2023-09-04T12:49:21.693+0000] {processor.py:179} INFO - Processing /home/airflow/.local/lib/python3.7/site-packages/airflow/example_dags/example_skip_dag.py took 0.226 seconds
[2023-09-04T12:51:32.097+0000] {processor.py:157} INFO - Started process (PID=89) to work on /home/airflow/.local/lib/python3.7/site-packages/airflow/example_dags/example_skip_dag.py
[2023-09-04T12:51:32.099+0000] {processor.py:826} INFO - Processing file /home/airflow/.local/lib/python3.7/site-packages/airflow/example_dags/example_skip_dag.py for tasks to queue
[2023-09-04T12:51:32.102+0000] {logging_mixin.py:150} INFO - [2023-09-04T12:51:32.101+0000] {dagbag.py:541} INFO - Filling up the DagBag from /home/airflow/.local/lib/python3.7/site-packages/airflow/example_dags/example_skip_dag.py
[2023-09-04T12:51:32.122+0000] {processor.py:836} INFO - DAG(s) dict_keys(['example_skip_dag']) retrieved from /home/airflow/.local/lib/python3.7/site-packages/airflow/example_dags/example_skip_dag.py
[2023-09-04T12:51:32.200+0000] {logging_mixin.py:150} INFO - [2023-09-04T12:51:32.199+0000] {dag.py:2742} INFO - Sync 1 DAGs
[2023-09-04T12:51:32.301+0000] {logging_mixin.py:150} INFO - [2023-09-04T12:51:32.301+0000] {dag.py:3508} INFO - Setting next_dagrun for example_skip_dag to 2023-09-03T12:51:32.300661+00:00, run_after=2023-09-04T12:51:32.300661+00:00
[2023-09-04T12:51:32.374+0000] {processor.py:179} INFO - Processing /home/airflow/.local/lib/python3.7/site-packages/airflow/example_dags/example_skip_dag.py took 0.285 seconds
[2023-09-04T12:52:03.183+0000] {processor.py:157} INFO - Started process (PID=148) to work on /home/airflow/.local/lib/python3.7/site-packages/airflow/example_dags/example_skip_dag.py
[2023-09-04T12:52:03.188+0000] {processor.py:826} INFO - Processing file /home/airflow/.local/lib/python3.7/site-packages/airflow/example_dags/example_skip_dag.py for tasks to queue
[2023-09-04T12:52:03.193+0000] {logging_mixin.py:150} INFO - [2023-09-04T12:52:03.192+0000] {dagbag.py:541} INFO - Filling up the DagBag from /home/airflow/.local/lib/python3.7/site-packages/airflow/example_dags/example_skip_dag.py
[2023-09-04T12:52:03.214+0000] {processor.py:836} INFO - DAG(s) dict_keys(['example_skip_dag']) retrieved from /home/airflow/.local/lib/python3.7/site-packages/airflow/example_dags/example_skip_dag.py
[2023-09-04T12:52:03.328+0000] {logging_mixin.py:150} INFO - [2023-09-04T12:52:03.328+0000] {dag.py:2742} INFO - Sync 1 DAGs
[2023-09-04T12:52:03.455+0000] {logging_mixin.py:150} INFO - [2023-09-04T12:52:03.454+0000] {dag.py:3508} INFO - Setting next_dagrun for example_skip_dag to 2023-09-03T12:52:03.454009+00:00, run_after=2023-09-04T12:52:03.454009+00:00
[2023-09-04T12:52:03.517+0000] {processor.py:179} INFO - Processing /home/airflow/.local/lib/python3.7/site-packages/airflow/example_dags/example_skip_dag.py took 0.342 seconds
[2023-09-04T12:52:35.024+0000] {processor.py:157} INFO - Started process (PID=207) to work on /home/airflow/.local/lib/python3.7/site-packages/airflow/example_dags/example_skip_dag.py
[2023-09-04T12:52:35.027+0000] {processor.py:826} INFO - Processing file /home/airflow/.local/lib/python3.7/site-packages/airflow/example_dags/example_skip_dag.py for tasks to queue
[2023-09-04T12:52:35.029+0000] {logging_mixin.py:150} INFO - [2023-09-04T12:52:35.028+0000] {dagbag.py:541} INFO - Filling up the DagBag from /home/airflow/.local/lib/python3.7/site-packages/airflow/example_dags/example_skip_dag.py
[2023-09-04T12:52:35.046+0000] {processor.py:836} INFO - DAG(s) dict_keys(['example_skip_dag']) retrieved from /home/airflow/.local/lib/python3.7/site-packages/airflow/example_dags/example_skip_dag.py
[2023-09-04T12:52:35.125+0000] {logging_mixin.py:150} INFO - [2023-09-04T12:52:35.124+0000] {dag.py:2742} INFO - Sync 1 DAGs
[2023-09-04T12:52:35.239+0000] {logging_mixin.py:150} INFO - [2023-09-04T12:52:35.238+0000] {dag.py:3508} INFO - Setting next_dagrun for example_skip_dag to 2023-09-03T12:52:35.238393+00:00, run_after=2023-09-04T12:52:35.238393+00:00
[2023-09-04T12:52:35.311+0000] {processor.py:179} INFO - Processing /home/airflow/.local/lib/python3.7/site-packages/airflow/example_dags/example_skip_dag.py took 0.294 seconds
[2023-09-04T12:53:06.486+0000] {processor.py:157} INFO - Started process (PID=266) to work on /home/airflow/.local/lib/python3.7/site-packages/airflow/example_dags/example_skip_dag.py
[2023-09-04T12:53:06.488+0000] {processor.py:826} INFO - Processing file /home/airflow/.local/lib/python3.7/site-packages/airflow/example_dags/example_skip_dag.py for tasks to queue
[2023-09-04T12:53:06.491+0000] {logging_mixin.py:150} INFO - [2023-09-04T12:53:06.490+0000] {dagbag.py:541} INFO - Filling up the DagBag from /home/airflow/.local/lib/python3.7/site-packages/airflow/example_dags/example_skip_dag.py
[2023-09-04T12:53:06.508+0000] {processor.py:836} INFO - DAG(s) dict_keys(['example_skip_dag']) retrieved from /home/airflow/.local/lib/python3.7/site-packages/airflow/example_dags/example_skip_dag.py
[2023-09-04T12:53:06.559+0000] {logging_mixin.py:150} INFO - [2023-09-04T12:53:06.559+0000] {dag.py:2742} INFO - Sync 1 DAGs
[2023-09-04T12:53:06.608+0000] {logging_mixin.py:150} INFO - [2023-09-04T12:53:06.608+0000] {dag.py:3508} INFO - Setting next_dagrun for example_skip_dag to 2023-09-03T12:53:06.608186+00:00, run_after=2023-09-04T12:53:06.608186+00:00
[2023-09-04T12:53:06.653+0000] {processor.py:179} INFO - Processing /home/airflow/.local/lib/python3.7/site-packages/airflow/example_dags/example_skip_dag.py took 0.181 seconds
[2023-09-04T12:53:37.661+0000] {processor.py:157} INFO - Started process (PID=326) to work on /home/airflow/.local/lib/python3.7/site-packages/airflow/example_dags/example_skip_dag.py
[2023-09-04T12:53:37.662+0000] {processor.py:826} INFO - Processing file /home/airflow/.local/lib/python3.7/site-packages/airflow/example_dags/example_skip_dag.py for tasks to queue
[2023-09-04T12:53:37.666+0000] {logging_mixin.py:150} INFO - [2023-09-04T12:53:37.665+0000] {dagbag.py:541} INFO - Filling up the DagBag from /home/airflow/.local/lib/python3.7/site-packages/airflow/example_dags/example_skip_dag.py
[2023-09-04T12:53:37.687+0000] {processor.py:836} INFO - DAG(s) dict_keys(['example_skip_dag']) retrieved from /home/airflow/.local/lib/python3.7/site-packages/airflow/example_dags/example_skip_dag.py
[2023-09-04T12:53:37.763+0000] {logging_mixin.py:150} INFO - [2023-09-04T12:53:37.762+0000] {dag.py:2742} INFO - Sync 1 DAGs
[2023-09-04T12:53:37.855+0000] {logging_mixin.py:150} INFO - [2023-09-04T12:53:37.854+0000] {dag.py:3508} INFO - Setting next_dagrun for example_skip_dag to 2023-09-03T12:53:37.854197+00:00, run_after=2023-09-04T12:53:37.854197+00:00
[2023-09-04T12:53:37.904+0000] {processor.py:179} INFO - Processing /home/airflow/.local/lib/python3.7/site-packages/airflow/example_dags/example_skip_dag.py took 0.250 seconds
[2023-09-04T12:54:08.722+0000] {processor.py:157} INFO - Started process (PID=391) to work on /home/airflow/.local/lib/python3.7/site-packages/airflow/example_dags/example_skip_dag.py
[2023-09-04T12:54:08.735+0000] {processor.py:826} INFO - Processing file /home/airflow/.local/lib/python3.7/site-packages/airflow/example_dags/example_skip_dag.py for tasks to queue
[2023-09-04T12:54:08.739+0000] {logging_mixin.py:150} INFO - [2023-09-04T12:54:08.738+0000] {dagbag.py:541} INFO - Filling up the DagBag from /home/airflow/.local/lib/python3.7/site-packages/airflow/example_dags/example_skip_dag.py
[2023-09-04T12:54:08.759+0000] {processor.py:836} INFO - DAG(s) dict_keys(['example_skip_dag']) retrieved from /home/airflow/.local/lib/python3.7/site-packages/airflow/example_dags/example_skip_dag.py
[2023-09-04T12:54:08.818+0000] {logging_mixin.py:150} INFO - [2023-09-04T12:54:08.818+0000] {dag.py:2742} INFO - Sync 1 DAGs
[2023-09-04T12:54:08.902+0000] {logging_mixin.py:150} INFO - [2023-09-04T12:54:08.902+0000] {dag.py:3508} INFO - Setting next_dagrun for example_skip_dag to 2023-09-03T12:54:08.901877+00:00, run_after=2023-09-04T12:54:08.901877+00:00
[2023-09-04T12:54:08.963+0000] {processor.py:179} INFO - Processing /home/airflow/.local/lib/python3.7/site-packages/airflow/example_dags/example_skip_dag.py took 0.263 seconds
[2023-09-04T12:54:39.926+0000] {processor.py:157} INFO - Started process (PID=450) to work on /home/airflow/.local/lib/python3.7/site-packages/airflow/example_dags/example_skip_dag.py
[2023-09-04T12:54:39.930+0000] {processor.py:826} INFO - Processing file /home/airflow/.local/lib/python3.7/site-packages/airflow/example_dags/example_skip_dag.py for tasks to queue
[2023-09-04T12:54:39.932+0000] {logging_mixin.py:150} INFO - [2023-09-04T12:54:39.931+0000] {dagbag.py:541} INFO - Filling up the DagBag from /home/airflow/.local/lib/python3.7/site-packages/airflow/example_dags/example_skip_dag.py
[2023-09-04T12:54:39.950+0000] {processor.py:836} INFO - DAG(s) dict_keys(['example_skip_dag']) retrieved from /home/airflow/.local/lib/python3.7/site-packages/airflow/example_dags/example_skip_dag.py
[2023-09-04T12:54:40.001+0000] {logging_mixin.py:150} INFO - [2023-09-04T12:54:40.001+0000] {dag.py:2742} INFO - Sync 1 DAGs
[2023-09-04T12:54:40.057+0000] {logging_mixin.py:150} INFO - [2023-09-04T12:54:40.056+0000] {dag.py:3508} INFO - Setting next_dagrun for example_skip_dag to 2023-09-03T12:54:40.056435+00:00, run_after=2023-09-04T12:54:40.056435+00:00
[2023-09-04T12:54:40.098+0000] {processor.py:179} INFO - Processing /home/airflow/.local/lib/python3.7/site-packages/airflow/example_dags/example_skip_dag.py took 0.179 seconds
[2023-09-04T12:55:11.652+0000] {processor.py:157} INFO - Started process (PID=509) to work on /home/airflow/.local/lib/python3.7/site-packages/airflow/example_dags/example_skip_dag.py
[2023-09-04T12:55:11.655+0000] {processor.py:826} INFO - Processing file /home/airflow/.local/lib/python3.7/site-packages/airflow/example_dags/example_skip_dag.py for tasks to queue
[2023-09-04T12:55:11.658+0000] {logging_mixin.py:150} INFO - [2023-09-04T12:55:11.658+0000] {dagbag.py:541} INFO - Filling up the DagBag from /home/airflow/.local/lib/python3.7/site-packages/airflow/example_dags/example_skip_dag.py
[2023-09-04T12:55:11.678+0000] {processor.py:836} INFO - DAG(s) dict_keys(['example_skip_dag']) retrieved from /home/airflow/.local/lib/python3.7/site-packages/airflow/example_dags/example_skip_dag.py
[2023-09-04T12:55:11.768+0000] {logging_mixin.py:150} INFO - [2023-09-04T12:55:11.767+0000] {dag.py:2742} INFO - Sync 1 DAGs
[2023-09-04T12:55:11.880+0000] {logging_mixin.py:150} INFO - [2023-09-04T12:55:11.880+0000] {dag.py:3508} INFO - Setting next_dagrun for example_skip_dag to 2023-09-03T12:55:11.879389+00:00, run_after=2023-09-04T12:55:11.879389+00:00
[2023-09-04T12:55:11.956+0000] {processor.py:179} INFO - Processing /home/airflow/.local/lib/python3.7/site-packages/airflow/example_dags/example_skip_dag.py took 0.320 seconds
[2023-09-04T12:55:42.552+0000] {processor.py:157} INFO - Started process (PID=569) to work on /home/airflow/.local/lib/python3.7/site-packages/airflow/example_dags/example_skip_dag.py
[2023-09-04T12:55:42.558+0000] {processor.py:826} INFO - Processing file /home/airflow/.local/lib/python3.7/site-packages/airflow/example_dags/example_skip_dag.py for tasks to queue
[2023-09-04T12:55:42.562+0000] {logging_mixin.py:150} INFO - [2023-09-04T12:55:42.561+0000] {dagbag.py:541} INFO - Filling up the DagBag from /home/airflow/.local/lib/python3.7/site-packages/airflow/example_dags/example_skip_dag.py
[2023-09-04T12:55:42.600+0000] {processor.py:836} INFO - DAG(s) dict_keys(['example_skip_dag']) retrieved from /home/airflow/.local/lib/python3.7/site-packages/airflow/example_dags/example_skip_dag.py
[2023-09-04T12:55:42.697+0000] {logging_mixin.py:150} INFO - [2023-09-04T12:55:42.696+0000] {dag.py:2742} INFO - Sync 1 DAGs
[2023-09-04T12:55:42.813+0000] {logging_mixin.py:150} INFO - [2023-09-04T12:55:42.812+0000] {dag.py:3508} INFO - Setting next_dagrun for example_skip_dag to 2023-09-03T12:55:42.812128+00:00, run_after=2023-09-04T12:55:42.812128+00:00
[2023-09-04T12:55:42.861+0000] {processor.py:179} INFO - Processing /home/airflow/.local/lib/python3.7/site-packages/airflow/example_dags/example_skip_dag.py took 0.331 seconds
[2023-09-04T12:56:14.020+0000] {processor.py:157} INFO - Started process (PID=628) to work on /home/airflow/.local/lib/python3.7/site-packages/airflow/example_dags/example_skip_dag.py
[2023-09-04T12:56:14.022+0000] {processor.py:826} INFO - Processing file /home/airflow/.local/lib/python3.7/site-packages/airflow/example_dags/example_skip_dag.py for tasks to queue
[2023-09-04T12:56:14.024+0000] {logging_mixin.py:150} INFO - [2023-09-04T12:56:14.024+0000] {dagbag.py:541} INFO - Filling up the DagBag from /home/airflow/.local/lib/python3.7/site-packages/airflow/example_dags/example_skip_dag.py
[2023-09-04T12:56:14.038+0000] {processor.py:836} INFO - DAG(s) dict_keys(['example_skip_dag']) retrieved from /home/airflow/.local/lib/python3.7/site-packages/airflow/example_dags/example_skip_dag.py
[2023-09-04T12:56:14.103+0000] {logging_mixin.py:150} INFO - [2023-09-04T12:56:14.103+0000] {dag.py:2742} INFO - Sync 1 DAGs
[2023-09-04T12:56:14.163+0000] {logging_mixin.py:150} INFO - [2023-09-04T12:56:14.163+0000] {dag.py:3508} INFO - Setting next_dagrun for example_skip_dag to 2023-09-03T12:56:14.163319+00:00, run_after=2023-09-04T12:56:14.163319+00:00
[2023-09-04T12:56:14.207+0000] {processor.py:179} INFO - Processing /home/airflow/.local/lib/python3.7/site-packages/airflow/example_dags/example_skip_dag.py took 0.193 seconds
[2023-09-04T12:56:44.908+0000] {processor.py:157} INFO - Started process (PID=687) to work on /home/airflow/.local/lib/python3.7/site-packages/airflow/example_dags/example_skip_dag.py
[2023-09-04T12:56:44.910+0000] {processor.py:826} INFO - Processing file /home/airflow/.local/lib/python3.7/site-packages/airflow/example_dags/example_skip_dag.py for tasks to queue
[2023-09-04T12:56:44.912+0000] {logging_mixin.py:150} INFO - [2023-09-04T12:56:44.912+0000] {dagbag.py:541} INFO - Filling up the DagBag from /home/airflow/.local/lib/python3.7/site-packages/airflow/example_dags/example_skip_dag.py
[2023-09-04T12:56:44.926+0000] {processor.py:836} INFO - DAG(s) dict_keys(['example_skip_dag']) retrieved from /home/airflow/.local/lib/python3.7/site-packages/airflow/example_dags/example_skip_dag.py
[2023-09-04T12:56:44.969+0000] {logging_mixin.py:150} INFO - [2023-09-04T12:56:44.969+0000] {dag.py:2742} INFO - Sync 1 DAGs
[2023-09-04T12:56:45.026+0000] {logging_mixin.py:150} INFO - [2023-09-04T12:56:45.026+0000] {dag.py:3508} INFO - Setting next_dagrun for example_skip_dag to 2023-09-03T12:56:45.026235+00:00, run_after=2023-09-04T12:56:45.026235+00:00
[2023-09-04T12:56:45.068+0000] {processor.py:179} INFO - Processing /home/airflow/.local/lib/python3.7/site-packages/airflow/example_dags/example_skip_dag.py took 0.166 seconds
[2023-09-04T12:57:16.744+0000] {processor.py:157} INFO - Started process (PID=745) to work on /home/airflow/.local/lib/python3.7/site-packages/airflow/example_dags/example_skip_dag.py
[2023-09-04T12:57:16.746+0000] {processor.py:826} INFO - Processing file /home/airflow/.local/lib/python3.7/site-packages/airflow/example_dags/example_skip_dag.py for tasks to queue
[2023-09-04T12:57:16.747+0000] {logging_mixin.py:150} INFO - [2023-09-04T12:57:16.747+0000] {dagbag.py:541} INFO - Filling up the DagBag from /home/airflow/.local/lib/python3.7/site-packages/airflow/example_dags/example_skip_dag.py
[2023-09-04T12:57:16.764+0000] {processor.py:836} INFO - DAG(s) dict_keys(['example_skip_dag']) retrieved from /home/airflow/.local/lib/python3.7/site-packages/airflow/example_dags/example_skip_dag.py
[2023-09-04T12:57:16.817+0000] {logging_mixin.py:150} INFO - [2023-09-04T12:57:16.817+0000] {dag.py:2742} INFO - Sync 1 DAGs
[2023-09-04T12:57:16.894+0000] {logging_mixin.py:150} INFO - [2023-09-04T12:57:16.894+0000] {dag.py:3508} INFO - Setting next_dagrun for example_skip_dag to 2023-09-03T12:57:16.894026+00:00, run_after=2023-09-04T12:57:16.894026+00:00
[2023-09-04T12:57:16.941+0000] {processor.py:179} INFO - Processing /home/airflow/.local/lib/python3.7/site-packages/airflow/example_dags/example_skip_dag.py took 0.204 seconds
[2023-09-04T12:57:48.731+0000] {processor.py:157} INFO - Started process (PID=804) to work on /home/airflow/.local/lib/python3.7/site-packages/airflow/example_dags/example_skip_dag.py
[2023-09-04T12:57:48.735+0000] {processor.py:826} INFO - Processing file /home/airflow/.local/lib/python3.7/site-packages/airflow/example_dags/example_skip_dag.py for tasks to queue
[2023-09-04T12:57:48.737+0000] {logging_mixin.py:150} INFO - [2023-09-04T12:57:48.737+0000] {dagbag.py:541} INFO - Filling up the DagBag from /home/airflow/.local/lib/python3.7/site-packages/airflow/example_dags/example_skip_dag.py
[2023-09-04T12:57:48.756+0000] {processor.py:836} INFO - DAG(s) dict_keys(['example_skip_dag']) retrieved from /home/airflow/.local/lib/python3.7/site-packages/airflow/example_dags/example_skip_dag.py
[2023-09-04T12:57:48.816+0000] {logging_mixin.py:150} INFO - [2023-09-04T12:57:48.815+0000] {dag.py:2742} INFO - Sync 1 DAGs
[2023-09-04T12:57:48.976+0000] {logging_mixin.py:150} INFO - [2023-09-04T12:57:48.975+0000] {dag.py:3508} INFO - Setting next_dagrun for example_skip_dag to 2023-09-03T12:57:48.974761+00:00, run_after=2023-09-04T12:57:48.974761+00:00
[2023-09-04T12:57:49.026+0000] {processor.py:179} INFO - Processing /home/airflow/.local/lib/python3.7/site-packages/airflow/example_dags/example_skip_dag.py took 0.302 seconds
[2023-09-04T12:58:19.339+0000] {processor.py:157} INFO - Started process (PID=863) to work on /home/airflow/.local/lib/python3.7/site-packages/airflow/example_dags/example_skip_dag.py
[2023-09-04T12:58:19.342+0000] {processor.py:826} INFO - Processing file /home/airflow/.local/lib/python3.7/site-packages/airflow/example_dags/example_skip_dag.py for tasks to queue
[2023-09-04T12:58:19.344+0000] {logging_mixin.py:150} INFO - [2023-09-04T12:58:19.344+0000] {dagbag.py:541} INFO - Filling up the DagBag from /home/airflow/.local/lib/python3.7/site-packages/airflow/example_dags/example_skip_dag.py
[2023-09-04T12:58:19.358+0000] {processor.py:836} INFO - DAG(s) dict_keys(['example_skip_dag']) retrieved from /home/airflow/.local/lib/python3.7/site-packages/airflow/example_dags/example_skip_dag.py
[2023-09-04T12:58:19.425+0000] {logging_mixin.py:150} INFO - [2023-09-04T12:58:19.424+0000] {dag.py:2742} INFO - Sync 1 DAGs
[2023-09-04T12:58:19.494+0000] {logging_mixin.py:150} INFO - [2023-09-04T12:58:19.493+0000] {dag.py:3508} INFO - Setting next_dagrun for example_skip_dag to 2023-09-03T12:58:19.493340+00:00, run_after=2023-09-04T12:58:19.493340+00:00
[2023-09-04T12:58:19.544+0000] {processor.py:179} INFO - Processing /home/airflow/.local/lib/python3.7/site-packages/airflow/example_dags/example_skip_dag.py took 0.217 seconds
[2023-09-04T12:58:53.205+0000] {processor.py:157} INFO - Started process (PID=923) to work on /home/airflow/.local/lib/python3.7/site-packages/airflow/example_dags/example_skip_dag.py
[2023-09-04T12:58:53.208+0000] {processor.py:826} INFO - Processing file /home/airflow/.local/lib/python3.7/site-packages/airflow/example_dags/example_skip_dag.py for tasks to queue
[2023-09-04T12:58:53.212+0000] {logging_mixin.py:150} INFO - [2023-09-04T12:58:53.211+0000] {dagbag.py:541} INFO - Filling up the DagBag from /home/airflow/.local/lib/python3.7/site-packages/airflow/example_dags/example_skip_dag.py
[2023-09-04T12:58:53.237+0000] {processor.py:836} INFO - DAG(s) dict_keys(['example_skip_dag']) retrieved from /home/airflow/.local/lib/python3.7/site-packages/airflow/example_dags/example_skip_dag.py
[2023-09-04T12:58:53.311+0000] {logging_mixin.py:150} INFO - [2023-09-04T12:58:53.311+0000] {dag.py:2742} INFO - Sync 1 DAGs
[2023-09-04T12:58:53.409+0000] {logging_mixin.py:150} INFO - [2023-09-04T12:58:53.409+0000] {dag.py:3508} INFO - Setting next_dagrun for example_skip_dag to 2023-09-03T12:58:53.408607+00:00, run_after=2023-09-04T12:58:53.408607+00:00
[2023-09-04T12:58:53.479+0000] {processor.py:179} INFO - Processing /home/airflow/.local/lib/python3.7/site-packages/airflow/example_dags/example_skip_dag.py took 0.283 seconds
