[2023-09-04T12:39:35.209+0000] {processor.py:157} INFO - Started process (PID=84) to work on /home/airflow/.local/lib/python3.7/site-packages/airflow/example_dags/example_complex.py
[2023-09-04T12:39:35.213+0000] {processor.py:826} INFO - Processing file /home/airflow/.local/lib/python3.7/site-packages/airflow/example_dags/example_complex.py for tasks to queue
[2023-09-04T12:39:35.233+0000] {logging_mixin.py:150} INFO - [2023-09-04T12:39:35.233+0000] {dagbag.py:541} INFO - Filling up the DagBag from /home/airflow/.local/lib/python3.7/site-packages/airflow/example_dags/example_complex.py
[2023-09-04T12:39:35.329+0000] {processor.py:836} INFO - DAG(s) dict_keys(['example_complex']) retrieved from /home/airflow/.local/lib/python3.7/site-packages/airflow/example_dags/example_complex.py
[2023-09-04T12:39:35.898+0000] {logging_mixin.py:150} INFO - [2023-09-04T12:39:35.897+0000] {dag.py:2742} INFO - Sync 1 DAGs
[2023-09-04T12:39:36.019+0000] {logging_mixin.py:150} INFO - [2023-09-04T12:39:36.018+0000] {dag.py:3508} INFO - Setting next_dagrun for example_complex to None, run_after=None
[2023-09-04T12:39:36.208+0000] {processor.py:179} INFO - Processing /home/airflow/.local/lib/python3.7/site-packages/airflow/example_dags/example_complex.py took 1.019 seconds
[2023-09-04T12:40:08.943+0000] {processor.py:157} INFO - Started process (PID=144) to work on /home/airflow/.local/lib/python3.7/site-packages/airflow/example_dags/example_complex.py
[2023-09-04T12:40:08.953+0000] {processor.py:826} INFO - Processing file /home/airflow/.local/lib/python3.7/site-packages/airflow/example_dags/example_complex.py for tasks to queue
[2023-09-04T12:40:08.956+0000] {logging_mixin.py:150} INFO - [2023-09-04T12:40:08.956+0000] {dagbag.py:541} INFO - Filling up the DagBag from /home/airflow/.local/lib/python3.7/site-packages/airflow/example_dags/example_complex.py
[2023-09-04T12:40:09.086+0000] {processor.py:836} INFO - DAG(s) dict_keys(['example_complex']) retrieved from /home/airflow/.local/lib/python3.7/site-packages/airflow/example_dags/example_complex.py
[2023-09-04T12:40:09.358+0000] {logging_mixin.py:150} INFO - [2023-09-04T12:40:09.357+0000] {dag.py:2742} INFO - Sync 1 DAGs
[2023-09-04T12:40:09.638+0000] {logging_mixin.py:150} INFO - [2023-09-04T12:40:09.638+0000] {dag.py:3508} INFO - Setting next_dagrun for example_complex to None, run_after=None
[2023-09-04T12:40:10.047+0000] {processor.py:179} INFO - Processing /home/airflow/.local/lib/python3.7/site-packages/airflow/example_dags/example_complex.py took 1.156 seconds
[2023-09-04T12:40:43.080+0000] {processor.py:157} INFO - Started process (PID=208) to work on /home/airflow/.local/lib/python3.7/site-packages/airflow/example_dags/example_complex.py
[2023-09-04T12:40:43.124+0000] {processor.py:826} INFO - Processing file /home/airflow/.local/lib/python3.7/site-packages/airflow/example_dags/example_complex.py for tasks to queue
[2023-09-04T12:40:43.127+0000] {logging_mixin.py:150} INFO - [2023-09-04T12:40:43.127+0000] {dagbag.py:541} INFO - Filling up the DagBag from /home/airflow/.local/lib/python3.7/site-packages/airflow/example_dags/example_complex.py
[2023-09-04T12:40:43.540+0000] {processor.py:836} INFO - DAG(s) dict_keys(['example_complex']) retrieved from /home/airflow/.local/lib/python3.7/site-packages/airflow/example_dags/example_complex.py
[2023-09-04T12:40:44.052+0000] {logging_mixin.py:150} INFO - [2023-09-04T12:40:44.051+0000] {dag.py:2742} INFO - Sync 1 DAGs
[2023-09-04T12:40:44.340+0000] {logging_mixin.py:150} INFO - [2023-09-04T12:40:44.340+0000] {dag.py:3508} INFO - Setting next_dagrun for example_complex to None, run_after=None
[2023-09-04T12:40:44.611+0000] {processor.py:179} INFO - Processing /home/airflow/.local/lib/python3.7/site-packages/airflow/example_dags/example_complex.py took 1.566 seconds
[2023-09-04T12:41:19.846+0000] {processor.py:157} INFO - Started process (PID=265) to work on /home/airflow/.local/lib/python3.7/site-packages/airflow/example_dags/example_complex.py
[2023-09-04T12:41:19.861+0000] {processor.py:826} INFO - Processing file /home/airflow/.local/lib/python3.7/site-packages/airflow/example_dags/example_complex.py for tasks to queue
[2023-09-04T12:41:19.879+0000] {logging_mixin.py:150} INFO - [2023-09-04T12:41:19.878+0000] {dagbag.py:541} INFO - Filling up the DagBag from /home/airflow/.local/lib/python3.7/site-packages/airflow/example_dags/example_complex.py
[2023-09-04T12:41:19.998+0000] {processor.py:836} INFO - DAG(s) dict_keys(['example_complex']) retrieved from /home/airflow/.local/lib/python3.7/site-packages/airflow/example_dags/example_complex.py
[2023-09-04T12:41:20.306+0000] {logging_mixin.py:150} INFO - [2023-09-04T12:41:20.306+0000] {dag.py:2742} INFO - Sync 1 DAGs
[2023-09-04T12:41:20.508+0000] {logging_mixin.py:150} INFO - [2023-09-04T12:41:20.508+0000] {dag.py:3508} INFO - Setting next_dagrun for example_complex to None, run_after=None
[2023-09-04T12:41:20.656+0000] {processor.py:179} INFO - Processing /home/airflow/.local/lib/python3.7/site-packages/airflow/example_dags/example_complex.py took 0.827 seconds
[2023-09-04T12:41:58.112+0000] {processor.py:157} INFO - Started process (PID=329) to work on /home/airflow/.local/lib/python3.7/site-packages/airflow/example_dags/example_complex.py
[2023-09-04T12:41:58.186+0000] {processor.py:826} INFO - Processing file /home/airflow/.local/lib/python3.7/site-packages/airflow/example_dags/example_complex.py for tasks to queue
[2023-09-04T12:41:58.207+0000] {logging_mixin.py:150} INFO - [2023-09-04T12:41:58.206+0000] {dagbag.py:541} INFO - Filling up the DagBag from /home/airflow/.local/lib/python3.7/site-packages/airflow/example_dags/example_complex.py
[2023-09-04T12:41:58.352+0000] {processor.py:836} INFO - DAG(s) dict_keys(['example_complex']) retrieved from /home/airflow/.local/lib/python3.7/site-packages/airflow/example_dags/example_complex.py
[2023-09-04T12:41:58.755+0000] {logging_mixin.py:150} INFO - [2023-09-04T12:41:58.743+0000] {dag.py:2742} INFO - Sync 1 DAGs
[2023-09-04T12:41:59.114+0000] {logging_mixin.py:150} INFO - [2023-09-04T12:41:59.114+0000] {dag.py:3508} INFO - Setting next_dagrun for example_complex to None, run_after=None
[2023-09-04T12:41:59.324+0000] {processor.py:179} INFO - Processing /home/airflow/.local/lib/python3.7/site-packages/airflow/example_dags/example_complex.py took 1.230 seconds
[2023-09-04T12:42:39.810+0000] {processor.py:157} INFO - Started process (PID=383) to work on /home/airflow/.local/lib/python3.7/site-packages/airflow/example_dags/example_complex.py
[2023-09-04T12:42:39.828+0000] {processor.py:826} INFO - Processing file /home/airflow/.local/lib/python3.7/site-packages/airflow/example_dags/example_complex.py for tasks to queue
[2023-09-04T12:42:39.845+0000] {logging_mixin.py:150} INFO - [2023-09-04T12:42:39.844+0000] {dagbag.py:541} INFO - Filling up the DagBag from /home/airflow/.local/lib/python3.7/site-packages/airflow/example_dags/example_complex.py
[2023-09-04T12:42:39.961+0000] {processor.py:836} INFO - DAG(s) dict_keys(['example_complex']) retrieved from /home/airflow/.local/lib/python3.7/site-packages/airflow/example_dags/example_complex.py
[2023-09-04T12:42:40.262+0000] {logging_mixin.py:150} INFO - [2023-09-04T12:42:40.252+0000] {dag.py:2742} INFO - Sync 1 DAGs
[2023-09-04T12:42:40.532+0000] {logging_mixin.py:150} INFO - [2023-09-04T12:42:40.531+0000] {dag.py:3508} INFO - Setting next_dagrun for example_complex to None, run_after=None
[2023-09-04T12:42:40.701+0000] {processor.py:179} INFO - Processing /home/airflow/.local/lib/python3.7/site-packages/airflow/example_dags/example_complex.py took 0.903 seconds
[2023-09-04T12:43:13.471+0000] {processor.py:157} INFO - Started process (PID=443) to work on /home/airflow/.local/lib/python3.7/site-packages/airflow/example_dags/example_complex.py
[2023-09-04T12:43:13.483+0000] {processor.py:826} INFO - Processing file /home/airflow/.local/lib/python3.7/site-packages/airflow/example_dags/example_complex.py for tasks to queue
[2023-09-04T12:43:13.493+0000] {logging_mixin.py:150} INFO - [2023-09-04T12:43:13.493+0000] {dagbag.py:541} INFO - Filling up the DagBag from /home/airflow/.local/lib/python3.7/site-packages/airflow/example_dags/example_complex.py
[2023-09-04T12:43:13.624+0000] {processor.py:836} INFO - DAG(s) dict_keys(['example_complex']) retrieved from /home/airflow/.local/lib/python3.7/site-packages/airflow/example_dags/example_complex.py
[2023-09-04T12:43:13.916+0000] {logging_mixin.py:150} INFO - [2023-09-04T12:43:13.916+0000] {dag.py:2742} INFO - Sync 1 DAGs
[2023-09-04T12:43:14.153+0000] {logging_mixin.py:150} INFO - [2023-09-04T12:43:14.153+0000] {dag.py:3508} INFO - Setting next_dagrun for example_complex to None, run_after=None
[2023-09-04T12:43:14.362+0000] {processor.py:179} INFO - Processing /home/airflow/.local/lib/python3.7/site-packages/airflow/example_dags/example_complex.py took 0.901 seconds
[2023-09-04T12:43:52.260+0000] {processor.py:157} INFO - Started process (PID=503) to work on /home/airflow/.local/lib/python3.7/site-packages/airflow/example_dags/example_complex.py
[2023-09-04T12:43:52.298+0000] {processor.py:826} INFO - Processing file /home/airflow/.local/lib/python3.7/site-packages/airflow/example_dags/example_complex.py for tasks to queue
[2023-09-04T12:43:52.305+0000] {logging_mixin.py:150} INFO - [2023-09-04T12:43:52.304+0000] {dagbag.py:541} INFO - Filling up the DagBag from /home/airflow/.local/lib/python3.7/site-packages/airflow/example_dags/example_complex.py
[2023-09-04T12:43:52.427+0000] {processor.py:836} INFO - DAG(s) dict_keys(['example_complex']) retrieved from /home/airflow/.local/lib/python3.7/site-packages/airflow/example_dags/example_complex.py
[2023-09-04T12:43:52.715+0000] {logging_mixin.py:150} INFO - [2023-09-04T12:43:52.715+0000] {dag.py:2742} INFO - Sync 1 DAGs
[2023-09-04T12:43:52.928+0000] {logging_mixin.py:150} INFO - [2023-09-04T12:43:52.927+0000] {dag.py:3508} INFO - Setting next_dagrun for example_complex to None, run_after=None
[2023-09-04T12:43:53.068+0000] {processor.py:179} INFO - Processing /home/airflow/.local/lib/python3.7/site-packages/airflow/example_dags/example_complex.py took 0.827 seconds
[2023-09-04T12:44:23.843+0000] {processor.py:157} INFO - Started process (PID=563) to work on /home/airflow/.local/lib/python3.7/site-packages/airflow/example_dags/example_complex.py
[2023-09-04T12:44:23.849+0000] {processor.py:826} INFO - Processing file /home/airflow/.local/lib/python3.7/site-packages/airflow/example_dags/example_complex.py for tasks to queue
[2023-09-04T12:44:23.852+0000] {logging_mixin.py:150} INFO - [2023-09-04T12:44:23.852+0000] {dagbag.py:541} INFO - Filling up the DagBag from /home/airflow/.local/lib/python3.7/site-packages/airflow/example_dags/example_complex.py
[2023-09-04T12:44:23.922+0000] {processor.py:836} INFO - DAG(s) dict_keys(['example_complex']) retrieved from /home/airflow/.local/lib/python3.7/site-packages/airflow/example_dags/example_complex.py
[2023-09-04T12:44:24.119+0000] {logging_mixin.py:150} INFO - [2023-09-04T12:44:24.119+0000] {dag.py:2742} INFO - Sync 1 DAGs
[2023-09-04T12:44:24.260+0000] {logging_mixin.py:150} INFO - [2023-09-04T12:44:24.259+0000] {dag.py:3508} INFO - Setting next_dagrun for example_complex to None, run_after=None
[2023-09-04T12:44:24.397+0000] {processor.py:179} INFO - Processing /home/airflow/.local/lib/python3.7/site-packages/airflow/example_dags/example_complex.py took 0.581 seconds
[2023-09-04T12:45:07.239+0000] {processor.py:157} INFO - Started process (PID=623) to work on /home/airflow/.local/lib/python3.7/site-packages/airflow/example_dags/example_complex.py
[2023-09-04T12:45:07.270+0000] {processor.py:826} INFO - Processing file /home/airflow/.local/lib/python3.7/site-packages/airflow/example_dags/example_complex.py for tasks to queue
[2023-09-04T12:45:07.277+0000] {logging_mixin.py:150} INFO - [2023-09-04T12:45:07.277+0000] {dagbag.py:541} INFO - Filling up the DagBag from /home/airflow/.local/lib/python3.7/site-packages/airflow/example_dags/example_complex.py
[2023-09-04T12:45:07.445+0000] {processor.py:836} INFO - DAG(s) dict_keys(['example_complex']) retrieved from /home/airflow/.local/lib/python3.7/site-packages/airflow/example_dags/example_complex.py
[2023-09-04T12:45:07.802+0000] {logging_mixin.py:150} INFO - [2023-09-04T12:45:07.797+0000] {dag.py:2742} INFO - Sync 1 DAGs
[2023-09-04T12:45:08.142+0000] {logging_mixin.py:150} INFO - [2023-09-04T12:45:08.137+0000] {dag.py:3508} INFO - Setting next_dagrun for example_complex to None, run_after=None
[2023-09-04T12:45:08.314+0000] {processor.py:179} INFO - Processing /home/airflow/.local/lib/python3.7/site-packages/airflow/example_dags/example_complex.py took 1.103 seconds
[2023-09-04T12:45:38.509+0000] {processor.py:157} INFO - Started process (PID=683) to work on /home/airflow/.local/lib/python3.7/site-packages/airflow/example_dags/example_complex.py
[2023-09-04T12:45:38.511+0000] {processor.py:826} INFO - Processing file /home/airflow/.local/lib/python3.7/site-packages/airflow/example_dags/example_complex.py for tasks to queue
[2023-09-04T12:45:38.514+0000] {logging_mixin.py:150} INFO - [2023-09-04T12:45:38.513+0000] {dagbag.py:541} INFO - Filling up the DagBag from /home/airflow/.local/lib/python3.7/site-packages/airflow/example_dags/example_complex.py
[2023-09-04T12:45:38.535+0000] {processor.py:836} INFO - DAG(s) dict_keys(['example_complex']) retrieved from /home/airflow/.local/lib/python3.7/site-packages/airflow/example_dags/example_complex.py
[2023-09-04T12:45:38.654+0000] {logging_mixin.py:150} INFO - [2023-09-04T12:45:38.653+0000] {dag.py:2742} INFO - Sync 1 DAGs
[2023-09-04T12:45:38.712+0000] {logging_mixin.py:150} INFO - [2023-09-04T12:45:38.712+0000] {dag.py:3508} INFO - Setting next_dagrun for example_complex to None, run_after=None
[2023-09-04T12:45:38.756+0000] {processor.py:179} INFO - Processing /home/airflow/.local/lib/python3.7/site-packages/airflow/example_dags/example_complex.py took 0.253 seconds
[2023-09-04T12:46:09.643+0000] {processor.py:157} INFO - Started process (PID=743) to work on /home/airflow/.local/lib/python3.7/site-packages/airflow/example_dags/example_complex.py
[2023-09-04T12:46:09.645+0000] {processor.py:826} INFO - Processing file /home/airflow/.local/lib/python3.7/site-packages/airflow/example_dags/example_complex.py for tasks to queue
[2023-09-04T12:46:09.647+0000] {logging_mixin.py:150} INFO - [2023-09-04T12:46:09.647+0000] {dagbag.py:541} INFO - Filling up the DagBag from /home/airflow/.local/lib/python3.7/site-packages/airflow/example_dags/example_complex.py
[2023-09-04T12:46:09.680+0000] {processor.py:836} INFO - DAG(s) dict_keys(['example_complex']) retrieved from /home/airflow/.local/lib/python3.7/site-packages/airflow/example_dags/example_complex.py
[2023-09-04T12:46:09.853+0000] {logging_mixin.py:150} INFO - [2023-09-04T12:46:09.852+0000] {dag.py:2742} INFO - Sync 1 DAGs
[2023-09-04T12:46:09.977+0000] {logging_mixin.py:150} INFO - [2023-09-04T12:46:09.977+0000] {dag.py:3508} INFO - Setting next_dagrun for example_complex to None, run_after=None
[2023-09-04T12:46:10.037+0000] {processor.py:179} INFO - Processing /home/airflow/.local/lib/python3.7/site-packages/airflow/example_dags/example_complex.py took 0.402 seconds
[2023-09-04T12:46:40.167+0000] {processor.py:157} INFO - Started process (PID=802) to work on /home/airflow/.local/lib/python3.7/site-packages/airflow/example_dags/example_complex.py
[2023-09-04T12:46:40.169+0000] {processor.py:826} INFO - Processing file /home/airflow/.local/lib/python3.7/site-packages/airflow/example_dags/example_complex.py for tasks to queue
[2023-09-04T12:46:40.172+0000] {logging_mixin.py:150} INFO - [2023-09-04T12:46:40.171+0000] {dagbag.py:541} INFO - Filling up the DagBag from /home/airflow/.local/lib/python3.7/site-packages/airflow/example_dags/example_complex.py
[2023-09-04T12:46:40.231+0000] {processor.py:836} INFO - DAG(s) dict_keys(['example_complex']) retrieved from /home/airflow/.local/lib/python3.7/site-packages/airflow/example_dags/example_complex.py
[2023-09-04T12:46:40.327+0000] {logging_mixin.py:150} INFO - [2023-09-04T12:46:40.327+0000] {dag.py:2742} INFO - Sync 1 DAGs
[2023-09-04T12:46:40.381+0000] {logging_mixin.py:150} INFO - [2023-09-04T12:46:40.381+0000] {dag.py:3508} INFO - Setting next_dagrun for example_complex to None, run_after=None
[2023-09-04T12:46:40.421+0000] {processor.py:179} INFO - Processing /home/airflow/.local/lib/python3.7/site-packages/airflow/example_dags/example_complex.py took 0.262 seconds
[2023-09-04T12:47:10.694+0000] {processor.py:157} INFO - Started process (PID=861) to work on /home/airflow/.local/lib/python3.7/site-packages/airflow/example_dags/example_complex.py
[2023-09-04T12:47:10.695+0000] {processor.py:826} INFO - Processing file /home/airflow/.local/lib/python3.7/site-packages/airflow/example_dags/example_complex.py for tasks to queue
[2023-09-04T12:47:10.698+0000] {logging_mixin.py:150} INFO - [2023-09-04T12:47:10.698+0000] {dagbag.py:541} INFO - Filling up the DagBag from /home/airflow/.local/lib/python3.7/site-packages/airflow/example_dags/example_complex.py
[2023-09-04T12:47:10.739+0000] {processor.py:836} INFO - DAG(s) dict_keys(['example_complex']) retrieved from /home/airflow/.local/lib/python3.7/site-packages/airflow/example_dags/example_complex.py
[2023-09-04T12:47:10.829+0000] {logging_mixin.py:150} INFO - [2023-09-04T12:47:10.829+0000] {dag.py:2742} INFO - Sync 1 DAGs
[2023-09-04T12:47:10.894+0000] {logging_mixin.py:150} INFO - [2023-09-04T12:47:10.893+0000] {dag.py:3508} INFO - Setting next_dagrun for example_complex to None, run_after=None
[2023-09-04T12:47:10.949+0000] {processor.py:179} INFO - Processing /home/airflow/.local/lib/python3.7/site-packages/airflow/example_dags/example_complex.py took 0.261 seconds
[2023-09-04T12:47:41.135+0000] {processor.py:157} INFO - Started process (PID=920) to work on /home/airflow/.local/lib/python3.7/site-packages/airflow/example_dags/example_complex.py
[2023-09-04T12:47:41.136+0000] {processor.py:826} INFO - Processing file /home/airflow/.local/lib/python3.7/site-packages/airflow/example_dags/example_complex.py for tasks to queue
[2023-09-04T12:47:41.138+0000] {logging_mixin.py:150} INFO - [2023-09-04T12:47:41.138+0000] {dagbag.py:541} INFO - Filling up the DagBag from /home/airflow/.local/lib/python3.7/site-packages/airflow/example_dags/example_complex.py
[2023-09-04T12:47:41.169+0000] {processor.py:836} INFO - DAG(s) dict_keys(['example_complex']) retrieved from /home/airflow/.local/lib/python3.7/site-packages/airflow/example_dags/example_complex.py
[2023-09-04T12:47:41.248+0000] {logging_mixin.py:150} INFO - [2023-09-04T12:47:41.248+0000] {dag.py:2742} INFO - Sync 1 DAGs
[2023-09-04T12:47:41.360+0000] {logging_mixin.py:150} INFO - [2023-09-04T12:47:41.360+0000] {dag.py:3508} INFO - Setting next_dagrun for example_complex to None, run_after=None
[2023-09-04T12:47:41.415+0000] {processor.py:179} INFO - Processing /home/airflow/.local/lib/python3.7/site-packages/airflow/example_dags/example_complex.py took 0.287 seconds
[2023-09-04T12:48:11.954+0000] {processor.py:157} INFO - Started process (PID=980) to work on /home/airflow/.local/lib/python3.7/site-packages/airflow/example_dags/example_complex.py
[2023-09-04T12:48:12.029+0000] {processor.py:826} INFO - Processing file /home/airflow/.local/lib/python3.7/site-packages/airflow/example_dags/example_complex.py for tasks to queue
[2023-09-04T12:48:12.079+0000] {logging_mixin.py:150} INFO - [2023-09-04T12:48:12.078+0000] {dagbag.py:541} INFO - Filling up the DagBag from /home/airflow/.local/lib/python3.7/site-packages/airflow/example_dags/example_complex.py
[2023-09-04T12:48:12.174+0000] {processor.py:836} INFO - DAG(s) dict_keys(['example_complex']) retrieved from /home/airflow/.local/lib/python3.7/site-packages/airflow/example_dags/example_complex.py
[2023-09-04T12:48:12.332+0000] {logging_mixin.py:150} INFO - [2023-09-04T12:48:12.332+0000] {dag.py:2742} INFO - Sync 1 DAGs
[2023-09-04T12:48:12.478+0000] {logging_mixin.py:150} INFO - [2023-09-04T12:48:12.477+0000] {dag.py:3508} INFO - Setting next_dagrun for example_complex to None, run_after=None
[2023-09-04T12:48:12.560+0000] {processor.py:179} INFO - Processing /home/airflow/.local/lib/python3.7/site-packages/airflow/example_dags/example_complex.py took 0.624 seconds
[2023-09-04T12:48:43.330+0000] {processor.py:157} INFO - Started process (PID=1040) to work on /home/airflow/.local/lib/python3.7/site-packages/airflow/example_dags/example_complex.py
[2023-09-04T12:48:43.332+0000] {processor.py:826} INFO - Processing file /home/airflow/.local/lib/python3.7/site-packages/airflow/example_dags/example_complex.py for tasks to queue
[2023-09-04T12:48:43.334+0000] {logging_mixin.py:150} INFO - [2023-09-04T12:48:43.334+0000] {dagbag.py:541} INFO - Filling up the DagBag from /home/airflow/.local/lib/python3.7/site-packages/airflow/example_dags/example_complex.py
[2023-09-04T12:48:43.370+0000] {processor.py:836} INFO - DAG(s) dict_keys(['example_complex']) retrieved from /home/airflow/.local/lib/python3.7/site-packages/airflow/example_dags/example_complex.py
[2023-09-04T12:48:43.437+0000] {logging_mixin.py:150} INFO - [2023-09-04T12:48:43.436+0000] {dag.py:2742} INFO - Sync 1 DAGs
[2023-09-04T12:48:43.489+0000] {logging_mixin.py:150} INFO - [2023-09-04T12:48:43.489+0000] {dag.py:3508} INFO - Setting next_dagrun for example_complex to None, run_after=None
[2023-09-04T12:48:43.549+0000] {processor.py:179} INFO - Processing /home/airflow/.local/lib/python3.7/site-packages/airflow/example_dags/example_complex.py took 0.226 seconds
[2023-09-04T12:49:13.946+0000] {processor.py:157} INFO - Started process (PID=1099) to work on /home/airflow/.local/lib/python3.7/site-packages/airflow/example_dags/example_complex.py
[2023-09-04T12:49:13.948+0000] {processor.py:826} INFO - Processing file /home/airflow/.local/lib/python3.7/site-packages/airflow/example_dags/example_complex.py for tasks to queue
[2023-09-04T12:49:13.950+0000] {logging_mixin.py:150} INFO - [2023-09-04T12:49:13.950+0000] {dagbag.py:541} INFO - Filling up the DagBag from /home/airflow/.local/lib/python3.7/site-packages/airflow/example_dags/example_complex.py
[2023-09-04T12:49:13.986+0000] {processor.py:836} INFO - DAG(s) dict_keys(['example_complex']) retrieved from /home/airflow/.local/lib/python3.7/site-packages/airflow/example_dags/example_complex.py
[2023-09-04T12:49:14.094+0000] {logging_mixin.py:150} INFO - [2023-09-04T12:49:14.093+0000] {dag.py:2742} INFO - Sync 1 DAGs
[2023-09-04T12:49:14.166+0000] {logging_mixin.py:150} INFO - [2023-09-04T12:49:14.165+0000] {dag.py:3508} INFO - Setting next_dagrun for example_complex to None, run_after=None
[2023-09-04T12:49:14.222+0000] {processor.py:179} INFO - Processing /home/airflow/.local/lib/python3.7/site-packages/airflow/example_dags/example_complex.py took 0.281 seconds
[2023-09-04T12:51:21.882+0000] {processor.py:157} INFO - Started process (PID=68) to work on /home/airflow/.local/lib/python3.7/site-packages/airflow/example_dags/example_complex.py
[2023-09-04T12:51:21.919+0000] {processor.py:826} INFO - Processing file /home/airflow/.local/lib/python3.7/site-packages/airflow/example_dags/example_complex.py for tasks to queue
[2023-09-04T12:51:21.922+0000] {logging_mixin.py:150} INFO - [2023-09-04T12:51:21.921+0000] {dagbag.py:541} INFO - Filling up the DagBag from /home/airflow/.local/lib/python3.7/site-packages/airflow/example_dags/example_complex.py
[2023-09-04T12:51:21.983+0000] {processor.py:836} INFO - DAG(s) dict_keys(['example_complex']) retrieved from /home/airflow/.local/lib/python3.7/site-packages/airflow/example_dags/example_complex.py
[2023-09-04T12:51:22.121+0000] {logging_mixin.py:150} INFO - [2023-09-04T12:51:22.120+0000] {dag.py:2742} INFO - Sync 1 DAGs
[2023-09-04T12:51:22.241+0000] {logging_mixin.py:150} INFO - [2023-09-04T12:51:22.241+0000] {dag.py:3508} INFO - Setting next_dagrun for example_complex to None, run_after=None
[2023-09-04T12:51:22.308+0000] {processor.py:179} INFO - Processing /home/airflow/.local/lib/python3.7/site-packages/airflow/example_dags/example_complex.py took 0.445 seconds
[2023-09-04T12:51:52.543+0000] {processor.py:157} INFO - Started process (PID=126) to work on /home/airflow/.local/lib/python3.7/site-packages/airflow/example_dags/example_complex.py
[2023-09-04T12:51:52.546+0000] {processor.py:826} INFO - Processing file /home/airflow/.local/lib/python3.7/site-packages/airflow/example_dags/example_complex.py for tasks to queue
[2023-09-04T12:51:52.549+0000] {logging_mixin.py:150} INFO - [2023-09-04T12:51:52.548+0000] {dagbag.py:541} INFO - Filling up the DagBag from /home/airflow/.local/lib/python3.7/site-packages/airflow/example_dags/example_complex.py
[2023-09-04T12:51:52.574+0000] {processor.py:836} INFO - DAG(s) dict_keys(['example_complex']) retrieved from /home/airflow/.local/lib/python3.7/site-packages/airflow/example_dags/example_complex.py
[2023-09-04T12:51:52.641+0000] {logging_mixin.py:150} INFO - [2023-09-04T12:51:52.641+0000] {dag.py:2742} INFO - Sync 1 DAGs
[2023-09-04T12:51:52.689+0000] {logging_mixin.py:150} INFO - [2023-09-04T12:51:52.689+0000] {dag.py:3508} INFO - Setting next_dagrun for example_complex to None, run_after=None
[2023-09-04T12:51:52.726+0000] {processor.py:179} INFO - Processing /home/airflow/.local/lib/python3.7/site-packages/airflow/example_dags/example_complex.py took 0.188 seconds
[2023-09-04T12:52:22.801+0000] {processor.py:157} INFO - Started process (PID=185) to work on /home/airflow/.local/lib/python3.7/site-packages/airflow/example_dags/example_complex.py
[2023-09-04T12:52:22.804+0000] {processor.py:826} INFO - Processing file /home/airflow/.local/lib/python3.7/site-packages/airflow/example_dags/example_complex.py for tasks to queue
[2023-09-04T12:52:22.806+0000] {logging_mixin.py:150} INFO - [2023-09-04T12:52:22.805+0000] {dagbag.py:541} INFO - Filling up the DagBag from /home/airflow/.local/lib/python3.7/site-packages/airflow/example_dags/example_complex.py
[2023-09-04T12:52:22.834+0000] {processor.py:836} INFO - DAG(s) dict_keys(['example_complex']) retrieved from /home/airflow/.local/lib/python3.7/site-packages/airflow/example_dags/example_complex.py
[2023-09-04T12:52:22.907+0000] {logging_mixin.py:150} INFO - [2023-09-04T12:52:22.906+0000] {dag.py:2742} INFO - Sync 1 DAGs
[2023-09-04T12:52:22.962+0000] {logging_mixin.py:150} INFO - [2023-09-04T12:52:22.962+0000] {dag.py:3508} INFO - Setting next_dagrun for example_complex to None, run_after=None
[2023-09-04T12:52:23.017+0000] {processor.py:179} INFO - Processing /home/airflow/.local/lib/python3.7/site-packages/airflow/example_dags/example_complex.py took 0.224 seconds
[2023-09-04T12:52:53.666+0000] {processor.py:157} INFO - Started process (PID=244) to work on /home/airflow/.local/lib/python3.7/site-packages/airflow/example_dags/example_complex.py
[2023-09-04T12:52:53.669+0000] {processor.py:826} INFO - Processing file /home/airflow/.local/lib/python3.7/site-packages/airflow/example_dags/example_complex.py for tasks to queue
[2023-09-04T12:52:53.672+0000] {logging_mixin.py:150} INFO - [2023-09-04T12:52:53.671+0000] {dagbag.py:541} INFO - Filling up the DagBag from /home/airflow/.local/lib/python3.7/site-packages/airflow/example_dags/example_complex.py
[2023-09-04T12:52:53.715+0000] {processor.py:836} INFO - DAG(s) dict_keys(['example_complex']) retrieved from /home/airflow/.local/lib/python3.7/site-packages/airflow/example_dags/example_complex.py
[2023-09-04T12:52:53.839+0000] {logging_mixin.py:150} INFO - [2023-09-04T12:52:53.839+0000] {dag.py:2742} INFO - Sync 1 DAGs
[2023-09-04T12:52:53.914+0000] {logging_mixin.py:150} INFO - [2023-09-04T12:52:53.913+0000] {dag.py:3508} INFO - Setting next_dagrun for example_complex to None, run_after=None
[2023-09-04T12:52:53.975+0000] {processor.py:179} INFO - Processing /home/airflow/.local/lib/python3.7/site-packages/airflow/example_dags/example_complex.py took 0.318 seconds
[2023-09-04T12:53:24.564+0000] {processor.py:157} INFO - Started process (PID=304) to work on /home/airflow/.local/lib/python3.7/site-packages/airflow/example_dags/example_complex.py
[2023-09-04T12:53:24.569+0000] {processor.py:826} INFO - Processing file /home/airflow/.local/lib/python3.7/site-packages/airflow/example_dags/example_complex.py for tasks to queue
[2023-09-04T12:53:24.572+0000] {logging_mixin.py:150} INFO - [2023-09-04T12:53:24.571+0000] {dagbag.py:541} INFO - Filling up the DagBag from /home/airflow/.local/lib/python3.7/site-packages/airflow/example_dags/example_complex.py
[2023-09-04T12:53:24.621+0000] {processor.py:836} INFO - DAG(s) dict_keys(['example_complex']) retrieved from /home/airflow/.local/lib/python3.7/site-packages/airflow/example_dags/example_complex.py
[2023-09-04T12:53:24.812+0000] {logging_mixin.py:150} INFO - [2023-09-04T12:53:24.812+0000] {dag.py:2742} INFO - Sync 1 DAGs
[2023-09-04T12:53:24.889+0000] {logging_mixin.py:150} INFO - [2023-09-04T12:53:24.889+0000] {dag.py:3508} INFO - Setting next_dagrun for example_complex to None, run_after=None
[2023-09-04T12:53:24.940+0000] {processor.py:179} INFO - Processing /home/airflow/.local/lib/python3.7/site-packages/airflow/example_dags/example_complex.py took 0.384 seconds
[2023-09-04T12:53:55.685+0000] {processor.py:157} INFO - Started process (PID=363) to work on /home/airflow/.local/lib/python3.7/site-packages/airflow/example_dags/example_complex.py
[2023-09-04T12:53:55.688+0000] {processor.py:826} INFO - Processing file /home/airflow/.local/lib/python3.7/site-packages/airflow/example_dags/example_complex.py for tasks to queue
[2023-09-04T12:53:55.693+0000] {logging_mixin.py:150} INFO - [2023-09-04T12:53:55.692+0000] {dagbag.py:541} INFO - Filling up the DagBag from /home/airflow/.local/lib/python3.7/site-packages/airflow/example_dags/example_complex.py
[2023-09-04T12:53:55.746+0000] {processor.py:836} INFO - DAG(s) dict_keys(['example_complex']) retrieved from /home/airflow/.local/lib/python3.7/site-packages/airflow/example_dags/example_complex.py
[2023-09-04T12:53:55.824+0000] {logging_mixin.py:150} INFO - [2023-09-04T12:53:55.823+0000] {dag.py:2742} INFO - Sync 1 DAGs
[2023-09-04T12:53:55.888+0000] {logging_mixin.py:150} INFO - [2023-09-04T12:53:55.888+0000] {dag.py:3508} INFO - Setting next_dagrun for example_complex to None, run_after=None
[2023-09-04T12:53:55.927+0000] {processor.py:179} INFO - Processing /home/airflow/.local/lib/python3.7/site-packages/airflow/example_dags/example_complex.py took 0.250 seconds
[2023-09-04T12:54:26.252+0000] {processor.py:157} INFO - Started process (PID=421) to work on /home/airflow/.local/lib/python3.7/site-packages/airflow/example_dags/example_complex.py
[2023-09-04T12:54:26.254+0000] {processor.py:826} INFO - Processing file /home/airflow/.local/lib/python3.7/site-packages/airflow/example_dags/example_complex.py for tasks to queue
[2023-09-04T12:54:26.257+0000] {logging_mixin.py:150} INFO - [2023-09-04T12:54:26.256+0000] {dagbag.py:541} INFO - Filling up the DagBag from /home/airflow/.local/lib/python3.7/site-packages/airflow/example_dags/example_complex.py
[2023-09-04T12:54:26.278+0000] {processor.py:836} INFO - DAG(s) dict_keys(['example_complex']) retrieved from /home/airflow/.local/lib/python3.7/site-packages/airflow/example_dags/example_complex.py
[2023-09-04T12:54:26.359+0000] {logging_mixin.py:150} INFO - [2023-09-04T12:54:26.359+0000] {dag.py:2742} INFO - Sync 1 DAGs
[2023-09-04T12:54:26.445+0000] {logging_mixin.py:150} INFO - [2023-09-04T12:54:26.445+0000] {dag.py:3508} INFO - Setting next_dagrun for example_complex to None, run_after=None
[2023-09-04T12:54:26.550+0000] {processor.py:179} INFO - Processing /home/airflow/.local/lib/python3.7/site-packages/airflow/example_dags/example_complex.py took 0.304 seconds
[2023-09-04T12:54:56.635+0000] {processor.py:157} INFO - Started process (PID=480) to work on /home/airflow/.local/lib/python3.7/site-packages/airflow/example_dags/example_complex.py
[2023-09-04T12:54:56.638+0000] {processor.py:826} INFO - Processing file /home/airflow/.local/lib/python3.7/site-packages/airflow/example_dags/example_complex.py for tasks to queue
[2023-09-04T12:54:56.640+0000] {logging_mixin.py:150} INFO - [2023-09-04T12:54:56.640+0000] {dagbag.py:541} INFO - Filling up the DagBag from /home/airflow/.local/lib/python3.7/site-packages/airflow/example_dags/example_complex.py
[2023-09-04T12:54:56.666+0000] {processor.py:836} INFO - DAG(s) dict_keys(['example_complex']) retrieved from /home/airflow/.local/lib/python3.7/site-packages/airflow/example_dags/example_complex.py
[2023-09-04T12:54:56.736+0000] {logging_mixin.py:150} INFO - [2023-09-04T12:54:56.735+0000] {dag.py:2742} INFO - Sync 1 DAGs
[2023-09-04T12:54:56.809+0000] {logging_mixin.py:150} INFO - [2023-09-04T12:54:56.809+0000] {dag.py:3508} INFO - Setting next_dagrun for example_complex to None, run_after=None
[2023-09-04T12:54:56.854+0000] {processor.py:179} INFO - Processing /home/airflow/.local/lib/python3.7/site-packages/airflow/example_dags/example_complex.py took 0.225 seconds
[2023-09-04T12:55:27.331+0000] {processor.py:157} INFO - Started process (PID=538) to work on /home/airflow/.local/lib/python3.7/site-packages/airflow/example_dags/example_complex.py
[2023-09-04T12:55:27.334+0000] {processor.py:826} INFO - Processing file /home/airflow/.local/lib/python3.7/site-packages/airflow/example_dags/example_complex.py for tasks to queue
[2023-09-04T12:55:27.337+0000] {logging_mixin.py:150} INFO - [2023-09-04T12:55:27.337+0000] {dagbag.py:541} INFO - Filling up the DagBag from /home/airflow/.local/lib/python3.7/site-packages/airflow/example_dags/example_complex.py
[2023-09-04T12:55:27.374+0000] {processor.py:836} INFO - DAG(s) dict_keys(['example_complex']) retrieved from /home/airflow/.local/lib/python3.7/site-packages/airflow/example_dags/example_complex.py
[2023-09-04T12:55:27.488+0000] {logging_mixin.py:150} INFO - [2023-09-04T12:55:27.487+0000] {dag.py:2742} INFO - Sync 1 DAGs
[2023-09-04T12:55:27.573+0000] {logging_mixin.py:150} INFO - [2023-09-04T12:55:27.572+0000] {dag.py:3508} INFO - Setting next_dagrun for example_complex to None, run_after=None
[2023-09-04T12:55:27.654+0000] {processor.py:179} INFO - Processing /home/airflow/.local/lib/python3.7/site-packages/airflow/example_dags/example_complex.py took 0.334 seconds
[2023-09-04T12:55:57.760+0000] {processor.py:157} INFO - Started process (PID=598) to work on /home/airflow/.local/lib/python3.7/site-packages/airflow/example_dags/example_complex.py
[2023-09-04T12:55:57.761+0000] {processor.py:826} INFO - Processing file /home/airflow/.local/lib/python3.7/site-packages/airflow/example_dags/example_complex.py for tasks to queue
[2023-09-04T12:55:57.763+0000] {logging_mixin.py:150} INFO - [2023-09-04T12:55:57.763+0000] {dagbag.py:541} INFO - Filling up the DagBag from /home/airflow/.local/lib/python3.7/site-packages/airflow/example_dags/example_complex.py
[2023-09-04T12:55:57.785+0000] {processor.py:836} INFO - DAG(s) dict_keys(['example_complex']) retrieved from /home/airflow/.local/lib/python3.7/site-packages/airflow/example_dags/example_complex.py
[2023-09-04T12:55:57.976+0000] {logging_mixin.py:150} INFO - [2023-09-04T12:55:57.975+0000] {dag.py:2742} INFO - Sync 1 DAGs
[2023-09-04T12:55:58.068+0000] {logging_mixin.py:150} INFO - [2023-09-04T12:55:58.068+0000] {dag.py:3508} INFO - Setting next_dagrun for example_complex to None, run_after=None
[2023-09-04T12:55:58.104+0000] {processor.py:179} INFO - Processing /home/airflow/.local/lib/python3.7/site-packages/airflow/example_dags/example_complex.py took 0.350 seconds
[2023-09-04T12:56:28.586+0000] {processor.py:157} INFO - Started process (PID=652) to work on /home/airflow/.local/lib/python3.7/site-packages/airflow/example_dags/example_complex.py
[2023-09-04T12:56:28.588+0000] {processor.py:826} INFO - Processing file /home/airflow/.local/lib/python3.7/site-packages/airflow/example_dags/example_complex.py for tasks to queue
[2023-09-04T12:56:28.590+0000] {logging_mixin.py:150} INFO - [2023-09-04T12:56:28.590+0000] {dagbag.py:541} INFO - Filling up the DagBag from /home/airflow/.local/lib/python3.7/site-packages/airflow/example_dags/example_complex.py
[2023-09-04T12:56:28.615+0000] {processor.py:836} INFO - DAG(s) dict_keys(['example_complex']) retrieved from /home/airflow/.local/lib/python3.7/site-packages/airflow/example_dags/example_complex.py
[2023-09-04T12:56:28.729+0000] {logging_mixin.py:150} INFO - [2023-09-04T12:56:28.728+0000] {dag.py:2742} INFO - Sync 1 DAGs
[2023-09-04T12:56:28.798+0000] {logging_mixin.py:150} INFO - [2023-09-04T12:56:28.798+0000] {dag.py:3508} INFO - Setting next_dagrun for example_complex to None, run_after=None
[2023-09-04T12:56:28.853+0000] {processor.py:179} INFO - Processing /home/airflow/.local/lib/python3.7/site-packages/airflow/example_dags/example_complex.py took 0.276 seconds
[2023-09-04T12:56:58.939+0000] {processor.py:157} INFO - Started process (PID=711) to work on /home/airflow/.local/lib/python3.7/site-packages/airflow/example_dags/example_complex.py
[2023-09-04T12:56:58.941+0000] {processor.py:826} INFO - Processing file /home/airflow/.local/lib/python3.7/site-packages/airflow/example_dags/example_complex.py for tasks to queue
[2023-09-04T12:56:58.943+0000] {logging_mixin.py:150} INFO - [2023-09-04T12:56:58.943+0000] {dagbag.py:541} INFO - Filling up the DagBag from /home/airflow/.local/lib/python3.7/site-packages/airflow/example_dags/example_complex.py
[2023-09-04T12:56:58.965+0000] {processor.py:836} INFO - DAG(s) dict_keys(['example_complex']) retrieved from /home/airflow/.local/lib/python3.7/site-packages/airflow/example_dags/example_complex.py
[2023-09-04T12:56:59.044+0000] {logging_mixin.py:150} INFO - [2023-09-04T12:56:59.044+0000] {dag.py:2742} INFO - Sync 1 DAGs
[2023-09-04T12:56:59.094+0000] {logging_mixin.py:150} INFO - [2023-09-04T12:56:59.094+0000] {dag.py:3508} INFO - Setting next_dagrun for example_complex to None, run_after=None
[2023-09-04T12:56:59.148+0000] {processor.py:179} INFO - Processing /home/airflow/.local/lib/python3.7/site-packages/airflow/example_dags/example_complex.py took 0.216 seconds
[2023-09-04T12:57:30.532+0000] {processor.py:157} INFO - Started process (PID=769) to work on /home/airflow/.local/lib/python3.7/site-packages/airflow/example_dags/example_complex.py
[2023-09-04T12:57:30.540+0000] {processor.py:826} INFO - Processing file /home/airflow/.local/lib/python3.7/site-packages/airflow/example_dags/example_complex.py for tasks to queue
[2023-09-04T12:57:30.549+0000] {logging_mixin.py:150} INFO - [2023-09-04T12:57:30.548+0000] {dagbag.py:541} INFO - Filling up the DagBag from /home/airflow/.local/lib/python3.7/site-packages/airflow/example_dags/example_complex.py
[2023-09-04T12:57:30.645+0000] {processor.py:836} INFO - DAG(s) dict_keys(['example_complex']) retrieved from /home/airflow/.local/lib/python3.7/site-packages/airflow/example_dags/example_complex.py
[2023-09-04T12:57:30.828+0000] {logging_mixin.py:150} INFO - [2023-09-04T12:57:30.827+0000] {dag.py:2742} INFO - Sync 1 DAGs
[2023-09-04T12:57:31.061+0000] {logging_mixin.py:150} INFO - [2023-09-04T12:57:31.061+0000] {dag.py:3508} INFO - Setting next_dagrun for example_complex to None, run_after=None
[2023-09-04T12:57:31.217+0000] {processor.py:179} INFO - Processing /home/airflow/.local/lib/python3.7/site-packages/airflow/example_dags/example_complex.py took 0.692 seconds
[2023-09-04T12:58:01.901+0000] {processor.py:157} INFO - Started process (PID=829) to work on /home/airflow/.local/lib/python3.7/site-packages/airflow/example_dags/example_complex.py
[2023-09-04T12:58:01.912+0000] {processor.py:826} INFO - Processing file /home/airflow/.local/lib/python3.7/site-packages/airflow/example_dags/example_complex.py for tasks to queue
[2023-09-04T12:58:01.917+0000] {logging_mixin.py:150} INFO - [2023-09-04T12:58:01.916+0000] {dagbag.py:541} INFO - Filling up the DagBag from /home/airflow/.local/lib/python3.7/site-packages/airflow/example_dags/example_complex.py
[2023-09-04T12:58:01.980+0000] {processor.py:836} INFO - DAG(s) dict_keys(['example_complex']) retrieved from /home/airflow/.local/lib/python3.7/site-packages/airflow/example_dags/example_complex.py
[2023-09-04T12:58:02.094+0000] {logging_mixin.py:150} INFO - [2023-09-04T12:58:02.094+0000] {dag.py:2742} INFO - Sync 1 DAGs
[2023-09-04T12:58:02.163+0000] {logging_mixin.py:150} INFO - [2023-09-04T12:58:02.163+0000] {dag.py:3508} INFO - Setting next_dagrun for example_complex to None, run_after=None
[2023-09-04T12:58:02.207+0000] {processor.py:179} INFO - Processing /home/airflow/.local/lib/python3.7/site-packages/airflow/example_dags/example_complex.py took 0.324 seconds
[2023-09-04T12:58:33.369+0000] {processor.py:157} INFO - Started process (PID=889) to work on /home/airflow/.local/lib/python3.7/site-packages/airflow/example_dags/example_complex.py
[2023-09-04T12:58:33.371+0000] {processor.py:826} INFO - Processing file /home/airflow/.local/lib/python3.7/site-packages/airflow/example_dags/example_complex.py for tasks to queue
[2023-09-04T12:58:33.374+0000] {logging_mixin.py:150} INFO - [2023-09-04T12:58:33.373+0000] {dagbag.py:541} INFO - Filling up the DagBag from /home/airflow/.local/lib/python3.7/site-packages/airflow/example_dags/example_complex.py
[2023-09-04T12:58:33.397+0000] {processor.py:836} INFO - DAG(s) dict_keys(['example_complex']) retrieved from /home/airflow/.local/lib/python3.7/site-packages/airflow/example_dags/example_complex.py
[2023-09-04T12:58:33.468+0000] {logging_mixin.py:150} INFO - [2023-09-04T12:58:33.467+0000] {dag.py:2742} INFO - Sync 1 DAGs
[2023-09-04T12:58:33.516+0000] {logging_mixin.py:150} INFO - [2023-09-04T12:58:33.516+0000] {dag.py:3508} INFO - Setting next_dagrun for example_complex to None, run_after=None
[2023-09-04T12:58:33.559+0000] {processor.py:179} INFO - Processing /home/airflow/.local/lib/python3.7/site-packages/airflow/example_dags/example_complex.py took 0.197 seconds
