[2023-09-04T12:39:42.572+0000] {processor.py:157} INFO - Started process (PID=96) to work on /home/airflow/.local/lib/python3.7/site-packages/airflow/example_dags/example_local_kubernetes_executor.py
[2023-09-04T12:39:42.574+0000] {processor.py:826} INFO - Processing file /home/airflow/.local/lib/python3.7/site-packages/airflow/example_dags/example_local_kubernetes_executor.py for tasks to queue
[2023-09-04T12:39:42.578+0000] {logging_mixin.py:150} INFO - [2023-09-04T12:39:42.578+0000] {dagbag.py:541} INFO - Filling up the DagBag from /home/airflow/.local/lib/python3.7/site-packages/airflow/example_dags/example_local_kubernetes_executor.py
[2023-09-04T12:39:43.713+0000] {processor.py:836} INFO - DAG(s) dict_keys(['example_local_kubernetes_executor']) retrieved from /home/airflow/.local/lib/python3.7/site-packages/airflow/example_dags/example_local_kubernetes_executor.py
[2023-09-04T12:39:43.866+0000] {logging_mixin.py:150} INFO - [2023-09-04T12:39:43.865+0000] {dag.py:2742} INFO - Sync 1 DAGs
[2023-09-04T12:39:43.967+0000] {logging_mixin.py:150} INFO - [2023-09-04T12:39:43.967+0000] {dag.py:3508} INFO - Setting next_dagrun for example_local_kubernetes_executor to None, run_after=None
[2023-09-04T12:39:44.069+0000] {processor.py:179} INFO - Processing /home/airflow/.local/lib/python3.7/site-packages/airflow/example_dags/example_local_kubernetes_executor.py took 1.516 seconds
[2023-09-04T12:40:14.742+0000] {processor.py:157} INFO - Started process (PID=155) to work on /home/airflow/.local/lib/python3.7/site-packages/airflow/example_dags/example_local_kubernetes_executor.py
[2023-09-04T12:40:14.753+0000] {processor.py:826} INFO - Processing file /home/airflow/.local/lib/python3.7/site-packages/airflow/example_dags/example_local_kubernetes_executor.py for tasks to queue
[2023-09-04T12:40:14.756+0000] {logging_mixin.py:150} INFO - [2023-09-04T12:40:14.755+0000] {dagbag.py:541} INFO - Filling up the DagBag from /home/airflow/.local/lib/python3.7/site-packages/airflow/example_dags/example_local_kubernetes_executor.py
[2023-09-04T12:40:16.018+0000] {processor.py:836} INFO - DAG(s) dict_keys(['example_local_kubernetes_executor']) retrieved from /home/airflow/.local/lib/python3.7/site-packages/airflow/example_dags/example_local_kubernetes_executor.py
[2023-09-04T12:40:16.180+0000] {logging_mixin.py:150} INFO - [2023-09-04T12:40:16.180+0000] {dag.py:2742} INFO - Sync 1 DAGs
[2023-09-04T12:40:16.349+0000] {logging_mixin.py:150} INFO - [2023-09-04T12:40:16.348+0000] {dag.py:3508} INFO - Setting next_dagrun for example_local_kubernetes_executor to None, run_after=None
[2023-09-04T12:40:16.626+0000] {processor.py:179} INFO - Processing /home/airflow/.local/lib/python3.7/site-packages/airflow/example_dags/example_local_kubernetes_executor.py took 1.919 seconds
[2023-09-04T12:40:54.864+0000] {processor.py:157} INFO - Started process (PID=220) to work on /home/airflow/.local/lib/python3.7/site-packages/airflow/example_dags/example_local_kubernetes_executor.py
[2023-09-04T12:40:54.893+0000] {processor.py:826} INFO - Processing file /home/airflow/.local/lib/python3.7/site-packages/airflow/example_dags/example_local_kubernetes_executor.py for tasks to queue
[2023-09-04T12:40:54.910+0000] {logging_mixin.py:150} INFO - [2023-09-04T12:40:54.909+0000] {dagbag.py:541} INFO - Filling up the DagBag from /home/airflow/.local/lib/python3.7/site-packages/airflow/example_dags/example_local_kubernetes_executor.py
[2023-09-04T12:40:58.412+0000] {processor.py:836} INFO - DAG(s) dict_keys(['example_local_kubernetes_executor']) retrieved from /home/airflow/.local/lib/python3.7/site-packages/airflow/example_dags/example_local_kubernetes_executor.py
[2023-09-04T12:40:59.191+0000] {logging_mixin.py:150} INFO - [2023-09-04T12:40:59.191+0000] {dag.py:2742} INFO - Sync 1 DAGs
[2023-09-04T12:40:59.800+0000] {logging_mixin.py:150} INFO - [2023-09-04T12:40:59.800+0000] {dag.py:3508} INFO - Setting next_dagrun for example_local_kubernetes_executor to None, run_after=None
[2023-09-04T12:41:00.204+0000] {processor.py:179} INFO - Processing /home/airflow/.local/lib/python3.7/site-packages/airflow/example_dags/example_local_kubernetes_executor.py took 5.373 seconds
[2023-09-04T12:41:30.679+0000] {processor.py:157} INFO - Started process (PID=286) to work on /home/airflow/.local/lib/python3.7/site-packages/airflow/example_dags/example_local_kubernetes_executor.py
[2023-09-04T12:41:30.686+0000] {processor.py:826} INFO - Processing file /home/airflow/.local/lib/python3.7/site-packages/airflow/example_dags/example_local_kubernetes_executor.py for tasks to queue
[2023-09-04T12:41:30.697+0000] {logging_mixin.py:150} INFO - [2023-09-04T12:41:30.697+0000] {dagbag.py:541} INFO - Filling up the DagBag from /home/airflow/.local/lib/python3.7/site-packages/airflow/example_dags/example_local_kubernetes_executor.py
[2023-09-04T12:41:32.906+0000] {processor.py:836} INFO - DAG(s) dict_keys(['example_local_kubernetes_executor']) retrieved from /home/airflow/.local/lib/python3.7/site-packages/airflow/example_dags/example_local_kubernetes_executor.py
[2023-09-04T12:41:33.184+0000] {logging_mixin.py:150} INFO - [2023-09-04T12:41:33.184+0000] {dag.py:2742} INFO - Sync 1 DAGs
[2023-09-04T12:41:33.384+0000] {logging_mixin.py:150} INFO - [2023-09-04T12:41:33.383+0000] {dag.py:3508} INFO - Setting next_dagrun for example_local_kubernetes_executor to None, run_after=None
[2023-09-04T12:41:33.502+0000] {processor.py:179} INFO - Processing /home/airflow/.local/lib/python3.7/site-packages/airflow/example_dags/example_local_kubernetes_executor.py took 2.846 seconds
[2023-09-04T12:42:14.860+0000] {processor.py:157} INFO - Started process (PID=342) to work on /home/airflow/.local/lib/python3.7/site-packages/airflow/example_dags/example_local_kubernetes_executor.py
[2023-09-04T12:42:14.917+0000] {processor.py:826} INFO - Processing file /home/airflow/.local/lib/python3.7/site-packages/airflow/example_dags/example_local_kubernetes_executor.py for tasks to queue
[2023-09-04T12:42:14.999+0000] {logging_mixin.py:150} INFO - [2023-09-04T12:42:14.998+0000] {dagbag.py:541} INFO - Filling up the DagBag from /home/airflow/.local/lib/python3.7/site-packages/airflow/example_dags/example_local_kubernetes_executor.py
[2023-09-04T12:42:17.480+0000] {processor.py:836} INFO - DAG(s) dict_keys(['example_local_kubernetes_executor']) retrieved from /home/airflow/.local/lib/python3.7/site-packages/airflow/example_dags/example_local_kubernetes_executor.py
[2023-09-04T12:42:17.785+0000] {logging_mixin.py:150} INFO - [2023-09-04T12:42:17.784+0000] {dag.py:2742} INFO - Sync 1 DAGs
[2023-09-04T12:42:18.019+0000] {logging_mixin.py:150} INFO - [2023-09-04T12:42:18.019+0000] {dag.py:3508} INFO - Setting next_dagrun for example_local_kubernetes_executor to None, run_after=None
[2023-09-04T12:42:18.308+0000] {processor.py:179} INFO - Processing /home/airflow/.local/lib/python3.7/site-packages/airflow/example_dags/example_local_kubernetes_executor.py took 3.456 seconds
[2023-09-04T12:42:51.932+0000] {processor.py:157} INFO - Started process (PID=401) to work on /home/airflow/.local/lib/python3.7/site-packages/airflow/example_dags/example_local_kubernetes_executor.py
[2023-09-04T12:42:52.018+0000] {processor.py:826} INFO - Processing file /home/airflow/.local/lib/python3.7/site-packages/airflow/example_dags/example_local_kubernetes_executor.py for tasks to queue
[2023-09-04T12:42:52.092+0000] {logging_mixin.py:150} INFO - [2023-09-04T12:42:52.091+0000] {dagbag.py:541} INFO - Filling up the DagBag from /home/airflow/.local/lib/python3.7/site-packages/airflow/example_dags/example_local_kubernetes_executor.py
[2023-09-04T12:42:54.427+0000] {processor.py:836} INFO - DAG(s) dict_keys(['example_local_kubernetes_executor']) retrieved from /home/airflow/.local/lib/python3.7/site-packages/airflow/example_dags/example_local_kubernetes_executor.py
[2023-09-04T12:42:54.999+0000] {logging_mixin.py:150} INFO - [2023-09-04T12:42:54.999+0000] {dag.py:2742} INFO - Sync 1 DAGs
[2023-09-04T12:42:55.398+0000] {logging_mixin.py:150} INFO - [2023-09-04T12:42:55.397+0000] {dag.py:3508} INFO - Setting next_dagrun for example_local_kubernetes_executor to None, run_after=None
[2023-09-04T12:42:55.629+0000] {processor.py:179} INFO - Processing /home/airflow/.local/lib/python3.7/site-packages/airflow/example_dags/example_local_kubernetes_executor.py took 3.719 seconds
[2023-09-04T12:43:26.056+0000] {processor.py:157} INFO - Started process (PID=462) to work on /home/airflow/.local/lib/python3.7/site-packages/airflow/example_dags/example_local_kubernetes_executor.py
[2023-09-04T12:43:26.059+0000] {processor.py:826} INFO - Processing file /home/airflow/.local/lib/python3.7/site-packages/airflow/example_dags/example_local_kubernetes_executor.py for tasks to queue
[2023-09-04T12:43:26.071+0000] {logging_mixin.py:150} INFO - [2023-09-04T12:43:26.064+0000] {dagbag.py:541} INFO - Filling up the DagBag from /home/airflow/.local/lib/python3.7/site-packages/airflow/example_dags/example_local_kubernetes_executor.py
[2023-09-04T12:43:28.426+0000] {processor.py:836} INFO - DAG(s) dict_keys(['example_local_kubernetes_executor']) retrieved from /home/airflow/.local/lib/python3.7/site-packages/airflow/example_dags/example_local_kubernetes_executor.py
[2023-09-04T12:43:28.752+0000] {logging_mixin.py:150} INFO - [2023-09-04T12:43:28.751+0000] {dag.py:2742} INFO - Sync 1 DAGs
[2023-09-04T12:43:29.025+0000] {logging_mixin.py:150} INFO - [2023-09-04T12:43:29.025+0000] {dag.py:3508} INFO - Setting next_dagrun for example_local_kubernetes_executor to None, run_after=None
[2023-09-04T12:43:29.241+0000] {processor.py:179} INFO - Processing /home/airflow/.local/lib/python3.7/site-packages/airflow/example_dags/example_local_kubernetes_executor.py took 3.219 seconds
[2023-09-04T12:44:05.085+0000] {processor.py:157} INFO - Started process (PID=530) to work on /home/airflow/.local/lib/python3.7/site-packages/airflow/example_dags/example_local_kubernetes_executor.py
[2023-09-04T12:44:05.094+0000] {processor.py:826} INFO - Processing file /home/airflow/.local/lib/python3.7/site-packages/airflow/example_dags/example_local_kubernetes_executor.py for tasks to queue
[2023-09-04T12:44:05.136+0000] {logging_mixin.py:150} INFO - [2023-09-04T12:44:05.135+0000] {dagbag.py:541} INFO - Filling up the DagBag from /home/airflow/.local/lib/python3.7/site-packages/airflow/example_dags/example_local_kubernetes_executor.py
[2023-09-04T12:44:07.187+0000] {processor.py:836} INFO - DAG(s) dict_keys(['example_local_kubernetes_executor']) retrieved from /home/airflow/.local/lib/python3.7/site-packages/airflow/example_dags/example_local_kubernetes_executor.py
[2023-09-04T12:44:07.673+0000] {logging_mixin.py:150} INFO - [2023-09-04T12:44:07.672+0000] {dag.py:2742} INFO - Sync 1 DAGs
[2023-09-04T12:44:07.897+0000] {logging_mixin.py:150} INFO - [2023-09-04T12:44:07.896+0000] {dag.py:3508} INFO - Setting next_dagrun for example_local_kubernetes_executor to None, run_after=None
[2023-09-04T12:44:08.160+0000] {processor.py:179} INFO - Processing /home/airflow/.local/lib/python3.7/site-packages/airflow/example_dags/example_local_kubernetes_executor.py took 3.093 seconds
[2023-09-04T12:44:39.774+0000] {processor.py:157} INFO - Started process (PID=591) to work on /home/airflow/.local/lib/python3.7/site-packages/airflow/example_dags/example_local_kubernetes_executor.py
[2023-09-04T12:44:39.828+0000] {processor.py:826} INFO - Processing file /home/airflow/.local/lib/python3.7/site-packages/airflow/example_dags/example_local_kubernetes_executor.py for tasks to queue
[2023-09-04T12:44:39.893+0000] {logging_mixin.py:150} INFO - [2023-09-04T12:44:39.892+0000] {dagbag.py:541} INFO - Filling up the DagBag from /home/airflow/.local/lib/python3.7/site-packages/airflow/example_dags/example_local_kubernetes_executor.py
[2023-09-04T12:44:42.690+0000] {processor.py:836} INFO - DAG(s) dict_keys(['example_local_kubernetes_executor']) retrieved from /home/airflow/.local/lib/python3.7/site-packages/airflow/example_dags/example_local_kubernetes_executor.py
[2023-09-04T12:44:43.038+0000] {logging_mixin.py:150} INFO - [2023-09-04T12:44:43.038+0000] {dag.py:2742} INFO - Sync 1 DAGs
[2023-09-04T12:44:43.276+0000] {logging_mixin.py:150} INFO - [2023-09-04T12:44:43.276+0000] {dag.py:3508} INFO - Setting next_dagrun for example_local_kubernetes_executor to None, run_after=None
[2023-09-04T12:44:43.451+0000] {processor.py:179} INFO - Processing /home/airflow/.local/lib/python3.7/site-packages/airflow/example_dags/example_local_kubernetes_executor.py took 3.698 seconds
[2023-09-04T12:45:17.823+0000] {processor.py:157} INFO - Started process (PID=652) to work on /home/airflow/.local/lib/python3.7/site-packages/airflow/example_dags/example_local_kubernetes_executor.py
[2023-09-04T12:45:17.826+0000] {processor.py:826} INFO - Processing file /home/airflow/.local/lib/python3.7/site-packages/airflow/example_dags/example_local_kubernetes_executor.py for tasks to queue
[2023-09-04T12:45:17.829+0000] {logging_mixin.py:150} INFO - [2023-09-04T12:45:17.828+0000] {dagbag.py:541} INFO - Filling up the DagBag from /home/airflow/.local/lib/python3.7/site-packages/airflow/example_dags/example_local_kubernetes_executor.py
[2023-09-04T12:45:18.780+0000] {processor.py:836} INFO - DAG(s) dict_keys(['example_local_kubernetes_executor']) retrieved from /home/airflow/.local/lib/python3.7/site-packages/airflow/example_dags/example_local_kubernetes_executor.py
[2023-09-04T12:45:19.071+0000] {logging_mixin.py:150} INFO - [2023-09-04T12:45:19.070+0000] {dag.py:2742} INFO - Sync 1 DAGs
[2023-09-04T12:45:19.216+0000] {logging_mixin.py:150} INFO - [2023-09-04T12:45:19.215+0000] {dag.py:3508} INFO - Setting next_dagrun for example_local_kubernetes_executor to None, run_after=None
[2023-09-04T12:45:19.351+0000] {processor.py:179} INFO - Processing /home/airflow/.local/lib/python3.7/site-packages/airflow/example_dags/example_local_kubernetes_executor.py took 1.542 seconds
[2023-09-04T12:45:49.551+0000] {processor.py:157} INFO - Started process (PID=713) to work on /home/airflow/.local/lib/python3.7/site-packages/airflow/example_dags/example_local_kubernetes_executor.py
[2023-09-04T12:45:49.554+0000] {processor.py:826} INFO - Processing file /home/airflow/.local/lib/python3.7/site-packages/airflow/example_dags/example_local_kubernetes_executor.py for tasks to queue
[2023-09-04T12:45:49.560+0000] {logging_mixin.py:150} INFO - [2023-09-04T12:45:49.560+0000] {dagbag.py:541} INFO - Filling up the DagBag from /home/airflow/.local/lib/python3.7/site-packages/airflow/example_dags/example_local_kubernetes_executor.py
[2023-09-04T12:45:50.421+0000] {processor.py:836} INFO - DAG(s) dict_keys(['example_local_kubernetes_executor']) retrieved from /home/airflow/.local/lib/python3.7/site-packages/airflow/example_dags/example_local_kubernetes_executor.py
[2023-09-04T12:45:50.525+0000] {logging_mixin.py:150} INFO - [2023-09-04T12:45:50.525+0000] {dag.py:2742} INFO - Sync 1 DAGs
[2023-09-04T12:45:50.611+0000] {logging_mixin.py:150} INFO - [2023-09-04T12:45:50.610+0000] {dag.py:3508} INFO - Setting next_dagrun for example_local_kubernetes_executor to None, run_after=None
[2023-09-04T12:45:50.666+0000] {processor.py:179} INFO - Processing /home/airflow/.local/lib/python3.7/site-packages/airflow/example_dags/example_local_kubernetes_executor.py took 1.123 seconds
[2023-09-04T12:46:21.237+0000] {processor.py:157} INFO - Started process (PID=774) to work on /home/airflow/.local/lib/python3.7/site-packages/airflow/example_dags/example_local_kubernetes_executor.py
[2023-09-04T12:46:21.239+0000] {processor.py:826} INFO - Processing file /home/airflow/.local/lib/python3.7/site-packages/airflow/example_dags/example_local_kubernetes_executor.py for tasks to queue
[2023-09-04T12:46:21.243+0000] {logging_mixin.py:150} INFO - [2023-09-04T12:46:21.243+0000] {dagbag.py:541} INFO - Filling up the DagBag from /home/airflow/.local/lib/python3.7/site-packages/airflow/example_dags/example_local_kubernetes_executor.py
[2023-09-04T12:46:21.726+0000] {processor.py:836} INFO - DAG(s) dict_keys(['example_local_kubernetes_executor']) retrieved from /home/airflow/.local/lib/python3.7/site-packages/airflow/example_dags/example_local_kubernetes_executor.py
[2023-09-04T12:46:21.824+0000] {logging_mixin.py:150} INFO - [2023-09-04T12:46:21.824+0000] {dag.py:2742} INFO - Sync 1 DAGs
[2023-09-04T12:46:21.897+0000] {logging_mixin.py:150} INFO - [2023-09-04T12:46:21.896+0000] {dag.py:3508} INFO - Setting next_dagrun for example_local_kubernetes_executor to None, run_after=None
[2023-09-04T12:46:21.931+0000] {processor.py:179} INFO - Processing /home/airflow/.local/lib/python3.7/site-packages/airflow/example_dags/example_local_kubernetes_executor.py took 0.701 seconds
[2023-09-04T12:46:52.727+0000] {processor.py:157} INFO - Started process (PID=836) to work on /home/airflow/.local/lib/python3.7/site-packages/airflow/example_dags/example_local_kubernetes_executor.py
[2023-09-04T12:46:52.729+0000] {processor.py:826} INFO - Processing file /home/airflow/.local/lib/python3.7/site-packages/airflow/example_dags/example_local_kubernetes_executor.py for tasks to queue
[2023-09-04T12:46:52.740+0000] {logging_mixin.py:150} INFO - [2023-09-04T12:46:52.740+0000] {dagbag.py:541} INFO - Filling up the DagBag from /home/airflow/.local/lib/python3.7/site-packages/airflow/example_dags/example_local_kubernetes_executor.py
[2023-09-04T12:46:53.283+0000] {processor.py:836} INFO - DAG(s) dict_keys(['example_local_kubernetes_executor']) retrieved from /home/airflow/.local/lib/python3.7/site-packages/airflow/example_dags/example_local_kubernetes_executor.py
[2023-09-04T12:46:53.375+0000] {logging_mixin.py:150} INFO - [2023-09-04T12:46:53.374+0000] {dag.py:2742} INFO - Sync 1 DAGs
[2023-09-04T12:46:53.468+0000] {logging_mixin.py:150} INFO - [2023-09-04T12:46:53.468+0000] {dag.py:3508} INFO - Setting next_dagrun for example_local_kubernetes_executor to None, run_after=None
[2023-09-04T12:46:53.538+0000] {processor.py:179} INFO - Processing /home/airflow/.local/lib/python3.7/site-packages/airflow/example_dags/example_local_kubernetes_executor.py took 0.818 seconds
[2023-09-04T12:47:23.808+0000] {processor.py:157} INFO - Started process (PID=890) to work on /home/airflow/.local/lib/python3.7/site-packages/airflow/example_dags/example_local_kubernetes_executor.py
[2023-09-04T12:47:23.810+0000] {processor.py:826} INFO - Processing file /home/airflow/.local/lib/python3.7/site-packages/airflow/example_dags/example_local_kubernetes_executor.py for tasks to queue
[2023-09-04T12:47:23.813+0000] {logging_mixin.py:150} INFO - [2023-09-04T12:47:23.813+0000] {dagbag.py:541} INFO - Filling up the DagBag from /home/airflow/.local/lib/python3.7/site-packages/airflow/example_dags/example_local_kubernetes_executor.py
[2023-09-04T12:47:24.471+0000] {processor.py:836} INFO - DAG(s) dict_keys(['example_local_kubernetes_executor']) retrieved from /home/airflow/.local/lib/python3.7/site-packages/airflow/example_dags/example_local_kubernetes_executor.py
[2023-09-04T12:47:24.555+0000] {logging_mixin.py:150} INFO - [2023-09-04T12:47:24.554+0000] {dag.py:2742} INFO - Sync 1 DAGs
[2023-09-04T12:47:24.679+0000] {logging_mixin.py:150} INFO - [2023-09-04T12:47:24.679+0000] {dag.py:3508} INFO - Setting next_dagrun for example_local_kubernetes_executor to None, run_after=None
[2023-09-04T12:47:24.795+0000] {processor.py:179} INFO - Processing /home/airflow/.local/lib/python3.7/site-packages/airflow/example_dags/example_local_kubernetes_executor.py took 0.992 seconds
[2023-09-04T12:47:55.143+0000] {processor.py:157} INFO - Started process (PID=950) to work on /home/airflow/.local/lib/python3.7/site-packages/airflow/example_dags/example_local_kubernetes_executor.py
[2023-09-04T12:47:55.146+0000] {processor.py:826} INFO - Processing file /home/airflow/.local/lib/python3.7/site-packages/airflow/example_dags/example_local_kubernetes_executor.py for tasks to queue
[2023-09-04T12:47:55.148+0000] {logging_mixin.py:150} INFO - [2023-09-04T12:47:55.147+0000] {dagbag.py:541} INFO - Filling up the DagBag from /home/airflow/.local/lib/python3.7/site-packages/airflow/example_dags/example_local_kubernetes_executor.py
[2023-09-04T12:47:56.083+0000] {processor.py:836} INFO - DAG(s) dict_keys(['example_local_kubernetes_executor']) retrieved from /home/airflow/.local/lib/python3.7/site-packages/airflow/example_dags/example_local_kubernetes_executor.py
[2023-09-04T12:47:56.324+0000] {logging_mixin.py:150} INFO - [2023-09-04T12:47:56.323+0000] {dag.py:2742} INFO - Sync 1 DAGs
[2023-09-04T12:47:56.519+0000] {logging_mixin.py:150} INFO - [2023-09-04T12:47:56.519+0000] {dag.py:3508} INFO - Setting next_dagrun for example_local_kubernetes_executor to None, run_after=None
[2023-09-04T12:47:56.657+0000] {processor.py:179} INFO - Processing /home/airflow/.local/lib/python3.7/site-packages/airflow/example_dags/example_local_kubernetes_executor.py took 1.518 seconds
[2023-09-04T12:48:27.182+0000] {processor.py:157} INFO - Started process (PID=1011) to work on /home/airflow/.local/lib/python3.7/site-packages/airflow/example_dags/example_local_kubernetes_executor.py
[2023-09-04T12:48:27.185+0000] {processor.py:826} INFO - Processing file /home/airflow/.local/lib/python3.7/site-packages/airflow/example_dags/example_local_kubernetes_executor.py for tasks to queue
[2023-09-04T12:48:27.187+0000] {logging_mixin.py:150} INFO - [2023-09-04T12:48:27.187+0000] {dagbag.py:541} INFO - Filling up the DagBag from /home/airflow/.local/lib/python3.7/site-packages/airflow/example_dags/example_local_kubernetes_executor.py
[2023-09-04T12:48:28.019+0000] {processor.py:836} INFO - DAG(s) dict_keys(['example_local_kubernetes_executor']) retrieved from /home/airflow/.local/lib/python3.7/site-packages/airflow/example_dags/example_local_kubernetes_executor.py
[2023-09-04T12:48:28.108+0000] {logging_mixin.py:150} INFO - [2023-09-04T12:48:28.107+0000] {dag.py:2742} INFO - Sync 1 DAGs
[2023-09-04T12:48:28.163+0000] {logging_mixin.py:150} INFO - [2023-09-04T12:48:28.163+0000] {dag.py:3508} INFO - Setting next_dagrun for example_local_kubernetes_executor to None, run_after=None
[2023-09-04T12:48:28.210+0000] {processor.py:179} INFO - Processing /home/airflow/.local/lib/python3.7/site-packages/airflow/example_dags/example_local_kubernetes_executor.py took 1.038 seconds
[2023-09-04T12:48:59.236+0000] {processor.py:157} INFO - Started process (PID=1072) to work on /home/airflow/.local/lib/python3.7/site-packages/airflow/example_dags/example_local_kubernetes_executor.py
[2023-09-04T12:48:59.240+0000] {processor.py:826} INFO - Processing file /home/airflow/.local/lib/python3.7/site-packages/airflow/example_dags/example_local_kubernetes_executor.py for tasks to queue
[2023-09-04T12:48:59.243+0000] {logging_mixin.py:150} INFO - [2023-09-04T12:48:59.243+0000] {dagbag.py:541} INFO - Filling up the DagBag from /home/airflow/.local/lib/python3.7/site-packages/airflow/example_dags/example_local_kubernetes_executor.py
[2023-09-04T12:49:00.147+0000] {processor.py:836} INFO - DAG(s) dict_keys(['example_local_kubernetes_executor']) retrieved from /home/airflow/.local/lib/python3.7/site-packages/airflow/example_dags/example_local_kubernetes_executor.py
[2023-09-04T12:49:00.219+0000] {logging_mixin.py:150} INFO - [2023-09-04T12:49:00.219+0000] {dag.py:2742} INFO - Sync 1 DAGs
[2023-09-04T12:49:00.319+0000] {logging_mixin.py:150} INFO - [2023-09-04T12:49:00.318+0000] {dag.py:3508} INFO - Setting next_dagrun for example_local_kubernetes_executor to None, run_after=None
[2023-09-04T12:49:00.395+0000] {processor.py:179} INFO - Processing /home/airflow/.local/lib/python3.7/site-packages/airflow/example_dags/example_local_kubernetes_executor.py took 1.167 seconds
[2023-09-04T12:49:31.013+0000] {processor.py:157} INFO - Started process (PID=1132) to work on /home/airflow/.local/lib/python3.7/site-packages/airflow/example_dags/example_local_kubernetes_executor.py
[2023-09-04T12:49:31.015+0000] {processor.py:826} INFO - Processing file /home/airflow/.local/lib/python3.7/site-packages/airflow/example_dags/example_local_kubernetes_executor.py for tasks to queue
[2023-09-04T12:49:31.016+0000] {logging_mixin.py:150} INFO - [2023-09-04T12:49:31.016+0000] {dagbag.py:541} INFO - Filling up the DagBag from /home/airflow/.local/lib/python3.7/site-packages/airflow/example_dags/example_local_kubernetes_executor.py
[2023-09-04T12:49:31.630+0000] {processor.py:836} INFO - DAG(s) dict_keys(['example_local_kubernetes_executor']) retrieved from /home/airflow/.local/lib/python3.7/site-packages/airflow/example_dags/example_local_kubernetes_executor.py
[2023-09-04T12:49:31.756+0000] {logging_mixin.py:150} INFO - [2023-09-04T12:49:31.755+0000] {dag.py:2742} INFO - Sync 1 DAGs
[2023-09-04T12:49:31.817+0000] {logging_mixin.py:150} INFO - [2023-09-04T12:49:31.817+0000] {dag.py:3508} INFO - Setting next_dagrun for example_local_kubernetes_executor to None, run_after=None
[2023-09-04T12:49:31.917+0000] {processor.py:179} INFO - Processing /home/airflow/.local/lib/python3.7/site-packages/airflow/example_dags/example_local_kubernetes_executor.py took 0.912 seconds
[2023-09-04T12:51:28.169+0000] {processor.py:157} INFO - Started process (PID=80) to work on /home/airflow/.local/lib/python3.7/site-packages/airflow/example_dags/example_local_kubernetes_executor.py
[2023-09-04T12:51:28.171+0000] {processor.py:826} INFO - Processing file /home/airflow/.local/lib/python3.7/site-packages/airflow/example_dags/example_local_kubernetes_executor.py for tasks to queue
[2023-09-04T12:51:28.174+0000] {logging_mixin.py:150} INFO - [2023-09-04T12:51:28.173+0000] {dagbag.py:541} INFO - Filling up the DagBag from /home/airflow/.local/lib/python3.7/site-packages/airflow/example_dags/example_local_kubernetes_executor.py
[2023-09-04T12:51:30.215+0000] {processor.py:836} INFO - DAG(s) dict_keys(['example_local_kubernetes_executor']) retrieved from /home/airflow/.local/lib/python3.7/site-packages/airflow/example_dags/example_local_kubernetes_executor.py
[2023-09-04T12:51:30.354+0000] {logging_mixin.py:150} INFO - [2023-09-04T12:51:30.353+0000] {dag.py:2742} INFO - Sync 1 DAGs
[2023-09-04T12:51:30.464+0000] {logging_mixin.py:150} INFO - [2023-09-04T12:51:30.463+0000] {dag.py:3508} INFO - Setting next_dagrun for example_local_kubernetes_executor to None, run_after=None
[2023-09-04T12:51:30.520+0000] {processor.py:179} INFO - Processing /home/airflow/.local/lib/python3.7/site-packages/airflow/example_dags/example_local_kubernetes_executor.py took 2.365 seconds
[2023-09-04T12:52:00.882+0000] {processor.py:157} INFO - Started process (PID=139) to work on /home/airflow/.local/lib/python3.7/site-packages/airflow/example_dags/example_local_kubernetes_executor.py
[2023-09-04T12:52:00.889+0000] {processor.py:826} INFO - Processing file /home/airflow/.local/lib/python3.7/site-packages/airflow/example_dags/example_local_kubernetes_executor.py for tasks to queue
[2023-09-04T12:52:00.894+0000] {logging_mixin.py:150} INFO - [2023-09-04T12:52:00.893+0000] {dagbag.py:541} INFO - Filling up the DagBag from /home/airflow/.local/lib/python3.7/site-packages/airflow/example_dags/example_local_kubernetes_executor.py
[2023-09-04T12:52:01.672+0000] {processor.py:836} INFO - DAG(s) dict_keys(['example_local_kubernetes_executor']) retrieved from /home/airflow/.local/lib/python3.7/site-packages/airflow/example_dags/example_local_kubernetes_executor.py
[2023-09-04T12:52:01.750+0000] {logging_mixin.py:150} INFO - [2023-09-04T12:52:01.749+0000] {dag.py:2742} INFO - Sync 1 DAGs
[2023-09-04T12:52:01.825+0000] {logging_mixin.py:150} INFO - [2023-09-04T12:52:01.824+0000] {dag.py:3508} INFO - Setting next_dagrun for example_local_kubernetes_executor to None, run_after=None
[2023-09-04T12:52:01.889+0000] {processor.py:179} INFO - Processing /home/airflow/.local/lib/python3.7/site-packages/airflow/example_dags/example_local_kubernetes_executor.py took 1.015 seconds
[2023-09-04T12:52:32.143+0000] {processor.py:157} INFO - Started process (PID=198) to work on /home/airflow/.local/lib/python3.7/site-packages/airflow/example_dags/example_local_kubernetes_executor.py
[2023-09-04T12:52:32.148+0000] {processor.py:826} INFO - Processing file /home/airflow/.local/lib/python3.7/site-packages/airflow/example_dags/example_local_kubernetes_executor.py for tasks to queue
[2023-09-04T12:52:32.152+0000] {logging_mixin.py:150} INFO - [2023-09-04T12:52:32.152+0000] {dagbag.py:541} INFO - Filling up the DagBag from /home/airflow/.local/lib/python3.7/site-packages/airflow/example_dags/example_local_kubernetes_executor.py
[2023-09-04T12:52:32.804+0000] {processor.py:836} INFO - DAG(s) dict_keys(['example_local_kubernetes_executor']) retrieved from /home/airflow/.local/lib/python3.7/site-packages/airflow/example_dags/example_local_kubernetes_executor.py
[2023-09-04T12:52:33.021+0000] {logging_mixin.py:150} INFO - [2023-09-04T12:52:33.020+0000] {dag.py:2742} INFO - Sync 1 DAGs
[2023-09-04T12:52:33.154+0000] {logging_mixin.py:150} INFO - [2023-09-04T12:52:33.154+0000] {dag.py:3508} INFO - Setting next_dagrun for example_local_kubernetes_executor to None, run_after=None
[2023-09-04T12:52:33.223+0000] {processor.py:179} INFO - Processing /home/airflow/.local/lib/python3.7/site-packages/airflow/example_dags/example_local_kubernetes_executor.py took 1.091 seconds
[2023-09-04T12:53:03.812+0000] {processor.py:157} INFO - Started process (PID=257) to work on /home/airflow/.local/lib/python3.7/site-packages/airflow/example_dags/example_local_kubernetes_executor.py
[2023-09-04T12:53:03.814+0000] {processor.py:826} INFO - Processing file /home/airflow/.local/lib/python3.7/site-packages/airflow/example_dags/example_local_kubernetes_executor.py for tasks to queue
[2023-09-04T12:53:03.817+0000] {logging_mixin.py:150} INFO - [2023-09-04T12:53:03.816+0000] {dagbag.py:541} INFO - Filling up the DagBag from /home/airflow/.local/lib/python3.7/site-packages/airflow/example_dags/example_local_kubernetes_executor.py
[2023-09-04T12:53:04.328+0000] {processor.py:836} INFO - DAG(s) dict_keys(['example_local_kubernetes_executor']) retrieved from /home/airflow/.local/lib/python3.7/site-packages/airflow/example_dags/example_local_kubernetes_executor.py
[2023-09-04T12:53:04.539+0000] {logging_mixin.py:150} INFO - [2023-09-04T12:53:04.538+0000] {dag.py:2742} INFO - Sync 1 DAGs
[2023-09-04T12:53:04.609+0000] {logging_mixin.py:150} INFO - [2023-09-04T12:53:04.608+0000] {dag.py:3508} INFO - Setting next_dagrun for example_local_kubernetes_executor to None, run_after=None
[2023-09-04T12:53:04.647+0000] {processor.py:179} INFO - Processing /home/airflow/.local/lib/python3.7/site-packages/airflow/example_dags/example_local_kubernetes_executor.py took 0.845 seconds
[2023-09-04T12:53:35.089+0000] {processor.py:157} INFO - Started process (PID=317) to work on /home/airflow/.local/lib/python3.7/site-packages/airflow/example_dags/example_local_kubernetes_executor.py
[2023-09-04T12:53:35.093+0000] {processor.py:826} INFO - Processing file /home/airflow/.local/lib/python3.7/site-packages/airflow/example_dags/example_local_kubernetes_executor.py for tasks to queue
[2023-09-04T12:53:35.099+0000] {logging_mixin.py:150} INFO - [2023-09-04T12:53:35.097+0000] {dagbag.py:541} INFO - Filling up the DagBag from /home/airflow/.local/lib/python3.7/site-packages/airflow/example_dags/example_local_kubernetes_executor.py
[2023-09-04T12:53:35.655+0000] {processor.py:836} INFO - DAG(s) dict_keys(['example_local_kubernetes_executor']) retrieved from /home/airflow/.local/lib/python3.7/site-packages/airflow/example_dags/example_local_kubernetes_executor.py
[2023-09-04T12:53:35.770+0000] {logging_mixin.py:150} INFO - [2023-09-04T12:53:35.770+0000] {dag.py:2742} INFO - Sync 1 DAGs
[2023-09-04T12:53:35.862+0000] {logging_mixin.py:150} INFO - [2023-09-04T12:53:35.862+0000] {dag.py:3508} INFO - Setting next_dagrun for example_local_kubernetes_executor to None, run_after=None
[2023-09-04T12:53:35.962+0000] {processor.py:179} INFO - Processing /home/airflow/.local/lib/python3.7/site-packages/airflow/example_dags/example_local_kubernetes_executor.py took 0.904 seconds
[2023-09-04T12:54:06.272+0000] {processor.py:157} INFO - Started process (PID=376) to work on /home/airflow/.local/lib/python3.7/site-packages/airflow/example_dags/example_local_kubernetes_executor.py
[2023-09-04T12:54:06.275+0000] {processor.py:826} INFO - Processing file /home/airflow/.local/lib/python3.7/site-packages/airflow/example_dags/example_local_kubernetes_executor.py for tasks to queue
[2023-09-04T12:54:06.278+0000] {logging_mixin.py:150} INFO - [2023-09-04T12:54:06.277+0000] {dagbag.py:541} INFO - Filling up the DagBag from /home/airflow/.local/lib/python3.7/site-packages/airflow/example_dags/example_local_kubernetes_executor.py
[2023-09-04T12:54:06.965+0000] {processor.py:836} INFO - DAG(s) dict_keys(['example_local_kubernetes_executor']) retrieved from /home/airflow/.local/lib/python3.7/site-packages/airflow/example_dags/example_local_kubernetes_executor.py
[2023-09-04T12:54:07.055+0000] {logging_mixin.py:150} INFO - [2023-09-04T12:54:07.054+0000] {dag.py:2742} INFO - Sync 1 DAGs
[2023-09-04T12:54:07.114+0000] {logging_mixin.py:150} INFO - [2023-09-04T12:54:07.113+0000] {dag.py:3508} INFO - Setting next_dagrun for example_local_kubernetes_executor to None, run_after=None
[2023-09-04T12:54:07.166+0000] {processor.py:179} INFO - Processing /home/airflow/.local/lib/python3.7/site-packages/airflow/example_dags/example_local_kubernetes_executor.py took 0.912 seconds
[2023-09-04T12:54:37.837+0000] {processor.py:157} INFO - Started process (PID=434) to work on /home/airflow/.local/lib/python3.7/site-packages/airflow/example_dags/example_local_kubernetes_executor.py
[2023-09-04T12:54:37.839+0000] {processor.py:826} INFO - Processing file /home/airflow/.local/lib/python3.7/site-packages/airflow/example_dags/example_local_kubernetes_executor.py for tasks to queue
[2023-09-04T12:54:37.842+0000] {logging_mixin.py:150} INFO - [2023-09-04T12:54:37.841+0000] {dagbag.py:541} INFO - Filling up the DagBag from /home/airflow/.local/lib/python3.7/site-packages/airflow/example_dags/example_local_kubernetes_executor.py
[2023-09-04T12:54:38.467+0000] {processor.py:836} INFO - DAG(s) dict_keys(['example_local_kubernetes_executor']) retrieved from /home/airflow/.local/lib/python3.7/site-packages/airflow/example_dags/example_local_kubernetes_executor.py
[2023-09-04T12:54:38.560+0000] {logging_mixin.py:150} INFO - [2023-09-04T12:54:38.559+0000] {dag.py:2742} INFO - Sync 1 DAGs
[2023-09-04T12:54:38.607+0000] {logging_mixin.py:150} INFO - [2023-09-04T12:54:38.607+0000] {dag.py:3508} INFO - Setting next_dagrun for example_local_kubernetes_executor to None, run_after=None
[2023-09-04T12:54:38.668+0000] {processor.py:179} INFO - Processing /home/airflow/.local/lib/python3.7/site-packages/airflow/example_dags/example_local_kubernetes_executor.py took 0.840 seconds
[2023-09-04T12:55:09.088+0000] {processor.py:157} INFO - Started process (PID=500) to work on /home/airflow/.local/lib/python3.7/site-packages/airflow/example_dags/example_local_kubernetes_executor.py
[2023-09-04T12:55:09.090+0000] {processor.py:826} INFO - Processing file /home/airflow/.local/lib/python3.7/site-packages/airflow/example_dags/example_local_kubernetes_executor.py for tasks to queue
[2023-09-04T12:55:09.097+0000] {logging_mixin.py:150} INFO - [2023-09-04T12:55:09.092+0000] {dagbag.py:541} INFO - Filling up the DagBag from /home/airflow/.local/lib/python3.7/site-packages/airflow/example_dags/example_local_kubernetes_executor.py
[2023-09-04T12:55:09.626+0000] {processor.py:836} INFO - DAG(s) dict_keys(['example_local_kubernetes_executor']) retrieved from /home/airflow/.local/lib/python3.7/site-packages/airflow/example_dags/example_local_kubernetes_executor.py
[2023-09-04T12:55:09.687+0000] {logging_mixin.py:150} INFO - [2023-09-04T12:55:09.687+0000] {dag.py:2742} INFO - Sync 1 DAGs
[2023-09-04T12:55:09.733+0000] {logging_mixin.py:150} INFO - [2023-09-04T12:55:09.733+0000] {dag.py:3508} INFO - Setting next_dagrun for example_local_kubernetes_executor to None, run_after=None
[2023-09-04T12:55:09.771+0000] {processor.py:179} INFO - Processing /home/airflow/.local/lib/python3.7/site-packages/airflow/example_dags/example_local_kubernetes_executor.py took 0.692 seconds
[2023-09-04T12:55:40.161+0000] {processor.py:157} INFO - Started process (PID=560) to work on /home/airflow/.local/lib/python3.7/site-packages/airflow/example_dags/example_local_kubernetes_executor.py
[2023-09-04T12:55:40.162+0000] {processor.py:826} INFO - Processing file /home/airflow/.local/lib/python3.7/site-packages/airflow/example_dags/example_local_kubernetes_executor.py for tasks to queue
[2023-09-04T12:55:40.164+0000] {logging_mixin.py:150} INFO - [2023-09-04T12:55:40.164+0000] {dagbag.py:541} INFO - Filling up the DagBag from /home/airflow/.local/lib/python3.7/site-packages/airflow/example_dags/example_local_kubernetes_executor.py
[2023-09-04T12:55:40.634+0000] {processor.py:836} INFO - DAG(s) dict_keys(['example_local_kubernetes_executor']) retrieved from /home/airflow/.local/lib/python3.7/site-packages/airflow/example_dags/example_local_kubernetes_executor.py
[2023-09-04T12:55:40.716+0000] {logging_mixin.py:150} INFO - [2023-09-04T12:55:40.715+0000] {dag.py:2742} INFO - Sync 1 DAGs
[2023-09-04T12:55:40.777+0000] {logging_mixin.py:150} INFO - [2023-09-04T12:55:40.777+0000] {dag.py:3508} INFO - Setting next_dagrun for example_local_kubernetes_executor to None, run_after=None
[2023-09-04T12:55:40.873+0000] {processor.py:179} INFO - Processing /home/airflow/.local/lib/python3.7/site-packages/airflow/example_dags/example_local_kubernetes_executor.py took 0.718 seconds
[2023-09-04T12:56:12.021+0000] {processor.py:157} INFO - Started process (PID=619) to work on /home/airflow/.local/lib/python3.7/site-packages/airflow/example_dags/example_local_kubernetes_executor.py
[2023-09-04T12:56:12.030+0000] {processor.py:826} INFO - Processing file /home/airflow/.local/lib/python3.7/site-packages/airflow/example_dags/example_local_kubernetes_executor.py for tasks to queue
[2023-09-04T12:56:12.033+0000] {logging_mixin.py:150} INFO - [2023-09-04T12:56:12.033+0000] {dagbag.py:541} INFO - Filling up the DagBag from /home/airflow/.local/lib/python3.7/site-packages/airflow/example_dags/example_local_kubernetes_executor.py
[2023-09-04T12:56:12.538+0000] {processor.py:836} INFO - DAG(s) dict_keys(['example_local_kubernetes_executor']) retrieved from /home/airflow/.local/lib/python3.7/site-packages/airflow/example_dags/example_local_kubernetes_executor.py
[2023-09-04T12:56:12.611+0000] {logging_mixin.py:150} INFO - [2023-09-04T12:56:12.611+0000] {dag.py:2742} INFO - Sync 1 DAGs
[2023-09-04T12:56:12.683+0000] {logging_mixin.py:150} INFO - [2023-09-04T12:56:12.683+0000] {dag.py:3508} INFO - Setting next_dagrun for example_local_kubernetes_executor to None, run_after=None
[2023-09-04T12:56:12.722+0000] {processor.py:179} INFO - Processing /home/airflow/.local/lib/python3.7/site-packages/airflow/example_dags/example_local_kubernetes_executor.py took 0.711 seconds
[2023-09-04T12:56:43.145+0000] {processor.py:157} INFO - Started process (PID=678) to work on /home/airflow/.local/lib/python3.7/site-packages/airflow/example_dags/example_local_kubernetes_executor.py
[2023-09-04T12:56:43.147+0000] {processor.py:826} INFO - Processing file /home/airflow/.local/lib/python3.7/site-packages/airflow/example_dags/example_local_kubernetes_executor.py for tasks to queue
[2023-09-04T12:56:43.150+0000] {logging_mixin.py:150} INFO - [2023-09-04T12:56:43.149+0000] {dagbag.py:541} INFO - Filling up the DagBag from /home/airflow/.local/lib/python3.7/site-packages/airflow/example_dags/example_local_kubernetes_executor.py
[2023-09-04T12:56:43.563+0000] {processor.py:836} INFO - DAG(s) dict_keys(['example_local_kubernetes_executor']) retrieved from /home/airflow/.local/lib/python3.7/site-packages/airflow/example_dags/example_local_kubernetes_executor.py
[2023-09-04T12:56:43.632+0000] {logging_mixin.py:150} INFO - [2023-09-04T12:56:43.632+0000] {dag.py:2742} INFO - Sync 1 DAGs
[2023-09-04T12:56:43.697+0000] {logging_mixin.py:150} INFO - [2023-09-04T12:56:43.697+0000] {dag.py:3508} INFO - Setting next_dagrun for example_local_kubernetes_executor to None, run_after=None
[2023-09-04T12:56:43.780+0000] {processor.py:179} INFO - Processing /home/airflow/.local/lib/python3.7/site-packages/airflow/example_dags/example_local_kubernetes_executor.py took 0.645 seconds
[2023-09-04T12:57:14.446+0000] {processor.py:157} INFO - Started process (PID=736) to work on /home/airflow/.local/lib/python3.7/site-packages/airflow/example_dags/example_local_kubernetes_executor.py
[2023-09-04T12:57:14.448+0000] {processor.py:826} INFO - Processing file /home/airflow/.local/lib/python3.7/site-packages/airflow/example_dags/example_local_kubernetes_executor.py for tasks to queue
[2023-09-04T12:57:14.453+0000] {logging_mixin.py:150} INFO - [2023-09-04T12:57:14.452+0000] {dagbag.py:541} INFO - Filling up the DagBag from /home/airflow/.local/lib/python3.7/site-packages/airflow/example_dags/example_local_kubernetes_executor.py
[2023-09-04T12:57:14.875+0000] {processor.py:836} INFO - DAG(s) dict_keys(['example_local_kubernetes_executor']) retrieved from /home/airflow/.local/lib/python3.7/site-packages/airflow/example_dags/example_local_kubernetes_executor.py
[2023-09-04T12:57:14.951+0000] {logging_mixin.py:150} INFO - [2023-09-04T12:57:14.950+0000] {dag.py:2742} INFO - Sync 1 DAGs
[2023-09-04T12:57:15.004+0000] {logging_mixin.py:150} INFO - [2023-09-04T12:57:15.004+0000] {dag.py:3508} INFO - Setting next_dagrun for example_local_kubernetes_executor to None, run_after=None
[2023-09-04T12:57:15.055+0000] {processor.py:179} INFO - Processing /home/airflow/.local/lib/python3.7/site-packages/airflow/example_dags/example_local_kubernetes_executor.py took 0.615 seconds
[2023-09-04T12:57:45.228+0000] {processor.py:157} INFO - Started process (PID=795) to work on /home/airflow/.local/lib/python3.7/site-packages/airflow/example_dags/example_local_kubernetes_executor.py
[2023-09-04T12:57:45.253+0000] {processor.py:826} INFO - Processing file /home/airflow/.local/lib/python3.7/site-packages/airflow/example_dags/example_local_kubernetes_executor.py for tasks to queue
[2023-09-04T12:57:45.283+0000] {logging_mixin.py:150} INFO - [2023-09-04T12:57:45.282+0000] {dagbag.py:541} INFO - Filling up the DagBag from /home/airflow/.local/lib/python3.7/site-packages/airflow/example_dags/example_local_kubernetes_executor.py
[2023-09-04T12:57:46.270+0000] {processor.py:836} INFO - DAG(s) dict_keys(['example_local_kubernetes_executor']) retrieved from /home/airflow/.local/lib/python3.7/site-packages/airflow/example_dags/example_local_kubernetes_executor.py
[2023-09-04T12:57:46.395+0000] {logging_mixin.py:150} INFO - [2023-09-04T12:57:46.395+0000] {dag.py:2742} INFO - Sync 1 DAGs
[2023-09-04T12:57:46.468+0000] {logging_mixin.py:150} INFO - [2023-09-04T12:57:46.468+0000] {dag.py:3508} INFO - Setting next_dagrun for example_local_kubernetes_executor to None, run_after=None
[2023-09-04T12:57:46.539+0000] {processor.py:179} INFO - Processing /home/airflow/.local/lib/python3.7/site-packages/airflow/example_dags/example_local_kubernetes_executor.py took 1.339 seconds
[2023-09-04T12:58:17.216+0000] {processor.py:157} INFO - Started process (PID=854) to work on /home/airflow/.local/lib/python3.7/site-packages/airflow/example_dags/example_local_kubernetes_executor.py
[2023-09-04T12:58:17.223+0000] {processor.py:826} INFO - Processing file /home/airflow/.local/lib/python3.7/site-packages/airflow/example_dags/example_local_kubernetes_executor.py for tasks to queue
[2023-09-04T12:58:17.231+0000] {logging_mixin.py:150} INFO - [2023-09-04T12:58:17.230+0000] {dagbag.py:541} INFO - Filling up the DagBag from /home/airflow/.local/lib/python3.7/site-packages/airflow/example_dags/example_local_kubernetes_executor.py
[2023-09-04T12:58:17.711+0000] {processor.py:836} INFO - DAG(s) dict_keys(['example_local_kubernetes_executor']) retrieved from /home/airflow/.local/lib/python3.7/site-packages/airflow/example_dags/example_local_kubernetes_executor.py
[2023-09-04T12:58:17.820+0000] {logging_mixin.py:150} INFO - [2023-09-04T12:58:17.819+0000] {dag.py:2742} INFO - Sync 1 DAGs
[2023-09-04T12:58:17.885+0000] {logging_mixin.py:150} INFO - [2023-09-04T12:58:17.884+0000] {dag.py:3508} INFO - Setting next_dagrun for example_local_kubernetes_executor to None, run_after=None
[2023-09-04T12:58:17.930+0000] {processor.py:179} INFO - Processing /home/airflow/.local/lib/python3.7/site-packages/airflow/example_dags/example_local_kubernetes_executor.py took 0.752 seconds
[2023-09-04T12:58:48.837+0000] {processor.py:157} INFO - Started process (PID=914) to work on /home/airflow/.local/lib/python3.7/site-packages/airflow/example_dags/example_local_kubernetes_executor.py
[2023-09-04T12:58:48.839+0000] {processor.py:826} INFO - Processing file /home/airflow/.local/lib/python3.7/site-packages/airflow/example_dags/example_local_kubernetes_executor.py for tasks to queue
[2023-09-04T12:58:48.842+0000] {logging_mixin.py:150} INFO - [2023-09-04T12:58:48.842+0000] {dagbag.py:541} INFO - Filling up the DagBag from /home/airflow/.local/lib/python3.7/site-packages/airflow/example_dags/example_local_kubernetes_executor.py
[2023-09-04T12:58:49.603+0000] {processor.py:836} INFO - DAG(s) dict_keys(['example_local_kubernetes_executor']) retrieved from /home/airflow/.local/lib/python3.7/site-packages/airflow/example_dags/example_local_kubernetes_executor.py
[2023-09-04T12:58:49.874+0000] {logging_mixin.py:150} INFO - [2023-09-04T12:58:49.873+0000] {dag.py:2742} INFO - Sync 1 DAGs
[2023-09-04T12:58:50.113+0000] {logging_mixin.py:150} INFO - [2023-09-04T12:58:50.113+0000] {dag.py:3508} INFO - Setting next_dagrun for example_local_kubernetes_executor to None, run_after=None
[2023-09-04T12:58:50.238+0000] {processor.py:179} INFO - Processing /home/airflow/.local/lib/python3.7/site-packages/airflow/example_dags/example_local_kubernetes_executor.py took 1.419 seconds
