[2023-09-04T12:39:47.207+0000] {processor.py:157} INFO - Started process (PID=104) to work on /home/airflow/.local/lib/python3.7/site-packages/airflow/example_dags/example_datasets.py
[2023-09-04T12:39:47.224+0000] {processor.py:826} INFO - Processing file /home/airflow/.local/lib/python3.7/site-packages/airflow/example_dags/example_datasets.py for tasks to queue
[2023-09-04T12:39:47.237+0000] {logging_mixin.py:150} INFO - [2023-09-04T12:39:47.236+0000] {dagbag.py:541} INFO - Filling up the DagBag from /home/airflow/.local/lib/python3.7/site-packages/airflow/example_dags/example_datasets.py
[2023-09-04T12:39:47.323+0000] {processor.py:836} INFO - DAG(s) dict_keys(['dataset_produces_1', 'dataset_produces_2', 'dataset_consumes_1_never_scheduled', 'dataset_consumes_unknown_never_scheduled', 'dataset_consumes_1', 'dataset_consumes_1_and_2']) retrieved from /home/airflow/.local/lib/python3.7/site-packages/airflow/example_dags/example_datasets.py
[2023-09-04T12:39:47.586+0000] {logging_mixin.py:150} INFO - [2023-09-04T12:39:47.586+0000] {dag.py:2742} INFO - Sync 6 DAGs
[2023-09-04T12:39:47.757+0000] {logging_mixin.py:150} INFO - [2023-09-04T12:39:47.757+0000] {dag.py:3508} INFO - Setting next_dagrun for dataset_consumes_1 to None, run_after=None
[2023-09-04T12:39:47.796+0000] {logging_mixin.py:150} INFO - [2023-09-04T12:39:47.795+0000] {dag.py:3508} INFO - Setting next_dagrun for dataset_consumes_1_and_2 to None, run_after=None
[2023-09-04T12:39:47.811+0000] {logging_mixin.py:150} INFO - [2023-09-04T12:39:47.811+0000] {dag.py:3508} INFO - Setting next_dagrun for dataset_consumes_1_never_scheduled to None, run_after=None
[2023-09-04T12:39:47.819+0000] {logging_mixin.py:150} INFO - [2023-09-04T12:39:47.819+0000] {dag.py:3508} INFO - Setting next_dagrun for dataset_consumes_unknown_never_scheduled to None, run_after=None
[2023-09-04T12:39:47.831+0000] {logging_mixin.py:150} INFO - [2023-09-04T12:39:47.830+0000] {dag.py:3508} INFO - Setting next_dagrun for dataset_produces_1 to 2023-09-03T00:00:00+00:00, run_after=2023-09-04T00:00:00+00:00
[2023-09-04T12:39:47.839+0000] {logging_mixin.py:150} INFO - [2023-09-04T12:39:47.834+0000] {dag.py:3508} INFO - Setting next_dagrun for dataset_produces_2 to None, run_after=None
[2023-09-04T12:39:48.092+0000] {processor.py:179} INFO - Processing /home/airflow/.local/lib/python3.7/site-packages/airflow/example_dags/example_datasets.py took 0.913 seconds
[2023-09-04T12:40:20.515+0000] {processor.py:157} INFO - Started process (PID=164) to work on /home/airflow/.local/lib/python3.7/site-packages/airflow/example_dags/example_datasets.py
[2023-09-04T12:40:20.519+0000] {processor.py:826} INFO - Processing file /home/airflow/.local/lib/python3.7/site-packages/airflow/example_dags/example_datasets.py for tasks to queue
[2023-09-04T12:40:20.536+0000] {logging_mixin.py:150} INFO - [2023-09-04T12:40:20.535+0000] {dagbag.py:541} INFO - Filling up the DagBag from /home/airflow/.local/lib/python3.7/site-packages/airflow/example_dags/example_datasets.py
[2023-09-04T12:40:20.649+0000] {processor.py:836} INFO - DAG(s) dict_keys(['dataset_consumes_1', 'dataset_produces_1', 'dataset_produces_2', 'dataset_consumes_1_and_2', 'dataset_consumes_unknown_never_scheduled', 'dataset_consumes_1_never_scheduled']) retrieved from /home/airflow/.local/lib/python3.7/site-packages/airflow/example_dags/example_datasets.py
[2023-09-04T12:40:21.002+0000] {logging_mixin.py:150} INFO - [2023-09-04T12:40:21.002+0000] {dag.py:2742} INFO - Sync 6 DAGs
[2023-09-04T12:40:21.198+0000] {logging_mixin.py:150} INFO - [2023-09-04T12:40:21.198+0000] {dag.py:3508} INFO - Setting next_dagrun for dataset_consumes_1 to None, run_after=None
[2023-09-04T12:40:21.235+0000] {logging_mixin.py:150} INFO - [2023-09-04T12:40:21.234+0000] {dag.py:3508} INFO - Setting next_dagrun for dataset_consumes_1_and_2 to None, run_after=None
[2023-09-04T12:40:21.241+0000] {logging_mixin.py:150} INFO - [2023-09-04T12:40:21.240+0000] {dag.py:3508} INFO - Setting next_dagrun for dataset_consumes_1_never_scheduled to None, run_after=None
[2023-09-04T12:40:21.257+0000] {logging_mixin.py:150} INFO - [2023-09-04T12:40:21.256+0000] {dag.py:3508} INFO - Setting next_dagrun for dataset_consumes_unknown_never_scheduled to None, run_after=None
[2023-09-04T12:40:21.290+0000] {logging_mixin.py:150} INFO - [2023-09-04T12:40:21.273+0000] {dag.py:3508} INFO - Setting next_dagrun for dataset_produces_1 to 2023-09-03T00:00:00+00:00, run_after=2023-09-04T00:00:00+00:00
[2023-09-04T12:40:21.296+0000] {logging_mixin.py:150} INFO - [2023-09-04T12:40:21.293+0000] {dag.py:3508} INFO - Setting next_dagrun for dataset_produces_2 to None, run_after=None
[2023-09-04T12:40:21.592+0000] {processor.py:179} INFO - Processing /home/airflow/.local/lib/python3.7/site-packages/airflow/example_dags/example_datasets.py took 1.088 seconds
[2023-09-04T12:41:03.867+0000] {processor.py:157} INFO - Started process (PID=234) to work on /home/airflow/.local/lib/python3.7/site-packages/airflow/example_dags/example_datasets.py
[2023-09-04T12:41:03.881+0000] {processor.py:826} INFO - Processing file /home/airflow/.local/lib/python3.7/site-packages/airflow/example_dags/example_datasets.py for tasks to queue
[2023-09-04T12:41:03.885+0000] {logging_mixin.py:150} INFO - [2023-09-04T12:41:03.884+0000] {dagbag.py:541} INFO - Filling up the DagBag from /home/airflow/.local/lib/python3.7/site-packages/airflow/example_dags/example_datasets.py
[2023-09-04T12:41:04.059+0000] {processor.py:836} INFO - DAG(s) dict_keys(['dataset_consumes_1', 'dataset_consumes_unknown_never_scheduled', 'dataset_produces_1', 'dataset_consumes_1_and_2', 'dataset_consumes_1_never_scheduled', 'dataset_produces_2']) retrieved from /home/airflow/.local/lib/python3.7/site-packages/airflow/example_dags/example_datasets.py
[2023-09-04T12:41:04.508+0000] {logging_mixin.py:150} INFO - [2023-09-04T12:41:04.508+0000] {dag.py:2742} INFO - Sync 6 DAGs
[2023-09-04T12:41:04.755+0000] {logging_mixin.py:150} INFO - [2023-09-04T12:41:04.754+0000] {dag.py:3508} INFO - Setting next_dagrun for dataset_consumes_1 to None, run_after=None
[2023-09-04T12:41:04.776+0000] {logging_mixin.py:150} INFO - [2023-09-04T12:41:04.775+0000] {dag.py:3508} INFO - Setting next_dagrun for dataset_consumes_1_and_2 to None, run_after=None
[2023-09-04T12:41:04.791+0000] {logging_mixin.py:150} INFO - [2023-09-04T12:41:04.791+0000] {dag.py:3508} INFO - Setting next_dagrun for dataset_consumes_1_never_scheduled to None, run_after=None
[2023-09-04T12:41:04.797+0000] {logging_mixin.py:150} INFO - [2023-09-04T12:41:04.797+0000] {dag.py:3508} INFO - Setting next_dagrun for dataset_consumes_unknown_never_scheduled to None, run_after=None
[2023-09-04T12:41:04.828+0000] {logging_mixin.py:150} INFO - [2023-09-04T12:41:04.827+0000] {dag.py:3508} INFO - Setting next_dagrun for dataset_produces_1 to 2023-09-03T00:00:00+00:00, run_after=2023-09-04T00:00:00+00:00
[2023-09-04T12:41:04.843+0000] {logging_mixin.py:150} INFO - [2023-09-04T12:41:04.843+0000] {dag.py:3508} INFO - Setting next_dagrun for dataset_produces_2 to None, run_after=None
[2023-09-04T12:41:05.138+0000] {processor.py:179} INFO - Processing /home/airflow/.local/lib/python3.7/site-packages/airflow/example_dags/example_datasets.py took 1.323 seconds
[2023-09-04T12:41:37.604+0000] {processor.py:157} INFO - Started process (PID=292) to work on /home/airflow/.local/lib/python3.7/site-packages/airflow/example_dags/example_datasets.py
[2023-09-04T12:41:37.660+0000] {processor.py:826} INFO - Processing file /home/airflow/.local/lib/python3.7/site-packages/airflow/example_dags/example_datasets.py for tasks to queue
[2023-09-04T12:41:37.679+0000] {logging_mixin.py:150} INFO - [2023-09-04T12:41:37.679+0000] {dagbag.py:541} INFO - Filling up the DagBag from /home/airflow/.local/lib/python3.7/site-packages/airflow/example_dags/example_datasets.py
[2023-09-04T12:41:37.755+0000] {processor.py:836} INFO - DAG(s) dict_keys(['dataset_consumes_unknown_never_scheduled', 'dataset_produces_2', 'dataset_produces_1', 'dataset_consumes_1_and_2', 'dataset_consumes_1', 'dataset_consumes_1_never_scheduled']) retrieved from /home/airflow/.local/lib/python3.7/site-packages/airflow/example_dags/example_datasets.py
[2023-09-04T12:41:38.030+0000] {logging_mixin.py:150} INFO - [2023-09-04T12:41:38.030+0000] {dag.py:2742} INFO - Sync 6 DAGs
[2023-09-04T12:41:38.301+0000] {logging_mixin.py:150} INFO - [2023-09-04T12:41:38.300+0000] {dag.py:3508} INFO - Setting next_dagrun for dataset_consumes_1 to None, run_after=None
[2023-09-04T12:41:38.345+0000] {logging_mixin.py:150} INFO - [2023-09-04T12:41:38.345+0000] {dag.py:3508} INFO - Setting next_dagrun for dataset_consumes_1_and_2 to None, run_after=None
[2023-09-04T12:41:38.378+0000] {logging_mixin.py:150} INFO - [2023-09-04T12:41:38.378+0000] {dag.py:3508} INFO - Setting next_dagrun for dataset_consumes_1_never_scheduled to None, run_after=None
[2023-09-04T12:41:38.387+0000] {logging_mixin.py:150} INFO - [2023-09-04T12:41:38.387+0000] {dag.py:3508} INFO - Setting next_dagrun for dataset_consumes_unknown_never_scheduled to None, run_after=None
[2023-09-04T12:41:38.439+0000] {logging_mixin.py:150} INFO - [2023-09-04T12:41:38.429+0000] {dag.py:3508} INFO - Setting next_dagrun for dataset_produces_1 to 2023-09-03T00:00:00+00:00, run_after=2023-09-04T00:00:00+00:00
[2023-09-04T12:41:38.454+0000] {logging_mixin.py:150} INFO - [2023-09-04T12:41:38.453+0000] {dag.py:3508} INFO - Setting next_dagrun for dataset_produces_2 to None, run_after=None
[2023-09-04T12:41:38.716+0000] {processor.py:179} INFO - Processing /home/airflow/.local/lib/python3.7/site-packages/airflow/example_dags/example_datasets.py took 1.121 seconds
[2023-09-04T12:42:32.738+0000] {processor.py:157} INFO - Started process (PID=371) to work on /home/airflow/.local/lib/python3.7/site-packages/airflow/example_dags/example_datasets.py
[2023-09-04T12:42:32.748+0000] {processor.py:826} INFO - Processing file /home/airflow/.local/lib/python3.7/site-packages/airflow/example_dags/example_datasets.py for tasks to queue
[2023-09-04T12:42:32.755+0000] {logging_mixin.py:150} INFO - [2023-09-04T12:42:32.755+0000] {dagbag.py:541} INFO - Filling up the DagBag from /home/airflow/.local/lib/python3.7/site-packages/airflow/example_dags/example_datasets.py
[2023-09-04T12:42:32.845+0000] {processor.py:836} INFO - DAG(s) dict_keys(['dataset_consumes_unknown_never_scheduled', 'dataset_consumes_1_and_2', 'dataset_consumes_1_never_scheduled', 'dataset_produces_1', 'dataset_consumes_1', 'dataset_produces_2']) retrieved from /home/airflow/.local/lib/python3.7/site-packages/airflow/example_dags/example_datasets.py
[2023-09-04T12:42:33.151+0000] {logging_mixin.py:150} INFO - [2023-09-04T12:42:33.151+0000] {dag.py:2742} INFO - Sync 6 DAGs
[2023-09-04T12:42:33.382+0000] {logging_mixin.py:150} INFO - [2023-09-04T12:42:33.381+0000] {dag.py:3508} INFO - Setting next_dagrun for dataset_consumes_1 to None, run_after=None
[2023-09-04T12:42:33.412+0000] {logging_mixin.py:150} INFO - [2023-09-04T12:42:33.412+0000] {dag.py:3508} INFO - Setting next_dagrun for dataset_consumes_1_and_2 to None, run_after=None
[2023-09-04T12:42:33.425+0000] {logging_mixin.py:150} INFO - [2023-09-04T12:42:33.425+0000] {dag.py:3508} INFO - Setting next_dagrun for dataset_consumes_1_never_scheduled to None, run_after=None
[2023-09-04T12:42:33.443+0000] {logging_mixin.py:150} INFO - [2023-09-04T12:42:33.442+0000] {dag.py:3508} INFO - Setting next_dagrun for dataset_consumes_unknown_never_scheduled to None, run_after=None
[2023-09-04T12:42:33.484+0000] {logging_mixin.py:150} INFO - [2023-09-04T12:42:33.473+0000] {dag.py:3508} INFO - Setting next_dagrun for dataset_produces_1 to 2023-09-03T00:00:00+00:00, run_after=2023-09-04T00:00:00+00:00
[2023-09-04T12:42:33.503+0000] {logging_mixin.py:150} INFO - [2023-09-04T12:42:33.503+0000] {dag.py:3508} INFO - Setting next_dagrun for dataset_produces_2 to None, run_after=None
[2023-09-04T12:42:33.813+0000] {processor.py:179} INFO - Processing /home/airflow/.local/lib/python3.7/site-packages/airflow/example_dags/example_datasets.py took 1.095 seconds
[2023-09-04T12:43:07.762+0000] {processor.py:157} INFO - Started process (PID=431) to work on /home/airflow/.local/lib/python3.7/site-packages/airflow/example_dags/example_datasets.py
[2023-09-04T12:43:07.779+0000] {processor.py:826} INFO - Processing file /home/airflow/.local/lib/python3.7/site-packages/airflow/example_dags/example_datasets.py for tasks to queue
[2023-09-04T12:43:07.787+0000] {logging_mixin.py:150} INFO - [2023-09-04T12:43:07.786+0000] {dagbag.py:541} INFO - Filling up the DagBag from /home/airflow/.local/lib/python3.7/site-packages/airflow/example_dags/example_datasets.py
[2023-09-04T12:43:07.865+0000] {processor.py:836} INFO - DAG(s) dict_keys(['dataset_consumes_unknown_never_scheduled', 'dataset_produces_2', 'dataset_produces_1', 'dataset_consumes_1', 'dataset_consumes_1_never_scheduled', 'dataset_consumes_1_and_2']) retrieved from /home/airflow/.local/lib/python3.7/site-packages/airflow/example_dags/example_datasets.py
[2023-09-04T12:43:08.221+0000] {logging_mixin.py:150} INFO - [2023-09-04T12:43:08.220+0000] {dag.py:2742} INFO - Sync 6 DAGs
[2023-09-04T12:43:08.474+0000] {logging_mixin.py:150} INFO - [2023-09-04T12:43:08.474+0000] {dag.py:3508} INFO - Setting next_dagrun for dataset_consumes_1 to None, run_after=None
[2023-09-04T12:43:08.531+0000] {logging_mixin.py:150} INFO - [2023-09-04T12:43:08.531+0000] {dag.py:3508} INFO - Setting next_dagrun for dataset_consumes_1_and_2 to None, run_after=None
[2023-09-04T12:43:08.546+0000] {logging_mixin.py:150} INFO - [2023-09-04T12:43:08.546+0000] {dag.py:3508} INFO - Setting next_dagrun for dataset_consumes_1_never_scheduled to None, run_after=None
[2023-09-04T12:43:08.593+0000] {logging_mixin.py:150} INFO - [2023-09-04T12:43:08.592+0000] {dag.py:3508} INFO - Setting next_dagrun for dataset_consumes_unknown_never_scheduled to None, run_after=None
[2023-09-04T12:43:08.641+0000] {logging_mixin.py:150} INFO - [2023-09-04T12:43:08.631+0000] {dag.py:3508} INFO - Setting next_dagrun for dataset_produces_1 to 2023-09-03T00:00:00+00:00, run_after=2023-09-04T00:00:00+00:00
[2023-09-04T12:43:08.659+0000] {logging_mixin.py:150} INFO - [2023-09-04T12:43:08.658+0000] {dag.py:3508} INFO - Setting next_dagrun for dataset_produces_2 to None, run_after=None
[2023-09-04T12:43:08.953+0000] {processor.py:179} INFO - Processing /home/airflow/.local/lib/python3.7/site-packages/airflow/example_dags/example_datasets.py took 1.200 seconds
[2023-09-04T12:43:46.299+0000] {processor.py:157} INFO - Started process (PID=494) to work on /home/airflow/.local/lib/python3.7/site-packages/airflow/example_dags/example_datasets.py
[2023-09-04T12:43:46.312+0000] {processor.py:826} INFO - Processing file /home/airflow/.local/lib/python3.7/site-packages/airflow/example_dags/example_datasets.py for tasks to queue
[2023-09-04T12:43:46.332+0000] {logging_mixin.py:150} INFO - [2023-09-04T12:43:46.331+0000] {dagbag.py:541} INFO - Filling up the DagBag from /home/airflow/.local/lib/python3.7/site-packages/airflow/example_dags/example_datasets.py
[2023-09-04T12:43:46.404+0000] {processor.py:836} INFO - DAG(s) dict_keys(['dataset_consumes_1_never_scheduled', 'dataset_consumes_1_and_2', 'dataset_consumes_unknown_never_scheduled', 'dataset_consumes_1', 'dataset_produces_2', 'dataset_produces_1']) retrieved from /home/airflow/.local/lib/python3.7/site-packages/airflow/example_dags/example_datasets.py
[2023-09-04T12:43:46.658+0000] {logging_mixin.py:150} INFO - [2023-09-04T12:43:46.657+0000] {dag.py:2742} INFO - Sync 6 DAGs
[2023-09-04T12:43:46.938+0000] {logging_mixin.py:150} INFO - [2023-09-04T12:43:46.937+0000] {dag.py:3508} INFO - Setting next_dagrun for dataset_consumes_1 to None, run_after=None
[2023-09-04T12:43:46.979+0000] {logging_mixin.py:150} INFO - [2023-09-04T12:43:46.979+0000] {dag.py:3508} INFO - Setting next_dagrun for dataset_consumes_1_and_2 to None, run_after=None
[2023-09-04T12:43:47.004+0000] {logging_mixin.py:150} INFO - [2023-09-04T12:43:47.003+0000] {dag.py:3508} INFO - Setting next_dagrun for dataset_consumes_1_never_scheduled to None, run_after=None
[2023-09-04T12:43:47.026+0000] {logging_mixin.py:150} INFO - [2023-09-04T12:43:47.025+0000] {dag.py:3508} INFO - Setting next_dagrun for dataset_consumes_unknown_never_scheduled to None, run_after=None
[2023-09-04T12:43:47.059+0000] {logging_mixin.py:150} INFO - [2023-09-04T12:43:47.059+0000] {dag.py:3508} INFO - Setting next_dagrun for dataset_produces_1 to 2023-09-03T00:00:00+00:00, run_after=2023-09-04T00:00:00+00:00
[2023-09-04T12:43:47.101+0000] {logging_mixin.py:150} INFO - [2023-09-04T12:43:47.101+0000] {dag.py:3508} INFO - Setting next_dagrun for dataset_produces_2 to None, run_after=None
[2023-09-04T12:43:47.364+0000] {processor.py:179} INFO - Processing /home/airflow/.local/lib/python3.7/site-packages/airflow/example_dags/example_datasets.py took 1.073 seconds
[2023-09-04T12:44:19.431+0000] {processor.py:157} INFO - Started process (PID=553) to work on /home/airflow/.local/lib/python3.7/site-packages/airflow/example_dags/example_datasets.py
[2023-09-04T12:44:19.434+0000] {processor.py:826} INFO - Processing file /home/airflow/.local/lib/python3.7/site-packages/airflow/example_dags/example_datasets.py for tasks to queue
[2023-09-04T12:44:19.437+0000] {logging_mixin.py:150} INFO - [2023-09-04T12:44:19.436+0000] {dagbag.py:541} INFO - Filling up the DagBag from /home/airflow/.local/lib/python3.7/site-packages/airflow/example_dags/example_datasets.py
[2023-09-04T12:44:19.481+0000] {processor.py:836} INFO - DAG(s) dict_keys(['dataset_consumes_1_never_scheduled', 'dataset_produces_2', 'dataset_consumes_unknown_never_scheduled', 'dataset_produces_1', 'dataset_consumes_1', 'dataset_consumes_1_and_2']) retrieved from /home/airflow/.local/lib/python3.7/site-packages/airflow/example_dags/example_datasets.py
[2023-09-04T12:44:19.693+0000] {logging_mixin.py:150} INFO - [2023-09-04T12:44:19.692+0000] {dag.py:2742} INFO - Sync 6 DAGs
[2023-09-04T12:44:19.872+0000] {logging_mixin.py:150} INFO - [2023-09-04T12:44:19.871+0000] {dag.py:3508} INFO - Setting next_dagrun for dataset_consumes_1 to None, run_after=None
[2023-09-04T12:44:19.890+0000] {logging_mixin.py:150} INFO - [2023-09-04T12:44:19.889+0000] {dag.py:3508} INFO - Setting next_dagrun for dataset_consumes_1_and_2 to None, run_after=None
[2023-09-04T12:44:19.907+0000] {logging_mixin.py:150} INFO - [2023-09-04T12:44:19.907+0000] {dag.py:3508} INFO - Setting next_dagrun for dataset_consumes_1_never_scheduled to None, run_after=None
[2023-09-04T12:44:19.912+0000] {logging_mixin.py:150} INFO - [2023-09-04T12:44:19.912+0000] {dag.py:3508} INFO - Setting next_dagrun for dataset_consumes_unknown_never_scheduled to None, run_after=None
[2023-09-04T12:44:19.953+0000] {logging_mixin.py:150} INFO - [2023-09-04T12:44:19.953+0000] {dag.py:3508} INFO - Setting next_dagrun for dataset_produces_1 to 2023-09-03T00:00:00+00:00, run_after=2023-09-04T00:00:00+00:00
[2023-09-04T12:44:19.969+0000] {logging_mixin.py:150} INFO - [2023-09-04T12:44:19.969+0000] {dag.py:3508} INFO - Setting next_dagrun for dataset_produces_2 to None, run_after=None
[2023-09-04T12:44:20.159+0000] {processor.py:179} INFO - Processing /home/airflow/.local/lib/python3.7/site-packages/airflow/example_dags/example_datasets.py took 0.770 seconds
[2023-09-04T12:45:10.588+0000] {processor.py:157} INFO - Started process (PID=633) to work on /home/airflow/.local/lib/python3.7/site-packages/airflow/example_dags/example_datasets.py
[2023-09-04T12:45:10.592+0000] {processor.py:826} INFO - Processing file /home/airflow/.local/lib/python3.7/site-packages/airflow/example_dags/example_datasets.py for tasks to queue
[2023-09-04T12:45:10.595+0000] {logging_mixin.py:150} INFO - [2023-09-04T12:45:10.594+0000] {dagbag.py:541} INFO - Filling up the DagBag from /home/airflow/.local/lib/python3.7/site-packages/airflow/example_dags/example_datasets.py
[2023-09-04T12:45:10.630+0000] {processor.py:836} INFO - DAG(s) dict_keys(['dataset_consumes_1', 'dataset_consumes_1_never_scheduled', 'dataset_produces_1', 'dataset_produces_2', 'dataset_consumes_1_and_2', 'dataset_consumes_unknown_never_scheduled']) retrieved from /home/airflow/.local/lib/python3.7/site-packages/airflow/example_dags/example_datasets.py
[2023-09-04T12:45:10.752+0000] {logging_mixin.py:150} INFO - [2023-09-04T12:45:10.752+0000] {dag.py:2742} INFO - Sync 6 DAGs
[2023-09-04T12:45:10.836+0000] {logging_mixin.py:150} INFO - [2023-09-04T12:45:10.835+0000] {dag.py:3508} INFO - Setting next_dagrun for dataset_consumes_1 to None, run_after=None
[2023-09-04T12:45:10.872+0000] {logging_mixin.py:150} INFO - [2023-09-04T12:45:10.860+0000] {dag.py:3508} INFO - Setting next_dagrun for dataset_consumes_1_and_2 to None, run_after=None
[2023-09-04T12:45:10.893+0000] {logging_mixin.py:150} INFO - [2023-09-04T12:45:10.892+0000] {dag.py:3508} INFO - Setting next_dagrun for dataset_consumes_1_never_scheduled to None, run_after=None
[2023-09-04T12:45:10.898+0000] {logging_mixin.py:150} INFO - [2023-09-04T12:45:10.898+0000] {dag.py:3508} INFO - Setting next_dagrun for dataset_consumes_unknown_never_scheduled to None, run_after=None
[2023-09-04T12:45:10.916+0000] {logging_mixin.py:150} INFO - [2023-09-04T12:45:10.916+0000] {dag.py:3508} INFO - Setting next_dagrun for dataset_produces_1 to 2023-09-03T00:00:00+00:00, run_after=2023-09-04T00:00:00+00:00
[2023-09-04T12:45:10.922+0000] {logging_mixin.py:150} INFO - [2023-09-04T12:45:10.922+0000] {dag.py:3508} INFO - Setting next_dagrun for dataset_produces_2 to None, run_after=None
[2023-09-04T12:45:11.097+0000] {processor.py:179} INFO - Processing /home/airflow/.local/lib/python3.7/site-packages/airflow/example_dags/example_datasets.py took 0.518 seconds
[2023-09-04T12:45:41.983+0000] {processor.py:157} INFO - Started process (PID=693) to work on /home/airflow/.local/lib/python3.7/site-packages/airflow/example_dags/example_datasets.py
[2023-09-04T12:45:41.997+0000] {processor.py:826} INFO - Processing file /home/airflow/.local/lib/python3.7/site-packages/airflow/example_dags/example_datasets.py for tasks to queue
[2023-09-04T12:45:42.026+0000] {logging_mixin.py:150} INFO - [2023-09-04T12:45:42.025+0000] {dagbag.py:541} INFO - Filling up the DagBag from /home/airflow/.local/lib/python3.7/site-packages/airflow/example_dags/example_datasets.py
[2023-09-04T12:45:42.113+0000] {processor.py:836} INFO - DAG(s) dict_keys(['dataset_produces_2', 'dataset_consumes_1', 'dataset_consumes_1_and_2', 'dataset_produces_1', 'dataset_consumes_unknown_never_scheduled', 'dataset_consumes_1_never_scheduled']) retrieved from /home/airflow/.local/lib/python3.7/site-packages/airflow/example_dags/example_datasets.py
[2023-09-04T12:45:42.388+0000] {logging_mixin.py:150} INFO - [2023-09-04T12:45:42.377+0000] {dag.py:2742} INFO - Sync 6 DAGs
[2023-09-04T12:45:42.673+0000] {logging_mixin.py:150} INFO - [2023-09-04T12:45:42.673+0000] {dag.py:3508} INFO - Setting next_dagrun for dataset_consumes_1 to None, run_after=None
[2023-09-04T12:45:42.771+0000] {logging_mixin.py:150} INFO - [2023-09-04T12:45:42.770+0000] {dag.py:3508} INFO - Setting next_dagrun for dataset_consumes_1_and_2 to None, run_after=None
[2023-09-04T12:45:42.831+0000] {logging_mixin.py:150} INFO - [2023-09-04T12:45:42.817+0000] {dag.py:3508} INFO - Setting next_dagrun for dataset_consumes_1_never_scheduled to None, run_after=None
[2023-09-04T12:45:42.848+0000] {logging_mixin.py:150} INFO - [2023-09-04T12:45:42.848+0000] {dag.py:3508} INFO - Setting next_dagrun for dataset_consumes_unknown_never_scheduled to None, run_after=None
[2023-09-04T12:45:42.898+0000] {logging_mixin.py:150} INFO - [2023-09-04T12:45:42.897+0000] {dag.py:3508} INFO - Setting next_dagrun for dataset_produces_1 to 2023-09-03T00:00:00+00:00, run_after=2023-09-04T00:00:00+00:00
[2023-09-04T12:45:42.928+0000] {logging_mixin.py:150} INFO - [2023-09-04T12:45:42.925+0000] {dag.py:3508} INFO - Setting next_dagrun for dataset_produces_2 to None, run_after=None
[2023-09-04T12:45:43.290+0000] {processor.py:179} INFO - Processing /home/airflow/.local/lib/python3.7/site-packages/airflow/example_dags/example_datasets.py took 1.328 seconds
[2023-09-04T12:46:13.501+0000] {processor.py:157} INFO - Started process (PID=754) to work on /home/airflow/.local/lib/python3.7/site-packages/airflow/example_dags/example_datasets.py
[2023-09-04T12:46:13.503+0000] {processor.py:826} INFO - Processing file /home/airflow/.local/lib/python3.7/site-packages/airflow/example_dags/example_datasets.py for tasks to queue
[2023-09-04T12:46:13.506+0000] {logging_mixin.py:150} INFO - [2023-09-04T12:46:13.505+0000] {dagbag.py:541} INFO - Filling up the DagBag from /home/airflow/.local/lib/python3.7/site-packages/airflow/example_dags/example_datasets.py
[2023-09-04T12:46:13.526+0000] {processor.py:836} INFO - DAG(s) dict_keys(['dataset_consumes_1_and_2', 'dataset_produces_1', 'dataset_consumes_1_never_scheduled', 'dataset_consumes_unknown_never_scheduled', 'dataset_produces_2', 'dataset_consumes_1']) retrieved from /home/airflow/.local/lib/python3.7/site-packages/airflow/example_dags/example_datasets.py
[2023-09-04T12:46:13.613+0000] {logging_mixin.py:150} INFO - [2023-09-04T12:46:13.612+0000] {dag.py:2742} INFO - Sync 6 DAGs
[2023-09-04T12:46:13.675+0000] {logging_mixin.py:150} INFO - [2023-09-04T12:46:13.675+0000] {dag.py:3508} INFO - Setting next_dagrun for dataset_consumes_1 to None, run_after=None
[2023-09-04T12:46:13.682+0000] {logging_mixin.py:150} INFO - [2023-09-04T12:46:13.682+0000] {dag.py:3508} INFO - Setting next_dagrun for dataset_consumes_1_and_2 to None, run_after=None
[2023-09-04T12:46:13.686+0000] {logging_mixin.py:150} INFO - [2023-09-04T12:46:13.686+0000] {dag.py:3508} INFO - Setting next_dagrun for dataset_consumes_1_never_scheduled to None, run_after=None
[2023-09-04T12:46:13.689+0000] {logging_mixin.py:150} INFO - [2023-09-04T12:46:13.689+0000] {dag.py:3508} INFO - Setting next_dagrun for dataset_consumes_unknown_never_scheduled to None, run_after=None
[2023-09-04T12:46:13.698+0000] {logging_mixin.py:150} INFO - [2023-09-04T12:46:13.698+0000] {dag.py:3508} INFO - Setting next_dagrun for dataset_produces_1 to 2023-09-03T00:00:00+00:00, run_after=2023-09-04T00:00:00+00:00
[2023-09-04T12:46:13.702+0000] {logging_mixin.py:150} INFO - [2023-09-04T12:46:13.702+0000] {dag.py:3508} INFO - Setting next_dagrun for dataset_produces_2 to None, run_after=None
[2023-09-04T12:46:13.797+0000] {processor.py:179} INFO - Processing /home/airflow/.local/lib/python3.7/site-packages/airflow/example_dags/example_datasets.py took 0.305 seconds
[2023-09-04T12:46:44.229+0000] {processor.py:157} INFO - Started process (PID=812) to work on /home/airflow/.local/lib/python3.7/site-packages/airflow/example_dags/example_datasets.py
[2023-09-04T12:46:44.234+0000] {processor.py:826} INFO - Processing file /home/airflow/.local/lib/python3.7/site-packages/airflow/example_dags/example_datasets.py for tasks to queue
[2023-09-04T12:46:44.238+0000] {logging_mixin.py:150} INFO - [2023-09-04T12:46:44.237+0000] {dagbag.py:541} INFO - Filling up the DagBag from /home/airflow/.local/lib/python3.7/site-packages/airflow/example_dags/example_datasets.py
[2023-09-04T12:46:44.275+0000] {processor.py:836} INFO - DAG(s) dict_keys(['dataset_consumes_1', 'dataset_produces_1', 'dataset_produces_2', 'dataset_consumes_unknown_never_scheduled', 'dataset_consumes_1_never_scheduled', 'dataset_consumes_1_and_2']) retrieved from /home/airflow/.local/lib/python3.7/site-packages/airflow/example_dags/example_datasets.py
[2023-09-04T12:46:44.407+0000] {logging_mixin.py:150} INFO - [2023-09-04T12:46:44.407+0000] {dag.py:2742} INFO - Sync 6 DAGs
[2023-09-04T12:46:44.516+0000] {logging_mixin.py:150} INFO - [2023-09-04T12:46:44.516+0000] {dag.py:3508} INFO - Setting next_dagrun for dataset_consumes_1 to None, run_after=None
[2023-09-04T12:46:44.524+0000] {logging_mixin.py:150} INFO - [2023-09-04T12:46:44.524+0000] {dag.py:3508} INFO - Setting next_dagrun for dataset_consumes_1_and_2 to None, run_after=None
[2023-09-04T12:46:44.529+0000] {logging_mixin.py:150} INFO - [2023-09-04T12:46:44.528+0000] {dag.py:3508} INFO - Setting next_dagrun for dataset_consumes_1_never_scheduled to None, run_after=None
[2023-09-04T12:46:44.534+0000] {logging_mixin.py:150} INFO - [2023-09-04T12:46:44.533+0000] {dag.py:3508} INFO - Setting next_dagrun for dataset_consumes_unknown_never_scheduled to None, run_after=None
[2023-09-04T12:46:44.540+0000] {logging_mixin.py:150} INFO - [2023-09-04T12:46:44.539+0000] {dag.py:3508} INFO - Setting next_dagrun for dataset_produces_1 to 2023-09-03T00:00:00+00:00, run_after=2023-09-04T00:00:00+00:00
[2023-09-04T12:46:44.546+0000] {logging_mixin.py:150} INFO - [2023-09-04T12:46:44.545+0000] {dag.py:3508} INFO - Setting next_dagrun for dataset_produces_2 to None, run_after=None
[2023-09-04T12:46:44.647+0000] {processor.py:179} INFO - Processing /home/airflow/.local/lib/python3.7/site-packages/airflow/example_dags/example_datasets.py took 0.443 seconds
[2023-09-04T12:47:14.904+0000] {processor.py:157} INFO - Started process (PID=871) to work on /home/airflow/.local/lib/python3.7/site-packages/airflow/example_dags/example_datasets.py
[2023-09-04T12:47:14.907+0000] {processor.py:826} INFO - Processing file /home/airflow/.local/lib/python3.7/site-packages/airflow/example_dags/example_datasets.py for tasks to queue
[2023-09-04T12:47:14.910+0000] {logging_mixin.py:150} INFO - [2023-09-04T12:47:14.909+0000] {dagbag.py:541} INFO - Filling up the DagBag from /home/airflow/.local/lib/python3.7/site-packages/airflow/example_dags/example_datasets.py
[2023-09-04T12:47:14.943+0000] {processor.py:836} INFO - DAG(s) dict_keys(['dataset_consumes_1', 'dataset_produces_1', 'dataset_consumes_unknown_never_scheduled', 'dataset_produces_2', 'dataset_consumes_1_never_scheduled', 'dataset_consumes_1_and_2']) retrieved from /home/airflow/.local/lib/python3.7/site-packages/airflow/example_dags/example_datasets.py
[2023-09-04T12:47:15.032+0000] {logging_mixin.py:150} INFO - [2023-09-04T12:47:15.031+0000] {dag.py:2742} INFO - Sync 6 DAGs
[2023-09-04T12:47:15.125+0000] {logging_mixin.py:150} INFO - [2023-09-04T12:47:15.125+0000] {dag.py:3508} INFO - Setting next_dagrun for dataset_consumes_1 to None, run_after=None
[2023-09-04T12:47:15.133+0000] {logging_mixin.py:150} INFO - [2023-09-04T12:47:15.133+0000] {dag.py:3508} INFO - Setting next_dagrun for dataset_consumes_1_and_2 to None, run_after=None
[2023-09-04T12:47:15.136+0000] {logging_mixin.py:150} INFO - [2023-09-04T12:47:15.136+0000] {dag.py:3508} INFO - Setting next_dagrun for dataset_consumes_1_never_scheduled to None, run_after=None
[2023-09-04T12:47:15.140+0000] {logging_mixin.py:150} INFO - [2023-09-04T12:47:15.140+0000] {dag.py:3508} INFO - Setting next_dagrun for dataset_consumes_unknown_never_scheduled to None, run_after=None
[2023-09-04T12:47:15.150+0000] {logging_mixin.py:150} INFO - [2023-09-04T12:47:15.150+0000] {dag.py:3508} INFO - Setting next_dagrun for dataset_produces_1 to 2023-09-03T00:00:00+00:00, run_after=2023-09-04T00:00:00+00:00
[2023-09-04T12:47:15.156+0000] {logging_mixin.py:150} INFO - [2023-09-04T12:47:15.156+0000] {dag.py:3508} INFO - Setting next_dagrun for dataset_produces_2 to None, run_after=None
[2023-09-04T12:47:15.252+0000] {processor.py:179} INFO - Processing /home/airflow/.local/lib/python3.7/site-packages/airflow/example_dags/example_datasets.py took 0.359 seconds
[2023-09-04T12:47:45.590+0000] {processor.py:157} INFO - Started process (PID=931) to work on /home/airflow/.local/lib/python3.7/site-packages/airflow/example_dags/example_datasets.py
[2023-09-04T12:47:45.593+0000] {processor.py:826} INFO - Processing file /home/airflow/.local/lib/python3.7/site-packages/airflow/example_dags/example_datasets.py for tasks to queue
[2023-09-04T12:47:45.595+0000] {logging_mixin.py:150} INFO - [2023-09-04T12:47:45.595+0000] {dagbag.py:541} INFO - Filling up the DagBag from /home/airflow/.local/lib/python3.7/site-packages/airflow/example_dags/example_datasets.py
[2023-09-04T12:47:45.623+0000] {processor.py:836} INFO - DAG(s) dict_keys(['dataset_consumes_1', 'dataset_consumes_1_and_2', 'dataset_consumes_1_never_scheduled', 'dataset_produces_2', 'dataset_produces_1', 'dataset_consumes_unknown_never_scheduled']) retrieved from /home/airflow/.local/lib/python3.7/site-packages/airflow/example_dags/example_datasets.py
[2023-09-04T12:47:45.751+0000] {logging_mixin.py:150} INFO - [2023-09-04T12:47:45.751+0000] {dag.py:2742} INFO - Sync 6 DAGs
[2023-09-04T12:47:45.848+0000] {logging_mixin.py:150} INFO - [2023-09-04T12:47:45.847+0000] {dag.py:3508} INFO - Setting next_dagrun for dataset_consumes_1 to None, run_after=None
[2023-09-04T12:47:45.865+0000] {logging_mixin.py:150} INFO - [2023-09-04T12:47:45.864+0000] {dag.py:3508} INFO - Setting next_dagrun for dataset_consumes_1_and_2 to None, run_after=None
[2023-09-04T12:47:45.872+0000] {logging_mixin.py:150} INFO - [2023-09-04T12:47:45.872+0000] {dag.py:3508} INFO - Setting next_dagrun for dataset_consumes_1_never_scheduled to None, run_after=None
[2023-09-04T12:47:45.877+0000] {logging_mixin.py:150} INFO - [2023-09-04T12:47:45.876+0000] {dag.py:3508} INFO - Setting next_dagrun for dataset_consumes_unknown_never_scheduled to None, run_after=None
[2023-09-04T12:47:45.895+0000] {logging_mixin.py:150} INFO - [2023-09-04T12:47:45.891+0000] {dag.py:3508} INFO - Setting next_dagrun for dataset_produces_1 to 2023-09-03T00:00:00+00:00, run_after=2023-09-04T00:00:00+00:00
[2023-09-04T12:47:45.903+0000] {logging_mixin.py:150} INFO - [2023-09-04T12:47:45.903+0000] {dag.py:3508} INFO - Setting next_dagrun for dataset_produces_2 to None, run_after=None
[2023-09-04T12:47:46.069+0000] {processor.py:179} INFO - Processing /home/airflow/.local/lib/python3.7/site-packages/airflow/example_dags/example_datasets.py took 0.487 seconds
[2023-09-04T12:48:16.930+0000] {processor.py:157} INFO - Started process (PID=991) to work on /home/airflow/.local/lib/python3.7/site-packages/airflow/example_dags/example_datasets.py
[2023-09-04T12:48:16.933+0000] {processor.py:826} INFO - Processing file /home/airflow/.local/lib/python3.7/site-packages/airflow/example_dags/example_datasets.py for tasks to queue
[2023-09-04T12:48:16.937+0000] {logging_mixin.py:150} INFO - [2023-09-04T12:48:16.936+0000] {dagbag.py:541} INFO - Filling up the DagBag from /home/airflow/.local/lib/python3.7/site-packages/airflow/example_dags/example_datasets.py
[2023-09-04T12:48:16.967+0000] {processor.py:836} INFO - DAG(s) dict_keys(['dataset_produces_2', 'dataset_consumes_1', 'dataset_produces_1', 'dataset_consumes_unknown_never_scheduled', 'dataset_consumes_1_and_2', 'dataset_consumes_1_never_scheduled']) retrieved from /home/airflow/.local/lib/python3.7/site-packages/airflow/example_dags/example_datasets.py
[2023-09-04T12:48:17.200+0000] {logging_mixin.py:150} INFO - [2023-09-04T12:48:17.199+0000] {dag.py:2742} INFO - Sync 6 DAGs
[2023-09-04T12:48:17.323+0000] {logging_mixin.py:150} INFO - [2023-09-04T12:48:17.323+0000] {dag.py:3508} INFO - Setting next_dagrun for dataset_consumes_1 to None, run_after=None
[2023-09-04T12:48:17.337+0000] {logging_mixin.py:150} INFO - [2023-09-04T12:48:17.336+0000] {dag.py:3508} INFO - Setting next_dagrun for dataset_consumes_1_and_2 to None, run_after=None
[2023-09-04T12:48:17.342+0000] {logging_mixin.py:150} INFO - [2023-09-04T12:48:17.341+0000] {dag.py:3508} INFO - Setting next_dagrun for dataset_consumes_1_never_scheduled to None, run_after=None
[2023-09-04T12:48:17.359+0000] {logging_mixin.py:150} INFO - [2023-09-04T12:48:17.359+0000] {dag.py:3508} INFO - Setting next_dagrun for dataset_consumes_unknown_never_scheduled to None, run_after=None
[2023-09-04T12:48:17.393+0000] {logging_mixin.py:150} INFO - [2023-09-04T12:48:17.393+0000] {dag.py:3508} INFO - Setting next_dagrun for dataset_produces_1 to 2023-09-03T00:00:00+00:00, run_after=2023-09-04T00:00:00+00:00
[2023-09-04T12:48:17.401+0000] {logging_mixin.py:150} INFO - [2023-09-04T12:48:17.401+0000] {dag.py:3508} INFO - Setting next_dagrun for dataset_produces_2 to None, run_after=None
[2023-09-04T12:48:17.571+0000] {processor.py:179} INFO - Processing /home/airflow/.local/lib/python3.7/site-packages/airflow/example_dags/example_datasets.py took 0.648 seconds
[2023-09-04T12:48:50.221+0000] {processor.py:157} INFO - Started process (PID=1052) to work on /home/airflow/.local/lib/python3.7/site-packages/airflow/example_dags/example_datasets.py
[2023-09-04T12:48:50.223+0000] {processor.py:826} INFO - Processing file /home/airflow/.local/lib/python3.7/site-packages/airflow/example_dags/example_datasets.py for tasks to queue
[2023-09-04T12:48:50.228+0000] {logging_mixin.py:150} INFO - [2023-09-04T12:48:50.227+0000] {dagbag.py:541} INFO - Filling up the DagBag from /home/airflow/.local/lib/python3.7/site-packages/airflow/example_dags/example_datasets.py
[2023-09-04T12:48:50.273+0000] {processor.py:836} INFO - DAG(s) dict_keys(['dataset_produces_2', 'dataset_consumes_1_never_scheduled', 'dataset_consumes_unknown_never_scheduled', 'dataset_consumes_1_and_2', 'dataset_consumes_1', 'dataset_produces_1']) retrieved from /home/airflow/.local/lib/python3.7/site-packages/airflow/example_dags/example_datasets.py
[2023-09-04T12:48:50.401+0000] {logging_mixin.py:150} INFO - [2023-09-04T12:48:50.401+0000] {dag.py:2742} INFO - Sync 6 DAGs
[2023-09-04T12:48:50.524+0000] {logging_mixin.py:150} INFO - [2023-09-04T12:48:50.523+0000] {dag.py:3508} INFO - Setting next_dagrun for dataset_consumes_1 to None, run_after=None
[2023-09-04T12:48:50.565+0000] {logging_mixin.py:150} INFO - [2023-09-04T12:48:50.564+0000] {dag.py:3508} INFO - Setting next_dagrun for dataset_consumes_1_and_2 to None, run_after=None
[2023-09-04T12:48:50.588+0000] {logging_mixin.py:150} INFO - [2023-09-04T12:48:50.588+0000] {dag.py:3508} INFO - Setting next_dagrun for dataset_consumes_1_never_scheduled to None, run_after=None
[2023-09-04T12:48:50.599+0000] {logging_mixin.py:150} INFO - [2023-09-04T12:48:50.598+0000] {dag.py:3508} INFO - Setting next_dagrun for dataset_consumes_unknown_never_scheduled to None, run_after=None
[2023-09-04T12:48:50.616+0000] {logging_mixin.py:150} INFO - [2023-09-04T12:48:50.615+0000] {dag.py:3508} INFO - Setting next_dagrun for dataset_produces_1 to 2023-09-03T00:00:00+00:00, run_after=2023-09-04T00:00:00+00:00
[2023-09-04T12:48:50.620+0000] {logging_mixin.py:150} INFO - [2023-09-04T12:48:50.619+0000] {dag.py:3508} INFO - Setting next_dagrun for dataset_produces_2 to None, run_after=None
[2023-09-04T12:48:50.748+0000] {processor.py:179} INFO - Processing /home/airflow/.local/lib/python3.7/site-packages/airflow/example_dags/example_datasets.py took 0.541 seconds
[2023-09-04T12:49:21.235+0000] {processor.py:157} INFO - Started process (PID=1111) to work on /home/airflow/.local/lib/python3.7/site-packages/airflow/example_dags/example_datasets.py
[2023-09-04T12:49:21.245+0000] {processor.py:826} INFO - Processing file /home/airflow/.local/lib/python3.7/site-packages/airflow/example_dags/example_datasets.py for tasks to queue
[2023-09-04T12:49:21.247+0000] {logging_mixin.py:150} INFO - [2023-09-04T12:49:21.247+0000] {dagbag.py:541} INFO - Filling up the DagBag from /home/airflow/.local/lib/python3.7/site-packages/airflow/example_dags/example_datasets.py
[2023-09-04T12:49:21.274+0000] {processor.py:836} INFO - DAG(s) dict_keys(['dataset_consumes_1_and_2', 'dataset_produces_2', 'dataset_consumes_unknown_never_scheduled', 'dataset_consumes_1', 'dataset_consumes_1_never_scheduled', 'dataset_produces_1']) retrieved from /home/airflow/.local/lib/python3.7/site-packages/airflow/example_dags/example_datasets.py
[2023-09-04T12:49:21.363+0000] {logging_mixin.py:150} INFO - [2023-09-04T12:49:21.362+0000] {dag.py:2742} INFO - Sync 6 DAGs
[2023-09-04T12:49:21.418+0000] {logging_mixin.py:150} INFO - [2023-09-04T12:49:21.418+0000] {dag.py:3508} INFO - Setting next_dagrun for dataset_consumes_1 to None, run_after=None
[2023-09-04T12:49:21.428+0000] {logging_mixin.py:150} INFO - [2023-09-04T12:49:21.427+0000] {dag.py:3508} INFO - Setting next_dagrun for dataset_consumes_1_and_2 to None, run_after=None
[2023-09-04T12:49:21.433+0000] {logging_mixin.py:150} INFO - [2023-09-04T12:49:21.432+0000] {dag.py:3508} INFO - Setting next_dagrun for dataset_consumes_1_never_scheduled to None, run_after=None
[2023-09-04T12:49:21.436+0000] {logging_mixin.py:150} INFO - [2023-09-04T12:49:21.436+0000] {dag.py:3508} INFO - Setting next_dagrun for dataset_consumes_unknown_never_scheduled to None, run_after=None
[2023-09-04T12:49:21.447+0000] {logging_mixin.py:150} INFO - [2023-09-04T12:49:21.447+0000] {dag.py:3508} INFO - Setting next_dagrun for dataset_produces_1 to 2023-09-03T00:00:00+00:00, run_after=2023-09-04T00:00:00+00:00
[2023-09-04T12:49:21.451+0000] {logging_mixin.py:150} INFO - [2023-09-04T12:49:21.450+0000] {dag.py:3508} INFO - Setting next_dagrun for dataset_produces_2 to None, run_after=None
[2023-09-04T12:49:21.543+0000] {processor.py:179} INFO - Processing /home/airflow/.local/lib/python3.7/site-packages/airflow/example_dags/example_datasets.py took 0.316 seconds
[2023-09-04T12:51:32.015+0000] {processor.py:157} INFO - Started process (PID=88) to work on /home/airflow/.local/lib/python3.7/site-packages/airflow/example_dags/example_datasets.py
[2023-09-04T12:51:32.017+0000] {processor.py:826} INFO - Processing file /home/airflow/.local/lib/python3.7/site-packages/airflow/example_dags/example_datasets.py for tasks to queue
[2023-09-04T12:51:32.020+0000] {logging_mixin.py:150} INFO - [2023-09-04T12:51:32.019+0000] {dagbag.py:541} INFO - Filling up the DagBag from /home/airflow/.local/lib/python3.7/site-packages/airflow/example_dags/example_datasets.py
[2023-09-04T12:51:32.053+0000] {processor.py:836} INFO - DAG(s) dict_keys(['dataset_produces_2', 'dataset_consumes_1_never_scheduled', 'dataset_consumes_unknown_never_scheduled', 'dataset_consumes_1', 'dataset_consumes_1_and_2', 'dataset_produces_1']) retrieved from /home/airflow/.local/lib/python3.7/site-packages/airflow/example_dags/example_datasets.py
[2023-09-04T12:51:32.173+0000] {logging_mixin.py:150} INFO - [2023-09-04T12:51:32.172+0000] {dag.py:2742} INFO - Sync 6 DAGs
[2023-09-04T12:51:32.294+0000] {logging_mixin.py:150} INFO - [2023-09-04T12:51:32.294+0000] {dag.py:3508} INFO - Setting next_dagrun for dataset_consumes_1 to None, run_after=None
[2023-09-04T12:51:32.313+0000] {logging_mixin.py:150} INFO - [2023-09-04T12:51:32.312+0000] {dag.py:3508} INFO - Setting next_dagrun for dataset_consumes_1_and_2 to None, run_after=None
[2023-09-04T12:51:32.319+0000] {logging_mixin.py:150} INFO - [2023-09-04T12:51:32.319+0000] {dag.py:3508} INFO - Setting next_dagrun for dataset_consumes_1_never_scheduled to None, run_after=None
[2023-09-04T12:51:32.325+0000] {logging_mixin.py:150} INFO - [2023-09-04T12:51:32.325+0000] {dag.py:3508} INFO - Setting next_dagrun for dataset_consumes_unknown_never_scheduled to None, run_after=None
[2023-09-04T12:51:32.339+0000] {logging_mixin.py:150} INFO - [2023-09-04T12:51:32.338+0000] {dag.py:3508} INFO - Setting next_dagrun for dataset_produces_1 to 2023-09-03T00:00:00+00:00, run_after=2023-09-04T00:00:00+00:00
[2023-09-04T12:51:32.343+0000] {logging_mixin.py:150} INFO - [2023-09-04T12:51:32.343+0000] {dag.py:3508} INFO - Setting next_dagrun for dataset_produces_2 to None, run_after=None
[2023-09-04T12:51:32.459+0000] {processor.py:179} INFO - Processing /home/airflow/.local/lib/python3.7/site-packages/airflow/example_dags/example_datasets.py took 0.452 seconds
[2023-09-04T12:52:03.110+0000] {processor.py:157} INFO - Started process (PID=147) to work on /home/airflow/.local/lib/python3.7/site-packages/airflow/example_dags/example_datasets.py
[2023-09-04T12:52:03.112+0000] {processor.py:826} INFO - Processing file /home/airflow/.local/lib/python3.7/site-packages/airflow/example_dags/example_datasets.py for tasks to queue
[2023-09-04T12:52:03.115+0000] {logging_mixin.py:150} INFO - [2023-09-04T12:52:03.115+0000] {dagbag.py:541} INFO - Filling up the DagBag from /home/airflow/.local/lib/python3.7/site-packages/airflow/example_dags/example_datasets.py
[2023-09-04T12:52:03.144+0000] {processor.py:836} INFO - DAG(s) dict_keys(['dataset_produces_2', 'dataset_consumes_unknown_never_scheduled', 'dataset_consumes_1_never_scheduled', 'dataset_consumes_1', 'dataset_consumes_1_and_2', 'dataset_produces_1']) retrieved from /home/airflow/.local/lib/python3.7/site-packages/airflow/example_dags/example_datasets.py
[2023-09-04T12:52:03.309+0000] {logging_mixin.py:150} INFO - [2023-09-04T12:52:03.309+0000] {dag.py:2742} INFO - Sync 6 DAGs
[2023-09-04T12:52:03.455+0000] {logging_mixin.py:150} INFO - [2023-09-04T12:52:03.455+0000] {dag.py:3508} INFO - Setting next_dagrun for dataset_consumes_1 to None, run_after=None
[2023-09-04T12:52:03.466+0000] {logging_mixin.py:150} INFO - [2023-09-04T12:52:03.465+0000] {dag.py:3508} INFO - Setting next_dagrun for dataset_consumes_1_and_2 to None, run_after=None
[2023-09-04T12:52:03.473+0000] {logging_mixin.py:150} INFO - [2023-09-04T12:52:03.473+0000] {dag.py:3508} INFO - Setting next_dagrun for dataset_consumes_1_never_scheduled to None, run_after=None
[2023-09-04T12:52:03.477+0000] {logging_mixin.py:150} INFO - [2023-09-04T12:52:03.477+0000] {dag.py:3508} INFO - Setting next_dagrun for dataset_consumes_unknown_never_scheduled to None, run_after=None
[2023-09-04T12:52:03.486+0000] {logging_mixin.py:150} INFO - [2023-09-04T12:52:03.486+0000] {dag.py:3508} INFO - Setting next_dagrun for dataset_produces_1 to 2023-09-03T00:00:00+00:00, run_after=2023-09-04T00:00:00+00:00
[2023-09-04T12:52:03.490+0000] {logging_mixin.py:150} INFO - [2023-09-04T12:52:03.489+0000] {dag.py:3508} INFO - Setting next_dagrun for dataset_produces_2 to None, run_after=None
[2023-09-04T12:52:03.591+0000] {processor.py:179} INFO - Processing /home/airflow/.local/lib/python3.7/site-packages/airflow/example_dags/example_datasets.py took 0.490 seconds
[2023-09-04T12:52:34.931+0000] {processor.py:157} INFO - Started process (PID=206) to work on /home/airflow/.local/lib/python3.7/site-packages/airflow/example_dags/example_datasets.py
[2023-09-04T12:52:34.933+0000] {processor.py:826} INFO - Processing file /home/airflow/.local/lib/python3.7/site-packages/airflow/example_dags/example_datasets.py for tasks to queue
[2023-09-04T12:52:34.935+0000] {logging_mixin.py:150} INFO - [2023-09-04T12:52:34.935+0000] {dagbag.py:541} INFO - Filling up the DagBag from /home/airflow/.local/lib/python3.7/site-packages/airflow/example_dags/example_datasets.py
[2023-09-04T12:52:34.958+0000] {processor.py:836} INFO - DAG(s) dict_keys(['dataset_produces_2', 'dataset_produces_1', 'dataset_consumes_unknown_never_scheduled', 'dataset_consumes_1_never_scheduled', 'dataset_consumes_1_and_2', 'dataset_consumes_1']) retrieved from /home/airflow/.local/lib/python3.7/site-packages/airflow/example_dags/example_datasets.py
[2023-09-04T12:52:35.058+0000] {logging_mixin.py:150} INFO - [2023-09-04T12:52:35.058+0000] {dag.py:2742} INFO - Sync 6 DAGs
[2023-09-04T12:52:35.139+0000] {logging_mixin.py:150} INFO - [2023-09-04T12:52:35.139+0000] {dag.py:3508} INFO - Setting next_dagrun for dataset_consumes_1 to None, run_after=None
[2023-09-04T12:52:35.148+0000] {logging_mixin.py:150} INFO - [2023-09-04T12:52:35.148+0000] {dag.py:3508} INFO - Setting next_dagrun for dataset_consumes_1_and_2 to None, run_after=None
[2023-09-04T12:52:35.154+0000] {logging_mixin.py:150} INFO - [2023-09-04T12:52:35.153+0000] {dag.py:3508} INFO - Setting next_dagrun for dataset_consumes_1_never_scheduled to None, run_after=None
[2023-09-04T12:52:35.158+0000] {logging_mixin.py:150} INFO - [2023-09-04T12:52:35.158+0000] {dag.py:3508} INFO - Setting next_dagrun for dataset_consumes_unknown_never_scheduled to None, run_after=None
[2023-09-04T12:52:35.178+0000] {logging_mixin.py:150} INFO - [2023-09-04T12:52:35.177+0000] {dag.py:3508} INFO - Setting next_dagrun for dataset_produces_1 to 2023-09-03T00:00:00+00:00, run_after=2023-09-04T00:00:00+00:00
[2023-09-04T12:52:35.184+0000] {logging_mixin.py:150} INFO - [2023-09-04T12:52:35.183+0000] {dag.py:3508} INFO - Setting next_dagrun for dataset_produces_2 to None, run_after=None
[2023-09-04T12:52:35.323+0000] {processor.py:179} INFO - Processing /home/airflow/.local/lib/python3.7/site-packages/airflow/example_dags/example_datasets.py took 0.399 seconds
[2023-09-04T12:53:06.420+0000] {processor.py:157} INFO - Started process (PID=265) to work on /home/airflow/.local/lib/python3.7/site-packages/airflow/example_dags/example_datasets.py
[2023-09-04T12:53:06.422+0000] {processor.py:826} INFO - Processing file /home/airflow/.local/lib/python3.7/site-packages/airflow/example_dags/example_datasets.py for tasks to queue
[2023-09-04T12:53:06.424+0000] {logging_mixin.py:150} INFO - [2023-09-04T12:53:06.423+0000] {dagbag.py:541} INFO - Filling up the DagBag from /home/airflow/.local/lib/python3.7/site-packages/airflow/example_dags/example_datasets.py
[2023-09-04T12:53:06.448+0000] {processor.py:836} INFO - DAG(s) dict_keys(['dataset_produces_1', 'dataset_consumes_1_and_2', 'dataset_consumes_unknown_never_scheduled', 'dataset_consumes_1', 'dataset_consumes_1_never_scheduled', 'dataset_produces_2']) retrieved from /home/airflow/.local/lib/python3.7/site-packages/airflow/example_dags/example_datasets.py
[2023-09-04T12:53:06.559+0000] {logging_mixin.py:150} INFO - [2023-09-04T12:53:06.559+0000] {dag.py:2742} INFO - Sync 6 DAGs
[2023-09-04T12:53:06.627+0000] {logging_mixin.py:150} INFO - [2023-09-04T12:53:06.627+0000] {dag.py:3508} INFO - Setting next_dagrun for dataset_consumes_1 to None, run_after=None
[2023-09-04T12:53:06.637+0000] {logging_mixin.py:150} INFO - [2023-09-04T12:53:06.636+0000] {dag.py:3508} INFO - Setting next_dagrun for dataset_consumes_1_and_2 to None, run_after=None
[2023-09-04T12:53:06.641+0000] {logging_mixin.py:150} INFO - [2023-09-04T12:53:06.640+0000] {dag.py:3508} INFO - Setting next_dagrun for dataset_consumes_1_never_scheduled to None, run_after=None
[2023-09-04T12:53:06.644+0000] {logging_mixin.py:150} INFO - [2023-09-04T12:53:06.644+0000] {dag.py:3508} INFO - Setting next_dagrun for dataset_consumes_unknown_never_scheduled to None, run_after=None
[2023-09-04T12:53:06.651+0000] {logging_mixin.py:150} INFO - [2023-09-04T12:53:06.650+0000] {dag.py:3508} INFO - Setting next_dagrun for dataset_produces_1 to 2023-09-03T00:00:00+00:00, run_after=2023-09-04T00:00:00+00:00
[2023-09-04T12:53:06.654+0000] {logging_mixin.py:150} INFO - [2023-09-04T12:53:06.654+0000] {dag.py:3508} INFO - Setting next_dagrun for dataset_produces_2 to None, run_after=None
[2023-09-04T12:53:06.766+0000] {processor.py:179} INFO - Processing /home/airflow/.local/lib/python3.7/site-packages/airflow/example_dags/example_datasets.py took 0.354 seconds
[2023-09-04T12:53:37.357+0000] {processor.py:157} INFO - Started process (PID=325) to work on /home/airflow/.local/lib/python3.7/site-packages/airflow/example_dags/example_datasets.py
[2023-09-04T12:53:37.359+0000] {processor.py:826} INFO - Processing file /home/airflow/.local/lib/python3.7/site-packages/airflow/example_dags/example_datasets.py for tasks to queue
[2023-09-04T12:53:37.361+0000] {logging_mixin.py:150} INFO - [2023-09-04T12:53:37.361+0000] {dagbag.py:541} INFO - Filling up the DagBag from /home/airflow/.local/lib/python3.7/site-packages/airflow/example_dags/example_datasets.py
[2023-09-04T12:53:37.380+0000] {processor.py:836} INFO - DAG(s) dict_keys(['dataset_consumes_1_and_2', 'dataset_produces_1', 'dataset_produces_2', 'dataset_consumes_1', 'dataset_consumes_1_never_scheduled', 'dataset_consumes_unknown_never_scheduled']) retrieved from /home/airflow/.local/lib/python3.7/site-packages/airflow/example_dags/example_datasets.py
[2023-09-04T12:53:37.488+0000] {logging_mixin.py:150} INFO - [2023-09-04T12:53:37.488+0000] {dag.py:2742} INFO - Sync 6 DAGs
[2023-09-04T12:53:37.554+0000] {logging_mixin.py:150} INFO - [2023-09-04T12:53:37.554+0000] {dag.py:3508} INFO - Setting next_dagrun for dataset_consumes_1 to None, run_after=None
[2023-09-04T12:53:37.566+0000] {logging_mixin.py:150} INFO - [2023-09-04T12:53:37.566+0000] {dag.py:3508} INFO - Setting next_dagrun for dataset_consumes_1_and_2 to None, run_after=None
[2023-09-04T12:53:37.570+0000] {logging_mixin.py:150} INFO - [2023-09-04T12:53:37.570+0000] {dag.py:3508} INFO - Setting next_dagrun for dataset_consumes_1_never_scheduled to None, run_after=None
[2023-09-04T12:53:37.574+0000] {logging_mixin.py:150} INFO - [2023-09-04T12:53:37.574+0000] {dag.py:3508} INFO - Setting next_dagrun for dataset_consumes_unknown_never_scheduled to None, run_after=None
[2023-09-04T12:53:37.584+0000] {logging_mixin.py:150} INFO - [2023-09-04T12:53:37.583+0000] {dag.py:3508} INFO - Setting next_dagrun for dataset_produces_1 to 2023-09-03T00:00:00+00:00, run_after=2023-09-04T00:00:00+00:00
[2023-09-04T12:53:37.588+0000] {logging_mixin.py:150} INFO - [2023-09-04T12:53:37.587+0000] {dag.py:3508} INFO - Setting next_dagrun for dataset_produces_2 to None, run_after=None
[2023-09-04T12:53:37.677+0000] {processor.py:179} INFO - Processing /home/airflow/.local/lib/python3.7/site-packages/airflow/example_dags/example_datasets.py took 0.332 seconds
[2023-09-04T12:54:08.583+0000] {processor.py:157} INFO - Started process (PID=390) to work on /home/airflow/.local/lib/python3.7/site-packages/airflow/example_dags/example_datasets.py
[2023-09-04T12:54:08.586+0000] {processor.py:826} INFO - Processing file /home/airflow/.local/lib/python3.7/site-packages/airflow/example_dags/example_datasets.py for tasks to queue
[2023-09-04T12:54:08.589+0000] {logging_mixin.py:150} INFO - [2023-09-04T12:54:08.588+0000] {dagbag.py:541} INFO - Filling up the DagBag from /home/airflow/.local/lib/python3.7/site-packages/airflow/example_dags/example_datasets.py
[2023-09-04T12:54:08.613+0000] {processor.py:836} INFO - DAG(s) dict_keys(['dataset_consumes_1', 'dataset_consumes_1_and_2', 'dataset_consumes_unknown_never_scheduled', 'dataset_produces_1', 'dataset_consumes_1_never_scheduled', 'dataset_produces_2']) retrieved from /home/airflow/.local/lib/python3.7/site-packages/airflow/example_dags/example_datasets.py
[2023-09-04T12:54:08.760+0000] {logging_mixin.py:150} INFO - [2023-09-04T12:54:08.759+0000] {dag.py:2742} INFO - Sync 6 DAGs
[2023-09-04T12:54:08.837+0000] {logging_mixin.py:150} INFO - [2023-09-04T12:54:08.837+0000] {dag.py:3508} INFO - Setting next_dagrun for dataset_consumes_1 to None, run_after=None
[2023-09-04T12:54:08.847+0000] {logging_mixin.py:150} INFO - [2023-09-04T12:54:08.847+0000] {dag.py:3508} INFO - Setting next_dagrun for dataset_consumes_1_and_2 to None, run_after=None
[2023-09-04T12:54:08.860+0000] {logging_mixin.py:150} INFO - [2023-09-04T12:54:08.859+0000] {dag.py:3508} INFO - Setting next_dagrun for dataset_consumes_1_never_scheduled to None, run_after=None
[2023-09-04T12:54:08.865+0000] {logging_mixin.py:150} INFO - [2023-09-04T12:54:08.865+0000] {dag.py:3508} INFO - Setting next_dagrun for dataset_consumes_unknown_never_scheduled to None, run_after=None
[2023-09-04T12:54:08.877+0000] {logging_mixin.py:150} INFO - [2023-09-04T12:54:08.876+0000] {dag.py:3508} INFO - Setting next_dagrun for dataset_produces_1 to 2023-09-03T00:00:00+00:00, run_after=2023-09-04T00:00:00+00:00
[2023-09-04T12:54:08.883+0000] {logging_mixin.py:150} INFO - [2023-09-04T12:54:08.882+0000] {dag.py:3508} INFO - Setting next_dagrun for dataset_produces_2 to None, run_after=None
[2023-09-04T12:54:09.003+0000] {processor.py:179} INFO - Processing /home/airflow/.local/lib/python3.7/site-packages/airflow/example_dags/example_datasets.py took 0.427 seconds
[2023-09-04T12:54:39.887+0000] {processor.py:157} INFO - Started process (PID=449) to work on /home/airflow/.local/lib/python3.7/site-packages/airflow/example_dags/example_datasets.py
[2023-09-04T12:54:39.889+0000] {processor.py:826} INFO - Processing file /home/airflow/.local/lib/python3.7/site-packages/airflow/example_dags/example_datasets.py for tasks to queue
[2023-09-04T12:54:39.891+0000] {logging_mixin.py:150} INFO - [2023-09-04T12:54:39.890+0000] {dagbag.py:541} INFO - Filling up the DagBag from /home/airflow/.local/lib/python3.7/site-packages/airflow/example_dags/example_datasets.py
[2023-09-04T12:54:39.911+0000] {processor.py:836} INFO - DAG(s) dict_keys(['dataset_consumes_1', 'dataset_produces_1', 'dataset_consumes_1_never_scheduled', 'dataset_consumes_1_and_2', 'dataset_consumes_unknown_never_scheduled', 'dataset_produces_2']) retrieved from /home/airflow/.local/lib/python3.7/site-packages/airflow/example_dags/example_datasets.py
[2023-09-04T12:54:40.002+0000] {logging_mixin.py:150} INFO - [2023-09-04T12:54:40.002+0000] {dag.py:2742} INFO - Sync 6 DAGs
[2023-09-04T12:54:40.058+0000] {logging_mixin.py:150} INFO - [2023-09-04T12:54:40.058+0000] {dag.py:3508} INFO - Setting next_dagrun for dataset_consumes_1 to None, run_after=None
[2023-09-04T12:54:40.066+0000] {logging_mixin.py:150} INFO - [2023-09-04T12:54:40.065+0000] {dag.py:3508} INFO - Setting next_dagrun for dataset_consumes_1_and_2 to None, run_after=None
[2023-09-04T12:54:40.068+0000] {logging_mixin.py:150} INFO - [2023-09-04T12:54:40.068+0000] {dag.py:3508} INFO - Setting next_dagrun for dataset_consumes_1_never_scheduled to None, run_after=None
[2023-09-04T12:54:40.071+0000] {logging_mixin.py:150} INFO - [2023-09-04T12:54:40.071+0000] {dag.py:3508} INFO - Setting next_dagrun for dataset_consumes_unknown_never_scheduled to None, run_after=None
[2023-09-04T12:54:40.078+0000] {logging_mixin.py:150} INFO - [2023-09-04T12:54:40.077+0000] {dag.py:3508} INFO - Setting next_dagrun for dataset_produces_1 to 2023-09-03T00:00:00+00:00, run_after=2023-09-04T00:00:00+00:00
[2023-09-04T12:54:40.081+0000] {logging_mixin.py:150} INFO - [2023-09-04T12:54:40.081+0000] {dag.py:3508} INFO - Setting next_dagrun for dataset_produces_2 to None, run_after=None
[2023-09-04T12:54:40.170+0000] {processor.py:179} INFO - Processing /home/airflow/.local/lib/python3.7/site-packages/airflow/example_dags/example_datasets.py took 0.289 seconds
[2023-09-04T12:55:11.165+0000] {processor.py:157} INFO - Started process (PID=508) to work on /home/airflow/.local/lib/python3.7/site-packages/airflow/example_dags/example_datasets.py
[2023-09-04T12:55:11.167+0000] {processor.py:826} INFO - Processing file /home/airflow/.local/lib/python3.7/site-packages/airflow/example_dags/example_datasets.py for tasks to queue
[2023-09-04T12:55:11.169+0000] {logging_mixin.py:150} INFO - [2023-09-04T12:55:11.168+0000] {dagbag.py:541} INFO - Filling up the DagBag from /home/airflow/.local/lib/python3.7/site-packages/airflow/example_dags/example_datasets.py
[2023-09-04T12:55:11.184+0000] {processor.py:836} INFO - DAG(s) dict_keys(['dataset_produces_1', 'dataset_consumes_1_and_2', 'dataset_produces_2', 'dataset_consumes_unknown_never_scheduled', 'dataset_consumes_1', 'dataset_consumes_1_never_scheduled']) retrieved from /home/airflow/.local/lib/python3.7/site-packages/airflow/example_dags/example_datasets.py
[2023-09-04T12:55:11.277+0000] {logging_mixin.py:150} INFO - [2023-09-04T12:55:11.277+0000] {dag.py:2742} INFO - Sync 6 DAGs
[2023-09-04T12:55:11.357+0000] {logging_mixin.py:150} INFO - [2023-09-04T12:55:11.357+0000] {dag.py:3508} INFO - Setting next_dagrun for dataset_consumes_1 to None, run_after=None
[2023-09-04T12:55:11.369+0000] {logging_mixin.py:150} INFO - [2023-09-04T12:55:11.368+0000] {dag.py:3508} INFO - Setting next_dagrun for dataset_consumes_1_and_2 to None, run_after=None
[2023-09-04T12:55:11.373+0000] {logging_mixin.py:150} INFO - [2023-09-04T12:55:11.373+0000] {dag.py:3508} INFO - Setting next_dagrun for dataset_consumes_1_never_scheduled to None, run_after=None
[2023-09-04T12:55:11.378+0000] {logging_mixin.py:150} INFO - [2023-09-04T12:55:11.378+0000] {dag.py:3508} INFO - Setting next_dagrun for dataset_consumes_unknown_never_scheduled to None, run_after=None
[2023-09-04T12:55:11.389+0000] {logging_mixin.py:150} INFO - [2023-09-04T12:55:11.389+0000] {dag.py:3508} INFO - Setting next_dagrun for dataset_produces_1 to 2023-09-03T00:00:00+00:00, run_after=2023-09-04T00:00:00+00:00
[2023-09-04T12:55:11.395+0000] {logging_mixin.py:150} INFO - [2023-09-04T12:55:11.394+0000] {dag.py:3508} INFO - Setting next_dagrun for dataset_produces_2 to None, run_after=None
[2023-09-04T12:55:11.528+0000] {processor.py:179} INFO - Processing /home/airflow/.local/lib/python3.7/site-packages/airflow/example_dags/example_datasets.py took 0.368 seconds
[2023-09-04T12:55:42.201+0000] {processor.py:157} INFO - Started process (PID=568) to work on /home/airflow/.local/lib/python3.7/site-packages/airflow/example_dags/example_datasets.py
[2023-09-04T12:55:42.203+0000] {processor.py:826} INFO - Processing file /home/airflow/.local/lib/python3.7/site-packages/airflow/example_dags/example_datasets.py for tasks to queue
[2023-09-04T12:55:42.206+0000] {logging_mixin.py:150} INFO - [2023-09-04T12:55:42.205+0000] {dagbag.py:541} INFO - Filling up the DagBag from /home/airflow/.local/lib/python3.7/site-packages/airflow/example_dags/example_datasets.py
[2023-09-04T12:55:42.221+0000] {processor.py:836} INFO - DAG(s) dict_keys(['dataset_consumes_1_never_scheduled', 'dataset_consumes_unknown_never_scheduled', 'dataset_consumes_1_and_2', 'dataset_produces_2', 'dataset_produces_1', 'dataset_consumes_1']) retrieved from /home/airflow/.local/lib/python3.7/site-packages/airflow/example_dags/example_datasets.py
[2023-09-04T12:55:42.313+0000] {logging_mixin.py:150} INFO - [2023-09-04T12:55:42.313+0000] {dag.py:2742} INFO - Sync 6 DAGs
[2023-09-04T12:55:42.389+0000] {logging_mixin.py:150} INFO - [2023-09-04T12:55:42.388+0000] {dag.py:3508} INFO - Setting next_dagrun for dataset_consumes_1 to None, run_after=None
[2023-09-04T12:55:42.419+0000] {logging_mixin.py:150} INFO - [2023-09-04T12:55:42.419+0000] {dag.py:3508} INFO - Setting next_dagrun for dataset_consumes_1_and_2 to None, run_after=None
[2023-09-04T12:55:42.430+0000] {logging_mixin.py:150} INFO - [2023-09-04T12:55:42.429+0000] {dag.py:3508} INFO - Setting next_dagrun for dataset_consumes_1_never_scheduled to None, run_after=None
[2023-09-04T12:55:42.435+0000] {logging_mixin.py:150} INFO - [2023-09-04T12:55:42.435+0000] {dag.py:3508} INFO - Setting next_dagrun for dataset_consumes_unknown_never_scheduled to None, run_after=None
[2023-09-04T12:55:42.445+0000] {logging_mixin.py:150} INFO - [2023-09-04T12:55:42.443+0000] {dag.py:3508} INFO - Setting next_dagrun for dataset_produces_1 to 2023-09-03T00:00:00+00:00, run_after=2023-09-04T00:00:00+00:00
[2023-09-04T12:55:42.449+0000] {logging_mixin.py:150} INFO - [2023-09-04T12:55:42.449+0000] {dag.py:3508} INFO - Setting next_dagrun for dataset_produces_2 to None, run_after=None
[2023-09-04T12:55:42.652+0000] {processor.py:179} INFO - Processing /home/airflow/.local/lib/python3.7/site-packages/airflow/example_dags/example_datasets.py took 0.458 seconds
[2023-09-04T12:56:14.002+0000] {processor.py:157} INFO - Started process (PID=627) to work on /home/airflow/.local/lib/python3.7/site-packages/airflow/example_dags/example_datasets.py
[2023-09-04T12:56:14.005+0000] {processor.py:826} INFO - Processing file /home/airflow/.local/lib/python3.7/site-packages/airflow/example_dags/example_datasets.py for tasks to queue
[2023-09-04T12:56:14.008+0000] {logging_mixin.py:150} INFO - [2023-09-04T12:56:14.007+0000] {dagbag.py:541} INFO - Filling up the DagBag from /home/airflow/.local/lib/python3.7/site-packages/airflow/example_dags/example_datasets.py
[2023-09-04T12:56:14.032+0000] {processor.py:836} INFO - DAG(s) dict_keys(['dataset_consumes_1_never_scheduled', 'dataset_consumes_unknown_never_scheduled', 'dataset_consumes_1', 'dataset_produces_1', 'dataset_consumes_1_and_2', 'dataset_produces_2']) retrieved from /home/airflow/.local/lib/python3.7/site-packages/airflow/example_dags/example_datasets.py
[2023-09-04T12:56:14.127+0000] {logging_mixin.py:150} INFO - [2023-09-04T12:56:14.127+0000] {dag.py:2742} INFO - Sync 6 DAGs
[2023-09-04T12:56:14.185+0000] {logging_mixin.py:150} INFO - [2023-09-04T12:56:14.185+0000] {dag.py:3508} INFO - Setting next_dagrun for dataset_consumes_1 to None, run_after=None
[2023-09-04T12:56:14.194+0000] {logging_mixin.py:150} INFO - [2023-09-04T12:56:14.193+0000] {dag.py:3508} INFO - Setting next_dagrun for dataset_consumes_1_and_2 to None, run_after=None
[2023-09-04T12:56:14.198+0000] {logging_mixin.py:150} INFO - [2023-09-04T12:56:14.198+0000] {dag.py:3508} INFO - Setting next_dagrun for dataset_consumes_1_never_scheduled to None, run_after=None
[2023-09-04T12:56:14.202+0000] {logging_mixin.py:150} INFO - [2023-09-04T12:56:14.202+0000] {dag.py:3508} INFO - Setting next_dagrun for dataset_consumes_unknown_never_scheduled to None, run_after=None
[2023-09-04T12:56:14.211+0000] {logging_mixin.py:150} INFO - [2023-09-04T12:56:14.210+0000] {dag.py:3508} INFO - Setting next_dagrun for dataset_produces_1 to 2023-09-03T00:00:00+00:00, run_after=2023-09-04T00:00:00+00:00
[2023-09-04T12:56:14.216+0000] {logging_mixin.py:150} INFO - [2023-09-04T12:56:14.215+0000] {dag.py:3508} INFO - Setting next_dagrun for dataset_produces_2 to None, run_after=None
[2023-09-04T12:56:14.312+0000] {processor.py:179} INFO - Processing /home/airflow/.local/lib/python3.7/site-packages/airflow/example_dags/example_datasets.py took 0.317 seconds
[2023-09-04T12:56:44.839+0000] {processor.py:157} INFO - Started process (PID=686) to work on /home/airflow/.local/lib/python3.7/site-packages/airflow/example_dags/example_datasets.py
[2023-09-04T12:56:44.842+0000] {processor.py:826} INFO - Processing file /home/airflow/.local/lib/python3.7/site-packages/airflow/example_dags/example_datasets.py for tasks to queue
[2023-09-04T12:56:44.844+0000] {logging_mixin.py:150} INFO - [2023-09-04T12:56:44.844+0000] {dagbag.py:541} INFO - Filling up the DagBag from /home/airflow/.local/lib/python3.7/site-packages/airflow/example_dags/example_datasets.py
[2023-09-04T12:56:44.864+0000] {processor.py:836} INFO - DAG(s) dict_keys(['dataset_consumes_1_never_scheduled', 'dataset_consumes_unknown_never_scheduled', 'dataset_produces_2', 'dataset_consumes_1_and_2', 'dataset_produces_1', 'dataset_consumes_1']) retrieved from /home/airflow/.local/lib/python3.7/site-packages/airflow/example_dags/example_datasets.py
[2023-09-04T12:56:44.948+0000] {logging_mixin.py:150} INFO - [2023-09-04T12:56:44.947+0000] {dag.py:2742} INFO - Sync 6 DAGs
[2023-09-04T12:56:45.004+0000] {logging_mixin.py:150} INFO - [2023-09-04T12:56:45.004+0000] {dag.py:3508} INFO - Setting next_dagrun for dataset_consumes_1 to None, run_after=None
[2023-09-04T12:56:45.013+0000] {logging_mixin.py:150} INFO - [2023-09-04T12:56:45.012+0000] {dag.py:3508} INFO - Setting next_dagrun for dataset_consumes_1_and_2 to None, run_after=None
[2023-09-04T12:56:45.016+0000] {logging_mixin.py:150} INFO - [2023-09-04T12:56:45.015+0000] {dag.py:3508} INFO - Setting next_dagrun for dataset_consumes_1_never_scheduled to None, run_after=None
[2023-09-04T12:56:45.019+0000] {logging_mixin.py:150} INFO - [2023-09-04T12:56:45.019+0000] {dag.py:3508} INFO - Setting next_dagrun for dataset_consumes_unknown_never_scheduled to None, run_after=None
[2023-09-04T12:56:45.024+0000] {logging_mixin.py:150} INFO - [2023-09-04T12:56:45.024+0000] {dag.py:3508} INFO - Setting next_dagrun for dataset_produces_1 to 2023-09-03T00:00:00+00:00, run_after=2023-09-04T00:00:00+00:00
[2023-09-04T12:56:45.028+0000] {logging_mixin.py:150} INFO - [2023-09-04T12:56:45.028+0000] {dag.py:3508} INFO - Setting next_dagrun for dataset_produces_2 to None, run_after=None
[2023-09-04T12:56:45.109+0000] {processor.py:179} INFO - Processing /home/airflow/.local/lib/python3.7/site-packages/airflow/example_dags/example_datasets.py took 0.275 seconds
[2023-09-04T12:57:16.464+0000] {processor.py:157} INFO - Started process (PID=744) to work on /home/airflow/.local/lib/python3.7/site-packages/airflow/example_dags/example_datasets.py
[2023-09-04T12:57:16.470+0000] {processor.py:826} INFO - Processing file /home/airflow/.local/lib/python3.7/site-packages/airflow/example_dags/example_datasets.py for tasks to queue
[2023-09-04T12:57:16.489+0000] {logging_mixin.py:150} INFO - [2023-09-04T12:57:16.488+0000] {dagbag.py:541} INFO - Filling up the DagBag from /home/airflow/.local/lib/python3.7/site-packages/airflow/example_dags/example_datasets.py
[2023-09-04T12:57:16.511+0000] {processor.py:836} INFO - DAG(s) dict_keys(['dataset_consumes_unknown_never_scheduled', 'dataset_consumes_1_never_scheduled', 'dataset_consumes_1_and_2', 'dataset_produces_1', 'dataset_consumes_1', 'dataset_produces_2']) retrieved from /home/airflow/.local/lib/python3.7/site-packages/airflow/example_dags/example_datasets.py
[2023-09-04T12:57:16.660+0000] {logging_mixin.py:150} INFO - [2023-09-04T12:57:16.659+0000] {dag.py:2742} INFO - Sync 6 DAGs
[2023-09-04T12:57:16.724+0000] {logging_mixin.py:150} INFO - [2023-09-04T12:57:16.724+0000] {dag.py:3508} INFO - Setting next_dagrun for dataset_consumes_1 to None, run_after=None
[2023-09-04T12:57:16.737+0000] {logging_mixin.py:150} INFO - [2023-09-04T12:57:16.736+0000] {dag.py:3508} INFO - Setting next_dagrun for dataset_consumes_1_and_2 to None, run_after=None
[2023-09-04T12:57:16.740+0000] {logging_mixin.py:150} INFO - [2023-09-04T12:57:16.740+0000] {dag.py:3508} INFO - Setting next_dagrun for dataset_consumes_1_never_scheduled to None, run_after=None
[2023-09-04T12:57:16.743+0000] {logging_mixin.py:150} INFO - [2023-09-04T12:57:16.743+0000] {dag.py:3508} INFO - Setting next_dagrun for dataset_consumes_unknown_never_scheduled to None, run_after=None
[2023-09-04T12:57:16.750+0000] {logging_mixin.py:150} INFO - [2023-09-04T12:57:16.750+0000] {dag.py:3508} INFO - Setting next_dagrun for dataset_produces_1 to 2023-09-03T00:00:00+00:00, run_after=2023-09-04T00:00:00+00:00
[2023-09-04T12:57:16.753+0000] {logging_mixin.py:150} INFO - [2023-09-04T12:57:16.753+0000] {dag.py:3508} INFO - Setting next_dagrun for dataset_produces_2 to None, run_after=None
[2023-09-04T12:57:16.839+0000] {processor.py:179} INFO - Processing /home/airflow/.local/lib/python3.7/site-packages/airflow/example_dags/example_datasets.py took 0.386 seconds
[2023-09-04T12:57:48.612+0000] {processor.py:157} INFO - Started process (PID=803) to work on /home/airflow/.local/lib/python3.7/site-packages/airflow/example_dags/example_datasets.py
[2023-09-04T12:57:48.615+0000] {processor.py:826} INFO - Processing file /home/airflow/.local/lib/python3.7/site-packages/airflow/example_dags/example_datasets.py for tasks to queue
[2023-09-04T12:57:48.618+0000] {logging_mixin.py:150} INFO - [2023-09-04T12:57:48.617+0000] {dagbag.py:541} INFO - Filling up the DagBag from /home/airflow/.local/lib/python3.7/site-packages/airflow/example_dags/example_datasets.py
[2023-09-04T12:57:48.648+0000] {processor.py:836} INFO - DAG(s) dict_keys(['dataset_produces_2', 'dataset_consumes_1_never_scheduled', 'dataset_consumes_unknown_never_scheduled', 'dataset_consumes_1', 'dataset_consumes_1_and_2', 'dataset_produces_1']) retrieved from /home/airflow/.local/lib/python3.7/site-packages/airflow/example_dags/example_datasets.py
[2023-09-04T12:57:48.768+0000] {logging_mixin.py:150} INFO - [2023-09-04T12:57:48.767+0000] {dag.py:2742} INFO - Sync 6 DAGs
[2023-09-04T12:57:48.873+0000] {logging_mixin.py:150} INFO - [2023-09-04T12:57:48.873+0000] {dag.py:3508} INFO - Setting next_dagrun for dataset_consumes_1 to None, run_after=None
[2023-09-04T12:57:48.899+0000] {logging_mixin.py:150} INFO - [2023-09-04T12:57:48.899+0000] {dag.py:3508} INFO - Setting next_dagrun for dataset_consumes_1_and_2 to None, run_after=None
[2023-09-04T12:57:48.913+0000] {logging_mixin.py:150} INFO - [2023-09-04T12:57:48.913+0000] {dag.py:3508} INFO - Setting next_dagrun for dataset_consumes_1_never_scheduled to None, run_after=None
[2023-09-04T12:57:48.931+0000] {logging_mixin.py:150} INFO - [2023-09-04T12:57:48.930+0000] {dag.py:3508} INFO - Setting next_dagrun for dataset_consumes_unknown_never_scheduled to None, run_after=None
[2023-09-04T12:57:48.964+0000] {logging_mixin.py:150} INFO - [2023-09-04T12:57:48.964+0000] {dag.py:3508} INFO - Setting next_dagrun for dataset_produces_1 to 2023-09-03T00:00:00+00:00, run_after=2023-09-04T00:00:00+00:00
[2023-09-04T12:57:48.970+0000] {logging_mixin.py:150} INFO - [2023-09-04T12:57:48.970+0000] {dag.py:3508} INFO - Setting next_dagrun for dataset_produces_2 to None, run_after=None
[2023-09-04T12:57:49.075+0000] {processor.py:179} INFO - Processing /home/airflow/.local/lib/python3.7/site-packages/airflow/example_dags/example_datasets.py took 0.470 seconds
[2023-09-04T12:58:19.218+0000] {processor.py:157} INFO - Started process (PID=862) to work on /home/airflow/.local/lib/python3.7/site-packages/airflow/example_dags/example_datasets.py
[2023-09-04T12:58:19.220+0000] {processor.py:826} INFO - Processing file /home/airflow/.local/lib/python3.7/site-packages/airflow/example_dags/example_datasets.py for tasks to queue
[2023-09-04T12:58:19.222+0000] {logging_mixin.py:150} INFO - [2023-09-04T12:58:19.221+0000] {dagbag.py:541} INFO - Filling up the DagBag from /home/airflow/.local/lib/python3.7/site-packages/airflow/example_dags/example_datasets.py
[2023-09-04T12:58:19.242+0000] {processor.py:836} INFO - DAG(s) dict_keys(['dataset_produces_1', 'dataset_consumes_unknown_never_scheduled', 'dataset_consumes_1', 'dataset_produces_2', 'dataset_consumes_1_never_scheduled', 'dataset_consumes_1_and_2']) retrieved from /home/airflow/.local/lib/python3.7/site-packages/airflow/example_dags/example_datasets.py
[2023-09-04T12:58:19.347+0000] {logging_mixin.py:150} INFO - [2023-09-04T12:58:19.346+0000] {dag.py:2742} INFO - Sync 6 DAGs
[2023-09-04T12:58:19.425+0000] {logging_mixin.py:150} INFO - [2023-09-04T12:58:19.425+0000] {dag.py:3508} INFO - Setting next_dagrun for dataset_consumes_1 to None, run_after=None
[2023-09-04T12:58:19.436+0000] {logging_mixin.py:150} INFO - [2023-09-04T12:58:19.435+0000] {dag.py:3508} INFO - Setting next_dagrun for dataset_consumes_1_and_2 to None, run_after=None
[2023-09-04T12:58:19.439+0000] {logging_mixin.py:150} INFO - [2023-09-04T12:58:19.439+0000] {dag.py:3508} INFO - Setting next_dagrun for dataset_consumes_1_never_scheduled to None, run_after=None
[2023-09-04T12:58:19.443+0000] {logging_mixin.py:150} INFO - [2023-09-04T12:58:19.443+0000] {dag.py:3508} INFO - Setting next_dagrun for dataset_consumes_unknown_never_scheduled to None, run_after=None
[2023-09-04T12:58:19.453+0000] {logging_mixin.py:150} INFO - [2023-09-04T12:58:19.452+0000] {dag.py:3508} INFO - Setting next_dagrun for dataset_produces_1 to 2023-09-03T00:00:00+00:00, run_after=2023-09-04T00:00:00+00:00
[2023-09-04T12:58:19.457+0000] {logging_mixin.py:150} INFO - [2023-09-04T12:58:19.457+0000] {dag.py:3508} INFO - Setting next_dagrun for dataset_produces_2 to None, run_after=None
[2023-09-04T12:58:19.551+0000] {processor.py:179} INFO - Processing /home/airflow/.local/lib/python3.7/site-packages/airflow/example_dags/example_datasets.py took 0.339 seconds
[2023-09-04T12:58:52.933+0000] {processor.py:157} INFO - Started process (PID=922) to work on /home/airflow/.local/lib/python3.7/site-packages/airflow/example_dags/example_datasets.py
[2023-09-04T12:58:52.945+0000] {processor.py:826} INFO - Processing file /home/airflow/.local/lib/python3.7/site-packages/airflow/example_dags/example_datasets.py for tasks to queue
[2023-09-04T12:58:52.948+0000] {logging_mixin.py:150} INFO - [2023-09-04T12:58:52.947+0000] {dagbag.py:541} INFO - Filling up the DagBag from /home/airflow/.local/lib/python3.7/site-packages/airflow/example_dags/example_datasets.py
[2023-09-04T12:58:53.026+0000] {processor.py:836} INFO - DAG(s) dict_keys(['dataset_produces_2', 'dataset_produces_1', 'dataset_consumes_1', 'dataset_consumes_unknown_never_scheduled', 'dataset_consumes_1_never_scheduled', 'dataset_consumes_1_and_2']) retrieved from /home/airflow/.local/lib/python3.7/site-packages/airflow/example_dags/example_datasets.py
[2023-09-04T12:58:53.157+0000] {logging_mixin.py:150} INFO - [2023-09-04T12:58:53.156+0000] {dag.py:2742} INFO - Sync 6 DAGs
[2023-09-04T12:58:53.263+0000] {logging_mixin.py:150} INFO - [2023-09-04T12:58:53.263+0000] {dag.py:3508} INFO - Setting next_dagrun for dataset_consumes_1 to None, run_after=None
[2023-09-04T12:58:53.281+0000] {logging_mixin.py:150} INFO - [2023-09-04T12:58:53.281+0000] {dag.py:3508} INFO - Setting next_dagrun for dataset_consumes_1_and_2 to None, run_after=None
[2023-09-04T12:58:53.289+0000] {logging_mixin.py:150} INFO - [2023-09-04T12:58:53.289+0000] {dag.py:3508} INFO - Setting next_dagrun for dataset_consumes_1_never_scheduled to None, run_after=None
[2023-09-04T12:58:53.293+0000] {logging_mixin.py:150} INFO - [2023-09-04T12:58:53.293+0000] {dag.py:3508} INFO - Setting next_dagrun for dataset_consumes_unknown_never_scheduled to None, run_after=None
[2023-09-04T12:58:53.306+0000] {logging_mixin.py:150} INFO - [2023-09-04T12:58:53.306+0000] {dag.py:3508} INFO - Setting next_dagrun for dataset_produces_1 to 2023-09-03T00:00:00+00:00, run_after=2023-09-04T00:00:00+00:00
[2023-09-04T12:58:53.310+0000] {logging_mixin.py:150} INFO - [2023-09-04T12:58:53.310+0000] {dag.py:3508} INFO - Setting next_dagrun for dataset_produces_2 to None, run_after=None
[2023-09-04T12:58:53.431+0000] {processor.py:179} INFO - Processing /home/airflow/.local/lib/python3.7/site-packages/airflow/example_dags/example_datasets.py took 0.506 seconds
