[2023-09-04T12:39:41.315+0000] {processor.py:157} INFO - Started process (PID=94) to work on /home/airflow/.local/lib/python3.7/site-packages/airflow/example_dags/example_dynamic_task_mapping_with_no_taskflow_operators.py
[2023-09-04T12:39:41.321+0000] {processor.py:826} INFO - Processing file /home/airflow/.local/lib/python3.7/site-packages/airflow/example_dags/example_dynamic_task_mapping_with_no_taskflow_operators.py for tasks to queue
[2023-09-04T12:39:41.323+0000] {logging_mixin.py:150} INFO - [2023-09-04T12:39:41.322+0000] {dagbag.py:541} INFO - Filling up the DagBag from /home/airflow/.local/lib/python3.7/site-packages/airflow/example_dags/example_dynamic_task_mapping_with_no_taskflow_operators.py
[2023-09-04T12:39:41.622+0000] {processor.py:836} INFO - DAG(s) dict_keys(['example_dynamic_task_mapping_with_no_taskflow_operators']) retrieved from /home/airflow/.local/lib/python3.7/site-packages/airflow/example_dags/example_dynamic_task_mapping_with_no_taskflow_operators.py
[2023-09-04T12:39:41.691+0000] {logging_mixin.py:150} INFO - [2023-09-04T12:39:41.690+0000] {dag.py:2742} INFO - Sync 1 DAGs
[2023-09-04T12:39:41.768+0000] {logging_mixin.py:150} INFO - [2023-09-04T12:39:41.768+0000] {dag.py:3508} INFO - Setting next_dagrun for example_dynamic_task_mapping_with_no_taskflow_operators to 2023-09-03T12:39:41.767307+00:00, run_after=2023-09-04T12:39:41.767307+00:00
[2023-09-04T12:39:41.823+0000] {processor.py:179} INFO - Processing /home/airflow/.local/lib/python3.7/site-packages/airflow/example_dags/example_dynamic_task_mapping_with_no_taskflow_operators.py took 0.528 seconds
[2023-09-04T12:40:13.167+0000] {processor.py:157} INFO - Started process (PID=152) to work on /home/airflow/.local/lib/python3.7/site-packages/airflow/example_dags/example_dynamic_task_mapping_with_no_taskflow_operators.py
[2023-09-04T12:40:13.170+0000] {processor.py:826} INFO - Processing file /home/airflow/.local/lib/python3.7/site-packages/airflow/example_dags/example_dynamic_task_mapping_with_no_taskflow_operators.py for tasks to queue
[2023-09-04T12:40:13.182+0000] {logging_mixin.py:150} INFO - [2023-09-04T12:40:13.181+0000] {dagbag.py:541} INFO - Filling up the DagBag from /home/airflow/.local/lib/python3.7/site-packages/airflow/example_dags/example_dynamic_task_mapping_with_no_taskflow_operators.py
[2023-09-04T12:40:13.208+0000] {processor.py:836} INFO - DAG(s) dict_keys(['example_dynamic_task_mapping_with_no_taskflow_operators']) retrieved from /home/airflow/.local/lib/python3.7/site-packages/airflow/example_dags/example_dynamic_task_mapping_with_no_taskflow_operators.py
[2023-09-04T12:40:13.298+0000] {logging_mixin.py:150} INFO - [2023-09-04T12:40:13.297+0000] {dag.py:2742} INFO - Sync 1 DAGs
[2023-09-04T12:40:13.386+0000] {logging_mixin.py:150} INFO - [2023-09-04T12:40:13.386+0000] {dag.py:3508} INFO - Setting next_dagrun for example_dynamic_task_mapping_with_no_taskflow_operators to 2023-09-03T12:40:13.385899+00:00, run_after=2023-09-04T12:40:13.385899+00:00
[2023-09-04T12:40:13.465+0000] {processor.py:179} INFO - Processing /home/airflow/.local/lib/python3.7/site-packages/airflow/example_dags/example_dynamic_task_mapping_with_no_taskflow_operators.py took 0.317 seconds
[2023-09-04T12:40:51.538+0000] {processor.py:157} INFO - Started process (PID=217) to work on /home/airflow/.local/lib/python3.7/site-packages/airflow/example_dags/example_dynamic_task_mapping_with_no_taskflow_operators.py
[2023-09-04T12:40:51.589+0000] {processor.py:826} INFO - Processing file /home/airflow/.local/lib/python3.7/site-packages/airflow/example_dags/example_dynamic_task_mapping_with_no_taskflow_operators.py for tasks to queue
[2023-09-04T12:40:51.625+0000] {logging_mixin.py:150} INFO - [2023-09-04T12:40:51.624+0000] {dagbag.py:541} INFO - Filling up the DagBag from /home/airflow/.local/lib/python3.7/site-packages/airflow/example_dags/example_dynamic_task_mapping_with_no_taskflow_operators.py
[2023-09-04T12:40:51.743+0000] {processor.py:836} INFO - DAG(s) dict_keys(['example_dynamic_task_mapping_with_no_taskflow_operators']) retrieved from /home/airflow/.local/lib/python3.7/site-packages/airflow/example_dags/example_dynamic_task_mapping_with_no_taskflow_operators.py
[2023-09-04T12:40:51.932+0000] {logging_mixin.py:150} INFO - [2023-09-04T12:40:51.931+0000] {dag.py:2742} INFO - Sync 1 DAGs
[2023-09-04T12:40:52.209+0000] {logging_mixin.py:150} INFO - [2023-09-04T12:40:52.209+0000] {dag.py:3508} INFO - Setting next_dagrun for example_dynamic_task_mapping_with_no_taskflow_operators to 2023-09-03T12:40:52.208747+00:00, run_after=2023-09-04T12:40:52.208747+00:00
[2023-09-04T12:40:52.482+0000] {processor.py:179} INFO - Processing /home/airflow/.local/lib/python3.7/site-packages/airflow/example_dags/example_dynamic_task_mapping_with_no_taskflow_operators.py took 0.972 seconds
[2023-09-04T12:41:26.653+0000] {processor.py:157} INFO - Started process (PID=275) to work on /home/airflow/.local/lib/python3.7/site-packages/airflow/example_dags/example_dynamic_task_mapping_with_no_taskflow_operators.py
[2023-09-04T12:41:26.659+0000] {processor.py:826} INFO - Processing file /home/airflow/.local/lib/python3.7/site-packages/airflow/example_dags/example_dynamic_task_mapping_with_no_taskflow_operators.py for tasks to queue
[2023-09-04T12:41:26.677+0000] {logging_mixin.py:150} INFO - [2023-09-04T12:41:26.676+0000] {dagbag.py:541} INFO - Filling up the DagBag from /home/airflow/.local/lib/python3.7/site-packages/airflow/example_dags/example_dynamic_task_mapping_with_no_taskflow_operators.py
[2023-09-04T12:41:26.755+0000] {processor.py:836} INFO - DAG(s) dict_keys(['example_dynamic_task_mapping_with_no_taskflow_operators']) retrieved from /home/airflow/.local/lib/python3.7/site-packages/airflow/example_dags/example_dynamic_task_mapping_with_no_taskflow_operators.py
[2023-09-04T12:41:27.076+0000] {logging_mixin.py:150} INFO - [2023-09-04T12:41:27.064+0000] {dag.py:2742} INFO - Sync 1 DAGs
[2023-09-04T12:41:27.429+0000] {logging_mixin.py:150} INFO - [2023-09-04T12:41:27.429+0000] {dag.py:3508} INFO - Setting next_dagrun for example_dynamic_task_mapping_with_no_taskflow_operators to 2023-09-03T12:41:27.428566+00:00, run_after=2023-09-04T12:41:27.428566+00:00
[2023-09-04T12:41:27.688+0000] {processor.py:179} INFO - Processing /home/airflow/.local/lib/python3.7/site-packages/airflow/example_dags/example_dynamic_task_mapping_with_no_taskflow_operators.py took 1.108 seconds
[2023-09-04T12:42:12.365+0000] {processor.py:157} INFO - Started process (PID=340) to work on /home/airflow/.local/lib/python3.7/site-packages/airflow/example_dags/example_dynamic_task_mapping_with_no_taskflow_operators.py
[2023-09-04T12:42:12.436+0000] {processor.py:826} INFO - Processing file /home/airflow/.local/lib/python3.7/site-packages/airflow/example_dags/example_dynamic_task_mapping_with_no_taskflow_operators.py for tasks to queue
[2023-09-04T12:42:12.486+0000] {logging_mixin.py:150} INFO - [2023-09-04T12:42:12.485+0000] {dagbag.py:541} INFO - Filling up the DagBag from /home/airflow/.local/lib/python3.7/site-packages/airflow/example_dags/example_dynamic_task_mapping_with_no_taskflow_operators.py
[2023-09-04T12:42:12.560+0000] {processor.py:836} INFO - DAG(s) dict_keys(['example_dynamic_task_mapping_with_no_taskflow_operators']) retrieved from /home/airflow/.local/lib/python3.7/site-packages/airflow/example_dags/example_dynamic_task_mapping_with_no_taskflow_operators.py
[2023-09-04T12:42:12.830+0000] {logging_mixin.py:150} INFO - [2023-09-04T12:42:12.830+0000] {dag.py:2742} INFO - Sync 1 DAGs
[2023-09-04T12:42:13.088+0000] {logging_mixin.py:150} INFO - [2023-09-04T12:42:13.088+0000] {dag.py:3508} INFO - Setting next_dagrun for example_dynamic_task_mapping_with_no_taskflow_operators to 2023-09-03T12:42:13.087693+00:00, run_after=2023-09-04T12:42:13.087693+00:00
[2023-09-04T12:42:13.252+0000] {processor.py:179} INFO - Processing /home/airflow/.local/lib/python3.7/site-packages/airflow/example_dags/example_dynamic_task_mapping_with_no_taskflow_operators.py took 0.905 seconds
[2023-09-04T12:42:50.133+0000] {processor.py:157} INFO - Started process (PID=399) to work on /home/airflow/.local/lib/python3.7/site-packages/airflow/example_dags/example_dynamic_task_mapping_with_no_taskflow_operators.py
[2023-09-04T12:42:50.149+0000] {processor.py:826} INFO - Processing file /home/airflow/.local/lib/python3.7/site-packages/airflow/example_dags/example_dynamic_task_mapping_with_no_taskflow_operators.py for tasks to queue
[2023-09-04T12:42:50.164+0000] {logging_mixin.py:150} INFO - [2023-09-04T12:42:50.158+0000] {dagbag.py:541} INFO - Filling up the DagBag from /home/airflow/.local/lib/python3.7/site-packages/airflow/example_dags/example_dynamic_task_mapping_with_no_taskflow_operators.py
[2023-09-04T12:42:50.301+0000] {processor.py:836} INFO - DAG(s) dict_keys(['example_dynamic_task_mapping_with_no_taskflow_operators']) retrieved from /home/airflow/.local/lib/python3.7/site-packages/airflow/example_dags/example_dynamic_task_mapping_with_no_taskflow_operators.py
[2023-09-04T12:42:50.758+0000] {logging_mixin.py:150} INFO - [2023-09-04T12:42:50.747+0000] {dag.py:2742} INFO - Sync 1 DAGs
[2023-09-04T12:42:51.093+0000] {logging_mixin.py:150} INFO - [2023-09-04T12:42:51.092+0000] {dag.py:3508} INFO - Setting next_dagrun for example_dynamic_task_mapping_with_no_taskflow_operators to 2023-09-03T12:42:51.091934+00:00, run_after=2023-09-04T12:42:51.091934+00:00
[2023-09-04T12:42:51.239+0000] {processor.py:179} INFO - Processing /home/airflow/.local/lib/python3.7/site-packages/airflow/example_dags/example_dynamic_task_mapping_with_no_taskflow_operators.py took 1.174 seconds
[2023-09-04T12:43:22.504+0000] {processor.py:157} INFO - Started process (PID=459) to work on /home/airflow/.local/lib/python3.7/site-packages/airflow/example_dags/example_dynamic_task_mapping_with_no_taskflow_operators.py
[2023-09-04T12:43:22.535+0000] {processor.py:826} INFO - Processing file /home/airflow/.local/lib/python3.7/site-packages/airflow/example_dags/example_dynamic_task_mapping_with_no_taskflow_operators.py for tasks to queue
[2023-09-04T12:43:22.543+0000] {logging_mixin.py:150} INFO - [2023-09-04T12:43:22.543+0000] {dagbag.py:541} INFO - Filling up the DagBag from /home/airflow/.local/lib/python3.7/site-packages/airflow/example_dags/example_dynamic_task_mapping_with_no_taskflow_operators.py
[2023-09-04T12:43:22.674+0000] {processor.py:836} INFO - DAG(s) dict_keys(['example_dynamic_task_mapping_with_no_taskflow_operators']) retrieved from /home/airflow/.local/lib/python3.7/site-packages/airflow/example_dags/example_dynamic_task_mapping_with_no_taskflow_operators.py
[2023-09-04T12:43:22.895+0000] {logging_mixin.py:150} INFO - [2023-09-04T12:43:22.894+0000] {dag.py:2742} INFO - Sync 1 DAGs
[2023-09-04T12:43:23.226+0000] {logging_mixin.py:150} INFO - [2023-09-04T12:43:23.226+0000] {dag.py:3508} INFO - Setting next_dagrun for example_dynamic_task_mapping_with_no_taskflow_operators to 2023-09-03T12:43:23.225419+00:00, run_after=2023-09-04T12:43:23.225419+00:00
[2023-09-04T12:43:23.489+0000] {processor.py:179} INFO - Processing /home/airflow/.local/lib/python3.7/site-packages/airflow/example_dags/example_dynamic_task_mapping_with_no_taskflow_operators.py took 1.011 seconds
[2023-09-04T12:43:56.309+0000] {processor.py:157} INFO - Started process (PID=512) to work on /home/airflow/.local/lib/python3.7/site-packages/airflow/example_dags/example_dynamic_task_mapping_with_no_taskflow_operators.py
[2023-09-04T12:43:56.324+0000] {processor.py:826} INFO - Processing file /home/airflow/.local/lib/python3.7/site-packages/airflow/example_dags/example_dynamic_task_mapping_with_no_taskflow_operators.py for tasks to queue
[2023-09-04T12:43:56.327+0000] {logging_mixin.py:150} INFO - [2023-09-04T12:43:56.326+0000] {dagbag.py:541} INFO - Filling up the DagBag from /home/airflow/.local/lib/python3.7/site-packages/airflow/example_dags/example_dynamic_task_mapping_with_no_taskflow_operators.py
[2023-09-04T12:43:56.390+0000] {processor.py:836} INFO - DAG(s) dict_keys(['example_dynamic_task_mapping_with_no_taskflow_operators']) retrieved from /home/airflow/.local/lib/python3.7/site-packages/airflow/example_dags/example_dynamic_task_mapping_with_no_taskflow_operators.py
[2023-09-04T12:43:56.571+0000] {logging_mixin.py:150} INFO - [2023-09-04T12:43:56.571+0000] {dag.py:2742} INFO - Sync 1 DAGs
[2023-09-04T12:43:56.788+0000] {logging_mixin.py:150} INFO - [2023-09-04T12:43:56.787+0000] {dag.py:3508} INFO - Setting next_dagrun for example_dynamic_task_mapping_with_no_taskflow_operators to 2023-09-03T12:43:56.786977+00:00, run_after=2023-09-04T12:43:56.786977+00:00
[2023-09-04T12:43:56.944+0000] {processor.py:179} INFO - Processing /home/airflow/.local/lib/python3.7/site-packages/airflow/example_dags/example_dynamic_task_mapping_with_no_taskflow_operators.py took 0.644 seconds
[2023-09-04T12:44:27.163+0000] {processor.py:157} INFO - Started process (PID=571) to work on /home/airflow/.local/lib/python3.7/site-packages/airflow/example_dags/example_dynamic_task_mapping_with_no_taskflow_operators.py
[2023-09-04T12:44:27.166+0000] {processor.py:826} INFO - Processing file /home/airflow/.local/lib/python3.7/site-packages/airflow/example_dags/example_dynamic_task_mapping_with_no_taskflow_operators.py for tasks to queue
[2023-09-04T12:44:27.170+0000] {logging_mixin.py:150} INFO - [2023-09-04T12:44:27.169+0000] {dagbag.py:541} INFO - Filling up the DagBag from /home/airflow/.local/lib/python3.7/site-packages/airflow/example_dags/example_dynamic_task_mapping_with_no_taskflow_operators.py
[2023-09-04T12:44:27.207+0000] {processor.py:836} INFO - DAG(s) dict_keys(['example_dynamic_task_mapping_with_no_taskflow_operators']) retrieved from /home/airflow/.local/lib/python3.7/site-packages/airflow/example_dags/example_dynamic_task_mapping_with_no_taskflow_operators.py
[2023-09-04T12:44:27.317+0000] {logging_mixin.py:150} INFO - [2023-09-04T12:44:27.316+0000] {dag.py:2742} INFO - Sync 1 DAGs
[2023-09-04T12:44:27.495+0000] {logging_mixin.py:150} INFO - [2023-09-04T12:44:27.494+0000] {dag.py:3508} INFO - Setting next_dagrun for example_dynamic_task_mapping_with_no_taskflow_operators to 2023-09-03T12:44:27.494278+00:00, run_after=2023-09-04T12:44:27.494278+00:00
[2023-09-04T12:44:27.632+0000] {processor.py:179} INFO - Processing /home/airflow/.local/lib/python3.7/site-packages/airflow/example_dags/example_dynamic_task_mapping_with_no_taskflow_operators.py took 0.488 seconds
[2023-09-04T12:45:10.262+0000] {processor.py:157} INFO - Started process (PID=632) to work on /home/airflow/.local/lib/python3.7/site-packages/airflow/example_dags/example_dynamic_task_mapping_with_no_taskflow_operators.py
[2023-09-04T12:45:10.265+0000] {processor.py:826} INFO - Processing file /home/airflow/.local/lib/python3.7/site-packages/airflow/example_dags/example_dynamic_task_mapping_with_no_taskflow_operators.py for tasks to queue
[2023-09-04T12:45:10.268+0000] {logging_mixin.py:150} INFO - [2023-09-04T12:45:10.268+0000] {dagbag.py:541} INFO - Filling up the DagBag from /home/airflow/.local/lib/python3.7/site-packages/airflow/example_dags/example_dynamic_task_mapping_with_no_taskflow_operators.py
[2023-09-04T12:45:10.288+0000] {processor.py:836} INFO - DAG(s) dict_keys(['example_dynamic_task_mapping_with_no_taskflow_operators']) retrieved from /home/airflow/.local/lib/python3.7/site-packages/airflow/example_dags/example_dynamic_task_mapping_with_no_taskflow_operators.py
[2023-09-04T12:45:10.423+0000] {logging_mixin.py:150} INFO - [2023-09-04T12:45:10.423+0000] {dag.py:2742} INFO - Sync 1 DAGs
[2023-09-04T12:45:10.505+0000] {logging_mixin.py:150} INFO - [2023-09-04T12:45:10.505+0000] {dag.py:3508} INFO - Setting next_dagrun for example_dynamic_task_mapping_with_no_taskflow_operators to 2023-09-03T12:45:10.504901+00:00, run_after=2023-09-04T12:45:10.504901+00:00
[2023-09-04T12:45:10.578+0000] {processor.py:179} INFO - Processing /home/airflow/.local/lib/python3.7/site-packages/airflow/example_dags/example_dynamic_task_mapping_with_no_taskflow_operators.py took 0.323 seconds
[2023-09-04T12:45:41.319+0000] {processor.py:157} INFO - Started process (PID=692) to work on /home/airflow/.local/lib/python3.7/site-packages/airflow/example_dags/example_dynamic_task_mapping_with_no_taskflow_operators.py
[2023-09-04T12:45:41.321+0000] {processor.py:826} INFO - Processing file /home/airflow/.local/lib/python3.7/site-packages/airflow/example_dags/example_dynamic_task_mapping_with_no_taskflow_operators.py for tasks to queue
[2023-09-04T12:45:41.324+0000] {logging_mixin.py:150} INFO - [2023-09-04T12:45:41.323+0000] {dagbag.py:541} INFO - Filling up the DagBag from /home/airflow/.local/lib/python3.7/site-packages/airflow/example_dags/example_dynamic_task_mapping_with_no_taskflow_operators.py
[2023-09-04T12:45:41.348+0000] {processor.py:836} INFO - DAG(s) dict_keys(['example_dynamic_task_mapping_with_no_taskflow_operators']) retrieved from /home/airflow/.local/lib/python3.7/site-packages/airflow/example_dags/example_dynamic_task_mapping_with_no_taskflow_operators.py
[2023-09-04T12:45:41.517+0000] {logging_mixin.py:150} INFO - [2023-09-04T12:45:41.517+0000] {dag.py:2742} INFO - Sync 1 DAGs
[2023-09-04T12:45:41.695+0000] {logging_mixin.py:150} INFO - [2023-09-04T12:45:41.694+0000] {dag.py:3508} INFO - Setting next_dagrun for example_dynamic_task_mapping_with_no_taskflow_operators to 2023-09-03T12:45:41.694058+00:00, run_after=2023-09-04T12:45:41.694058+00:00
[2023-09-04T12:45:41.861+0000] {processor.py:179} INFO - Processing /home/airflow/.local/lib/python3.7/site-packages/airflow/example_dags/example_dynamic_task_mapping_with_no_taskflow_operators.py took 0.550 seconds
[2023-09-04T12:46:12.059+0000] {processor.py:157} INFO - Started process (PID=752) to work on /home/airflow/.local/lib/python3.7/site-packages/airflow/example_dags/example_dynamic_task_mapping_with_no_taskflow_operators.py
[2023-09-04T12:46:12.061+0000] {processor.py:826} INFO - Processing file /home/airflow/.local/lib/python3.7/site-packages/airflow/example_dags/example_dynamic_task_mapping_with_no_taskflow_operators.py for tasks to queue
[2023-09-04T12:46:12.065+0000] {logging_mixin.py:150} INFO - [2023-09-04T12:46:12.064+0000] {dagbag.py:541} INFO - Filling up the DagBag from /home/airflow/.local/lib/python3.7/site-packages/airflow/example_dags/example_dynamic_task_mapping_with_no_taskflow_operators.py
[2023-09-04T12:46:12.082+0000] {processor.py:836} INFO - DAG(s) dict_keys(['example_dynamic_task_mapping_with_no_taskflow_operators']) retrieved from /home/airflow/.local/lib/python3.7/site-packages/airflow/example_dags/example_dynamic_task_mapping_with_no_taskflow_operators.py
[2023-09-04T12:46:12.143+0000] {logging_mixin.py:150} INFO - [2023-09-04T12:46:12.142+0000] {dag.py:2742} INFO - Sync 1 DAGs
[2023-09-04T12:46:12.201+0000] {logging_mixin.py:150} INFO - [2023-09-04T12:46:12.200+0000] {dag.py:3508} INFO - Setting next_dagrun for example_dynamic_task_mapping_with_no_taskflow_operators to 2023-09-03T12:46:12.200048+00:00, run_after=2023-09-04T12:46:12.200048+00:00
[2023-09-04T12:46:12.245+0000] {processor.py:179} INFO - Processing /home/airflow/.local/lib/python3.7/site-packages/airflow/example_dags/example_dynamic_task_mapping_with_no_taskflow_operators.py took 0.195 seconds
[2023-09-04T12:46:42.770+0000] {processor.py:157} INFO - Started process (PID=811) to work on /home/airflow/.local/lib/python3.7/site-packages/airflow/example_dags/example_dynamic_task_mapping_with_no_taskflow_operators.py
[2023-09-04T12:46:42.773+0000] {processor.py:826} INFO - Processing file /home/airflow/.local/lib/python3.7/site-packages/airflow/example_dags/example_dynamic_task_mapping_with_no_taskflow_operators.py for tasks to queue
[2023-09-04T12:46:42.776+0000] {logging_mixin.py:150} INFO - [2023-09-04T12:46:42.775+0000] {dagbag.py:541} INFO - Filling up the DagBag from /home/airflow/.local/lib/python3.7/site-packages/airflow/example_dags/example_dynamic_task_mapping_with_no_taskflow_operators.py
[2023-09-04T12:46:42.790+0000] {processor.py:836} INFO - DAG(s) dict_keys(['example_dynamic_task_mapping_with_no_taskflow_operators']) retrieved from /home/airflow/.local/lib/python3.7/site-packages/airflow/example_dags/example_dynamic_task_mapping_with_no_taskflow_operators.py
[2023-09-04T12:46:42.890+0000] {logging_mixin.py:150} INFO - [2023-09-04T12:46:42.890+0000] {dag.py:2742} INFO - Sync 1 DAGs
[2023-09-04T12:46:42.993+0000] {logging_mixin.py:150} INFO - [2023-09-04T12:46:42.992+0000] {dag.py:3508} INFO - Setting next_dagrun for example_dynamic_task_mapping_with_no_taskflow_operators to 2023-09-03T12:46:42.992345+00:00, run_after=2023-09-04T12:46:42.992345+00:00
[2023-09-04T12:46:43.036+0000] {processor.py:179} INFO - Processing /home/airflow/.local/lib/python3.7/site-packages/airflow/example_dags/example_dynamic_task_mapping_with_no_taskflow_operators.py took 0.274 seconds
[2023-09-04T12:47:13.846+0000] {processor.py:157} INFO - Started process (PID=870) to work on /home/airflow/.local/lib/python3.7/site-packages/airflow/example_dags/example_dynamic_task_mapping_with_no_taskflow_operators.py
[2023-09-04T12:47:13.848+0000] {processor.py:826} INFO - Processing file /home/airflow/.local/lib/python3.7/site-packages/airflow/example_dags/example_dynamic_task_mapping_with_no_taskflow_operators.py for tasks to queue
[2023-09-04T12:47:13.850+0000] {logging_mixin.py:150} INFO - [2023-09-04T12:47:13.850+0000] {dagbag.py:541} INFO - Filling up the DagBag from /home/airflow/.local/lib/python3.7/site-packages/airflow/example_dags/example_dynamic_task_mapping_with_no_taskflow_operators.py
[2023-09-04T12:47:13.862+0000] {processor.py:836} INFO - DAG(s) dict_keys(['example_dynamic_task_mapping_with_no_taskflow_operators']) retrieved from /home/airflow/.local/lib/python3.7/site-packages/airflow/example_dags/example_dynamic_task_mapping_with_no_taskflow_operators.py
[2023-09-04T12:47:13.913+0000] {logging_mixin.py:150} INFO - [2023-09-04T12:47:13.912+0000] {dag.py:2742} INFO - Sync 1 DAGs
[2023-09-04T12:47:13.978+0000] {logging_mixin.py:150} INFO - [2023-09-04T12:47:13.978+0000] {dag.py:3508} INFO - Setting next_dagrun for example_dynamic_task_mapping_with_no_taskflow_operators to 2023-09-03T12:47:13.978020+00:00, run_after=2023-09-04T12:47:13.978020+00:00
[2023-09-04T12:47:14.024+0000] {processor.py:179} INFO - Processing /home/airflow/.local/lib/python3.7/site-packages/airflow/example_dags/example_dynamic_task_mapping_with_no_taskflow_operators.py took 0.183 seconds
[2023-09-04T12:47:44.504+0000] {processor.py:157} INFO - Started process (PID=930) to work on /home/airflow/.local/lib/python3.7/site-packages/airflow/example_dags/example_dynamic_task_mapping_with_no_taskflow_operators.py
[2023-09-04T12:47:44.512+0000] {processor.py:826} INFO - Processing file /home/airflow/.local/lib/python3.7/site-packages/airflow/example_dags/example_dynamic_task_mapping_with_no_taskflow_operators.py for tasks to queue
[2023-09-04T12:47:44.516+0000] {logging_mixin.py:150} INFO - [2023-09-04T12:47:44.515+0000] {dagbag.py:541} INFO - Filling up the DagBag from /home/airflow/.local/lib/python3.7/site-packages/airflow/example_dags/example_dynamic_task_mapping_with_no_taskflow_operators.py
[2023-09-04T12:47:44.538+0000] {processor.py:836} INFO - DAG(s) dict_keys(['example_dynamic_task_mapping_with_no_taskflow_operators']) retrieved from /home/airflow/.local/lib/python3.7/site-packages/airflow/example_dags/example_dynamic_task_mapping_with_no_taskflow_operators.py
[2023-09-04T12:47:44.641+0000] {logging_mixin.py:150} INFO - [2023-09-04T12:47:44.640+0000] {dag.py:2742} INFO - Sync 1 DAGs
[2023-09-04T12:47:44.699+0000] {logging_mixin.py:150} INFO - [2023-09-04T12:47:44.699+0000] {dag.py:3508} INFO - Setting next_dagrun for example_dynamic_task_mapping_with_no_taskflow_operators to 2023-09-03T12:47:44.698934+00:00, run_after=2023-09-04T12:47:44.698934+00:00
[2023-09-04T12:47:44.746+0000] {processor.py:179} INFO - Processing /home/airflow/.local/lib/python3.7/site-packages/airflow/example_dags/example_dynamic_task_mapping_with_no_taskflow_operators.py took 0.251 seconds
[2023-09-04T12:48:15.687+0000] {processor.py:157} INFO - Started process (PID=990) to work on /home/airflow/.local/lib/python3.7/site-packages/airflow/example_dags/example_dynamic_task_mapping_with_no_taskflow_operators.py
[2023-09-04T12:48:15.690+0000] {processor.py:826} INFO - Processing file /home/airflow/.local/lib/python3.7/site-packages/airflow/example_dags/example_dynamic_task_mapping_with_no_taskflow_operators.py for tasks to queue
[2023-09-04T12:48:15.692+0000] {logging_mixin.py:150} INFO - [2023-09-04T12:48:15.692+0000] {dagbag.py:541} INFO - Filling up the DagBag from /home/airflow/.local/lib/python3.7/site-packages/airflow/example_dags/example_dynamic_task_mapping_with_no_taskflow_operators.py
[2023-09-04T12:48:15.710+0000] {processor.py:836} INFO - DAG(s) dict_keys(['example_dynamic_task_mapping_with_no_taskflow_operators']) retrieved from /home/airflow/.local/lib/python3.7/site-packages/airflow/example_dags/example_dynamic_task_mapping_with_no_taskflow_operators.py
[2023-09-04T12:48:15.756+0000] {logging_mixin.py:150} INFO - [2023-09-04T12:48:15.756+0000] {dag.py:2742} INFO - Sync 1 DAGs
[2023-09-04T12:48:15.820+0000] {logging_mixin.py:150} INFO - [2023-09-04T12:48:15.820+0000] {dag.py:3508} INFO - Setting next_dagrun for example_dynamic_task_mapping_with_no_taskflow_operators to 2023-09-03T12:48:15.819606+00:00, run_after=2023-09-04T12:48:15.819606+00:00
[2023-09-04T12:48:15.861+0000] {processor.py:179} INFO - Processing /home/airflow/.local/lib/python3.7/site-packages/airflow/example_dags/example_dynamic_task_mapping_with_no_taskflow_operators.py took 0.183 seconds
[2023-09-04T12:48:49.373+0000] {processor.py:157} INFO - Started process (PID=1050) to work on /home/airflow/.local/lib/python3.7/site-packages/airflow/example_dags/example_dynamic_task_mapping_with_no_taskflow_operators.py
[2023-09-04T12:48:49.383+0000] {processor.py:826} INFO - Processing file /home/airflow/.local/lib/python3.7/site-packages/airflow/example_dags/example_dynamic_task_mapping_with_no_taskflow_operators.py for tasks to queue
[2023-09-04T12:48:49.404+0000] {logging_mixin.py:150} INFO - [2023-09-04T12:48:49.403+0000] {dagbag.py:541} INFO - Filling up the DagBag from /home/airflow/.local/lib/python3.7/site-packages/airflow/example_dags/example_dynamic_task_mapping_with_no_taskflow_operators.py
[2023-09-04T12:48:49.454+0000] {processor.py:836} INFO - DAG(s) dict_keys(['example_dynamic_task_mapping_with_no_taskflow_operators']) retrieved from /home/airflow/.local/lib/python3.7/site-packages/airflow/example_dags/example_dynamic_task_mapping_with_no_taskflow_operators.py
[2023-09-04T12:48:49.614+0000] {logging_mixin.py:150} INFO - [2023-09-04T12:48:49.603+0000] {dag.py:2742} INFO - Sync 1 DAGs
[2023-09-04T12:48:49.906+0000] {logging_mixin.py:150} INFO - [2023-09-04T12:48:49.905+0000] {dag.py:3508} INFO - Setting next_dagrun for example_dynamic_task_mapping_with_no_taskflow_operators to 2023-09-03T12:48:49.905328+00:00, run_after=2023-09-04T12:48:49.905328+00:00
[2023-09-04T12:48:50.060+0000] {processor.py:179} INFO - Processing /home/airflow/.local/lib/python3.7/site-packages/airflow/example_dags/example_dynamic_task_mapping_with_no_taskflow_operators.py took 0.705 seconds
[2023-09-04T12:49:20.149+0000] {processor.py:157} INFO - Started process (PID=1109) to work on /home/airflow/.local/lib/python3.7/site-packages/airflow/example_dags/example_dynamic_task_mapping_with_no_taskflow_operators.py
[2023-09-04T12:49:20.151+0000] {processor.py:826} INFO - Processing file /home/airflow/.local/lib/python3.7/site-packages/airflow/example_dags/example_dynamic_task_mapping_with_no_taskflow_operators.py for tasks to queue
[2023-09-04T12:49:20.155+0000] {logging_mixin.py:150} INFO - [2023-09-04T12:49:20.155+0000] {dagbag.py:541} INFO - Filling up the DagBag from /home/airflow/.local/lib/python3.7/site-packages/airflow/example_dags/example_dynamic_task_mapping_with_no_taskflow_operators.py
[2023-09-04T12:49:20.170+0000] {processor.py:836} INFO - DAG(s) dict_keys(['example_dynamic_task_mapping_with_no_taskflow_operators']) retrieved from /home/airflow/.local/lib/python3.7/site-packages/airflow/example_dags/example_dynamic_task_mapping_with_no_taskflow_operators.py
[2023-09-04T12:49:20.233+0000] {logging_mixin.py:150} INFO - [2023-09-04T12:49:20.233+0000] {dag.py:2742} INFO - Sync 1 DAGs
[2023-09-04T12:49:20.291+0000] {logging_mixin.py:150} INFO - [2023-09-04T12:49:20.290+0000] {dag.py:3508} INFO - Setting next_dagrun for example_dynamic_task_mapping_with_no_taskflow_operators to 2023-09-03T12:49:20.290307+00:00, run_after=2023-09-04T12:49:20.290307+00:00
[2023-09-04T12:49:20.357+0000] {processor.py:179} INFO - Processing /home/airflow/.local/lib/python3.7/site-packages/airflow/example_dags/example_dynamic_task_mapping_with_no_taskflow_operators.py took 0.214 seconds
[2023-09-04T12:51:27.337+0000] {processor.py:157} INFO - Started process (PID=78) to work on /home/airflow/.local/lib/python3.7/site-packages/airflow/example_dags/example_dynamic_task_mapping_with_no_taskflow_operators.py
[2023-09-04T12:51:27.340+0000] {processor.py:826} INFO - Processing file /home/airflow/.local/lib/python3.7/site-packages/airflow/example_dags/example_dynamic_task_mapping_with_no_taskflow_operators.py for tasks to queue
[2023-09-04T12:51:27.343+0000] {logging_mixin.py:150} INFO - [2023-09-04T12:51:27.342+0000] {dagbag.py:541} INFO - Filling up the DagBag from /home/airflow/.local/lib/python3.7/site-packages/airflow/example_dags/example_dynamic_task_mapping_with_no_taskflow_operators.py
[2023-09-04T12:51:27.366+0000] {processor.py:836} INFO - DAG(s) dict_keys(['example_dynamic_task_mapping_with_no_taskflow_operators']) retrieved from /home/airflow/.local/lib/python3.7/site-packages/airflow/example_dags/example_dynamic_task_mapping_with_no_taskflow_operators.py
[2023-09-04T12:51:27.431+0000] {logging_mixin.py:150} INFO - [2023-09-04T12:51:27.430+0000] {dag.py:2742} INFO - Sync 1 DAGs
[2023-09-04T12:51:27.564+0000] {logging_mixin.py:150} INFO - [2023-09-04T12:51:27.564+0000] {dag.py:3508} INFO - Setting next_dagrun for example_dynamic_task_mapping_with_no_taskflow_operators to 2023-09-03T12:51:27.563243+00:00, run_after=2023-09-04T12:51:27.563243+00:00
[2023-09-04T12:51:27.625+0000] {processor.py:179} INFO - Processing /home/airflow/.local/lib/python3.7/site-packages/airflow/example_dags/example_dynamic_task_mapping_with_no_taskflow_operators.py took 0.296 seconds
[2023-09-04T12:51:57.956+0000] {processor.py:157} INFO - Started process (PID=136) to work on /home/airflow/.local/lib/python3.7/site-packages/airflow/example_dags/example_dynamic_task_mapping_with_no_taskflow_operators.py
[2023-09-04T12:51:57.964+0000] {processor.py:826} INFO - Processing file /home/airflow/.local/lib/python3.7/site-packages/airflow/example_dags/example_dynamic_task_mapping_with_no_taskflow_operators.py for tasks to queue
[2023-09-04T12:51:57.966+0000] {logging_mixin.py:150} INFO - [2023-09-04T12:51:57.966+0000] {dagbag.py:541} INFO - Filling up the DagBag from /home/airflow/.local/lib/python3.7/site-packages/airflow/example_dags/example_dynamic_task_mapping_with_no_taskflow_operators.py
[2023-09-04T12:51:57.997+0000] {processor.py:836} INFO - DAG(s) dict_keys(['example_dynamic_task_mapping_with_no_taskflow_operators']) retrieved from /home/airflow/.local/lib/python3.7/site-packages/airflow/example_dags/example_dynamic_task_mapping_with_no_taskflow_operators.py
[2023-09-04T12:51:58.132+0000] {logging_mixin.py:150} INFO - [2023-09-04T12:51:58.132+0000] {dag.py:2742} INFO - Sync 1 DAGs
[2023-09-04T12:51:58.451+0000] {logging_mixin.py:150} INFO - [2023-09-04T12:51:58.451+0000] {dag.py:3508} INFO - Setting next_dagrun for example_dynamic_task_mapping_with_no_taskflow_operators to 2023-09-03T12:51:58.450459+00:00, run_after=2023-09-04T12:51:58.450459+00:00
[2023-09-04T12:51:58.665+0000] {processor.py:179} INFO - Processing /home/airflow/.local/lib/python3.7/site-packages/airflow/example_dags/example_dynamic_task_mapping_with_no_taskflow_operators.py took 0.715 seconds
[2023-09-04T12:52:29.197+0000] {processor.py:157} INFO - Started process (PID=195) to work on /home/airflow/.local/lib/python3.7/site-packages/airflow/example_dags/example_dynamic_task_mapping_with_no_taskflow_operators.py
[2023-09-04T12:52:29.203+0000] {processor.py:826} INFO - Processing file /home/airflow/.local/lib/python3.7/site-packages/airflow/example_dags/example_dynamic_task_mapping_with_no_taskflow_operators.py for tasks to queue
[2023-09-04T12:52:29.207+0000] {logging_mixin.py:150} INFO - [2023-09-04T12:52:29.206+0000] {dagbag.py:541} INFO - Filling up the DagBag from /home/airflow/.local/lib/python3.7/site-packages/airflow/example_dags/example_dynamic_task_mapping_with_no_taskflow_operators.py
[2023-09-04T12:52:29.226+0000] {processor.py:836} INFO - DAG(s) dict_keys(['example_dynamic_task_mapping_with_no_taskflow_operators']) retrieved from /home/airflow/.local/lib/python3.7/site-packages/airflow/example_dags/example_dynamic_task_mapping_with_no_taskflow_operators.py
[2023-09-04T12:52:29.306+0000] {logging_mixin.py:150} INFO - [2023-09-04T12:52:29.305+0000] {dag.py:2742} INFO - Sync 1 DAGs
[2023-09-04T12:52:29.400+0000] {logging_mixin.py:150} INFO - [2023-09-04T12:52:29.399+0000] {dag.py:3508} INFO - Setting next_dagrun for example_dynamic_task_mapping_with_no_taskflow_operators to 2023-09-03T12:52:29.399397+00:00, run_after=2023-09-04T12:52:29.399397+00:00
[2023-09-04T12:52:29.487+0000] {processor.py:179} INFO - Processing /home/airflow/.local/lib/python3.7/site-packages/airflow/example_dags/example_dynamic_task_mapping_with_no_taskflow_operators.py took 0.303 seconds
[2023-09-04T12:53:00.072+0000] {processor.py:157} INFO - Started process (PID=254) to work on /home/airflow/.local/lib/python3.7/site-packages/airflow/example_dags/example_dynamic_task_mapping_with_no_taskflow_operators.py
[2023-09-04T12:53:00.078+0000] {processor.py:826} INFO - Processing file /home/airflow/.local/lib/python3.7/site-packages/airflow/example_dags/example_dynamic_task_mapping_with_no_taskflow_operators.py for tasks to queue
[2023-09-04T12:53:00.081+0000] {logging_mixin.py:150} INFO - [2023-09-04T12:53:00.080+0000] {dagbag.py:541} INFO - Filling up the DagBag from /home/airflow/.local/lib/python3.7/site-packages/airflow/example_dags/example_dynamic_task_mapping_with_no_taskflow_operators.py
[2023-09-04T12:53:00.111+0000] {processor.py:836} INFO - DAG(s) dict_keys(['example_dynamic_task_mapping_with_no_taskflow_operators']) retrieved from /home/airflow/.local/lib/python3.7/site-packages/airflow/example_dags/example_dynamic_task_mapping_with_no_taskflow_operators.py
[2023-09-04T12:53:00.223+0000] {logging_mixin.py:150} INFO - [2023-09-04T12:53:00.222+0000] {dag.py:2742} INFO - Sync 1 DAGs
[2023-09-04T12:53:00.376+0000] {logging_mixin.py:150} INFO - [2023-09-04T12:53:00.376+0000] {dag.py:3508} INFO - Setting next_dagrun for example_dynamic_task_mapping_with_no_taskflow_operators to 2023-09-03T12:53:00.375709+00:00, run_after=2023-09-04T12:53:00.375709+00:00
[2023-09-04T12:53:00.487+0000] {processor.py:179} INFO - Processing /home/airflow/.local/lib/python3.7/site-packages/airflow/example_dags/example_dynamic_task_mapping_with_no_taskflow_operators.py took 0.434 seconds
[2023-09-04T12:53:30.766+0000] {processor.py:157} INFO - Started process (PID=314) to work on /home/airflow/.local/lib/python3.7/site-packages/airflow/example_dags/example_dynamic_task_mapping_with_no_taskflow_operators.py
[2023-09-04T12:53:30.771+0000] {processor.py:826} INFO - Processing file /home/airflow/.local/lib/python3.7/site-packages/airflow/example_dags/example_dynamic_task_mapping_with_no_taskflow_operators.py for tasks to queue
[2023-09-04T12:53:30.775+0000] {logging_mixin.py:150} INFO - [2023-09-04T12:53:30.774+0000] {dagbag.py:541} INFO - Filling up the DagBag from /home/airflow/.local/lib/python3.7/site-packages/airflow/example_dags/example_dynamic_task_mapping_with_no_taskflow_operators.py
[2023-09-04T12:53:30.819+0000] {processor.py:836} INFO - DAG(s) dict_keys(['example_dynamic_task_mapping_with_no_taskflow_operators']) retrieved from /home/airflow/.local/lib/python3.7/site-packages/airflow/example_dags/example_dynamic_task_mapping_with_no_taskflow_operators.py
[2023-09-04T12:53:30.881+0000] {logging_mixin.py:150} INFO - [2023-09-04T12:53:30.881+0000] {dag.py:2742} INFO - Sync 1 DAGs
[2023-09-04T12:53:30.926+0000] {logging_mixin.py:150} INFO - [2023-09-04T12:53:30.926+0000] {dag.py:3508} INFO - Setting next_dagrun for example_dynamic_task_mapping_with_no_taskflow_operators to 2023-09-03T12:53:30.925808+00:00, run_after=2023-09-04T12:53:30.925808+00:00
[2023-09-04T12:53:30.963+0000] {processor.py:179} INFO - Processing /home/airflow/.local/lib/python3.7/site-packages/airflow/example_dags/example_dynamic_task_mapping_with_no_taskflow_operators.py took 0.213 seconds
[2023-09-04T12:54:01.368+0000] {processor.py:157} INFO - Started process (PID=373) to work on /home/airflow/.local/lib/python3.7/site-packages/airflow/example_dags/example_dynamic_task_mapping_with_no_taskflow_operators.py
[2023-09-04T12:54:01.372+0000] {processor.py:826} INFO - Processing file /home/airflow/.local/lib/python3.7/site-packages/airflow/example_dags/example_dynamic_task_mapping_with_no_taskflow_operators.py for tasks to queue
[2023-09-04T12:54:01.375+0000] {logging_mixin.py:150} INFO - [2023-09-04T12:54:01.374+0000] {dagbag.py:541} INFO - Filling up the DagBag from /home/airflow/.local/lib/python3.7/site-packages/airflow/example_dags/example_dynamic_task_mapping_with_no_taskflow_operators.py
[2023-09-04T12:54:01.394+0000] {processor.py:836} INFO - DAG(s) dict_keys(['example_dynamic_task_mapping_with_no_taskflow_operators']) retrieved from /home/airflow/.local/lib/python3.7/site-packages/airflow/example_dags/example_dynamic_task_mapping_with_no_taskflow_operators.py
[2023-09-04T12:54:01.448+0000] {logging_mixin.py:150} INFO - [2023-09-04T12:54:01.448+0000] {dag.py:2742} INFO - Sync 1 DAGs
[2023-09-04T12:54:01.505+0000] {logging_mixin.py:150} INFO - [2023-09-04T12:54:01.504+0000] {dag.py:3508} INFO - Setting next_dagrun for example_dynamic_task_mapping_with_no_taskflow_operators to 2023-09-03T12:54:01.504050+00:00, run_after=2023-09-04T12:54:01.504050+00:00
[2023-09-04T12:54:01.543+0000] {processor.py:179} INFO - Processing /home/airflow/.local/lib/python3.7/site-packages/airflow/example_dags/example_dynamic_task_mapping_with_no_taskflow_operators.py took 0.184 seconds
[2023-09-04T12:54:32.138+0000] {processor.py:157} INFO - Started process (PID=431) to work on /home/airflow/.local/lib/python3.7/site-packages/airflow/example_dags/example_dynamic_task_mapping_with_no_taskflow_operators.py
[2023-09-04T12:54:32.140+0000] {processor.py:826} INFO - Processing file /home/airflow/.local/lib/python3.7/site-packages/airflow/example_dags/example_dynamic_task_mapping_with_no_taskflow_operators.py for tasks to queue
[2023-09-04T12:54:32.145+0000] {logging_mixin.py:150} INFO - [2023-09-04T12:54:32.144+0000] {dagbag.py:541} INFO - Filling up the DagBag from /home/airflow/.local/lib/python3.7/site-packages/airflow/example_dags/example_dynamic_task_mapping_with_no_taskflow_operators.py
[2023-09-04T12:54:32.174+0000] {processor.py:836} INFO - DAG(s) dict_keys(['example_dynamic_task_mapping_with_no_taskflow_operators']) retrieved from /home/airflow/.local/lib/python3.7/site-packages/airflow/example_dags/example_dynamic_task_mapping_with_no_taskflow_operators.py
[2023-09-04T12:54:32.236+0000] {logging_mixin.py:150} INFO - [2023-09-04T12:54:32.235+0000] {dag.py:2742} INFO - Sync 1 DAGs
[2023-09-04T12:54:32.342+0000] {logging_mixin.py:150} INFO - [2023-09-04T12:54:32.341+0000] {dag.py:3508} INFO - Setting next_dagrun for example_dynamic_task_mapping_with_no_taskflow_operators to 2023-09-03T12:54:32.340565+00:00, run_after=2023-09-04T12:54:32.340565+00:00
[2023-09-04T12:54:32.457+0000] {processor.py:179} INFO - Processing /home/airflow/.local/lib/python3.7/site-packages/airflow/example_dags/example_dynamic_task_mapping_with_no_taskflow_operators.py took 0.331 seconds
[2023-09-04T12:55:02.596+0000] {processor.py:157} INFO - Started process (PID=490) to work on /home/airflow/.local/lib/python3.7/site-packages/airflow/example_dags/example_dynamic_task_mapping_with_no_taskflow_operators.py
[2023-09-04T12:55:02.599+0000] {processor.py:826} INFO - Processing file /home/airflow/.local/lib/python3.7/site-packages/airflow/example_dags/example_dynamic_task_mapping_with_no_taskflow_operators.py for tasks to queue
[2023-09-04T12:55:02.601+0000] {logging_mixin.py:150} INFO - [2023-09-04T12:55:02.601+0000] {dagbag.py:541} INFO - Filling up the DagBag from /home/airflow/.local/lib/python3.7/site-packages/airflow/example_dags/example_dynamic_task_mapping_with_no_taskflow_operators.py
[2023-09-04T12:55:02.625+0000] {processor.py:836} INFO - DAG(s) dict_keys(['example_dynamic_task_mapping_with_no_taskflow_operators']) retrieved from /home/airflow/.local/lib/python3.7/site-packages/airflow/example_dags/example_dynamic_task_mapping_with_no_taskflow_operators.py
[2023-09-04T12:55:02.732+0000] {logging_mixin.py:150} INFO - [2023-09-04T12:55:02.731+0000] {dag.py:2742} INFO - Sync 1 DAGs
[2023-09-04T12:55:02.801+0000] {logging_mixin.py:150} INFO - [2023-09-04T12:55:02.801+0000] {dag.py:3508} INFO - Setting next_dagrun for example_dynamic_task_mapping_with_no_taskflow_operators to 2023-09-03T12:55:02.800774+00:00, run_after=2023-09-04T12:55:02.800774+00:00
[2023-09-04T12:55:02.854+0000] {processor.py:179} INFO - Processing /home/airflow/.local/lib/python3.7/site-packages/airflow/example_dags/example_dynamic_task_mapping_with_no_taskflow_operators.py took 0.265 seconds
[2023-09-04T12:55:33.634+0000] {processor.py:157} INFO - Started process (PID=549) to work on /home/airflow/.local/lib/python3.7/site-packages/airflow/example_dags/example_dynamic_task_mapping_with_no_taskflow_operators.py
[2023-09-04T12:55:33.638+0000] {processor.py:826} INFO - Processing file /home/airflow/.local/lib/python3.7/site-packages/airflow/example_dags/example_dynamic_task_mapping_with_no_taskflow_operators.py for tasks to queue
[2023-09-04T12:55:33.643+0000] {logging_mixin.py:150} INFO - [2023-09-04T12:55:33.641+0000] {dagbag.py:541} INFO - Filling up the DagBag from /home/airflow/.local/lib/python3.7/site-packages/airflow/example_dags/example_dynamic_task_mapping_with_no_taskflow_operators.py
[2023-09-04T12:55:33.669+0000] {processor.py:836} INFO - DAG(s) dict_keys(['example_dynamic_task_mapping_with_no_taskflow_operators']) retrieved from /home/airflow/.local/lib/python3.7/site-packages/airflow/example_dags/example_dynamic_task_mapping_with_no_taskflow_operators.py
[2023-09-04T12:55:33.770+0000] {logging_mixin.py:150} INFO - [2023-09-04T12:55:33.770+0000] {dag.py:2742} INFO - Sync 1 DAGs
[2023-09-04T12:55:33.832+0000] {logging_mixin.py:150} INFO - [2023-09-04T12:55:33.832+0000] {dag.py:3508} INFO - Setting next_dagrun for example_dynamic_task_mapping_with_no_taskflow_operators to 2023-09-03T12:55:33.831596+00:00, run_after=2023-09-04T12:55:33.831596+00:00
[2023-09-04T12:55:33.876+0000] {processor.py:179} INFO - Processing /home/airflow/.local/lib/python3.7/site-packages/airflow/example_dags/example_dynamic_task_mapping_with_no_taskflow_operators.py took 0.259 seconds
[2023-09-04T12:56:04.010+0000] {processor.py:157} INFO - Started process (PID=608) to work on /home/airflow/.local/lib/python3.7/site-packages/airflow/example_dags/example_dynamic_task_mapping_with_no_taskflow_operators.py
[2023-09-04T12:56:04.013+0000] {processor.py:826} INFO - Processing file /home/airflow/.local/lib/python3.7/site-packages/airflow/example_dags/example_dynamic_task_mapping_with_no_taskflow_operators.py for tasks to queue
[2023-09-04T12:56:04.018+0000] {logging_mixin.py:150} INFO - [2023-09-04T12:56:04.017+0000] {dagbag.py:541} INFO - Filling up the DagBag from /home/airflow/.local/lib/python3.7/site-packages/airflow/example_dags/example_dynamic_task_mapping_with_no_taskflow_operators.py
[2023-09-04T12:56:04.041+0000] {processor.py:836} INFO - DAG(s) dict_keys(['example_dynamic_task_mapping_with_no_taskflow_operators']) retrieved from /home/airflow/.local/lib/python3.7/site-packages/airflow/example_dags/example_dynamic_task_mapping_with_no_taskflow_operators.py
[2023-09-04T12:56:04.106+0000] {logging_mixin.py:150} INFO - [2023-09-04T12:56:04.105+0000] {dag.py:2742} INFO - Sync 1 DAGs
[2023-09-04T12:56:04.189+0000] {logging_mixin.py:150} INFO - [2023-09-04T12:56:04.188+0000] {dag.py:3508} INFO - Setting next_dagrun for example_dynamic_task_mapping_with_no_taskflow_operators to 2023-09-03T12:56:04.188300+00:00, run_after=2023-09-04T12:56:04.188300+00:00
[2023-09-04T12:56:04.245+0000] {processor.py:179} INFO - Processing /home/airflow/.local/lib/python3.7/site-packages/airflow/example_dags/example_dynamic_task_mapping_with_no_taskflow_operators.py took 0.246 seconds
[2023-09-04T12:56:34.897+0000] {processor.py:157} INFO - Started process (PID=668) to work on /home/airflow/.local/lib/python3.7/site-packages/airflow/example_dags/example_dynamic_task_mapping_with_no_taskflow_operators.py
[2023-09-04T12:56:34.900+0000] {processor.py:826} INFO - Processing file /home/airflow/.local/lib/python3.7/site-packages/airflow/example_dags/example_dynamic_task_mapping_with_no_taskflow_operators.py for tasks to queue
[2023-09-04T12:56:34.904+0000] {logging_mixin.py:150} INFO - [2023-09-04T12:56:34.903+0000] {dagbag.py:541} INFO - Filling up the DagBag from /home/airflow/.local/lib/python3.7/site-packages/airflow/example_dags/example_dynamic_task_mapping_with_no_taskflow_operators.py
[2023-09-04T12:56:34.931+0000] {processor.py:836} INFO - DAG(s) dict_keys(['example_dynamic_task_mapping_with_no_taskflow_operators']) retrieved from /home/airflow/.local/lib/python3.7/site-packages/airflow/example_dags/example_dynamic_task_mapping_with_no_taskflow_operators.py
[2023-09-04T12:56:35.012+0000] {logging_mixin.py:150} INFO - [2023-09-04T12:56:35.011+0000] {dag.py:2742} INFO - Sync 1 DAGs
[2023-09-04T12:56:35.099+0000] {logging_mixin.py:150} INFO - [2023-09-04T12:56:35.099+0000] {dag.py:3508} INFO - Setting next_dagrun for example_dynamic_task_mapping_with_no_taskflow_operators to 2023-09-03T12:56:35.098905+00:00, run_after=2023-09-04T12:56:35.098905+00:00
[2023-09-04T12:56:35.155+0000] {processor.py:179} INFO - Processing /home/airflow/.local/lib/python3.7/site-packages/airflow/example_dags/example_dynamic_task_mapping_with_no_taskflow_operators.py took 0.270 seconds
[2023-09-04T12:57:05.566+0000] {processor.py:157} INFO - Started process (PID=727) to work on /home/airflow/.local/lib/python3.7/site-packages/airflow/example_dags/example_dynamic_task_mapping_with_no_taskflow_operators.py
[2023-09-04T12:57:05.569+0000] {processor.py:826} INFO - Processing file /home/airflow/.local/lib/python3.7/site-packages/airflow/example_dags/example_dynamic_task_mapping_with_no_taskflow_operators.py for tasks to queue
[2023-09-04T12:57:05.572+0000] {logging_mixin.py:150} INFO - [2023-09-04T12:57:05.572+0000] {dagbag.py:541} INFO - Filling up the DagBag from /home/airflow/.local/lib/python3.7/site-packages/airflow/example_dags/example_dynamic_task_mapping_with_no_taskflow_operators.py
[2023-09-04T12:57:05.612+0000] {processor.py:836} INFO - DAG(s) dict_keys(['example_dynamic_task_mapping_with_no_taskflow_operators']) retrieved from /home/airflow/.local/lib/python3.7/site-packages/airflow/example_dags/example_dynamic_task_mapping_with_no_taskflow_operators.py
[2023-09-04T12:57:05.670+0000] {logging_mixin.py:150} INFO - [2023-09-04T12:57:05.670+0000] {dag.py:2742} INFO - Sync 1 DAGs
[2023-09-04T12:57:05.728+0000] {logging_mixin.py:150} INFO - [2023-09-04T12:57:05.728+0000] {dag.py:3508} INFO - Setting next_dagrun for example_dynamic_task_mapping_with_no_taskflow_operators to 2023-09-03T12:57:05.727683+00:00, run_after=2023-09-04T12:57:05.727683+00:00
[2023-09-04T12:57:05.783+0000] {processor.py:179} INFO - Processing /home/airflow/.local/lib/python3.7/site-packages/airflow/example_dags/example_dynamic_task_mapping_with_no_taskflow_operators.py took 0.231 seconds
[2023-09-04T12:57:37.503+0000] {processor.py:157} INFO - Started process (PID=785) to work on /home/airflow/.local/lib/python3.7/site-packages/airflow/example_dags/example_dynamic_task_mapping_with_no_taskflow_operators.py
[2023-09-04T12:57:37.507+0000] {processor.py:826} INFO - Processing file /home/airflow/.local/lib/python3.7/site-packages/airflow/example_dags/example_dynamic_task_mapping_with_no_taskflow_operators.py for tasks to queue
[2023-09-04T12:57:37.509+0000] {logging_mixin.py:150} INFO - [2023-09-04T12:57:37.508+0000] {dagbag.py:541} INFO - Filling up the DagBag from /home/airflow/.local/lib/python3.7/site-packages/airflow/example_dags/example_dynamic_task_mapping_with_no_taskflow_operators.py
[2023-09-04T12:57:37.539+0000] {processor.py:836} INFO - DAG(s) dict_keys(['example_dynamic_task_mapping_with_no_taskflow_operators']) retrieved from /home/airflow/.local/lib/python3.7/site-packages/airflow/example_dags/example_dynamic_task_mapping_with_no_taskflow_operators.py
[2023-09-04T12:57:37.620+0000] {logging_mixin.py:150} INFO - [2023-09-04T12:57:37.620+0000] {dag.py:2742} INFO - Sync 1 DAGs
[2023-09-04T12:57:37.694+0000] {logging_mixin.py:150} INFO - [2023-09-04T12:57:37.694+0000] {dag.py:3508} INFO - Setting next_dagrun for example_dynamic_task_mapping_with_no_taskflow_operators to 2023-09-03T12:57:37.693773+00:00, run_after=2023-09-04T12:57:37.693773+00:00
[2023-09-04T12:57:37.799+0000] {processor.py:179} INFO - Processing /home/airflow/.local/lib/python3.7/site-packages/airflow/example_dags/example_dynamic_task_mapping_with_no_taskflow_operators.py took 0.303 seconds
[2023-09-04T12:58:08.562+0000] {processor.py:157} INFO - Started process (PID=844) to work on /home/airflow/.local/lib/python3.7/site-packages/airflow/example_dags/example_dynamic_task_mapping_with_no_taskflow_operators.py
[2023-09-04T12:58:08.564+0000] {processor.py:826} INFO - Processing file /home/airflow/.local/lib/python3.7/site-packages/airflow/example_dags/example_dynamic_task_mapping_with_no_taskflow_operators.py for tasks to queue
[2023-09-04T12:58:08.566+0000] {logging_mixin.py:150} INFO - [2023-09-04T12:58:08.566+0000] {dagbag.py:541} INFO - Filling up the DagBag from /home/airflow/.local/lib/python3.7/site-packages/airflow/example_dags/example_dynamic_task_mapping_with_no_taskflow_operators.py
[2023-09-04T12:58:08.585+0000] {processor.py:836} INFO - DAG(s) dict_keys(['example_dynamic_task_mapping_with_no_taskflow_operators']) retrieved from /home/airflow/.local/lib/python3.7/site-packages/airflow/example_dags/example_dynamic_task_mapping_with_no_taskflow_operators.py
[2023-09-04T12:58:08.642+0000] {logging_mixin.py:150} INFO - [2023-09-04T12:58:08.641+0000] {dag.py:2742} INFO - Sync 1 DAGs
[2023-09-04T12:58:08.718+0000] {logging_mixin.py:150} INFO - [2023-09-04T12:58:08.718+0000] {dag.py:3508} INFO - Setting next_dagrun for example_dynamic_task_mapping_with_no_taskflow_operators to 2023-09-03T12:58:08.717812+00:00, run_after=2023-09-04T12:58:08.717812+00:00
[2023-09-04T12:58:08.787+0000] {processor.py:179} INFO - Processing /home/airflow/.local/lib/python3.7/site-packages/airflow/example_dags/example_dynamic_task_mapping_with_no_taskflow_operators.py took 0.232 seconds
[2023-09-04T12:58:39.169+0000] {processor.py:157} INFO - Started process (PID=903) to work on /home/airflow/.local/lib/python3.7/site-packages/airflow/example_dags/example_dynamic_task_mapping_with_no_taskflow_operators.py
[2023-09-04T12:58:39.173+0000] {processor.py:826} INFO - Processing file /home/airflow/.local/lib/python3.7/site-packages/airflow/example_dags/example_dynamic_task_mapping_with_no_taskflow_operators.py for tasks to queue
[2023-09-04T12:58:39.175+0000] {logging_mixin.py:150} INFO - [2023-09-04T12:58:39.174+0000] {dagbag.py:541} INFO - Filling up the DagBag from /home/airflow/.local/lib/python3.7/site-packages/airflow/example_dags/example_dynamic_task_mapping_with_no_taskflow_operators.py
[2023-09-04T12:58:39.190+0000] {processor.py:836} INFO - DAG(s) dict_keys(['example_dynamic_task_mapping_with_no_taskflow_operators']) retrieved from /home/airflow/.local/lib/python3.7/site-packages/airflow/example_dags/example_dynamic_task_mapping_with_no_taskflow_operators.py
[2023-09-04T12:58:39.231+0000] {logging_mixin.py:150} INFO - [2023-09-04T12:58:39.231+0000] {dag.py:2742} INFO - Sync 1 DAGs
[2023-09-04T12:58:39.296+0000] {logging_mixin.py:150} INFO - [2023-09-04T12:58:39.295+0000] {dag.py:3508} INFO - Setting next_dagrun for example_dynamic_task_mapping_with_no_taskflow_operators to 2023-09-03T12:58:39.294919+00:00, run_after=2023-09-04T12:58:39.294919+00:00
[2023-09-04T12:58:39.338+0000] {processor.py:179} INFO - Processing /home/airflow/.local/lib/python3.7/site-packages/airflow/example_dags/example_dynamic_task_mapping_with_no_taskflow_operators.py took 0.179 seconds
