[2023-09-04T12:39:33.079+0000] {processor.py:157} INFO - Started process (PID=81) to work on /home/airflow/.local/lib/python3.7/site-packages/airflow/example_dags/example_branch_labels.py
[2023-09-04T12:39:33.099+0000] {processor.py:826} INFO - Processing file /home/airflow/.local/lib/python3.7/site-packages/airflow/example_dags/example_branch_labels.py for tasks to queue
[2023-09-04T12:39:33.127+0000] {logging_mixin.py:150} INFO - [2023-09-04T12:39:33.126+0000] {dagbag.py:541} INFO - Filling up the DagBag from /home/airflow/.local/lib/python3.7/site-packages/airflow/example_dags/example_branch_labels.py
[2023-09-04T12:39:33.214+0000] {processor.py:836} INFO - DAG(s) dict_keys(['example_branch_labels']) retrieved from /home/airflow/.local/lib/python3.7/site-packages/airflow/example_dags/example_branch_labels.py
[2023-09-04T12:39:33.472+0000] {logging_mixin.py:150} INFO - [2023-09-04T12:39:33.471+0000] {dag.py:2742} INFO - Sync 1 DAGs
[2023-09-04T12:39:34.345+0000] {logging_mixin.py:150} INFO - [2023-09-04T12:39:34.344+0000] {dag.py:3508} INFO - Setting next_dagrun for example_branch_labels to 2023-09-03T00:00:00+00:00, run_after=2023-09-04T00:00:00+00:00
[2023-09-04T12:39:34.544+0000] {processor.py:179} INFO - Processing /home/airflow/.local/lib/python3.7/site-packages/airflow/example_dags/example_branch_labels.py took 1.504 seconds
[2023-09-04T12:40:05.122+0000] {processor.py:157} INFO - Started process (PID=140) to work on /home/airflow/.local/lib/python3.7/site-packages/airflow/example_dags/example_branch_labels.py
[2023-09-04T12:40:05.137+0000] {processor.py:826} INFO - Processing file /home/airflow/.local/lib/python3.7/site-packages/airflow/example_dags/example_branch_labels.py for tasks to queue
[2023-09-04T12:40:05.154+0000] {logging_mixin.py:150} INFO - [2023-09-04T12:40:05.153+0000] {dagbag.py:541} INFO - Filling up the DagBag from /home/airflow/.local/lib/python3.7/site-packages/airflow/example_dags/example_branch_labels.py
[2023-09-04T12:40:05.256+0000] {processor.py:836} INFO - DAG(s) dict_keys(['example_branch_labels']) retrieved from /home/airflow/.local/lib/python3.7/site-packages/airflow/example_dags/example_branch_labels.py
[2023-09-04T12:40:05.480+0000] {logging_mixin.py:150} INFO - [2023-09-04T12:40:05.479+0000] {dag.py:2742} INFO - Sync 1 DAGs
[2023-09-04T12:40:05.810+0000] {logging_mixin.py:150} INFO - [2023-09-04T12:40:05.799+0000] {dag.py:3508} INFO - Setting next_dagrun for example_branch_labels to 2023-09-03T00:00:00+00:00, run_after=2023-09-04T00:00:00+00:00
[2023-09-04T12:40:06.165+0000] {processor.py:179} INFO - Processing /home/airflow/.local/lib/python3.7/site-packages/airflow/example_dags/example_branch_labels.py took 1.098 seconds
[2023-09-04T12:40:38.292+0000] {processor.py:157} INFO - Started process (PID=204) to work on /home/airflow/.local/lib/python3.7/site-packages/airflow/example_dags/example_branch_labels.py
[2023-09-04T12:40:38.302+0000] {processor.py:826} INFO - Processing file /home/airflow/.local/lib/python3.7/site-packages/airflow/example_dags/example_branch_labels.py for tasks to queue
[2023-09-04T12:40:38.325+0000] {logging_mixin.py:150} INFO - [2023-09-04T12:40:38.325+0000] {dagbag.py:541} INFO - Filling up the DagBag from /home/airflow/.local/lib/python3.7/site-packages/airflow/example_dags/example_branch_labels.py
[2023-09-04T12:40:38.438+0000] {processor.py:836} INFO - DAG(s) dict_keys(['example_branch_labels']) retrieved from /home/airflow/.local/lib/python3.7/site-packages/airflow/example_dags/example_branch_labels.py
[2023-09-04T12:40:38.824+0000] {logging_mixin.py:150} INFO - [2023-09-04T12:40:38.824+0000] {dag.py:2742} INFO - Sync 1 DAGs
[2023-09-04T12:40:39.161+0000] {logging_mixin.py:150} INFO - [2023-09-04T12:40:39.161+0000] {dag.py:3508} INFO - Setting next_dagrun for example_branch_labels to 2023-09-03T00:00:00+00:00, run_after=2023-09-04T00:00:00+00:00
[2023-09-04T12:40:39.429+0000] {processor.py:179} INFO - Processing /home/airflow/.local/lib/python3.7/site-packages/airflow/example_dags/example_branch_labels.py took 1.156 seconds
[2023-09-04T12:41:18.077+0000] {processor.py:157} INFO - Started process (PID=262) to work on /home/airflow/.local/lib/python3.7/site-packages/airflow/example_dags/example_branch_labels.py
[2023-09-04T12:41:18.112+0000] {processor.py:826} INFO - Processing file /home/airflow/.local/lib/python3.7/site-packages/airflow/example_dags/example_branch_labels.py for tasks to queue
[2023-09-04T12:41:18.127+0000] {logging_mixin.py:150} INFO - [2023-09-04T12:41:18.127+0000] {dagbag.py:541} INFO - Filling up the DagBag from /home/airflow/.local/lib/python3.7/site-packages/airflow/example_dags/example_branch_labels.py
[2023-09-04T12:41:18.193+0000] {processor.py:836} INFO - DAG(s) dict_keys(['example_branch_labels']) retrieved from /home/airflow/.local/lib/python3.7/site-packages/airflow/example_dags/example_branch_labels.py
[2023-09-04T12:41:18.373+0000] {logging_mixin.py:150} INFO - [2023-09-04T12:41:18.372+0000] {dag.py:2742} INFO - Sync 1 DAGs
[2023-09-04T12:41:18.610+0000] {logging_mixin.py:150} INFO - [2023-09-04T12:41:18.609+0000] {dag.py:3508} INFO - Setting next_dagrun for example_branch_labels to 2023-09-03T00:00:00+00:00, run_after=2023-09-04T00:00:00+00:00
[2023-09-04T12:41:18.740+0000] {processor.py:179} INFO - Processing /home/airflow/.local/lib/python3.7/site-packages/airflow/example_dags/example_branch_labels.py took 0.681 seconds
[2023-09-04T12:41:54.093+0000] {processor.py:157} INFO - Started process (PID=320) to work on /home/airflow/.local/lib/python3.7/site-packages/airflow/example_dags/example_branch_labels.py
[2023-09-04T12:41:54.126+0000] {processor.py:826} INFO - Processing file /home/airflow/.local/lib/python3.7/site-packages/airflow/example_dags/example_branch_labels.py for tasks to queue
[2023-09-04T12:41:54.185+0000] {logging_mixin.py:150} INFO - [2023-09-04T12:41:54.184+0000] {dagbag.py:541} INFO - Filling up the DagBag from /home/airflow/.local/lib/python3.7/site-packages/airflow/example_dags/example_branch_labels.py
[2023-09-04T12:41:54.287+0000] {processor.py:836} INFO - DAG(s) dict_keys(['example_branch_labels']) retrieved from /home/airflow/.local/lib/python3.7/site-packages/airflow/example_dags/example_branch_labels.py
[2023-09-04T12:41:54.507+0000] {logging_mixin.py:150} INFO - [2023-09-04T12:41:54.507+0000] {dag.py:2742} INFO - Sync 1 DAGs
[2023-09-04T12:41:54.744+0000] {logging_mixin.py:150} INFO - [2023-09-04T12:41:54.743+0000] {dag.py:3508} INFO - Setting next_dagrun for example_branch_labels to 2023-09-03T00:00:00+00:00, run_after=2023-09-04T00:00:00+00:00
[2023-09-04T12:41:54.994+0000] {processor.py:179} INFO - Processing /home/airflow/.local/lib/python3.7/site-packages/airflow/example_dags/example_branch_labels.py took 0.919 seconds
[2023-09-04T12:42:36.381+0000] {processor.py:157} INFO - Started process (PID=380) to work on /home/airflow/.local/lib/python3.7/site-packages/airflow/example_dags/example_branch_labels.py
[2023-09-04T12:42:36.385+0000] {processor.py:826} INFO - Processing file /home/airflow/.local/lib/python3.7/site-packages/airflow/example_dags/example_branch_labels.py for tasks to queue
[2023-09-04T12:42:36.389+0000] {logging_mixin.py:150} INFO - [2023-09-04T12:42:36.388+0000] {dagbag.py:541} INFO - Filling up the DagBag from /home/airflow/.local/lib/python3.7/site-packages/airflow/example_dags/example_branch_labels.py
[2023-09-04T12:42:36.447+0000] {processor.py:836} INFO - DAG(s) dict_keys(['example_branch_labels']) retrieved from /home/airflow/.local/lib/python3.7/site-packages/airflow/example_dags/example_branch_labels.py
[2023-09-04T12:42:36.613+0000] {logging_mixin.py:150} INFO - [2023-09-04T12:42:36.613+0000] {dag.py:2742} INFO - Sync 1 DAGs
[2023-09-04T12:42:36.850+0000] {logging_mixin.py:150} INFO - [2023-09-04T12:42:36.850+0000] {dag.py:3508} INFO - Setting next_dagrun for example_branch_labels to 2023-09-03T00:00:00+00:00, run_after=2023-09-04T00:00:00+00:00
[2023-09-04T12:42:37.029+0000] {processor.py:179} INFO - Processing /home/airflow/.local/lib/python3.7/site-packages/airflow/example_dags/example_branch_labels.py took 0.665 seconds
[2023-09-04T12:43:11.507+0000] {processor.py:157} INFO - Started process (PID=440) to work on /home/airflow/.local/lib/python3.7/site-packages/airflow/example_dags/example_branch_labels.py
[2023-09-04T12:43:11.518+0000] {processor.py:826} INFO - Processing file /home/airflow/.local/lib/python3.7/site-packages/airflow/example_dags/example_branch_labels.py for tasks to queue
[2023-09-04T12:43:11.529+0000] {logging_mixin.py:150} INFO - [2023-09-04T12:43:11.528+0000] {dagbag.py:541} INFO - Filling up the DagBag from /home/airflow/.local/lib/python3.7/site-packages/airflow/example_dags/example_branch_labels.py
[2023-09-04T12:43:11.604+0000] {processor.py:836} INFO - DAG(s) dict_keys(['example_branch_labels']) retrieved from /home/airflow/.local/lib/python3.7/site-packages/airflow/example_dags/example_branch_labels.py
[2023-09-04T12:43:11.816+0000] {logging_mixin.py:150} INFO - [2023-09-04T12:43:11.806+0000] {dag.py:2742} INFO - Sync 1 DAGs
[2023-09-04T12:43:12.064+0000] {logging_mixin.py:150} INFO - [2023-09-04T12:43:12.063+0000] {dag.py:3508} INFO - Setting next_dagrun for example_branch_labels to 2023-09-03T00:00:00+00:00, run_after=2023-09-04T00:00:00+00:00
[2023-09-04T12:43:12.244+0000] {processor.py:179} INFO - Processing /home/airflow/.local/lib/python3.7/site-packages/airflow/example_dags/example_branch_labels.py took 0.760 seconds
[2023-09-04T12:43:49.356+0000] {processor.py:157} INFO - Started process (PID=500) to work on /home/airflow/.local/lib/python3.7/site-packages/airflow/example_dags/example_branch_labels.py
[2023-09-04T12:43:49.361+0000] {processor.py:826} INFO - Processing file /home/airflow/.local/lib/python3.7/site-packages/airflow/example_dags/example_branch_labels.py for tasks to queue
[2023-09-04T12:43:49.373+0000] {logging_mixin.py:150} INFO - [2023-09-04T12:43:49.373+0000] {dagbag.py:541} INFO - Filling up the DagBag from /home/airflow/.local/lib/python3.7/site-packages/airflow/example_dags/example_branch_labels.py
[2023-09-04T12:43:49.430+0000] {processor.py:836} INFO - DAG(s) dict_keys(['example_branch_labels']) retrieved from /home/airflow/.local/lib/python3.7/site-packages/airflow/example_dags/example_branch_labels.py
[2023-09-04T12:43:49.603+0000] {logging_mixin.py:150} INFO - [2023-09-04T12:43:49.592+0000] {dag.py:2742} INFO - Sync 1 DAGs
[2023-09-04T12:43:49.873+0000] {logging_mixin.py:150} INFO - [2023-09-04T12:43:49.873+0000] {dag.py:3508} INFO - Setting next_dagrun for example_branch_labels to 2023-09-03T00:00:00+00:00, run_after=2023-09-04T00:00:00+00:00
[2023-09-04T12:43:50.154+0000] {processor.py:179} INFO - Processing /home/airflow/.local/lib/python3.7/site-packages/airflow/example_dags/example_branch_labels.py took 0.817 seconds
[2023-09-04T12:44:20.719+0000] {processor.py:157} INFO - Started process (PID=558) to work on /home/airflow/.local/lib/python3.7/site-packages/airflow/example_dags/example_branch_labels.py
[2023-09-04T12:44:20.732+0000] {processor.py:826} INFO - Processing file /home/airflow/.local/lib/python3.7/site-packages/airflow/example_dags/example_branch_labels.py for tasks to queue
[2023-09-04T12:44:20.735+0000] {logging_mixin.py:150} INFO - [2023-09-04T12:44:20.735+0000] {dagbag.py:541} INFO - Filling up the DagBag from /home/airflow/.local/lib/python3.7/site-packages/airflow/example_dags/example_branch_labels.py
[2023-09-04T12:44:20.785+0000] {processor.py:836} INFO - DAG(s) dict_keys(['example_branch_labels']) retrieved from /home/airflow/.local/lib/python3.7/site-packages/airflow/example_dags/example_branch_labels.py
[2023-09-04T12:44:20.979+0000] {logging_mixin.py:150} INFO - [2023-09-04T12:44:20.968+0000] {dag.py:2742} INFO - Sync 1 DAGs
[2023-09-04T12:44:21.226+0000] {logging_mixin.py:150} INFO - [2023-09-04T12:44:21.225+0000] {dag.py:3508} INFO - Setting next_dagrun for example_branch_labels to 2023-09-03T00:00:00+00:00, run_after=2023-09-04T00:00:00+00:00
[2023-09-04T12:44:21.427+0000] {processor.py:179} INFO - Processing /home/airflow/.local/lib/python3.7/site-packages/airflow/example_dags/example_branch_labels.py took 0.728 seconds
[2023-09-04T12:45:04.806+0000] {processor.py:157} INFO - Started process (PID=620) to work on /home/airflow/.local/lib/python3.7/site-packages/airflow/example_dags/example_branch_labels.py
[2023-09-04T12:45:04.826+0000] {processor.py:826} INFO - Processing file /home/airflow/.local/lib/python3.7/site-packages/airflow/example_dags/example_branch_labels.py for tasks to queue
[2023-09-04T12:45:04.829+0000] {logging_mixin.py:150} INFO - [2023-09-04T12:45:04.828+0000] {dagbag.py:541} INFO - Filling up the DagBag from /home/airflow/.local/lib/python3.7/site-packages/airflow/example_dags/example_branch_labels.py
[2023-09-04T12:45:04.930+0000] {processor.py:836} INFO - DAG(s) dict_keys(['example_branch_labels']) retrieved from /home/airflow/.local/lib/python3.7/site-packages/airflow/example_dags/example_branch_labels.py
[2023-09-04T12:45:05.155+0000] {logging_mixin.py:150} INFO - [2023-09-04T12:45:05.155+0000] {dag.py:2742} INFO - Sync 1 DAGs
[2023-09-04T12:45:05.494+0000] {logging_mixin.py:150} INFO - [2023-09-04T12:45:05.494+0000] {dag.py:3508} INFO - Setting next_dagrun for example_branch_labels to 2023-09-03T00:00:00+00:00, run_after=2023-09-04T00:00:00+00:00
[2023-09-04T12:45:05.692+0000] {processor.py:179} INFO - Processing /home/airflow/.local/lib/python3.7/site-packages/airflow/example_dags/example_branch_labels.py took 0.907 seconds
[2023-09-04T12:45:36.327+0000] {processor.py:157} INFO - Started process (PID=680) to work on /home/airflow/.local/lib/python3.7/site-packages/airflow/example_dags/example_branch_labels.py
[2023-09-04T12:45:36.330+0000] {processor.py:826} INFO - Processing file /home/airflow/.local/lib/python3.7/site-packages/airflow/example_dags/example_branch_labels.py for tasks to queue
[2023-09-04T12:45:36.340+0000] {logging_mixin.py:150} INFO - [2023-09-04T12:45:36.338+0000] {dagbag.py:541} INFO - Filling up the DagBag from /home/airflow/.local/lib/python3.7/site-packages/airflow/example_dags/example_branch_labels.py
[2023-09-04T12:45:36.392+0000] {processor.py:836} INFO - DAG(s) dict_keys(['example_branch_labels']) retrieved from /home/airflow/.local/lib/python3.7/site-packages/airflow/example_dags/example_branch_labels.py
[2023-09-04T12:45:36.477+0000] {logging_mixin.py:150} INFO - [2023-09-04T12:45:36.477+0000] {dag.py:2742} INFO - Sync 1 DAGs
[2023-09-04T12:45:36.562+0000] {logging_mixin.py:150} INFO - [2023-09-04T12:45:36.562+0000] {dag.py:3508} INFO - Setting next_dagrun for example_branch_labels to 2023-09-03T00:00:00+00:00, run_after=2023-09-04T00:00:00+00:00
[2023-09-04T12:45:36.663+0000] {processor.py:179} INFO - Processing /home/airflow/.local/lib/python3.7/site-packages/airflow/example_dags/example_branch_labels.py took 0.344 seconds
[2023-09-04T12:46:07.906+0000] {processor.py:157} INFO - Started process (PID=740) to work on /home/airflow/.local/lib/python3.7/site-packages/airflow/example_dags/example_branch_labels.py
[2023-09-04T12:46:07.910+0000] {processor.py:826} INFO - Processing file /home/airflow/.local/lib/python3.7/site-packages/airflow/example_dags/example_branch_labels.py for tasks to queue
[2023-09-04T12:46:07.915+0000] {logging_mixin.py:150} INFO - [2023-09-04T12:46:07.914+0000] {dagbag.py:541} INFO - Filling up the DagBag from /home/airflow/.local/lib/python3.7/site-packages/airflow/example_dags/example_branch_labels.py
[2023-09-04T12:46:07.964+0000] {processor.py:836} INFO - DAG(s) dict_keys(['example_branch_labels']) retrieved from /home/airflow/.local/lib/python3.7/site-packages/airflow/example_dags/example_branch_labels.py
[2023-09-04T12:46:08.047+0000] {logging_mixin.py:150} INFO - [2023-09-04T12:46:08.047+0000] {dag.py:2742} INFO - Sync 1 DAGs
[2023-09-04T12:46:08.171+0000] {logging_mixin.py:150} INFO - [2023-09-04T12:46:08.170+0000] {dag.py:3508} INFO - Setting next_dagrun for example_branch_labels to 2023-09-03T00:00:00+00:00, run_after=2023-09-04T00:00:00+00:00
[2023-09-04T12:46:08.242+0000] {processor.py:179} INFO - Processing /home/airflow/.local/lib/python3.7/site-packages/airflow/example_dags/example_branch_labels.py took 0.349 seconds
[2023-09-04T12:46:38.527+0000] {processor.py:157} INFO - Started process (PID=799) to work on /home/airflow/.local/lib/python3.7/site-packages/airflow/example_dags/example_branch_labels.py
[2023-09-04T12:46:38.529+0000] {processor.py:826} INFO - Processing file /home/airflow/.local/lib/python3.7/site-packages/airflow/example_dags/example_branch_labels.py for tasks to queue
[2023-09-04T12:46:38.532+0000] {logging_mixin.py:150} INFO - [2023-09-04T12:46:38.532+0000] {dagbag.py:541} INFO - Filling up the DagBag from /home/airflow/.local/lib/python3.7/site-packages/airflow/example_dags/example_branch_labels.py
[2023-09-04T12:46:38.559+0000] {processor.py:836} INFO - DAG(s) dict_keys(['example_branch_labels']) retrieved from /home/airflow/.local/lib/python3.7/site-packages/airflow/example_dags/example_branch_labels.py
[2023-09-04T12:46:38.641+0000] {logging_mixin.py:150} INFO - [2023-09-04T12:46:38.641+0000] {dag.py:2742} INFO - Sync 1 DAGs
[2023-09-04T12:46:38.717+0000] {logging_mixin.py:150} INFO - [2023-09-04T12:46:38.716+0000] {dag.py:3508} INFO - Setting next_dagrun for example_branch_labels to 2023-09-03T00:00:00+00:00, run_after=2023-09-04T00:00:00+00:00
[2023-09-04T12:46:38.769+0000] {processor.py:179} INFO - Processing /home/airflow/.local/lib/python3.7/site-packages/airflow/example_dags/example_branch_labels.py took 0.255 seconds
[2023-09-04T12:47:09.111+0000] {processor.py:157} INFO - Started process (PID=858) to work on /home/airflow/.local/lib/python3.7/site-packages/airflow/example_dags/example_branch_labels.py
[2023-09-04T12:47:09.113+0000] {processor.py:826} INFO - Processing file /home/airflow/.local/lib/python3.7/site-packages/airflow/example_dags/example_branch_labels.py for tasks to queue
[2023-09-04T12:47:09.115+0000] {logging_mixin.py:150} INFO - [2023-09-04T12:47:09.115+0000] {dagbag.py:541} INFO - Filling up the DagBag from /home/airflow/.local/lib/python3.7/site-packages/airflow/example_dags/example_branch_labels.py
[2023-09-04T12:47:09.135+0000] {processor.py:836} INFO - DAG(s) dict_keys(['example_branch_labels']) retrieved from /home/airflow/.local/lib/python3.7/site-packages/airflow/example_dags/example_branch_labels.py
[2023-09-04T12:47:09.191+0000] {logging_mixin.py:150} INFO - [2023-09-04T12:47:09.191+0000] {dag.py:2742} INFO - Sync 1 DAGs
[2023-09-04T12:47:09.249+0000] {logging_mixin.py:150} INFO - [2023-09-04T12:47:09.249+0000] {dag.py:3508} INFO - Setting next_dagrun for example_branch_labels to 2023-09-03T00:00:00+00:00, run_after=2023-09-04T00:00:00+00:00
[2023-09-04T12:47:09.294+0000] {processor.py:179} INFO - Processing /home/airflow/.local/lib/python3.7/site-packages/airflow/example_dags/example_branch_labels.py took 0.190 seconds
[2023-09-04T12:47:39.820+0000] {processor.py:157} INFO - Started process (PID=918) to work on /home/airflow/.local/lib/python3.7/site-packages/airflow/example_dags/example_branch_labels.py
[2023-09-04T12:47:39.822+0000] {processor.py:826} INFO - Processing file /home/airflow/.local/lib/python3.7/site-packages/airflow/example_dags/example_branch_labels.py for tasks to queue
[2023-09-04T12:47:39.824+0000] {logging_mixin.py:150} INFO - [2023-09-04T12:47:39.823+0000] {dagbag.py:541} INFO - Filling up the DagBag from /home/airflow/.local/lib/python3.7/site-packages/airflow/example_dags/example_branch_labels.py
[2023-09-04T12:47:39.838+0000] {processor.py:836} INFO - DAG(s) dict_keys(['example_branch_labels']) retrieved from /home/airflow/.local/lib/python3.7/site-packages/airflow/example_dags/example_branch_labels.py
[2023-09-04T12:47:39.888+0000] {logging_mixin.py:150} INFO - [2023-09-04T12:47:39.888+0000] {dag.py:2742} INFO - Sync 1 DAGs
[2023-09-04T12:47:39.973+0000] {logging_mixin.py:150} INFO - [2023-09-04T12:47:39.973+0000] {dag.py:3508} INFO - Setting next_dagrun for example_branch_labels to 2023-09-03T00:00:00+00:00, run_after=2023-09-04T00:00:00+00:00
[2023-09-04T12:47:40.039+0000] {processor.py:179} INFO - Processing /home/airflow/.local/lib/python3.7/site-packages/airflow/example_dags/example_branch_labels.py took 0.224 seconds
[2023-09-04T12:48:10.615+0000] {processor.py:157} INFO - Started process (PID=978) to work on /home/airflow/.local/lib/python3.7/site-packages/airflow/example_dags/example_branch_labels.py
[2023-09-04T12:48:10.618+0000] {processor.py:826} INFO - Processing file /home/airflow/.local/lib/python3.7/site-packages/airflow/example_dags/example_branch_labels.py for tasks to queue
[2023-09-04T12:48:10.621+0000] {logging_mixin.py:150} INFO - [2023-09-04T12:48:10.620+0000] {dagbag.py:541} INFO - Filling up the DagBag from /home/airflow/.local/lib/python3.7/site-packages/airflow/example_dags/example_branch_labels.py
[2023-09-04T12:48:10.647+0000] {processor.py:836} INFO - DAG(s) dict_keys(['example_branch_labels']) retrieved from /home/airflow/.local/lib/python3.7/site-packages/airflow/example_dags/example_branch_labels.py
[2023-09-04T12:48:10.728+0000] {logging_mixin.py:150} INFO - [2023-09-04T12:48:10.728+0000] {dag.py:2742} INFO - Sync 1 DAGs
[2023-09-04T12:48:10.853+0000] {logging_mixin.py:150} INFO - [2023-09-04T12:48:10.852+0000] {dag.py:3508} INFO - Setting next_dagrun for example_branch_labels to 2023-09-03T00:00:00+00:00, run_after=2023-09-04T00:00:00+00:00
[2023-09-04T12:48:10.898+0000] {processor.py:179} INFO - Processing /home/airflow/.local/lib/python3.7/site-packages/airflow/example_dags/example_branch_labels.py took 0.293 seconds
[2023-09-04T12:48:41.781+0000] {processor.py:157} INFO - Started process (PID=1038) to work on /home/airflow/.local/lib/python3.7/site-packages/airflow/example_dags/example_branch_labels.py
[2023-09-04T12:48:41.784+0000] {processor.py:826} INFO - Processing file /home/airflow/.local/lib/python3.7/site-packages/airflow/example_dags/example_branch_labels.py for tasks to queue
[2023-09-04T12:48:41.788+0000] {logging_mixin.py:150} INFO - [2023-09-04T12:48:41.787+0000] {dagbag.py:541} INFO - Filling up the DagBag from /home/airflow/.local/lib/python3.7/site-packages/airflow/example_dags/example_branch_labels.py
[2023-09-04T12:48:41.819+0000] {processor.py:836} INFO - DAG(s) dict_keys(['example_branch_labels']) retrieved from /home/airflow/.local/lib/python3.7/site-packages/airflow/example_dags/example_branch_labels.py
[2023-09-04T12:48:41.927+0000] {logging_mixin.py:150} INFO - [2023-09-04T12:48:41.926+0000] {dag.py:2742} INFO - Sync 1 DAGs
[2023-09-04T12:48:42.058+0000] {logging_mixin.py:150} INFO - [2023-09-04T12:48:42.058+0000] {dag.py:3508} INFO - Setting next_dagrun for example_branch_labels to 2023-09-03T00:00:00+00:00, run_after=2023-09-04T00:00:00+00:00
[2023-09-04T12:48:42.154+0000] {processor.py:179} INFO - Processing /home/airflow/.local/lib/python3.7/site-packages/airflow/example_dags/example_branch_labels.py took 0.389 seconds
[2023-09-04T12:49:12.274+0000] {processor.py:157} INFO - Started process (PID=1097) to work on /home/airflow/.local/lib/python3.7/site-packages/airflow/example_dags/example_branch_labels.py
[2023-09-04T12:49:12.276+0000] {processor.py:826} INFO - Processing file /home/airflow/.local/lib/python3.7/site-packages/airflow/example_dags/example_branch_labels.py for tasks to queue
[2023-09-04T12:49:12.279+0000] {logging_mixin.py:150} INFO - [2023-09-04T12:49:12.279+0000] {dagbag.py:541} INFO - Filling up the DagBag from /home/airflow/.local/lib/python3.7/site-packages/airflow/example_dags/example_branch_labels.py
[2023-09-04T12:49:12.319+0000] {processor.py:836} INFO - DAG(s) dict_keys(['example_branch_labels']) retrieved from /home/airflow/.local/lib/python3.7/site-packages/airflow/example_dags/example_branch_labels.py
[2023-09-04T12:49:12.397+0000] {logging_mixin.py:150} INFO - [2023-09-04T12:49:12.397+0000] {dag.py:2742} INFO - Sync 1 DAGs
[2023-09-04T12:49:12.451+0000] {logging_mixin.py:150} INFO - [2023-09-04T12:49:12.451+0000] {dag.py:3508} INFO - Setting next_dagrun for example_branch_labels to 2023-09-03T00:00:00+00:00, run_after=2023-09-04T00:00:00+00:00
[2023-09-04T12:49:12.496+0000] {processor.py:179} INFO - Processing /home/airflow/.local/lib/python3.7/site-packages/airflow/example_dags/example_branch_labels.py took 0.230 seconds
[2023-09-04T12:51:20.160+0000] {processor.py:157} INFO - Started process (PID=65) to work on /home/airflow/.local/lib/python3.7/site-packages/airflow/example_dags/example_branch_labels.py
[2023-09-04T12:51:20.177+0000] {processor.py:826} INFO - Processing file /home/airflow/.local/lib/python3.7/site-packages/airflow/example_dags/example_branch_labels.py for tasks to queue
[2023-09-04T12:51:20.183+0000] {logging_mixin.py:150} INFO - [2023-09-04T12:51:20.183+0000] {dagbag.py:541} INFO - Filling up the DagBag from /home/airflow/.local/lib/python3.7/site-packages/airflow/example_dags/example_branch_labels.py
[2023-09-04T12:51:20.254+0000] {processor.py:836} INFO - DAG(s) dict_keys(['example_branch_labels']) retrieved from /home/airflow/.local/lib/python3.7/site-packages/airflow/example_dags/example_branch_labels.py
[2023-09-04T12:51:20.362+0000] {logging_mixin.py:150} INFO - [2023-09-04T12:51:20.361+0000] {dag.py:2742} INFO - Sync 1 DAGs
[2023-09-04T12:51:20.478+0000] {logging_mixin.py:150} INFO - [2023-09-04T12:51:20.477+0000] {dag.py:3508} INFO - Setting next_dagrun for example_branch_labels to 2023-09-03T00:00:00+00:00, run_after=2023-09-04T00:00:00+00:00
[2023-09-04T12:51:20.554+0000] {processor.py:179} INFO - Processing /home/airflow/.local/lib/python3.7/site-packages/airflow/example_dags/example_branch_labels.py took 0.404 seconds
[2023-09-04T12:51:51.524+0000] {processor.py:157} INFO - Started process (PID=123) to work on /home/airflow/.local/lib/python3.7/site-packages/airflow/example_dags/example_branch_labels.py
[2023-09-04T12:51:51.526+0000] {processor.py:826} INFO - Processing file /home/airflow/.local/lib/python3.7/site-packages/airflow/example_dags/example_branch_labels.py for tasks to queue
[2023-09-04T12:51:51.529+0000] {logging_mixin.py:150} INFO - [2023-09-04T12:51:51.528+0000] {dagbag.py:541} INFO - Filling up the DagBag from /home/airflow/.local/lib/python3.7/site-packages/airflow/example_dags/example_branch_labels.py
[2023-09-04T12:51:51.549+0000] {processor.py:836} INFO - DAG(s) dict_keys(['example_branch_labels']) retrieved from /home/airflow/.local/lib/python3.7/site-packages/airflow/example_dags/example_branch_labels.py
[2023-09-04T12:51:51.616+0000] {logging_mixin.py:150} INFO - [2023-09-04T12:51:51.616+0000] {dag.py:2742} INFO - Sync 1 DAGs
[2023-09-04T12:51:51.683+0000] {logging_mixin.py:150} INFO - [2023-09-04T12:51:51.682+0000] {dag.py:3508} INFO - Setting next_dagrun for example_branch_labels to 2023-09-03T00:00:00+00:00, run_after=2023-09-04T00:00:00+00:00
[2023-09-04T12:51:51.746+0000] {processor.py:179} INFO - Processing /home/airflow/.local/lib/python3.7/site-packages/airflow/example_dags/example_branch_labels.py took 0.231 seconds
[2023-09-04T12:52:22.056+0000] {processor.py:157} INFO - Started process (PID=182) to work on /home/airflow/.local/lib/python3.7/site-packages/airflow/example_dags/example_branch_labels.py
[2023-09-04T12:52:22.058+0000] {processor.py:826} INFO - Processing file /home/airflow/.local/lib/python3.7/site-packages/airflow/example_dags/example_branch_labels.py for tasks to queue
[2023-09-04T12:52:22.061+0000] {logging_mixin.py:150} INFO - [2023-09-04T12:52:22.060+0000] {dagbag.py:541} INFO - Filling up the DagBag from /home/airflow/.local/lib/python3.7/site-packages/airflow/example_dags/example_branch_labels.py
[2023-09-04T12:52:22.081+0000] {processor.py:836} INFO - DAG(s) dict_keys(['example_branch_labels']) retrieved from /home/airflow/.local/lib/python3.7/site-packages/airflow/example_dags/example_branch_labels.py
[2023-09-04T12:52:22.142+0000] {logging_mixin.py:150} INFO - [2023-09-04T12:52:22.141+0000] {dag.py:2742} INFO - Sync 1 DAGs
[2023-09-04T12:52:22.215+0000] {logging_mixin.py:150} INFO - [2023-09-04T12:52:22.215+0000] {dag.py:3508} INFO - Setting next_dagrun for example_branch_labels to 2023-09-03T00:00:00+00:00, run_after=2023-09-04T00:00:00+00:00
[2023-09-04T12:52:22.289+0000] {processor.py:179} INFO - Processing /home/airflow/.local/lib/python3.7/site-packages/airflow/example_dags/example_branch_labels.py took 0.240 seconds
[2023-09-04T12:52:53.084+0000] {processor.py:157} INFO - Started process (PID=241) to work on /home/airflow/.local/lib/python3.7/site-packages/airflow/example_dags/example_branch_labels.py
[2023-09-04T12:52:53.095+0000] {processor.py:826} INFO - Processing file /home/airflow/.local/lib/python3.7/site-packages/airflow/example_dags/example_branch_labels.py for tasks to queue
[2023-09-04T12:52:53.109+0000] {logging_mixin.py:150} INFO - [2023-09-04T12:52:53.107+0000] {dagbag.py:541} INFO - Filling up the DagBag from /home/airflow/.local/lib/python3.7/site-packages/airflow/example_dags/example_branch_labels.py
[2023-09-04T12:52:53.183+0000] {processor.py:836} INFO - DAG(s) dict_keys(['example_branch_labels']) retrieved from /home/airflow/.local/lib/python3.7/site-packages/airflow/example_dags/example_branch_labels.py
[2023-09-04T12:52:53.235+0000] {logging_mixin.py:150} INFO - [2023-09-04T12:52:53.235+0000] {dag.py:2742} INFO - Sync 1 DAGs
[2023-09-04T12:52:53.300+0000] {logging_mixin.py:150} INFO - [2023-09-04T12:52:53.299+0000] {dag.py:3508} INFO - Setting next_dagrun for example_branch_labels to 2023-09-03T00:00:00+00:00, run_after=2023-09-04T00:00:00+00:00
[2023-09-04T12:52:53.340+0000] {processor.py:179} INFO - Processing /home/airflow/.local/lib/python3.7/site-packages/airflow/example_dags/example_branch_labels.py took 0.285 seconds
[2023-09-04T12:53:24.044+0000] {processor.py:157} INFO - Started process (PID=301) to work on /home/airflow/.local/lib/python3.7/site-packages/airflow/example_dags/example_branch_labels.py
[2023-09-04T12:53:24.053+0000] {processor.py:826} INFO - Processing file /home/airflow/.local/lib/python3.7/site-packages/airflow/example_dags/example_branch_labels.py for tasks to queue
[2023-09-04T12:53:24.060+0000] {logging_mixin.py:150} INFO - [2023-09-04T12:53:24.059+0000] {dagbag.py:541} INFO - Filling up the DagBag from /home/airflow/.local/lib/python3.7/site-packages/airflow/example_dags/example_branch_labels.py
[2023-09-04T12:53:24.102+0000] {processor.py:836} INFO - DAG(s) dict_keys(['example_branch_labels']) retrieved from /home/airflow/.local/lib/python3.7/site-packages/airflow/example_dags/example_branch_labels.py
[2023-09-04T12:53:24.160+0000] {logging_mixin.py:150} INFO - [2023-09-04T12:53:24.159+0000] {dag.py:2742} INFO - Sync 1 DAGs
[2023-09-04T12:53:24.216+0000] {logging_mixin.py:150} INFO - [2023-09-04T12:53:24.215+0000] {dag.py:3508} INFO - Setting next_dagrun for example_branch_labels to 2023-09-03T00:00:00+00:00, run_after=2023-09-04T00:00:00+00:00
[2023-09-04T12:53:24.258+0000] {processor.py:179} INFO - Processing /home/airflow/.local/lib/python3.7/site-packages/airflow/example_dags/example_branch_labels.py took 0.240 seconds
[2023-09-04T12:53:54.936+0000] {processor.py:157} INFO - Started process (PID=360) to work on /home/airflow/.local/lib/python3.7/site-packages/airflow/example_dags/example_branch_labels.py
[2023-09-04T12:53:54.939+0000] {processor.py:826} INFO - Processing file /home/airflow/.local/lib/python3.7/site-packages/airflow/example_dags/example_branch_labels.py for tasks to queue
[2023-09-04T12:53:54.941+0000] {logging_mixin.py:150} INFO - [2023-09-04T12:53:54.941+0000] {dagbag.py:541} INFO - Filling up the DagBag from /home/airflow/.local/lib/python3.7/site-packages/airflow/example_dags/example_branch_labels.py
[2023-09-04T12:53:54.983+0000] {processor.py:836} INFO - DAG(s) dict_keys(['example_branch_labels']) retrieved from /home/airflow/.local/lib/python3.7/site-packages/airflow/example_dags/example_branch_labels.py
[2023-09-04T12:53:55.094+0000] {logging_mixin.py:150} INFO - [2023-09-04T12:53:55.093+0000] {dag.py:2742} INFO - Sync 1 DAGs
[2023-09-04T12:53:55.193+0000] {logging_mixin.py:150} INFO - [2023-09-04T12:53:55.192+0000] {dag.py:3508} INFO - Setting next_dagrun for example_branch_labels to 2023-09-03T00:00:00+00:00, run_after=2023-09-04T00:00:00+00:00
[2023-09-04T12:53:55.238+0000] {processor.py:179} INFO - Processing /home/airflow/.local/lib/python3.7/site-packages/airflow/example_dags/example_branch_labels.py took 0.309 seconds
[2023-09-04T12:54:25.381+0000] {processor.py:157} INFO - Started process (PID=418) to work on /home/airflow/.local/lib/python3.7/site-packages/airflow/example_dags/example_branch_labels.py
[2023-09-04T12:54:25.385+0000] {processor.py:826} INFO - Processing file /home/airflow/.local/lib/python3.7/site-packages/airflow/example_dags/example_branch_labels.py for tasks to queue
[2023-09-04T12:54:25.390+0000] {logging_mixin.py:150} INFO - [2023-09-04T12:54:25.390+0000] {dagbag.py:541} INFO - Filling up the DagBag from /home/airflow/.local/lib/python3.7/site-packages/airflow/example_dags/example_branch_labels.py
[2023-09-04T12:54:25.415+0000] {processor.py:836} INFO - DAG(s) dict_keys(['example_branch_labels']) retrieved from /home/airflow/.local/lib/python3.7/site-packages/airflow/example_dags/example_branch_labels.py
[2023-09-04T12:54:25.582+0000] {logging_mixin.py:150} INFO - [2023-09-04T12:54:25.582+0000] {dag.py:2742} INFO - Sync 1 DAGs
[2023-09-04T12:54:25.701+0000] {logging_mixin.py:150} INFO - [2023-09-04T12:54:25.701+0000] {dag.py:3508} INFO - Setting next_dagrun for example_branch_labels to 2023-09-03T00:00:00+00:00, run_after=2023-09-04T00:00:00+00:00
[2023-09-04T12:54:25.743+0000] {processor.py:179} INFO - Processing /home/airflow/.local/lib/python3.7/site-packages/airflow/example_dags/example_branch_labels.py took 0.374 seconds
[2023-09-04T12:54:56.182+0000] {processor.py:157} INFO - Started process (PID=477) to work on /home/airflow/.local/lib/python3.7/site-packages/airflow/example_dags/example_branch_labels.py
[2023-09-04T12:54:56.185+0000] {processor.py:826} INFO - Processing file /home/airflow/.local/lib/python3.7/site-packages/airflow/example_dags/example_branch_labels.py for tasks to queue
[2023-09-04T12:54:56.188+0000] {logging_mixin.py:150} INFO - [2023-09-04T12:54:56.187+0000] {dagbag.py:541} INFO - Filling up the DagBag from /home/airflow/.local/lib/python3.7/site-packages/airflow/example_dags/example_branch_labels.py
[2023-09-04T12:54:56.212+0000] {processor.py:836} INFO - DAG(s) dict_keys(['example_branch_labels']) retrieved from /home/airflow/.local/lib/python3.7/site-packages/airflow/example_dags/example_branch_labels.py
[2023-09-04T12:54:56.269+0000] {logging_mixin.py:150} INFO - [2023-09-04T12:54:56.268+0000] {dag.py:2742} INFO - Sync 1 DAGs
[2023-09-04T12:54:56.407+0000] {logging_mixin.py:150} INFO - [2023-09-04T12:54:56.407+0000] {dag.py:3508} INFO - Setting next_dagrun for example_branch_labels to 2023-09-03T00:00:00+00:00, run_after=2023-09-04T00:00:00+00:00
[2023-09-04T12:54:56.458+0000] {processor.py:179} INFO - Processing /home/airflow/.local/lib/python3.7/site-packages/airflow/example_dags/example_branch_labels.py took 0.284 seconds
[2023-09-04T12:55:27.061+0000] {processor.py:157} INFO - Started process (PID=536) to work on /home/airflow/.local/lib/python3.7/site-packages/airflow/example_dags/example_branch_labels.py
[2023-09-04T12:55:27.065+0000] {processor.py:826} INFO - Processing file /home/airflow/.local/lib/python3.7/site-packages/airflow/example_dags/example_branch_labels.py for tasks to queue
[2023-09-04T12:55:27.068+0000] {logging_mixin.py:150} INFO - [2023-09-04T12:55:27.067+0000] {dagbag.py:541} INFO - Filling up the DagBag from /home/airflow/.local/lib/python3.7/site-packages/airflow/example_dags/example_branch_labels.py
[2023-09-04T12:55:27.088+0000] {processor.py:836} INFO - DAG(s) dict_keys(['example_branch_labels']) retrieved from /home/airflow/.local/lib/python3.7/site-packages/airflow/example_dags/example_branch_labels.py
[2023-09-04T12:55:27.133+0000] {logging_mixin.py:150} INFO - [2023-09-04T12:55:27.132+0000] {dag.py:2742} INFO - Sync 1 DAGs
[2023-09-04T12:55:27.188+0000] {logging_mixin.py:150} INFO - [2023-09-04T12:55:27.187+0000] {dag.py:3508} INFO - Setting next_dagrun for example_branch_labels to 2023-09-03T00:00:00+00:00, run_after=2023-09-04T00:00:00+00:00
[2023-09-04T12:55:27.247+0000] {processor.py:179} INFO - Processing /home/airflow/.local/lib/python3.7/site-packages/airflow/example_dags/example_branch_labels.py took 0.198 seconds
[2023-09-04T12:55:57.486+0000] {processor.py:157} INFO - Started process (PID=596) to work on /home/airflow/.local/lib/python3.7/site-packages/airflow/example_dags/example_branch_labels.py
[2023-09-04T12:55:57.489+0000] {processor.py:826} INFO - Processing file /home/airflow/.local/lib/python3.7/site-packages/airflow/example_dags/example_branch_labels.py for tasks to queue
[2023-09-04T12:55:57.492+0000] {logging_mixin.py:150} INFO - [2023-09-04T12:55:57.491+0000] {dagbag.py:541} INFO - Filling up the DagBag from /home/airflow/.local/lib/python3.7/site-packages/airflow/example_dags/example_branch_labels.py
[2023-09-04T12:55:57.516+0000] {processor.py:836} INFO - DAG(s) dict_keys(['example_branch_labels']) retrieved from /home/airflow/.local/lib/python3.7/site-packages/airflow/example_dags/example_branch_labels.py
[2023-09-04T12:55:57.588+0000] {logging_mixin.py:150} INFO - [2023-09-04T12:55:57.587+0000] {dag.py:2742} INFO - Sync 1 DAGs
[2023-09-04T12:55:57.658+0000] {logging_mixin.py:150} INFO - [2023-09-04T12:55:57.657+0000] {dag.py:3508} INFO - Setting next_dagrun for example_branch_labels to 2023-09-03T00:00:00+00:00, run_after=2023-09-04T00:00:00+00:00
[2023-09-04T12:55:57.699+0000] {processor.py:179} INFO - Processing /home/airflow/.local/lib/python3.7/site-packages/airflow/example_dags/example_branch_labels.py took 0.221 seconds
[2023-09-04T12:56:28.269+0000] {processor.py:157} INFO - Started process (PID=650) to work on /home/airflow/.local/lib/python3.7/site-packages/airflow/example_dags/example_branch_labels.py
[2023-09-04T12:56:28.273+0000] {processor.py:826} INFO - Processing file /home/airflow/.local/lib/python3.7/site-packages/airflow/example_dags/example_branch_labels.py for tasks to queue
[2023-09-04T12:56:28.276+0000] {logging_mixin.py:150} INFO - [2023-09-04T12:56:28.275+0000] {dagbag.py:541} INFO - Filling up the DagBag from /home/airflow/.local/lib/python3.7/site-packages/airflow/example_dags/example_branch_labels.py
[2023-09-04T12:56:28.303+0000] {processor.py:836} INFO - DAG(s) dict_keys(['example_branch_labels']) retrieved from /home/airflow/.local/lib/python3.7/site-packages/airflow/example_dags/example_branch_labels.py
[2023-09-04T12:56:28.357+0000] {logging_mixin.py:150} INFO - [2023-09-04T12:56:28.357+0000] {dag.py:2742} INFO - Sync 1 DAGs
[2023-09-04T12:56:28.439+0000] {logging_mixin.py:150} INFO - [2023-09-04T12:56:28.438+0000] {dag.py:3508} INFO - Setting next_dagrun for example_branch_labels to 2023-09-03T00:00:00+00:00, run_after=2023-09-04T00:00:00+00:00
[2023-09-04T12:56:28.485+0000] {processor.py:179} INFO - Processing /home/airflow/.local/lib/python3.7/site-packages/airflow/example_dags/example_branch_labels.py took 0.225 seconds
[2023-09-04T12:56:58.668+0000] {processor.py:157} INFO - Started process (PID=709) to work on /home/airflow/.local/lib/python3.7/site-packages/airflow/example_dags/example_branch_labels.py
[2023-09-04T12:56:58.671+0000] {processor.py:826} INFO - Processing file /home/airflow/.local/lib/python3.7/site-packages/airflow/example_dags/example_branch_labels.py for tasks to queue
[2023-09-04T12:56:58.676+0000] {logging_mixin.py:150} INFO - [2023-09-04T12:56:58.675+0000] {dagbag.py:541} INFO - Filling up the DagBag from /home/airflow/.local/lib/python3.7/site-packages/airflow/example_dags/example_branch_labels.py
[2023-09-04T12:56:58.694+0000] {processor.py:836} INFO - DAG(s) dict_keys(['example_branch_labels']) retrieved from /home/airflow/.local/lib/python3.7/site-packages/airflow/example_dags/example_branch_labels.py
[2023-09-04T12:56:58.752+0000] {logging_mixin.py:150} INFO - [2023-09-04T12:56:58.751+0000] {dag.py:2742} INFO - Sync 1 DAGs
[2023-09-04T12:56:58.815+0000] {logging_mixin.py:150} INFO - [2023-09-04T12:56:58.814+0000] {dag.py:3508} INFO - Setting next_dagrun for example_branch_labels to 2023-09-03T00:00:00+00:00, run_after=2023-09-04T00:00:00+00:00
[2023-09-04T12:56:58.871+0000] {processor.py:179} INFO - Processing /home/airflow/.local/lib/python3.7/site-packages/airflow/example_dags/example_branch_labels.py took 0.210 seconds
[2023-09-04T12:57:29.722+0000] {processor.py:157} INFO - Started process (PID=767) to work on /home/airflow/.local/lib/python3.7/site-packages/airflow/example_dags/example_branch_labels.py
[2023-09-04T12:57:29.725+0000] {processor.py:826} INFO - Processing file /home/airflow/.local/lib/python3.7/site-packages/airflow/example_dags/example_branch_labels.py for tasks to queue
[2023-09-04T12:57:29.736+0000] {logging_mixin.py:150} INFO - [2023-09-04T12:57:29.727+0000] {dagbag.py:541} INFO - Filling up the DagBag from /home/airflow/.local/lib/python3.7/site-packages/airflow/example_dags/example_branch_labels.py
[2023-09-04T12:57:29.785+0000] {processor.py:836} INFO - DAG(s) dict_keys(['example_branch_labels']) retrieved from /home/airflow/.local/lib/python3.7/site-packages/airflow/example_dags/example_branch_labels.py
[2023-09-04T12:57:29.921+0000] {logging_mixin.py:150} INFO - [2023-09-04T12:57:29.920+0000] {dag.py:2742} INFO - Sync 1 DAGs
[2023-09-04T12:57:30.071+0000] {logging_mixin.py:150} INFO - [2023-09-04T12:57:30.070+0000] {dag.py:3508} INFO - Setting next_dagrun for example_branch_labels to 2023-09-03T00:00:00+00:00, run_after=2023-09-04T00:00:00+00:00
[2023-09-04T12:57:30.234+0000] {processor.py:179} INFO - Processing /home/airflow/.local/lib/python3.7/site-packages/airflow/example_dags/example_branch_labels.py took 0.522 seconds
[2023-09-04T12:58:01.315+0000] {processor.py:157} INFO - Started process (PID=826) to work on /home/airflow/.local/lib/python3.7/site-packages/airflow/example_dags/example_branch_labels.py
[2023-09-04T12:58:01.319+0000] {processor.py:826} INFO - Processing file /home/airflow/.local/lib/python3.7/site-packages/airflow/example_dags/example_branch_labels.py for tasks to queue
[2023-09-04T12:58:01.328+0000] {logging_mixin.py:150} INFO - [2023-09-04T12:58:01.326+0000] {dagbag.py:541} INFO - Filling up the DagBag from /home/airflow/.local/lib/python3.7/site-packages/airflow/example_dags/example_branch_labels.py
[2023-09-04T12:58:01.366+0000] {processor.py:836} INFO - DAG(s) dict_keys(['example_branch_labels']) retrieved from /home/airflow/.local/lib/python3.7/site-packages/airflow/example_dags/example_branch_labels.py
[2023-09-04T12:58:01.425+0000] {logging_mixin.py:150} INFO - [2023-09-04T12:58:01.425+0000] {dag.py:2742} INFO - Sync 1 DAGs
[2023-09-04T12:58:01.541+0000] {logging_mixin.py:150} INFO - [2023-09-04T12:58:01.540+0000] {dag.py:3508} INFO - Setting next_dagrun for example_branch_labels to 2023-09-03T00:00:00+00:00, run_after=2023-09-04T00:00:00+00:00
[2023-09-04T12:58:01.619+0000] {processor.py:179} INFO - Processing /home/airflow/.local/lib/python3.7/site-packages/airflow/example_dags/example_branch_labels.py took 0.311 seconds
[2023-09-04T12:58:31.921+0000] {processor.py:157} INFO - Started process (PID=885) to work on /home/airflow/.local/lib/python3.7/site-packages/airflow/example_dags/example_branch_labels.py
[2023-09-04T12:58:31.925+0000] {processor.py:826} INFO - Processing file /home/airflow/.local/lib/python3.7/site-packages/airflow/example_dags/example_branch_labels.py for tasks to queue
[2023-09-04T12:58:31.927+0000] {logging_mixin.py:150} INFO - [2023-09-04T12:58:31.926+0000] {dagbag.py:541} INFO - Filling up the DagBag from /home/airflow/.local/lib/python3.7/site-packages/airflow/example_dags/example_branch_labels.py
[2023-09-04T12:58:31.951+0000] {processor.py:836} INFO - DAG(s) dict_keys(['example_branch_labels']) retrieved from /home/airflow/.local/lib/python3.7/site-packages/airflow/example_dags/example_branch_labels.py
[2023-09-04T12:58:32.003+0000] {logging_mixin.py:150} INFO - [2023-09-04T12:58:32.003+0000] {dag.py:2742} INFO - Sync 1 DAGs
[2023-09-04T12:58:32.056+0000] {logging_mixin.py:150} INFO - [2023-09-04T12:58:32.055+0000] {dag.py:3508} INFO - Setting next_dagrun for example_branch_labels to 2023-09-03T00:00:00+00:00, run_after=2023-09-04T00:00:00+00:00
[2023-09-04T12:58:32.096+0000] {processor.py:179} INFO - Processing /home/airflow/.local/lib/python3.7/site-packages/airflow/example_dags/example_branch_labels.py took 0.183 seconds
