[2023-09-04T12:39:28.504+0000] {processor.py:157} INFO - Started process (PID=77) to work on /home/airflow/.local/lib/python3.7/site-packages/airflow/example_dags/example_latest_only_with_trigger.py
[2023-09-04T12:39:28.556+0000] {processor.py:826} INFO - Processing file /home/airflow/.local/lib/python3.7/site-packages/airflow/example_dags/example_latest_only_with_trigger.py for tasks to queue
[2023-09-04T12:39:28.560+0000] {logging_mixin.py:150} INFO - [2023-09-04T12:39:28.559+0000] {dagbag.py:541} INFO - Filling up the DagBag from /home/airflow/.local/lib/python3.7/site-packages/airflow/example_dags/example_latest_only_with_trigger.py
[2023-09-04T12:39:28.650+0000] {processor.py:836} INFO - DAG(s) dict_keys(['latest_only_with_trigger']) retrieved from /home/airflow/.local/lib/python3.7/site-packages/airflow/example_dags/example_latest_only_with_trigger.py
[2023-09-04T12:39:28.759+0000] {logging_mixin.py:150} INFO - [2023-09-04T12:39:28.759+0000] {dag.py:2742} INFO - Sync 1 DAGs
[2023-09-04T12:39:29.233+0000] {logging_mixin.py:150} INFO - [2023-09-04T12:39:29.233+0000] {dag.py:3508} INFO - Setting next_dagrun for latest_only_with_trigger to 2023-09-04T08:39:29.232504+00:00, run_after=2023-09-04T12:39:29.232504+00:00
[2023-09-04T12:39:29.436+0000] {processor.py:179} INFO - Processing /home/airflow/.local/lib/python3.7/site-packages/airflow/example_dags/example_latest_only_with_trigger.py took 0.943 seconds
[2023-09-04T12:40:00.048+0000] {processor.py:157} INFO - Started process (PID=136) to work on /home/airflow/.local/lib/python3.7/site-packages/airflow/example_dags/example_latest_only_with_trigger.py
[2023-09-04T12:40:00.053+0000] {processor.py:826} INFO - Processing file /home/airflow/.local/lib/python3.7/site-packages/airflow/example_dags/example_latest_only_with_trigger.py for tasks to queue
[2023-09-04T12:40:00.055+0000] {logging_mixin.py:150} INFO - [2023-09-04T12:40:00.055+0000] {dagbag.py:541} INFO - Filling up the DagBag from /home/airflow/.local/lib/python3.7/site-packages/airflow/example_dags/example_latest_only_with_trigger.py
[2023-09-04T12:40:00.129+0000] {processor.py:836} INFO - DAG(s) dict_keys(['latest_only_with_trigger']) retrieved from /home/airflow/.local/lib/python3.7/site-packages/airflow/example_dags/example_latest_only_with_trigger.py
[2023-09-04T12:40:00.247+0000] {logging_mixin.py:150} INFO - [2023-09-04T12:40:00.245+0000] {dag.py:2742} INFO - Sync 1 DAGs
[2023-09-04T12:40:00.458+0000] {logging_mixin.py:150} INFO - [2023-09-04T12:40:00.457+0000] {dag.py:3508} INFO - Setting next_dagrun for latest_only_with_trigger to 2023-09-04T08:40:00.457429+00:00, run_after=2023-09-04T12:40:00.457429+00:00
[2023-09-04T12:40:00.655+0000] {processor.py:179} INFO - Processing /home/airflow/.local/lib/python3.7/site-packages/airflow/example_dags/example_latest_only_with_trigger.py took 0.625 seconds
[2023-09-04T12:40:36.100+0000] {processor.py:157} INFO - Started process (PID=195) to work on /home/airflow/.local/lib/python3.7/site-packages/airflow/example_dags/example_latest_only_with_trigger.py
[2023-09-04T12:40:36.107+0000] {processor.py:826} INFO - Processing file /home/airflow/.local/lib/python3.7/site-packages/airflow/example_dags/example_latest_only_with_trigger.py for tasks to queue
[2023-09-04T12:40:36.119+0000] {logging_mixin.py:150} INFO - [2023-09-04T12:40:36.118+0000] {dagbag.py:541} INFO - Filling up the DagBag from /home/airflow/.local/lib/python3.7/site-packages/airflow/example_dags/example_latest_only_with_trigger.py
[2023-09-04T12:40:36.179+0000] {processor.py:836} INFO - DAG(s) dict_keys(['latest_only_with_trigger']) retrieved from /home/airflow/.local/lib/python3.7/site-packages/airflow/example_dags/example_latest_only_with_trigger.py
[2023-09-04T12:40:36.367+0000] {logging_mixin.py:150} INFO - [2023-09-04T12:40:36.367+0000] {dag.py:2742} INFO - Sync 1 DAGs
[2023-09-04T12:40:36.587+0000] {logging_mixin.py:150} INFO - [2023-09-04T12:40:36.584+0000] {dag.py:3508} INFO - Setting next_dagrun for latest_only_with_trigger to 2023-09-04T08:40:36.584146+00:00, run_after=2023-09-04T12:40:36.584146+00:00
[2023-09-04T12:40:36.807+0000] {processor.py:179} INFO - Processing /home/airflow/.local/lib/python3.7/site-packages/airflow/example_dags/example_latest_only_with_trigger.py took 0.743 seconds
[2023-09-04T12:41:15.653+0000] {processor.py:157} INFO - Started process (PID=257) to work on /home/airflow/.local/lib/python3.7/site-packages/airflow/example_dags/example_latest_only_with_trigger.py
[2023-09-04T12:41:15.665+0000] {processor.py:826} INFO - Processing file /home/airflow/.local/lib/python3.7/site-packages/airflow/example_dags/example_latest_only_with_trigger.py for tasks to queue
[2023-09-04T12:41:15.669+0000] {logging_mixin.py:150} INFO - [2023-09-04T12:41:15.668+0000] {dagbag.py:541} INFO - Filling up the DagBag from /home/airflow/.local/lib/python3.7/site-packages/airflow/example_dags/example_latest_only_with_trigger.py
[2023-09-04T12:41:15.695+0000] {processor.py:836} INFO - DAG(s) dict_keys(['latest_only_with_trigger']) retrieved from /home/airflow/.local/lib/python3.7/site-packages/airflow/example_dags/example_latest_only_with_trigger.py
[2023-09-04T12:41:15.827+0000] {logging_mixin.py:150} INFO - [2023-09-04T12:41:15.826+0000] {dag.py:2742} INFO - Sync 1 DAGs
[2023-09-04T12:41:16.005+0000] {logging_mixin.py:150} INFO - [2023-09-04T12:41:16.004+0000] {dag.py:3508} INFO - Setting next_dagrun for latest_only_with_trigger to 2023-09-04T08:41:16.004246+00:00, run_after=2023-09-04T12:41:16.004246+00:00
[2023-09-04T12:41:16.138+0000] {processor.py:179} INFO - Processing /home/airflow/.local/lib/python3.7/site-packages/airflow/example_dags/example_latest_only_with_trigger.py took 0.495 seconds
[2023-09-04T12:41:47.911+0000] {processor.py:157} INFO - Started process (PID=311) to work on /home/airflow/.local/lib/python3.7/site-packages/airflow/example_dags/example_latest_only_with_trigger.py
[2023-09-04T12:41:47.963+0000] {processor.py:826} INFO - Processing file /home/airflow/.local/lib/python3.7/site-packages/airflow/example_dags/example_latest_only_with_trigger.py for tasks to queue
[2023-09-04T12:41:48.013+0000] {logging_mixin.py:150} INFO - [2023-09-04T12:41:48.012+0000] {dagbag.py:541} INFO - Filling up the DagBag from /home/airflow/.local/lib/python3.7/site-packages/airflow/example_dags/example_latest_only_with_trigger.py
[2023-09-04T12:41:48.158+0000] {processor.py:836} INFO - DAG(s) dict_keys(['latest_only_with_trigger']) retrieved from /home/airflow/.local/lib/python3.7/site-packages/airflow/example_dags/example_latest_only_with_trigger.py
[2023-09-04T12:41:48.381+0000] {logging_mixin.py:150} INFO - [2023-09-04T12:41:48.381+0000] {dag.py:2742} INFO - Sync 1 DAGs
[2023-09-04T12:41:48.647+0000] {logging_mixin.py:150} INFO - [2023-09-04T12:41:48.647+0000] {dag.py:3508} INFO - Setting next_dagrun for latest_only_with_trigger to 2023-09-04T08:41:48.646056+00:00, run_after=2023-09-04T12:41:48.646056+00:00
[2023-09-04T12:41:48.837+0000] {processor.py:179} INFO - Processing /home/airflow/.local/lib/python3.7/site-packages/airflow/example_dags/example_latest_only_with_trigger.py took 0.934 seconds
[2023-09-04T12:42:34.961+0000] {processor.py:157} INFO - Started process (PID=376) to work on /home/airflow/.local/lib/python3.7/site-packages/airflow/example_dags/example_latest_only_with_trigger.py
[2023-09-04T12:42:34.972+0000] {processor.py:826} INFO - Processing file /home/airflow/.local/lib/python3.7/site-packages/airflow/example_dags/example_latest_only_with_trigger.py for tasks to queue
[2023-09-04T12:42:34.975+0000] {logging_mixin.py:150} INFO - [2023-09-04T12:42:34.975+0000] {dagbag.py:541} INFO - Filling up the DagBag from /home/airflow/.local/lib/python3.7/site-packages/airflow/example_dags/example_latest_only_with_trigger.py
[2023-09-04T12:42:35.021+0000] {processor.py:836} INFO - DAG(s) dict_keys(['latest_only_with_trigger']) retrieved from /home/airflow/.local/lib/python3.7/site-packages/airflow/example_dags/example_latest_only_with_trigger.py
[2023-09-04T12:42:35.182+0000] {logging_mixin.py:150} INFO - [2023-09-04T12:42:35.182+0000] {dag.py:2742} INFO - Sync 1 DAGs
[2023-09-04T12:42:35.393+0000] {logging_mixin.py:150} INFO - [2023-09-04T12:42:35.392+0000] {dag.py:3508} INFO - Setting next_dagrun for latest_only_with_trigger to 2023-09-04T08:42:35.391836+00:00, run_after=2023-09-04T12:42:35.391836+00:00
[2023-09-04T12:42:35.538+0000] {processor.py:179} INFO - Processing /home/airflow/.local/lib/python3.7/site-packages/airflow/example_dags/example_latest_only_with_trigger.py took 0.597 seconds
[2023-09-04T12:43:09.715+0000] {processor.py:157} INFO - Started process (PID=436) to work on /home/airflow/.local/lib/python3.7/site-packages/airflow/example_dags/example_latest_only_with_trigger.py
[2023-09-04T12:43:09.723+0000] {processor.py:826} INFO - Processing file /home/airflow/.local/lib/python3.7/site-packages/airflow/example_dags/example_latest_only_with_trigger.py for tasks to queue
[2023-09-04T12:43:09.732+0000] {logging_mixin.py:150} INFO - [2023-09-04T12:43:09.731+0000] {dagbag.py:541} INFO - Filling up the DagBag from /home/airflow/.local/lib/python3.7/site-packages/airflow/example_dags/example_latest_only_with_trigger.py
[2023-09-04T12:43:09.784+0000] {processor.py:836} INFO - DAG(s) dict_keys(['latest_only_with_trigger']) retrieved from /home/airflow/.local/lib/python3.7/site-packages/airflow/example_dags/example_latest_only_with_trigger.py
[2023-09-04T12:43:09.968+0000] {logging_mixin.py:150} INFO - [2023-09-04T12:43:09.967+0000] {dag.py:2742} INFO - Sync 1 DAGs
[2023-09-04T12:43:10.190+0000] {logging_mixin.py:150} INFO - [2023-09-04T12:43:10.190+0000] {dag.py:3508} INFO - Setting next_dagrun for latest_only_with_trigger to 2023-09-04T08:43:10.179615+00:00, run_after=2023-09-04T12:43:10.179615+00:00
[2023-09-04T12:43:10.393+0000] {processor.py:179} INFO - Processing /home/airflow/.local/lib/python3.7/site-packages/airflow/example_dags/example_latest_only_with_trigger.py took 0.697 seconds
[2023-09-04T12:43:43.761+0000] {processor.py:157} INFO - Started process (PID=490) to work on /home/airflow/.local/lib/python3.7/site-packages/airflow/example_dags/example_latest_only_with_trigger.py
[2023-09-04T12:43:43.777+0000] {processor.py:826} INFO - Processing file /home/airflow/.local/lib/python3.7/site-packages/airflow/example_dags/example_latest_only_with_trigger.py for tasks to queue
[2023-09-04T12:43:43.794+0000] {logging_mixin.py:150} INFO - [2023-09-04T12:43:43.793+0000] {dagbag.py:541} INFO - Filling up the DagBag from /home/airflow/.local/lib/python3.7/site-packages/airflow/example_dags/example_latest_only_with_trigger.py
[2023-09-04T12:43:43.829+0000] {processor.py:836} INFO - DAG(s) dict_keys(['latest_only_with_trigger']) retrieved from /home/airflow/.local/lib/python3.7/site-packages/airflow/example_dags/example_latest_only_with_trigger.py
[2023-09-04T12:43:43.992+0000] {logging_mixin.py:150} INFO - [2023-09-04T12:43:43.991+0000] {dag.py:2742} INFO - Sync 1 DAGs
[2023-09-04T12:43:44.292+0000] {logging_mixin.py:150} INFO - [2023-09-04T12:43:44.291+0000] {dag.py:3508} INFO - Setting next_dagrun for latest_only_with_trigger to 2023-09-04T08:43:44.279877+00:00, run_after=2023-09-04T12:43:44.279877+00:00
[2023-09-04T12:43:44.492+0000] {processor.py:179} INFO - Processing /home/airflow/.local/lib/python3.7/site-packages/airflow/example_dags/example_latest_only_with_trigger.py took 0.763 seconds
[2023-09-04T12:44:16.658+0000] {processor.py:157} INFO - Started process (PID=547) to work on /home/airflow/.local/lib/python3.7/site-packages/airflow/example_dags/example_latest_only_with_trigger.py
[2023-09-04T12:44:16.665+0000] {processor.py:826} INFO - Processing file /home/airflow/.local/lib/python3.7/site-packages/airflow/example_dags/example_latest_only_with_trigger.py for tasks to queue
[2023-09-04T12:44:16.669+0000] {logging_mixin.py:150} INFO - [2023-09-04T12:44:16.668+0000] {dagbag.py:541} INFO - Filling up the DagBag from /home/airflow/.local/lib/python3.7/site-packages/airflow/example_dags/example_latest_only_with_trigger.py
[2023-09-04T12:44:16.718+0000] {processor.py:836} INFO - DAG(s) dict_keys(['latest_only_with_trigger']) retrieved from /home/airflow/.local/lib/python3.7/site-packages/airflow/example_dags/example_latest_only_with_trigger.py
[2023-09-04T12:44:16.919+0000] {logging_mixin.py:150} INFO - [2023-09-04T12:44:16.919+0000] {dag.py:2742} INFO - Sync 1 DAGs
[2023-09-04T12:44:17.114+0000] {logging_mixin.py:150} INFO - [2023-09-04T12:44:17.113+0000] {dag.py:3508} INFO - Setting next_dagrun for latest_only_with_trigger to 2023-09-04T08:44:17.113359+00:00, run_after=2023-09-04T12:44:17.113359+00:00
[2023-09-04T12:44:17.219+0000] {processor.py:179} INFO - Processing /home/airflow/.local/lib/python3.7/site-packages/airflow/example_dags/example_latest_only_with_trigger.py took 0.581 seconds
[2023-09-04T12:44:54.144+0000] {processor.py:157} INFO - Started process (PID=603) to work on /home/airflow/.local/lib/python3.7/site-packages/airflow/example_dags/example_latest_only_with_trigger.py
[2023-09-04T12:44:54.150+0000] {processor.py:826} INFO - Processing file /home/airflow/.local/lib/python3.7/site-packages/airflow/example_dags/example_latest_only_with_trigger.py for tasks to queue
[2023-09-04T12:44:54.184+0000] {logging_mixin.py:150} INFO - [2023-09-04T12:44:54.183+0000] {dagbag.py:541} INFO - Filling up the DagBag from /home/airflow/.local/lib/python3.7/site-packages/airflow/example_dags/example_latest_only_with_trigger.py
[2023-09-04T12:44:54.390+0000] {processor.py:836} INFO - DAG(s) dict_keys(['latest_only_with_trigger']) retrieved from /home/airflow/.local/lib/python3.7/site-packages/airflow/example_dags/example_latest_only_with_trigger.py
[2023-09-04T12:44:54.947+0000] {logging_mixin.py:150} INFO - [2023-09-04T12:44:54.946+0000] {dag.py:2742} INFO - Sync 1 DAGs
[2023-09-04T12:44:55.374+0000] {logging_mixin.py:150} INFO - [2023-09-04T12:44:55.373+0000] {dag.py:3508} INFO - Setting next_dagrun for latest_only_with_trigger to 2023-09-04T08:44:55.373069+00:00, run_after=2023-09-04T12:44:55.373069+00:00
[2023-09-04T12:44:55.607+0000] {processor.py:179} INFO - Processing /home/airflow/.local/lib/python3.7/site-packages/airflow/example_dags/example_latest_only_with_trigger.py took 1.525 seconds
[2023-09-04T12:45:26.428+0000] {processor.py:157} INFO - Started process (PID=662) to work on /home/airflow/.local/lib/python3.7/site-packages/airflow/example_dags/example_latest_only_with_trigger.py
[2023-09-04T12:45:26.431+0000] {processor.py:826} INFO - Processing file /home/airflow/.local/lib/python3.7/site-packages/airflow/example_dags/example_latest_only_with_trigger.py for tasks to queue
[2023-09-04T12:45:26.437+0000] {logging_mixin.py:150} INFO - [2023-09-04T12:45:26.435+0000] {dagbag.py:541} INFO - Filling up the DagBag from /home/airflow/.local/lib/python3.7/site-packages/airflow/example_dags/example_latest_only_with_trigger.py
[2023-09-04T12:45:26.457+0000] {processor.py:836} INFO - DAG(s) dict_keys(['latest_only_with_trigger']) retrieved from /home/airflow/.local/lib/python3.7/site-packages/airflow/example_dags/example_latest_only_with_trigger.py
[2023-09-04T12:45:26.537+0000] {logging_mixin.py:150} INFO - [2023-09-04T12:45:26.536+0000] {dag.py:2742} INFO - Sync 1 DAGs
[2023-09-04T12:45:26.655+0000] {logging_mixin.py:150} INFO - [2023-09-04T12:45:26.655+0000] {dag.py:3508} INFO - Setting next_dagrun for latest_only_with_trigger to 2023-09-04T08:45:26.654577+00:00, run_after=2023-09-04T12:45:26.654577+00:00
[2023-09-04T12:45:26.772+0000] {processor.py:179} INFO - Processing /home/airflow/.local/lib/python3.7/site-packages/airflow/example_dags/example_latest_only_with_trigger.py took 0.381 seconds
[2023-09-04T12:45:57.319+0000] {processor.py:157} INFO - Started process (PID=723) to work on /home/airflow/.local/lib/python3.7/site-packages/airflow/example_dags/example_latest_only_with_trigger.py
[2023-09-04T12:45:57.321+0000] {processor.py:826} INFO - Processing file /home/airflow/.local/lib/python3.7/site-packages/airflow/example_dags/example_latest_only_with_trigger.py for tasks to queue
[2023-09-04T12:45:57.323+0000] {logging_mixin.py:150} INFO - [2023-09-04T12:45:57.323+0000] {dagbag.py:541} INFO - Filling up the DagBag from /home/airflow/.local/lib/python3.7/site-packages/airflow/example_dags/example_latest_only_with_trigger.py
[2023-09-04T12:45:57.347+0000] {processor.py:836} INFO - DAG(s) dict_keys(['latest_only_with_trigger']) retrieved from /home/airflow/.local/lib/python3.7/site-packages/airflow/example_dags/example_latest_only_with_trigger.py
[2023-09-04T12:45:57.437+0000] {logging_mixin.py:150} INFO - [2023-09-04T12:45:57.437+0000] {dag.py:2742} INFO - Sync 1 DAGs
[2023-09-04T12:45:57.528+0000] {logging_mixin.py:150} INFO - [2023-09-04T12:45:57.527+0000] {dag.py:3508} INFO - Setting next_dagrun for latest_only_with_trigger to 2023-09-04T08:45:57.527174+00:00, run_after=2023-09-04T12:45:57.527174+00:00
[2023-09-04T12:45:57.664+0000] {processor.py:179} INFO - Processing /home/airflow/.local/lib/python3.7/site-packages/airflow/example_dags/example_latest_only_with_trigger.py took 0.354 seconds
[2023-09-04T12:46:28.081+0000] {processor.py:157} INFO - Started process (PID=782) to work on /home/airflow/.local/lib/python3.7/site-packages/airflow/example_dags/example_latest_only_with_trigger.py
[2023-09-04T12:46:28.086+0000] {processor.py:826} INFO - Processing file /home/airflow/.local/lib/python3.7/site-packages/airflow/example_dags/example_latest_only_with_trigger.py for tasks to queue
[2023-09-04T12:46:28.089+0000] {logging_mixin.py:150} INFO - [2023-09-04T12:46:28.088+0000] {dagbag.py:541} INFO - Filling up the DagBag from /home/airflow/.local/lib/python3.7/site-packages/airflow/example_dags/example_latest_only_with_trigger.py
[2023-09-04T12:46:28.105+0000] {processor.py:836} INFO - DAG(s) dict_keys(['latest_only_with_trigger']) retrieved from /home/airflow/.local/lib/python3.7/site-packages/airflow/example_dags/example_latest_only_with_trigger.py
[2023-09-04T12:46:28.161+0000] {logging_mixin.py:150} INFO - [2023-09-04T12:46:28.160+0000] {dag.py:2742} INFO - Sync 1 DAGs
[2023-09-04T12:46:28.222+0000] {logging_mixin.py:150} INFO - [2023-09-04T12:46:28.222+0000] {dag.py:3508} INFO - Setting next_dagrun for latest_only_with_trigger to 2023-09-04T08:46:28.221539+00:00, run_after=2023-09-04T12:46:28.221539+00:00
[2023-09-04T12:46:28.261+0000] {processor.py:179} INFO - Processing /home/airflow/.local/lib/python3.7/site-packages/airflow/example_dags/example_latest_only_with_trigger.py took 0.202 seconds
[2023-09-04T12:46:59.128+0000] {processor.py:157} INFO - Started process (PID=841) to work on /home/airflow/.local/lib/python3.7/site-packages/airflow/example_dags/example_latest_only_with_trigger.py
[2023-09-04T12:46:59.132+0000] {processor.py:826} INFO - Processing file /home/airflow/.local/lib/python3.7/site-packages/airflow/example_dags/example_latest_only_with_trigger.py for tasks to queue
[2023-09-04T12:46:59.135+0000] {logging_mixin.py:150} INFO - [2023-09-04T12:46:59.134+0000] {dagbag.py:541} INFO - Filling up the DagBag from /home/airflow/.local/lib/python3.7/site-packages/airflow/example_dags/example_latest_only_with_trigger.py
[2023-09-04T12:46:59.181+0000] {processor.py:836} INFO - DAG(s) dict_keys(['latest_only_with_trigger']) retrieved from /home/airflow/.local/lib/python3.7/site-packages/airflow/example_dags/example_latest_only_with_trigger.py
[2023-09-04T12:46:59.295+0000] {logging_mixin.py:150} INFO - [2023-09-04T12:46:59.294+0000] {dag.py:2742} INFO - Sync 1 DAGs
[2023-09-04T12:46:59.401+0000] {logging_mixin.py:150} INFO - [2023-09-04T12:46:59.401+0000] {dag.py:3508} INFO - Setting next_dagrun for latest_only_with_trigger to 2023-09-04T08:46:59.400552+00:00, run_after=2023-09-04T12:46:59.400552+00:00
[2023-09-04T12:46:59.445+0000] {processor.py:179} INFO - Processing /home/airflow/.local/lib/python3.7/site-packages/airflow/example_dags/example_latest_only_with_trigger.py took 0.334 seconds
[2023-09-04T12:47:30.212+0000] {processor.py:157} INFO - Started process (PID=900) to work on /home/airflow/.local/lib/python3.7/site-packages/airflow/example_dags/example_latest_only_with_trigger.py
[2023-09-04T12:47:30.215+0000] {processor.py:826} INFO - Processing file /home/airflow/.local/lib/python3.7/site-packages/airflow/example_dags/example_latest_only_with_trigger.py for tasks to queue
[2023-09-04T12:47:30.218+0000] {logging_mixin.py:150} INFO - [2023-09-04T12:47:30.218+0000] {dagbag.py:541} INFO - Filling up the DagBag from /home/airflow/.local/lib/python3.7/site-packages/airflow/example_dags/example_latest_only_with_trigger.py
[2023-09-04T12:47:30.237+0000] {processor.py:836} INFO - DAG(s) dict_keys(['latest_only_with_trigger']) retrieved from /home/airflow/.local/lib/python3.7/site-packages/airflow/example_dags/example_latest_only_with_trigger.py
[2023-09-04T12:47:30.301+0000] {logging_mixin.py:150} INFO - [2023-09-04T12:47:30.301+0000] {dag.py:2742} INFO - Sync 1 DAGs
[2023-09-04T12:47:30.365+0000] {logging_mixin.py:150} INFO - [2023-09-04T12:47:30.364+0000] {dag.py:3508} INFO - Setting next_dagrun for latest_only_with_trigger to 2023-09-04T08:47:30.361786+00:00, run_after=2023-09-04T12:47:30.361786+00:00
[2023-09-04T12:47:30.477+0000] {processor.py:179} INFO - Processing /home/airflow/.local/lib/python3.7/site-packages/airflow/example_dags/example_latest_only_with_trigger.py took 0.279 seconds
[2023-09-04T12:48:00.922+0000] {processor.py:157} INFO - Started process (PID=966) to work on /home/airflow/.local/lib/python3.7/site-packages/airflow/example_dags/example_latest_only_with_trigger.py
[2023-09-04T12:48:00.926+0000] {processor.py:826} INFO - Processing file /home/airflow/.local/lib/python3.7/site-packages/airflow/example_dags/example_latest_only_with_trigger.py for tasks to queue
[2023-09-04T12:48:00.931+0000] {logging_mixin.py:150} INFO - [2023-09-04T12:48:00.930+0000] {dagbag.py:541} INFO - Filling up the DagBag from /home/airflow/.local/lib/python3.7/site-packages/airflow/example_dags/example_latest_only_with_trigger.py
[2023-09-04T12:48:00.967+0000] {processor.py:836} INFO - DAG(s) dict_keys(['latest_only_with_trigger']) retrieved from /home/airflow/.local/lib/python3.7/site-packages/airflow/example_dags/example_latest_only_with_trigger.py
[2023-09-04T12:48:01.075+0000] {logging_mixin.py:150} INFO - [2023-09-04T12:48:01.075+0000] {dag.py:2742} INFO - Sync 1 DAGs
[2023-09-04T12:48:01.200+0000] {logging_mixin.py:150} INFO - [2023-09-04T12:48:01.198+0000] {dag.py:3508} INFO - Setting next_dagrun for latest_only_with_trigger to 2023-09-04T08:48:01.197503+00:00, run_after=2023-09-04T12:48:01.197503+00:00
[2023-09-04T12:48:01.313+0000] {processor.py:179} INFO - Processing /home/airflow/.local/lib/python3.7/site-packages/airflow/example_dags/example_latest_only_with_trigger.py took 0.400 seconds
[2023-09-04T12:48:31.865+0000] {processor.py:157} INFO - Started process (PID=1028) to work on /home/airflow/.local/lib/python3.7/site-packages/airflow/example_dags/example_latest_only_with_trigger.py
[2023-09-04T12:48:31.878+0000] {processor.py:826} INFO - Processing file /home/airflow/.local/lib/python3.7/site-packages/airflow/example_dags/example_latest_only_with_trigger.py for tasks to queue
[2023-09-04T12:48:31.881+0000] {logging_mixin.py:150} INFO - [2023-09-04T12:48:31.880+0000] {dagbag.py:541} INFO - Filling up the DagBag from /home/airflow/.local/lib/python3.7/site-packages/airflow/example_dags/example_latest_only_with_trigger.py
[2023-09-04T12:48:31.901+0000] {processor.py:836} INFO - DAG(s) dict_keys(['latest_only_with_trigger']) retrieved from /home/airflow/.local/lib/python3.7/site-packages/airflow/example_dags/example_latest_only_with_trigger.py
[2023-09-04T12:48:31.993+0000] {logging_mixin.py:150} INFO - [2023-09-04T12:48:31.992+0000] {dag.py:2742} INFO - Sync 1 DAGs
[2023-09-04T12:48:32.140+0000] {logging_mixin.py:150} INFO - [2023-09-04T12:48:32.139+0000] {dag.py:3508} INFO - Setting next_dagrun for latest_only_with_trigger to 2023-09-04T08:48:32.138927+00:00, run_after=2023-09-04T12:48:32.138927+00:00
[2023-09-04T12:48:32.230+0000] {processor.py:179} INFO - Processing /home/airflow/.local/lib/python3.7/site-packages/airflow/example_dags/example_latest_only_with_trigger.py took 0.374 seconds
[2023-09-04T12:49:02.544+0000] {processor.py:157} INFO - Started process (PID=1087) to work on /home/airflow/.local/lib/python3.7/site-packages/airflow/example_dags/example_latest_only_with_trigger.py
[2023-09-04T12:49:02.546+0000] {processor.py:826} INFO - Processing file /home/airflow/.local/lib/python3.7/site-packages/airflow/example_dags/example_latest_only_with_trigger.py for tasks to queue
[2023-09-04T12:49:02.549+0000] {logging_mixin.py:150} INFO - [2023-09-04T12:49:02.548+0000] {dagbag.py:541} INFO - Filling up the DagBag from /home/airflow/.local/lib/python3.7/site-packages/airflow/example_dags/example_latest_only_with_trigger.py
[2023-09-04T12:49:02.567+0000] {processor.py:836} INFO - DAG(s) dict_keys(['latest_only_with_trigger']) retrieved from /home/airflow/.local/lib/python3.7/site-packages/airflow/example_dags/example_latest_only_with_trigger.py
[2023-09-04T12:49:02.629+0000] {logging_mixin.py:150} INFO - [2023-09-04T12:49:02.629+0000] {dag.py:2742} INFO - Sync 1 DAGs
[2023-09-04T12:49:02.681+0000] {logging_mixin.py:150} INFO - [2023-09-04T12:49:02.681+0000] {dag.py:3508} INFO - Setting next_dagrun for latest_only_with_trigger to 2023-09-04T08:49:02.680959+00:00, run_after=2023-09-04T12:49:02.680959+00:00
[2023-09-04T12:49:02.738+0000] {processor.py:179} INFO - Processing /home/airflow/.local/lib/python3.7/site-packages/airflow/example_dags/example_latest_only_with_trigger.py took 0.203 seconds
[2023-09-04T12:49:33.076+0000] {processor.py:157} INFO - Started process (PID=1145) to work on /home/airflow/.local/lib/python3.7/site-packages/airflow/example_dags/example_latest_only_with_trigger.py
[2023-09-04T12:49:33.083+0000] {processor.py:826} INFO - Processing file /home/airflow/.local/lib/python3.7/site-packages/airflow/example_dags/example_latest_only_with_trigger.py for tasks to queue
[2023-09-04T12:49:33.087+0000] {logging_mixin.py:150} INFO - [2023-09-04T12:49:33.087+0000] {dagbag.py:541} INFO - Filling up the DagBag from /home/airflow/.local/lib/python3.7/site-packages/airflow/example_dags/example_latest_only_with_trigger.py
[2023-09-04T12:49:33.111+0000] {processor.py:836} INFO - DAG(s) dict_keys(['latest_only_with_trigger']) retrieved from /home/airflow/.local/lib/python3.7/site-packages/airflow/example_dags/example_latest_only_with_trigger.py
[2023-09-04T12:49:33.200+0000] {logging_mixin.py:150} INFO - [2023-09-04T12:49:33.200+0000] {dag.py:2742} INFO - Sync 1 DAGs
[2023-09-04T12:49:33.325+0000] {logging_mixin.py:150} INFO - [2023-09-04T12:49:33.324+0000] {dag.py:3508} INFO - Setting next_dagrun for latest_only_with_trigger to 2023-09-04T08:49:33.324283+00:00, run_after=2023-09-04T12:49:33.324283+00:00
[2023-09-04T12:49:33.409+0000] {processor.py:179} INFO - Processing /home/airflow/.local/lib/python3.7/site-packages/airflow/example_dags/example_latest_only_with_trigger.py took 0.341 seconds
[2023-09-04T12:51:18.257+0000] {processor.py:157} INFO - Started process (PID=61) to work on /home/airflow/.local/lib/python3.7/site-packages/airflow/example_dags/example_latest_only_with_trigger.py
[2023-09-04T12:51:18.263+0000] {processor.py:826} INFO - Processing file /home/airflow/.local/lib/python3.7/site-packages/airflow/example_dags/example_latest_only_with_trigger.py for tasks to queue
[2023-09-04T12:51:18.266+0000] {logging_mixin.py:150} INFO - [2023-09-04T12:51:18.265+0000] {dagbag.py:541} INFO - Filling up the DagBag from /home/airflow/.local/lib/python3.7/site-packages/airflow/example_dags/example_latest_only_with_trigger.py
[2023-09-04T12:51:18.298+0000] {processor.py:836} INFO - DAG(s) dict_keys(['latest_only_with_trigger']) retrieved from /home/airflow/.local/lib/python3.7/site-packages/airflow/example_dags/example_latest_only_with_trigger.py
[2023-09-04T12:51:18.386+0000] {logging_mixin.py:150} INFO - [2023-09-04T12:51:18.385+0000] {dag.py:2742} INFO - Sync 1 DAGs
[2023-09-04T12:51:18.484+0000] {logging_mixin.py:150} INFO - [2023-09-04T12:51:18.483+0000] {dag.py:3508} INFO - Setting next_dagrun for latest_only_with_trigger to 2023-09-04T08:51:18.483455+00:00, run_after=2023-09-04T12:51:18.483455+00:00
[2023-09-04T12:51:18.572+0000] {processor.py:179} INFO - Processing /home/airflow/.local/lib/python3.7/site-packages/airflow/example_dags/example_latest_only_with_trigger.py took 0.350 seconds
[2023-09-04T12:51:48.830+0000] {processor.py:157} INFO - Started process (PID=119) to work on /home/airflow/.local/lib/python3.7/site-packages/airflow/example_dags/example_latest_only_with_trigger.py
[2023-09-04T12:51:48.835+0000] {processor.py:826} INFO - Processing file /home/airflow/.local/lib/python3.7/site-packages/airflow/example_dags/example_latest_only_with_trigger.py for tasks to queue
[2023-09-04T12:51:48.838+0000] {logging_mixin.py:150} INFO - [2023-09-04T12:51:48.838+0000] {dagbag.py:541} INFO - Filling up the DagBag from /home/airflow/.local/lib/python3.7/site-packages/airflow/example_dags/example_latest_only_with_trigger.py
[2023-09-04T12:51:48.866+0000] {processor.py:836} INFO - DAG(s) dict_keys(['latest_only_with_trigger']) retrieved from /home/airflow/.local/lib/python3.7/site-packages/airflow/example_dags/example_latest_only_with_trigger.py
[2023-09-04T12:51:48.977+0000] {logging_mixin.py:150} INFO - [2023-09-04T12:51:48.976+0000] {dag.py:2742} INFO - Sync 1 DAGs
[2023-09-04T12:51:49.062+0000] {logging_mixin.py:150} INFO - [2023-09-04T12:51:49.062+0000] {dag.py:3508} INFO - Setting next_dagrun for latest_only_with_trigger to 2023-09-04T08:51:49.061438+00:00, run_after=2023-09-04T12:51:49.061438+00:00
[2023-09-04T12:51:49.110+0000] {processor.py:179} INFO - Processing /home/airflow/.local/lib/python3.7/site-packages/airflow/example_dags/example_latest_only_with_trigger.py took 0.293 seconds
[2023-09-04T12:52:19.320+0000] {processor.py:157} INFO - Started process (PID=178) to work on /home/airflow/.local/lib/python3.7/site-packages/airflow/example_dags/example_latest_only_with_trigger.py
[2023-09-04T12:52:19.322+0000] {processor.py:826} INFO - Processing file /home/airflow/.local/lib/python3.7/site-packages/airflow/example_dags/example_latest_only_with_trigger.py for tasks to queue
[2023-09-04T12:52:19.325+0000] {logging_mixin.py:150} INFO - [2023-09-04T12:52:19.324+0000] {dagbag.py:541} INFO - Filling up the DagBag from /home/airflow/.local/lib/python3.7/site-packages/airflow/example_dags/example_latest_only_with_trigger.py
[2023-09-04T12:52:19.339+0000] {processor.py:836} INFO - DAG(s) dict_keys(['latest_only_with_trigger']) retrieved from /home/airflow/.local/lib/python3.7/site-packages/airflow/example_dags/example_latest_only_with_trigger.py
[2023-09-04T12:52:19.398+0000] {logging_mixin.py:150} INFO - [2023-09-04T12:52:19.397+0000] {dag.py:2742} INFO - Sync 1 DAGs
[2023-09-04T12:52:19.443+0000] {logging_mixin.py:150} INFO - [2023-09-04T12:52:19.443+0000] {dag.py:3508} INFO - Setting next_dagrun for latest_only_with_trigger to 2023-09-04T08:52:19.442857+00:00, run_after=2023-09-04T12:52:19.442857+00:00
[2023-09-04T12:52:19.482+0000] {processor.py:179} INFO - Processing /home/airflow/.local/lib/python3.7/site-packages/airflow/example_dags/example_latest_only_with_trigger.py took 0.181 seconds
[2023-09-04T12:52:50.291+0000] {processor.py:157} INFO - Started process (PID=237) to work on /home/airflow/.local/lib/python3.7/site-packages/airflow/example_dags/example_latest_only_with_trigger.py
[2023-09-04T12:52:50.295+0000] {processor.py:826} INFO - Processing file /home/airflow/.local/lib/python3.7/site-packages/airflow/example_dags/example_latest_only_with_trigger.py for tasks to queue
[2023-09-04T12:52:50.298+0000] {logging_mixin.py:150} INFO - [2023-09-04T12:52:50.297+0000] {dagbag.py:541} INFO - Filling up the DagBag from /home/airflow/.local/lib/python3.7/site-packages/airflow/example_dags/example_latest_only_with_trigger.py
[2023-09-04T12:52:50.343+0000] {processor.py:836} INFO - DAG(s) dict_keys(['latest_only_with_trigger']) retrieved from /home/airflow/.local/lib/python3.7/site-packages/airflow/example_dags/example_latest_only_with_trigger.py
[2023-09-04T12:52:50.498+0000] {logging_mixin.py:150} INFO - [2023-09-04T12:52:50.497+0000] {dag.py:2742} INFO - Sync 1 DAGs
[2023-09-04T12:52:50.590+0000] {logging_mixin.py:150} INFO - [2023-09-04T12:52:50.589+0000] {dag.py:3508} INFO - Setting next_dagrun for latest_only_with_trigger to 2023-09-04T08:52:50.589593+00:00, run_after=2023-09-04T12:52:50.589593+00:00
[2023-09-04T12:52:50.638+0000] {processor.py:179} INFO - Processing /home/airflow/.local/lib/python3.7/site-packages/airflow/example_dags/example_latest_only_with_trigger.py took 0.363 seconds
[2023-09-04T12:53:21.364+0000] {processor.py:157} INFO - Started process (PID=297) to work on /home/airflow/.local/lib/python3.7/site-packages/airflow/example_dags/example_latest_only_with_trigger.py
[2023-09-04T12:53:21.366+0000] {processor.py:826} INFO - Processing file /home/airflow/.local/lib/python3.7/site-packages/airflow/example_dags/example_latest_only_with_trigger.py for tasks to queue
[2023-09-04T12:53:21.369+0000] {logging_mixin.py:150} INFO - [2023-09-04T12:53:21.368+0000] {dagbag.py:541} INFO - Filling up the DagBag from /home/airflow/.local/lib/python3.7/site-packages/airflow/example_dags/example_latest_only_with_trigger.py
[2023-09-04T12:53:21.383+0000] {processor.py:836} INFO - DAG(s) dict_keys(['latest_only_with_trigger']) retrieved from /home/airflow/.local/lib/python3.7/site-packages/airflow/example_dags/example_latest_only_with_trigger.py
[2023-09-04T12:53:21.436+0000] {logging_mixin.py:150} INFO - [2023-09-04T12:53:21.435+0000] {dag.py:2742} INFO - Sync 1 DAGs
[2023-09-04T12:53:21.506+0000] {logging_mixin.py:150} INFO - [2023-09-04T12:53:21.505+0000] {dag.py:3508} INFO - Setting next_dagrun for latest_only_with_trigger to 2023-09-04T08:53:21.505163+00:00, run_after=2023-09-04T12:53:21.505163+00:00
[2023-09-04T12:53:21.551+0000] {processor.py:179} INFO - Processing /home/airflow/.local/lib/python3.7/site-packages/airflow/example_dags/example_latest_only_with_trigger.py took 0.193 seconds
[2023-09-04T12:53:52.203+0000] {processor.py:157} INFO - Started process (PID=356) to work on /home/airflow/.local/lib/python3.7/site-packages/airflow/example_dags/example_latest_only_with_trigger.py
[2023-09-04T12:53:52.206+0000] {processor.py:826} INFO - Processing file /home/airflow/.local/lib/python3.7/site-packages/airflow/example_dags/example_latest_only_with_trigger.py for tasks to queue
[2023-09-04T12:53:52.210+0000] {logging_mixin.py:150} INFO - [2023-09-04T12:53:52.209+0000] {dagbag.py:541} INFO - Filling up the DagBag from /home/airflow/.local/lib/python3.7/site-packages/airflow/example_dags/example_latest_only_with_trigger.py
[2023-09-04T12:53:52.227+0000] {processor.py:836} INFO - DAG(s) dict_keys(['latest_only_with_trigger']) retrieved from /home/airflow/.local/lib/python3.7/site-packages/airflow/example_dags/example_latest_only_with_trigger.py
[2023-09-04T12:53:52.302+0000] {logging_mixin.py:150} INFO - [2023-09-04T12:53:52.302+0000] {dag.py:2742} INFO - Sync 1 DAGs
[2023-09-04T12:53:52.377+0000] {logging_mixin.py:150} INFO - [2023-09-04T12:53:52.377+0000] {dag.py:3508} INFO - Setting next_dagrun for latest_only_with_trigger to 2023-09-04T08:53:52.376485+00:00, run_after=2023-09-04T12:53:52.376485+00:00
[2023-09-04T12:53:52.426+0000] {processor.py:179} INFO - Processing /home/airflow/.local/lib/python3.7/site-packages/airflow/example_dags/example_latest_only_with_trigger.py took 0.230 seconds
[2023-09-04T12:54:22.692+0000] {processor.py:157} INFO - Started process (PID=413) to work on /home/airflow/.local/lib/python3.7/site-packages/airflow/example_dags/example_latest_only_with_trigger.py
[2023-09-04T12:54:22.694+0000] {processor.py:826} INFO - Processing file /home/airflow/.local/lib/python3.7/site-packages/airflow/example_dags/example_latest_only_with_trigger.py for tasks to queue
[2023-09-04T12:54:22.696+0000] {logging_mixin.py:150} INFO - [2023-09-04T12:54:22.696+0000] {dagbag.py:541} INFO - Filling up the DagBag from /home/airflow/.local/lib/python3.7/site-packages/airflow/example_dags/example_latest_only_with_trigger.py
[2023-09-04T12:54:22.710+0000] {processor.py:836} INFO - DAG(s) dict_keys(['latest_only_with_trigger']) retrieved from /home/airflow/.local/lib/python3.7/site-packages/airflow/example_dags/example_latest_only_with_trigger.py
[2023-09-04T12:54:22.777+0000] {logging_mixin.py:150} INFO - [2023-09-04T12:54:22.777+0000] {dag.py:2742} INFO - Sync 1 DAGs
[2023-09-04T12:54:22.845+0000] {logging_mixin.py:150} INFO - [2023-09-04T12:54:22.845+0000] {dag.py:3508} INFO - Setting next_dagrun for latest_only_with_trigger to 2023-09-04T08:54:22.845025+00:00, run_after=2023-09-04T12:54:22.845025+00:00
[2023-09-04T12:54:22.889+0000] {processor.py:179} INFO - Processing /home/airflow/.local/lib/python3.7/site-packages/airflow/example_dags/example_latest_only_with_trigger.py took 0.203 seconds
[2023-09-04T12:54:53.059+0000] {processor.py:157} INFO - Started process (PID=468) to work on /home/airflow/.local/lib/python3.7/site-packages/airflow/example_dags/example_latest_only_with_trigger.py
[2023-09-04T12:54:53.063+0000] {processor.py:826} INFO - Processing file /home/airflow/.local/lib/python3.7/site-packages/airflow/example_dags/example_latest_only_with_trigger.py for tasks to queue
[2023-09-04T12:54:53.068+0000] {logging_mixin.py:150} INFO - [2023-09-04T12:54:53.066+0000] {dagbag.py:541} INFO - Filling up the DagBag from /home/airflow/.local/lib/python3.7/site-packages/airflow/example_dags/example_latest_only_with_trigger.py
[2023-09-04T12:54:53.096+0000] {processor.py:836} INFO - DAG(s) dict_keys(['latest_only_with_trigger']) retrieved from /home/airflow/.local/lib/python3.7/site-packages/airflow/example_dags/example_latest_only_with_trigger.py
[2023-09-04T12:54:53.201+0000] {logging_mixin.py:150} INFO - [2023-09-04T12:54:53.200+0000] {dag.py:2742} INFO - Sync 1 DAGs
[2023-09-04T12:54:53.258+0000] {logging_mixin.py:150} INFO - [2023-09-04T12:54:53.258+0000] {dag.py:3508} INFO - Setting next_dagrun for latest_only_with_trigger to 2023-09-04T08:54:53.257357+00:00, run_after=2023-09-04T12:54:53.257357+00:00
[2023-09-04T12:54:53.313+0000] {processor.py:179} INFO - Processing /home/airflow/.local/lib/python3.7/site-packages/airflow/example_dags/example_latest_only_with_trigger.py took 0.267 seconds
[2023-09-04T12:55:23.836+0000] {processor.py:157} INFO - Started process (PID=527) to work on /home/airflow/.local/lib/python3.7/site-packages/airflow/example_dags/example_latest_only_with_trigger.py
[2023-09-04T12:55:23.838+0000] {processor.py:826} INFO - Processing file /home/airflow/.local/lib/python3.7/site-packages/airflow/example_dags/example_latest_only_with_trigger.py for tasks to queue
[2023-09-04T12:55:23.841+0000] {logging_mixin.py:150} INFO - [2023-09-04T12:55:23.840+0000] {dagbag.py:541} INFO - Filling up the DagBag from /home/airflow/.local/lib/python3.7/site-packages/airflow/example_dags/example_latest_only_with_trigger.py
[2023-09-04T12:55:23.853+0000] {processor.py:836} INFO - DAG(s) dict_keys(['latest_only_with_trigger']) retrieved from /home/airflow/.local/lib/python3.7/site-packages/airflow/example_dags/example_latest_only_with_trigger.py
[2023-09-04T12:55:23.904+0000] {logging_mixin.py:150} INFO - [2023-09-04T12:55:23.904+0000] {dag.py:2742} INFO - Sync 1 DAGs
[2023-09-04T12:55:23.990+0000] {logging_mixin.py:150} INFO - [2023-09-04T12:55:23.990+0000] {dag.py:3508} INFO - Setting next_dagrun for latest_only_with_trigger to 2023-09-04T08:55:23.989689+00:00, run_after=2023-09-04T12:55:23.989689+00:00
[2023-09-04T12:55:24.064+0000] {processor.py:179} INFO - Processing /home/airflow/.local/lib/python3.7/site-packages/airflow/example_dags/example_latest_only_with_trigger.py took 0.234 seconds
[2023-09-04T12:55:54.846+0000] {processor.py:157} INFO - Started process (PID=587) to work on /home/airflow/.local/lib/python3.7/site-packages/airflow/example_dags/example_latest_only_with_trigger.py
[2023-09-04T12:55:54.848+0000] {processor.py:826} INFO - Processing file /home/airflow/.local/lib/python3.7/site-packages/airflow/example_dags/example_latest_only_with_trigger.py for tasks to queue
[2023-09-04T12:55:54.851+0000] {logging_mixin.py:150} INFO - [2023-09-04T12:55:54.850+0000] {dagbag.py:541} INFO - Filling up the DagBag from /home/airflow/.local/lib/python3.7/site-packages/airflow/example_dags/example_latest_only_with_trigger.py
[2023-09-04T12:55:54.880+0000] {processor.py:836} INFO - DAG(s) dict_keys(['latest_only_with_trigger']) retrieved from /home/airflow/.local/lib/python3.7/site-packages/airflow/example_dags/example_latest_only_with_trigger.py
[2023-09-04T12:55:55.001+0000] {logging_mixin.py:150} INFO - [2023-09-04T12:55:55.001+0000] {dag.py:2742} INFO - Sync 1 DAGs
[2023-09-04T12:55:55.130+0000] {logging_mixin.py:150} INFO - [2023-09-04T12:55:55.128+0000] {dag.py:3508} INFO - Setting next_dagrun for latest_only_with_trigger to 2023-09-04T08:55:55.128323+00:00, run_after=2023-09-04T12:55:55.128323+00:00
[2023-09-04T12:55:55.199+0000] {processor.py:179} INFO - Processing /home/airflow/.local/lib/python3.7/site-packages/airflow/example_dags/example_latest_only_with_trigger.py took 0.379 seconds
[2023-09-04T12:56:25.351+0000] {processor.py:157} INFO - Started process (PID=646) to work on /home/airflow/.local/lib/python3.7/site-packages/airflow/example_dags/example_latest_only_with_trigger.py
[2023-09-04T12:56:25.354+0000] {processor.py:826} INFO - Processing file /home/airflow/.local/lib/python3.7/site-packages/airflow/example_dags/example_latest_only_with_trigger.py for tasks to queue
[2023-09-04T12:56:25.358+0000] {logging_mixin.py:150} INFO - [2023-09-04T12:56:25.356+0000] {dagbag.py:541} INFO - Filling up the DagBag from /home/airflow/.local/lib/python3.7/site-packages/airflow/example_dags/example_latest_only_with_trigger.py
[2023-09-04T12:56:25.372+0000] {processor.py:836} INFO - DAG(s) dict_keys(['latest_only_with_trigger']) retrieved from /home/airflow/.local/lib/python3.7/site-packages/airflow/example_dags/example_latest_only_with_trigger.py
[2023-09-04T12:56:25.481+0000] {logging_mixin.py:150} INFO - [2023-09-04T12:56:25.480+0000] {dag.py:2742} INFO - Sync 1 DAGs
[2023-09-04T12:56:25.588+0000] {logging_mixin.py:150} INFO - [2023-09-04T12:56:25.587+0000] {dag.py:3508} INFO - Setting next_dagrun for latest_only_with_trigger to 2023-09-04T08:56:25.587452+00:00, run_after=2023-09-04T12:56:25.587452+00:00
[2023-09-04T12:56:25.652+0000] {processor.py:179} INFO - Processing /home/airflow/.local/lib/python3.7/site-packages/airflow/example_dags/example_latest_only_with_trigger.py took 0.309 seconds
[2023-09-04T12:56:56.497+0000] {processor.py:157} INFO - Started process (PID=705) to work on /home/airflow/.local/lib/python3.7/site-packages/airflow/example_dags/example_latest_only_with_trigger.py
[2023-09-04T12:56:56.501+0000] {processor.py:826} INFO - Processing file /home/airflow/.local/lib/python3.7/site-packages/airflow/example_dags/example_latest_only_with_trigger.py for tasks to queue
[2023-09-04T12:56:56.505+0000] {logging_mixin.py:150} INFO - [2023-09-04T12:56:56.504+0000] {dagbag.py:541} INFO - Filling up the DagBag from /home/airflow/.local/lib/python3.7/site-packages/airflow/example_dags/example_latest_only_with_trigger.py
[2023-09-04T12:56:56.525+0000] {processor.py:836} INFO - DAG(s) dict_keys(['latest_only_with_trigger']) retrieved from /home/airflow/.local/lib/python3.7/site-packages/airflow/example_dags/example_latest_only_with_trigger.py
[2023-09-04T12:56:56.606+0000] {logging_mixin.py:150} INFO - [2023-09-04T12:56:56.606+0000] {dag.py:2742} INFO - Sync 1 DAGs
[2023-09-04T12:56:56.683+0000] {logging_mixin.py:150} INFO - [2023-09-04T12:56:56.683+0000] {dag.py:3508} INFO - Setting next_dagrun for latest_only_with_trigger to 2023-09-04T08:56:56.682344+00:00, run_after=2023-09-04T12:56:56.682344+00:00
[2023-09-04T12:56:56.749+0000] {processor.py:179} INFO - Processing /home/airflow/.local/lib/python3.7/site-packages/airflow/example_dags/example_latest_only_with_trigger.py took 0.263 seconds
[2023-09-04T12:57:27.875+0000] {processor.py:157} INFO - Started process (PID=763) to work on /home/airflow/.local/lib/python3.7/site-packages/airflow/example_dags/example_latest_only_with_trigger.py
[2023-09-04T12:57:27.891+0000] {processor.py:826} INFO - Processing file /home/airflow/.local/lib/python3.7/site-packages/airflow/example_dags/example_latest_only_with_trigger.py for tasks to queue
[2023-09-04T12:57:27.908+0000] {logging_mixin.py:150} INFO - [2023-09-04T12:57:27.907+0000] {dagbag.py:541} INFO - Filling up the DagBag from /home/airflow/.local/lib/python3.7/site-packages/airflow/example_dags/example_latest_only_with_trigger.py
[2023-09-04T12:57:27.946+0000] {processor.py:836} INFO - DAG(s) dict_keys(['latest_only_with_trigger']) retrieved from /home/airflow/.local/lib/python3.7/site-packages/airflow/example_dags/example_latest_only_with_trigger.py
[2023-09-04T12:57:28.094+0000] {logging_mixin.py:150} INFO - [2023-09-04T12:57:28.094+0000] {dag.py:2742} INFO - Sync 1 DAGs
[2023-09-04T12:57:28.232+0000] {logging_mixin.py:150} INFO - [2023-09-04T12:57:28.231+0000] {dag.py:3508} INFO - Setting next_dagrun for latest_only_with_trigger to 2023-09-04T08:57:28.231496+00:00, run_after=2023-09-04T12:57:28.231496+00:00
[2023-09-04T12:57:28.285+0000] {processor.py:179} INFO - Processing /home/airflow/.local/lib/python3.7/site-packages/airflow/example_dags/example_latest_only_with_trigger.py took 0.431 seconds
[2023-09-04T12:57:58.556+0000] {processor.py:157} INFO - Started process (PID=822) to work on /home/airflow/.local/lib/python3.7/site-packages/airflow/example_dags/example_latest_only_with_trigger.py
[2023-09-04T12:57:58.559+0000] {processor.py:826} INFO - Processing file /home/airflow/.local/lib/python3.7/site-packages/airflow/example_dags/example_latest_only_with_trigger.py for tasks to queue
[2023-09-04T12:57:58.561+0000] {logging_mixin.py:150} INFO - [2023-09-04T12:57:58.561+0000] {dagbag.py:541} INFO - Filling up the DagBag from /home/airflow/.local/lib/python3.7/site-packages/airflow/example_dags/example_latest_only_with_trigger.py
[2023-09-04T12:57:58.575+0000] {processor.py:836} INFO - DAG(s) dict_keys(['latest_only_with_trigger']) retrieved from /home/airflow/.local/lib/python3.7/site-packages/airflow/example_dags/example_latest_only_with_trigger.py
[2023-09-04T12:57:58.634+0000] {logging_mixin.py:150} INFO - [2023-09-04T12:57:58.633+0000] {dag.py:2742} INFO - Sync 1 DAGs
[2023-09-04T12:57:58.720+0000] {logging_mixin.py:150} INFO - [2023-09-04T12:57:58.720+0000] {dag.py:3508} INFO - Setting next_dagrun for latest_only_with_trigger to 2023-09-04T08:57:58.719384+00:00, run_after=2023-09-04T12:57:58.719384+00:00
[2023-09-04T12:57:58.781+0000] {processor.py:179} INFO - Processing /home/airflow/.local/lib/python3.7/site-packages/airflow/example_dags/example_latest_only_with_trigger.py took 0.231 seconds
[2023-09-04T12:58:29.109+0000] {processor.py:157} INFO - Started process (PID=881) to work on /home/airflow/.local/lib/python3.7/site-packages/airflow/example_dags/example_latest_only_with_trigger.py
[2023-09-04T12:58:29.112+0000] {processor.py:826} INFO - Processing file /home/airflow/.local/lib/python3.7/site-packages/airflow/example_dags/example_latest_only_with_trigger.py for tasks to queue
[2023-09-04T12:58:29.116+0000] {logging_mixin.py:150} INFO - [2023-09-04T12:58:29.113+0000] {dagbag.py:541} INFO - Filling up the DagBag from /home/airflow/.local/lib/python3.7/site-packages/airflow/example_dags/example_latest_only_with_trigger.py
[2023-09-04T12:58:29.127+0000] {processor.py:836} INFO - DAG(s) dict_keys(['latest_only_with_trigger']) retrieved from /home/airflow/.local/lib/python3.7/site-packages/airflow/example_dags/example_latest_only_with_trigger.py
[2023-09-04T12:58:29.172+0000] {logging_mixin.py:150} INFO - [2023-09-04T12:58:29.172+0000] {dag.py:2742} INFO - Sync 1 DAGs
[2023-09-04T12:58:29.231+0000] {logging_mixin.py:150} INFO - [2023-09-04T12:58:29.230+0000] {dag.py:3508} INFO - Setting next_dagrun for latest_only_with_trigger to 2023-09-04T08:58:29.230055+00:00, run_after=2023-09-04T12:58:29.230055+00:00
[2023-09-04T12:58:29.275+0000] {processor.py:179} INFO - Processing /home/airflow/.local/lib/python3.7/site-packages/airflow/example_dags/example_latest_only_with_trigger.py took 0.174 seconds
