[2023-09-04T12:39:43.463+0000] {processor.py:157} INFO - Started process (PID=97) to work on /home/airflow/.local/lib/python3.7/site-packages/airflow/example_dags/example_task_group_decorator.py
[2023-09-04T12:39:43.467+0000] {processor.py:826} INFO - Processing file /home/airflow/.local/lib/python3.7/site-packages/airflow/example_dags/example_task_group_decorator.py for tasks to queue
[2023-09-04T12:39:43.470+0000] {logging_mixin.py:150} INFO - [2023-09-04T12:39:43.470+0000] {dagbag.py:541} INFO - Filling up the DagBag from /home/airflow/.local/lib/python3.7/site-packages/airflow/example_dags/example_task_group_decorator.py
[2023-09-04T12:39:43.833+0000] {processor.py:836} INFO - DAG(s) dict_keys(['example_task_group_decorator']) retrieved from /home/airflow/.local/lib/python3.7/site-packages/airflow/example_dags/example_task_group_decorator.py
[2023-09-04T12:39:43.995+0000] {logging_mixin.py:150} INFO - [2023-09-04T12:39:43.994+0000] {dag.py:2742} INFO - Sync 1 DAGs
[2023-09-04T12:39:44.100+0000] {logging_mixin.py:150} INFO - [2023-09-04T12:39:44.099+0000] {dag.py:3508} INFO - Setting next_dagrun for example_task_group_decorator to 2023-09-03T12:39:44.099190+00:00, run_after=2023-09-04T12:39:44.099190+00:00
[2023-09-04T12:39:44.211+0000] {processor.py:179} INFO - Processing /home/airflow/.local/lib/python3.7/site-packages/airflow/example_dags/example_task_group_decorator.py took 0.755 seconds
[2023-09-04T12:40:15.740+0000] {processor.py:157} INFO - Started process (PID=156) to work on /home/airflow/.local/lib/python3.7/site-packages/airflow/example_dags/example_task_group_decorator.py
[2023-09-04T12:40:15.743+0000] {processor.py:826} INFO - Processing file /home/airflow/.local/lib/python3.7/site-packages/airflow/example_dags/example_task_group_decorator.py for tasks to queue
[2023-09-04T12:40:15.745+0000] {logging_mixin.py:150} INFO - [2023-09-04T12:40:15.745+0000] {dagbag.py:541} INFO - Filling up the DagBag from /home/airflow/.local/lib/python3.7/site-packages/airflow/example_dags/example_task_group_decorator.py
[2023-09-04T12:40:15.939+0000] {processor.py:836} INFO - DAG(s) dict_keys(['example_task_group_decorator']) retrieved from /home/airflow/.local/lib/python3.7/site-packages/airflow/example_dags/example_task_group_decorator.py
[2023-09-04T12:40:16.051+0000] {logging_mixin.py:150} INFO - [2023-09-04T12:40:16.050+0000] {dag.py:2742} INFO - Sync 1 DAGs
[2023-09-04T12:40:16.229+0000] {logging_mixin.py:150} INFO - [2023-09-04T12:40:16.228+0000] {dag.py:3508} INFO - Setting next_dagrun for example_task_group_decorator to 2023-09-03T12:40:16.227763+00:00, run_after=2023-09-04T12:40:16.227763+00:00
[2023-09-04T12:40:16.629+0000] {processor.py:179} INFO - Processing /home/airflow/.local/lib/python3.7/site-packages/airflow/example_dags/example_task_group_decorator.py took 0.899 seconds
[2023-09-04T12:40:55.653+0000] {processor.py:157} INFO - Started process (PID=221) to work on /home/airflow/.local/lib/python3.7/site-packages/airflow/example_dags/example_task_group_decorator.py
[2023-09-04T12:40:55.672+0000] {processor.py:826} INFO - Processing file /home/airflow/.local/lib/python3.7/site-packages/airflow/example_dags/example_task_group_decorator.py for tasks to queue
[2023-09-04T12:40:55.694+0000] {logging_mixin.py:150} INFO - [2023-09-04T12:40:55.693+0000] {dagbag.py:541} INFO - Filling up the DagBag from /home/airflow/.local/lib/python3.7/site-packages/airflow/example_dags/example_task_group_decorator.py
[2023-09-04T12:40:55.865+0000] {processor.py:836} INFO - DAG(s) dict_keys(['example_task_group_decorator']) retrieved from /home/airflow/.local/lib/python3.7/site-packages/airflow/example_dags/example_task_group_decorator.py
[2023-09-04T12:40:56.544+0000] {logging_mixin.py:150} INFO - [2023-09-04T12:40:56.544+0000] {dag.py:2742} INFO - Sync 1 DAGs
[2023-09-04T12:40:56.954+0000] {logging_mixin.py:150} INFO - [2023-09-04T12:40:56.954+0000] {dag.py:3508} INFO - Setting next_dagrun for example_task_group_decorator to 2023-09-03T12:40:56.953958+00:00, run_after=2023-09-04T12:40:56.953958+00:00
[2023-09-04T12:40:57.219+0000] {processor.py:179} INFO - Processing /home/airflow/.local/lib/python3.7/site-packages/airflow/example_dags/example_task_group_decorator.py took 1.631 seconds
[2023-09-04T12:41:29.213+0000] {processor.py:157} INFO - Started process (PID=284) to work on /home/airflow/.local/lib/python3.7/site-packages/airflow/example_dags/example_task_group_decorator.py
[2023-09-04T12:41:29.226+0000] {processor.py:826} INFO - Processing file /home/airflow/.local/lib/python3.7/site-packages/airflow/example_dags/example_task_group_decorator.py for tasks to queue
[2023-09-04T12:41:29.239+0000] {logging_mixin.py:150} INFO - [2023-09-04T12:41:29.239+0000] {dagbag.py:541} INFO - Filling up the DagBag from /home/airflow/.local/lib/python3.7/site-packages/airflow/example_dags/example_task_group_decorator.py
[2023-09-04T12:41:29.386+0000] {processor.py:836} INFO - DAG(s) dict_keys(['example_task_group_decorator']) retrieved from /home/airflow/.local/lib/python3.7/site-packages/airflow/example_dags/example_task_group_decorator.py
[2023-09-04T12:41:29.593+0000] {logging_mixin.py:150} INFO - [2023-09-04T12:41:29.593+0000] {dag.py:2742} INFO - Sync 1 DAGs
[2023-09-04T12:41:29.833+0000] {logging_mixin.py:150} INFO - [2023-09-04T12:41:29.832+0000] {dag.py:3508} INFO - Setting next_dagrun for example_task_group_decorator to 2023-09-03T12:41:29.832372+00:00, run_after=2023-09-04T12:41:29.832372+00:00
[2023-09-04T12:41:30.088+0000] {processor.py:179} INFO - Processing /home/airflow/.local/lib/python3.7/site-packages/airflow/example_dags/example_task_group_decorator.py took 0.895 seconds
[2023-09-04T12:42:15.208+0000] {processor.py:157} INFO - Started process (PID=343) to work on /home/airflow/.local/lib/python3.7/site-packages/airflow/example_dags/example_task_group_decorator.py
[2023-09-04T12:42:15.247+0000] {processor.py:826} INFO - Processing file /home/airflow/.local/lib/python3.7/site-packages/airflow/example_dags/example_task_group_decorator.py for tasks to queue
[2023-09-04T12:42:15.281+0000] {logging_mixin.py:150} INFO - [2023-09-04T12:42:15.281+0000] {dagbag.py:541} INFO - Filling up the DagBag from /home/airflow/.local/lib/python3.7/site-packages/airflow/example_dags/example_task_group_decorator.py
[2023-09-04T12:42:15.476+0000] {processor.py:836} INFO - DAG(s) dict_keys(['example_task_group_decorator']) retrieved from /home/airflow/.local/lib/python3.7/site-packages/airflow/example_dags/example_task_group_decorator.py
[2023-09-04T12:42:15.828+0000] {logging_mixin.py:150} INFO - [2023-09-04T12:42:15.827+0000] {dag.py:2742} INFO - Sync 1 DAGs
[2023-09-04T12:42:16.152+0000] {logging_mixin.py:150} INFO - [2023-09-04T12:42:16.152+0000] {dag.py:3508} INFO - Setting next_dagrun for example_task_group_decorator to 2023-09-03T12:42:16.151765+00:00, run_after=2023-09-04T12:42:16.151765+00:00
[2023-09-04T12:42:16.349+0000] {processor.py:179} INFO - Processing /home/airflow/.local/lib/python3.7/site-packages/airflow/example_dags/example_task_group_decorator.py took 1.149 seconds
[2023-09-04T12:42:52.642+0000] {processor.py:157} INFO - Started process (PID=402) to work on /home/airflow/.local/lib/python3.7/site-packages/airflow/example_dags/example_task_group_decorator.py
[2023-09-04T12:42:52.666+0000] {processor.py:826} INFO - Processing file /home/airflow/.local/lib/python3.7/site-packages/airflow/example_dags/example_task_group_decorator.py for tasks to queue
[2023-09-04T12:42:52.683+0000] {logging_mixin.py:150} INFO - [2023-09-04T12:42:52.682+0000] {dagbag.py:541} INFO - Filling up the DagBag from /home/airflow/.local/lib/python3.7/site-packages/airflow/example_dags/example_task_group_decorator.py
[2023-09-04T12:42:52.848+0000] {processor.py:836} INFO - DAG(s) dict_keys(['example_task_group_decorator']) retrieved from /home/airflow/.local/lib/python3.7/site-packages/airflow/example_dags/example_task_group_decorator.py
[2023-09-04T12:42:53.117+0000] {logging_mixin.py:150} INFO - [2023-09-04T12:42:53.117+0000] {dag.py:2742} INFO - Sync 1 DAGs
[2023-09-04T12:42:53.359+0000] {logging_mixin.py:150} INFO - [2023-09-04T12:42:53.358+0000] {dag.py:3508} INFO - Setting next_dagrun for example_task_group_decorator to 2023-09-03T12:42:53.358300+00:00, run_after=2023-09-04T12:42:53.358300+00:00
[2023-09-04T12:42:53.502+0000] {processor.py:179} INFO - Processing /home/airflow/.local/lib/python3.7/site-packages/airflow/example_dags/example_task_group_decorator.py took 0.868 seconds
[2023-09-04T12:43:25.157+0000] {processor.py:157} INFO - Started process (PID=461) to work on /home/airflow/.local/lib/python3.7/site-packages/airflow/example_dags/example_task_group_decorator.py
[2023-09-04T12:43:25.175+0000] {processor.py:826} INFO - Processing file /home/airflow/.local/lib/python3.7/site-packages/airflow/example_dags/example_task_group_decorator.py for tasks to queue
[2023-09-04T12:43:25.185+0000] {logging_mixin.py:150} INFO - [2023-09-04T12:43:25.185+0000] {dagbag.py:541} INFO - Filling up the DagBag from /home/airflow/.local/lib/python3.7/site-packages/airflow/example_dags/example_task_group_decorator.py
[2023-09-04T12:43:25.379+0000] {processor.py:836} INFO - DAG(s) dict_keys(['example_task_group_decorator']) retrieved from /home/airflow/.local/lib/python3.7/site-packages/airflow/example_dags/example_task_group_decorator.py
[2023-09-04T12:43:25.644+0000] {logging_mixin.py:150} INFO - [2023-09-04T12:43:25.643+0000] {dag.py:2742} INFO - Sync 1 DAGs
[2023-09-04T12:43:25.938+0000] {logging_mixin.py:150} INFO - [2023-09-04T12:43:25.938+0000] {dag.py:3508} INFO - Setting next_dagrun for example_task_group_decorator to 2023-09-03T12:43:25.937657+00:00, run_after=2023-09-04T12:43:25.937657+00:00
[2023-09-04T12:43:26.143+0000] {processor.py:179} INFO - Processing /home/airflow/.local/lib/python3.7/site-packages/airflow/example_dags/example_task_group_decorator.py took 1.023 seconds
[2023-09-04T12:44:00.773+0000] {processor.py:157} INFO - Started process (PID=527) to work on /home/airflow/.local/lib/python3.7/site-packages/airflow/example_dags/example_task_group_decorator.py
[2023-09-04T12:44:00.786+0000] {processor.py:826} INFO - Processing file /home/airflow/.local/lib/python3.7/site-packages/airflow/example_dags/example_task_group_decorator.py for tasks to queue
[2023-09-04T12:44:00.790+0000] {logging_mixin.py:150} INFO - [2023-09-04T12:44:00.790+0000] {dagbag.py:541} INFO - Filling up the DagBag from /home/airflow/.local/lib/python3.7/site-packages/airflow/example_dags/example_task_group_decorator.py
[2023-09-04T12:44:00.964+0000] {processor.py:836} INFO - DAG(s) dict_keys(['example_task_group_decorator']) retrieved from /home/airflow/.local/lib/python3.7/site-packages/airflow/example_dags/example_task_group_decorator.py
[2023-09-04T12:44:01.237+0000] {logging_mixin.py:150} INFO - [2023-09-04T12:44:01.236+0000] {dag.py:2742} INFO - Sync 1 DAGs
[2023-09-04T12:44:01.525+0000] {logging_mixin.py:150} INFO - [2023-09-04T12:44:01.524+0000] {dag.py:3508} INFO - Setting next_dagrun for example_task_group_decorator to 2023-09-03T12:44:01.524374+00:00, run_after=2023-09-04T12:44:01.524374+00:00
[2023-09-04T12:44:01.782+0000] {processor.py:179} INFO - Processing /home/airflow/.local/lib/python3.7/site-packages/airflow/example_dags/example_task_group_decorator.py took 0.991 seconds
[2023-09-04T12:44:33.374+0000] {processor.py:157} INFO - Started process (PID=586) to work on /home/airflow/.local/lib/python3.7/site-packages/airflow/example_dags/example_task_group_decorator.py
[2023-09-04T12:44:33.384+0000] {processor.py:826} INFO - Processing file /home/airflow/.local/lib/python3.7/site-packages/airflow/example_dags/example_task_group_decorator.py for tasks to queue
[2023-09-04T12:44:33.399+0000] {logging_mixin.py:150} INFO - [2023-09-04T12:44:33.398+0000] {dagbag.py:541} INFO - Filling up the DagBag from /home/airflow/.local/lib/python3.7/site-packages/airflow/example_dags/example_task_group_decorator.py
[2023-09-04T12:44:33.540+0000] {processor.py:836} INFO - DAG(s) dict_keys(['example_task_group_decorator']) retrieved from /home/airflow/.local/lib/python3.7/site-packages/airflow/example_dags/example_task_group_decorator.py
[2023-09-04T12:44:33.768+0000] {logging_mixin.py:150} INFO - [2023-09-04T12:44:33.767+0000] {dag.py:2742} INFO - Sync 1 DAGs
[2023-09-04T12:44:33.998+0000] {logging_mixin.py:150} INFO - [2023-09-04T12:44:33.997+0000] {dag.py:3508} INFO - Setting next_dagrun for example_task_group_decorator to 2023-09-03T12:44:33.997117+00:00, run_after=2023-09-04T12:44:33.997117+00:00
[2023-09-04T12:44:34.153+0000] {processor.py:179} INFO - Processing /home/airflow/.local/lib/python3.7/site-packages/airflow/example_dags/example_task_group_decorator.py took 0.798 seconds
[2023-09-04T12:45:13.801+0000] {processor.py:157} INFO - Started process (PID=643) to work on /home/airflow/.local/lib/python3.7/site-packages/airflow/example_dags/example_task_group_decorator.py
[2023-09-04T12:45:13.814+0000] {processor.py:826} INFO - Processing file /home/airflow/.local/lib/python3.7/site-packages/airflow/example_dags/example_task_group_decorator.py for tasks to queue
[2023-09-04T12:45:13.826+0000] {logging_mixin.py:150} INFO - [2023-09-04T12:45:13.825+0000] {dagbag.py:541} INFO - Filling up the DagBag from /home/airflow/.local/lib/python3.7/site-packages/airflow/example_dags/example_task_group_decorator.py
[2023-09-04T12:45:14.099+0000] {processor.py:836} INFO - DAG(s) dict_keys(['example_task_group_decorator']) retrieved from /home/airflow/.local/lib/python3.7/site-packages/airflow/example_dags/example_task_group_decorator.py
[2023-09-04T12:45:14.283+0000] {logging_mixin.py:150} INFO - [2023-09-04T12:45:14.282+0000] {dag.py:2742} INFO - Sync 1 DAGs
[2023-09-04T12:45:14.581+0000] {logging_mixin.py:150} INFO - [2023-09-04T12:45:14.581+0000] {dag.py:3508} INFO - Setting next_dagrun for example_task_group_decorator to 2023-09-03T12:45:14.580710+00:00, run_after=2023-09-04T12:45:14.580710+00:00
[2023-09-04T12:45:14.848+0000] {processor.py:179} INFO - Processing /home/airflow/.local/lib/python3.7/site-packages/airflow/example_dags/example_task_group_decorator.py took 1.055 seconds
[2023-09-04T12:45:46.626+0000] {processor.py:157} INFO - Started process (PID=703) to work on /home/airflow/.local/lib/python3.7/site-packages/airflow/example_dags/example_task_group_decorator.py
[2023-09-04T12:45:46.629+0000] {processor.py:826} INFO - Processing file /home/airflow/.local/lib/python3.7/site-packages/airflow/example_dags/example_task_group_decorator.py for tasks to queue
[2023-09-04T12:45:46.641+0000] {logging_mixin.py:150} INFO - [2023-09-04T12:45:46.640+0000] {dagbag.py:541} INFO - Filling up the DagBag from /home/airflow/.local/lib/python3.7/site-packages/airflow/example_dags/example_task_group_decorator.py
[2023-09-04T12:45:46.728+0000] {processor.py:836} INFO - DAG(s) dict_keys(['example_task_group_decorator']) retrieved from /home/airflow/.local/lib/python3.7/site-packages/airflow/example_dags/example_task_group_decorator.py
[2023-09-04T12:45:46.837+0000] {logging_mixin.py:150} INFO - [2023-09-04T12:45:46.837+0000] {dag.py:2742} INFO - Sync 1 DAGs
[2023-09-04T12:45:46.945+0000] {logging_mixin.py:150} INFO - [2023-09-04T12:45:46.945+0000] {dag.py:3508} INFO - Setting next_dagrun for example_task_group_decorator to 2023-09-03T12:45:46.944700+00:00, run_after=2023-09-04T12:45:46.944700+00:00
[2023-09-04T12:45:46.995+0000] {processor.py:179} INFO - Processing /home/airflow/.local/lib/python3.7/site-packages/airflow/example_dags/example_task_group_decorator.py took 0.389 seconds
[2023-09-04T12:46:17.652+0000] {processor.py:157} INFO - Started process (PID=763) to work on /home/airflow/.local/lib/python3.7/site-packages/airflow/example_dags/example_task_group_decorator.py
[2023-09-04T12:46:17.657+0000] {processor.py:826} INFO - Processing file /home/airflow/.local/lib/python3.7/site-packages/airflow/example_dags/example_task_group_decorator.py for tasks to queue
[2023-09-04T12:46:17.664+0000] {logging_mixin.py:150} INFO - [2023-09-04T12:46:17.662+0000] {dagbag.py:541} INFO - Filling up the DagBag from /home/airflow/.local/lib/python3.7/site-packages/airflow/example_dags/example_task_group_decorator.py
[2023-09-04T12:46:17.782+0000] {processor.py:836} INFO - DAG(s) dict_keys(['example_task_group_decorator']) retrieved from /home/airflow/.local/lib/python3.7/site-packages/airflow/example_dags/example_task_group_decorator.py
[2023-09-04T12:46:17.875+0000] {logging_mixin.py:150} INFO - [2023-09-04T12:46:17.875+0000] {dag.py:2742} INFO - Sync 1 DAGs
[2023-09-04T12:46:17.940+0000] {logging_mixin.py:150} INFO - [2023-09-04T12:46:17.939+0000] {dag.py:3508} INFO - Setting next_dagrun for example_task_group_decorator to 2023-09-03T12:46:17.939347+00:00, run_after=2023-09-04T12:46:17.939347+00:00
[2023-09-04T12:46:17.977+0000] {processor.py:179} INFO - Processing /home/airflow/.local/lib/python3.7/site-packages/airflow/example_dags/example_task_group_decorator.py took 0.340 seconds
[2023-09-04T12:46:48.236+0000] {processor.py:157} INFO - Started process (PID=821) to work on /home/airflow/.local/lib/python3.7/site-packages/airflow/example_dags/example_task_group_decorator.py
[2023-09-04T12:46:48.241+0000] {processor.py:826} INFO - Processing file /home/airflow/.local/lib/python3.7/site-packages/airflow/example_dags/example_task_group_decorator.py for tasks to queue
[2023-09-04T12:46:48.247+0000] {logging_mixin.py:150} INFO - [2023-09-04T12:46:48.246+0000] {dagbag.py:541} INFO - Filling up the DagBag from /home/airflow/.local/lib/python3.7/site-packages/airflow/example_dags/example_task_group_decorator.py
[2023-09-04T12:46:48.330+0000] {processor.py:836} INFO - DAG(s) dict_keys(['example_task_group_decorator']) retrieved from /home/airflow/.local/lib/python3.7/site-packages/airflow/example_dags/example_task_group_decorator.py
[2023-09-04T12:46:48.411+0000] {logging_mixin.py:150} INFO - [2023-09-04T12:46:48.411+0000] {dag.py:2742} INFO - Sync 1 DAGs
[2023-09-04T12:46:48.492+0000] {logging_mixin.py:150} INFO - [2023-09-04T12:46:48.491+0000] {dag.py:3508} INFO - Setting next_dagrun for example_task_group_decorator to 2023-09-03T12:46:48.491072+00:00, run_after=2023-09-04T12:46:48.491072+00:00
[2023-09-04T12:46:48.560+0000] {processor.py:179} INFO - Processing /home/airflow/.local/lib/python3.7/site-packages/airflow/example_dags/example_task_group_decorator.py took 0.339 seconds
[2023-09-04T12:47:18.789+0000] {processor.py:157} INFO - Started process (PID=880) to work on /home/airflow/.local/lib/python3.7/site-packages/airflow/example_dags/example_task_group_decorator.py
[2023-09-04T12:47:18.799+0000] {processor.py:826} INFO - Processing file /home/airflow/.local/lib/python3.7/site-packages/airflow/example_dags/example_task_group_decorator.py for tasks to queue
[2023-09-04T12:47:18.805+0000] {logging_mixin.py:150} INFO - [2023-09-04T12:47:18.804+0000] {dagbag.py:541} INFO - Filling up the DagBag from /home/airflow/.local/lib/python3.7/site-packages/airflow/example_dags/example_task_group_decorator.py
[2023-09-04T12:47:18.903+0000] {processor.py:836} INFO - DAG(s) dict_keys(['example_task_group_decorator']) retrieved from /home/airflow/.local/lib/python3.7/site-packages/airflow/example_dags/example_task_group_decorator.py
[2023-09-04T12:47:18.962+0000] {logging_mixin.py:150} INFO - [2023-09-04T12:47:18.962+0000] {dag.py:2742} INFO - Sync 1 DAGs
[2023-09-04T12:47:19.022+0000] {logging_mixin.py:150} INFO - [2023-09-04T12:47:19.022+0000] {dag.py:3508} INFO - Setting next_dagrun for example_task_group_decorator to 2023-09-03T12:47:19.021844+00:00, run_after=2023-09-04T12:47:19.021844+00:00
[2023-09-04T12:47:19.074+0000] {processor.py:179} INFO - Processing /home/airflow/.local/lib/python3.7/site-packages/airflow/example_dags/example_task_group_decorator.py took 0.306 seconds
[2023-09-04T12:47:50.133+0000] {processor.py:157} INFO - Started process (PID=941) to work on /home/airflow/.local/lib/python3.7/site-packages/airflow/example_dags/example_task_group_decorator.py
[2023-09-04T12:47:50.135+0000] {processor.py:826} INFO - Processing file /home/airflow/.local/lib/python3.7/site-packages/airflow/example_dags/example_task_group_decorator.py for tasks to queue
[2023-09-04T12:47:50.138+0000] {logging_mixin.py:150} INFO - [2023-09-04T12:47:50.137+0000] {dagbag.py:541} INFO - Filling up the DagBag from /home/airflow/.local/lib/python3.7/site-packages/airflow/example_dags/example_task_group_decorator.py
[2023-09-04T12:47:50.196+0000] {processor.py:836} INFO - DAG(s) dict_keys(['example_task_group_decorator']) retrieved from /home/airflow/.local/lib/python3.7/site-packages/airflow/example_dags/example_task_group_decorator.py
[2023-09-04T12:47:50.296+0000] {logging_mixin.py:150} INFO - [2023-09-04T12:47:50.296+0000] {dag.py:2742} INFO - Sync 1 DAGs
[2023-09-04T12:47:50.372+0000] {logging_mixin.py:150} INFO - [2023-09-04T12:47:50.372+0000] {dag.py:3508} INFO - Setting next_dagrun for example_task_group_decorator to 2023-09-03T12:47:50.371687+00:00, run_after=2023-09-04T12:47:50.371687+00:00
[2023-09-04T12:47:50.451+0000] {processor.py:179} INFO - Processing /home/airflow/.local/lib/python3.7/site-packages/airflow/example_dags/example_task_group_decorator.py took 0.327 seconds
[2023-09-04T12:48:20.761+0000] {processor.py:157} INFO - Started process (PID=1001) to work on /home/airflow/.local/lib/python3.7/site-packages/airflow/example_dags/example_task_group_decorator.py
[2023-09-04T12:48:20.765+0000] {processor.py:826} INFO - Processing file /home/airflow/.local/lib/python3.7/site-packages/airflow/example_dags/example_task_group_decorator.py for tasks to queue
[2023-09-04T12:48:20.768+0000] {logging_mixin.py:150} INFO - [2023-09-04T12:48:20.767+0000] {dagbag.py:541} INFO - Filling up the DagBag from /home/airflow/.local/lib/python3.7/site-packages/airflow/example_dags/example_task_group_decorator.py
[2023-09-04T12:48:20.809+0000] {processor.py:836} INFO - DAG(s) dict_keys(['example_task_group_decorator']) retrieved from /home/airflow/.local/lib/python3.7/site-packages/airflow/example_dags/example_task_group_decorator.py
[2023-09-04T12:48:20.917+0000] {logging_mixin.py:150} INFO - [2023-09-04T12:48:20.916+0000] {dag.py:2742} INFO - Sync 1 DAGs
[2023-09-04T12:48:21.009+0000] {logging_mixin.py:150} INFO - [2023-09-04T12:48:21.009+0000] {dag.py:3508} INFO - Setting next_dagrun for example_task_group_decorator to 2023-09-03T12:48:21.008667+00:00, run_after=2023-09-04T12:48:21.008667+00:00
[2023-09-04T12:48:21.115+0000] {processor.py:179} INFO - Processing /home/airflow/.local/lib/python3.7/site-packages/airflow/example_dags/example_task_group_decorator.py took 0.362 seconds
[2023-09-04T12:48:52.046+0000] {processor.py:157} INFO - Started process (PID=1061) to work on /home/airflow/.local/lib/python3.7/site-packages/airflow/example_dags/example_task_group_decorator.py
[2023-09-04T12:48:52.048+0000] {processor.py:826} INFO - Processing file /home/airflow/.local/lib/python3.7/site-packages/airflow/example_dags/example_task_group_decorator.py for tasks to queue
[2023-09-04T12:48:52.052+0000] {logging_mixin.py:150} INFO - [2023-09-04T12:48:52.052+0000] {dagbag.py:541} INFO - Filling up the DagBag from /home/airflow/.local/lib/python3.7/site-packages/airflow/example_dags/example_task_group_decorator.py
[2023-09-04T12:48:52.093+0000] {processor.py:836} INFO - DAG(s) dict_keys(['example_task_group_decorator']) retrieved from /home/airflow/.local/lib/python3.7/site-packages/airflow/example_dags/example_task_group_decorator.py
[2023-09-04T12:48:52.157+0000] {logging_mixin.py:150} INFO - [2023-09-04T12:48:52.157+0000] {dag.py:2742} INFO - Sync 1 DAGs
[2023-09-04T12:48:52.224+0000] {logging_mixin.py:150} INFO - [2023-09-04T12:48:52.224+0000] {dag.py:3508} INFO - Setting next_dagrun for example_task_group_decorator to 2023-09-03T12:48:52.224063+00:00, run_after=2023-09-04T12:48:52.224063+00:00
[2023-09-04T12:48:52.286+0000] {processor.py:179} INFO - Processing /home/airflow/.local/lib/python3.7/site-packages/airflow/example_dags/example_task_group_decorator.py took 0.250 seconds
[2023-09-04T12:49:22.636+0000] {processor.py:157} INFO - Started process (PID=1121) to work on /home/airflow/.local/lib/python3.7/site-packages/airflow/example_dags/example_task_group_decorator.py
[2023-09-04T12:49:22.638+0000] {processor.py:826} INFO - Processing file /home/airflow/.local/lib/python3.7/site-packages/airflow/example_dags/example_task_group_decorator.py for tasks to queue
[2023-09-04T12:49:22.640+0000] {logging_mixin.py:150} INFO - [2023-09-04T12:49:22.640+0000] {dagbag.py:541} INFO - Filling up the DagBag from /home/airflow/.local/lib/python3.7/site-packages/airflow/example_dags/example_task_group_decorator.py
[2023-09-04T12:49:22.673+0000] {processor.py:836} INFO - DAG(s) dict_keys(['example_task_group_decorator']) retrieved from /home/airflow/.local/lib/python3.7/site-packages/airflow/example_dags/example_task_group_decorator.py
[2023-09-04T12:49:22.731+0000] {logging_mixin.py:150} INFO - [2023-09-04T12:49:22.731+0000] {dag.py:2742} INFO - Sync 1 DAGs
[2023-09-04T12:49:22.786+0000] {logging_mixin.py:150} INFO - [2023-09-04T12:49:22.785+0000] {dag.py:3508} INFO - Setting next_dagrun for example_task_group_decorator to 2023-09-03T12:49:22.785420+00:00, run_after=2023-09-04T12:49:22.785420+00:00
[2023-09-04T12:49:22.841+0000] {processor.py:179} INFO - Processing /home/airflow/.local/lib/python3.7/site-packages/airflow/example_dags/example_task_group_decorator.py took 0.212 seconds
[2023-09-04T12:51:30.608+0000] {processor.py:157} INFO - Started process (PID=81) to work on /home/airflow/.local/lib/python3.7/site-packages/airflow/example_dags/example_task_group_decorator.py
[2023-09-04T12:51:30.609+0000] {processor.py:826} INFO - Processing file /home/airflow/.local/lib/python3.7/site-packages/airflow/example_dags/example_task_group_decorator.py for tasks to queue
[2023-09-04T12:51:30.612+0000] {logging_mixin.py:150} INFO - [2023-09-04T12:51:30.611+0000] {dagbag.py:541} INFO - Filling up the DagBag from /home/airflow/.local/lib/python3.7/site-packages/airflow/example_dags/example_task_group_decorator.py
[2023-09-04T12:51:30.660+0000] {processor.py:836} INFO - DAG(s) dict_keys(['example_task_group_decorator']) retrieved from /home/airflow/.local/lib/python3.7/site-packages/airflow/example_dags/example_task_group_decorator.py
[2023-09-04T12:51:30.749+0000] {logging_mixin.py:150} INFO - [2023-09-04T12:51:30.748+0000] {dag.py:2742} INFO - Sync 1 DAGs
[2023-09-04T12:51:30.815+0000] {logging_mixin.py:150} INFO - [2023-09-04T12:51:30.815+0000] {dag.py:3508} INFO - Setting next_dagrun for example_task_group_decorator to 2023-09-03T12:51:30.814856+00:00, run_after=2023-09-04T12:51:30.814856+00:00
[2023-09-04T12:51:30.865+0000] {processor.py:179} INFO - Processing /home/airflow/.local/lib/python3.7/site-packages/airflow/example_dags/example_task_group_decorator.py took 0.263 seconds
[2023-09-04T12:52:01.954+0000] {processor.py:157} INFO - Started process (PID=140) to work on /home/airflow/.local/lib/python3.7/site-packages/airflow/example_dags/example_task_group_decorator.py
[2023-09-04T12:52:01.955+0000] {processor.py:826} INFO - Processing file /home/airflow/.local/lib/python3.7/site-packages/airflow/example_dags/example_task_group_decorator.py for tasks to queue
[2023-09-04T12:52:01.957+0000] {logging_mixin.py:150} INFO - [2023-09-04T12:52:01.957+0000] {dagbag.py:541} INFO - Filling up the DagBag from /home/airflow/.local/lib/python3.7/site-packages/airflow/example_dags/example_task_group_decorator.py
[2023-09-04T12:52:02.003+0000] {processor.py:836} INFO - DAG(s) dict_keys(['example_task_group_decorator']) retrieved from /home/airflow/.local/lib/python3.7/site-packages/airflow/example_dags/example_task_group_decorator.py
[2023-09-04T12:52:02.065+0000] {logging_mixin.py:150} INFO - [2023-09-04T12:52:02.064+0000] {dag.py:2742} INFO - Sync 1 DAGs
[2023-09-04T12:52:02.127+0000] {logging_mixin.py:150} INFO - [2023-09-04T12:52:02.126+0000] {dag.py:3508} INFO - Setting next_dagrun for example_task_group_decorator to 2023-09-03T12:52:02.126266+00:00, run_after=2023-09-04T12:52:02.126266+00:00
[2023-09-04T12:52:02.166+0000] {processor.py:179} INFO - Processing /home/airflow/.local/lib/python3.7/site-packages/airflow/example_dags/example_task_group_decorator.py took 0.220 seconds
[2023-09-04T12:52:33.352+0000] {processor.py:157} INFO - Started process (PID=199) to work on /home/airflow/.local/lib/python3.7/site-packages/airflow/example_dags/example_task_group_decorator.py
[2023-09-04T12:52:33.355+0000] {processor.py:826} INFO - Processing file /home/airflow/.local/lib/python3.7/site-packages/airflow/example_dags/example_task_group_decorator.py for tasks to queue
[2023-09-04T12:52:33.357+0000] {logging_mixin.py:150} INFO - [2023-09-04T12:52:33.357+0000] {dagbag.py:541} INFO - Filling up the DagBag from /home/airflow/.local/lib/python3.7/site-packages/airflow/example_dags/example_task_group_decorator.py
[2023-09-04T12:52:33.400+0000] {processor.py:836} INFO - DAG(s) dict_keys(['example_task_group_decorator']) retrieved from /home/airflow/.local/lib/python3.7/site-packages/airflow/example_dags/example_task_group_decorator.py
[2023-09-04T12:52:33.487+0000] {logging_mixin.py:150} INFO - [2023-09-04T12:52:33.484+0000] {dag.py:2742} INFO - Sync 1 DAGs
[2023-09-04T12:52:33.566+0000] {logging_mixin.py:150} INFO - [2023-09-04T12:52:33.565+0000] {dag.py:3508} INFO - Setting next_dagrun for example_task_group_decorator to 2023-09-03T12:52:33.565374+00:00, run_after=2023-09-04T12:52:33.565374+00:00
[2023-09-04T12:52:33.630+0000] {processor.py:179} INFO - Processing /home/airflow/.local/lib/python3.7/site-packages/airflow/example_dags/example_task_group_decorator.py took 0.305 seconds
[2023-09-04T12:53:04.705+0000] {processor.py:157} INFO - Started process (PID=258) to work on /home/airflow/.local/lib/python3.7/site-packages/airflow/example_dags/example_task_group_decorator.py
[2023-09-04T12:53:04.709+0000] {processor.py:826} INFO - Processing file /home/airflow/.local/lib/python3.7/site-packages/airflow/example_dags/example_task_group_decorator.py for tasks to queue
[2023-09-04T12:53:04.713+0000] {logging_mixin.py:150} INFO - [2023-09-04T12:53:04.712+0000] {dagbag.py:541} INFO - Filling up the DagBag from /home/airflow/.local/lib/python3.7/site-packages/airflow/example_dags/example_task_group_decorator.py
[2023-09-04T12:53:04.772+0000] {processor.py:836} INFO - DAG(s) dict_keys(['example_task_group_decorator']) retrieved from /home/airflow/.local/lib/python3.7/site-packages/airflow/example_dags/example_task_group_decorator.py
[2023-09-04T12:53:04.839+0000] {logging_mixin.py:150} INFO - [2023-09-04T12:53:04.839+0000] {dag.py:2742} INFO - Sync 1 DAGs
[2023-09-04T12:53:04.913+0000] {logging_mixin.py:150} INFO - [2023-09-04T12:53:04.913+0000] {dag.py:3508} INFO - Setting next_dagrun for example_task_group_decorator to 2023-09-03T12:53:04.912548+00:00, run_after=2023-09-04T12:53:04.912548+00:00
[2023-09-04T12:53:04.969+0000] {processor.py:179} INFO - Processing /home/airflow/.local/lib/python3.7/site-packages/airflow/example_dags/example_task_group_decorator.py took 0.271 seconds
[2023-09-04T12:53:36.048+0000] {processor.py:157} INFO - Started process (PID=318) to work on /home/airflow/.local/lib/python3.7/site-packages/airflow/example_dags/example_task_group_decorator.py
[2023-09-04T12:53:36.050+0000] {processor.py:826} INFO - Processing file /home/airflow/.local/lib/python3.7/site-packages/airflow/example_dags/example_task_group_decorator.py for tasks to queue
[2023-09-04T12:53:36.054+0000] {logging_mixin.py:150} INFO - [2023-09-04T12:53:36.053+0000] {dagbag.py:541} INFO - Filling up the DagBag from /home/airflow/.local/lib/python3.7/site-packages/airflow/example_dags/example_task_group_decorator.py
[2023-09-04T12:53:36.117+0000] {processor.py:836} INFO - DAG(s) dict_keys(['example_task_group_decorator']) retrieved from /home/airflow/.local/lib/python3.7/site-packages/airflow/example_dags/example_task_group_decorator.py
[2023-09-04T12:53:36.182+0000] {logging_mixin.py:150} INFO - [2023-09-04T12:53:36.182+0000] {dag.py:2742} INFO - Sync 1 DAGs
[2023-09-04T12:53:36.232+0000] {logging_mixin.py:150} INFO - [2023-09-04T12:53:36.232+0000] {dag.py:3508} INFO - Setting next_dagrun for example_task_group_decorator to 2023-09-03T12:53:36.231520+00:00, run_after=2023-09-04T12:53:36.231520+00:00
[2023-09-04T12:53:36.272+0000] {processor.py:179} INFO - Processing /home/airflow/.local/lib/python3.7/site-packages/airflow/example_dags/example_task_group_decorator.py took 0.234 seconds
[2023-09-04T12:54:07.223+0000] {processor.py:157} INFO - Started process (PID=377) to work on /home/airflow/.local/lib/python3.7/site-packages/airflow/example_dags/example_task_group_decorator.py
[2023-09-04T12:54:07.225+0000] {processor.py:826} INFO - Processing file /home/airflow/.local/lib/python3.7/site-packages/airflow/example_dags/example_task_group_decorator.py for tasks to queue
[2023-09-04T12:54:07.227+0000] {logging_mixin.py:150} INFO - [2023-09-04T12:54:07.226+0000] {dagbag.py:541} INFO - Filling up the DagBag from /home/airflow/.local/lib/python3.7/site-packages/airflow/example_dags/example_task_group_decorator.py
[2023-09-04T12:54:07.297+0000] {processor.py:836} INFO - DAG(s) dict_keys(['example_task_group_decorator']) retrieved from /home/airflow/.local/lib/python3.7/site-packages/airflow/example_dags/example_task_group_decorator.py
[2023-09-04T12:54:07.362+0000] {logging_mixin.py:150} INFO - [2023-09-04T12:54:07.362+0000] {dag.py:2742} INFO - Sync 1 DAGs
[2023-09-04T12:54:07.439+0000] {logging_mixin.py:150} INFO - [2023-09-04T12:54:07.439+0000] {dag.py:3508} INFO - Setting next_dagrun for example_task_group_decorator to 2023-09-03T12:54:07.438913+00:00, run_after=2023-09-04T12:54:07.438913+00:00
[2023-09-04T12:54:07.497+0000] {processor.py:179} INFO - Processing /home/airflow/.local/lib/python3.7/site-packages/airflow/example_dags/example_task_group_decorator.py took 0.281 seconds
[2023-09-04T12:54:38.719+0000] {processor.py:157} INFO - Started process (PID=442) to work on /home/airflow/.local/lib/python3.7/site-packages/airflow/example_dags/example_task_group_decorator.py
[2023-09-04T12:54:38.722+0000] {processor.py:826} INFO - Processing file /home/airflow/.local/lib/python3.7/site-packages/airflow/example_dags/example_task_group_decorator.py for tasks to queue
[2023-09-04T12:54:38.724+0000] {logging_mixin.py:150} INFO - [2023-09-04T12:54:38.723+0000] {dagbag.py:541} INFO - Filling up the DagBag from /home/airflow/.local/lib/python3.7/site-packages/airflow/example_dags/example_task_group_decorator.py
[2023-09-04T12:54:38.759+0000] {processor.py:836} INFO - DAG(s) dict_keys(['example_task_group_decorator']) retrieved from /home/airflow/.local/lib/python3.7/site-packages/airflow/example_dags/example_task_group_decorator.py
[2023-09-04T12:54:38.810+0000] {logging_mixin.py:150} INFO - [2023-09-04T12:54:38.810+0000] {dag.py:2742} INFO - Sync 1 DAGs
[2023-09-04T12:54:38.856+0000] {logging_mixin.py:150} INFO - [2023-09-04T12:54:38.855+0000] {dag.py:3508} INFO - Setting next_dagrun for example_task_group_decorator to 2023-09-03T12:54:38.855358+00:00, run_after=2023-09-04T12:54:38.855358+00:00
[2023-09-04T12:54:38.899+0000] {processor.py:179} INFO - Processing /home/airflow/.local/lib/python3.7/site-packages/airflow/example_dags/example_task_group_decorator.py took 0.187 seconds
[2023-09-04T12:55:09.827+0000] {processor.py:157} INFO - Started process (PID=501) to work on /home/airflow/.local/lib/python3.7/site-packages/airflow/example_dags/example_task_group_decorator.py
[2023-09-04T12:55:09.829+0000] {processor.py:826} INFO - Processing file /home/airflow/.local/lib/python3.7/site-packages/airflow/example_dags/example_task_group_decorator.py for tasks to queue
[2023-09-04T12:55:09.831+0000] {logging_mixin.py:150} INFO - [2023-09-04T12:55:09.830+0000] {dagbag.py:541} INFO - Filling up the DagBag from /home/airflow/.local/lib/python3.7/site-packages/airflow/example_dags/example_task_group_decorator.py
[2023-09-04T12:55:09.869+0000] {processor.py:836} INFO - DAG(s) dict_keys(['example_task_group_decorator']) retrieved from /home/airflow/.local/lib/python3.7/site-packages/airflow/example_dags/example_task_group_decorator.py
[2023-09-04T12:55:09.922+0000] {logging_mixin.py:150} INFO - [2023-09-04T12:55:09.922+0000] {dag.py:2742} INFO - Sync 1 DAGs
[2023-09-04T12:55:09.994+0000] {logging_mixin.py:150} INFO - [2023-09-04T12:55:09.994+0000] {dag.py:3508} INFO - Setting next_dagrun for example_task_group_decorator to 2023-09-03T12:55:09.993481+00:00, run_after=2023-09-04T12:55:09.993481+00:00
[2023-09-04T12:55:10.063+0000] {processor.py:179} INFO - Processing /home/airflow/.local/lib/python3.7/site-packages/airflow/example_dags/example_task_group_decorator.py took 0.244 seconds
[2023-09-04T12:55:40.955+0000] {processor.py:157} INFO - Started process (PID=561) to work on /home/airflow/.local/lib/python3.7/site-packages/airflow/example_dags/example_task_group_decorator.py
[2023-09-04T12:55:40.957+0000] {processor.py:826} INFO - Processing file /home/airflow/.local/lib/python3.7/site-packages/airflow/example_dags/example_task_group_decorator.py for tasks to queue
[2023-09-04T12:55:40.958+0000] {logging_mixin.py:150} INFO - [2023-09-04T12:55:40.958+0000] {dagbag.py:541} INFO - Filling up the DagBag from /home/airflow/.local/lib/python3.7/site-packages/airflow/example_dags/example_task_group_decorator.py
[2023-09-04T12:55:40.985+0000] {processor.py:836} INFO - DAG(s) dict_keys(['example_task_group_decorator']) retrieved from /home/airflow/.local/lib/python3.7/site-packages/airflow/example_dags/example_task_group_decorator.py
[2023-09-04T12:55:41.076+0000] {logging_mixin.py:150} INFO - [2023-09-04T12:55:41.075+0000] {dag.py:2742} INFO - Sync 1 DAGs
[2023-09-04T12:55:41.135+0000] {logging_mixin.py:150} INFO - [2023-09-04T12:55:41.135+0000] {dag.py:3508} INFO - Setting next_dagrun for example_task_group_decorator to 2023-09-03T12:55:41.134927+00:00, run_after=2023-09-04T12:55:41.134927+00:00
[2023-09-04T12:55:41.175+0000] {processor.py:179} INFO - Processing /home/airflow/.local/lib/python3.7/site-packages/airflow/example_dags/example_task_group_decorator.py took 0.227 seconds
[2023-09-04T12:56:12.780+0000] {processor.py:157} INFO - Started process (PID=620) to work on /home/airflow/.local/lib/python3.7/site-packages/airflow/example_dags/example_task_group_decorator.py
[2023-09-04T12:56:12.782+0000] {processor.py:826} INFO - Processing file /home/airflow/.local/lib/python3.7/site-packages/airflow/example_dags/example_task_group_decorator.py for tasks to queue
[2023-09-04T12:56:12.784+0000] {logging_mixin.py:150} INFO - [2023-09-04T12:56:12.783+0000] {dagbag.py:541} INFO - Filling up the DagBag from /home/airflow/.local/lib/python3.7/site-packages/airflow/example_dags/example_task_group_decorator.py
[2023-09-04T12:56:12.820+0000] {processor.py:836} INFO - DAG(s) dict_keys(['example_task_group_decorator']) retrieved from /home/airflow/.local/lib/python3.7/site-packages/airflow/example_dags/example_task_group_decorator.py
[2023-09-04T12:56:12.884+0000] {logging_mixin.py:150} INFO - [2023-09-04T12:56:12.884+0000] {dag.py:2742} INFO - Sync 1 DAGs
[2023-09-04T12:56:13.025+0000] {logging_mixin.py:150} INFO - [2023-09-04T12:56:13.024+0000] {dag.py:3508} INFO - Setting next_dagrun for example_task_group_decorator to 2023-09-03T12:56:13.023063+00:00, run_after=2023-09-04T12:56:13.023063+00:00
[2023-09-04T12:56:13.075+0000] {processor.py:179} INFO - Processing /home/airflow/.local/lib/python3.7/site-packages/airflow/example_dags/example_task_group_decorator.py took 0.304 seconds
[2023-09-04T12:56:43.858+0000] {processor.py:157} INFO - Started process (PID=679) to work on /home/airflow/.local/lib/python3.7/site-packages/airflow/example_dags/example_task_group_decorator.py
[2023-09-04T12:56:43.860+0000] {processor.py:826} INFO - Processing file /home/airflow/.local/lib/python3.7/site-packages/airflow/example_dags/example_task_group_decorator.py for tasks to queue
[2023-09-04T12:56:43.862+0000] {logging_mixin.py:150} INFO - [2023-09-04T12:56:43.862+0000] {dagbag.py:541} INFO - Filling up the DagBag from /home/airflow/.local/lib/python3.7/site-packages/airflow/example_dags/example_task_group_decorator.py
[2023-09-04T12:56:43.895+0000] {processor.py:836} INFO - DAG(s) dict_keys(['example_task_group_decorator']) retrieved from /home/airflow/.local/lib/python3.7/site-packages/airflow/example_dags/example_task_group_decorator.py
[2023-09-04T12:56:43.957+0000] {logging_mixin.py:150} INFO - [2023-09-04T12:56:43.956+0000] {dag.py:2742} INFO - Sync 1 DAGs
[2023-09-04T12:56:44.007+0000] {logging_mixin.py:150} INFO - [2023-09-04T12:56:44.007+0000] {dag.py:3508} INFO - Setting next_dagrun for example_task_group_decorator to 2023-09-03T12:56:44.006635+00:00, run_after=2023-09-04T12:56:44.006635+00:00
[2023-09-04T12:56:44.048+0000] {processor.py:179} INFO - Processing /home/airflow/.local/lib/python3.7/site-packages/airflow/example_dags/example_task_group_decorator.py took 0.198 seconds
[2023-09-04T12:57:15.114+0000] {processor.py:157} INFO - Started process (PID=737) to work on /home/airflow/.local/lib/python3.7/site-packages/airflow/example_dags/example_task_group_decorator.py
[2023-09-04T12:57:15.116+0000] {processor.py:826} INFO - Processing file /home/airflow/.local/lib/python3.7/site-packages/airflow/example_dags/example_task_group_decorator.py for tasks to queue
[2023-09-04T12:57:15.123+0000] {logging_mixin.py:150} INFO - [2023-09-04T12:57:15.123+0000] {dagbag.py:541} INFO - Filling up the DagBag from /home/airflow/.local/lib/python3.7/site-packages/airflow/example_dags/example_task_group_decorator.py
[2023-09-04T12:57:15.171+0000] {processor.py:836} INFO - DAG(s) dict_keys(['example_task_group_decorator']) retrieved from /home/airflow/.local/lib/python3.7/site-packages/airflow/example_dags/example_task_group_decorator.py
[2023-09-04T12:57:15.225+0000] {logging_mixin.py:150} INFO - [2023-09-04T12:57:15.224+0000] {dag.py:2742} INFO - Sync 1 DAGs
[2023-09-04T12:57:15.280+0000] {logging_mixin.py:150} INFO - [2023-09-04T12:57:15.280+0000] {dag.py:3508} INFO - Setting next_dagrun for example_task_group_decorator to 2023-09-03T12:57:15.279681+00:00, run_after=2023-09-04T12:57:15.279681+00:00
[2023-09-04T12:57:15.318+0000] {processor.py:179} INFO - Processing /home/airflow/.local/lib/python3.7/site-packages/airflow/example_dags/example_task_group_decorator.py took 0.212 seconds
[2023-09-04T12:57:46.657+0000] {processor.py:157} INFO - Started process (PID=796) to work on /home/airflow/.local/lib/python3.7/site-packages/airflow/example_dags/example_task_group_decorator.py
[2023-09-04T12:57:46.662+0000] {processor.py:826} INFO - Processing file /home/airflow/.local/lib/python3.7/site-packages/airflow/example_dags/example_task_group_decorator.py for tasks to queue
[2023-09-04T12:57:46.665+0000] {logging_mixin.py:150} INFO - [2023-09-04T12:57:46.664+0000] {dagbag.py:541} INFO - Filling up the DagBag from /home/airflow/.local/lib/python3.7/site-packages/airflow/example_dags/example_task_group_decorator.py
[2023-09-04T12:57:46.761+0000] {processor.py:836} INFO - DAG(s) dict_keys(['example_task_group_decorator']) retrieved from /home/airflow/.local/lib/python3.7/site-packages/airflow/example_dags/example_task_group_decorator.py
[2023-09-04T12:57:46.886+0000] {logging_mixin.py:150} INFO - [2023-09-04T12:57:46.885+0000] {dag.py:2742} INFO - Sync 1 DAGs
[2023-09-04T12:57:46.965+0000] {logging_mixin.py:150} INFO - [2023-09-04T12:57:46.965+0000] {dag.py:3508} INFO - Setting next_dagrun for example_task_group_decorator to 2023-09-03T12:57:46.964909+00:00, run_after=2023-09-04T12:57:46.964909+00:00
[2023-09-04T12:57:47.013+0000] {processor.py:179} INFO - Processing /home/airflow/.local/lib/python3.7/site-packages/airflow/example_dags/example_task_group_decorator.py took 0.367 seconds
[2023-09-04T12:58:17.991+0000] {processor.py:157} INFO - Started process (PID=855) to work on /home/airflow/.local/lib/python3.7/site-packages/airflow/example_dags/example_task_group_decorator.py
[2023-09-04T12:58:17.993+0000] {processor.py:826} INFO - Processing file /home/airflow/.local/lib/python3.7/site-packages/airflow/example_dags/example_task_group_decorator.py for tasks to queue
[2023-09-04T12:58:17.996+0000] {logging_mixin.py:150} INFO - [2023-09-04T12:58:17.995+0000] {dagbag.py:541} INFO - Filling up the DagBag from /home/airflow/.local/lib/python3.7/site-packages/airflow/example_dags/example_task_group_decorator.py
[2023-09-04T12:58:18.029+0000] {processor.py:836} INFO - DAG(s) dict_keys(['example_task_group_decorator']) retrieved from /home/airflow/.local/lib/python3.7/site-packages/airflow/example_dags/example_task_group_decorator.py
[2023-09-04T12:58:18.087+0000] {logging_mixin.py:150} INFO - [2023-09-04T12:58:18.086+0000] {dag.py:2742} INFO - Sync 1 DAGs
[2023-09-04T12:58:18.140+0000] {logging_mixin.py:150} INFO - [2023-09-04T12:58:18.140+0000] {dag.py:3508} INFO - Setting next_dagrun for example_task_group_decorator to 2023-09-03T12:58:18.140387+00:00, run_after=2023-09-04T12:58:18.140387+00:00
[2023-09-04T12:58:18.197+0000] {processor.py:179} INFO - Processing /home/airflow/.local/lib/python3.7/site-packages/airflow/example_dags/example_task_group_decorator.py took 0.213 seconds
[2023-09-04T12:58:50.370+0000] {processor.py:157} INFO - Started process (PID=915) to work on /home/airflow/.local/lib/python3.7/site-packages/airflow/example_dags/example_task_group_decorator.py
[2023-09-04T12:58:50.372+0000] {processor.py:826} INFO - Processing file /home/airflow/.local/lib/python3.7/site-packages/airflow/example_dags/example_task_group_decorator.py for tasks to queue
[2023-09-04T12:58:50.374+0000] {logging_mixin.py:150} INFO - [2023-09-04T12:58:50.374+0000] {dagbag.py:541} INFO - Filling up the DagBag from /home/airflow/.local/lib/python3.7/site-packages/airflow/example_dags/example_task_group_decorator.py
[2023-09-04T12:58:50.420+0000] {processor.py:836} INFO - DAG(s) dict_keys(['example_task_group_decorator']) retrieved from /home/airflow/.local/lib/python3.7/site-packages/airflow/example_dags/example_task_group_decorator.py
[2023-09-04T12:58:50.495+0000] {logging_mixin.py:150} INFO - [2023-09-04T12:58:50.494+0000] {dag.py:2742} INFO - Sync 1 DAGs
[2023-09-04T12:58:50.560+0000] {logging_mixin.py:150} INFO - [2023-09-04T12:58:50.560+0000] {dag.py:3508} INFO - Setting next_dagrun for example_task_group_decorator to 2023-09-03T12:58:50.559719+00:00, run_after=2023-09-04T12:58:50.559719+00:00
[2023-09-04T12:58:50.636+0000] {processor.py:179} INFO - Processing /home/airflow/.local/lib/python3.7/site-packages/airflow/example_dags/example_task_group_decorator.py took 0.273 seconds
