[2023-09-04T12:39:14.717+0000] {processor.py:157} INFO - Started process (PID=59) to work on /home/airflow/.local/lib/python3.7/site-packages/airflow/example_dags/example_short_circuit_decorator.py
[2023-09-04T12:39:14.729+0000] {processor.py:826} INFO - Processing file /home/airflow/.local/lib/python3.7/site-packages/airflow/example_dags/example_short_circuit_decorator.py for tasks to queue
[2023-09-04T12:39:14.746+0000] {logging_mixin.py:150} INFO - [2023-09-04T12:39:14.746+0000] {dagbag.py:541} INFO - Filling up the DagBag from /home/airflow/.local/lib/python3.7/site-packages/airflow/example_dags/example_short_circuit_decorator.py
[2023-09-04T12:39:14.859+0000] {processor.py:836} INFO - DAG(s) dict_keys(['example_short_circuit_decorator']) retrieved from /home/airflow/.local/lib/python3.7/site-packages/airflow/example_dags/example_short_circuit_decorator.py
[2023-09-04T12:39:15.216+0000] {logging_mixin.py:150} INFO - [2023-09-04T12:39:15.216+0000] {dag.py:2742} INFO - Sync 1 DAGs
[2023-09-04T12:39:16.430+0000] {logging_mixin.py:150} INFO - [2023-09-04T12:39:16.430+0000] {dag.py:3508} INFO - Setting next_dagrun for example_short_circuit_decorator to 2023-09-03T12:39:16.429623+00:00, run_after=2023-09-04T12:39:16.429623+00:00
[2023-09-04T12:39:16.631+0000] {processor.py:179} INFO - Processing /home/airflow/.local/lib/python3.7/site-packages/airflow/example_dags/example_short_circuit_decorator.py took 1.934 seconds
[2023-09-04T12:39:50.523+0000] {processor.py:157} INFO - Started process (PID=117) to work on /home/airflow/.local/lib/python3.7/site-packages/airflow/example_dags/example_short_circuit_decorator.py
[2023-09-04T12:39:50.526+0000] {processor.py:826} INFO - Processing file /home/airflow/.local/lib/python3.7/site-packages/airflow/example_dags/example_short_circuit_decorator.py for tasks to queue
[2023-09-04T12:39:50.529+0000] {logging_mixin.py:150} INFO - [2023-09-04T12:39:50.528+0000] {dagbag.py:541} INFO - Filling up the DagBag from /home/airflow/.local/lib/python3.7/site-packages/airflow/example_dags/example_short_circuit_decorator.py
[2023-09-04T12:39:50.574+0000] {processor.py:836} INFO - DAG(s) dict_keys(['example_short_circuit_decorator']) retrieved from /home/airflow/.local/lib/python3.7/site-packages/airflow/example_dags/example_short_circuit_decorator.py
[2023-09-04T12:39:50.684+0000] {logging_mixin.py:150} INFO - [2023-09-04T12:39:50.684+0000] {dag.py:2742} INFO - Sync 1 DAGs
[2023-09-04T12:39:50.770+0000] {logging_mixin.py:150} INFO - [2023-09-04T12:39:50.770+0000] {dag.py:3508} INFO - Setting next_dagrun for example_short_circuit_decorator to 2023-09-03T12:39:50.769861+00:00, run_after=2023-09-04T12:39:50.769861+00:00
[2023-09-04T12:39:50.828+0000] {processor.py:179} INFO - Processing /home/airflow/.local/lib/python3.7/site-packages/airflow/example_dags/example_short_circuit_decorator.py took 0.314 seconds
[2023-09-04T12:40:23.875+0000] {processor.py:157} INFO - Started process (PID=171) to work on /home/airflow/.local/lib/python3.7/site-packages/airflow/example_dags/example_short_circuit_decorator.py
[2023-09-04T12:40:23.931+0000] {processor.py:826} INFO - Processing file /home/airflow/.local/lib/python3.7/site-packages/airflow/example_dags/example_short_circuit_decorator.py for tasks to queue
[2023-09-04T12:40:23.948+0000] {logging_mixin.py:150} INFO - [2023-09-04T12:40:23.947+0000] {dagbag.py:541} INFO - Filling up the DagBag from /home/airflow/.local/lib/python3.7/site-packages/airflow/example_dags/example_short_circuit_decorator.py
[2023-09-04T12:40:24.177+0000] {processor.py:836} INFO - DAG(s) dict_keys(['example_short_circuit_decorator']) retrieved from /home/airflow/.local/lib/python3.7/site-packages/airflow/example_dags/example_short_circuit_decorator.py
[2023-09-04T12:40:24.585+0000] {logging_mixin.py:150} INFO - [2023-09-04T12:40:24.585+0000] {dag.py:2742} INFO - Sync 1 DAGs
[2023-09-04T12:40:24.892+0000] {logging_mixin.py:150} INFO - [2023-09-04T12:40:24.891+0000] {dag.py:3508} INFO - Setting next_dagrun for example_short_circuit_decorator to 2023-09-03T12:40:24.891471+00:00, run_after=2023-09-04T12:40:24.891471+00:00
[2023-09-04T12:40:25.232+0000] {processor.py:179} INFO - Processing /home/airflow/.local/lib/python3.7/site-packages/airflow/example_dags/example_short_circuit_decorator.py took 1.421 seconds
[2023-09-04T12:41:08.263+0000] {processor.py:157} INFO - Started process (PID=241) to work on /home/airflow/.local/lib/python3.7/site-packages/airflow/example_dags/example_short_circuit_decorator.py
[2023-09-04T12:41:08.275+0000] {processor.py:826} INFO - Processing file /home/airflow/.local/lib/python3.7/site-packages/airflow/example_dags/example_short_circuit_decorator.py for tasks to queue
[2023-09-04T12:41:08.292+0000] {logging_mixin.py:150} INFO - [2023-09-04T12:41:08.291+0000] {dagbag.py:541} INFO - Filling up the DagBag from /home/airflow/.local/lib/python3.7/site-packages/airflow/example_dags/example_short_circuit_decorator.py
[2023-09-04T12:41:08.394+0000] {processor.py:836} INFO - DAG(s) dict_keys(['example_short_circuit_decorator']) retrieved from /home/airflow/.local/lib/python3.7/site-packages/airflow/example_dags/example_short_circuit_decorator.py
[2023-09-04T12:41:08.586+0000] {logging_mixin.py:150} INFO - [2023-09-04T12:41:08.585+0000] {dag.py:2742} INFO - Sync 1 DAGs
[2023-09-04T12:41:08.874+0000] {logging_mixin.py:150} INFO - [2023-09-04T12:41:08.826+0000] {dag.py:3508} INFO - Setting next_dagrun for example_short_circuit_decorator to 2023-09-03T12:41:08.825557+00:00, run_after=2023-09-04T12:41:08.825557+00:00
[2023-09-04T12:41:09.105+0000] {processor.py:179} INFO - Processing /home/airflow/.local/lib/python3.7/site-packages/airflow/example_dags/example_short_circuit_decorator.py took 0.859 seconds
[2023-09-04T12:41:41.722+0000] {processor.py:157} INFO - Started process (PID=299) to work on /home/airflow/.local/lib/python3.7/site-packages/airflow/example_dags/example_short_circuit_decorator.py
[2023-09-04T12:41:41.736+0000] {processor.py:826} INFO - Processing file /home/airflow/.local/lib/python3.7/site-packages/airflow/example_dags/example_short_circuit_decorator.py for tasks to queue
[2023-09-04T12:41:41.748+0000] {logging_mixin.py:150} INFO - [2023-09-04T12:41:41.748+0000] {dagbag.py:541} INFO - Filling up the DagBag from /home/airflow/.local/lib/python3.7/site-packages/airflow/example_dags/example_short_circuit_decorator.py
[2023-09-04T12:41:41.848+0000] {processor.py:836} INFO - DAG(s) dict_keys(['example_short_circuit_decorator']) retrieved from /home/airflow/.local/lib/python3.7/site-packages/airflow/example_dags/example_short_circuit_decorator.py
[2023-09-04T12:41:42.060+0000] {logging_mixin.py:150} INFO - [2023-09-04T12:41:42.060+0000] {dag.py:2742} INFO - Sync 1 DAGs
[2023-09-04T12:41:42.286+0000] {logging_mixin.py:150} INFO - [2023-09-04T12:41:42.285+0000] {dag.py:3508} INFO - Setting next_dagrun for example_short_circuit_decorator to 2023-09-03T12:41:42.285276+00:00, run_after=2023-09-04T12:41:42.285276+00:00
[2023-09-04T12:41:42.446+0000] {processor.py:179} INFO - Processing /home/airflow/.local/lib/python3.7/site-packages/airflow/example_dags/example_short_circuit_decorator.py took 0.744 seconds
[2023-09-04T12:42:21.202+0000] {processor.py:157} INFO - Started process (PID=348) to work on /home/airflow/.local/lib/python3.7/site-packages/airflow/example_dags/example_short_circuit_decorator.py
[2023-09-04T12:42:21.214+0000] {processor.py:826} INFO - Processing file /home/airflow/.local/lib/python3.7/site-packages/airflow/example_dags/example_short_circuit_decorator.py for tasks to queue
[2023-09-04T12:42:21.217+0000] {logging_mixin.py:150} INFO - [2023-09-04T12:42:21.217+0000] {dagbag.py:541} INFO - Filling up the DagBag from /home/airflow/.local/lib/python3.7/site-packages/airflow/example_dags/example_short_circuit_decorator.py
[2023-09-04T12:42:21.304+0000] {processor.py:836} INFO - DAG(s) dict_keys(['example_short_circuit_decorator']) retrieved from /home/airflow/.local/lib/python3.7/site-packages/airflow/example_dags/example_short_circuit_decorator.py
[2023-09-04T12:42:21.547+0000] {logging_mixin.py:150} INFO - [2023-09-04T12:42:21.547+0000] {dag.py:2742} INFO - Sync 1 DAGs
[2023-09-04T12:42:21.865+0000] {logging_mixin.py:150} INFO - [2023-09-04T12:42:21.865+0000] {dag.py:3508} INFO - Setting next_dagrun for example_short_circuit_decorator to 2023-09-03T12:42:21.864538+00:00, run_after=2023-09-04T12:42:21.864538+00:00
[2023-09-04T12:42:22.130+0000] {processor.py:179} INFO - Processing /home/airflow/.local/lib/python3.7/site-packages/airflow/example_dags/example_short_circuit_decorator.py took 0.949 seconds
[2023-09-04T12:42:57.295+0000] {processor.py:157} INFO - Started process (PID=406) to work on /home/airflow/.local/lib/python3.7/site-packages/airflow/example_dags/example_short_circuit_decorator.py
[2023-09-04T12:42:57.307+0000] {processor.py:826} INFO - Processing file /home/airflow/.local/lib/python3.7/site-packages/airflow/example_dags/example_short_circuit_decorator.py for tasks to queue
[2023-09-04T12:42:57.341+0000] {logging_mixin.py:150} INFO - [2023-09-04T12:42:57.340+0000] {dagbag.py:541} INFO - Filling up the DagBag from /home/airflow/.local/lib/python3.7/site-packages/airflow/example_dags/example_short_circuit_decorator.py
[2023-09-04T12:42:57.425+0000] {processor.py:836} INFO - DAG(s) dict_keys(['example_short_circuit_decorator']) retrieved from /home/airflow/.local/lib/python3.7/site-packages/airflow/example_dags/example_short_circuit_decorator.py
[2023-09-04T12:42:57.670+0000] {logging_mixin.py:150} INFO - [2023-09-04T12:42:57.670+0000] {dag.py:2742} INFO - Sync 1 DAGs
[2023-09-04T12:42:57.930+0000] {logging_mixin.py:150} INFO - [2023-09-04T12:42:57.920+0000] {dag.py:3508} INFO - Setting next_dagrun for example_short_circuit_decorator to 2023-09-03T12:42:57.920075+00:00, run_after=2023-09-04T12:42:57.920075+00:00
[2023-09-04T12:42:58.157+0000] {processor.py:179} INFO - Processing /home/airflow/.local/lib/python3.7/site-packages/airflow/example_dags/example_short_circuit_decorator.py took 0.882 seconds
[2023-09-04T12:43:30.859+0000] {processor.py:157} INFO - Started process (PID=473) to work on /home/airflow/.local/lib/python3.7/site-packages/airflow/example_dags/example_short_circuit_decorator.py
[2023-09-04T12:43:30.875+0000] {processor.py:826} INFO - Processing file /home/airflow/.local/lib/python3.7/site-packages/airflow/example_dags/example_short_circuit_decorator.py for tasks to queue
[2023-09-04T12:43:30.892+0000] {logging_mixin.py:150} INFO - [2023-09-04T12:43:30.891+0000] {dagbag.py:541} INFO - Filling up the DagBag from /home/airflow/.local/lib/python3.7/site-packages/airflow/example_dags/example_short_circuit_decorator.py
[2023-09-04T12:43:30.967+0000] {processor.py:836} INFO - DAG(s) dict_keys(['example_short_circuit_decorator']) retrieved from /home/airflow/.local/lib/python3.7/site-packages/airflow/example_dags/example_short_circuit_decorator.py
[2023-09-04T12:43:31.382+0000] {logging_mixin.py:150} INFO - [2023-09-04T12:43:31.381+0000] {dag.py:2742} INFO - Sync 1 DAGs
[2023-09-04T12:43:31.638+0000] {logging_mixin.py:150} INFO - [2023-09-04T12:43:31.637+0000] {dag.py:3508} INFO - Setting next_dagrun for example_short_circuit_decorator to 2023-09-03T12:43:31.637354+00:00, run_after=2023-09-04T12:43:31.637354+00:00
[2023-09-04T12:43:31.844+0000] {processor.py:179} INFO - Processing /home/airflow/.local/lib/python3.7/site-packages/airflow/example_dags/example_short_circuit_decorator.py took 1.026 seconds
[2023-09-04T12:44:07.793+0000] {processor.py:157} INFO - Started process (PID=532) to work on /home/airflow/.local/lib/python3.7/site-packages/airflow/example_dags/example_short_circuit_decorator.py
[2023-09-04T12:44:07.808+0000] {processor.py:826} INFO - Processing file /home/airflow/.local/lib/python3.7/site-packages/airflow/example_dags/example_short_circuit_decorator.py for tasks to queue
[2023-09-04T12:44:07.832+0000] {logging_mixin.py:150} INFO - [2023-09-04T12:44:07.830+0000] {dagbag.py:541} INFO - Filling up the DagBag from /home/airflow/.local/lib/python3.7/site-packages/airflow/example_dags/example_short_circuit_decorator.py
[2023-09-04T12:44:07.905+0000] {processor.py:836} INFO - DAG(s) dict_keys(['example_short_circuit_decorator']) retrieved from /home/airflow/.local/lib/python3.7/site-packages/airflow/example_dags/example_short_circuit_decorator.py
[2023-09-04T12:44:08.135+0000] {logging_mixin.py:150} INFO - [2023-09-04T12:44:08.135+0000] {dag.py:2742} INFO - Sync 1 DAGs
[2023-09-04T12:44:08.437+0000] {logging_mixin.py:150} INFO - [2023-09-04T12:44:08.436+0000] {dag.py:3508} INFO - Setting next_dagrun for example_short_circuit_decorator to 2023-09-03T12:44:08.425856+00:00, run_after=2023-09-04T12:44:08.425856+00:00
[2023-09-04T12:44:08.610+0000] {processor.py:179} INFO - Processing /home/airflow/.local/lib/python3.7/site-packages/airflow/example_dags/example_short_circuit_decorator.py took 0.837 seconds
[2023-09-04T12:44:39.749+0000] {processor.py:157} INFO - Started process (PID=590) to work on /home/airflow/.local/lib/python3.7/site-packages/airflow/example_dags/example_short_circuit_decorator.py
[2023-09-04T12:44:39.774+0000] {processor.py:826} INFO - Processing file /home/airflow/.local/lib/python3.7/site-packages/airflow/example_dags/example_short_circuit_decorator.py for tasks to queue
[2023-09-04T12:44:39.794+0000] {logging_mixin.py:150} INFO - [2023-09-04T12:44:39.793+0000] {dagbag.py:541} INFO - Filling up the DagBag from /home/airflow/.local/lib/python3.7/site-packages/airflow/example_dags/example_short_circuit_decorator.py
[2023-09-04T12:44:39.929+0000] {processor.py:836} INFO - DAG(s) dict_keys(['example_short_circuit_decorator']) retrieved from /home/airflow/.local/lib/python3.7/site-packages/airflow/example_dags/example_short_circuit_decorator.py
[2023-09-04T12:44:40.485+0000] {logging_mixin.py:150} INFO - [2023-09-04T12:44:40.485+0000] {dag.py:2742} INFO - Sync 1 DAGs
[2023-09-04T12:44:40.777+0000] {logging_mixin.py:150} INFO - [2023-09-04T12:44:40.777+0000] {dag.py:3508} INFO - Setting next_dagrun for example_short_circuit_decorator to 2023-09-03T12:44:40.776230+00:00, run_after=2023-09-04T12:44:40.776230+00:00
[2023-09-04T12:44:40.993+0000] {processor.py:179} INFO - Processing /home/airflow/.local/lib/python3.7/site-packages/airflow/example_dags/example_short_circuit_decorator.py took 1.265 seconds
[2023-09-04T12:45:12.276+0000] {processor.py:157} INFO - Started process (PID=640) to work on /home/airflow/.local/lib/python3.7/site-packages/airflow/example_dags/example_short_circuit_decorator.py
[2023-09-04T12:45:12.288+0000] {processor.py:826} INFO - Processing file /home/airflow/.local/lib/python3.7/site-packages/airflow/example_dags/example_short_circuit_decorator.py for tasks to queue
[2023-09-04T12:45:12.291+0000] {logging_mixin.py:150} INFO - [2023-09-04T12:45:12.290+0000] {dagbag.py:541} INFO - Filling up the DagBag from /home/airflow/.local/lib/python3.7/site-packages/airflow/example_dags/example_short_circuit_decorator.py
[2023-09-04T12:45:12.334+0000] {processor.py:836} INFO - DAG(s) dict_keys(['example_short_circuit_decorator']) retrieved from /home/airflow/.local/lib/python3.7/site-packages/airflow/example_dags/example_short_circuit_decorator.py
[2023-09-04T12:45:12.493+0000] {logging_mixin.py:150} INFO - [2023-09-04T12:45:12.492+0000] {dag.py:2742} INFO - Sync 1 DAGs
[2023-09-04T12:45:12.572+0000] {logging_mixin.py:150} INFO - [2023-09-04T12:45:12.571+0000] {dag.py:3508} INFO - Setting next_dagrun for example_short_circuit_decorator to 2023-09-03T12:45:12.570197+00:00, run_after=2023-09-04T12:45:12.570197+00:00
[2023-09-04T12:45:12.641+0000] {processor.py:179} INFO - Processing /home/airflow/.local/lib/python3.7/site-packages/airflow/example_dags/example_short_circuit_decorator.py took 0.374 seconds
[2023-09-04T12:45:45.464+0000] {processor.py:157} INFO - Started process (PID=700) to work on /home/airflow/.local/lib/python3.7/site-packages/airflow/example_dags/example_short_circuit_decorator.py
[2023-09-04T12:45:45.474+0000] {processor.py:826} INFO - Processing file /home/airflow/.local/lib/python3.7/site-packages/airflow/example_dags/example_short_circuit_decorator.py for tasks to queue
[2023-09-04T12:45:45.477+0000] {logging_mixin.py:150} INFO - [2023-09-04T12:45:45.476+0000] {dagbag.py:541} INFO - Filling up the DagBag from /home/airflow/.local/lib/python3.7/site-packages/airflow/example_dags/example_short_circuit_decorator.py
[2023-09-04T12:45:45.516+0000] {processor.py:836} INFO - DAG(s) dict_keys(['example_short_circuit_decorator']) retrieved from /home/airflow/.local/lib/python3.7/site-packages/airflow/example_dags/example_short_circuit_decorator.py
[2023-09-04T12:45:45.586+0000] {logging_mixin.py:150} INFO - [2023-09-04T12:45:45.586+0000] {dag.py:2742} INFO - Sync 1 DAGs
[2023-09-04T12:45:45.678+0000] {logging_mixin.py:150} INFO - [2023-09-04T12:45:45.678+0000] {dag.py:3508} INFO - Setting next_dagrun for example_short_circuit_decorator to 2023-09-03T12:45:45.677804+00:00, run_after=2023-09-04T12:45:45.677804+00:00
[2023-09-04T12:45:45.745+0000] {processor.py:179} INFO - Processing /home/airflow/.local/lib/python3.7/site-packages/airflow/example_dags/example_short_circuit_decorator.py took 0.301 seconds
[2023-09-04T12:46:16.202+0000] {processor.py:157} INFO - Started process (PID=760) to work on /home/airflow/.local/lib/python3.7/site-packages/airflow/example_dags/example_short_circuit_decorator.py
[2023-09-04T12:46:16.206+0000] {processor.py:826} INFO - Processing file /home/airflow/.local/lib/python3.7/site-packages/airflow/example_dags/example_short_circuit_decorator.py for tasks to queue
[2023-09-04T12:46:16.210+0000] {logging_mixin.py:150} INFO - [2023-09-04T12:46:16.209+0000] {dagbag.py:541} INFO - Filling up the DagBag from /home/airflow/.local/lib/python3.7/site-packages/airflow/example_dags/example_short_circuit_decorator.py
[2023-09-04T12:46:16.244+0000] {processor.py:836} INFO - DAG(s) dict_keys(['example_short_circuit_decorator']) retrieved from /home/airflow/.local/lib/python3.7/site-packages/airflow/example_dags/example_short_circuit_decorator.py
[2023-09-04T12:46:16.370+0000] {logging_mixin.py:150} INFO - [2023-09-04T12:46:16.370+0000] {dag.py:2742} INFO - Sync 1 DAGs
[2023-09-04T12:46:16.430+0000] {logging_mixin.py:150} INFO - [2023-09-04T12:46:16.430+0000] {dag.py:3508} INFO - Setting next_dagrun for example_short_circuit_decorator to 2023-09-03T12:46:16.429599+00:00, run_after=2023-09-04T12:46:16.429599+00:00
[2023-09-04T12:46:16.482+0000] {processor.py:179} INFO - Processing /home/airflow/.local/lib/python3.7/site-packages/airflow/example_dags/example_short_circuit_decorator.py took 0.302 seconds
[2023-09-04T12:46:46.770+0000] {processor.py:157} INFO - Started process (PID=819) to work on /home/airflow/.local/lib/python3.7/site-packages/airflow/example_dags/example_short_circuit_decorator.py
[2023-09-04T12:46:46.773+0000] {processor.py:826} INFO - Processing file /home/airflow/.local/lib/python3.7/site-packages/airflow/example_dags/example_short_circuit_decorator.py for tasks to queue
[2023-09-04T12:46:46.777+0000] {logging_mixin.py:150} INFO - [2023-09-04T12:46:46.776+0000] {dagbag.py:541} INFO - Filling up the DagBag from /home/airflow/.local/lib/python3.7/site-packages/airflow/example_dags/example_short_circuit_decorator.py
[2023-09-04T12:46:46.808+0000] {processor.py:836} INFO - DAG(s) dict_keys(['example_short_circuit_decorator']) retrieved from /home/airflow/.local/lib/python3.7/site-packages/airflow/example_dags/example_short_circuit_decorator.py
[2023-09-04T12:46:46.910+0000] {logging_mixin.py:150} INFO - [2023-09-04T12:46:46.910+0000] {dag.py:2742} INFO - Sync 1 DAGs
[2023-09-04T12:46:46.975+0000] {logging_mixin.py:150} INFO - [2023-09-04T12:46:46.975+0000] {dag.py:3508} INFO - Setting next_dagrun for example_short_circuit_decorator to 2023-09-03T12:46:46.975039+00:00, run_after=2023-09-04T12:46:46.975039+00:00
[2023-09-04T12:46:47.022+0000] {processor.py:179} INFO - Processing /home/airflow/.local/lib/python3.7/site-packages/airflow/example_dags/example_short_circuit_decorator.py took 0.261 seconds
[2023-09-04T12:47:17.554+0000] {processor.py:157} INFO - Started process (PID=878) to work on /home/airflow/.local/lib/python3.7/site-packages/airflow/example_dags/example_short_circuit_decorator.py
[2023-09-04T12:47:17.566+0000] {processor.py:826} INFO - Processing file /home/airflow/.local/lib/python3.7/site-packages/airflow/example_dags/example_short_circuit_decorator.py for tasks to queue
[2023-09-04T12:47:17.574+0000] {logging_mixin.py:150} INFO - [2023-09-04T12:47:17.573+0000] {dagbag.py:541} INFO - Filling up the DagBag from /home/airflow/.local/lib/python3.7/site-packages/airflow/example_dags/example_short_circuit_decorator.py
[2023-09-04T12:47:17.625+0000] {processor.py:836} INFO - DAG(s) dict_keys(['example_short_circuit_decorator']) retrieved from /home/airflow/.local/lib/python3.7/site-packages/airflow/example_dags/example_short_circuit_decorator.py
[2023-09-04T12:47:17.719+0000] {logging_mixin.py:150} INFO - [2023-09-04T12:47:17.719+0000] {dag.py:2742} INFO - Sync 1 DAGs
[2023-09-04T12:47:17.800+0000] {logging_mixin.py:150} INFO - [2023-09-04T12:47:17.799+0000] {dag.py:3508} INFO - Setting next_dagrun for example_short_circuit_decorator to 2023-09-03T12:47:17.799367+00:00, run_after=2023-09-04T12:47:17.799367+00:00
[2023-09-04T12:47:17.882+0000] {processor.py:179} INFO - Processing /home/airflow/.local/lib/python3.7/site-packages/airflow/example_dags/example_short_circuit_decorator.py took 0.337 seconds
[2023-09-04T12:47:48.823+0000] {processor.py:157} INFO - Started process (PID=938) to work on /home/airflow/.local/lib/python3.7/site-packages/airflow/example_dags/example_short_circuit_decorator.py
[2023-09-04T12:47:48.825+0000] {processor.py:826} INFO - Processing file /home/airflow/.local/lib/python3.7/site-packages/airflow/example_dags/example_short_circuit_decorator.py for tasks to queue
[2023-09-04T12:47:48.828+0000] {logging_mixin.py:150} INFO - [2023-09-04T12:47:48.827+0000] {dagbag.py:541} INFO - Filling up the DagBag from /home/airflow/.local/lib/python3.7/site-packages/airflow/example_dags/example_short_circuit_decorator.py
[2023-09-04T12:47:48.858+0000] {processor.py:836} INFO - DAG(s) dict_keys(['example_short_circuit_decorator']) retrieved from /home/airflow/.local/lib/python3.7/site-packages/airflow/example_dags/example_short_circuit_decorator.py
[2023-09-04T12:47:48.930+0000] {logging_mixin.py:150} INFO - [2023-09-04T12:47:48.929+0000] {dag.py:2742} INFO - Sync 1 DAGs
[2023-09-04T12:47:48.998+0000] {logging_mixin.py:150} INFO - [2023-09-04T12:47:48.998+0000] {dag.py:3508} INFO - Setting next_dagrun for example_short_circuit_decorator to 2023-09-03T12:47:48.997458+00:00, run_after=2023-09-04T12:47:48.997458+00:00
[2023-09-04T12:47:49.060+0000] {processor.py:179} INFO - Processing /home/airflow/.local/lib/python3.7/site-packages/airflow/example_dags/example_short_circuit_decorator.py took 0.244 seconds
[2023-09-04T12:48:19.945+0000] {processor.py:157} INFO - Started process (PID=998) to work on /home/airflow/.local/lib/python3.7/site-packages/airflow/example_dags/example_short_circuit_decorator.py
[2023-09-04T12:48:19.956+0000] {processor.py:826} INFO - Processing file /home/airflow/.local/lib/python3.7/site-packages/airflow/example_dags/example_short_circuit_decorator.py for tasks to queue
[2023-09-04T12:48:19.959+0000] {logging_mixin.py:150} INFO - [2023-09-04T12:48:19.958+0000] {dagbag.py:541} INFO - Filling up the DagBag from /home/airflow/.local/lib/python3.7/site-packages/airflow/example_dags/example_short_circuit_decorator.py
[2023-09-04T12:48:20.022+0000] {processor.py:836} INFO - DAG(s) dict_keys(['example_short_circuit_decorator']) retrieved from /home/airflow/.local/lib/python3.7/site-packages/airflow/example_dags/example_short_circuit_decorator.py
[2023-09-04T12:48:20.199+0000] {logging_mixin.py:150} INFO - [2023-09-04T12:48:20.199+0000] {dag.py:2742} INFO - Sync 1 DAGs
[2023-09-04T12:48:20.418+0000] {logging_mixin.py:150} INFO - [2023-09-04T12:48:20.418+0000] {dag.py:3508} INFO - Setting next_dagrun for example_short_circuit_decorator to 2023-09-03T12:48:20.417757+00:00, run_after=2023-09-04T12:48:20.417757+00:00
[2023-09-04T12:48:20.526+0000] {processor.py:179} INFO - Processing /home/airflow/.local/lib/python3.7/site-packages/airflow/example_dags/example_short_circuit_decorator.py took 0.596 seconds
[2023-09-04T12:48:51.428+0000] {processor.py:157} INFO - Started process (PID=1058) to work on /home/airflow/.local/lib/python3.7/site-packages/airflow/example_dags/example_short_circuit_decorator.py
[2023-09-04T12:48:51.433+0000] {processor.py:826} INFO - Processing file /home/airflow/.local/lib/python3.7/site-packages/airflow/example_dags/example_short_circuit_decorator.py for tasks to queue
[2023-09-04T12:48:51.437+0000] {logging_mixin.py:150} INFO - [2023-09-04T12:48:51.436+0000] {dagbag.py:541} INFO - Filling up the DagBag from /home/airflow/.local/lib/python3.7/site-packages/airflow/example_dags/example_short_circuit_decorator.py
[2023-09-04T12:48:51.468+0000] {processor.py:836} INFO - DAG(s) dict_keys(['example_short_circuit_decorator']) retrieved from /home/airflow/.local/lib/python3.7/site-packages/airflow/example_dags/example_short_circuit_decorator.py
[2023-09-04T12:48:51.532+0000] {logging_mixin.py:150} INFO - [2023-09-04T12:48:51.532+0000] {dag.py:2742} INFO - Sync 1 DAGs
[2023-09-04T12:48:51.599+0000] {logging_mixin.py:150} INFO - [2023-09-04T12:48:51.599+0000] {dag.py:3508} INFO - Setting next_dagrun for example_short_circuit_decorator to 2023-09-03T12:48:51.598620+00:00, run_after=2023-09-04T12:48:51.598620+00:00
[2023-09-04T12:48:51.657+0000] {processor.py:179} INFO - Processing /home/airflow/.local/lib/python3.7/site-packages/airflow/example_dags/example_short_circuit_decorator.py took 0.239 seconds
[2023-09-04T12:49:21.922+0000] {processor.py:157} INFO - Started process (PID=1116) to work on /home/airflow/.local/lib/python3.7/site-packages/airflow/example_dags/example_short_circuit_decorator.py
[2023-09-04T12:49:21.924+0000] {processor.py:826} INFO - Processing file /home/airflow/.local/lib/python3.7/site-packages/airflow/example_dags/example_short_circuit_decorator.py for tasks to queue
[2023-09-04T12:49:21.937+0000] {logging_mixin.py:150} INFO - [2023-09-04T12:49:21.927+0000] {dagbag.py:541} INFO - Filling up the DagBag from /home/airflow/.local/lib/python3.7/site-packages/airflow/example_dags/example_short_circuit_decorator.py
[2023-09-04T12:49:21.995+0000] {processor.py:836} INFO - DAG(s) dict_keys(['example_short_circuit_decorator']) retrieved from /home/airflow/.local/lib/python3.7/site-packages/airflow/example_dags/example_short_circuit_decorator.py
[2023-09-04T12:49:22.100+0000] {logging_mixin.py:150} INFO - [2023-09-04T12:49:22.100+0000] {dag.py:2742} INFO - Sync 1 DAGs
[2023-09-04T12:49:22.188+0000] {logging_mixin.py:150} INFO - [2023-09-04T12:49:22.188+0000] {dag.py:3508} INFO - Setting next_dagrun for example_short_circuit_decorator to 2023-09-03T12:49:22.187784+00:00, run_after=2023-09-04T12:49:22.187784+00:00
[2023-09-04T12:49:22.237+0000] {processor.py:179} INFO - Processing /home/airflow/.local/lib/python3.7/site-packages/airflow/example_dags/example_short_circuit_decorator.py took 0.334 seconds
[2023-09-04T12:51:10.875+0000] {processor.py:157} INFO - Started process (PID=49) to work on /home/airflow/.local/lib/python3.7/site-packages/airflow/example_dags/example_short_circuit_decorator.py
[2023-09-04T12:51:10.877+0000] {processor.py:826} INFO - Processing file /home/airflow/.local/lib/python3.7/site-packages/airflow/example_dags/example_short_circuit_decorator.py for tasks to queue
[2023-09-04T12:51:10.895+0000] {logging_mixin.py:150} INFO - [2023-09-04T12:51:10.894+0000] {dagbag.py:541} INFO - Filling up the DagBag from /home/airflow/.local/lib/python3.7/site-packages/airflow/example_dags/example_short_circuit_decorator.py
[2023-09-04T12:51:10.967+0000] {processor.py:836} INFO - DAG(s) dict_keys(['example_short_circuit_decorator']) retrieved from /home/airflow/.local/lib/python3.7/site-packages/airflow/example_dags/example_short_circuit_decorator.py
[2023-09-04T12:51:11.249+0000] {logging_mixin.py:150} INFO - [2023-09-04T12:51:11.242+0000] {dag.py:2742} INFO - Sync 1 DAGs
[2023-09-04T12:51:11.515+0000] {logging_mixin.py:150} INFO - [2023-09-04T12:51:11.514+0000] {dag.py:3508} INFO - Setting next_dagrun for example_short_circuit_decorator to 2023-09-03T12:51:11.514466+00:00, run_after=2023-09-04T12:51:11.514466+00:00
[2023-09-04T12:51:11.640+0000] {processor.py:179} INFO - Processing /home/airflow/.local/lib/python3.7/site-packages/airflow/example_dags/example_short_circuit_decorator.py took 0.775 seconds
[2023-09-04T12:51:42.251+0000] {processor.py:157} INFO - Started process (PID=108) to work on /home/airflow/.local/lib/python3.7/site-packages/airflow/example_dags/example_short_circuit_decorator.py
[2023-09-04T12:51:42.254+0000] {processor.py:826} INFO - Processing file /home/airflow/.local/lib/python3.7/site-packages/airflow/example_dags/example_short_circuit_decorator.py for tasks to queue
[2023-09-04T12:51:42.256+0000] {logging_mixin.py:150} INFO - [2023-09-04T12:51:42.256+0000] {dagbag.py:541} INFO - Filling up the DagBag from /home/airflow/.local/lib/python3.7/site-packages/airflow/example_dags/example_short_circuit_decorator.py
[2023-09-04T12:51:42.294+0000] {processor.py:836} INFO - DAG(s) dict_keys(['example_short_circuit_decorator']) retrieved from /home/airflow/.local/lib/python3.7/site-packages/airflow/example_dags/example_short_circuit_decorator.py
[2023-09-04T12:51:42.415+0000] {logging_mixin.py:150} INFO - [2023-09-04T12:51:42.414+0000] {dag.py:2742} INFO - Sync 1 DAGs
[2023-09-04T12:51:42.509+0000] {logging_mixin.py:150} INFO - [2023-09-04T12:51:42.509+0000] {dag.py:3508} INFO - Setting next_dagrun for example_short_circuit_decorator to 2023-09-03T12:51:42.508611+00:00, run_after=2023-09-04T12:51:42.508611+00:00
[2023-09-04T12:51:42.565+0000] {processor.py:179} INFO - Processing /home/airflow/.local/lib/python3.7/site-packages/airflow/example_dags/example_short_circuit_decorator.py took 0.321 seconds
[2023-09-04T12:52:13.183+0000] {processor.py:157} INFO - Started process (PID=167) to work on /home/airflow/.local/lib/python3.7/site-packages/airflow/example_dags/example_short_circuit_decorator.py
[2023-09-04T12:52:13.185+0000] {processor.py:826} INFO - Processing file /home/airflow/.local/lib/python3.7/site-packages/airflow/example_dags/example_short_circuit_decorator.py for tasks to queue
[2023-09-04T12:52:13.187+0000] {logging_mixin.py:150} INFO - [2023-09-04T12:52:13.187+0000] {dagbag.py:541} INFO - Filling up the DagBag from /home/airflow/.local/lib/python3.7/site-packages/airflow/example_dags/example_short_circuit_decorator.py
[2023-09-04T12:52:13.210+0000] {processor.py:836} INFO - DAG(s) dict_keys(['example_short_circuit_decorator']) retrieved from /home/airflow/.local/lib/python3.7/site-packages/airflow/example_dags/example_short_circuit_decorator.py
[2023-09-04T12:52:13.261+0000] {logging_mixin.py:150} INFO - [2023-09-04T12:52:13.260+0000] {dag.py:2742} INFO - Sync 1 DAGs
[2023-09-04T12:52:13.303+0000] {logging_mixin.py:150} INFO - [2023-09-04T12:52:13.303+0000] {dag.py:3508} INFO - Setting next_dagrun for example_short_circuit_decorator to 2023-09-03T12:52:13.303109+00:00, run_after=2023-09-04T12:52:13.303109+00:00
[2023-09-04T12:52:13.342+0000] {processor.py:179} INFO - Processing /home/airflow/.local/lib/python3.7/site-packages/airflow/example_dags/example_short_circuit_decorator.py took 0.167 seconds
[2023-09-04T12:52:45.435+0000] {processor.py:157} INFO - Started process (PID=225) to work on /home/airflow/.local/lib/python3.7/site-packages/airflow/example_dags/example_short_circuit_decorator.py
[2023-09-04T12:52:45.442+0000] {processor.py:826} INFO - Processing file /home/airflow/.local/lib/python3.7/site-packages/airflow/example_dags/example_short_circuit_decorator.py for tasks to queue
[2023-09-04T12:52:45.448+0000] {logging_mixin.py:150} INFO - [2023-09-04T12:52:45.447+0000] {dagbag.py:541} INFO - Filling up the DagBag from /home/airflow/.local/lib/python3.7/site-packages/airflow/example_dags/example_short_circuit_decorator.py
[2023-09-04T12:52:45.516+0000] {processor.py:836} INFO - DAG(s) dict_keys(['example_short_circuit_decorator']) retrieved from /home/airflow/.local/lib/python3.7/site-packages/airflow/example_dags/example_short_circuit_decorator.py
[2023-09-04T12:52:45.745+0000] {logging_mixin.py:150} INFO - [2023-09-04T12:52:45.734+0000] {dag.py:2742} INFO - Sync 1 DAGs
[2023-09-04T12:52:45.941+0000] {logging_mixin.py:150} INFO - [2023-09-04T12:52:45.940+0000] {dag.py:3508} INFO - Setting next_dagrun for example_short_circuit_decorator to 2023-09-03T12:52:45.940201+00:00, run_after=2023-09-04T12:52:45.940201+00:00
[2023-09-04T12:52:46.068+0000] {processor.py:179} INFO - Processing /home/airflow/.local/lib/python3.7/site-packages/airflow/example_dags/example_short_circuit_decorator.py took 0.641 seconds
[2023-09-04T12:53:16.668+0000] {processor.py:157} INFO - Started process (PID=281) to work on /home/airflow/.local/lib/python3.7/site-packages/airflow/example_dags/example_short_circuit_decorator.py
[2023-09-04T12:53:16.672+0000] {processor.py:826} INFO - Processing file /home/airflow/.local/lib/python3.7/site-packages/airflow/example_dags/example_short_circuit_decorator.py for tasks to queue
[2023-09-04T12:53:16.680+0000] {logging_mixin.py:150} INFO - [2023-09-04T12:53:16.679+0000] {dagbag.py:541} INFO - Filling up the DagBag from /home/airflow/.local/lib/python3.7/site-packages/airflow/example_dags/example_short_circuit_decorator.py
[2023-09-04T12:53:16.735+0000] {processor.py:836} INFO - DAG(s) dict_keys(['example_short_circuit_decorator']) retrieved from /home/airflow/.local/lib/python3.7/site-packages/airflow/example_dags/example_short_circuit_decorator.py
[2023-09-04T12:53:16.867+0000] {logging_mixin.py:150} INFO - [2023-09-04T12:53:16.866+0000] {dag.py:2742} INFO - Sync 1 DAGs
[2023-09-04T12:53:16.963+0000] {logging_mixin.py:150} INFO - [2023-09-04T12:53:16.962+0000] {dag.py:3508} INFO - Setting next_dagrun for example_short_circuit_decorator to 2023-09-03T12:53:16.962292+00:00, run_after=2023-09-04T12:53:16.962292+00:00
[2023-09-04T12:53:17.026+0000] {processor.py:179} INFO - Processing /home/airflow/.local/lib/python3.7/site-packages/airflow/example_dags/example_short_circuit_decorator.py took 0.389 seconds
[2023-09-04T12:53:48.062+0000] {processor.py:157} INFO - Started process (PID=340) to work on /home/airflow/.local/lib/python3.7/site-packages/airflow/example_dags/example_short_circuit_decorator.py
[2023-09-04T12:53:48.083+0000] {processor.py:826} INFO - Processing file /home/airflow/.local/lib/python3.7/site-packages/airflow/example_dags/example_short_circuit_decorator.py for tasks to queue
[2023-09-04T12:53:48.093+0000] {logging_mixin.py:150} INFO - [2023-09-04T12:53:48.092+0000] {dagbag.py:541} INFO - Filling up the DagBag from /home/airflow/.local/lib/python3.7/site-packages/airflow/example_dags/example_short_circuit_decorator.py
[2023-09-04T12:53:48.224+0000] {processor.py:836} INFO - DAG(s) dict_keys(['example_short_circuit_decorator']) retrieved from /home/airflow/.local/lib/python3.7/site-packages/airflow/example_dags/example_short_circuit_decorator.py
[2023-09-04T12:53:48.473+0000] {logging_mixin.py:150} INFO - [2023-09-04T12:53:48.473+0000] {dag.py:2742} INFO - Sync 1 DAGs
[2023-09-04T12:53:48.693+0000] {logging_mixin.py:150} INFO - [2023-09-04T12:53:48.693+0000] {dag.py:3508} INFO - Setting next_dagrun for example_short_circuit_decorator to 2023-09-03T12:53:48.692846+00:00, run_after=2023-09-04T12:53:48.692846+00:00
[2023-09-04T12:53:49.042+0000] {processor.py:179} INFO - Processing /home/airflow/.local/lib/python3.7/site-packages/airflow/example_dags/example_short_circuit_decorator.py took 1.014 seconds
[2023-09-04T12:54:19.322+0000] {processor.py:157} INFO - Started process (PID=398) to work on /home/airflow/.local/lib/python3.7/site-packages/airflow/example_dags/example_short_circuit_decorator.py
[2023-09-04T12:54:19.334+0000] {processor.py:826} INFO - Processing file /home/airflow/.local/lib/python3.7/site-packages/airflow/example_dags/example_short_circuit_decorator.py for tasks to queue
[2023-09-04T12:54:19.337+0000] {logging_mixin.py:150} INFO - [2023-09-04T12:54:19.336+0000] {dagbag.py:541} INFO - Filling up the DagBag from /home/airflow/.local/lib/python3.7/site-packages/airflow/example_dags/example_short_circuit_decorator.py
[2023-09-04T12:54:19.379+0000] {processor.py:836} INFO - DAG(s) dict_keys(['example_short_circuit_decorator']) retrieved from /home/airflow/.local/lib/python3.7/site-packages/airflow/example_dags/example_short_circuit_decorator.py
[2023-09-04T12:54:19.450+0000] {logging_mixin.py:150} INFO - [2023-09-04T12:54:19.449+0000] {dag.py:2742} INFO - Sync 1 DAGs
[2023-09-04T12:54:19.514+0000] {logging_mixin.py:150} INFO - [2023-09-04T12:54:19.513+0000] {dag.py:3508} INFO - Setting next_dagrun for example_short_circuit_decorator to 2023-09-03T12:54:19.512647+00:00, run_after=2023-09-04T12:54:19.512647+00:00
[2023-09-04T12:54:19.574+0000] {processor.py:179} INFO - Processing /home/airflow/.local/lib/python3.7/site-packages/airflow/example_dags/example_short_circuit_decorator.py took 0.260 seconds
[2023-09-04T12:54:50.139+0000] {processor.py:157} INFO - Started process (PID=457) to work on /home/airflow/.local/lib/python3.7/site-packages/airflow/example_dags/example_short_circuit_decorator.py
[2023-09-04T12:54:50.151+0000] {processor.py:826} INFO - Processing file /home/airflow/.local/lib/python3.7/site-packages/airflow/example_dags/example_short_circuit_decorator.py for tasks to queue
[2023-09-04T12:54:50.154+0000] {logging_mixin.py:150} INFO - [2023-09-04T12:54:50.153+0000] {dagbag.py:541} INFO - Filling up the DagBag from /home/airflow/.local/lib/python3.7/site-packages/airflow/example_dags/example_short_circuit_decorator.py
[2023-09-04T12:54:50.176+0000] {processor.py:836} INFO - DAG(s) dict_keys(['example_short_circuit_decorator']) retrieved from /home/airflow/.local/lib/python3.7/site-packages/airflow/example_dags/example_short_circuit_decorator.py
[2023-09-04T12:54:50.234+0000] {logging_mixin.py:150} INFO - [2023-09-04T12:54:50.234+0000] {dag.py:2742} INFO - Sync 1 DAGs
[2023-09-04T12:54:50.300+0000] {logging_mixin.py:150} INFO - [2023-09-04T12:54:50.299+0000] {dag.py:3508} INFO - Setting next_dagrun for example_short_circuit_decorator to 2023-09-03T12:54:50.299499+00:00, run_after=2023-09-04T12:54:50.299499+00:00
[2023-09-04T12:54:50.340+0000] {processor.py:179} INFO - Processing /home/airflow/.local/lib/python3.7/site-packages/airflow/example_dags/example_short_circuit_decorator.py took 0.210 seconds
[2023-09-04T12:55:20.775+0000] {processor.py:157} INFO - Started process (PID=516) to work on /home/airflow/.local/lib/python3.7/site-packages/airflow/example_dags/example_short_circuit_decorator.py
[2023-09-04T12:55:20.778+0000] {processor.py:826} INFO - Processing file /home/airflow/.local/lib/python3.7/site-packages/airflow/example_dags/example_short_circuit_decorator.py for tasks to queue
[2023-09-04T12:55:20.781+0000] {logging_mixin.py:150} INFO - [2023-09-04T12:55:20.780+0000] {dagbag.py:541} INFO - Filling up the DagBag from /home/airflow/.local/lib/python3.7/site-packages/airflow/example_dags/example_short_circuit_decorator.py
[2023-09-04T12:55:20.834+0000] {processor.py:836} INFO - DAG(s) dict_keys(['example_short_circuit_decorator']) retrieved from /home/airflow/.local/lib/python3.7/site-packages/airflow/example_dags/example_short_circuit_decorator.py
[2023-09-04T12:55:21.062+0000] {logging_mixin.py:150} INFO - [2023-09-04T12:55:21.062+0000] {dag.py:2742} INFO - Sync 1 DAGs
[2023-09-04T12:55:21.144+0000] {logging_mixin.py:150} INFO - [2023-09-04T12:55:21.143+0000] {dag.py:3508} INFO - Setting next_dagrun for example_short_circuit_decorator to 2023-09-03T12:55:21.143114+00:00, run_after=2023-09-04T12:55:21.143114+00:00
[2023-09-04T12:55:21.197+0000] {processor.py:179} INFO - Processing /home/airflow/.local/lib/python3.7/site-packages/airflow/example_dags/example_short_circuit_decorator.py took 0.435 seconds
[2023-09-04T12:55:51.775+0000] {processor.py:157} INFO - Started process (PID=576) to work on /home/airflow/.local/lib/python3.7/site-packages/airflow/example_dags/example_short_circuit_decorator.py
[2023-09-04T12:55:51.791+0000] {processor.py:826} INFO - Processing file /home/airflow/.local/lib/python3.7/site-packages/airflow/example_dags/example_short_circuit_decorator.py for tasks to queue
[2023-09-04T12:55:51.797+0000] {logging_mixin.py:150} INFO - [2023-09-04T12:55:51.796+0000] {dagbag.py:541} INFO - Filling up the DagBag from /home/airflow/.local/lib/python3.7/site-packages/airflow/example_dags/example_short_circuit_decorator.py
[2023-09-04T12:55:51.880+0000] {processor.py:836} INFO - DAG(s) dict_keys(['example_short_circuit_decorator']) retrieved from /home/airflow/.local/lib/python3.7/site-packages/airflow/example_dags/example_short_circuit_decorator.py
[2023-09-04T12:55:52.136+0000] {logging_mixin.py:150} INFO - [2023-09-04T12:55:52.135+0000] {dag.py:2742} INFO - Sync 1 DAGs
[2023-09-04T12:55:52.373+0000] {logging_mixin.py:150} INFO - [2023-09-04T12:55:52.372+0000] {dag.py:3508} INFO - Setting next_dagrun for example_short_circuit_decorator to 2023-09-03T12:55:52.372089+00:00, run_after=2023-09-04T12:55:52.372089+00:00
[2023-09-04T12:55:52.481+0000] {processor.py:179} INFO - Processing /home/airflow/.local/lib/python3.7/site-packages/airflow/example_dags/example_short_circuit_decorator.py took 0.728 seconds
[2023-09-04T12:56:23.414+0000] {processor.py:157} INFO - Started process (PID=635) to work on /home/airflow/.local/lib/python3.7/site-packages/airflow/example_dags/example_short_circuit_decorator.py
[2023-09-04T12:56:23.420+0000] {processor.py:826} INFO - Processing file /home/airflow/.local/lib/python3.7/site-packages/airflow/example_dags/example_short_circuit_decorator.py for tasks to queue
[2023-09-04T12:56:23.423+0000] {logging_mixin.py:150} INFO - [2023-09-04T12:56:23.422+0000] {dagbag.py:541} INFO - Filling up the DagBag from /home/airflow/.local/lib/python3.7/site-packages/airflow/example_dags/example_short_circuit_decorator.py
[2023-09-04T12:56:23.447+0000] {processor.py:836} INFO - DAG(s) dict_keys(['example_short_circuit_decorator']) retrieved from /home/airflow/.local/lib/python3.7/site-packages/airflow/example_dags/example_short_circuit_decorator.py
[2023-09-04T12:56:23.503+0000] {logging_mixin.py:150} INFO - [2023-09-04T12:56:23.503+0000] {dag.py:2742} INFO - Sync 1 DAGs
[2023-09-04T12:56:23.566+0000] {logging_mixin.py:150} INFO - [2023-09-04T12:56:23.566+0000] {dag.py:3508} INFO - Setting next_dagrun for example_short_circuit_decorator to 2023-09-03T12:56:23.565648+00:00, run_after=2023-09-04T12:56:23.565648+00:00
[2023-09-04T12:56:23.629+0000] {processor.py:179} INFO - Processing /home/airflow/.local/lib/python3.7/site-packages/airflow/example_dags/example_short_circuit_decorator.py took 0.223 seconds
[2023-09-04T12:56:54.029+0000] {processor.py:157} INFO - Started process (PID=694) to work on /home/airflow/.local/lib/python3.7/site-packages/airflow/example_dags/example_short_circuit_decorator.py
[2023-09-04T12:56:54.031+0000] {processor.py:826} INFO - Processing file /home/airflow/.local/lib/python3.7/site-packages/airflow/example_dags/example_short_circuit_decorator.py for tasks to queue
[2023-09-04T12:56:54.033+0000] {logging_mixin.py:150} INFO - [2023-09-04T12:56:54.033+0000] {dagbag.py:541} INFO - Filling up the DagBag from /home/airflow/.local/lib/python3.7/site-packages/airflow/example_dags/example_short_circuit_decorator.py
[2023-09-04T12:56:54.057+0000] {processor.py:836} INFO - DAG(s) dict_keys(['example_short_circuit_decorator']) retrieved from /home/airflow/.local/lib/python3.7/site-packages/airflow/example_dags/example_short_circuit_decorator.py
[2023-09-04T12:56:54.106+0000] {logging_mixin.py:150} INFO - [2023-09-04T12:56:54.106+0000] {dag.py:2742} INFO - Sync 1 DAGs
[2023-09-04T12:56:54.153+0000] {logging_mixin.py:150} INFO - [2023-09-04T12:56:54.152+0000] {dag.py:3508} INFO - Setting next_dagrun for example_short_circuit_decorator to 2023-09-03T12:56:54.152591+00:00, run_after=2023-09-04T12:56:54.152591+00:00
[2023-09-04T12:56:54.223+0000] {processor.py:179} INFO - Processing /home/airflow/.local/lib/python3.7/site-packages/airflow/example_dags/example_short_circuit_decorator.py took 0.200 seconds
[2023-09-04T12:57:24.970+0000] {processor.py:157} INFO - Started process (PID=752) to work on /home/airflow/.local/lib/python3.7/site-packages/airflow/example_dags/example_short_circuit_decorator.py
[2023-09-04T12:57:24.972+0000] {processor.py:826} INFO - Processing file /home/airflow/.local/lib/python3.7/site-packages/airflow/example_dags/example_short_circuit_decorator.py for tasks to queue
[2023-09-04T12:57:24.973+0000] {logging_mixin.py:150} INFO - [2023-09-04T12:57:24.973+0000] {dagbag.py:541} INFO - Filling up the DagBag from /home/airflow/.local/lib/python3.7/site-packages/airflow/example_dags/example_short_circuit_decorator.py
[2023-09-04T12:57:25.009+0000] {processor.py:836} INFO - DAG(s) dict_keys(['example_short_circuit_decorator']) retrieved from /home/airflow/.local/lib/python3.7/site-packages/airflow/example_dags/example_short_circuit_decorator.py
[2023-09-04T12:57:25.082+0000] {logging_mixin.py:150} INFO - [2023-09-04T12:57:25.082+0000] {dag.py:2742} INFO - Sync 1 DAGs
[2023-09-04T12:57:25.175+0000] {logging_mixin.py:150} INFO - [2023-09-04T12:57:25.174+0000] {dag.py:3508} INFO - Setting next_dagrun for example_short_circuit_decorator to 2023-09-03T12:57:25.174158+00:00, run_after=2023-09-04T12:57:25.174158+00:00
[2023-09-04T12:57:25.226+0000] {processor.py:179} INFO - Processing /home/airflow/.local/lib/python3.7/site-packages/airflow/example_dags/example_short_circuit_decorator.py took 0.266 seconds
[2023-09-04T12:57:56.107+0000] {processor.py:157} INFO - Started process (PID=811) to work on /home/airflow/.local/lib/python3.7/site-packages/airflow/example_dags/example_short_circuit_decorator.py
[2023-09-04T12:57:56.110+0000] {processor.py:826} INFO - Processing file /home/airflow/.local/lib/python3.7/site-packages/airflow/example_dags/example_short_circuit_decorator.py for tasks to queue
[2023-09-04T12:57:56.112+0000] {logging_mixin.py:150} INFO - [2023-09-04T12:57:56.111+0000] {dagbag.py:541} INFO - Filling up the DagBag from /home/airflow/.local/lib/python3.7/site-packages/airflow/example_dags/example_short_circuit_decorator.py
[2023-09-04T12:57:56.134+0000] {processor.py:836} INFO - DAG(s) dict_keys(['example_short_circuit_decorator']) retrieved from /home/airflow/.local/lib/python3.7/site-packages/airflow/example_dags/example_short_circuit_decorator.py
[2023-09-04T12:57:56.210+0000] {logging_mixin.py:150} INFO - [2023-09-04T12:57:56.210+0000] {dag.py:2742} INFO - Sync 1 DAGs
[2023-09-04T12:57:56.298+0000] {logging_mixin.py:150} INFO - [2023-09-04T12:57:56.297+0000] {dag.py:3508} INFO - Setting next_dagrun for example_short_circuit_decorator to 2023-09-03T12:57:56.297127+00:00, run_after=2023-09-04T12:57:56.297127+00:00
[2023-09-04T12:57:56.371+0000] {processor.py:179} INFO - Processing /home/airflow/.local/lib/python3.7/site-packages/airflow/example_dags/example_short_circuit_decorator.py took 0.269 seconds
[2023-09-04T12:58:26.863+0000] {processor.py:157} INFO - Started process (PID=870) to work on /home/airflow/.local/lib/python3.7/site-packages/airflow/example_dags/example_short_circuit_decorator.py
[2023-09-04T12:58:26.866+0000] {processor.py:826} INFO - Processing file /home/airflow/.local/lib/python3.7/site-packages/airflow/example_dags/example_short_circuit_decorator.py for tasks to queue
[2023-09-04T12:58:26.869+0000] {logging_mixin.py:150} INFO - [2023-09-04T12:58:26.869+0000] {dagbag.py:541} INFO - Filling up the DagBag from /home/airflow/.local/lib/python3.7/site-packages/airflow/example_dags/example_short_circuit_decorator.py
[2023-09-04T12:58:26.894+0000] {processor.py:836} INFO - DAG(s) dict_keys(['example_short_circuit_decorator']) retrieved from /home/airflow/.local/lib/python3.7/site-packages/airflow/example_dags/example_short_circuit_decorator.py
[2023-09-04T12:58:26.966+0000] {logging_mixin.py:150} INFO - [2023-09-04T12:58:26.966+0000] {dag.py:2742} INFO - Sync 1 DAGs
[2023-09-04T12:58:27.023+0000] {logging_mixin.py:150} INFO - [2023-09-04T12:58:27.022+0000] {dag.py:3508} INFO - Setting next_dagrun for example_short_circuit_decorator to 2023-09-03T12:58:27.022240+00:00, run_after=2023-09-04T12:58:27.022240+00:00
[2023-09-04T12:58:27.066+0000] {processor.py:179} INFO - Processing /home/airflow/.local/lib/python3.7/site-packages/airflow/example_dags/example_short_circuit_decorator.py took 0.215 seconds
