[2023-09-04T12:39:39.473+0000] {processor.py:157} INFO - Started process (PID=92) to work on /home/airflow/.local/lib/python3.7/site-packages/airflow/example_dags/example_branch_python_dop_operator_3.py
[2023-09-04T12:39:39.486+0000] {processor.py:826} INFO - Processing file /home/airflow/.local/lib/python3.7/site-packages/airflow/example_dags/example_branch_python_dop_operator_3.py for tasks to queue
[2023-09-04T12:39:39.489+0000] {logging_mixin.py:150} INFO - [2023-09-04T12:39:39.488+0000] {dagbag.py:541} INFO - Filling up the DagBag from /home/airflow/.local/lib/python3.7/site-packages/airflow/example_dags/example_branch_python_dop_operator_3.py
[2023-09-04T12:39:39.562+0000] {processor.py:836} INFO - DAG(s) dict_keys(['example_branch_dop_operator_v3']) retrieved from /home/airflow/.local/lib/python3.7/site-packages/airflow/example_dags/example_branch_python_dop_operator_3.py
[2023-09-04T12:39:40.024+0000] {logging_mixin.py:150} INFO - [2023-09-04T12:39:40.023+0000] {dag.py:2742} INFO - Sync 1 DAGs
[2023-09-04T12:39:40.268+0000] {logging_mixin.py:150} INFO - [2023-09-04T12:39:40.267+0000] {dag.py:3508} INFO - Setting next_dagrun for example_branch_dop_operator_v3 to 2023-09-04T12:38:00+00:00, run_after=2023-09-04T12:39:00+00:00
[2023-09-04T12:39:40.391+0000] {processor.py:179} INFO - Processing /home/airflow/.local/lib/python3.7/site-packages/airflow/example_dags/example_branch_python_dop_operator_3.py took 0.928 seconds
[2023-09-04T12:40:12.347+0000] {processor.py:157} INFO - Started process (PID=150) to work on /home/airflow/.local/lib/python3.7/site-packages/airflow/example_dags/example_branch_python_dop_operator_3.py
[2023-09-04T12:40:12.350+0000] {processor.py:826} INFO - Processing file /home/airflow/.local/lib/python3.7/site-packages/airflow/example_dags/example_branch_python_dop_operator_3.py for tasks to queue
[2023-09-04T12:40:12.353+0000] {logging_mixin.py:150} INFO - [2023-09-04T12:40:12.353+0000] {dagbag.py:541} INFO - Filling up the DagBag from /home/airflow/.local/lib/python3.7/site-packages/airflow/example_dags/example_branch_python_dop_operator_3.py
[2023-09-04T12:40:12.449+0000] {processor.py:836} INFO - DAG(s) dict_keys(['example_branch_dop_operator_v3']) retrieved from /home/airflow/.local/lib/python3.7/site-packages/airflow/example_dags/example_branch_python_dop_operator_3.py
[2023-09-04T12:40:12.706+0000] {logging_mixin.py:150} INFO - [2023-09-04T12:40:12.706+0000] {dag.py:2742} INFO - Sync 1 DAGs
[2023-09-04T12:40:12.917+0000] {logging_mixin.py:150} INFO - [2023-09-04T12:40:12.917+0000] {dag.py:3508} INFO - Setting next_dagrun for example_branch_dop_operator_v3 to 2023-09-04T12:39:00+00:00, run_after=2023-09-04T12:40:00+00:00
[2023-09-04T12:40:13.031+0000] {processor.py:179} INFO - Processing /home/airflow/.local/lib/python3.7/site-packages/airflow/example_dags/example_branch_python_dop_operator_3.py took 0.701 seconds
[2023-09-04T12:40:49.121+0000] {processor.py:157} INFO - Started process (PID=215) to work on /home/airflow/.local/lib/python3.7/site-packages/airflow/example_dags/example_branch_python_dop_operator_3.py
[2023-09-04T12:40:49.164+0000] {processor.py:826} INFO - Processing file /home/airflow/.local/lib/python3.7/site-packages/airflow/example_dags/example_branch_python_dop_operator_3.py for tasks to queue
[2023-09-04T12:40:49.190+0000] {logging_mixin.py:150} INFO - [2023-09-04T12:40:49.174+0000] {dagbag.py:541} INFO - Filling up the DagBag from /home/airflow/.local/lib/python3.7/site-packages/airflow/example_dags/example_branch_python_dop_operator_3.py
[2023-09-04T12:40:49.292+0000] {processor.py:836} INFO - DAG(s) dict_keys(['example_branch_dop_operator_v3']) retrieved from /home/airflow/.local/lib/python3.7/site-packages/airflow/example_dags/example_branch_python_dop_operator_3.py
[2023-09-04T12:40:49.587+0000] {logging_mixin.py:150} INFO - [2023-09-04T12:40:49.586+0000] {dag.py:2742} INFO - Sync 1 DAGs
[2023-09-04T12:40:49.940+0000] {logging_mixin.py:150} INFO - [2023-09-04T12:40:49.939+0000] {dag.py:3508} INFO - Setting next_dagrun for example_branch_dop_operator_v3 to 2023-09-04T12:39:00+00:00, run_after=2023-09-04T12:40:00+00:00
[2023-09-04T12:40:50.096+0000] {processor.py:179} INFO - Processing /home/airflow/.local/lib/python3.7/site-packages/airflow/example_dags/example_branch_python_dop_operator_3.py took 0.985 seconds
[2023-09-04T12:41:23.658+0000] {processor.py:157} INFO - Started process (PID=272) to work on /home/airflow/.local/lib/python3.7/site-packages/airflow/example_dags/example_branch_python_dop_operator_3.py
[2023-09-04T12:41:23.662+0000] {processor.py:826} INFO - Processing file /home/airflow/.local/lib/python3.7/site-packages/airflow/example_dags/example_branch_python_dop_operator_3.py for tasks to queue
[2023-09-04T12:41:23.675+0000] {logging_mixin.py:150} INFO - [2023-09-04T12:41:23.675+0000] {dagbag.py:541} INFO - Filling up the DagBag from /home/airflow/.local/lib/python3.7/site-packages/airflow/example_dags/example_branch_python_dop_operator_3.py
[2023-09-04T12:41:23.758+0000] {processor.py:836} INFO - DAG(s) dict_keys(['example_branch_dop_operator_v3']) retrieved from /home/airflow/.local/lib/python3.7/site-packages/airflow/example_dags/example_branch_python_dop_operator_3.py
[2023-09-04T12:41:24.094+0000] {logging_mixin.py:150} INFO - [2023-09-04T12:41:24.093+0000] {dag.py:2742} INFO - Sync 1 DAGs
[2023-09-04T12:41:24.474+0000] {logging_mixin.py:150} INFO - [2023-09-04T12:41:24.473+0000] {dag.py:3508} INFO - Setting next_dagrun for example_branch_dop_operator_v3 to 2023-09-04T12:40:00+00:00, run_after=2023-09-04T12:41:00+00:00
[2023-09-04T12:41:24.804+0000] {processor.py:179} INFO - Processing /home/airflow/.local/lib/python3.7/site-packages/airflow/example_dags/example_branch_python_dop_operator_3.py took 1.178 seconds
[2023-09-04T12:42:04.192+0000] {processor.py:157} INFO - Started process (PID=336) to work on /home/airflow/.local/lib/python3.7/site-packages/airflow/example_dags/example_branch_python_dop_operator_3.py
[2023-09-04T12:42:04.224+0000] {processor.py:826} INFO - Processing file /home/airflow/.local/lib/python3.7/site-packages/airflow/example_dags/example_branch_python_dop_operator_3.py for tasks to queue
[2023-09-04T12:42:04.273+0000] {logging_mixin.py:150} INFO - [2023-09-04T12:42:04.272+0000] {dagbag.py:541} INFO - Filling up the DagBag from /home/airflow/.local/lib/python3.7/site-packages/airflow/example_dags/example_branch_python_dop_operator_3.py
[2023-09-04T12:42:04.439+0000] {processor.py:836} INFO - DAG(s) dict_keys(['example_branch_dop_operator_v3']) retrieved from /home/airflow/.local/lib/python3.7/site-packages/airflow/example_dags/example_branch_python_dop_operator_3.py
[2023-09-04T12:42:04.675+0000] {logging_mixin.py:150} INFO - [2023-09-04T12:42:04.674+0000] {dag.py:2742} INFO - Sync 1 DAGs
[2023-09-04T12:42:05.014+0000] {logging_mixin.py:150} INFO - [2023-09-04T12:42:05.014+0000] {dag.py:3508} INFO - Setting next_dagrun for example_branch_dop_operator_v3 to 2023-09-04T12:41:00+00:00, run_after=2023-09-04T12:42:00+00:00
[2023-09-04T12:42:05.225+0000] {processor.py:179} INFO - Processing /home/airflow/.local/lib/python3.7/site-packages/airflow/example_dags/example_branch_python_dop_operator_3.py took 1.081 seconds
[2023-09-04T12:42:47.082+0000] {processor.py:157} INFO - Started process (PID=397) to work on /home/airflow/.local/lib/python3.7/site-packages/airflow/example_dags/example_branch_python_dop_operator_3.py
[2023-09-04T12:42:47.099+0000] {processor.py:826} INFO - Processing file /home/airflow/.local/lib/python3.7/site-packages/airflow/example_dags/example_branch_python_dop_operator_3.py for tasks to queue
[2023-09-04T12:42:47.120+0000] {logging_mixin.py:150} INFO - [2023-09-04T12:42:47.119+0000] {dagbag.py:541} INFO - Filling up the DagBag from /home/airflow/.local/lib/python3.7/site-packages/airflow/example_dags/example_branch_python_dop_operator_3.py
[2023-09-04T12:42:47.252+0000] {processor.py:836} INFO - DAG(s) dict_keys(['example_branch_dop_operator_v3']) retrieved from /home/airflow/.local/lib/python3.7/site-packages/airflow/example_dags/example_branch_python_dop_operator_3.py
[2023-09-04T12:42:47.493+0000] {logging_mixin.py:150} INFO - [2023-09-04T12:42:47.492+0000] {dag.py:2742} INFO - Sync 1 DAGs
[2023-09-04T12:42:47.970+0000] {logging_mixin.py:150} INFO - [2023-09-04T12:42:47.970+0000] {dag.py:3508} INFO - Setting next_dagrun for example_branch_dop_operator_v3 to 2023-09-04T12:41:00+00:00, run_after=2023-09-04T12:42:00+00:00
[2023-09-04T12:42:48.194+0000] {processor.py:179} INFO - Processing /home/airflow/.local/lib/python3.7/site-packages/airflow/example_dags/example_branch_python_dop_operator_3.py took 1.144 seconds
[2023-09-04T12:43:19.191+0000] {processor.py:157} INFO - Started process (PID=455) to work on /home/airflow/.local/lib/python3.7/site-packages/airflow/example_dags/example_branch_python_dop_operator_3.py
[2023-09-04T12:43:19.194+0000] {processor.py:826} INFO - Processing file /home/airflow/.local/lib/python3.7/site-packages/airflow/example_dags/example_branch_python_dop_operator_3.py for tasks to queue
[2023-09-04T12:43:19.206+0000] {logging_mixin.py:150} INFO - [2023-09-04T12:43:19.205+0000] {dagbag.py:541} INFO - Filling up the DagBag from /home/airflow/.local/lib/python3.7/site-packages/airflow/example_dags/example_branch_python_dop_operator_3.py
[2023-09-04T12:43:19.272+0000] {processor.py:836} INFO - DAG(s) dict_keys(['example_branch_dop_operator_v3']) retrieved from /home/airflow/.local/lib/python3.7/site-packages/airflow/example_dags/example_branch_python_dop_operator_3.py
[2023-09-04T12:43:19.459+0000] {logging_mixin.py:150} INFO - [2023-09-04T12:43:19.458+0000] {dag.py:2742} INFO - Sync 1 DAGs
[2023-09-04T12:43:19.713+0000] {logging_mixin.py:150} INFO - [2023-09-04T12:43:19.713+0000] {dag.py:3508} INFO - Setting next_dagrun for example_branch_dop_operator_v3 to 2023-09-04T12:42:00+00:00, run_after=2023-09-04T12:43:00+00:00
[2023-09-04T12:43:19.867+0000] {processor.py:179} INFO - Processing /home/airflow/.local/lib/python3.7/site-packages/airflow/example_dags/example_branch_python_dop_operator_3.py took 0.696 seconds
[2023-09-04T12:43:55.390+0000] {processor.py:157} INFO - Started process (PID=510) to work on /home/airflow/.local/lib/python3.7/site-packages/airflow/example_dags/example_branch_python_dop_operator_3.py
[2023-09-04T12:43:55.409+0000] {processor.py:826} INFO - Processing file /home/airflow/.local/lib/python3.7/site-packages/airflow/example_dags/example_branch_python_dop_operator_3.py for tasks to queue
[2023-09-04T12:43:55.435+0000] {logging_mixin.py:150} INFO - [2023-09-04T12:43:55.434+0000] {dagbag.py:541} INFO - Filling up the DagBag from /home/airflow/.local/lib/python3.7/site-packages/airflow/example_dags/example_branch_python_dop_operator_3.py
[2023-09-04T12:43:55.506+0000] {processor.py:836} INFO - DAG(s) dict_keys(['example_branch_dop_operator_v3']) retrieved from /home/airflow/.local/lib/python3.7/site-packages/airflow/example_dags/example_branch_python_dop_operator_3.py
[2023-09-04T12:43:55.655+0000] {logging_mixin.py:150} INFO - [2023-09-04T12:43:55.655+0000] {dag.py:2742} INFO - Sync 1 DAGs
[2023-09-04T12:43:55.911+0000] {logging_mixin.py:150} INFO - [2023-09-04T12:43:55.910+0000] {dag.py:3508} INFO - Setting next_dagrun for example_branch_dop_operator_v3 to 2023-09-04T12:42:00+00:00, run_after=2023-09-04T12:43:00+00:00
[2023-09-04T12:43:56.086+0000] {processor.py:179} INFO - Processing /home/airflow/.local/lib/python3.7/site-packages/airflow/example_dags/example_branch_python_dop_operator_3.py took 0.715 seconds
[2023-09-04T12:44:26.711+0000] {processor.py:157} INFO - Started process (PID=569) to work on /home/airflow/.local/lib/python3.7/site-packages/airflow/example_dags/example_branch_python_dop_operator_3.py
[2023-09-04T12:44:26.715+0000] {processor.py:826} INFO - Processing file /home/airflow/.local/lib/python3.7/site-packages/airflow/example_dags/example_branch_python_dop_operator_3.py for tasks to queue
[2023-09-04T12:44:26.724+0000] {logging_mixin.py:150} INFO - [2023-09-04T12:44:26.724+0000] {dagbag.py:541} INFO - Filling up the DagBag from /home/airflow/.local/lib/python3.7/site-packages/airflow/example_dags/example_branch_python_dop_operator_3.py
[2023-09-04T12:44:26.766+0000] {processor.py:836} INFO - DAG(s) dict_keys(['example_branch_dop_operator_v3']) retrieved from /home/airflow/.local/lib/python3.7/site-packages/airflow/example_dags/example_branch_python_dop_operator_3.py
[2023-09-04T12:44:26.841+0000] {logging_mixin.py:150} INFO - [2023-09-04T12:44:26.840+0000] {dag.py:2742} INFO - Sync 1 DAGs
[2023-09-04T12:44:26.950+0000] {logging_mixin.py:150} INFO - [2023-09-04T12:44:26.949+0000] {dag.py:3508} INFO - Setting next_dagrun for example_branch_dop_operator_v3 to 2023-09-04T12:43:00+00:00, run_after=2023-09-04T12:44:00+00:00
[2023-09-04T12:44:27.016+0000] {processor.py:179} INFO - Processing /home/airflow/.local/lib/python3.7/site-packages/airflow/example_dags/example_branch_python_dop_operator_3.py took 0.312 seconds
[2023-09-04T12:45:09.686+0000] {processor.py:157} INFO - Started process (PID=630) to work on /home/airflow/.local/lib/python3.7/site-packages/airflow/example_dags/example_branch_python_dop_operator_3.py
[2023-09-04T12:45:09.699+0000] {processor.py:826} INFO - Processing file /home/airflow/.local/lib/python3.7/site-packages/airflow/example_dags/example_branch_python_dop_operator_3.py for tasks to queue
[2023-09-04T12:45:09.714+0000] {logging_mixin.py:150} INFO - [2023-09-04T12:45:09.713+0000] {dagbag.py:541} INFO - Filling up the DagBag from /home/airflow/.local/lib/python3.7/site-packages/airflow/example_dags/example_branch_python_dop_operator_3.py
[2023-09-04T12:45:09.748+0000] {processor.py:836} INFO - DAG(s) dict_keys(['example_branch_dop_operator_v3']) retrieved from /home/airflow/.local/lib/python3.7/site-packages/airflow/example_dags/example_branch_python_dop_operator_3.py
[2023-09-04T12:45:09.956+0000] {logging_mixin.py:150} INFO - [2023-09-04T12:45:09.956+0000] {dag.py:2742} INFO - Sync 1 DAGs
[2023-09-04T12:45:10.085+0000] {logging_mixin.py:150} INFO - [2023-09-04T12:45:10.085+0000] {dag.py:3508} INFO - Setting next_dagrun for example_branch_dop_operator_v3 to 2023-09-04T12:44:00+00:00, run_after=2023-09-04T12:45:00+00:00
[2023-09-04T12:45:10.141+0000] {processor.py:179} INFO - Processing /home/airflow/.local/lib/python3.7/site-packages/airflow/example_dags/example_branch_python_dop_operator_3.py took 0.462 seconds
[2023-09-04T12:45:40.871+0000] {processor.py:157} INFO - Started process (PID=690) to work on /home/airflow/.local/lib/python3.7/site-packages/airflow/example_dags/example_branch_python_dop_operator_3.py
[2023-09-04T12:45:40.887+0000] {processor.py:826} INFO - Processing file /home/airflow/.local/lib/python3.7/site-packages/airflow/example_dags/example_branch_python_dop_operator_3.py for tasks to queue
[2023-09-04T12:45:40.897+0000] {logging_mixin.py:150} INFO - [2023-09-04T12:45:40.896+0000] {dagbag.py:541} INFO - Filling up the DagBag from /home/airflow/.local/lib/python3.7/site-packages/airflow/example_dags/example_branch_python_dop_operator_3.py
[2023-09-04T12:45:40.938+0000] {processor.py:836} INFO - DAG(s) dict_keys(['example_branch_dop_operator_v3']) retrieved from /home/airflow/.local/lib/python3.7/site-packages/airflow/example_dags/example_branch_python_dop_operator_3.py
[2023-09-04T12:45:41.045+0000] {logging_mixin.py:150} INFO - [2023-09-04T12:45:41.044+0000] {dag.py:2742} INFO - Sync 1 DAGs
[2023-09-04T12:45:41.179+0000] {logging_mixin.py:150} INFO - [2023-09-04T12:45:41.179+0000] {dag.py:3508} INFO - Setting next_dagrun for example_branch_dop_operator_v3 to 2023-09-04T12:44:00+00:00, run_after=2023-09-04T12:45:00+00:00
[2023-09-04T12:45:41.238+0000] {processor.py:179} INFO - Processing /home/airflow/.local/lib/python3.7/site-packages/airflow/example_dags/example_branch_python_dop_operator_3.py took 0.406 seconds
[2023-09-04T12:46:11.741+0000] {processor.py:157} INFO - Started process (PID=750) to work on /home/airflow/.local/lib/python3.7/site-packages/airflow/example_dags/example_branch_python_dop_operator_3.py
[2023-09-04T12:46:11.743+0000] {processor.py:826} INFO - Processing file /home/airflow/.local/lib/python3.7/site-packages/airflow/example_dags/example_branch_python_dop_operator_3.py for tasks to queue
[2023-09-04T12:46:11.745+0000] {logging_mixin.py:150} INFO - [2023-09-04T12:46:11.745+0000] {dagbag.py:541} INFO - Filling up the DagBag from /home/airflow/.local/lib/python3.7/site-packages/airflow/example_dags/example_branch_python_dop_operator_3.py
[2023-09-04T12:46:11.766+0000] {processor.py:836} INFO - DAG(s) dict_keys(['example_branch_dop_operator_v3']) retrieved from /home/airflow/.local/lib/python3.7/site-packages/airflow/example_dags/example_branch_python_dop_operator_3.py
[2023-09-04T12:46:11.827+0000] {logging_mixin.py:150} INFO - [2023-09-04T12:46:11.827+0000] {dag.py:2742} INFO - Sync 1 DAGs
[2023-09-04T12:46:11.923+0000] {logging_mixin.py:150} INFO - [2023-09-04T12:46:11.922+0000] {dag.py:3508} INFO - Setting next_dagrun for example_branch_dop_operator_v3 to 2023-09-04T12:45:00+00:00, run_after=2023-09-04T12:46:00+00:00
[2023-09-04T12:46:11.985+0000] {processor.py:179} INFO - Processing /home/airflow/.local/lib/python3.7/site-packages/airflow/example_dags/example_branch_python_dop_operator_3.py took 0.252 seconds
[2023-09-04T12:46:42.524+0000] {processor.py:157} INFO - Started process (PID=809) to work on /home/airflow/.local/lib/python3.7/site-packages/airflow/example_dags/example_branch_python_dop_operator_3.py
[2023-09-04T12:46:42.527+0000] {processor.py:826} INFO - Processing file /home/airflow/.local/lib/python3.7/site-packages/airflow/example_dags/example_branch_python_dop_operator_3.py for tasks to queue
[2023-09-04T12:46:42.529+0000] {logging_mixin.py:150} INFO - [2023-09-04T12:46:42.528+0000] {dagbag.py:541} INFO - Filling up the DagBag from /home/airflow/.local/lib/python3.7/site-packages/airflow/example_dags/example_branch_python_dop_operator_3.py
[2023-09-04T12:46:42.548+0000] {processor.py:836} INFO - DAG(s) dict_keys(['example_branch_dop_operator_v3']) retrieved from /home/airflow/.local/lib/python3.7/site-packages/airflow/example_dags/example_branch_python_dop_operator_3.py
[2023-09-04T12:46:42.592+0000] {logging_mixin.py:150} INFO - [2023-09-04T12:46:42.592+0000] {dag.py:2742} INFO - Sync 1 DAGs
[2023-09-04T12:46:42.664+0000] {logging_mixin.py:150} INFO - [2023-09-04T12:46:42.664+0000] {dag.py:3508} INFO - Setting next_dagrun for example_branch_dop_operator_v3 to 2023-09-04T12:45:00+00:00, run_after=2023-09-04T12:46:00+00:00
[2023-09-04T12:46:42.708+0000] {processor.py:179} INFO - Processing /home/airflow/.local/lib/python3.7/site-packages/airflow/example_dags/example_branch_python_dop_operator_3.py took 0.190 seconds
[2023-09-04T12:47:13.319+0000] {processor.py:157} INFO - Started process (PID=868) to work on /home/airflow/.local/lib/python3.7/site-packages/airflow/example_dags/example_branch_python_dop_operator_3.py
[2023-09-04T12:47:13.321+0000] {processor.py:826} INFO - Processing file /home/airflow/.local/lib/python3.7/site-packages/airflow/example_dags/example_branch_python_dop_operator_3.py for tasks to queue
[2023-09-04T12:47:13.324+0000] {logging_mixin.py:150} INFO - [2023-09-04T12:47:13.324+0000] {dagbag.py:541} INFO - Filling up the DagBag from /home/airflow/.local/lib/python3.7/site-packages/airflow/example_dags/example_branch_python_dop_operator_3.py
[2023-09-04T12:47:13.347+0000] {processor.py:836} INFO - DAG(s) dict_keys(['example_branch_dop_operator_v3']) retrieved from /home/airflow/.local/lib/python3.7/site-packages/airflow/example_dags/example_branch_python_dop_operator_3.py
[2023-09-04T12:47:13.415+0000] {logging_mixin.py:150} INFO - [2023-09-04T12:47:13.414+0000] {dag.py:2742} INFO - Sync 1 DAGs
[2023-09-04T12:47:13.497+0000] {logging_mixin.py:150} INFO - [2023-09-04T12:47:13.497+0000] {dag.py:3508} INFO - Setting next_dagrun for example_branch_dop_operator_v3 to 2023-09-04T12:46:00+00:00, run_after=2023-09-04T12:47:00+00:00
[2023-09-04T12:47:13.545+0000] {processor.py:179} INFO - Processing /home/airflow/.local/lib/python3.7/site-packages/airflow/example_dags/example_branch_python_dop_operator_3.py took 0.238 seconds
[2023-09-04T12:47:44.188+0000] {processor.py:157} INFO - Started process (PID=928) to work on /home/airflow/.local/lib/python3.7/site-packages/airflow/example_dags/example_branch_python_dop_operator_3.py
[2023-09-04T12:47:44.191+0000] {processor.py:826} INFO - Processing file /home/airflow/.local/lib/python3.7/site-packages/airflow/example_dags/example_branch_python_dop_operator_3.py for tasks to queue
[2023-09-04T12:47:44.198+0000] {logging_mixin.py:150} INFO - [2023-09-04T12:47:44.198+0000] {dagbag.py:541} INFO - Filling up the DagBag from /home/airflow/.local/lib/python3.7/site-packages/airflow/example_dags/example_branch_python_dop_operator_3.py
[2023-09-04T12:47:44.227+0000] {processor.py:836} INFO - DAG(s) dict_keys(['example_branch_dop_operator_v3']) retrieved from /home/airflow/.local/lib/python3.7/site-packages/airflow/example_dags/example_branch_python_dop_operator_3.py
[2023-09-04T12:47:44.278+0000] {logging_mixin.py:150} INFO - [2023-09-04T12:47:44.277+0000] {dag.py:2742} INFO - Sync 1 DAGs
[2023-09-04T12:47:44.371+0000] {logging_mixin.py:150} INFO - [2023-09-04T12:47:44.370+0000] {dag.py:3508} INFO - Setting next_dagrun for example_branch_dop_operator_v3 to 2023-09-04T12:46:00+00:00, run_after=2023-09-04T12:47:00+00:00
[2023-09-04T12:47:44.445+0000] {processor.py:179} INFO - Processing /home/airflow/.local/lib/python3.7/site-packages/airflow/example_dags/example_branch_python_dop_operator_3.py took 0.264 seconds
[2023-09-04T12:48:15.378+0000] {processor.py:157} INFO - Started process (PID=988) to work on /home/airflow/.local/lib/python3.7/site-packages/airflow/example_dags/example_branch_python_dop_operator_3.py
[2023-09-04T12:48:15.383+0000] {processor.py:826} INFO - Processing file /home/airflow/.local/lib/python3.7/site-packages/airflow/example_dags/example_branch_python_dop_operator_3.py for tasks to queue
[2023-09-04T12:48:15.385+0000] {logging_mixin.py:150} INFO - [2023-09-04T12:48:15.385+0000] {dagbag.py:541} INFO - Filling up the DagBag from /home/airflow/.local/lib/python3.7/site-packages/airflow/example_dags/example_branch_python_dop_operator_3.py
[2023-09-04T12:48:15.407+0000] {processor.py:836} INFO - DAG(s) dict_keys(['example_branch_dop_operator_v3']) retrieved from /home/airflow/.local/lib/python3.7/site-packages/airflow/example_dags/example_branch_python_dop_operator_3.py
[2023-09-04T12:48:15.485+0000] {logging_mixin.py:150} INFO - [2023-09-04T12:48:15.484+0000] {dag.py:2742} INFO - Sync 1 DAGs
[2023-09-04T12:48:15.568+0000] {logging_mixin.py:150} INFO - [2023-09-04T12:48:15.568+0000] {dag.py:3508} INFO - Setting next_dagrun for example_branch_dop_operator_v3 to 2023-09-04T12:47:00+00:00, run_after=2023-09-04T12:48:00+00:00
[2023-09-04T12:48:15.627+0000] {processor.py:179} INFO - Processing /home/airflow/.local/lib/python3.7/site-packages/airflow/example_dags/example_branch_python_dop_operator_3.py took 0.258 seconds
[2023-09-04T12:48:48.248+0000] {processor.py:157} INFO - Started process (PID=1048) to work on /home/airflow/.local/lib/python3.7/site-packages/airflow/example_dags/example_branch_python_dop_operator_3.py
[2023-09-04T12:48:48.327+0000] {processor.py:826} INFO - Processing file /home/airflow/.local/lib/python3.7/site-packages/airflow/example_dags/example_branch_python_dop_operator_3.py for tasks to queue
[2023-09-04T12:48:48.399+0000] {logging_mixin.py:150} INFO - [2023-09-04T12:48:48.398+0000] {dagbag.py:541} INFO - Filling up the DagBag from /home/airflow/.local/lib/python3.7/site-packages/airflow/example_dags/example_branch_python_dop_operator_3.py
[2023-09-04T12:48:48.519+0000] {processor.py:836} INFO - DAG(s) dict_keys(['example_branch_dop_operator_v3']) retrieved from /home/airflow/.local/lib/python3.7/site-packages/airflow/example_dags/example_branch_python_dop_operator_3.py
[2023-09-04T12:48:48.664+0000] {logging_mixin.py:150} INFO - [2023-09-04T12:48:48.664+0000] {dag.py:2742} INFO - Sync 1 DAGs
[2023-09-04T12:48:48.923+0000] {logging_mixin.py:150} INFO - [2023-09-04T12:48:48.923+0000] {dag.py:3508} INFO - Setting next_dagrun for example_branch_dop_operator_v3 to 2023-09-04T12:47:00+00:00, run_after=2023-09-04T12:48:00+00:00
[2023-09-04T12:48:49.070+0000] {processor.py:179} INFO - Processing /home/airflow/.local/lib/python3.7/site-packages/airflow/example_dags/example_branch_python_dop_operator_3.py took 0.838 seconds
[2023-09-04T12:49:19.799+0000] {processor.py:157} INFO - Started process (PID=1107) to work on /home/airflow/.local/lib/python3.7/site-packages/airflow/example_dags/example_branch_python_dop_operator_3.py
[2023-09-04T12:49:19.801+0000] {processor.py:826} INFO - Processing file /home/airflow/.local/lib/python3.7/site-packages/airflow/example_dags/example_branch_python_dop_operator_3.py for tasks to queue
[2023-09-04T12:49:19.805+0000] {logging_mixin.py:150} INFO - [2023-09-04T12:49:19.804+0000] {dagbag.py:541} INFO - Filling up the DagBag from /home/airflow/.local/lib/python3.7/site-packages/airflow/example_dags/example_branch_python_dop_operator_3.py
[2023-09-04T12:49:19.846+0000] {processor.py:836} INFO - DAG(s) dict_keys(['example_branch_dop_operator_v3']) retrieved from /home/airflow/.local/lib/python3.7/site-packages/airflow/example_dags/example_branch_python_dop_operator_3.py
[2023-09-04T12:49:19.939+0000] {logging_mixin.py:150} INFO - [2023-09-04T12:49:19.939+0000] {dag.py:2742} INFO - Sync 1 DAGs
[2023-09-04T12:49:20.015+0000] {logging_mixin.py:150} INFO - [2023-09-04T12:49:20.015+0000] {dag.py:3508} INFO - Setting next_dagrun for example_branch_dop_operator_v3 to 2023-09-04T12:48:00+00:00, run_after=2023-09-04T12:49:00+00:00
[2023-09-04T12:49:20.070+0000] {processor.py:179} INFO - Processing /home/airflow/.local/lib/python3.7/site-packages/airflow/example_dags/example_branch_python_dop_operator_3.py took 0.280 seconds
[2023-09-04T12:51:26.620+0000] {processor.py:157} INFO - Started process (PID=76) to work on /home/airflow/.local/lib/python3.7/site-packages/airflow/example_dags/example_branch_python_dop_operator_3.py
[2023-09-04T12:51:26.622+0000] {processor.py:826} INFO - Processing file /home/airflow/.local/lib/python3.7/site-packages/airflow/example_dags/example_branch_python_dop_operator_3.py for tasks to queue
[2023-09-04T12:51:26.624+0000] {logging_mixin.py:150} INFO - [2023-09-04T12:51:26.623+0000] {dagbag.py:541} INFO - Filling up the DagBag from /home/airflow/.local/lib/python3.7/site-packages/airflow/example_dags/example_branch_python_dop_operator_3.py
[2023-09-04T12:51:26.646+0000] {processor.py:836} INFO - DAG(s) dict_keys(['example_branch_dop_operator_v3']) retrieved from /home/airflow/.local/lib/python3.7/site-packages/airflow/example_dags/example_branch_python_dop_operator_3.py
[2023-09-04T12:51:26.694+0000] {logging_mixin.py:150} INFO - [2023-09-04T12:51:26.694+0000] {dag.py:2742} INFO - Sync 1 DAGs
[2023-09-04T12:51:26.785+0000] {logging_mixin.py:150} INFO - [2023-09-04T12:51:26.785+0000] {dag.py:3508} INFO - Setting next_dagrun for example_branch_dop_operator_v3 to 2023-09-04T12:50:00+00:00, run_after=2023-09-04T12:51:00+00:00
[2023-09-04T12:51:26.851+0000] {processor.py:179} INFO - Processing /home/airflow/.local/lib/python3.7/site-packages/airflow/example_dags/example_branch_python_dop_operator_3.py took 0.236 seconds
[2023-09-04T12:51:57.555+0000] {processor.py:157} INFO - Started process (PID=134) to work on /home/airflow/.local/lib/python3.7/site-packages/airflow/example_dags/example_branch_python_dop_operator_3.py
[2023-09-04T12:51:57.558+0000] {processor.py:826} INFO - Processing file /home/airflow/.local/lib/python3.7/site-packages/airflow/example_dags/example_branch_python_dop_operator_3.py for tasks to queue
[2023-09-04T12:51:57.560+0000] {logging_mixin.py:150} INFO - [2023-09-04T12:51:57.559+0000] {dagbag.py:541} INFO - Filling up the DagBag from /home/airflow/.local/lib/python3.7/site-packages/airflow/example_dags/example_branch_python_dop_operator_3.py
[2023-09-04T12:51:57.581+0000] {processor.py:836} INFO - DAG(s) dict_keys(['example_branch_dop_operator_v3']) retrieved from /home/airflow/.local/lib/python3.7/site-packages/airflow/example_dags/example_branch_python_dop_operator_3.py
[2023-09-04T12:51:57.647+0000] {logging_mixin.py:150} INFO - [2023-09-04T12:51:57.646+0000] {dag.py:2742} INFO - Sync 1 DAGs
[2023-09-04T12:51:57.743+0000] {logging_mixin.py:150} INFO - [2023-09-04T12:51:57.743+0000] {dag.py:3508} INFO - Setting next_dagrun for example_branch_dop_operator_v3 to 2023-09-04T12:50:00+00:00, run_after=2023-09-04T12:51:00+00:00
[2023-09-04T12:51:57.816+0000] {processor.py:179} INFO - Processing /home/airflow/.local/lib/python3.7/site-packages/airflow/example_dags/example_branch_python_dop_operator_3.py took 0.267 seconds
[2023-09-04T12:52:28.227+0000] {processor.py:157} INFO - Started process (PID=193) to work on /home/airflow/.local/lib/python3.7/site-packages/airflow/example_dags/example_branch_python_dop_operator_3.py
[2023-09-04T12:52:28.231+0000] {processor.py:826} INFO - Processing file /home/airflow/.local/lib/python3.7/site-packages/airflow/example_dags/example_branch_python_dop_operator_3.py for tasks to queue
[2023-09-04T12:52:28.234+0000] {logging_mixin.py:150} INFO - [2023-09-04T12:52:28.233+0000] {dagbag.py:541} INFO - Filling up the DagBag from /home/airflow/.local/lib/python3.7/site-packages/airflow/example_dags/example_branch_python_dop_operator_3.py
[2023-09-04T12:52:28.254+0000] {processor.py:836} INFO - DAG(s) dict_keys(['example_branch_dop_operator_v3']) retrieved from /home/airflow/.local/lib/python3.7/site-packages/airflow/example_dags/example_branch_python_dop_operator_3.py
[2023-09-04T12:52:28.312+0000] {logging_mixin.py:150} INFO - [2023-09-04T12:52:28.312+0000] {dag.py:2742} INFO - Sync 1 DAGs
[2023-09-04T12:52:28.527+0000] {logging_mixin.py:150} INFO - [2023-09-04T12:52:28.527+0000] {dag.py:3508} INFO - Setting next_dagrun for example_branch_dop_operator_v3 to 2023-09-04T12:51:00+00:00, run_after=2023-09-04T12:52:00+00:00
[2023-09-04T12:52:28.650+0000] {processor.py:179} INFO - Processing /home/airflow/.local/lib/python3.7/site-packages/airflow/example_dags/example_branch_python_dop_operator_3.py took 0.431 seconds
[2023-09-04T12:52:59.600+0000] {processor.py:157} INFO - Started process (PID=252) to work on /home/airflow/.local/lib/python3.7/site-packages/airflow/example_dags/example_branch_python_dop_operator_3.py
[2023-09-04T12:52:59.603+0000] {processor.py:826} INFO - Processing file /home/airflow/.local/lib/python3.7/site-packages/airflow/example_dags/example_branch_python_dop_operator_3.py for tasks to queue
[2023-09-04T12:52:59.610+0000] {logging_mixin.py:150} INFO - [2023-09-04T12:52:59.609+0000] {dagbag.py:541} INFO - Filling up the DagBag from /home/airflow/.local/lib/python3.7/site-packages/airflow/example_dags/example_branch_python_dop_operator_3.py
[2023-09-04T12:52:59.643+0000] {processor.py:836} INFO - DAG(s) dict_keys(['example_branch_dop_operator_v3']) retrieved from /home/airflow/.local/lib/python3.7/site-packages/airflow/example_dags/example_branch_python_dop_operator_3.py
[2023-09-04T12:52:59.739+0000] {logging_mixin.py:150} INFO - [2023-09-04T12:52:59.739+0000] {dag.py:2742} INFO - Sync 1 DAGs
[2023-09-04T12:52:59.862+0000] {logging_mixin.py:150} INFO - [2023-09-04T12:52:59.861+0000] {dag.py:3508} INFO - Setting next_dagrun for example_branch_dop_operator_v3 to 2023-09-04T12:51:00+00:00, run_after=2023-09-04T12:52:00+00:00
[2023-09-04T12:52:59.929+0000] {processor.py:179} INFO - Processing /home/airflow/.local/lib/python3.7/site-packages/airflow/example_dags/example_branch_python_dop_operator_3.py took 0.338 seconds
[2023-09-04T12:53:30.041+0000] {processor.py:157} INFO - Started process (PID=312) to work on /home/airflow/.local/lib/python3.7/site-packages/airflow/example_dags/example_branch_python_dop_operator_3.py
[2023-09-04T12:53:30.043+0000] {processor.py:826} INFO - Processing file /home/airflow/.local/lib/python3.7/site-packages/airflow/example_dags/example_branch_python_dop_operator_3.py for tasks to queue
[2023-09-04T12:53:30.044+0000] {logging_mixin.py:150} INFO - [2023-09-04T12:53:30.044+0000] {dagbag.py:541} INFO - Filling up the DagBag from /home/airflow/.local/lib/python3.7/site-packages/airflow/example_dags/example_branch_python_dop_operator_3.py
[2023-09-04T12:53:30.057+0000] {processor.py:836} INFO - DAG(s) dict_keys(['example_branch_dop_operator_v3']) retrieved from /home/airflow/.local/lib/python3.7/site-packages/airflow/example_dags/example_branch_python_dop_operator_3.py
[2023-09-04T12:53:30.107+0000] {logging_mixin.py:150} INFO - [2023-09-04T12:53:30.106+0000] {dag.py:2742} INFO - Sync 1 DAGs
[2023-09-04T12:53:30.177+0000] {logging_mixin.py:150} INFO - [2023-09-04T12:53:30.176+0000] {dag.py:3508} INFO - Setting next_dagrun for example_branch_dop_operator_v3 to 2023-09-04T12:52:00+00:00, run_after=2023-09-04T12:53:00+00:00
[2023-09-04T12:53:30.236+0000] {processor.py:179} INFO - Processing /home/airflow/.local/lib/python3.7/site-packages/airflow/example_dags/example_branch_python_dop_operator_3.py took 0.200 seconds
[2023-09-04T12:54:01.124+0000] {processor.py:157} INFO - Started process (PID=371) to work on /home/airflow/.local/lib/python3.7/site-packages/airflow/example_dags/example_branch_python_dop_operator_3.py
[2023-09-04T12:54:01.126+0000] {processor.py:826} INFO - Processing file /home/airflow/.local/lib/python3.7/site-packages/airflow/example_dags/example_branch_python_dop_operator_3.py for tasks to queue
[2023-09-04T12:54:01.128+0000] {logging_mixin.py:150} INFO - [2023-09-04T12:54:01.128+0000] {dagbag.py:541} INFO - Filling up the DagBag from /home/airflow/.local/lib/python3.7/site-packages/airflow/example_dags/example_branch_python_dop_operator_3.py
[2023-09-04T12:54:01.142+0000] {processor.py:836} INFO - DAG(s) dict_keys(['example_branch_dop_operator_v3']) retrieved from /home/airflow/.local/lib/python3.7/site-packages/airflow/example_dags/example_branch_python_dop_operator_3.py
[2023-09-04T12:54:01.186+0000] {logging_mixin.py:150} INFO - [2023-09-04T12:54:01.186+0000] {dag.py:2742} INFO - Sync 1 DAGs
[2023-09-04T12:54:01.244+0000] {logging_mixin.py:150} INFO - [2023-09-04T12:54:01.244+0000] {dag.py:3508} INFO - Setting next_dagrun for example_branch_dop_operator_v3 to 2023-09-04T12:53:00+00:00, run_after=2023-09-04T12:54:00+00:00
[2023-09-04T12:54:01.282+0000] {processor.py:179} INFO - Processing /home/airflow/.local/lib/python3.7/site-packages/airflow/example_dags/example_branch_python_dop_operator_3.py took 0.164 seconds
[2023-09-04T12:54:31.633+0000] {processor.py:157} INFO - Started process (PID=429) to work on /home/airflow/.local/lib/python3.7/site-packages/airflow/example_dags/example_branch_python_dop_operator_3.py
[2023-09-04T12:54:31.636+0000] {processor.py:826} INFO - Processing file /home/airflow/.local/lib/python3.7/site-packages/airflow/example_dags/example_branch_python_dop_operator_3.py for tasks to queue
[2023-09-04T12:54:31.639+0000] {logging_mixin.py:150} INFO - [2023-09-04T12:54:31.639+0000] {dagbag.py:541} INFO - Filling up the DagBag from /home/airflow/.local/lib/python3.7/site-packages/airflow/example_dags/example_branch_python_dop_operator_3.py
[2023-09-04T12:54:31.665+0000] {processor.py:836} INFO - DAG(s) dict_keys(['example_branch_dop_operator_v3']) retrieved from /home/airflow/.local/lib/python3.7/site-packages/airflow/example_dags/example_branch_python_dop_operator_3.py
[2023-09-04T12:54:31.718+0000] {logging_mixin.py:150} INFO - [2023-09-04T12:54:31.718+0000] {dag.py:2742} INFO - Sync 1 DAGs
[2023-09-04T12:54:31.866+0000] {logging_mixin.py:150} INFO - [2023-09-04T12:54:31.866+0000] {dag.py:3508} INFO - Setting next_dagrun for example_branch_dop_operator_v3 to 2023-09-04T12:53:00+00:00, run_after=2023-09-04T12:54:00+00:00
[2023-09-04T12:54:32.006+0000] {processor.py:179} INFO - Processing /home/airflow/.local/lib/python3.7/site-packages/airflow/example_dags/example_branch_python_dop_operator_3.py took 0.383 seconds
[2023-09-04T12:55:02.331+0000] {processor.py:157} INFO - Started process (PID=488) to work on /home/airflow/.local/lib/python3.7/site-packages/airflow/example_dags/example_branch_python_dop_operator_3.py
[2023-09-04T12:55:02.333+0000] {processor.py:826} INFO - Processing file /home/airflow/.local/lib/python3.7/site-packages/airflow/example_dags/example_branch_python_dop_operator_3.py for tasks to queue
[2023-09-04T12:55:02.336+0000] {logging_mixin.py:150} INFO - [2023-09-04T12:55:02.335+0000] {dagbag.py:541} INFO - Filling up the DagBag from /home/airflow/.local/lib/python3.7/site-packages/airflow/example_dags/example_branch_python_dop_operator_3.py
[2023-09-04T12:55:02.356+0000] {processor.py:836} INFO - DAG(s) dict_keys(['example_branch_dop_operator_v3']) retrieved from /home/airflow/.local/lib/python3.7/site-packages/airflow/example_dags/example_branch_python_dop_operator_3.py
[2023-09-04T12:55:02.406+0000] {logging_mixin.py:150} INFO - [2023-09-04T12:55:02.406+0000] {dag.py:2742} INFO - Sync 1 DAGs
[2023-09-04T12:55:02.473+0000] {logging_mixin.py:150} INFO - [2023-09-04T12:55:02.473+0000] {dag.py:3508} INFO - Setting next_dagrun for example_branch_dop_operator_v3 to 2023-09-04T12:54:00+00:00, run_after=2023-09-04T12:55:00+00:00
[2023-09-04T12:55:02.520+0000] {processor.py:179} INFO - Processing /home/airflow/.local/lib/python3.7/site-packages/airflow/example_dags/example_branch_python_dop_operator_3.py took 0.196 seconds
[2023-09-04T12:55:33.252+0000] {processor.py:157} INFO - Started process (PID=547) to work on /home/airflow/.local/lib/python3.7/site-packages/airflow/example_dags/example_branch_python_dop_operator_3.py
[2023-09-04T12:55:33.254+0000] {processor.py:826} INFO - Processing file /home/airflow/.local/lib/python3.7/site-packages/airflow/example_dags/example_branch_python_dop_operator_3.py for tasks to queue
[2023-09-04T12:55:33.262+0000] {logging_mixin.py:150} INFO - [2023-09-04T12:55:33.260+0000] {dagbag.py:541} INFO - Filling up the DagBag from /home/airflow/.local/lib/python3.7/site-packages/airflow/example_dags/example_branch_python_dop_operator_3.py
[2023-09-04T12:55:33.303+0000] {processor.py:836} INFO - DAG(s) dict_keys(['example_branch_dop_operator_v3']) retrieved from /home/airflow/.local/lib/python3.7/site-packages/airflow/example_dags/example_branch_python_dop_operator_3.py
[2023-09-04T12:55:33.384+0000] {logging_mixin.py:150} INFO - [2023-09-04T12:55:33.384+0000] {dag.py:2742} INFO - Sync 1 DAGs
[2023-09-04T12:55:33.449+0000] {logging_mixin.py:150} INFO - [2023-09-04T12:55:33.448+0000] {dag.py:3508} INFO - Setting next_dagrun for example_branch_dop_operator_v3 to 2023-09-04T12:54:00+00:00, run_after=2023-09-04T12:55:00+00:00
[2023-09-04T12:55:33.499+0000] {processor.py:179} INFO - Processing /home/airflow/.local/lib/python3.7/site-packages/airflow/example_dags/example_branch_python_dop_operator_3.py took 0.256 seconds
[2023-09-04T12:56:03.641+0000] {processor.py:157} INFO - Started process (PID=607) to work on /home/airflow/.local/lib/python3.7/site-packages/airflow/example_dags/example_branch_python_dop_operator_3.py
[2023-09-04T12:56:03.643+0000] {processor.py:826} INFO - Processing file /home/airflow/.local/lib/python3.7/site-packages/airflow/example_dags/example_branch_python_dop_operator_3.py for tasks to queue
[2023-09-04T12:56:03.646+0000] {logging_mixin.py:150} INFO - [2023-09-04T12:56:03.645+0000] {dagbag.py:541} INFO - Filling up the DagBag from /home/airflow/.local/lib/python3.7/site-packages/airflow/example_dags/example_branch_python_dop_operator_3.py
[2023-09-04T12:56:03.660+0000] {processor.py:836} INFO - DAG(s) dict_keys(['example_branch_dop_operator_v3']) retrieved from /home/airflow/.local/lib/python3.7/site-packages/airflow/example_dags/example_branch_python_dop_operator_3.py
[2023-09-04T12:56:03.719+0000] {logging_mixin.py:150} INFO - [2023-09-04T12:56:03.719+0000] {dag.py:2742} INFO - Sync 1 DAGs
[2023-09-04T12:56:03.815+0000] {logging_mixin.py:150} INFO - [2023-09-04T12:56:03.814+0000] {dag.py:3508} INFO - Setting next_dagrun for example_branch_dop_operator_v3 to 2023-09-04T12:55:00+00:00, run_after=2023-09-04T12:56:00+00:00
[2023-09-04T12:56:03.879+0000] {processor.py:179} INFO - Processing /home/airflow/.local/lib/python3.7/site-packages/airflow/example_dags/example_branch_python_dop_operator_3.py took 0.243 seconds
[2023-09-04T12:56:34.594+0000] {processor.py:157} INFO - Started process (PID=666) to work on /home/airflow/.local/lib/python3.7/site-packages/airflow/example_dags/example_branch_python_dop_operator_3.py
[2023-09-04T12:56:34.596+0000] {processor.py:826} INFO - Processing file /home/airflow/.local/lib/python3.7/site-packages/airflow/example_dags/example_branch_python_dop_operator_3.py for tasks to queue
[2023-09-04T12:56:34.598+0000] {logging_mixin.py:150} INFO - [2023-09-04T12:56:34.598+0000] {dagbag.py:541} INFO - Filling up the DagBag from /home/airflow/.local/lib/python3.7/site-packages/airflow/example_dags/example_branch_python_dop_operator_3.py
[2023-09-04T12:56:34.612+0000] {processor.py:836} INFO - DAG(s) dict_keys(['example_branch_dop_operator_v3']) retrieved from /home/airflow/.local/lib/python3.7/site-packages/airflow/example_dags/example_branch_python_dop_operator_3.py
[2023-09-04T12:56:34.651+0000] {logging_mixin.py:150} INFO - [2023-09-04T12:56:34.650+0000] {dag.py:2742} INFO - Sync 1 DAGs
[2023-09-04T12:56:34.723+0000] {logging_mixin.py:150} INFO - [2023-09-04T12:56:34.722+0000] {dag.py:3508} INFO - Setting next_dagrun for example_branch_dop_operator_v3 to 2023-09-04T12:55:00+00:00, run_after=2023-09-04T12:56:00+00:00
[2023-09-04T12:56:34.784+0000] {processor.py:179} INFO - Processing /home/airflow/.local/lib/python3.7/site-packages/airflow/example_dags/example_branch_python_dop_operator_3.py took 0.195 seconds
[2023-09-04T12:57:05.221+0000] {processor.py:157} INFO - Started process (PID=725) to work on /home/airflow/.local/lib/python3.7/site-packages/airflow/example_dags/example_branch_python_dop_operator_3.py
[2023-09-04T12:57:05.223+0000] {processor.py:826} INFO - Processing file /home/airflow/.local/lib/python3.7/site-packages/airflow/example_dags/example_branch_python_dop_operator_3.py for tasks to queue
[2023-09-04T12:57:05.225+0000] {logging_mixin.py:150} INFO - [2023-09-04T12:57:05.224+0000] {dagbag.py:541} INFO - Filling up the DagBag from /home/airflow/.local/lib/python3.7/site-packages/airflow/example_dags/example_branch_python_dop_operator_3.py
[2023-09-04T12:57:05.243+0000] {processor.py:836} INFO - DAG(s) dict_keys(['example_branch_dop_operator_v3']) retrieved from /home/airflow/.local/lib/python3.7/site-packages/airflow/example_dags/example_branch_python_dop_operator_3.py
[2023-09-04T12:57:05.289+0000] {logging_mixin.py:150} INFO - [2023-09-04T12:57:05.288+0000] {dag.py:2742} INFO - Sync 1 DAGs
[2023-09-04T12:57:05.375+0000] {logging_mixin.py:150} INFO - [2023-09-04T12:57:05.374+0000] {dag.py:3508} INFO - Setting next_dagrun for example_branch_dop_operator_v3 to 2023-09-04T12:56:00+00:00, run_after=2023-09-04T12:57:00+00:00
[2023-09-04T12:57:05.435+0000] {processor.py:179} INFO - Processing /home/airflow/.local/lib/python3.7/site-packages/airflow/example_dags/example_branch_python_dop_operator_3.py took 0.221 seconds
[2023-09-04T12:57:36.872+0000] {processor.py:157} INFO - Started process (PID=783) to work on /home/airflow/.local/lib/python3.7/site-packages/airflow/example_dags/example_branch_python_dop_operator_3.py
[2023-09-04T12:57:36.879+0000] {processor.py:826} INFO - Processing file /home/airflow/.local/lib/python3.7/site-packages/airflow/example_dags/example_branch_python_dop_operator_3.py for tasks to queue
[2023-09-04T12:57:36.889+0000] {logging_mixin.py:150} INFO - [2023-09-04T12:57:36.888+0000] {dagbag.py:541} INFO - Filling up the DagBag from /home/airflow/.local/lib/python3.7/site-packages/airflow/example_dags/example_branch_python_dop_operator_3.py
[2023-09-04T12:57:36.954+0000] {processor.py:836} INFO - DAG(s) dict_keys(['example_branch_dop_operator_v3']) retrieved from /home/airflow/.local/lib/python3.7/site-packages/airflow/example_dags/example_branch_python_dop_operator_3.py
[2023-09-04T12:57:37.127+0000] {logging_mixin.py:150} INFO - [2023-09-04T12:57:37.126+0000] {dag.py:2742} INFO - Sync 1 DAGs
[2023-09-04T12:57:37.350+0000] {logging_mixin.py:150} INFO - [2023-09-04T12:57:37.350+0000] {dag.py:3508} INFO - Setting next_dagrun for example_branch_dop_operator_v3 to 2023-09-04T12:56:00+00:00, run_after=2023-09-04T12:57:00+00:00
[2023-09-04T12:57:37.442+0000] {processor.py:179} INFO - Processing /home/airflow/.local/lib/python3.7/site-packages/airflow/example_dags/example_branch_python_dop_operator_3.py took 0.582 seconds
[2023-09-04T12:58:08.225+0000] {processor.py:157} INFO - Started process (PID=842) to work on /home/airflow/.local/lib/python3.7/site-packages/airflow/example_dags/example_branch_python_dop_operator_3.py
[2023-09-04T12:58:08.226+0000] {processor.py:826} INFO - Processing file /home/airflow/.local/lib/python3.7/site-packages/airflow/example_dags/example_branch_python_dop_operator_3.py for tasks to queue
[2023-09-04T12:58:08.229+0000] {logging_mixin.py:150} INFO - [2023-09-04T12:58:08.228+0000] {dagbag.py:541} INFO - Filling up the DagBag from /home/airflow/.local/lib/python3.7/site-packages/airflow/example_dags/example_branch_python_dop_operator_3.py
[2023-09-04T12:58:08.243+0000] {processor.py:836} INFO - DAG(s) dict_keys(['example_branch_dop_operator_v3']) retrieved from /home/airflow/.local/lib/python3.7/site-packages/airflow/example_dags/example_branch_python_dop_operator_3.py
[2023-09-04T12:58:08.314+0000] {logging_mixin.py:150} INFO - [2023-09-04T12:58:08.313+0000] {dag.py:2742} INFO - Sync 1 DAGs
[2023-09-04T12:58:08.445+0000] {logging_mixin.py:150} INFO - [2023-09-04T12:58:08.444+0000] {dag.py:3508} INFO - Setting next_dagrun for example_branch_dop_operator_v3 to 2023-09-04T12:57:00+00:00, run_after=2023-09-04T12:58:00+00:00
[2023-09-04T12:58:08.496+0000] {processor.py:179} INFO - Processing /home/airflow/.local/lib/python3.7/site-packages/airflow/example_dags/example_branch_python_dop_operator_3.py took 0.277 seconds
[2023-09-04T12:58:38.911+0000] {processor.py:157} INFO - Started process (PID=901) to work on /home/airflow/.local/lib/python3.7/site-packages/airflow/example_dags/example_branch_python_dop_operator_3.py
[2023-09-04T12:58:38.914+0000] {processor.py:826} INFO - Processing file /home/airflow/.local/lib/python3.7/site-packages/airflow/example_dags/example_branch_python_dop_operator_3.py for tasks to queue
[2023-09-04T12:58:38.916+0000] {logging_mixin.py:150} INFO - [2023-09-04T12:58:38.916+0000] {dagbag.py:541} INFO - Filling up the DagBag from /home/airflow/.local/lib/python3.7/site-packages/airflow/example_dags/example_branch_python_dop_operator_3.py
[2023-09-04T12:58:38.943+0000] {processor.py:836} INFO - DAG(s) dict_keys(['example_branch_dop_operator_v3']) retrieved from /home/airflow/.local/lib/python3.7/site-packages/airflow/example_dags/example_branch_python_dop_operator_3.py
[2023-09-04T12:58:39.011+0000] {logging_mixin.py:150} INFO - [2023-09-04T12:58:39.010+0000] {dag.py:2742} INFO - Sync 1 DAGs
[2023-09-04T12:58:39.081+0000] {logging_mixin.py:150} INFO - [2023-09-04T12:58:39.080+0000] {dag.py:3508} INFO - Setting next_dagrun for example_branch_dop_operator_v3 to 2023-09-04T12:57:00+00:00, run_after=2023-09-04T12:58:00+00:00
[2023-09-04T12:58:39.123+0000] {processor.py:179} INFO - Processing /home/airflow/.local/lib/python3.7/site-packages/airflow/example_dags/example_branch_python_dop_operator_3.py took 0.219 seconds
