[2023-09-04T12:39:12.422+0000] {processor.py:157} INFO - Started process (PID=58) to work on /home/airflow/.local/lib/python3.7/site-packages/airflow/example_dags/example_branch_day_of_week_operator.py
[2023-09-04T12:39:12.434+0000] {processor.py:826} INFO - Processing file /home/airflow/.local/lib/python3.7/site-packages/airflow/example_dags/example_branch_day_of_week_operator.py for tasks to queue
[2023-09-04T12:39:12.451+0000] {logging_mixin.py:150} INFO - [2023-09-04T12:39:12.451+0000] {dagbag.py:541} INFO - Filling up the DagBag from /home/airflow/.local/lib/python3.7/site-packages/airflow/example_dags/example_branch_day_of_week_operator.py
[2023-09-04T12:39:12.636+0000] {processor.py:836} INFO - DAG(s) dict_keys(['example_weekday_branch_operator']) retrieved from /home/airflow/.local/lib/python3.7/site-packages/airflow/example_dags/example_branch_day_of_week_operator.py
[2023-09-04T12:39:13.128+0000] {logging_mixin.py:150} INFO - [2023-09-04T12:39:13.128+0000] {dag.py:2742} INFO - Sync 1 DAGs
[2023-09-04T12:39:13.494+0000] {logging_mixin.py:150} INFO - [2023-09-04T12:39:13.494+0000] {dag.py:3508} INFO - Setting next_dagrun for example_weekday_branch_operator to 2023-09-03T00:00:00+00:00, run_after=2023-09-04T00:00:00+00:00
[2023-09-04T12:39:14.289+0000] {processor.py:179} INFO - Processing /home/airflow/.local/lib/python3.7/site-packages/airflow/example_dags/example_branch_day_of_week_operator.py took 1.885 seconds
[2023-09-04T12:39:50.138+0000] {processor.py:157} INFO - Started process (PID=116) to work on /home/airflow/.local/lib/python3.7/site-packages/airflow/example_dags/example_branch_day_of_week_operator.py
[2023-09-04T12:39:50.141+0000] {processor.py:826} INFO - Processing file /home/airflow/.local/lib/python3.7/site-packages/airflow/example_dags/example_branch_day_of_week_operator.py for tasks to queue
[2023-09-04T12:39:50.146+0000] {logging_mixin.py:150} INFO - [2023-09-04T12:39:50.145+0000] {dagbag.py:541} INFO - Filling up the DagBag from /home/airflow/.local/lib/python3.7/site-packages/airflow/example_dags/example_branch_day_of_week_operator.py
[2023-09-04T12:39:50.173+0000] {processor.py:836} INFO - DAG(s) dict_keys(['example_weekday_branch_operator']) retrieved from /home/airflow/.local/lib/python3.7/site-packages/airflow/example_dags/example_branch_day_of_week_operator.py
[2023-09-04T12:39:50.245+0000] {logging_mixin.py:150} INFO - [2023-09-04T12:39:50.244+0000] {dag.py:2742} INFO - Sync 1 DAGs
[2023-09-04T12:39:50.329+0000] {logging_mixin.py:150} INFO - [2023-09-04T12:39:50.329+0000] {dag.py:3508} INFO - Setting next_dagrun for example_weekday_branch_operator to 2023-09-03T00:00:00+00:00, run_after=2023-09-04T00:00:00+00:00
[2023-09-04T12:39:50.446+0000] {processor.py:179} INFO - Processing /home/airflow/.local/lib/python3.7/site-packages/airflow/example_dags/example_branch_day_of_week_operator.py took 0.316 seconds
[2023-09-04T12:40:23.330+0000] {processor.py:157} INFO - Started process (PID=170) to work on /home/airflow/.local/lib/python3.7/site-packages/airflow/example_dags/example_branch_day_of_week_operator.py
[2023-09-04T12:40:23.334+0000] {processor.py:826} INFO - Processing file /home/airflow/.local/lib/python3.7/site-packages/airflow/example_dags/example_branch_day_of_week_operator.py for tasks to queue
[2023-09-04T12:40:23.346+0000] {logging_mixin.py:150} INFO - [2023-09-04T12:40:23.346+0000] {dagbag.py:541} INFO - Filling up the DagBag from /home/airflow/.local/lib/python3.7/site-packages/airflow/example_dags/example_branch_day_of_week_operator.py
[2023-09-04T12:40:23.420+0000] {processor.py:836} INFO - DAG(s) dict_keys(['example_weekday_branch_operator']) retrieved from /home/airflow/.local/lib/python3.7/site-packages/airflow/example_dags/example_branch_day_of_week_operator.py
[2023-09-04T12:40:23.635+0000] {logging_mixin.py:150} INFO - [2023-09-04T12:40:23.635+0000] {dag.py:2742} INFO - Sync 1 DAGs
[2023-09-04T12:40:24.036+0000] {logging_mixin.py:150} INFO - [2023-09-04T12:40:24.035+0000] {dag.py:3508} INFO - Setting next_dagrun for example_weekday_branch_operator to 2023-09-03T00:00:00+00:00, run_after=2023-09-04T00:00:00+00:00
[2023-09-04T12:40:24.390+0000] {processor.py:179} INFO - Processing /home/airflow/.local/lib/python3.7/site-packages/airflow/example_dags/example_branch_day_of_week_operator.py took 1.076 seconds
[2023-09-04T12:41:06.769+0000] {processor.py:157} INFO - Started process (PID=240) to work on /home/airflow/.local/lib/python3.7/site-packages/airflow/example_dags/example_branch_day_of_week_operator.py
[2023-09-04T12:41:06.784+0000] {processor.py:826} INFO - Processing file /home/airflow/.local/lib/python3.7/site-packages/airflow/example_dags/example_branch_day_of_week_operator.py for tasks to queue
[2023-09-04T12:41:06.796+0000] {logging_mixin.py:150} INFO - [2023-09-04T12:41:06.795+0000] {dagbag.py:541} INFO - Filling up the DagBag from /home/airflow/.local/lib/python3.7/site-packages/airflow/example_dags/example_branch_day_of_week_operator.py
[2023-09-04T12:41:06.877+0000] {processor.py:836} INFO - DAG(s) dict_keys(['example_weekday_branch_operator']) retrieved from /home/airflow/.local/lib/python3.7/site-packages/airflow/example_dags/example_branch_day_of_week_operator.py
[2023-09-04T12:41:07.098+0000] {logging_mixin.py:150} INFO - [2023-09-04T12:41:07.097+0000] {dag.py:2742} INFO - Sync 1 DAGs
[2023-09-04T12:41:07.405+0000] {logging_mixin.py:150} INFO - [2023-09-04T12:41:07.405+0000] {dag.py:3508} INFO - Setting next_dagrun for example_weekday_branch_operator to 2023-09-03T00:00:00+00:00, run_after=2023-09-04T00:00:00+00:00
[2023-09-04T12:41:07.623+0000] {processor.py:179} INFO - Processing /home/airflow/.local/lib/python3.7/site-packages/airflow/example_dags/example_branch_day_of_week_operator.py took 0.887 seconds
[2023-09-04T12:41:40.220+0000] {processor.py:157} INFO - Started process (PID=297) to work on /home/airflow/.local/lib/python3.7/site-packages/airflow/example_dags/example_branch_day_of_week_operator.py
[2023-09-04T12:41:40.245+0000] {processor.py:826} INFO - Processing file /home/airflow/.local/lib/python3.7/site-packages/airflow/example_dags/example_branch_day_of_week_operator.py for tasks to queue
[2023-09-04T12:41:40.275+0000] {logging_mixin.py:150} INFO - [2023-09-04T12:41:40.274+0000] {dagbag.py:541} INFO - Filling up the DagBag from /home/airflow/.local/lib/python3.7/site-packages/airflow/example_dags/example_branch_day_of_week_operator.py
[2023-09-04T12:41:40.339+0000] {processor.py:836} INFO - DAG(s) dict_keys(['example_weekday_branch_operator']) retrieved from /home/airflow/.local/lib/python3.7/site-packages/airflow/example_dags/example_branch_day_of_week_operator.py
[2023-09-04T12:41:40.525+0000] {logging_mixin.py:150} INFO - [2023-09-04T12:41:40.525+0000] {dag.py:2742} INFO - Sync 1 DAGs
[2023-09-04T12:41:40.771+0000] {logging_mixin.py:150} INFO - [2023-09-04T12:41:40.770+0000] {dag.py:3508} INFO - Setting next_dagrun for example_weekday_branch_operator to 2023-09-03T00:00:00+00:00, run_after=2023-09-04T00:00:00+00:00
[2023-09-04T12:41:41.063+0000] {processor.py:179} INFO - Processing /home/airflow/.local/lib/python3.7/site-packages/airflow/example_dags/example_branch_day_of_week_operator.py took 0.868 seconds
[2023-09-04T12:42:19.953+0000] {processor.py:157} INFO - Started process (PID=347) to work on /home/airflow/.local/lib/python3.7/site-packages/airflow/example_dags/example_branch_day_of_week_operator.py
[2023-09-04T12:42:19.959+0000] {processor.py:826} INFO - Processing file /home/airflow/.local/lib/python3.7/site-packages/airflow/example_dags/example_branch_day_of_week_operator.py for tasks to queue
[2023-09-04T12:42:19.974+0000] {logging_mixin.py:150} INFO - [2023-09-04T12:42:19.973+0000] {dagbag.py:541} INFO - Filling up the DagBag from /home/airflow/.local/lib/python3.7/site-packages/airflow/example_dags/example_branch_day_of_week_operator.py
[2023-09-04T12:42:20.040+0000] {processor.py:836} INFO - DAG(s) dict_keys(['example_weekday_branch_operator']) retrieved from /home/airflow/.local/lib/python3.7/site-packages/airflow/example_dags/example_branch_day_of_week_operator.py
[2023-09-04T12:42:20.220+0000] {logging_mixin.py:150} INFO - [2023-09-04T12:42:20.219+0000] {dag.py:2742} INFO - Sync 1 DAGs
[2023-09-04T12:42:20.514+0000] {logging_mixin.py:150} INFO - [2023-09-04T12:42:20.513+0000] {dag.py:3508} INFO - Setting next_dagrun for example_weekday_branch_operator to 2023-09-03T00:00:00+00:00, run_after=2023-09-04T00:00:00+00:00
[2023-09-04T12:42:20.669+0000] {processor.py:179} INFO - Processing /home/airflow/.local/lib/python3.7/site-packages/airflow/example_dags/example_branch_day_of_week_operator.py took 0.737 seconds
[2023-09-04T12:42:57.054+0000] {processor.py:157} INFO - Started process (PID=405) to work on /home/airflow/.local/lib/python3.7/site-packages/airflow/example_dags/example_branch_day_of_week_operator.py
[2023-09-04T12:42:57.066+0000] {processor.py:826} INFO - Processing file /home/airflow/.local/lib/python3.7/site-packages/airflow/example_dags/example_branch_day_of_week_operator.py for tasks to queue
[2023-09-04T12:42:57.083+0000] {logging_mixin.py:150} INFO - [2023-09-04T12:42:57.082+0000] {dagbag.py:541} INFO - Filling up the DagBag from /home/airflow/.local/lib/python3.7/site-packages/airflow/example_dags/example_branch_day_of_week_operator.py
[2023-09-04T12:42:57.129+0000] {processor.py:836} INFO - DAG(s) dict_keys(['example_weekday_branch_operator']) retrieved from /home/airflow/.local/lib/python3.7/site-packages/airflow/example_dags/example_branch_day_of_week_operator.py
[2023-09-04T12:42:57.332+0000] {logging_mixin.py:150} INFO - [2023-09-04T12:42:57.332+0000] {dag.py:2742} INFO - Sync 1 DAGs
[2023-09-04T12:42:57.567+0000] {logging_mixin.py:150} INFO - [2023-09-04T12:42:57.567+0000] {dag.py:3508} INFO - Setting next_dagrun for example_weekday_branch_operator to 2023-09-03T00:00:00+00:00, run_after=2023-09-04T00:00:00+00:00
[2023-09-04T12:42:57.727+0000] {processor.py:179} INFO - Processing /home/airflow/.local/lib/python3.7/site-packages/airflow/example_dags/example_branch_day_of_week_operator.py took 0.687 seconds
[2023-09-04T12:43:29.726+0000] {processor.py:157} INFO - Started process (PID=472) to work on /home/airflow/.local/lib/python3.7/site-packages/airflow/example_dags/example_branch_day_of_week_operator.py
[2023-09-04T12:43:29.741+0000] {processor.py:826} INFO - Processing file /home/airflow/.local/lib/python3.7/site-packages/airflow/example_dags/example_branch_day_of_week_operator.py for tasks to queue
[2023-09-04T12:43:29.760+0000] {logging_mixin.py:150} INFO - [2023-09-04T12:43:29.749+0000] {dagbag.py:541} INFO - Filling up the DagBag from /home/airflow/.local/lib/python3.7/site-packages/airflow/example_dags/example_branch_day_of_week_operator.py
[2023-09-04T12:43:29.945+0000] {processor.py:836} INFO - DAG(s) dict_keys(['example_weekday_branch_operator']) retrieved from /home/airflow/.local/lib/python3.7/site-packages/airflow/example_dags/example_branch_day_of_week_operator.py
[2023-09-04T12:43:30.267+0000] {logging_mixin.py:150} INFO - [2023-09-04T12:43:30.266+0000] {dag.py:2742} INFO - Sync 1 DAGs
[2023-09-04T12:43:30.550+0000] {logging_mixin.py:150} INFO - [2023-09-04T12:43:30.549+0000] {dag.py:3508} INFO - Setting next_dagrun for example_weekday_branch_operator to 2023-09-03T00:00:00+00:00, run_after=2023-09-04T00:00:00+00:00
[2023-09-04T12:43:30.756+0000] {processor.py:179} INFO - Processing /home/airflow/.local/lib/python3.7/site-packages/airflow/example_dags/example_branch_day_of_week_operator.py took 1.050 seconds
[2023-09-04T12:44:03.501+0000] {processor.py:157} INFO - Started process (PID=529) to work on /home/airflow/.local/lib/python3.7/site-packages/airflow/example_dags/example_branch_day_of_week_operator.py
[2023-09-04T12:44:03.504+0000] {processor.py:826} INFO - Processing file /home/airflow/.local/lib/python3.7/site-packages/airflow/example_dags/example_branch_day_of_week_operator.py for tasks to queue
[2023-09-04T12:44:03.515+0000] {logging_mixin.py:150} INFO - [2023-09-04T12:44:03.514+0000] {dagbag.py:541} INFO - Filling up the DagBag from /home/airflow/.local/lib/python3.7/site-packages/airflow/example_dags/example_branch_day_of_week_operator.py
[2023-09-04T12:44:03.581+0000] {processor.py:836} INFO - DAG(s) dict_keys(['example_weekday_branch_operator']) retrieved from /home/airflow/.local/lib/python3.7/site-packages/airflow/example_dags/example_branch_day_of_week_operator.py
[2023-09-04T12:44:03.796+0000] {logging_mixin.py:150} INFO - [2023-09-04T12:44:03.795+0000] {dag.py:2742} INFO - Sync 1 DAGs
[2023-09-04T12:44:04.072+0000] {logging_mixin.py:150} INFO - [2023-09-04T12:44:04.072+0000] {dag.py:3508} INFO - Setting next_dagrun for example_weekday_branch_operator to 2023-09-03T00:00:00+00:00, run_after=2023-09-04T00:00:00+00:00
[2023-09-04T12:44:04.253+0000] {processor.py:179} INFO - Processing /home/airflow/.local/lib/python3.7/site-packages/airflow/example_dags/example_branch_day_of_week_operator.py took 0.765 seconds
[2023-09-04T12:44:35.151+0000] {processor.py:157} INFO - Started process (PID=588) to work on /home/airflow/.local/lib/python3.7/site-packages/airflow/example_dags/example_branch_day_of_week_operator.py
[2023-09-04T12:44:35.166+0000] {processor.py:826} INFO - Processing file /home/airflow/.local/lib/python3.7/site-packages/airflow/example_dags/example_branch_day_of_week_operator.py for tasks to queue
[2023-09-04T12:44:35.175+0000] {logging_mixin.py:150} INFO - [2023-09-04T12:44:35.174+0000] {dagbag.py:541} INFO - Filling up the DagBag from /home/airflow/.local/lib/python3.7/site-packages/airflow/example_dags/example_branch_day_of_week_operator.py
[2023-09-04T12:44:35.244+0000] {processor.py:836} INFO - DAG(s) dict_keys(['example_weekday_branch_operator']) retrieved from /home/airflow/.local/lib/python3.7/site-packages/airflow/example_dags/example_branch_day_of_week_operator.py
[2023-09-04T12:44:35.406+0000] {logging_mixin.py:150} INFO - [2023-09-04T12:44:35.406+0000] {dag.py:2742} INFO - Sync 1 DAGs
[2023-09-04T12:44:35.624+0000] {logging_mixin.py:150} INFO - [2023-09-04T12:44:35.614+0000] {dag.py:3508} INFO - Setting next_dagrun for example_weekday_branch_operator to 2023-09-03T00:00:00+00:00, run_after=2023-09-04T00:00:00+00:00
[2023-09-04T12:44:35.783+0000] {processor.py:179} INFO - Processing /home/airflow/.local/lib/python3.7/site-packages/airflow/example_dags/example_branch_day_of_week_operator.py took 0.652 seconds
[2023-09-04T12:45:12.272+0000] {processor.py:157} INFO - Started process (PID=639) to work on /home/airflow/.local/lib/python3.7/site-packages/airflow/example_dags/example_branch_day_of_week_operator.py
[2023-09-04T12:45:12.275+0000] {processor.py:826} INFO - Processing file /home/airflow/.local/lib/python3.7/site-packages/airflow/example_dags/example_branch_day_of_week_operator.py for tasks to queue
[2023-09-04T12:45:12.281+0000] {logging_mixin.py:150} INFO - [2023-09-04T12:45:12.280+0000] {dagbag.py:541} INFO - Filling up the DagBag from /home/airflow/.local/lib/python3.7/site-packages/airflow/example_dags/example_branch_day_of_week_operator.py
[2023-09-04T12:45:12.303+0000] {processor.py:836} INFO - DAG(s) dict_keys(['example_weekday_branch_operator']) retrieved from /home/airflow/.local/lib/python3.7/site-packages/airflow/example_dags/example_branch_day_of_week_operator.py
[2023-09-04T12:45:12.448+0000] {logging_mixin.py:150} INFO - [2023-09-04T12:45:12.448+0000] {dag.py:2742} INFO - Sync 1 DAGs
[2023-09-04T12:45:12.536+0000] {logging_mixin.py:150} INFO - [2023-09-04T12:45:12.535+0000] {dag.py:3508} INFO - Setting next_dagrun for example_weekday_branch_operator to 2023-09-03T00:00:00+00:00, run_after=2023-09-04T00:00:00+00:00
[2023-09-04T12:45:12.599+0000] {processor.py:179} INFO - Processing /home/airflow/.local/lib/python3.7/site-packages/airflow/example_dags/example_branch_day_of_week_operator.py took 0.339 seconds
[2023-09-04T12:45:44.711+0000] {processor.py:157} INFO - Started process (PID=699) to work on /home/airflow/.local/lib/python3.7/site-packages/airflow/example_dags/example_branch_day_of_week_operator.py
[2023-09-04T12:45:44.714+0000] {processor.py:826} INFO - Processing file /home/airflow/.local/lib/python3.7/site-packages/airflow/example_dags/example_branch_day_of_week_operator.py for tasks to queue
[2023-09-04T12:45:44.718+0000] {logging_mixin.py:150} INFO - [2023-09-04T12:45:44.717+0000] {dagbag.py:541} INFO - Filling up the DagBag from /home/airflow/.local/lib/python3.7/site-packages/airflow/example_dags/example_branch_day_of_week_operator.py
[2023-09-04T12:45:44.755+0000] {processor.py:836} INFO - DAG(s) dict_keys(['example_weekday_branch_operator']) retrieved from /home/airflow/.local/lib/python3.7/site-packages/airflow/example_dags/example_branch_day_of_week_operator.py
[2023-09-04T12:45:45.003+0000] {logging_mixin.py:150} INFO - [2023-09-04T12:45:45.002+0000] {dag.py:2742} INFO - Sync 1 DAGs
[2023-09-04T12:45:45.186+0000] {logging_mixin.py:150} INFO - [2023-09-04T12:45:45.185+0000] {dag.py:3508} INFO - Setting next_dagrun for example_weekday_branch_operator to 2023-09-03T00:00:00+00:00, run_after=2023-09-04T00:00:00+00:00
[2023-09-04T12:45:45.244+0000] {processor.py:179} INFO - Processing /home/airflow/.local/lib/python3.7/site-packages/airflow/example_dags/example_branch_day_of_week_operator.py took 0.548 seconds
[2023-09-04T12:46:15.405+0000] {processor.py:157} INFO - Started process (PID=758) to work on /home/airflow/.local/lib/python3.7/site-packages/airflow/example_dags/example_branch_day_of_week_operator.py
[2023-09-04T12:46:15.409+0000] {processor.py:826} INFO - Processing file /home/airflow/.local/lib/python3.7/site-packages/airflow/example_dags/example_branch_day_of_week_operator.py for tasks to queue
[2023-09-04T12:46:15.412+0000] {logging_mixin.py:150} INFO - [2023-09-04T12:46:15.412+0000] {dagbag.py:541} INFO - Filling up the DagBag from /home/airflow/.local/lib/python3.7/site-packages/airflow/example_dags/example_branch_day_of_week_operator.py
[2023-09-04T12:46:15.458+0000] {processor.py:836} INFO - DAG(s) dict_keys(['example_weekday_branch_operator']) retrieved from /home/airflow/.local/lib/python3.7/site-packages/airflow/example_dags/example_branch_day_of_week_operator.py
[2023-09-04T12:46:15.514+0000] {logging_mixin.py:150} INFO - [2023-09-04T12:46:15.514+0000] {dag.py:2742} INFO - Sync 1 DAGs
[2023-09-04T12:46:15.576+0000] {logging_mixin.py:150} INFO - [2023-09-04T12:46:15.576+0000] {dag.py:3508} INFO - Setting next_dagrun for example_weekday_branch_operator to 2023-09-03T00:00:00+00:00, run_after=2023-09-04T00:00:00+00:00
[2023-09-04T12:46:15.616+0000] {processor.py:179} INFO - Processing /home/airflow/.local/lib/python3.7/site-packages/airflow/example_dags/example_branch_day_of_week_operator.py took 0.223 seconds
[2023-09-04T12:46:45.968+0000] {processor.py:157} INFO - Started process (PID=817) to work on /home/airflow/.local/lib/python3.7/site-packages/airflow/example_dags/example_branch_day_of_week_operator.py
[2023-09-04T12:46:45.971+0000] {processor.py:826} INFO - Processing file /home/airflow/.local/lib/python3.7/site-packages/airflow/example_dags/example_branch_day_of_week_operator.py for tasks to queue
[2023-09-04T12:46:45.976+0000] {logging_mixin.py:150} INFO - [2023-09-04T12:46:45.975+0000] {dagbag.py:541} INFO - Filling up the DagBag from /home/airflow/.local/lib/python3.7/site-packages/airflow/example_dags/example_branch_day_of_week_operator.py
[2023-09-04T12:46:46.000+0000] {processor.py:836} INFO - DAG(s) dict_keys(['example_weekday_branch_operator']) retrieved from /home/airflow/.local/lib/python3.7/site-packages/airflow/example_dags/example_branch_day_of_week_operator.py
[2023-09-04T12:46:46.069+0000] {logging_mixin.py:150} INFO - [2023-09-04T12:46:46.068+0000] {dag.py:2742} INFO - Sync 1 DAGs
[2023-09-04T12:46:46.149+0000] {logging_mixin.py:150} INFO - [2023-09-04T12:46:46.147+0000] {dag.py:3508} INFO - Setting next_dagrun for example_weekday_branch_operator to 2023-09-03T00:00:00+00:00, run_after=2023-09-04T00:00:00+00:00
[2023-09-04T12:46:46.213+0000] {processor.py:179} INFO - Processing /home/airflow/.local/lib/python3.7/site-packages/airflow/example_dags/example_branch_day_of_week_operator.py took 0.253 seconds
[2023-09-04T12:47:16.758+0000] {processor.py:157} INFO - Started process (PID=876) to work on /home/airflow/.local/lib/python3.7/site-packages/airflow/example_dags/example_branch_day_of_week_operator.py
[2023-09-04T12:47:16.769+0000] {processor.py:826} INFO - Processing file /home/airflow/.local/lib/python3.7/site-packages/airflow/example_dags/example_branch_day_of_week_operator.py for tasks to queue
[2023-09-04T12:47:16.772+0000] {logging_mixin.py:150} INFO - [2023-09-04T12:47:16.771+0000] {dagbag.py:541} INFO - Filling up the DagBag from /home/airflow/.local/lib/python3.7/site-packages/airflow/example_dags/example_branch_day_of_week_operator.py
[2023-09-04T12:47:16.820+0000] {processor.py:836} INFO - DAG(s) dict_keys(['example_weekday_branch_operator']) retrieved from /home/airflow/.local/lib/python3.7/site-packages/airflow/example_dags/example_branch_day_of_week_operator.py
[2023-09-04T12:47:16.986+0000] {logging_mixin.py:150} INFO - [2023-09-04T12:47:16.986+0000] {dag.py:2742} INFO - Sync 1 DAGs
[2023-09-04T12:47:17.186+0000] {logging_mixin.py:150} INFO - [2023-09-04T12:47:17.186+0000] {dag.py:3508} INFO - Setting next_dagrun for example_weekday_branch_operator to 2023-09-03T00:00:00+00:00, run_after=2023-09-04T00:00:00+00:00
[2023-09-04T12:47:17.308+0000] {processor.py:179} INFO - Processing /home/airflow/.local/lib/python3.7/site-packages/airflow/example_dags/example_branch_day_of_week_operator.py took 0.558 seconds
[2023-09-04T12:47:48.505+0000] {processor.py:157} INFO - Started process (PID=937) to work on /home/airflow/.local/lib/python3.7/site-packages/airflow/example_dags/example_branch_day_of_week_operator.py
[2023-09-04T12:47:48.508+0000] {processor.py:826} INFO - Processing file /home/airflow/.local/lib/python3.7/site-packages/airflow/example_dags/example_branch_day_of_week_operator.py for tasks to queue
[2023-09-04T12:47:48.510+0000] {logging_mixin.py:150} INFO - [2023-09-04T12:47:48.510+0000] {dagbag.py:541} INFO - Filling up the DagBag from /home/airflow/.local/lib/python3.7/site-packages/airflow/example_dags/example_branch_day_of_week_operator.py
[2023-09-04T12:47:48.532+0000] {processor.py:836} INFO - DAG(s) dict_keys(['example_weekday_branch_operator']) retrieved from /home/airflow/.local/lib/python3.7/site-packages/airflow/example_dags/example_branch_day_of_week_operator.py
[2023-09-04T12:47:48.633+0000] {logging_mixin.py:150} INFO - [2023-09-04T12:47:48.632+0000] {dag.py:2742} INFO - Sync 1 DAGs
[2023-09-04T12:47:48.693+0000] {logging_mixin.py:150} INFO - [2023-09-04T12:47:48.693+0000] {dag.py:3508} INFO - Setting next_dagrun for example_weekday_branch_operator to 2023-09-03T00:00:00+00:00, run_after=2023-09-04T00:00:00+00:00
[2023-09-04T12:47:48.748+0000] {processor.py:179} INFO - Processing /home/airflow/.local/lib/python3.7/site-packages/airflow/example_dags/example_branch_day_of_week_operator.py took 0.249 seconds
[2023-09-04T12:48:19.147+0000] {processor.py:157} INFO - Started process (PID=997) to work on /home/airflow/.local/lib/python3.7/site-packages/airflow/example_dags/example_branch_day_of_week_operator.py
[2023-09-04T12:48:19.160+0000] {processor.py:826} INFO - Processing file /home/airflow/.local/lib/python3.7/site-packages/airflow/example_dags/example_branch_day_of_week_operator.py for tasks to queue
[2023-09-04T12:48:19.174+0000] {logging_mixin.py:150} INFO - [2023-09-04T12:48:19.174+0000] {dagbag.py:541} INFO - Filling up the DagBag from /home/airflow/.local/lib/python3.7/site-packages/airflow/example_dags/example_branch_day_of_week_operator.py
[2023-09-04T12:48:19.226+0000] {processor.py:836} INFO - DAG(s) dict_keys(['example_weekday_branch_operator']) retrieved from /home/airflow/.local/lib/python3.7/site-packages/airflow/example_dags/example_branch_day_of_week_operator.py
[2023-09-04T12:48:19.375+0000] {logging_mixin.py:150} INFO - [2023-09-04T12:48:19.375+0000] {dag.py:2742} INFO - Sync 1 DAGs
[2023-09-04T12:48:19.555+0000] {logging_mixin.py:150} INFO - [2023-09-04T12:48:19.555+0000] {dag.py:3508} INFO - Setting next_dagrun for example_weekday_branch_operator to 2023-09-03T00:00:00+00:00, run_after=2023-09-04T00:00:00+00:00
[2023-09-04T12:48:19.717+0000] {processor.py:179} INFO - Processing /home/airflow/.local/lib/python3.7/site-packages/airflow/example_dags/example_branch_day_of_week_operator.py took 0.580 seconds
[2023-09-04T12:48:50.128+0000] {processor.py:157} INFO - Started process (PID=1051) to work on /home/airflow/.local/lib/python3.7/site-packages/airflow/example_dags/example_branch_day_of_week_operator.py
[2023-09-04T12:48:50.137+0000] {processor.py:826} INFO - Processing file /home/airflow/.local/lib/python3.7/site-packages/airflow/example_dags/example_branch_day_of_week_operator.py for tasks to queue
[2023-09-04T12:48:50.140+0000] {logging_mixin.py:150} INFO - [2023-09-04T12:48:50.140+0000] {dagbag.py:541} INFO - Filling up the DagBag from /home/airflow/.local/lib/python3.7/site-packages/airflow/example_dags/example_branch_day_of_week_operator.py
[2023-09-04T12:48:50.191+0000] {processor.py:836} INFO - DAG(s) dict_keys(['example_weekday_branch_operator']) retrieved from /home/airflow/.local/lib/python3.7/site-packages/airflow/example_dags/example_branch_day_of_week_operator.py
[2023-09-04T12:48:50.302+0000] {logging_mixin.py:150} INFO - [2023-09-04T12:48:50.302+0000] {dag.py:2742} INFO - Sync 1 DAGs
[2023-09-04T12:48:50.375+0000] {logging_mixin.py:150} INFO - [2023-09-04T12:48:50.374+0000] {dag.py:3508} INFO - Setting next_dagrun for example_weekday_branch_operator to 2023-09-03T00:00:00+00:00, run_after=2023-09-04T00:00:00+00:00
[2023-09-04T12:48:50.457+0000] {processor.py:179} INFO - Processing /home/airflow/.local/lib/python3.7/site-packages/airflow/example_dags/example_branch_day_of_week_operator.py took 0.370 seconds
[2023-09-04T12:49:21.239+0000] {processor.py:157} INFO - Started process (PID=1110) to work on /home/airflow/.local/lib/python3.7/site-packages/airflow/example_dags/example_branch_day_of_week_operator.py
[2023-09-04T12:49:21.244+0000] {processor.py:826} INFO - Processing file /home/airflow/.local/lib/python3.7/site-packages/airflow/example_dags/example_branch_day_of_week_operator.py for tasks to queue
[2023-09-04T12:49:21.249+0000] {logging_mixin.py:150} INFO - [2023-09-04T12:49:21.246+0000] {dagbag.py:541} INFO - Filling up the DagBag from /home/airflow/.local/lib/python3.7/site-packages/airflow/example_dags/example_branch_day_of_week_operator.py
[2023-09-04T12:49:21.266+0000] {processor.py:836} INFO - DAG(s) dict_keys(['example_weekday_branch_operator']) retrieved from /home/airflow/.local/lib/python3.7/site-packages/airflow/example_dags/example_branch_day_of_week_operator.py
[2023-09-04T12:49:21.322+0000] {logging_mixin.py:150} INFO - [2023-09-04T12:49:21.321+0000] {dag.py:2742} INFO - Sync 1 DAGs
[2023-09-04T12:49:21.375+0000] {logging_mixin.py:150} INFO - [2023-09-04T12:49:21.375+0000] {dag.py:3508} INFO - Setting next_dagrun for example_weekday_branch_operator to 2023-09-03T00:00:00+00:00, run_after=2023-09-04T00:00:00+00:00
[2023-09-04T12:49:21.417+0000] {processor.py:179} INFO - Processing /home/airflow/.local/lib/python3.7/site-packages/airflow/example_dags/example_branch_day_of_week_operator.py took 0.192 seconds
[2023-09-04T12:51:10.509+0000] {processor.py:157} INFO - Started process (PID=48) to work on /home/airflow/.local/lib/python3.7/site-packages/airflow/example_dags/example_branch_day_of_week_operator.py
[2023-09-04T12:51:10.522+0000] {processor.py:826} INFO - Processing file /home/airflow/.local/lib/python3.7/site-packages/airflow/example_dags/example_branch_day_of_week_operator.py for tasks to queue
[2023-09-04T12:51:10.527+0000] {logging_mixin.py:150} INFO - [2023-09-04T12:51:10.527+0000] {dagbag.py:541} INFO - Filling up the DagBag from /home/airflow/.local/lib/python3.7/site-packages/airflow/example_dags/example_branch_day_of_week_operator.py
[2023-09-04T12:51:10.567+0000] {processor.py:836} INFO - DAG(s) dict_keys(['example_weekday_branch_operator']) retrieved from /home/airflow/.local/lib/python3.7/site-packages/airflow/example_dags/example_branch_day_of_week_operator.py
[2023-09-04T12:51:10.681+0000] {logging_mixin.py:150} INFO - [2023-09-04T12:51:10.681+0000] {dag.py:2742} INFO - Sync 1 DAGs
[2023-09-04T12:51:10.885+0000] {logging_mixin.py:150} INFO - [2023-09-04T12:51:10.885+0000] {dag.py:3508} INFO - Setting next_dagrun for example_weekday_branch_operator to 2023-09-03T00:00:00+00:00, run_after=2023-09-04T00:00:00+00:00
[2023-09-04T12:51:10.986+0000] {processor.py:179} INFO - Processing /home/airflow/.local/lib/python3.7/site-packages/airflow/example_dags/example_branch_day_of_week_operator.py took 0.485 seconds
[2023-09-04T12:51:42.085+0000] {processor.py:157} INFO - Started process (PID=107) to work on /home/airflow/.local/lib/python3.7/site-packages/airflow/example_dags/example_branch_day_of_week_operator.py
[2023-09-04T12:51:42.090+0000] {processor.py:826} INFO - Processing file /home/airflow/.local/lib/python3.7/site-packages/airflow/example_dags/example_branch_day_of_week_operator.py for tasks to queue
[2023-09-04T12:51:42.093+0000] {logging_mixin.py:150} INFO - [2023-09-04T12:51:42.092+0000] {dagbag.py:541} INFO - Filling up the DagBag from /home/airflow/.local/lib/python3.7/site-packages/airflow/example_dags/example_branch_day_of_week_operator.py
[2023-09-04T12:51:42.118+0000] {processor.py:836} INFO - DAG(s) dict_keys(['example_weekday_branch_operator']) retrieved from /home/airflow/.local/lib/python3.7/site-packages/airflow/example_dags/example_branch_day_of_week_operator.py
[2023-09-04T12:51:42.231+0000] {logging_mixin.py:150} INFO - [2023-09-04T12:51:42.230+0000] {dag.py:2742} INFO - Sync 1 DAGs
[2023-09-04T12:51:42.371+0000] {logging_mixin.py:150} INFO - [2023-09-04T12:51:42.371+0000] {dag.py:3508} INFO - Setting next_dagrun for example_weekday_branch_operator to 2023-09-03T00:00:00+00:00, run_after=2023-09-04T00:00:00+00:00
[2023-09-04T12:51:42.457+0000] {processor.py:179} INFO - Processing /home/airflow/.local/lib/python3.7/site-packages/airflow/example_dags/example_branch_day_of_week_operator.py took 0.378 seconds
[2023-09-04T12:52:12.983+0000] {processor.py:157} INFO - Started process (PID=166) to work on /home/airflow/.local/lib/python3.7/site-packages/airflow/example_dags/example_branch_day_of_week_operator.py
[2023-09-04T12:52:12.985+0000] {processor.py:826} INFO - Processing file /home/airflow/.local/lib/python3.7/site-packages/airflow/example_dags/example_branch_day_of_week_operator.py for tasks to queue
[2023-09-04T12:52:12.987+0000] {logging_mixin.py:150} INFO - [2023-09-04T12:52:12.987+0000] {dagbag.py:541} INFO - Filling up the DagBag from /home/airflow/.local/lib/python3.7/site-packages/airflow/example_dags/example_branch_day_of_week_operator.py
[2023-09-04T12:52:12.999+0000] {processor.py:836} INFO - DAG(s) dict_keys(['example_weekday_branch_operator']) retrieved from /home/airflow/.local/lib/python3.7/site-packages/airflow/example_dags/example_branch_day_of_week_operator.py
[2023-09-04T12:52:13.053+0000] {logging_mixin.py:150} INFO - [2023-09-04T12:52:13.053+0000] {dag.py:2742} INFO - Sync 1 DAGs
[2023-09-04T12:52:13.098+0000] {logging_mixin.py:150} INFO - [2023-09-04T12:52:13.098+0000] {dag.py:3508} INFO - Setting next_dagrun for example_weekday_branch_operator to 2023-09-03T00:00:00+00:00, run_after=2023-09-04T00:00:00+00:00
[2023-09-04T12:52:13.133+0000] {processor.py:179} INFO - Processing /home/airflow/.local/lib/python3.7/site-packages/airflow/example_dags/example_branch_day_of_week_operator.py took 0.155 seconds
[2023-09-04T12:52:44.242+0000] {processor.py:157} INFO - Started process (PID=220) to work on /home/airflow/.local/lib/python3.7/site-packages/airflow/example_dags/example_branch_day_of_week_operator.py
[2023-09-04T12:52:44.257+0000] {processor.py:826} INFO - Processing file /home/airflow/.local/lib/python3.7/site-packages/airflow/example_dags/example_branch_day_of_week_operator.py for tasks to queue
[2023-09-04T12:52:44.263+0000] {logging_mixin.py:150} INFO - [2023-09-04T12:52:44.262+0000] {dagbag.py:541} INFO - Filling up the DagBag from /home/airflow/.local/lib/python3.7/site-packages/airflow/example_dags/example_branch_day_of_week_operator.py
[2023-09-04T12:52:44.319+0000] {processor.py:836} INFO - DAG(s) dict_keys(['example_weekday_branch_operator']) retrieved from /home/airflow/.local/lib/python3.7/site-packages/airflow/example_dags/example_branch_day_of_week_operator.py
[2023-09-04T12:52:44.526+0000] {logging_mixin.py:150} INFO - [2023-09-04T12:52:44.514+0000] {dag.py:2742} INFO - Sync 1 DAGs
[2023-09-04T12:52:44.788+0000] {logging_mixin.py:150} INFO - [2023-09-04T12:52:44.777+0000] {dag.py:3508} INFO - Setting next_dagrun for example_weekday_branch_operator to 2023-09-03T00:00:00+00:00, run_after=2023-09-04T00:00:00+00:00
[2023-09-04T12:52:45.128+0000] {processor.py:179} INFO - Processing /home/airflow/.local/lib/python3.7/site-packages/airflow/example_dags/example_branch_day_of_week_operator.py took 0.903 seconds
[2023-09-04T12:53:16.058+0000] {processor.py:157} INFO - Started process (PID=280) to work on /home/airflow/.local/lib/python3.7/site-packages/airflow/example_dags/example_branch_day_of_week_operator.py
[2023-09-04T12:53:16.118+0000] {processor.py:826} INFO - Processing file /home/airflow/.local/lib/python3.7/site-packages/airflow/example_dags/example_branch_day_of_week_operator.py for tasks to queue
[2023-09-04T12:53:16.199+0000] {logging_mixin.py:150} INFO - [2023-09-04T12:53:16.198+0000] {dagbag.py:541} INFO - Filling up the DagBag from /home/airflow/.local/lib/python3.7/site-packages/airflow/example_dags/example_branch_day_of_week_operator.py
[2023-09-04T12:53:16.318+0000] {processor.py:836} INFO - DAG(s) dict_keys(['example_weekday_branch_operator']) retrieved from /home/airflow/.local/lib/python3.7/site-packages/airflow/example_dags/example_branch_day_of_week_operator.py
[2023-09-04T12:53:16.600+0000] {logging_mixin.py:150} INFO - [2023-09-04T12:53:16.599+0000] {dag.py:2742} INFO - Sync 1 DAGs
[2023-09-04T12:53:16.785+0000] {logging_mixin.py:150} INFO - [2023-09-04T12:53:16.784+0000] {dag.py:3508} INFO - Setting next_dagrun for example_weekday_branch_operator to 2023-09-03T00:00:00+00:00, run_after=2023-09-04T00:00:00+00:00
[2023-09-04T12:53:16.873+0000] {processor.py:179} INFO - Processing /home/airflow/.local/lib/python3.7/site-packages/airflow/example_dags/example_branch_day_of_week_operator.py took 0.879 seconds
[2023-09-04T12:53:48.018+0000] {processor.py:157} INFO - Started process (PID=339) to work on /home/airflow/.local/lib/python3.7/site-packages/airflow/example_dags/example_branch_day_of_week_operator.py
[2023-09-04T12:53:48.049+0000] {processor.py:826} INFO - Processing file /home/airflow/.local/lib/python3.7/site-packages/airflow/example_dags/example_branch_day_of_week_operator.py for tasks to queue
[2023-09-04T12:53:48.054+0000] {logging_mixin.py:150} INFO - [2023-09-04T12:53:48.053+0000] {dagbag.py:541} INFO - Filling up the DagBag from /home/airflow/.local/lib/python3.7/site-packages/airflow/example_dags/example_branch_day_of_week_operator.py
[2023-09-04T12:53:48.104+0000] {processor.py:836} INFO - DAG(s) dict_keys(['example_weekday_branch_operator']) retrieved from /home/airflow/.local/lib/python3.7/site-packages/airflow/example_dags/example_branch_day_of_week_operator.py
[2023-09-04T12:53:48.263+0000] {logging_mixin.py:150} INFO - [2023-09-04T12:53:48.263+0000] {dag.py:2742} INFO - Sync 1 DAGs
[2023-09-04T12:53:48.511+0000] {logging_mixin.py:150} INFO - [2023-09-04T12:53:48.510+0000] {dag.py:3508} INFO - Setting next_dagrun for example_weekday_branch_operator to 2023-09-03T00:00:00+00:00, run_after=2023-09-04T00:00:00+00:00
[2023-09-04T12:53:48.799+0000] {processor.py:179} INFO - Processing /home/airflow/.local/lib/python3.7/site-packages/airflow/example_dags/example_branch_day_of_week_operator.py took 0.804 seconds
[2023-09-04T12:54:19.330+0000] {processor.py:157} INFO - Started process (PID=397) to work on /home/airflow/.local/lib/python3.7/site-packages/airflow/example_dags/example_branch_day_of_week_operator.py
[2023-09-04T12:54:19.332+0000] {processor.py:826} INFO - Processing file /home/airflow/.local/lib/python3.7/site-packages/airflow/example_dags/example_branch_day_of_week_operator.py for tasks to queue
[2023-09-04T12:54:19.335+0000] {logging_mixin.py:150} INFO - [2023-09-04T12:54:19.335+0000] {dagbag.py:541} INFO - Filling up the DagBag from /home/airflow/.local/lib/python3.7/site-packages/airflow/example_dags/example_branch_day_of_week_operator.py
[2023-09-04T12:54:19.371+0000] {processor.py:836} INFO - DAG(s) dict_keys(['example_weekday_branch_operator']) retrieved from /home/airflow/.local/lib/python3.7/site-packages/airflow/example_dags/example_branch_day_of_week_operator.py
[2023-09-04T12:54:19.444+0000] {logging_mixin.py:150} INFO - [2023-09-04T12:54:19.444+0000] {dag.py:2742} INFO - Sync 1 DAGs
[2023-09-04T12:54:19.511+0000] {logging_mixin.py:150} INFO - [2023-09-04T12:54:19.510+0000] {dag.py:3508} INFO - Setting next_dagrun for example_weekday_branch_operator to 2023-09-03T00:00:00+00:00, run_after=2023-09-04T00:00:00+00:00
[2023-09-04T12:54:19.573+0000] {processor.py:179} INFO - Processing /home/airflow/.local/lib/python3.7/site-packages/airflow/example_dags/example_branch_day_of_week_operator.py took 0.260 seconds
[2023-09-04T12:54:50.138+0000] {processor.py:157} INFO - Started process (PID=456) to work on /home/airflow/.local/lib/python3.7/site-packages/airflow/example_dags/example_branch_day_of_week_operator.py
[2023-09-04T12:54:50.141+0000] {processor.py:826} INFO - Processing file /home/airflow/.local/lib/python3.7/site-packages/airflow/example_dags/example_branch_day_of_week_operator.py for tasks to queue
[2023-09-04T12:54:50.146+0000] {logging_mixin.py:150} INFO - [2023-09-04T12:54:50.144+0000] {dagbag.py:541} INFO - Filling up the DagBag from /home/airflow/.local/lib/python3.7/site-packages/airflow/example_dags/example_branch_day_of_week_operator.py
[2023-09-04T12:54:50.169+0000] {processor.py:836} INFO - DAG(s) dict_keys(['example_weekday_branch_operator']) retrieved from /home/airflow/.local/lib/python3.7/site-packages/airflow/example_dags/example_branch_day_of_week_operator.py
[2023-09-04T12:54:50.224+0000] {logging_mixin.py:150} INFO - [2023-09-04T12:54:50.224+0000] {dag.py:2742} INFO - Sync 1 DAGs
[2023-09-04T12:54:50.294+0000] {logging_mixin.py:150} INFO - [2023-09-04T12:54:50.294+0000] {dag.py:3508} INFO - Setting next_dagrun for example_weekday_branch_operator to 2023-09-03T00:00:00+00:00, run_after=2023-09-04T00:00:00+00:00
[2023-09-04T12:54:50.337+0000] {processor.py:179} INFO - Processing /home/airflow/.local/lib/python3.7/site-packages/airflow/example_dags/example_branch_day_of_week_operator.py took 0.205 seconds
[2023-09-04T12:55:20.771+0000] {processor.py:157} INFO - Started process (PID=515) to work on /home/airflow/.local/lib/python3.7/site-packages/airflow/example_dags/example_branch_day_of_week_operator.py
[2023-09-04T12:55:20.804+0000] {processor.py:826} INFO - Processing file /home/airflow/.local/lib/python3.7/site-packages/airflow/example_dags/example_branch_day_of_week_operator.py for tasks to queue
[2023-09-04T12:55:20.821+0000] {logging_mixin.py:150} INFO - [2023-09-04T12:55:20.820+0000] {dagbag.py:541} INFO - Filling up the DagBag from /home/airflow/.local/lib/python3.7/site-packages/airflow/example_dags/example_branch_day_of_week_operator.py
[2023-09-04T12:55:20.873+0000] {processor.py:836} INFO - DAG(s) dict_keys(['example_weekday_branch_operator']) retrieved from /home/airflow/.local/lib/python3.7/site-packages/airflow/example_dags/example_branch_day_of_week_operator.py
[2023-09-04T12:55:21.065+0000] {logging_mixin.py:150} INFO - [2023-09-04T12:55:21.065+0000] {dag.py:2742} INFO - Sync 1 DAGs
[2023-09-04T12:55:21.151+0000] {logging_mixin.py:150} INFO - [2023-09-04T12:55:21.151+0000] {dag.py:3508} INFO - Setting next_dagrun for example_weekday_branch_operator to 2023-09-03T00:00:00+00:00, run_after=2023-09-04T00:00:00+00:00
[2023-09-04T12:55:21.215+0000] {processor.py:179} INFO - Processing /home/airflow/.local/lib/python3.7/site-packages/airflow/example_dags/example_branch_day_of_week_operator.py took 0.460 seconds
[2023-09-04T12:55:51.815+0000] {processor.py:157} INFO - Started process (PID=575) to work on /home/airflow/.local/lib/python3.7/site-packages/airflow/example_dags/example_branch_day_of_week_operator.py
[2023-09-04T12:55:51.830+0000] {processor.py:826} INFO - Processing file /home/airflow/.local/lib/python3.7/site-packages/airflow/example_dags/example_branch_day_of_week_operator.py for tasks to queue
[2023-09-04T12:55:51.835+0000] {logging_mixin.py:150} INFO - [2023-09-04T12:55:51.835+0000] {dagbag.py:541} INFO - Filling up the DagBag from /home/airflow/.local/lib/python3.7/site-packages/airflow/example_dags/example_branch_day_of_week_operator.py
[2023-09-04T12:55:51.946+0000] {processor.py:836} INFO - DAG(s) dict_keys(['example_weekday_branch_operator']) retrieved from /home/airflow/.local/lib/python3.7/site-packages/airflow/example_dags/example_branch_day_of_week_operator.py
[2023-09-04T12:55:52.262+0000] {logging_mixin.py:150} INFO - [2023-09-04T12:55:52.261+0000] {dag.py:2742} INFO - Sync 1 DAGs
[2023-09-04T12:55:52.416+0000] {logging_mixin.py:150} INFO - [2023-09-04T12:55:52.416+0000] {dag.py:3508} INFO - Setting next_dagrun for example_weekday_branch_operator to 2023-09-03T00:00:00+00:00, run_after=2023-09-04T00:00:00+00:00
[2023-09-04T12:55:52.518+0000] {processor.py:179} INFO - Processing /home/airflow/.local/lib/python3.7/site-packages/airflow/example_dags/example_branch_day_of_week_operator.py took 0.724 seconds
[2023-09-04T12:56:23.353+0000] {processor.py:157} INFO - Started process (PID=634) to work on /home/airflow/.local/lib/python3.7/site-packages/airflow/example_dags/example_branch_day_of_week_operator.py
[2023-09-04T12:56:23.355+0000] {processor.py:826} INFO - Processing file /home/airflow/.local/lib/python3.7/site-packages/airflow/example_dags/example_branch_day_of_week_operator.py for tasks to queue
[2023-09-04T12:56:23.358+0000] {logging_mixin.py:150} INFO - [2023-09-04T12:56:23.357+0000] {dagbag.py:541} INFO - Filling up the DagBag from /home/airflow/.local/lib/python3.7/site-packages/airflow/example_dags/example_branch_day_of_week_operator.py
[2023-09-04T12:56:23.379+0000] {processor.py:836} INFO - DAG(s) dict_keys(['example_weekday_branch_operator']) retrieved from /home/airflow/.local/lib/python3.7/site-packages/airflow/example_dags/example_branch_day_of_week_operator.py
[2023-09-04T12:56:23.461+0000] {logging_mixin.py:150} INFO - [2023-09-04T12:56:23.461+0000] {dag.py:2742} INFO - Sync 1 DAGs
[2023-09-04T12:56:23.523+0000] {logging_mixin.py:150} INFO - [2023-09-04T12:56:23.522+0000] {dag.py:3508} INFO - Setting next_dagrun for example_weekday_branch_operator to 2023-09-03T00:00:00+00:00, run_after=2023-09-04T00:00:00+00:00
[2023-09-04T12:56:23.567+0000] {processor.py:179} INFO - Processing /home/airflow/.local/lib/python3.7/site-packages/airflow/example_dags/example_branch_day_of_week_operator.py took 0.220 seconds
[2023-09-04T12:56:54.029+0000] {processor.py:157} INFO - Started process (PID=693) to work on /home/airflow/.local/lib/python3.7/site-packages/airflow/example_dags/example_branch_day_of_week_operator.py
[2023-09-04T12:56:54.031+0000] {processor.py:826} INFO - Processing file /home/airflow/.local/lib/python3.7/site-packages/airflow/example_dags/example_branch_day_of_week_operator.py for tasks to queue
[2023-09-04T12:56:54.033+0000] {logging_mixin.py:150} INFO - [2023-09-04T12:56:54.032+0000] {dagbag.py:541} INFO - Filling up the DagBag from /home/airflow/.local/lib/python3.7/site-packages/airflow/example_dags/example_branch_day_of_week_operator.py
[2023-09-04T12:56:54.048+0000] {processor.py:836} INFO - DAG(s) dict_keys(['example_weekday_branch_operator']) retrieved from /home/airflow/.local/lib/python3.7/site-packages/airflow/example_dags/example_branch_day_of_week_operator.py
[2023-09-04T12:56:54.108+0000] {logging_mixin.py:150} INFO - [2023-09-04T12:56:54.108+0000] {dag.py:2742} INFO - Sync 1 DAGs
[2023-09-04T12:56:54.172+0000] {logging_mixin.py:150} INFO - [2023-09-04T12:56:54.172+0000] {dag.py:3508} INFO - Setting next_dagrun for example_weekday_branch_operator to 2023-09-03T00:00:00+00:00, run_after=2023-09-04T00:00:00+00:00
[2023-09-04T12:56:54.279+0000] {processor.py:179} INFO - Processing /home/airflow/.local/lib/python3.7/site-packages/airflow/example_dags/example_branch_day_of_week_operator.py took 0.257 seconds
[2023-09-04T12:57:24.973+0000] {processor.py:157} INFO - Started process (PID=751) to work on /home/airflow/.local/lib/python3.7/site-packages/airflow/example_dags/example_branch_day_of_week_operator.py
[2023-09-04T12:57:24.975+0000] {processor.py:826} INFO - Processing file /home/airflow/.local/lib/python3.7/site-packages/airflow/example_dags/example_branch_day_of_week_operator.py for tasks to queue
[2023-09-04T12:57:24.978+0000] {logging_mixin.py:150} INFO - [2023-09-04T12:57:24.977+0000] {dagbag.py:541} INFO - Filling up the DagBag from /home/airflow/.local/lib/python3.7/site-packages/airflow/example_dags/example_branch_day_of_week_operator.py
[2023-09-04T12:57:24.996+0000] {processor.py:836} INFO - DAG(s) dict_keys(['example_weekday_branch_operator']) retrieved from /home/airflow/.local/lib/python3.7/site-packages/airflow/example_dags/example_branch_day_of_week_operator.py
[2023-09-04T12:57:25.069+0000] {logging_mixin.py:150} INFO - [2023-09-04T12:57:25.068+0000] {dag.py:2742} INFO - Sync 1 DAGs
[2023-09-04T12:57:25.167+0000] {logging_mixin.py:150} INFO - [2023-09-04T12:57:25.166+0000] {dag.py:3508} INFO - Setting next_dagrun for example_weekday_branch_operator to 2023-09-03T00:00:00+00:00, run_after=2023-09-04T00:00:00+00:00
[2023-09-04T12:57:25.222+0000] {processor.py:179} INFO - Processing /home/airflow/.local/lib/python3.7/site-packages/airflow/example_dags/example_branch_day_of_week_operator.py took 0.258 seconds
[2023-09-04T12:57:56.107+0000] {processor.py:157} INFO - Started process (PID=810) to work on /home/airflow/.local/lib/python3.7/site-packages/airflow/example_dags/example_branch_day_of_week_operator.py
[2023-09-04T12:57:56.110+0000] {processor.py:826} INFO - Processing file /home/airflow/.local/lib/python3.7/site-packages/airflow/example_dags/example_branch_day_of_week_operator.py for tasks to queue
[2023-09-04T12:57:56.112+0000] {logging_mixin.py:150} INFO - [2023-09-04T12:57:56.111+0000] {dagbag.py:541} INFO - Filling up the DagBag from /home/airflow/.local/lib/python3.7/site-packages/airflow/example_dags/example_branch_day_of_week_operator.py
[2023-09-04T12:57:56.128+0000] {processor.py:836} INFO - DAG(s) dict_keys(['example_weekday_branch_operator']) retrieved from /home/airflow/.local/lib/python3.7/site-packages/airflow/example_dags/example_branch_day_of_week_operator.py
[2023-09-04T12:57:56.206+0000] {logging_mixin.py:150} INFO - [2023-09-04T12:57:56.206+0000] {dag.py:2742} INFO - Sync 1 DAGs
[2023-09-04T12:57:56.291+0000] {logging_mixin.py:150} INFO - [2023-09-04T12:57:56.290+0000] {dag.py:3508} INFO - Setting next_dagrun for example_weekday_branch_operator to 2023-09-03T00:00:00+00:00, run_after=2023-09-04T00:00:00+00:00
[2023-09-04T12:57:56.353+0000] {processor.py:179} INFO - Processing /home/airflow/.local/lib/python3.7/site-packages/airflow/example_dags/example_branch_day_of_week_operator.py took 0.253 seconds
[2023-09-04T12:58:26.861+0000] {processor.py:157} INFO - Started process (PID=869) to work on /home/airflow/.local/lib/python3.7/site-packages/airflow/example_dags/example_branch_day_of_week_operator.py
[2023-09-04T12:58:26.864+0000] {processor.py:826} INFO - Processing file /home/airflow/.local/lib/python3.7/site-packages/airflow/example_dags/example_branch_day_of_week_operator.py for tasks to queue
[2023-09-04T12:58:26.873+0000] {logging_mixin.py:150} INFO - [2023-09-04T12:58:26.870+0000] {dagbag.py:541} INFO - Filling up the DagBag from /home/airflow/.local/lib/python3.7/site-packages/airflow/example_dags/example_branch_day_of_week_operator.py
[2023-09-04T12:58:26.904+0000] {processor.py:836} INFO - DAG(s) dict_keys(['example_weekday_branch_operator']) retrieved from /home/airflow/.local/lib/python3.7/site-packages/airflow/example_dags/example_branch_day_of_week_operator.py
[2023-09-04T12:58:26.970+0000] {logging_mixin.py:150} INFO - [2023-09-04T12:58:26.970+0000] {dag.py:2742} INFO - Sync 1 DAGs
[2023-09-04T12:58:27.025+0000] {logging_mixin.py:150} INFO - [2023-09-04T12:58:27.024+0000] {dag.py:3508} INFO - Setting next_dagrun for example_weekday_branch_operator to 2023-09-03T00:00:00+00:00, run_after=2023-09-04T00:00:00+00:00
[2023-09-04T12:58:27.066+0000] {processor.py:179} INFO - Processing /home/airflow/.local/lib/python3.7/site-packages/airflow/example_dags/example_branch_day_of_week_operator.py took 0.218 seconds
