[2023-09-04T12:39:38.842+0000] {processor.py:157} INFO - Started process (PID=91) to work on /home/airflow/.local/lib/python3.7/site-packages/airflow/example_dags/example_kubernetes_executor.py
[2023-09-04T12:39:38.846+0000] {processor.py:826} INFO - Processing file /home/airflow/.local/lib/python3.7/site-packages/airflow/example_dags/example_kubernetes_executor.py for tasks to queue
[2023-09-04T12:39:38.854+0000] {logging_mixin.py:150} INFO - [2023-09-04T12:39:38.854+0000] {dagbag.py:541} INFO - Filling up the DagBag from /home/airflow/.local/lib/python3.7/site-packages/airflow/example_dags/example_kubernetes_executor.py
[2023-09-04T12:39:42.979+0000] {processor.py:836} INFO - DAG(s) dict_keys(['example_kubernetes_executor']) retrieved from /home/airflow/.local/lib/python3.7/site-packages/airflow/example_dags/example_kubernetes_executor.py
[2023-09-04T12:39:43.202+0000] {logging_mixin.py:150} INFO - [2023-09-04T12:39:43.201+0000] {dag.py:2742} INFO - Sync 1 DAGs
[2023-09-04T12:39:43.283+0000] {logging_mixin.py:150} INFO - [2023-09-04T12:39:43.283+0000] {dag.py:3508} INFO - Setting next_dagrun for example_kubernetes_executor to None, run_after=None
[2023-09-04T12:39:43.345+0000] {processor.py:179} INFO - Processing /home/airflow/.local/lib/python3.7/site-packages/airflow/example_dags/example_kubernetes_executor.py took 4.512 seconds
[2023-09-04T12:40:13.625+0000] {processor.py:157} INFO - Started process (PID=154) to work on /home/airflow/.local/lib/python3.7/site-packages/airflow/example_dags/example_kubernetes_executor.py
[2023-09-04T12:40:13.627+0000] {processor.py:826} INFO - Processing file /home/airflow/.local/lib/python3.7/site-packages/airflow/example_dags/example_kubernetes_executor.py for tasks to queue
[2023-09-04T12:40:13.631+0000] {logging_mixin.py:150} INFO - [2023-09-04T12:40:13.630+0000] {dagbag.py:541} INFO - Filling up the DagBag from /home/airflow/.local/lib/python3.7/site-packages/airflow/example_dags/example_kubernetes_executor.py
[2023-09-04T12:40:14.282+0000] {processor.py:836} INFO - DAG(s) dict_keys(['example_kubernetes_executor']) retrieved from /home/airflow/.local/lib/python3.7/site-packages/airflow/example_dags/example_kubernetes_executor.py
[2023-09-04T12:40:14.466+0000] {logging_mixin.py:150} INFO - [2023-09-04T12:40:14.465+0000] {dag.py:2742} INFO - Sync 1 DAGs
[2023-09-04T12:40:14.608+0000] {logging_mixin.py:150} INFO - [2023-09-04T12:40:14.607+0000] {dag.py:3508} INFO - Setting next_dagrun for example_kubernetes_executor to None, run_after=None
[2023-09-04T12:40:14.732+0000] {processor.py:179} INFO - Processing /home/airflow/.local/lib/python3.7/site-packages/airflow/example_dags/example_kubernetes_executor.py took 1.116 seconds
[2023-09-04T12:40:48.839+0000] {processor.py:157} INFO - Started process (PID=214) to work on /home/airflow/.local/lib/python3.7/site-packages/airflow/example_dags/example_kubernetes_executor.py
[2023-09-04T12:40:48.856+0000] {processor.py:826} INFO - Processing file /home/airflow/.local/lib/python3.7/site-packages/airflow/example_dags/example_kubernetes_executor.py for tasks to queue
[2023-09-04T12:40:48.873+0000] {logging_mixin.py:150} INFO - [2023-09-04T12:40:48.872+0000] {dagbag.py:541} INFO - Filling up the DagBag from /home/airflow/.local/lib/python3.7/site-packages/airflow/example_dags/example_kubernetes_executor.py
[2023-09-04T12:40:51.693+0000] {processor.py:836} INFO - DAG(s) dict_keys(['example_kubernetes_executor']) retrieved from /home/airflow/.local/lib/python3.7/site-packages/airflow/example_dags/example_kubernetes_executor.py
[2023-09-04T12:40:52.066+0000] {logging_mixin.py:150} INFO - [2023-09-04T12:40:52.062+0000] {dag.py:2742} INFO - Sync 1 DAGs
[2023-09-04T12:40:52.192+0000] {logging_mixin.py:150} INFO - [2023-09-04T12:40:52.192+0000] {dag.py:3508} INFO - Setting next_dagrun for example_kubernetes_executor to None, run_after=None
[2023-09-04T12:40:52.517+0000] {processor.py:179} INFO - Processing /home/airflow/.local/lib/python3.7/site-packages/airflow/example_dags/example_kubernetes_executor.py took 3.726 seconds
[2023-09-04T12:41:24.667+0000] {processor.py:157} INFO - Started process (PID=273) to work on /home/airflow/.local/lib/python3.7/site-packages/airflow/example_dags/example_kubernetes_executor.py
[2023-09-04T12:41:24.712+0000] {processor.py:826} INFO - Processing file /home/airflow/.local/lib/python3.7/site-packages/airflow/example_dags/example_kubernetes_executor.py for tasks to queue
[2023-09-04T12:41:24.730+0000] {logging_mixin.py:150} INFO - [2023-09-04T12:41:24.729+0000] {dagbag.py:541} INFO - Filling up the DagBag from /home/airflow/.local/lib/python3.7/site-packages/airflow/example_dags/example_kubernetes_executor.py
[2023-09-04T12:41:27.260+0000] {processor.py:836} INFO - DAG(s) dict_keys(['example_kubernetes_executor']) retrieved from /home/airflow/.local/lib/python3.7/site-packages/airflow/example_dags/example_kubernetes_executor.py
[2023-09-04T12:41:27.689+0000] {logging_mixin.py:150} INFO - [2023-09-04T12:41:27.688+0000] {dag.py:2742} INFO - Sync 1 DAGs
[2023-09-04T12:41:27.943+0000] {logging_mixin.py:150} INFO - [2023-09-04T12:41:27.943+0000] {dag.py:3508} INFO - Setting next_dagrun for example_kubernetes_executor to None, run_after=None
[2023-09-04T12:41:28.150+0000] {processor.py:179} INFO - Processing /home/airflow/.local/lib/python3.7/site-packages/airflow/example_dags/example_kubernetes_executor.py took 3.549 seconds
[2023-09-04T12:42:06.054+0000] {processor.py:157} INFO - Started process (PID=338) to work on /home/airflow/.local/lib/python3.7/site-packages/airflow/example_dags/example_kubernetes_executor.py
[2023-09-04T12:42:06.088+0000] {processor.py:826} INFO - Processing file /home/airflow/.local/lib/python3.7/site-packages/airflow/example_dags/example_kubernetes_executor.py for tasks to queue
[2023-09-04T12:42:06.098+0000] {logging_mixin.py:150} INFO - [2023-09-04T12:42:06.098+0000] {dagbag.py:541} INFO - Filling up the DagBag from /home/airflow/.local/lib/python3.7/site-packages/airflow/example_dags/example_kubernetes_executor.py
[2023-09-04T12:42:09.122+0000] {processor.py:836} INFO - DAG(s) dict_keys(['example_kubernetes_executor']) retrieved from /home/airflow/.local/lib/python3.7/site-packages/airflow/example_dags/example_kubernetes_executor.py
[2023-09-04T12:42:09.540+0000] {logging_mixin.py:150} INFO - [2023-09-04T12:42:09.540+0000] {dag.py:2742} INFO - Sync 1 DAGs
[2023-09-04T12:42:09.922+0000] {logging_mixin.py:150} INFO - [2023-09-04T12:42:09.910+0000] {dag.py:3508} INFO - Setting next_dagrun for example_kubernetes_executor to None, run_after=None
[2023-09-04T12:42:10.365+0000] {processor.py:179} INFO - Processing /home/airflow/.local/lib/python3.7/site-packages/airflow/example_dags/example_kubernetes_executor.py took 4.329 seconds
[2023-09-04T12:42:46.740+0000] {processor.py:157} INFO - Started process (PID=396) to work on /home/airflow/.local/lib/python3.7/site-packages/airflow/example_dags/example_kubernetes_executor.py
[2023-09-04T12:42:46.760+0000] {processor.py:826} INFO - Processing file /home/airflow/.local/lib/python3.7/site-packages/airflow/example_dags/example_kubernetes_executor.py for tasks to queue
[2023-09-04T12:42:46.778+0000] {logging_mixin.py:150} INFO - [2023-09-04T12:42:46.777+0000] {dagbag.py:541} INFO - Filling up the DagBag from /home/airflow/.local/lib/python3.7/site-packages/airflow/example_dags/example_kubernetes_executor.py
[2023-09-04T12:42:49.128+0000] {processor.py:836} INFO - DAG(s) dict_keys(['example_kubernetes_executor']) retrieved from /home/airflow/.local/lib/python3.7/site-packages/airflow/example_dags/example_kubernetes_executor.py
[2023-09-04T12:42:49.702+0000] {logging_mixin.py:150} INFO - [2023-09-04T12:42:49.701+0000] {dag.py:2742} INFO - Sync 1 DAGs
[2023-09-04T12:42:50.114+0000] {logging_mixin.py:150} INFO - [2023-09-04T12:42:50.113+0000] {dag.py:3508} INFO - Setting next_dagrun for example_kubernetes_executor to None, run_after=None
[2023-09-04T12:42:50.400+0000] {processor.py:179} INFO - Processing /home/airflow/.local/lib/python3.7/site-packages/airflow/example_dags/example_kubernetes_executor.py took 3.668 seconds
[2023-09-04T12:43:21.720+0000] {processor.py:157} INFO - Started process (PID=458) to work on /home/airflow/.local/lib/python3.7/site-packages/airflow/example_dags/example_kubernetes_executor.py
[2023-09-04T12:43:21.741+0000] {processor.py:826} INFO - Processing file /home/airflow/.local/lib/python3.7/site-packages/airflow/example_dags/example_kubernetes_executor.py for tasks to queue
[2023-09-04T12:43:21.755+0000] {logging_mixin.py:150} INFO - [2023-09-04T12:43:21.754+0000] {dagbag.py:541} INFO - Filling up the DagBag from /home/airflow/.local/lib/python3.7/site-packages/airflow/example_dags/example_kubernetes_executor.py
[2023-09-04T12:43:24.242+0000] {processor.py:836} INFO - DAG(s) dict_keys(['example_kubernetes_executor']) retrieved from /home/airflow/.local/lib/python3.7/site-packages/airflow/example_dags/example_kubernetes_executor.py
[2023-09-04T12:43:24.747+0000] {logging_mixin.py:150} INFO - [2023-09-04T12:43:24.746+0000] {dag.py:2742} INFO - Sync 1 DAGs
[2023-09-04T12:43:24.990+0000] {logging_mixin.py:150} INFO - [2023-09-04T12:43:24.990+0000] {dag.py:3508} INFO - Setting next_dagrun for example_kubernetes_executor to None, run_after=None
[2023-09-04T12:43:25.159+0000] {processor.py:179} INFO - Processing /home/airflow/.local/lib/python3.7/site-packages/airflow/example_dags/example_kubernetes_executor.py took 3.522 seconds
[2023-09-04T12:43:57.386+0000] {processor.py:157} INFO - Started process (PID=517) to work on /home/airflow/.local/lib/python3.7/site-packages/airflow/example_dags/example_kubernetes_executor.py
[2023-09-04T12:43:57.398+0000] {processor.py:826} INFO - Processing file /home/airflow/.local/lib/python3.7/site-packages/airflow/example_dags/example_kubernetes_executor.py for tasks to queue
[2023-09-04T12:43:57.415+0000] {logging_mixin.py:150} INFO - [2023-09-04T12:43:57.415+0000] {dagbag.py:541} INFO - Filling up the DagBag from /home/airflow/.local/lib/python3.7/site-packages/airflow/example_dags/example_kubernetes_executor.py
[2023-09-04T12:43:59.356+0000] {processor.py:836} INFO - DAG(s) dict_keys(['example_kubernetes_executor']) retrieved from /home/airflow/.local/lib/python3.7/site-packages/airflow/example_dags/example_kubernetes_executor.py
[2023-09-04T12:43:59.870+0000] {logging_mixin.py:150} INFO - [2023-09-04T12:43:59.869+0000] {dag.py:2742} INFO - Sync 1 DAGs
[2023-09-04T12:44:00.273+0000] {logging_mixin.py:150} INFO - [2023-09-04T12:44:00.264+0000] {dag.py:3508} INFO - Setting next_dagrun for example_kubernetes_executor to None, run_after=None
[2023-09-04T12:44:00.530+0000] {processor.py:179} INFO - Processing /home/airflow/.local/lib/python3.7/site-packages/airflow/example_dags/example_kubernetes_executor.py took 3.162 seconds
[2023-09-04T12:44:30.812+0000] {processor.py:157} INFO - Started process (PID=579) to work on /home/airflow/.local/lib/python3.7/site-packages/airflow/example_dags/example_kubernetes_executor.py
[2023-09-04T12:44:30.815+0000] {processor.py:826} INFO - Processing file /home/airflow/.local/lib/python3.7/site-packages/airflow/example_dags/example_kubernetes_executor.py for tasks to queue
[2023-09-04T12:44:30.822+0000] {logging_mixin.py:150} INFO - [2023-09-04T12:44:30.818+0000] {dagbag.py:541} INFO - Filling up the DagBag from /home/airflow/.local/lib/python3.7/site-packages/airflow/example_dags/example_kubernetes_executor.py
[2023-09-04T12:44:32.379+0000] {processor.py:836} INFO - DAG(s) dict_keys(['example_kubernetes_executor']) retrieved from /home/airflow/.local/lib/python3.7/site-packages/airflow/example_dags/example_kubernetes_executor.py
[2023-09-04T12:44:32.591+0000] {logging_mixin.py:150} INFO - [2023-09-04T12:44:32.591+0000] {dag.py:2742} INFO - Sync 1 DAGs
[2023-09-04T12:44:32.809+0000] {logging_mixin.py:150} INFO - [2023-09-04T12:44:32.808+0000] {dag.py:3508} INFO - Setting next_dagrun for example_kubernetes_executor to None, run_after=None
[2023-09-04T12:44:32.987+0000] {processor.py:179} INFO - Processing /home/airflow/.local/lib/python3.7/site-packages/airflow/example_dags/example_kubernetes_executor.py took 2.175 seconds
[2023-09-04T12:45:12.675+0000] {processor.py:157} INFO - Started process (PID=641) to work on /home/airflow/.local/lib/python3.7/site-packages/airflow/example_dags/example_kubernetes_executor.py
[2023-09-04T12:45:12.677+0000] {processor.py:826} INFO - Processing file /home/airflow/.local/lib/python3.7/site-packages/airflow/example_dags/example_kubernetes_executor.py for tasks to queue
[2023-09-04T12:45:12.679+0000] {logging_mixin.py:150} INFO - [2023-09-04T12:45:12.679+0000] {dagbag.py:541} INFO - Filling up the DagBag from /home/airflow/.local/lib/python3.7/site-packages/airflow/example_dags/example_kubernetes_executor.py
[2023-09-04T12:45:14.738+0000] {processor.py:836} INFO - DAG(s) dict_keys(['example_kubernetes_executor']) retrieved from /home/airflow/.local/lib/python3.7/site-packages/airflow/example_dags/example_kubernetes_executor.py
[2023-09-04T12:45:15.147+0000] {logging_mixin.py:150} INFO - [2023-09-04T12:45:15.147+0000] {dag.py:2742} INFO - Sync 1 DAGs
[2023-09-04T12:45:15.389+0000] {logging_mixin.py:150} INFO - [2023-09-04T12:45:15.389+0000] {dag.py:3508} INFO - Setting next_dagrun for example_kubernetes_executor to None, run_after=None
[2023-09-04T12:45:15.615+0000] {processor.py:179} INFO - Processing /home/airflow/.local/lib/python3.7/site-packages/airflow/example_dags/example_kubernetes_executor.py took 2.947 seconds
[2023-09-04T12:45:45.887+0000] {processor.py:157} INFO - Started process (PID=702) to work on /home/airflow/.local/lib/python3.7/site-packages/airflow/example_dags/example_kubernetes_executor.py
[2023-09-04T12:45:45.891+0000] {processor.py:826} INFO - Processing file /home/airflow/.local/lib/python3.7/site-packages/airflow/example_dags/example_kubernetes_executor.py for tasks to queue
[2023-09-04T12:45:45.894+0000] {logging_mixin.py:150} INFO - [2023-09-04T12:45:45.894+0000] {dagbag.py:541} INFO - Filling up the DagBag from /home/airflow/.local/lib/python3.7/site-packages/airflow/example_dags/example_kubernetes_executor.py
[2023-09-04T12:45:46.672+0000] {processor.py:836} INFO - DAG(s) dict_keys(['example_kubernetes_executor']) retrieved from /home/airflow/.local/lib/python3.7/site-packages/airflow/example_dags/example_kubernetes_executor.py
[2023-09-04T12:45:46.829+0000] {logging_mixin.py:150} INFO - [2023-09-04T12:45:46.829+0000] {dag.py:2742} INFO - Sync 1 DAGs
[2023-09-04T12:45:46.933+0000] {logging_mixin.py:150} INFO - [2023-09-04T12:45:46.933+0000] {dag.py:3508} INFO - Setting next_dagrun for example_kubernetes_executor to None, run_after=None
[2023-09-04T12:45:46.985+0000] {processor.py:179} INFO - Processing /home/airflow/.local/lib/python3.7/site-packages/airflow/example_dags/example_kubernetes_executor.py took 1.119 seconds
[2023-09-04T12:46:17.652+0000] {processor.py:157} INFO - Started process (PID=762) to work on /home/airflow/.local/lib/python3.7/site-packages/airflow/example_dags/example_kubernetes_executor.py
[2023-09-04T12:46:17.657+0000] {processor.py:826} INFO - Processing file /home/airflow/.local/lib/python3.7/site-packages/airflow/example_dags/example_kubernetes_executor.py for tasks to queue
[2023-09-04T12:46:17.665+0000] {logging_mixin.py:150} INFO - [2023-09-04T12:46:17.664+0000] {dagbag.py:541} INFO - Filling up the DagBag from /home/airflow/.local/lib/python3.7/site-packages/airflow/example_dags/example_kubernetes_executor.py
[2023-09-04T12:46:18.249+0000] {processor.py:836} INFO - DAG(s) dict_keys(['example_kubernetes_executor']) retrieved from /home/airflow/.local/lib/python3.7/site-packages/airflow/example_dags/example_kubernetes_executor.py
[2023-09-04T12:46:18.334+0000] {logging_mixin.py:150} INFO - [2023-09-04T12:46:18.334+0000] {dag.py:2742} INFO - Sync 1 DAGs
[2023-09-04T12:46:18.383+0000] {logging_mixin.py:150} INFO - [2023-09-04T12:46:18.383+0000] {dag.py:3508} INFO - Setting next_dagrun for example_kubernetes_executor to None, run_after=None
[2023-09-04T12:46:18.424+0000] {processor.py:179} INFO - Processing /home/airflow/.local/lib/python3.7/site-packages/airflow/example_dags/example_kubernetes_executor.py took 0.786 seconds
[2023-09-04T12:46:48.676+0000] {processor.py:157} INFO - Started process (PID=822) to work on /home/airflow/.local/lib/python3.7/site-packages/airflow/example_dags/example_kubernetes_executor.py
[2023-09-04T12:46:48.680+0000] {processor.py:826} INFO - Processing file /home/airflow/.local/lib/python3.7/site-packages/airflow/example_dags/example_kubernetes_executor.py for tasks to queue
[2023-09-04T12:46:48.685+0000] {logging_mixin.py:150} INFO - [2023-09-04T12:46:48.683+0000] {dagbag.py:541} INFO - Filling up the DagBag from /home/airflow/.local/lib/python3.7/site-packages/airflow/example_dags/example_kubernetes_executor.py
[2023-09-04T12:46:49.221+0000] {processor.py:836} INFO - DAG(s) dict_keys(['example_kubernetes_executor']) retrieved from /home/airflow/.local/lib/python3.7/site-packages/airflow/example_dags/example_kubernetes_executor.py
[2023-09-04T12:46:49.290+0000] {logging_mixin.py:150} INFO - [2023-09-04T12:46:49.289+0000] {dag.py:2742} INFO - Sync 1 DAGs
[2023-09-04T12:46:49.357+0000] {logging_mixin.py:150} INFO - [2023-09-04T12:46:49.356+0000] {dag.py:3508} INFO - Setting next_dagrun for example_kubernetes_executor to None, run_after=None
[2023-09-04T12:46:49.413+0000] {processor.py:179} INFO - Processing /home/airflow/.local/lib/python3.7/site-packages/airflow/example_dags/example_kubernetes_executor.py took 0.750 seconds
[2023-09-04T12:47:19.864+0000] {processor.py:157} INFO - Started process (PID=884) to work on /home/airflow/.local/lib/python3.7/site-packages/airflow/example_dags/example_kubernetes_executor.py
[2023-09-04T12:47:19.868+0000] {processor.py:826} INFO - Processing file /home/airflow/.local/lib/python3.7/site-packages/airflow/example_dags/example_kubernetes_executor.py for tasks to queue
[2023-09-04T12:47:19.875+0000] {logging_mixin.py:150} INFO - [2023-09-04T12:47:19.875+0000] {dagbag.py:541} INFO - Filling up the DagBag from /home/airflow/.local/lib/python3.7/site-packages/airflow/example_dags/example_kubernetes_executor.py
[2023-09-04T12:47:21.216+0000] {processor.py:836} INFO - DAG(s) dict_keys(['example_kubernetes_executor']) retrieved from /home/airflow/.local/lib/python3.7/site-packages/airflow/example_dags/example_kubernetes_executor.py
[2023-09-04T12:47:21.465+0000] {logging_mixin.py:150} INFO - [2023-09-04T12:47:21.465+0000] {dag.py:2742} INFO - Sync 1 DAGs
[2023-09-04T12:47:21.679+0000] {logging_mixin.py:150} INFO - [2023-09-04T12:47:21.679+0000] {dag.py:3508} INFO - Setting next_dagrun for example_kubernetes_executor to None, run_after=None
[2023-09-04T12:47:21.808+0000] {processor.py:179} INFO - Processing /home/airflow/.local/lib/python3.7/site-packages/airflow/example_dags/example_kubernetes_executor.py took 1.951 seconds
[2023-09-04T12:47:51.969+0000] {processor.py:157} INFO - Started process (PID=944) to work on /home/airflow/.local/lib/python3.7/site-packages/airflow/example_dags/example_kubernetes_executor.py
[2023-09-04T12:47:51.974+0000] {processor.py:826} INFO - Processing file /home/airflow/.local/lib/python3.7/site-packages/airflow/example_dags/example_kubernetes_executor.py for tasks to queue
[2023-09-04T12:47:51.977+0000] {logging_mixin.py:150} INFO - [2023-09-04T12:47:51.977+0000] {dagbag.py:541} INFO - Filling up the DagBag from /home/airflow/.local/lib/python3.7/site-packages/airflow/example_dags/example_kubernetes_executor.py
[2023-09-04T12:47:52.548+0000] {processor.py:836} INFO - DAG(s) dict_keys(['example_kubernetes_executor']) retrieved from /home/airflow/.local/lib/python3.7/site-packages/airflow/example_dags/example_kubernetes_executor.py
[2023-09-04T12:47:52.637+0000] {logging_mixin.py:150} INFO - [2023-09-04T12:47:52.637+0000] {dag.py:2742} INFO - Sync 1 DAGs
[2023-09-04T12:47:52.694+0000] {logging_mixin.py:150} INFO - [2023-09-04T12:47:52.694+0000] {dag.py:3508} INFO - Setting next_dagrun for example_kubernetes_executor to None, run_after=None
[2023-09-04T12:47:52.733+0000] {processor.py:179} INFO - Processing /home/airflow/.local/lib/python3.7/site-packages/airflow/example_dags/example_kubernetes_executor.py took 0.774 seconds
[2023-09-04T12:48:23.530+0000] {processor.py:157} INFO - Started process (PID=1004) to work on /home/airflow/.local/lib/python3.7/site-packages/airflow/example_dags/example_kubernetes_executor.py
[2023-09-04T12:48:23.532+0000] {processor.py:826} INFO - Processing file /home/airflow/.local/lib/python3.7/site-packages/airflow/example_dags/example_kubernetes_executor.py for tasks to queue
[2023-09-04T12:48:23.535+0000] {logging_mixin.py:150} INFO - [2023-09-04T12:48:23.534+0000] {dagbag.py:541} INFO - Filling up the DagBag from /home/airflow/.local/lib/python3.7/site-packages/airflow/example_dags/example_kubernetes_executor.py
[2023-09-04T12:48:24.168+0000] {processor.py:836} INFO - DAG(s) dict_keys(['example_kubernetes_executor']) retrieved from /home/airflow/.local/lib/python3.7/site-packages/airflow/example_dags/example_kubernetes_executor.py
[2023-09-04T12:48:24.304+0000] {logging_mixin.py:150} INFO - [2023-09-04T12:48:24.304+0000] {dag.py:2742} INFO - Sync 1 DAGs
[2023-09-04T12:48:24.424+0000] {logging_mixin.py:150} INFO - [2023-09-04T12:48:24.423+0000] {dag.py:3508} INFO - Setting next_dagrun for example_kubernetes_executor to None, run_after=None
[2023-09-04T12:48:24.531+0000] {processor.py:179} INFO - Processing /home/airflow/.local/lib/python3.7/site-packages/airflow/example_dags/example_kubernetes_executor.py took 1.009 seconds
[2023-09-04T12:48:54.781+0000] {processor.py:157} INFO - Started process (PID=1064) to work on /home/airflow/.local/lib/python3.7/site-packages/airflow/example_dags/example_kubernetes_executor.py
[2023-09-04T12:48:54.798+0000] {processor.py:826} INFO - Processing file /home/airflow/.local/lib/python3.7/site-packages/airflow/example_dags/example_kubernetes_executor.py for tasks to queue
[2023-09-04T12:48:54.806+0000] {logging_mixin.py:150} INFO - [2023-09-04T12:48:54.805+0000] {dagbag.py:541} INFO - Filling up the DagBag from /home/airflow/.local/lib/python3.7/site-packages/airflow/example_dags/example_kubernetes_executor.py
[2023-09-04T12:48:55.349+0000] {processor.py:836} INFO - DAG(s) dict_keys(['example_kubernetes_executor']) retrieved from /home/airflow/.local/lib/python3.7/site-packages/airflow/example_dags/example_kubernetes_executor.py
[2023-09-04T12:48:55.501+0000] {logging_mixin.py:150} INFO - [2023-09-04T12:48:55.500+0000] {dag.py:2742} INFO - Sync 1 DAGs
[2023-09-04T12:48:55.566+0000] {logging_mixin.py:150} INFO - [2023-09-04T12:48:55.566+0000] {dag.py:3508} INFO - Setting next_dagrun for example_kubernetes_executor to None, run_after=None
[2023-09-04T12:48:55.601+0000] {processor.py:179} INFO - Processing /home/airflow/.local/lib/python3.7/site-packages/airflow/example_dags/example_kubernetes_executor.py took 0.850 seconds
[2023-09-04T12:49:25.989+0000] {processor.py:157} INFO - Started process (PID=1124) to work on /home/airflow/.local/lib/python3.7/site-packages/airflow/example_dags/example_kubernetes_executor.py
[2023-09-04T12:49:25.992+0000] {processor.py:826} INFO - Processing file /home/airflow/.local/lib/python3.7/site-packages/airflow/example_dags/example_kubernetes_executor.py for tasks to queue
[2023-09-04T12:49:25.994+0000] {logging_mixin.py:150} INFO - [2023-09-04T12:49:25.994+0000] {dagbag.py:541} INFO - Filling up the DagBag from /home/airflow/.local/lib/python3.7/site-packages/airflow/example_dags/example_kubernetes_executor.py
[2023-09-04T12:49:26.677+0000] {processor.py:836} INFO - DAG(s) dict_keys(['example_kubernetes_executor']) retrieved from /home/airflow/.local/lib/python3.7/site-packages/airflow/example_dags/example_kubernetes_executor.py
[2023-09-04T12:49:26.778+0000] {logging_mixin.py:150} INFO - [2023-09-04T12:49:26.778+0000] {dag.py:2742} INFO - Sync 1 DAGs
[2023-09-04T12:49:26.867+0000] {logging_mixin.py:150} INFO - [2023-09-04T12:49:26.866+0000] {dag.py:3508} INFO - Setting next_dagrun for example_kubernetes_executor to None, run_after=None
[2023-09-04T12:49:26.926+0000] {processor.py:179} INFO - Processing /home/airflow/.local/lib/python3.7/site-packages/airflow/example_dags/example_kubernetes_executor.py took 0.945 seconds
[2023-09-04T12:51:26.575+0000] {processor.py:157} INFO - Started process (PID=75) to work on /home/airflow/.local/lib/python3.7/site-packages/airflow/example_dags/example_kubernetes_executor.py
[2023-09-04T12:51:26.579+0000] {processor.py:826} INFO - Processing file /home/airflow/.local/lib/python3.7/site-packages/airflow/example_dags/example_kubernetes_executor.py for tasks to queue
[2023-09-04T12:51:26.582+0000] {logging_mixin.py:150} INFO - [2023-09-04T12:51:26.581+0000] {dagbag.py:541} INFO - Filling up the DagBag from /home/airflow/.local/lib/python3.7/site-packages/airflow/example_dags/example_kubernetes_executor.py
[2023-09-04T12:51:30.254+0000] {processor.py:836} INFO - DAG(s) dict_keys(['example_kubernetes_executor']) retrieved from /home/airflow/.local/lib/python3.7/site-packages/airflow/example_dags/example_kubernetes_executor.py
[2023-09-04T12:51:30.374+0000] {logging_mixin.py:150} INFO - [2023-09-04T12:51:30.373+0000] {dag.py:2742} INFO - Sync 1 DAGs
[2023-09-04T12:51:30.466+0000] {logging_mixin.py:150} INFO - [2023-09-04T12:51:30.465+0000] {dag.py:3508} INFO - Setting next_dagrun for example_kubernetes_executor to None, run_after=None
[2023-09-04T12:51:30.530+0000] {processor.py:179} INFO - Processing /home/airflow/.local/lib/python3.7/site-packages/airflow/example_dags/example_kubernetes_executor.py took 3.963 seconds
[2023-09-04T12:52:00.891+0000] {processor.py:157} INFO - Started process (PID=138) to work on /home/airflow/.local/lib/python3.7/site-packages/airflow/example_dags/example_kubernetes_executor.py
[2023-09-04T12:52:00.896+0000] {processor.py:826} INFO - Processing file /home/airflow/.local/lib/python3.7/site-packages/airflow/example_dags/example_kubernetes_executor.py for tasks to queue
[2023-09-04T12:52:00.898+0000] {logging_mixin.py:150} INFO - [2023-09-04T12:52:00.898+0000] {dagbag.py:541} INFO - Filling up the DagBag from /home/airflow/.local/lib/python3.7/site-packages/airflow/example_dags/example_kubernetes_executor.py
[2023-09-04T12:52:01.698+0000] {processor.py:836} INFO - DAG(s) dict_keys(['example_kubernetes_executor']) retrieved from /home/airflow/.local/lib/python3.7/site-packages/airflow/example_dags/example_kubernetes_executor.py
[2023-09-04T12:52:01.803+0000] {logging_mixin.py:150} INFO - [2023-09-04T12:52:01.803+0000] {dag.py:2742} INFO - Sync 1 DAGs
[2023-09-04T12:52:01.870+0000] {logging_mixin.py:150} INFO - [2023-09-04T12:52:01.869+0000] {dag.py:3508} INFO - Setting next_dagrun for example_kubernetes_executor to None, run_after=None
[2023-09-04T12:52:01.932+0000] {processor.py:179} INFO - Processing /home/airflow/.local/lib/python3.7/site-packages/airflow/example_dags/example_kubernetes_executor.py took 1.059 seconds
[2023-09-04T12:52:32.137+0000] {processor.py:157} INFO - Started process (PID=197) to work on /home/airflow/.local/lib/python3.7/site-packages/airflow/example_dags/example_kubernetes_executor.py
[2023-09-04T12:52:32.143+0000] {processor.py:826} INFO - Processing file /home/airflow/.local/lib/python3.7/site-packages/airflow/example_dags/example_kubernetes_executor.py for tasks to queue
[2023-09-04T12:52:32.146+0000] {logging_mixin.py:150} INFO - [2023-09-04T12:52:32.146+0000] {dagbag.py:541} INFO - Filling up the DagBag from /home/airflow/.local/lib/python3.7/site-packages/airflow/example_dags/example_kubernetes_executor.py
[2023-09-04T12:52:32.801+0000] {processor.py:836} INFO - DAG(s) dict_keys(['example_kubernetes_executor']) retrieved from /home/airflow/.local/lib/python3.7/site-packages/airflow/example_dags/example_kubernetes_executor.py
[2023-09-04T12:52:33.094+0000] {logging_mixin.py:150} INFO - [2023-09-04T12:52:33.094+0000] {dag.py:2742} INFO - Sync 1 DAGs
[2023-09-04T12:52:33.223+0000] {logging_mixin.py:150} INFO - [2023-09-04T12:52:33.222+0000] {dag.py:3508} INFO - Setting next_dagrun for example_kubernetes_executor to None, run_after=None
[2023-09-04T12:52:33.309+0000] {processor.py:179} INFO - Processing /home/airflow/.local/lib/python3.7/site-packages/airflow/example_dags/example_kubernetes_executor.py took 1.182 seconds
[2023-09-04T12:53:03.811+0000] {processor.py:157} INFO - Started process (PID=256) to work on /home/airflow/.local/lib/python3.7/site-packages/airflow/example_dags/example_kubernetes_executor.py
[2023-09-04T12:53:03.814+0000] {processor.py:826} INFO - Processing file /home/airflow/.local/lib/python3.7/site-packages/airflow/example_dags/example_kubernetes_executor.py for tasks to queue
[2023-09-04T12:53:03.817+0000] {logging_mixin.py:150} INFO - [2023-09-04T12:53:03.816+0000] {dagbag.py:541} INFO - Filling up the DagBag from /home/airflow/.local/lib/python3.7/site-packages/airflow/example_dags/example_kubernetes_executor.py
[2023-09-04T12:53:04.475+0000] {processor.py:836} INFO - DAG(s) dict_keys(['example_kubernetes_executor']) retrieved from /home/airflow/.local/lib/python3.7/site-packages/airflow/example_dags/example_kubernetes_executor.py
[2023-09-04T12:53:04.591+0000] {logging_mixin.py:150} INFO - [2023-09-04T12:53:04.590+0000] {dag.py:2742} INFO - Sync 1 DAGs
[2023-09-04T12:53:04.650+0000] {logging_mixin.py:150} INFO - [2023-09-04T12:53:04.649+0000] {dag.py:3508} INFO - Setting next_dagrun for example_kubernetes_executor to None, run_after=None
[2023-09-04T12:53:04.702+0000] {processor.py:179} INFO - Processing /home/airflow/.local/lib/python3.7/site-packages/airflow/example_dags/example_kubernetes_executor.py took 0.899 seconds
[2023-09-04T12:53:35.089+0000] {processor.py:157} INFO - Started process (PID=316) to work on /home/airflow/.local/lib/python3.7/site-packages/airflow/example_dags/example_kubernetes_executor.py
[2023-09-04T12:53:35.093+0000] {processor.py:826} INFO - Processing file /home/airflow/.local/lib/python3.7/site-packages/airflow/example_dags/example_kubernetes_executor.py for tasks to queue
[2023-09-04T12:53:35.099+0000] {logging_mixin.py:150} INFO - [2023-09-04T12:53:35.096+0000] {dagbag.py:541} INFO - Filling up the DagBag from /home/airflow/.local/lib/python3.7/site-packages/airflow/example_dags/example_kubernetes_executor.py
[2023-09-04T12:53:35.705+0000] {processor.py:836} INFO - DAG(s) dict_keys(['example_kubernetes_executor']) retrieved from /home/airflow/.local/lib/python3.7/site-packages/airflow/example_dags/example_kubernetes_executor.py
[2023-09-04T12:53:35.826+0000] {logging_mixin.py:150} INFO - [2023-09-04T12:53:35.825+0000] {dag.py:2742} INFO - Sync 1 DAGs
[2023-09-04T12:53:35.931+0000] {logging_mixin.py:150} INFO - [2023-09-04T12:53:35.929+0000] {dag.py:3508} INFO - Setting next_dagrun for example_kubernetes_executor to None, run_after=None
[2023-09-04T12:53:36.017+0000] {processor.py:179} INFO - Processing /home/airflow/.local/lib/python3.7/site-packages/airflow/example_dags/example_kubernetes_executor.py took 0.961 seconds
[2023-09-04T12:54:06.278+0000] {processor.py:157} INFO - Started process (PID=375) to work on /home/airflow/.local/lib/python3.7/site-packages/airflow/example_dags/example_kubernetes_executor.py
[2023-09-04T12:54:06.282+0000] {processor.py:826} INFO - Processing file /home/airflow/.local/lib/python3.7/site-packages/airflow/example_dags/example_kubernetes_executor.py for tasks to queue
[2023-09-04T12:54:06.285+0000] {logging_mixin.py:150} INFO - [2023-09-04T12:54:06.284+0000] {dagbag.py:541} INFO - Filling up the DagBag from /home/airflow/.local/lib/python3.7/site-packages/airflow/example_dags/example_kubernetes_executor.py
[2023-09-04T12:54:07.008+0000] {processor.py:836} INFO - DAG(s) dict_keys(['example_kubernetes_executor']) retrieved from /home/airflow/.local/lib/python3.7/site-packages/airflow/example_dags/example_kubernetes_executor.py
[2023-09-04T12:54:07.099+0000] {logging_mixin.py:150} INFO - [2023-09-04T12:54:07.099+0000] {dag.py:2742} INFO - Sync 1 DAGs
[2023-09-04T12:54:07.166+0000] {logging_mixin.py:150} INFO - [2023-09-04T12:54:07.165+0000] {dag.py:3508} INFO - Setting next_dagrun for example_kubernetes_executor to None, run_after=None
[2023-09-04T12:54:07.226+0000] {processor.py:179} INFO - Processing /home/airflow/.local/lib/python3.7/site-packages/airflow/example_dags/example_kubernetes_executor.py took 0.964 seconds
[2023-09-04T12:54:37.837+0000] {processor.py:157} INFO - Started process (PID=433) to work on /home/airflow/.local/lib/python3.7/site-packages/airflow/example_dags/example_kubernetes_executor.py
[2023-09-04T12:54:37.840+0000] {processor.py:826} INFO - Processing file /home/airflow/.local/lib/python3.7/site-packages/airflow/example_dags/example_kubernetes_executor.py for tasks to queue
[2023-09-04T12:54:37.842+0000] {logging_mixin.py:150} INFO - [2023-09-04T12:54:37.842+0000] {dagbag.py:541} INFO - Filling up the DagBag from /home/airflow/.local/lib/python3.7/site-packages/airflow/example_dags/example_kubernetes_executor.py
[2023-09-04T12:54:38.488+0000] {processor.py:836} INFO - DAG(s) dict_keys(['example_kubernetes_executor']) retrieved from /home/airflow/.local/lib/python3.7/site-packages/airflow/example_dags/example_kubernetes_executor.py
[2023-09-04T12:54:38.575+0000] {logging_mixin.py:150} INFO - [2023-09-04T12:54:38.575+0000] {dag.py:2742} INFO - Sync 1 DAGs
[2023-09-04T12:54:38.656+0000] {logging_mixin.py:150} INFO - [2023-09-04T12:54:38.655+0000] {dag.py:3508} INFO - Setting next_dagrun for example_kubernetes_executor to None, run_after=None
[2023-09-04T12:54:38.694+0000] {processor.py:179} INFO - Processing /home/airflow/.local/lib/python3.7/site-packages/airflow/example_dags/example_kubernetes_executor.py took 0.865 seconds
[2023-09-04T12:55:09.084+0000] {processor.py:157} INFO - Started process (PID=499) to work on /home/airflow/.local/lib/python3.7/site-packages/airflow/example_dags/example_kubernetes_executor.py
[2023-09-04T12:55:09.086+0000] {processor.py:826} INFO - Processing file /home/airflow/.local/lib/python3.7/site-packages/airflow/example_dags/example_kubernetes_executor.py for tasks to queue
[2023-09-04T12:55:09.089+0000] {logging_mixin.py:150} INFO - [2023-09-04T12:55:09.088+0000] {dagbag.py:541} INFO - Filling up the DagBag from /home/airflow/.local/lib/python3.7/site-packages/airflow/example_dags/example_kubernetes_executor.py
[2023-09-04T12:55:09.632+0000] {processor.py:836} INFO - DAG(s) dict_keys(['example_kubernetes_executor']) retrieved from /home/airflow/.local/lib/python3.7/site-packages/airflow/example_dags/example_kubernetes_executor.py
[2023-09-04T12:55:09.701+0000] {logging_mixin.py:150} INFO - [2023-09-04T12:55:09.700+0000] {dag.py:2742} INFO - Sync 1 DAGs
[2023-09-04T12:55:09.750+0000] {logging_mixin.py:150} INFO - [2023-09-04T12:55:09.749+0000] {dag.py:3508} INFO - Setting next_dagrun for example_kubernetes_executor to None, run_after=None
[2023-09-04T12:55:09.806+0000] {processor.py:179} INFO - Processing /home/airflow/.local/lib/python3.7/site-packages/airflow/example_dags/example_kubernetes_executor.py took 0.727 seconds
[2023-09-04T12:55:40.162+0000] {processor.py:157} INFO - Started process (PID=559) to work on /home/airflow/.local/lib/python3.7/site-packages/airflow/example_dags/example_kubernetes_executor.py
[2023-09-04T12:55:40.164+0000] {processor.py:826} INFO - Processing file /home/airflow/.local/lib/python3.7/site-packages/airflow/example_dags/example_kubernetes_executor.py for tasks to queue
[2023-09-04T12:55:40.166+0000] {logging_mixin.py:150} INFO - [2023-09-04T12:55:40.165+0000] {dagbag.py:541} INFO - Filling up the DagBag from /home/airflow/.local/lib/python3.7/site-packages/airflow/example_dags/example_kubernetes_executor.py
[2023-09-04T12:55:40.651+0000] {processor.py:836} INFO - DAG(s) dict_keys(['example_kubernetes_executor']) retrieved from /home/airflow/.local/lib/python3.7/site-packages/airflow/example_dags/example_kubernetes_executor.py
[2023-09-04T12:55:40.742+0000] {logging_mixin.py:150} INFO - [2023-09-04T12:55:40.742+0000] {dag.py:2742} INFO - Sync 1 DAGs
[2023-09-04T12:55:40.800+0000] {logging_mixin.py:150} INFO - [2023-09-04T12:55:40.799+0000] {dag.py:3508} INFO - Setting next_dagrun for example_kubernetes_executor to None, run_after=None
[2023-09-04T12:55:40.901+0000] {processor.py:179} INFO - Processing /home/airflow/.local/lib/python3.7/site-packages/airflow/example_dags/example_kubernetes_executor.py took 0.746 seconds
[2023-09-04T12:56:12.021+0000] {processor.py:157} INFO - Started process (PID=618) to work on /home/airflow/.local/lib/python3.7/site-packages/airflow/example_dags/example_kubernetes_executor.py
[2023-09-04T12:56:12.024+0000] {processor.py:826} INFO - Processing file /home/airflow/.local/lib/python3.7/site-packages/airflow/example_dags/example_kubernetes_executor.py for tasks to queue
[2023-09-04T12:56:12.028+0000] {logging_mixin.py:150} INFO - [2023-09-04T12:56:12.027+0000] {dagbag.py:541} INFO - Filling up the DagBag from /home/airflow/.local/lib/python3.7/site-packages/airflow/example_dags/example_kubernetes_executor.py
[2023-09-04T12:56:12.563+0000] {processor.py:836} INFO - DAG(s) dict_keys(['example_kubernetes_executor']) retrieved from /home/airflow/.local/lib/python3.7/site-packages/airflow/example_dags/example_kubernetes_executor.py
[2023-09-04T12:56:12.649+0000] {logging_mixin.py:150} INFO - [2023-09-04T12:56:12.649+0000] {dag.py:2742} INFO - Sync 1 DAGs
[2023-09-04T12:56:12.710+0000] {logging_mixin.py:150} INFO - [2023-09-04T12:56:12.710+0000] {dag.py:3508} INFO - Setting next_dagrun for example_kubernetes_executor to None, run_after=None
[2023-09-04T12:56:12.761+0000] {processor.py:179} INFO - Processing /home/airflow/.local/lib/python3.7/site-packages/airflow/example_dags/example_kubernetes_executor.py took 0.748 seconds
[2023-09-04T12:56:43.148+0000] {processor.py:157} INFO - Started process (PID=677) to work on /home/airflow/.local/lib/python3.7/site-packages/airflow/example_dags/example_kubernetes_executor.py
[2023-09-04T12:56:43.150+0000] {processor.py:826} INFO - Processing file /home/airflow/.local/lib/python3.7/site-packages/airflow/example_dags/example_kubernetes_executor.py for tasks to queue
[2023-09-04T12:56:43.153+0000] {logging_mixin.py:150} INFO - [2023-09-04T12:56:43.152+0000] {dagbag.py:541} INFO - Filling up the DagBag from /home/airflow/.local/lib/python3.7/site-packages/airflow/example_dags/example_kubernetes_executor.py
[2023-09-04T12:56:43.587+0000] {processor.py:836} INFO - DAG(s) dict_keys(['example_kubernetes_executor']) retrieved from /home/airflow/.local/lib/python3.7/site-packages/airflow/example_dags/example_kubernetes_executor.py
[2023-09-04T12:56:43.666+0000] {logging_mixin.py:150} INFO - [2023-09-04T12:56:43.666+0000] {dag.py:2742} INFO - Sync 1 DAGs
[2023-09-04T12:56:43.766+0000] {logging_mixin.py:150} INFO - [2023-09-04T12:56:43.766+0000] {dag.py:3508} INFO - Setting next_dagrun for example_kubernetes_executor to None, run_after=None
[2023-09-04T12:56:43.838+0000] {processor.py:179} INFO - Processing /home/airflow/.local/lib/python3.7/site-packages/airflow/example_dags/example_kubernetes_executor.py took 0.699 seconds
[2023-09-04T12:57:14.445+0000] {processor.py:157} INFO - Started process (PID=735) to work on /home/airflow/.local/lib/python3.7/site-packages/airflow/example_dags/example_kubernetes_executor.py
[2023-09-04T12:57:14.448+0000] {processor.py:826} INFO - Processing file /home/airflow/.local/lib/python3.7/site-packages/airflow/example_dags/example_kubernetes_executor.py for tasks to queue
[2023-09-04T12:57:14.451+0000] {logging_mixin.py:150} INFO - [2023-09-04T12:57:14.450+0000] {dagbag.py:541} INFO - Filling up the DagBag from /home/airflow/.local/lib/python3.7/site-packages/airflow/example_dags/example_kubernetes_executor.py
[2023-09-04T12:57:14.891+0000] {processor.py:836} INFO - DAG(s) dict_keys(['example_kubernetes_executor']) retrieved from /home/airflow/.local/lib/python3.7/site-packages/airflow/example_dags/example_kubernetes_executor.py
[2023-09-04T12:57:14.976+0000] {logging_mixin.py:150} INFO - [2023-09-04T12:57:14.975+0000] {dag.py:2742} INFO - Sync 1 DAGs
[2023-09-04T12:57:15.030+0000] {logging_mixin.py:150} INFO - [2023-09-04T12:57:15.030+0000] {dag.py:3508} INFO - Setting next_dagrun for example_kubernetes_executor to None, run_after=None
[2023-09-04T12:57:15.080+0000] {processor.py:179} INFO - Processing /home/airflow/.local/lib/python3.7/site-packages/airflow/example_dags/example_kubernetes_executor.py took 0.640 seconds
[2023-09-04T12:57:45.259+0000] {processor.py:157} INFO - Started process (PID=794) to work on /home/airflow/.local/lib/python3.7/site-packages/airflow/example_dags/example_kubernetes_executor.py
[2023-09-04T12:57:45.271+0000] {processor.py:826} INFO - Processing file /home/airflow/.local/lib/python3.7/site-packages/airflow/example_dags/example_kubernetes_executor.py for tasks to queue
[2023-09-04T12:57:45.274+0000] {logging_mixin.py:150} INFO - [2023-09-04T12:57:45.273+0000] {dagbag.py:541} INFO - Filling up the DagBag from /home/airflow/.local/lib/python3.7/site-packages/airflow/example_dags/example_kubernetes_executor.py
[2023-09-04T12:57:46.278+0000] {processor.py:836} INFO - DAG(s) dict_keys(['example_kubernetes_executor']) retrieved from /home/airflow/.local/lib/python3.7/site-packages/airflow/example_dags/example_kubernetes_executor.py
[2023-09-04T12:57:46.412+0000] {logging_mixin.py:150} INFO - [2023-09-04T12:57:46.412+0000] {dag.py:2742} INFO - Sync 1 DAGs
[2023-09-04T12:57:46.493+0000] {logging_mixin.py:150} INFO - [2023-09-04T12:57:46.493+0000] {dag.py:3508} INFO - Setting next_dagrun for example_kubernetes_executor to None, run_after=None
[2023-09-04T12:57:46.574+0000] {processor.py:179} INFO - Processing /home/airflow/.local/lib/python3.7/site-packages/airflow/example_dags/example_kubernetes_executor.py took 1.323 seconds
[2023-09-04T12:58:17.211+0000] {processor.py:157} INFO - Started process (PID=853) to work on /home/airflow/.local/lib/python3.7/site-packages/airflow/example_dags/example_kubernetes_executor.py
[2023-09-04T12:58:17.218+0000] {processor.py:826} INFO - Processing file /home/airflow/.local/lib/python3.7/site-packages/airflow/example_dags/example_kubernetes_executor.py for tasks to queue
[2023-09-04T12:58:17.226+0000] {logging_mixin.py:150} INFO - [2023-09-04T12:58:17.224+0000] {dagbag.py:541} INFO - Filling up the DagBag from /home/airflow/.local/lib/python3.7/site-packages/airflow/example_dags/example_kubernetes_executor.py
[2023-09-04T12:58:17.735+0000] {processor.py:836} INFO - DAG(s) dict_keys(['example_kubernetes_executor']) retrieved from /home/airflow/.local/lib/python3.7/site-packages/airflow/example_dags/example_kubernetes_executor.py
[2023-09-04T12:58:17.842+0000] {logging_mixin.py:150} INFO - [2023-09-04T12:58:17.841+0000] {dag.py:2742} INFO - Sync 1 DAGs
[2023-09-04T12:58:17.898+0000] {logging_mixin.py:150} INFO - [2023-09-04T12:58:17.898+0000] {dag.py:3508} INFO - Setting next_dagrun for example_kubernetes_executor to None, run_after=None
[2023-09-04T12:58:17.948+0000] {processor.py:179} INFO - Processing /home/airflow/.local/lib/python3.7/site-packages/airflow/example_dags/example_kubernetes_executor.py took 0.770 seconds
[2023-09-04T12:58:48.834+0000] {processor.py:157} INFO - Started process (PID=913) to work on /home/airflow/.local/lib/python3.7/site-packages/airflow/example_dags/example_kubernetes_executor.py
[2023-09-04T12:58:48.837+0000] {processor.py:826} INFO - Processing file /home/airflow/.local/lib/python3.7/site-packages/airflow/example_dags/example_kubernetes_executor.py for tasks to queue
[2023-09-04T12:58:48.839+0000] {logging_mixin.py:150} INFO - [2023-09-04T12:58:48.839+0000] {dagbag.py:541} INFO - Filling up the DagBag from /home/airflow/.local/lib/python3.7/site-packages/airflow/example_dags/example_kubernetes_executor.py
[2023-09-04T12:58:49.690+0000] {processor.py:836} INFO - DAG(s) dict_keys(['example_kubernetes_executor']) retrieved from /home/airflow/.local/lib/python3.7/site-packages/airflow/example_dags/example_kubernetes_executor.py
[2023-09-04T12:58:49.940+0000] {logging_mixin.py:150} INFO - [2023-09-04T12:58:49.940+0000] {dag.py:2742} INFO - Sync 1 DAGs
[2023-09-04T12:58:50.147+0000] {logging_mixin.py:150} INFO - [2023-09-04T12:58:50.146+0000] {dag.py:3508} INFO - Setting next_dagrun for example_kubernetes_executor to None, run_after=None
[2023-09-04T12:58:50.252+0000] {processor.py:179} INFO - Processing /home/airflow/.local/lib/python3.7/site-packages/airflow/example_dags/example_kubernetes_executor.py took 1.433 seconds
