[2023-09-04T12:39:18.506+0000] {processor.py:157} INFO - Started process (PID=62) to work on /home/airflow/.local/lib/python3.7/site-packages/airflow/example_dags/example_nested_branch_dag.py
[2023-09-04T12:39:18.585+0000] {processor.py:826} INFO - Processing file /home/airflow/.local/lib/python3.7/site-packages/airflow/example_dags/example_nested_branch_dag.py for tasks to queue
[2023-09-04T12:39:18.602+0000] {logging_mixin.py:150} INFO - [2023-09-04T12:39:18.601+0000] {dagbag.py:541} INFO - Filling up the DagBag from /home/airflow/.local/lib/python3.7/site-packages/airflow/example_dags/example_nested_branch_dag.py
[2023-09-04T12:39:18.913+0000] {processor.py:836} INFO - DAG(s) dict_keys(['example_nested_branch_dag']) retrieved from /home/airflow/.local/lib/python3.7/site-packages/airflow/example_dags/example_nested_branch_dag.py
[2023-09-04T12:39:19.306+0000] {logging_mixin.py:150} INFO - [2023-09-04T12:39:19.305+0000] {dag.py:2742} INFO - Sync 1 DAGs
[2023-09-04T12:39:20.550+0000] {logging_mixin.py:150} INFO - [2023-09-04T12:39:20.536+0000] {dag.py:3508} INFO - Setting next_dagrun for example_nested_branch_dag to 2023-09-03T00:00:00+00:00, run_after=2023-09-04T00:00:00+00:00
[2023-09-04T12:39:20.851+0000] {processor.py:179} INFO - Processing /home/airflow/.local/lib/python3.7/site-packages/airflow/example_dags/example_nested_branch_dag.py took 2.438 seconds
[2023-09-04T12:39:52.424+0000] {processor.py:157} INFO - Started process (PID=120) to work on /home/airflow/.local/lib/python3.7/site-packages/airflow/example_dags/example_nested_branch_dag.py
[2023-09-04T12:39:52.446+0000] {processor.py:826} INFO - Processing file /home/airflow/.local/lib/python3.7/site-packages/airflow/example_dags/example_nested_branch_dag.py for tasks to queue
[2023-09-04T12:39:52.449+0000] {logging_mixin.py:150} INFO - [2023-09-04T12:39:52.448+0000] {dagbag.py:541} INFO - Filling up the DagBag from /home/airflow/.local/lib/python3.7/site-packages/airflow/example_dags/example_nested_branch_dag.py
[2023-09-04T12:39:52.492+0000] {processor.py:836} INFO - DAG(s) dict_keys(['example_nested_branch_dag']) retrieved from /home/airflow/.local/lib/python3.7/site-packages/airflow/example_dags/example_nested_branch_dag.py
[2023-09-04T12:39:52.580+0000] {logging_mixin.py:150} INFO - [2023-09-04T12:39:52.580+0000] {dag.py:2742} INFO - Sync 1 DAGs
[2023-09-04T12:39:52.670+0000] {logging_mixin.py:150} INFO - [2023-09-04T12:39:52.669+0000] {dag.py:3508} INFO - Setting next_dagrun for example_nested_branch_dag to 2023-09-03T00:00:00+00:00, run_after=2023-09-04T00:00:00+00:00
[2023-09-04T12:39:52.733+0000] {processor.py:179} INFO - Processing /home/airflow/.local/lib/python3.7/site-packages/airflow/example_dags/example_nested_branch_dag.py took 0.317 seconds
[2023-09-04T12:40:26.359+0000] {processor.py:157} INFO - Started process (PID=181) to work on /home/airflow/.local/lib/python3.7/site-packages/airflow/example_dags/example_nested_branch_dag.py
[2023-09-04T12:40:26.366+0000] {processor.py:826} INFO - Processing file /home/airflow/.local/lib/python3.7/site-packages/airflow/example_dags/example_nested_branch_dag.py for tasks to queue
[2023-09-04T12:40:26.376+0000] {logging_mixin.py:150} INFO - [2023-09-04T12:40:26.369+0000] {dagbag.py:541} INFO - Filling up the DagBag from /home/airflow/.local/lib/python3.7/site-packages/airflow/example_dags/example_nested_branch_dag.py
[2023-09-04T12:40:26.437+0000] {processor.py:836} INFO - DAG(s) dict_keys(['example_nested_branch_dag']) retrieved from /home/airflow/.local/lib/python3.7/site-packages/airflow/example_dags/example_nested_branch_dag.py
[2023-09-04T12:40:26.616+0000] {logging_mixin.py:150} INFO - [2023-09-04T12:40:26.606+0000] {dag.py:2742} INFO - Sync 1 DAGs
[2023-09-04T12:40:26.798+0000] {logging_mixin.py:150} INFO - [2023-09-04T12:40:26.793+0000] {dag.py:3508} INFO - Setting next_dagrun for example_nested_branch_dag to 2023-09-03T00:00:00+00:00, run_after=2023-09-04T00:00:00+00:00
[2023-09-04T12:40:27.128+0000] {processor.py:179} INFO - Processing /home/airflow/.local/lib/python3.7/site-packages/airflow/example_dags/example_nested_branch_dag.py took 0.792 seconds
[2023-09-04T12:41:10.358+0000] {processor.py:157} INFO - Started process (PID=244) to work on /home/airflow/.local/lib/python3.7/site-packages/airflow/example_dags/example_nested_branch_dag.py
[2023-09-04T12:41:10.379+0000] {processor.py:826} INFO - Processing file /home/airflow/.local/lib/python3.7/site-packages/airflow/example_dags/example_nested_branch_dag.py for tasks to queue
[2023-09-04T12:41:10.390+0000] {logging_mixin.py:150} INFO - [2023-09-04T12:41:10.382+0000] {dagbag.py:541} INFO - Filling up the DagBag from /home/airflow/.local/lib/python3.7/site-packages/airflow/example_dags/example_nested_branch_dag.py
[2023-09-04T12:41:10.480+0000] {processor.py:836} INFO - DAG(s) dict_keys(['example_nested_branch_dag']) retrieved from /home/airflow/.local/lib/python3.7/site-packages/airflow/example_dags/example_nested_branch_dag.py
[2023-09-04T12:41:10.620+0000] {logging_mixin.py:150} INFO - [2023-09-04T12:41:10.619+0000] {dag.py:2742} INFO - Sync 1 DAGs
[2023-09-04T12:41:10.837+0000] {logging_mixin.py:150} INFO - [2023-09-04T12:41:10.836+0000] {dag.py:3508} INFO - Setting next_dagrun for example_nested_branch_dag to 2023-09-03T00:00:00+00:00, run_after=2023-09-04T00:00:00+00:00
[2023-09-04T12:41:11.003+0000] {processor.py:179} INFO - Processing /home/airflow/.local/lib/python3.7/site-packages/airflow/example_dags/example_nested_branch_dag.py took 0.670 seconds
[2023-09-04T12:41:42.621+0000] {processor.py:157} INFO - Started process (PID=302) to work on /home/airflow/.local/lib/python3.7/site-packages/airflow/example_dags/example_nested_branch_dag.py
[2023-09-04T12:41:42.637+0000] {processor.py:826} INFO - Processing file /home/airflow/.local/lib/python3.7/site-packages/airflow/example_dags/example_nested_branch_dag.py for tasks to queue
[2023-09-04T12:41:42.640+0000] {logging_mixin.py:150} INFO - [2023-09-04T12:41:42.640+0000] {dagbag.py:541} INFO - Filling up the DagBag from /home/airflow/.local/lib/python3.7/site-packages/airflow/example_dags/example_nested_branch_dag.py
[2023-09-04T12:41:42.712+0000] {processor.py:836} INFO - DAG(s) dict_keys(['example_nested_branch_dag']) retrieved from /home/airflow/.local/lib/python3.7/site-packages/airflow/example_dags/example_nested_branch_dag.py
[2023-09-04T12:41:42.891+0000] {logging_mixin.py:150} INFO - [2023-09-04T12:41:42.891+0000] {dag.py:2742} INFO - Sync 1 DAGs
[2023-09-04T12:41:43.078+0000] {logging_mixin.py:150} INFO - [2023-09-04T12:41:43.078+0000] {dag.py:3508} INFO - Setting next_dagrun for example_nested_branch_dag to 2023-09-03T00:00:00+00:00, run_after=2023-09-04T00:00:00+00:00
[2023-09-04T12:41:43.205+0000] {processor.py:179} INFO - Processing /home/airflow/.local/lib/python3.7/site-packages/airflow/example_dags/example_nested_branch_dag.py took 0.592 seconds
[2023-09-04T12:42:23.632+0000] {processor.py:157} INFO - Started process (PID=351) to work on /home/airflow/.local/lib/python3.7/site-packages/airflow/example_dags/example_nested_branch_dag.py
[2023-09-04T12:42:23.642+0000] {processor.py:826} INFO - Processing file /home/airflow/.local/lib/python3.7/site-packages/airflow/example_dags/example_nested_branch_dag.py for tasks to queue
[2023-09-04T12:42:23.646+0000] {logging_mixin.py:150} INFO - [2023-09-04T12:42:23.645+0000] {dagbag.py:541} INFO - Filling up the DagBag from /home/airflow/.local/lib/python3.7/site-packages/airflow/example_dags/example_nested_branch_dag.py
[2023-09-04T12:42:23.717+0000] {processor.py:836} INFO - DAG(s) dict_keys(['example_nested_branch_dag']) retrieved from /home/airflow/.local/lib/python3.7/site-packages/airflow/example_dags/example_nested_branch_dag.py
[2023-09-04T12:42:23.893+0000] {logging_mixin.py:150} INFO - [2023-09-04T12:42:23.893+0000] {dag.py:2742} INFO - Sync 1 DAGs
[2023-09-04T12:42:24.121+0000] {logging_mixin.py:150} INFO - [2023-09-04T12:42:24.121+0000] {dag.py:3508} INFO - Setting next_dagrun for example_nested_branch_dag to 2023-09-03T00:00:00+00:00, run_after=2023-09-04T00:00:00+00:00
[2023-09-04T12:42:24.282+0000] {processor.py:179} INFO - Processing /home/airflow/.local/lib/python3.7/site-packages/airflow/example_dags/example_nested_branch_dag.py took 0.668 seconds
[2023-09-04T12:42:59.665+0000] {processor.py:157} INFO - Started process (PID=417) to work on /home/airflow/.local/lib/python3.7/site-packages/airflow/example_dags/example_nested_branch_dag.py
[2023-09-04T12:42:59.677+0000] {processor.py:826} INFO - Processing file /home/airflow/.local/lib/python3.7/site-packages/airflow/example_dags/example_nested_branch_dag.py for tasks to queue
[2023-09-04T12:42:59.694+0000] {logging_mixin.py:150} INFO - [2023-09-04T12:42:59.693+0000] {dagbag.py:541} INFO - Filling up the DagBag from /home/airflow/.local/lib/python3.7/site-packages/airflow/example_dags/example_nested_branch_dag.py
[2023-09-04T12:42:59.778+0000] {processor.py:836} INFO - DAG(s) dict_keys(['example_nested_branch_dag']) retrieved from /home/airflow/.local/lib/python3.7/site-packages/airflow/example_dags/example_nested_branch_dag.py
[2023-09-04T12:42:59.959+0000] {logging_mixin.py:150} INFO - [2023-09-04T12:42:59.959+0000] {dag.py:2742} INFO - Sync 1 DAGs
[2023-09-04T12:43:00.238+0000] {logging_mixin.py:150} INFO - [2023-09-04T12:43:00.238+0000] {dag.py:3508} INFO - Setting next_dagrun for example_nested_branch_dag to 2023-09-03T00:00:00+00:00, run_after=2023-09-04T00:00:00+00:00
[2023-09-04T12:43:00.483+0000] {processor.py:179} INFO - Processing /home/airflow/.local/lib/python3.7/site-packages/airflow/example_dags/example_nested_branch_dag.py took 0.837 seconds
[2023-09-04T12:43:32.463+0000] {processor.py:157} INFO - Started process (PID=476) to work on /home/airflow/.local/lib/python3.7/site-packages/airflow/example_dags/example_nested_branch_dag.py
[2023-09-04T12:43:32.466+0000] {processor.py:826} INFO - Processing file /home/airflow/.local/lib/python3.7/site-packages/airflow/example_dags/example_nested_branch_dag.py for tasks to queue
[2023-09-04T12:43:32.478+0000] {logging_mixin.py:150} INFO - [2023-09-04T12:43:32.477+0000] {dagbag.py:541} INFO - Filling up the DagBag from /home/airflow/.local/lib/python3.7/site-packages/airflow/example_dags/example_nested_branch_dag.py
[2023-09-04T12:43:32.709+0000] {processor.py:836} INFO - DAG(s) dict_keys(['example_nested_branch_dag']) retrieved from /home/airflow/.local/lib/python3.7/site-packages/airflow/example_dags/example_nested_branch_dag.py
[2023-09-04T12:43:33.108+0000] {logging_mixin.py:150} INFO - [2023-09-04T12:43:33.107+0000] {dag.py:2742} INFO - Sync 1 DAGs
[2023-09-04T12:43:33.343+0000] {logging_mixin.py:150} INFO - [2023-09-04T12:43:33.343+0000] {dag.py:3508} INFO - Setting next_dagrun for example_nested_branch_dag to 2023-09-03T00:00:00+00:00, run_after=2023-09-04T00:00:00+00:00
[2023-09-04T12:43:33.585+0000] {processor.py:179} INFO - Processing /home/airflow/.local/lib/python3.7/site-packages/airflow/example_dags/example_nested_branch_dag.py took 1.264 seconds
[2023-09-04T12:44:09.817+0000] {processor.py:157} INFO - Started process (PID=535) to work on /home/airflow/.local/lib/python3.7/site-packages/airflow/example_dags/example_nested_branch_dag.py
[2023-09-04T12:44:09.820+0000] {processor.py:826} INFO - Processing file /home/airflow/.local/lib/python3.7/site-packages/airflow/example_dags/example_nested_branch_dag.py for tasks to queue
[2023-09-04T12:44:09.833+0000] {logging_mixin.py:150} INFO - [2023-09-04T12:44:09.832+0000] {dagbag.py:541} INFO - Filling up the DagBag from /home/airflow/.local/lib/python3.7/site-packages/airflow/example_dags/example_nested_branch_dag.py
[2023-09-04T12:44:09.963+0000] {processor.py:836} INFO - DAG(s) dict_keys(['example_nested_branch_dag']) retrieved from /home/airflow/.local/lib/python3.7/site-packages/airflow/example_dags/example_nested_branch_dag.py
[2023-09-04T12:44:10.191+0000] {logging_mixin.py:150} INFO - [2023-09-04T12:44:10.191+0000] {dag.py:2742} INFO - Sync 1 DAGs
[2023-09-04T12:44:10.468+0000] {logging_mixin.py:150} INFO - [2023-09-04T12:44:10.467+0000] {dag.py:3508} INFO - Setting next_dagrun for example_nested_branch_dag to 2023-09-03T00:00:00+00:00, run_after=2023-09-04T00:00:00+00:00
[2023-09-04T12:44:10.803+0000] {processor.py:179} INFO - Processing /home/airflow/.local/lib/python3.7/site-packages/airflow/example_dags/example_nested_branch_dag.py took 1.033 seconds
[2023-09-04T12:44:44.027+0000] {processor.py:157} INFO - Started process (PID=594) to work on /home/airflow/.local/lib/python3.7/site-packages/airflow/example_dags/example_nested_branch_dag.py
[2023-09-04T12:44:44.038+0000] {processor.py:826} INFO - Processing file /home/airflow/.local/lib/python3.7/site-packages/airflow/example_dags/example_nested_branch_dag.py for tasks to queue
[2023-09-04T12:44:44.066+0000] {logging_mixin.py:150} INFO - [2023-09-04T12:44:44.065+0000] {dagbag.py:541} INFO - Filling up the DagBag from /home/airflow/.local/lib/python3.7/site-packages/airflow/example_dags/example_nested_branch_dag.py
[2023-09-04T12:44:44.164+0000] {processor.py:836} INFO - DAG(s) dict_keys(['example_nested_branch_dag']) retrieved from /home/airflow/.local/lib/python3.7/site-packages/airflow/example_dags/example_nested_branch_dag.py
[2023-09-04T12:44:44.384+0000] {logging_mixin.py:150} INFO - [2023-09-04T12:44:44.384+0000] {dag.py:2742} INFO - Sync 1 DAGs
[2023-09-04T12:44:44.897+0000] {logging_mixin.py:150} INFO - [2023-09-04T12:44:44.896+0000] {dag.py:3508} INFO - Setting next_dagrun for example_nested_branch_dag to 2023-09-03T00:00:00+00:00, run_after=2023-09-04T00:00:00+00:00
[2023-09-04T12:44:45.297+0000] {processor.py:179} INFO - Processing /home/airflow/.local/lib/python3.7/site-packages/airflow/example_dags/example_nested_branch_dag.py took 1.320 seconds
[2023-09-04T12:45:17.275+0000] {processor.py:157} INFO - Started process (PID=650) to work on /home/airflow/.local/lib/python3.7/site-packages/airflow/example_dags/example_nested_branch_dag.py
[2023-09-04T12:45:17.279+0000] {processor.py:826} INFO - Processing file /home/airflow/.local/lib/python3.7/site-packages/airflow/example_dags/example_nested_branch_dag.py for tasks to queue
[2023-09-04T12:45:17.291+0000] {logging_mixin.py:150} INFO - [2023-09-04T12:45:17.290+0000] {dagbag.py:541} INFO - Filling up the DagBag from /home/airflow/.local/lib/python3.7/site-packages/airflow/example_dags/example_nested_branch_dag.py
[2023-09-04T12:45:17.336+0000] {processor.py:836} INFO - DAG(s) dict_keys(['example_nested_branch_dag']) retrieved from /home/airflow/.local/lib/python3.7/site-packages/airflow/example_dags/example_nested_branch_dag.py
[2023-09-04T12:45:17.531+0000] {logging_mixin.py:150} INFO - [2023-09-04T12:45:17.531+0000] {dag.py:2742} INFO - Sync 1 DAGs
[2023-09-04T12:45:17.657+0000] {logging_mixin.py:150} INFO - [2023-09-04T12:45:17.657+0000] {dag.py:3508} INFO - Setting next_dagrun for example_nested_branch_dag to 2023-09-03T00:00:00+00:00, run_after=2023-09-04T00:00:00+00:00
[2023-09-04T12:45:17.746+0000] {processor.py:179} INFO - Processing /home/airflow/.local/lib/python3.7/site-packages/airflow/example_dags/example_nested_branch_dag.py took 0.496 seconds
[2023-09-04T12:45:48.071+0000] {processor.py:157} INFO - Started process (PID=706) to work on /home/airflow/.local/lib/python3.7/site-packages/airflow/example_dags/example_nested_branch_dag.py
[2023-09-04T12:45:48.073+0000] {processor.py:826} INFO - Processing file /home/airflow/.local/lib/python3.7/site-packages/airflow/example_dags/example_nested_branch_dag.py for tasks to queue
[2023-09-04T12:45:48.075+0000] {logging_mixin.py:150} INFO - [2023-09-04T12:45:48.075+0000] {dagbag.py:541} INFO - Filling up the DagBag from /home/airflow/.local/lib/python3.7/site-packages/airflow/example_dags/example_nested_branch_dag.py
[2023-09-04T12:45:48.107+0000] {processor.py:836} INFO - DAG(s) dict_keys(['example_nested_branch_dag']) retrieved from /home/airflow/.local/lib/python3.7/site-packages/airflow/example_dags/example_nested_branch_dag.py
[2023-09-04T12:45:48.162+0000] {logging_mixin.py:150} INFO - [2023-09-04T12:45:48.162+0000] {dag.py:2742} INFO - Sync 1 DAGs
[2023-09-04T12:45:48.227+0000] {logging_mixin.py:150} INFO - [2023-09-04T12:45:48.226+0000] {dag.py:3508} INFO - Setting next_dagrun for example_nested_branch_dag to 2023-09-03T00:00:00+00:00, run_after=2023-09-04T00:00:00+00:00
[2023-09-04T12:45:48.268+0000] {processor.py:179} INFO - Processing /home/airflow/.local/lib/python3.7/site-packages/airflow/example_dags/example_nested_branch_dag.py took 0.207 seconds
[2023-09-04T12:46:18.490+0000] {processor.py:157} INFO - Started process (PID=766) to work on /home/airflow/.local/lib/python3.7/site-packages/airflow/example_dags/example_nested_branch_dag.py
[2023-09-04T12:46:18.492+0000] {processor.py:826} INFO - Processing file /home/airflow/.local/lib/python3.7/site-packages/airflow/example_dags/example_nested_branch_dag.py for tasks to queue
[2023-09-04T12:46:18.494+0000] {logging_mixin.py:150} INFO - [2023-09-04T12:46:18.493+0000] {dagbag.py:541} INFO - Filling up the DagBag from /home/airflow/.local/lib/python3.7/site-packages/airflow/example_dags/example_nested_branch_dag.py
[2023-09-04T12:46:18.514+0000] {processor.py:836} INFO - DAG(s) dict_keys(['example_nested_branch_dag']) retrieved from /home/airflow/.local/lib/python3.7/site-packages/airflow/example_dags/example_nested_branch_dag.py
[2023-09-04T12:46:18.568+0000] {logging_mixin.py:150} INFO - [2023-09-04T12:46:18.567+0000] {dag.py:2742} INFO - Sync 1 DAGs
[2023-09-04T12:46:18.627+0000] {logging_mixin.py:150} INFO - [2023-09-04T12:46:18.627+0000] {dag.py:3508} INFO - Setting next_dagrun for example_nested_branch_dag to 2023-09-03T00:00:00+00:00, run_after=2023-09-04T00:00:00+00:00
[2023-09-04T12:46:18.667+0000] {processor.py:179} INFO - Processing /home/airflow/.local/lib/python3.7/site-packages/airflow/example_dags/example_nested_branch_dag.py took 0.183 seconds
[2023-09-04T12:46:49.206+0000] {processor.py:157} INFO - Started process (PID=825) to work on /home/airflow/.local/lib/python3.7/site-packages/airflow/example_dags/example_nested_branch_dag.py
[2023-09-04T12:46:49.208+0000] {processor.py:826} INFO - Processing file /home/airflow/.local/lib/python3.7/site-packages/airflow/example_dags/example_nested_branch_dag.py for tasks to queue
[2023-09-04T12:46:49.210+0000] {logging_mixin.py:150} INFO - [2023-09-04T12:46:49.210+0000] {dagbag.py:541} INFO - Filling up the DagBag from /home/airflow/.local/lib/python3.7/site-packages/airflow/example_dags/example_nested_branch_dag.py
[2023-09-04T12:46:49.229+0000] {processor.py:836} INFO - DAG(s) dict_keys(['example_nested_branch_dag']) retrieved from /home/airflow/.local/lib/python3.7/site-packages/airflow/example_dags/example_nested_branch_dag.py
[2023-09-04T12:46:49.276+0000] {logging_mixin.py:150} INFO - [2023-09-04T12:46:49.276+0000] {dag.py:2742} INFO - Sync 1 DAGs
[2023-09-04T12:46:49.336+0000] {logging_mixin.py:150} INFO - [2023-09-04T12:46:49.336+0000] {dag.py:3508} INFO - Setting next_dagrun for example_nested_branch_dag to 2023-09-03T00:00:00+00:00, run_after=2023-09-04T00:00:00+00:00
[2023-09-04T12:46:49.391+0000] {processor.py:179} INFO - Processing /home/airflow/.local/lib/python3.7/site-packages/airflow/example_dags/example_nested_branch_dag.py took 0.193 seconds
[2023-09-04T12:47:19.865+0000] {processor.py:157} INFO - Started process (PID=883) to work on /home/airflow/.local/lib/python3.7/site-packages/airflow/example_dags/example_nested_branch_dag.py
[2023-09-04T12:47:19.871+0000] {processor.py:826} INFO - Processing file /home/airflow/.local/lib/python3.7/site-packages/airflow/example_dags/example_nested_branch_dag.py for tasks to queue
[2023-09-04T12:47:19.875+0000] {logging_mixin.py:150} INFO - [2023-09-04T12:47:19.874+0000] {dagbag.py:541} INFO - Filling up the DagBag from /home/airflow/.local/lib/python3.7/site-packages/airflow/example_dags/example_nested_branch_dag.py
[2023-09-04T12:47:19.916+0000] {processor.py:836} INFO - DAG(s) dict_keys(['example_nested_branch_dag']) retrieved from /home/airflow/.local/lib/python3.7/site-packages/airflow/example_dags/example_nested_branch_dag.py
[2023-09-04T12:47:20.013+0000] {logging_mixin.py:150} INFO - [2023-09-04T12:47:20.013+0000] {dag.py:2742} INFO - Sync 1 DAGs
[2023-09-04T12:47:20.129+0000] {logging_mixin.py:150} INFO - [2023-09-04T12:47:20.129+0000] {dag.py:3508} INFO - Setting next_dagrun for example_nested_branch_dag to 2023-09-03T00:00:00+00:00, run_after=2023-09-04T00:00:00+00:00
[2023-09-04T12:47:20.245+0000] {processor.py:179} INFO - Processing /home/airflow/.local/lib/python3.7/site-packages/airflow/example_dags/example_nested_branch_dag.py took 0.387 seconds
[2023-09-04T12:47:50.613+0000] {processor.py:157} INFO - Started process (PID=943) to work on /home/airflow/.local/lib/python3.7/site-packages/airflow/example_dags/example_nested_branch_dag.py
[2023-09-04T12:47:50.618+0000] {processor.py:826} INFO - Processing file /home/airflow/.local/lib/python3.7/site-packages/airflow/example_dags/example_nested_branch_dag.py for tasks to queue
[2023-09-04T12:47:50.629+0000] {logging_mixin.py:150} INFO - [2023-09-04T12:47:50.629+0000] {dagbag.py:541} INFO - Filling up the DagBag from /home/airflow/.local/lib/python3.7/site-packages/airflow/example_dags/example_nested_branch_dag.py
[2023-09-04T12:47:50.673+0000] {processor.py:836} INFO - DAG(s) dict_keys(['example_nested_branch_dag']) retrieved from /home/airflow/.local/lib/python3.7/site-packages/airflow/example_dags/example_nested_branch_dag.py
[2023-09-04T12:47:50.764+0000] {logging_mixin.py:150} INFO - [2023-09-04T12:47:50.764+0000] {dag.py:2742} INFO - Sync 1 DAGs
[2023-09-04T12:47:50.847+0000] {logging_mixin.py:150} INFO - [2023-09-04T12:47:50.847+0000] {dag.py:3508} INFO - Setting next_dagrun for example_nested_branch_dag to 2023-09-03T00:00:00+00:00, run_after=2023-09-04T00:00:00+00:00
[2023-09-04T12:47:50.914+0000] {processor.py:179} INFO - Processing /home/airflow/.local/lib/python3.7/site-packages/airflow/example_dags/example_nested_branch_dag.py took 0.332 seconds
[2023-09-04T12:48:21.133+0000] {processor.py:157} INFO - Started process (PID=1002) to work on /home/airflow/.local/lib/python3.7/site-packages/airflow/example_dags/example_nested_branch_dag.py
[2023-09-04T12:48:21.136+0000] {processor.py:826} INFO - Processing file /home/airflow/.local/lib/python3.7/site-packages/airflow/example_dags/example_nested_branch_dag.py for tasks to queue
[2023-09-04T12:48:21.141+0000] {logging_mixin.py:150} INFO - [2023-09-04T12:48:21.140+0000] {dagbag.py:541} INFO - Filling up the DagBag from /home/airflow/.local/lib/python3.7/site-packages/airflow/example_dags/example_nested_branch_dag.py
[2023-09-04T12:48:21.179+0000] {processor.py:836} INFO - DAG(s) dict_keys(['example_nested_branch_dag']) retrieved from /home/airflow/.local/lib/python3.7/site-packages/airflow/example_dags/example_nested_branch_dag.py
[2023-09-04T12:48:21.284+0000] {logging_mixin.py:150} INFO - [2023-09-04T12:48:21.283+0000] {dag.py:2742} INFO - Sync 1 DAGs
[2023-09-04T12:48:21.339+0000] {logging_mixin.py:150} INFO - [2023-09-04T12:48:21.338+0000] {dag.py:3508} INFO - Setting next_dagrun for example_nested_branch_dag to 2023-09-03T00:00:00+00:00, run_after=2023-09-04T00:00:00+00:00
[2023-09-04T12:48:21.382+0000] {processor.py:179} INFO - Processing /home/airflow/.local/lib/python3.7/site-packages/airflow/example_dags/example_nested_branch_dag.py took 0.261 seconds
[2023-09-04T12:48:52.077+0000] {processor.py:157} INFO - Started process (PID=1062) to work on /home/airflow/.local/lib/python3.7/site-packages/airflow/example_dags/example_nested_branch_dag.py
[2023-09-04T12:48:52.081+0000] {processor.py:826} INFO - Processing file /home/airflow/.local/lib/python3.7/site-packages/airflow/example_dags/example_nested_branch_dag.py for tasks to queue
[2023-09-04T12:48:52.083+0000] {logging_mixin.py:150} INFO - [2023-09-04T12:48:52.083+0000] {dagbag.py:541} INFO - Filling up the DagBag from /home/airflow/.local/lib/python3.7/site-packages/airflow/example_dags/example_nested_branch_dag.py
[2023-09-04T12:48:52.107+0000] {processor.py:836} INFO - DAG(s) dict_keys(['example_nested_branch_dag']) retrieved from /home/airflow/.local/lib/python3.7/site-packages/airflow/example_dags/example_nested_branch_dag.py
[2023-09-04T12:48:52.171+0000] {logging_mixin.py:150} INFO - [2023-09-04T12:48:52.171+0000] {dag.py:2742} INFO - Sync 1 DAGs
[2023-09-04T12:48:52.224+0000] {logging_mixin.py:150} INFO - [2023-09-04T12:48:52.224+0000] {dag.py:3508} INFO - Setting next_dagrun for example_nested_branch_dag to 2023-09-03T00:00:00+00:00, run_after=2023-09-04T00:00:00+00:00
[2023-09-04T12:48:52.272+0000] {processor.py:179} INFO - Processing /home/airflow/.local/lib/python3.7/site-packages/airflow/example_dags/example_nested_branch_dag.py took 0.202 seconds
[2023-09-04T12:49:22.614+0000] {processor.py:157} INFO - Started process (PID=1120) to work on /home/airflow/.local/lib/python3.7/site-packages/airflow/example_dags/example_nested_branch_dag.py
[2023-09-04T12:49:22.616+0000] {processor.py:826} INFO - Processing file /home/airflow/.local/lib/python3.7/site-packages/airflow/example_dags/example_nested_branch_dag.py for tasks to queue
[2023-09-04T12:49:22.619+0000] {logging_mixin.py:150} INFO - [2023-09-04T12:49:22.619+0000] {dagbag.py:541} INFO - Filling up the DagBag from /home/airflow/.local/lib/python3.7/site-packages/airflow/example_dags/example_nested_branch_dag.py
[2023-09-04T12:49:22.647+0000] {processor.py:836} INFO - DAG(s) dict_keys(['example_nested_branch_dag']) retrieved from /home/airflow/.local/lib/python3.7/site-packages/airflow/example_dags/example_nested_branch_dag.py
[2023-09-04T12:49:22.696+0000] {logging_mixin.py:150} INFO - [2023-09-04T12:49:22.696+0000] {dag.py:2742} INFO - Sync 1 DAGs
[2023-09-04T12:49:22.752+0000] {logging_mixin.py:150} INFO - [2023-09-04T12:49:22.752+0000] {dag.py:3508} INFO - Setting next_dagrun for example_nested_branch_dag to 2023-09-03T00:00:00+00:00, run_after=2023-09-04T00:00:00+00:00
[2023-09-04T12:49:22.793+0000] {processor.py:179} INFO - Processing /home/airflow/.local/lib/python3.7/site-packages/airflow/example_dags/example_nested_branch_dag.py took 0.189 seconds
[2023-09-04T12:51:12.787+0000] {processor.py:157} INFO - Started process (PID=52) to work on /home/airflow/.local/lib/python3.7/site-packages/airflow/example_dags/example_nested_branch_dag.py
[2023-09-04T12:51:12.803+0000] {processor.py:826} INFO - Processing file /home/airflow/.local/lib/python3.7/site-packages/airflow/example_dags/example_nested_branch_dag.py for tasks to queue
[2023-09-04T12:51:12.805+0000] {logging_mixin.py:150} INFO - [2023-09-04T12:51:12.804+0000] {dagbag.py:541} INFO - Filling up the DagBag from /home/airflow/.local/lib/python3.7/site-packages/airflow/example_dags/example_nested_branch_dag.py
[2023-09-04T12:51:12.879+0000] {processor.py:836} INFO - DAG(s) dict_keys(['example_nested_branch_dag']) retrieved from /home/airflow/.local/lib/python3.7/site-packages/airflow/example_dags/example_nested_branch_dag.py
[2023-09-04T12:51:13.027+0000] {logging_mixin.py:150} INFO - [2023-09-04T12:51:13.027+0000] {dag.py:2742} INFO - Sync 1 DAGs
[2023-09-04T12:51:13.156+0000] {logging_mixin.py:150} INFO - [2023-09-04T12:51:13.155+0000] {dag.py:3508} INFO - Setting next_dagrun for example_nested_branch_dag to 2023-09-03T00:00:00+00:00, run_after=2023-09-04T00:00:00+00:00
[2023-09-04T12:51:13.262+0000] {processor.py:179} INFO - Processing /home/airflow/.local/lib/python3.7/site-packages/airflow/example_dags/example_nested_branch_dag.py took 0.491 seconds
[2023-09-04T12:51:43.668+0000] {processor.py:157} INFO - Started process (PID=110) to work on /home/airflow/.local/lib/python3.7/site-packages/airflow/example_dags/example_nested_branch_dag.py
[2023-09-04T12:51:43.673+0000] {processor.py:826} INFO - Processing file /home/airflow/.local/lib/python3.7/site-packages/airflow/example_dags/example_nested_branch_dag.py for tasks to queue
[2023-09-04T12:51:43.677+0000] {logging_mixin.py:150} INFO - [2023-09-04T12:51:43.676+0000] {dagbag.py:541} INFO - Filling up the DagBag from /home/airflow/.local/lib/python3.7/site-packages/airflow/example_dags/example_nested_branch_dag.py
[2023-09-04T12:51:43.722+0000] {processor.py:836} INFO - DAG(s) dict_keys(['example_nested_branch_dag']) retrieved from /home/airflow/.local/lib/python3.7/site-packages/airflow/example_dags/example_nested_branch_dag.py
[2023-09-04T12:51:43.799+0000] {logging_mixin.py:150} INFO - [2023-09-04T12:51:43.798+0000] {dag.py:2742} INFO - Sync 1 DAGs
[2023-09-04T12:51:43.871+0000] {logging_mixin.py:150} INFO - [2023-09-04T12:51:43.871+0000] {dag.py:3508} INFO - Setting next_dagrun for example_nested_branch_dag to 2023-09-03T00:00:00+00:00, run_after=2023-09-04T00:00:00+00:00
[2023-09-04T12:51:43.969+0000] {processor.py:179} INFO - Processing /home/airflow/.local/lib/python3.7/site-packages/airflow/example_dags/example_nested_branch_dag.py took 0.312 seconds
[2023-09-04T12:52:14.455+0000] {processor.py:157} INFO - Started process (PID=169) to work on /home/airflow/.local/lib/python3.7/site-packages/airflow/example_dags/example_nested_branch_dag.py
[2023-09-04T12:52:14.460+0000] {processor.py:826} INFO - Processing file /home/airflow/.local/lib/python3.7/site-packages/airflow/example_dags/example_nested_branch_dag.py for tasks to queue
[2023-09-04T12:52:14.464+0000] {logging_mixin.py:150} INFO - [2023-09-04T12:52:14.463+0000] {dagbag.py:541} INFO - Filling up the DagBag from /home/airflow/.local/lib/python3.7/site-packages/airflow/example_dags/example_nested_branch_dag.py
[2023-09-04T12:52:14.485+0000] {processor.py:836} INFO - DAG(s) dict_keys(['example_nested_branch_dag']) retrieved from /home/airflow/.local/lib/python3.7/site-packages/airflow/example_dags/example_nested_branch_dag.py
[2023-09-04T12:52:14.541+0000] {logging_mixin.py:150} INFO - [2023-09-04T12:52:14.540+0000] {dag.py:2742} INFO - Sync 1 DAGs
[2023-09-04T12:52:14.600+0000] {logging_mixin.py:150} INFO - [2023-09-04T12:52:14.600+0000] {dag.py:3508} INFO - Setting next_dagrun for example_nested_branch_dag to 2023-09-03T00:00:00+00:00, run_after=2023-09-04T00:00:00+00:00
[2023-09-04T12:52:14.639+0000] {processor.py:179} INFO - Processing /home/airflow/.local/lib/python3.7/site-packages/airflow/example_dags/example_nested_branch_dag.py took 0.191 seconds
[2023-09-04T12:52:47.443+0000] {processor.py:157} INFO - Started process (PID=228) to work on /home/airflow/.local/lib/python3.7/site-packages/airflow/example_dags/example_nested_branch_dag.py
[2023-09-04T12:52:47.456+0000] {processor.py:826} INFO - Processing file /home/airflow/.local/lib/python3.7/site-packages/airflow/example_dags/example_nested_branch_dag.py for tasks to queue
[2023-09-04T12:52:47.462+0000] {logging_mixin.py:150} INFO - [2023-09-04T12:52:47.462+0000] {dagbag.py:541} INFO - Filling up the DagBag from /home/airflow/.local/lib/python3.7/site-packages/airflow/example_dags/example_nested_branch_dag.py
[2023-09-04T12:52:47.523+0000] {processor.py:836} INFO - DAG(s) dict_keys(['example_nested_branch_dag']) retrieved from /home/airflow/.local/lib/python3.7/site-packages/airflow/example_dags/example_nested_branch_dag.py
[2023-09-04T12:52:47.678+0000] {logging_mixin.py:150} INFO - [2023-09-04T12:52:47.678+0000] {dag.py:2742} INFO - Sync 1 DAGs
[2023-09-04T12:52:47.841+0000] {logging_mixin.py:150} INFO - [2023-09-04T12:52:47.840+0000] {dag.py:3508} INFO - Setting next_dagrun for example_nested_branch_dag to 2023-09-03T00:00:00+00:00, run_after=2023-09-04T00:00:00+00:00
[2023-09-04T12:52:47.945+0000] {processor.py:179} INFO - Processing /home/airflow/.local/lib/python3.7/site-packages/airflow/example_dags/example_nested_branch_dag.py took 0.510 seconds
[2023-09-04T12:53:18.692+0000] {processor.py:157} INFO - Started process (PID=288) to work on /home/airflow/.local/lib/python3.7/site-packages/airflow/example_dags/example_nested_branch_dag.py
[2023-09-04T12:53:18.694+0000] {processor.py:826} INFO - Processing file /home/airflow/.local/lib/python3.7/site-packages/airflow/example_dags/example_nested_branch_dag.py for tasks to queue
[2023-09-04T12:53:18.696+0000] {logging_mixin.py:150} INFO - [2023-09-04T12:53:18.696+0000] {dagbag.py:541} INFO - Filling up the DagBag from /home/airflow/.local/lib/python3.7/site-packages/airflow/example_dags/example_nested_branch_dag.py
[2023-09-04T12:53:18.718+0000] {processor.py:836} INFO - DAG(s) dict_keys(['example_nested_branch_dag']) retrieved from /home/airflow/.local/lib/python3.7/site-packages/airflow/example_dags/example_nested_branch_dag.py
[2023-09-04T12:53:18.794+0000] {logging_mixin.py:150} INFO - [2023-09-04T12:53:18.793+0000] {dag.py:2742} INFO - Sync 1 DAGs
[2023-09-04T12:53:18.876+0000] {logging_mixin.py:150} INFO - [2023-09-04T12:53:18.876+0000] {dag.py:3508} INFO - Setting next_dagrun for example_nested_branch_dag to 2023-09-03T00:00:00+00:00, run_after=2023-09-04T00:00:00+00:00
[2023-09-04T12:53:18.921+0000] {processor.py:179} INFO - Processing /home/airflow/.local/lib/python3.7/site-packages/airflow/example_dags/example_nested_branch_dag.py took 0.236 seconds
[2023-09-04T12:53:50.044+0000] {processor.py:157} INFO - Started process (PID=342) to work on /home/airflow/.local/lib/python3.7/site-packages/airflow/example_dags/example_nested_branch_dag.py
[2023-09-04T12:53:50.051+0000] {processor.py:826} INFO - Processing file /home/airflow/.local/lib/python3.7/site-packages/airflow/example_dags/example_nested_branch_dag.py for tasks to queue
[2023-09-04T12:53:50.054+0000] {logging_mixin.py:150} INFO - [2023-09-04T12:53:50.053+0000] {dagbag.py:541} INFO - Filling up the DagBag from /home/airflow/.local/lib/python3.7/site-packages/airflow/example_dags/example_nested_branch_dag.py
[2023-09-04T12:53:50.085+0000] {processor.py:836} INFO - DAG(s) dict_keys(['example_nested_branch_dag']) retrieved from /home/airflow/.local/lib/python3.7/site-packages/airflow/example_dags/example_nested_branch_dag.py
[2023-09-04T12:53:50.143+0000] {logging_mixin.py:150} INFO - [2023-09-04T12:53:50.143+0000] {dag.py:2742} INFO - Sync 1 DAGs
[2023-09-04T12:53:50.290+0000] {logging_mixin.py:150} INFO - [2023-09-04T12:53:50.290+0000] {dag.py:3508} INFO - Setting next_dagrun for example_nested_branch_dag to 2023-09-03T00:00:00+00:00, run_after=2023-09-04T00:00:00+00:00
[2023-09-04T12:53:50.407+0000] {processor.py:179} INFO - Processing /home/airflow/.local/lib/python3.7/site-packages/airflow/example_dags/example_nested_branch_dag.py took 0.375 seconds
[2023-09-04T12:54:20.677+0000] {processor.py:157} INFO - Started process (PID=400) to work on /home/airflow/.local/lib/python3.7/site-packages/airflow/example_dags/example_nested_branch_dag.py
[2023-09-04T12:54:20.681+0000] {processor.py:826} INFO - Processing file /home/airflow/.local/lib/python3.7/site-packages/airflow/example_dags/example_nested_branch_dag.py for tasks to queue
[2023-09-04T12:54:20.684+0000] {logging_mixin.py:150} INFO - [2023-09-04T12:54:20.683+0000] {dagbag.py:541} INFO - Filling up the DagBag from /home/airflow/.local/lib/python3.7/site-packages/airflow/example_dags/example_nested_branch_dag.py
[2023-09-04T12:54:20.705+0000] {processor.py:836} INFO - DAG(s) dict_keys(['example_nested_branch_dag']) retrieved from /home/airflow/.local/lib/python3.7/site-packages/airflow/example_dags/example_nested_branch_dag.py
[2023-09-04T12:54:20.751+0000] {logging_mixin.py:150} INFO - [2023-09-04T12:54:20.751+0000] {dag.py:2742} INFO - Sync 1 DAGs
[2023-09-04T12:54:20.797+0000] {logging_mixin.py:150} INFO - [2023-09-04T12:54:20.797+0000] {dag.py:3508} INFO - Setting next_dagrun for example_nested_branch_dag to 2023-09-03T00:00:00+00:00, run_after=2023-09-04T00:00:00+00:00
[2023-09-04T12:54:20.835+0000] {processor.py:179} INFO - Processing /home/airflow/.local/lib/python3.7/site-packages/airflow/example_dags/example_nested_branch_dag.py took 0.165 seconds
[2023-09-04T12:54:51.419+0000] {processor.py:157} INFO - Started process (PID=459) to work on /home/airflow/.local/lib/python3.7/site-packages/airflow/example_dags/example_nested_branch_dag.py
[2023-09-04T12:54:51.421+0000] {processor.py:826} INFO - Processing file /home/airflow/.local/lib/python3.7/site-packages/airflow/example_dags/example_nested_branch_dag.py for tasks to queue
[2023-09-04T12:54:51.424+0000] {logging_mixin.py:150} INFO - [2023-09-04T12:54:51.423+0000] {dagbag.py:541} INFO - Filling up the DagBag from /home/airflow/.local/lib/python3.7/site-packages/airflow/example_dags/example_nested_branch_dag.py
[2023-09-04T12:54:51.453+0000] {processor.py:836} INFO - DAG(s) dict_keys(['example_nested_branch_dag']) retrieved from /home/airflow/.local/lib/python3.7/site-packages/airflow/example_dags/example_nested_branch_dag.py
[2023-09-04T12:54:51.508+0000] {logging_mixin.py:150} INFO - [2023-09-04T12:54:51.508+0000] {dag.py:2742} INFO - Sync 1 DAGs
[2023-09-04T12:54:51.588+0000] {logging_mixin.py:150} INFO - [2023-09-04T12:54:51.588+0000] {dag.py:3508} INFO - Setting next_dagrun for example_nested_branch_dag to 2023-09-03T00:00:00+00:00, run_after=2023-09-04T00:00:00+00:00
[2023-09-04T12:54:51.634+0000] {processor.py:179} INFO - Processing /home/airflow/.local/lib/python3.7/site-packages/airflow/example_dags/example_nested_branch_dag.py took 0.221 seconds
[2023-09-04T12:55:22.298+0000] {processor.py:157} INFO - Started process (PID=518) to work on /home/airflow/.local/lib/python3.7/site-packages/airflow/example_dags/example_nested_branch_dag.py
[2023-09-04T12:55:22.300+0000] {processor.py:826} INFO - Processing file /home/airflow/.local/lib/python3.7/site-packages/airflow/example_dags/example_nested_branch_dag.py for tasks to queue
[2023-09-04T12:55:22.302+0000] {logging_mixin.py:150} INFO - [2023-09-04T12:55:22.302+0000] {dagbag.py:541} INFO - Filling up the DagBag from /home/airflow/.local/lib/python3.7/site-packages/airflow/example_dags/example_nested_branch_dag.py
[2023-09-04T12:55:22.326+0000] {processor.py:836} INFO - DAG(s) dict_keys(['example_nested_branch_dag']) retrieved from /home/airflow/.local/lib/python3.7/site-packages/airflow/example_dags/example_nested_branch_dag.py
[2023-09-04T12:55:22.377+0000] {logging_mixin.py:150} INFO - [2023-09-04T12:55:22.377+0000] {dag.py:2742} INFO - Sync 1 DAGs
[2023-09-04T12:55:22.443+0000] {logging_mixin.py:150} INFO - [2023-09-04T12:55:22.443+0000] {dag.py:3508} INFO - Setting next_dagrun for example_nested_branch_dag to 2023-09-03T00:00:00+00:00, run_after=2023-09-04T00:00:00+00:00
[2023-09-04T12:55:22.490+0000] {processor.py:179} INFO - Processing /home/airflow/.local/lib/python3.7/site-packages/airflow/example_dags/example_nested_branch_dag.py took 0.199 seconds
[2023-09-04T12:55:52.565+0000] {processor.py:157} INFO - Started process (PID=577) to work on /home/airflow/.local/lib/python3.7/site-packages/airflow/example_dags/example_nested_branch_dag.py
[2023-09-04T12:55:52.568+0000] {processor.py:826} INFO - Processing file /home/airflow/.local/lib/python3.7/site-packages/airflow/example_dags/example_nested_branch_dag.py for tasks to queue
[2023-09-04T12:55:52.572+0000] {logging_mixin.py:150} INFO - [2023-09-04T12:55:52.571+0000] {dagbag.py:541} INFO - Filling up the DagBag from /home/airflow/.local/lib/python3.7/site-packages/airflow/example_dags/example_nested_branch_dag.py
[2023-09-04T12:55:52.637+0000] {processor.py:836} INFO - DAG(s) dict_keys(['example_nested_branch_dag']) retrieved from /home/airflow/.local/lib/python3.7/site-packages/airflow/example_dags/example_nested_branch_dag.py
[2023-09-04T12:55:52.792+0000] {logging_mixin.py:150} INFO - [2023-09-04T12:55:52.791+0000] {dag.py:2742} INFO - Sync 1 DAGs
[2023-09-04T12:55:52.920+0000] {logging_mixin.py:150} INFO - [2023-09-04T12:55:52.919+0000] {dag.py:3508} INFO - Setting next_dagrun for example_nested_branch_dag to 2023-09-03T00:00:00+00:00, run_after=2023-09-04T00:00:00+00:00
[2023-09-04T12:55:53.021+0000] {processor.py:179} INFO - Processing /home/airflow/.local/lib/python3.7/site-packages/airflow/example_dags/example_nested_branch_dag.py took 0.467 seconds
[2023-09-04T12:56:23.622+0000] {processor.py:157} INFO - Started process (PID=636) to work on /home/airflow/.local/lib/python3.7/site-packages/airflow/example_dags/example_nested_branch_dag.py
[2023-09-04T12:56:23.625+0000] {processor.py:826} INFO - Processing file /home/airflow/.local/lib/python3.7/site-packages/airflow/example_dags/example_nested_branch_dag.py for tasks to queue
[2023-09-04T12:56:23.627+0000] {logging_mixin.py:150} INFO - [2023-09-04T12:56:23.626+0000] {dagbag.py:541} INFO - Filling up the DagBag from /home/airflow/.local/lib/python3.7/site-packages/airflow/example_dags/example_nested_branch_dag.py
[2023-09-04T12:56:23.651+0000] {processor.py:836} INFO - DAG(s) dict_keys(['example_nested_branch_dag']) retrieved from /home/airflow/.local/lib/python3.7/site-packages/airflow/example_dags/example_nested_branch_dag.py
[2023-09-04T12:56:23.719+0000] {logging_mixin.py:150} INFO - [2023-09-04T12:56:23.719+0000] {dag.py:2742} INFO - Sync 1 DAGs
[2023-09-04T12:56:23.784+0000] {logging_mixin.py:150} INFO - [2023-09-04T12:56:23.783+0000] {dag.py:3508} INFO - Setting next_dagrun for example_nested_branch_dag to 2023-09-03T00:00:00+00:00, run_after=2023-09-04T00:00:00+00:00
[2023-09-04T12:56:23.828+0000] {processor.py:179} INFO - Processing /home/airflow/.local/lib/python3.7/site-packages/airflow/example_dags/example_nested_branch_dag.py took 0.212 seconds
[2023-09-04T12:56:54.295+0000] {processor.py:157} INFO - Started process (PID=695) to work on /home/airflow/.local/lib/python3.7/site-packages/airflow/example_dags/example_nested_branch_dag.py
[2023-09-04T12:56:54.297+0000] {processor.py:826} INFO - Processing file /home/airflow/.local/lib/python3.7/site-packages/airflow/example_dags/example_nested_branch_dag.py for tasks to queue
[2023-09-04T12:56:54.300+0000] {logging_mixin.py:150} INFO - [2023-09-04T12:56:54.299+0000] {dagbag.py:541} INFO - Filling up the DagBag from /home/airflow/.local/lib/python3.7/site-packages/airflow/example_dags/example_nested_branch_dag.py
[2023-09-04T12:56:54.324+0000] {processor.py:836} INFO - DAG(s) dict_keys(['example_nested_branch_dag']) retrieved from /home/airflow/.local/lib/python3.7/site-packages/airflow/example_dags/example_nested_branch_dag.py
[2023-09-04T12:56:54.376+0000] {logging_mixin.py:150} INFO - [2023-09-04T12:56:54.375+0000] {dag.py:2742} INFO - Sync 1 DAGs
[2023-09-04T12:56:54.441+0000] {logging_mixin.py:150} INFO - [2023-09-04T12:56:54.441+0000] {dag.py:3508} INFO - Setting next_dagrun for example_nested_branch_dag to 2023-09-03T00:00:00+00:00, run_after=2023-09-04T00:00:00+00:00
[2023-09-04T12:56:54.486+0000] {processor.py:179} INFO - Processing /home/airflow/.local/lib/python3.7/site-packages/airflow/example_dags/example_nested_branch_dag.py took 0.198 seconds
[2023-09-04T12:57:26.036+0000] {processor.py:157} INFO - Started process (PID=754) to work on /home/airflow/.local/lib/python3.7/site-packages/airflow/example_dags/example_nested_branch_dag.py
[2023-09-04T12:57:26.042+0000] {processor.py:826} INFO - Processing file /home/airflow/.local/lib/python3.7/site-packages/airflow/example_dags/example_nested_branch_dag.py for tasks to queue
[2023-09-04T12:57:26.046+0000] {logging_mixin.py:150} INFO - [2023-09-04T12:57:26.046+0000] {dagbag.py:541} INFO - Filling up the DagBag from /home/airflow/.local/lib/python3.7/site-packages/airflow/example_dags/example_nested_branch_dag.py
[2023-09-04T12:57:26.090+0000] {processor.py:836} INFO - DAG(s) dict_keys(['example_nested_branch_dag']) retrieved from /home/airflow/.local/lib/python3.7/site-packages/airflow/example_dags/example_nested_branch_dag.py
[2023-09-04T12:57:26.181+0000] {logging_mixin.py:150} INFO - [2023-09-04T12:57:26.181+0000] {dag.py:2742} INFO - Sync 1 DAGs
[2023-09-04T12:57:26.325+0000] {logging_mixin.py:150} INFO - [2023-09-04T12:57:26.325+0000] {dag.py:3508} INFO - Setting next_dagrun for example_nested_branch_dag to 2023-09-03T00:00:00+00:00, run_after=2023-09-04T00:00:00+00:00
[2023-09-04T12:57:26.434+0000] {processor.py:179} INFO - Processing /home/airflow/.local/lib/python3.7/site-packages/airflow/example_dags/example_nested_branch_dag.py took 0.405 seconds
[2023-09-04T12:57:57.095+0000] {processor.py:157} INFO - Started process (PID=813) to work on /home/airflow/.local/lib/python3.7/site-packages/airflow/example_dags/example_nested_branch_dag.py
[2023-09-04T12:57:57.098+0000] {processor.py:826} INFO - Processing file /home/airflow/.local/lib/python3.7/site-packages/airflow/example_dags/example_nested_branch_dag.py for tasks to queue
[2023-09-04T12:57:57.100+0000] {logging_mixin.py:150} INFO - [2023-09-04T12:57:57.100+0000] {dagbag.py:541} INFO - Filling up the DagBag from /home/airflow/.local/lib/python3.7/site-packages/airflow/example_dags/example_nested_branch_dag.py
[2023-09-04T12:57:57.132+0000] {processor.py:836} INFO - DAG(s) dict_keys(['example_nested_branch_dag']) retrieved from /home/airflow/.local/lib/python3.7/site-packages/airflow/example_dags/example_nested_branch_dag.py
[2023-09-04T12:57:57.191+0000] {logging_mixin.py:150} INFO - [2023-09-04T12:57:57.191+0000] {dag.py:2742} INFO - Sync 1 DAGs
[2023-09-04T12:57:57.251+0000] {logging_mixin.py:150} INFO - [2023-09-04T12:57:57.250+0000] {dag.py:3508} INFO - Setting next_dagrun for example_nested_branch_dag to 2023-09-03T00:00:00+00:00, run_after=2023-09-04T00:00:00+00:00
[2023-09-04T12:57:57.304+0000] {processor.py:179} INFO - Processing /home/airflow/.local/lib/python3.7/site-packages/airflow/example_dags/example_nested_branch_dag.py took 0.215 seconds
[2023-09-04T12:58:27.657+0000] {processor.py:157} INFO - Started process (PID=872) to work on /home/airflow/.local/lib/python3.7/site-packages/airflow/example_dags/example_nested_branch_dag.py
[2023-09-04T12:58:27.663+0000] {processor.py:826} INFO - Processing file /home/airflow/.local/lib/python3.7/site-packages/airflow/example_dags/example_nested_branch_dag.py for tasks to queue
[2023-09-04T12:58:27.668+0000] {logging_mixin.py:150} INFO - [2023-09-04T12:58:27.666+0000] {dagbag.py:541} INFO - Filling up the DagBag from /home/airflow/.local/lib/python3.7/site-packages/airflow/example_dags/example_nested_branch_dag.py
[2023-09-04T12:58:27.707+0000] {processor.py:836} INFO - DAG(s) dict_keys(['example_nested_branch_dag']) retrieved from /home/airflow/.local/lib/python3.7/site-packages/airflow/example_dags/example_nested_branch_dag.py
[2023-09-04T12:58:27.779+0000] {logging_mixin.py:150} INFO - [2023-09-04T12:58:27.778+0000] {dag.py:2742} INFO - Sync 1 DAGs
[2023-09-04T12:58:27.843+0000] {logging_mixin.py:150} INFO - [2023-09-04T12:58:27.842+0000] {dag.py:3508} INFO - Setting next_dagrun for example_nested_branch_dag to 2023-09-03T00:00:00+00:00, run_after=2023-09-04T00:00:00+00:00
[2023-09-04T12:58:27.882+0000] {processor.py:179} INFO - Processing /home/airflow/.local/lib/python3.7/site-packages/airflow/example_dags/example_nested_branch_dag.py took 0.237 seconds
