[2023-09-04T12:39:25.141+0000] {processor.py:157} INFO - Started process (PID=73) to work on /home/airflow/.local/lib/python3.7/site-packages/airflow/example_dags/example_latest_only.py
[2023-09-04T12:39:25.143+0000] {processor.py:826} INFO - Processing file /home/airflow/.local/lib/python3.7/site-packages/airflow/example_dags/example_latest_only.py for tasks to queue
[2023-09-04T12:39:25.167+0000] {logging_mixin.py:150} INFO - [2023-09-04T12:39:25.167+0000] {dagbag.py:541} INFO - Filling up the DagBag from /home/airflow/.local/lib/python3.7/site-packages/airflow/example_dags/example_latest_only.py
[2023-09-04T12:39:25.215+0000] {processor.py:836} INFO - DAG(s) dict_keys(['latest_only']) retrieved from /home/airflow/.local/lib/python3.7/site-packages/airflow/example_dags/example_latest_only.py
[2023-09-04T12:39:25.466+0000] {logging_mixin.py:150} INFO - [2023-09-04T12:39:25.466+0000] {dag.py:2742} INFO - Sync 1 DAGs
[2023-09-04T12:39:26.281+0000] {logging_mixin.py:150} INFO - [2023-09-04T12:39:26.281+0000] {dag.py:3508} INFO - Setting next_dagrun for latest_only to 2023-09-04T08:39:26.281128+00:00, run_after=2023-09-04T12:39:26.281128+00:00
[2023-09-04T12:39:26.444+0000] {processor.py:179} INFO - Processing /home/airflow/.local/lib/python3.7/site-packages/airflow/example_dags/example_latest_only.py took 1.312 seconds
[2023-09-04T12:39:57.177+0000] {processor.py:157} INFO - Started process (PID=132) to work on /home/airflow/.local/lib/python3.7/site-packages/airflow/example_dags/example_latest_only.py
[2023-09-04T12:39:57.190+0000] {processor.py:826} INFO - Processing file /home/airflow/.local/lib/python3.7/site-packages/airflow/example_dags/example_latest_only.py for tasks to queue
[2023-09-04T12:39:57.203+0000] {logging_mixin.py:150} INFO - [2023-09-04T12:39:57.203+0000] {dagbag.py:541} INFO - Filling up the DagBag from /home/airflow/.local/lib/python3.7/site-packages/airflow/example_dags/example_latest_only.py
[2023-09-04T12:39:57.245+0000] {processor.py:836} INFO - DAG(s) dict_keys(['latest_only']) retrieved from /home/airflow/.local/lib/python3.7/site-packages/airflow/example_dags/example_latest_only.py
[2023-09-04T12:39:57.443+0000] {logging_mixin.py:150} INFO - [2023-09-04T12:39:57.432+0000] {dag.py:2742} INFO - Sync 1 DAGs
[2023-09-04T12:39:57.699+0000] {logging_mixin.py:150} INFO - [2023-09-04T12:39:57.688+0000] {dag.py:3508} INFO - Setting next_dagrun for latest_only to 2023-09-04T08:39:57.687619+00:00, run_after=2023-09-04T12:39:57.687619+00:00
[2023-09-04T12:39:57.925+0000] {processor.py:179} INFO - Processing /home/airflow/.local/lib/python3.7/site-packages/airflow/example_dags/example_latest_only.py took 0.767 seconds
[2023-09-04T12:40:33.082+0000] {processor.py:157} INFO - Started process (PID=191) to work on /home/airflow/.local/lib/python3.7/site-packages/airflow/example_dags/example_latest_only.py
[2023-09-04T12:40:33.098+0000] {processor.py:826} INFO - Processing file /home/airflow/.local/lib/python3.7/site-packages/airflow/example_dags/example_latest_only.py for tasks to queue
[2023-09-04T12:40:33.113+0000] {logging_mixin.py:150} INFO - [2023-09-04T12:40:33.112+0000] {dagbag.py:541} INFO - Filling up the DagBag from /home/airflow/.local/lib/python3.7/site-packages/airflow/example_dags/example_latest_only.py
[2023-09-04T12:40:33.168+0000] {processor.py:836} INFO - DAG(s) dict_keys(['latest_only']) retrieved from /home/airflow/.local/lib/python3.7/site-packages/airflow/example_dags/example_latest_only.py
[2023-09-04T12:40:33.372+0000] {logging_mixin.py:150} INFO - [2023-09-04T12:40:33.372+0000] {dag.py:2742} INFO - Sync 1 DAGs
[2023-09-04T12:40:33.641+0000] {logging_mixin.py:150} INFO - [2023-09-04T12:40:33.640+0000] {dag.py:3508} INFO - Setting next_dagrun for latest_only to 2023-09-04T08:40:33.640355+00:00, run_after=2023-09-04T12:40:33.640355+00:00
[2023-09-04T12:40:33.816+0000] {processor.py:179} INFO - Processing /home/airflow/.local/lib/python3.7/site-packages/airflow/example_dags/example_latest_only.py took 0.774 seconds
[2023-09-04T12:41:12.812+0000] {processor.py:157} INFO - Started process (PID=249) to work on /home/airflow/.local/lib/python3.7/site-packages/airflow/example_dags/example_latest_only.py
[2023-09-04T12:41:12.818+0000] {processor.py:826} INFO - Processing file /home/airflow/.local/lib/python3.7/site-packages/airflow/example_dags/example_latest_only.py for tasks to queue
[2023-09-04T12:41:12.827+0000] {logging_mixin.py:150} INFO - [2023-09-04T12:41:12.826+0000] {dagbag.py:541} INFO - Filling up the DagBag from /home/airflow/.local/lib/python3.7/site-packages/airflow/example_dags/example_latest_only.py
[2023-09-04T12:41:12.876+0000] {processor.py:836} INFO - DAG(s) dict_keys(['latest_only']) retrieved from /home/airflow/.local/lib/python3.7/site-packages/airflow/example_dags/example_latest_only.py
[2023-09-04T12:41:13.036+0000] {logging_mixin.py:150} INFO - [2023-09-04T12:41:13.035+0000] {dag.py:2742} INFO - Sync 1 DAGs
[2023-09-04T12:41:13.262+0000] {logging_mixin.py:150} INFO - [2023-09-04T12:41:13.262+0000] {dag.py:3508} INFO - Setting next_dagrun for latest_only to 2023-09-04T08:41:13.261420+00:00, run_after=2023-09-04T12:41:13.261420+00:00
[2023-09-04T12:41:13.424+0000] {processor.py:179} INFO - Processing /home/airflow/.local/lib/python3.7/site-packages/airflow/example_dags/example_latest_only.py took 0.634 seconds
[2023-09-04T12:41:45.003+0000] {processor.py:157} INFO - Started process (PID=307) to work on /home/airflow/.local/lib/python3.7/site-packages/airflow/example_dags/example_latest_only.py
[2023-09-04T12:41:45.005+0000] {processor.py:826} INFO - Processing file /home/airflow/.local/lib/python3.7/site-packages/airflow/example_dags/example_latest_only.py for tasks to queue
[2023-09-04T12:41:45.009+0000] {logging_mixin.py:150} INFO - [2023-09-04T12:41:45.008+0000] {dagbag.py:541} INFO - Filling up the DagBag from /home/airflow/.local/lib/python3.7/site-packages/airflow/example_dags/example_latest_only.py
[2023-09-04T12:41:45.037+0000] {processor.py:836} INFO - DAG(s) dict_keys(['latest_only']) retrieved from /home/airflow/.local/lib/python3.7/site-packages/airflow/example_dags/example_latest_only.py
[2023-09-04T12:41:45.192+0000] {logging_mixin.py:150} INFO - [2023-09-04T12:41:45.192+0000] {dag.py:2742} INFO - Sync 1 DAGs
[2023-09-04T12:41:45.381+0000] {logging_mixin.py:150} INFO - [2023-09-04T12:41:45.379+0000] {dag.py:3508} INFO - Setting next_dagrun for latest_only to 2023-09-04T08:41:45.370008+00:00, run_after=2023-09-04T12:41:45.370008+00:00
[2023-09-04T12:41:45.514+0000] {processor.py:179} INFO - Processing /home/airflow/.local/lib/python3.7/site-packages/airflow/example_dags/example_latest_only.py took 0.530 seconds
[2023-09-04T12:42:26.754+0000] {processor.py:157} INFO - Started process (PID=356) to work on /home/airflow/.local/lib/python3.7/site-packages/airflow/example_dags/example_latest_only.py
[2023-09-04T12:42:26.782+0000] {processor.py:826} INFO - Processing file /home/airflow/.local/lib/python3.7/site-packages/airflow/example_dags/example_latest_only.py for tasks to queue
[2023-09-04T12:42:26.812+0000] {logging_mixin.py:150} INFO - [2023-09-04T12:42:26.811+0000] {dagbag.py:541} INFO - Filling up the DagBag from /home/airflow/.local/lib/python3.7/site-packages/airflow/example_dags/example_latest_only.py
[2023-09-04T12:42:26.917+0000] {processor.py:836} INFO - DAG(s) dict_keys(['latest_only']) retrieved from /home/airflow/.local/lib/python3.7/site-packages/airflow/example_dags/example_latest_only.py
[2023-09-04T12:42:27.066+0000] {logging_mixin.py:150} INFO - [2023-09-04T12:42:27.065+0000] {dag.py:2742} INFO - Sync 1 DAGs
[2023-09-04T12:42:27.329+0000] {logging_mixin.py:150} INFO - [2023-09-04T12:42:27.328+0000] {dag.py:3508} INFO - Setting next_dagrun for latest_only to 2023-09-04T08:42:27.327947+00:00, run_after=2023-09-04T12:42:27.327947+00:00
[2023-09-04T12:42:27.548+0000] {processor.py:179} INFO - Processing /home/airflow/.local/lib/python3.7/site-packages/airflow/example_dags/example_latest_only.py took 0.803 seconds
[2023-09-04T12:43:02.984+0000] {processor.py:157} INFO - Started process (PID=423) to work on /home/airflow/.local/lib/python3.7/site-packages/airflow/example_dags/example_latest_only.py
[2023-09-04T12:43:02.992+0000] {processor.py:826} INFO - Processing file /home/airflow/.local/lib/python3.7/site-packages/airflow/example_dags/example_latest_only.py for tasks to queue
[2023-09-04T12:43:03.014+0000] {logging_mixin.py:150} INFO - [2023-09-04T12:43:03.014+0000] {dagbag.py:541} INFO - Filling up the DagBag from /home/airflow/.local/lib/python3.7/site-packages/airflow/example_dags/example_latest_only.py
[2023-09-04T12:43:03.051+0000] {processor.py:836} INFO - DAG(s) dict_keys(['latest_only']) retrieved from /home/airflow/.local/lib/python3.7/site-packages/airflow/example_dags/example_latest_only.py
[2023-09-04T12:43:03.192+0000] {logging_mixin.py:150} INFO - [2023-09-04T12:43:03.192+0000] {dag.py:2742} INFO - Sync 1 DAGs
[2023-09-04T12:43:03.400+0000] {logging_mixin.py:150} INFO - [2023-09-04T12:43:03.400+0000] {dag.py:3508} INFO - Setting next_dagrun for latest_only to 2023-09-04T08:43:03.399233+00:00, run_after=2023-09-04T12:43:03.399233+00:00
[2023-09-04T12:43:03.584+0000] {processor.py:179} INFO - Processing /home/airflow/.local/lib/python3.7/site-packages/airflow/example_dags/example_latest_only.py took 0.619 seconds
[2023-09-04T12:43:36.405+0000] {processor.py:157} INFO - Started process (PID=482) to work on /home/airflow/.local/lib/python3.7/site-packages/airflow/example_dags/example_latest_only.py
[2023-09-04T12:43:36.417+0000] {processor.py:826} INFO - Processing file /home/airflow/.local/lib/python3.7/site-packages/airflow/example_dags/example_latest_only.py for tasks to queue
[2023-09-04T12:43:36.434+0000] {logging_mixin.py:150} INFO - [2023-09-04T12:43:36.434+0000] {dagbag.py:541} INFO - Filling up the DagBag from /home/airflow/.local/lib/python3.7/site-packages/airflow/example_dags/example_latest_only.py
[2023-09-04T12:43:36.499+0000] {processor.py:836} INFO - DAG(s) dict_keys(['latest_only']) retrieved from /home/airflow/.local/lib/python3.7/site-packages/airflow/example_dags/example_latest_only.py
[2023-09-04T12:43:36.692+0000] {logging_mixin.py:150} INFO - [2023-09-04T12:43:36.692+0000] {dag.py:2742} INFO - Sync 1 DAGs
[2023-09-04T12:43:36.980+0000] {logging_mixin.py:150} INFO - [2023-09-04T12:43:36.970+0000] {dag.py:3508} INFO - Setting next_dagrun for latest_only to 2023-09-04T08:43:36.969854+00:00, run_after=2023-09-04T12:43:36.969854+00:00
[2023-09-04T12:43:37.126+0000] {processor.py:179} INFO - Processing /home/airflow/.local/lib/python3.7/site-packages/airflow/example_dags/example_latest_only.py took 0.753 seconds
[2023-09-04T12:44:13.123+0000] {processor.py:157} INFO - Started process (PID=540) to work on /home/airflow/.local/lib/python3.7/site-packages/airflow/example_dags/example_latest_only.py
[2023-09-04T12:44:13.151+0000] {processor.py:826} INFO - Processing file /home/airflow/.local/lib/python3.7/site-packages/airflow/example_dags/example_latest_only.py for tasks to queue
[2023-09-04T12:44:13.154+0000] {logging_mixin.py:150} INFO - [2023-09-04T12:44:13.154+0000] {dagbag.py:541} INFO - Filling up the DagBag from /home/airflow/.local/lib/python3.7/site-packages/airflow/example_dags/example_latest_only.py
[2023-09-04T12:44:13.225+0000] {processor.py:836} INFO - DAG(s) dict_keys(['latest_only']) retrieved from /home/airflow/.local/lib/python3.7/site-packages/airflow/example_dags/example_latest_only.py
[2023-09-04T12:44:13.519+0000] {logging_mixin.py:150} INFO - [2023-09-04T12:44:13.519+0000] {dag.py:2742} INFO - Sync 1 DAGs
[2023-09-04T12:44:13.731+0000] {logging_mixin.py:150} INFO - [2023-09-04T12:44:13.731+0000] {dag.py:3508} INFO - Setting next_dagrun for latest_only to 2023-09-04T08:44:13.730446+00:00, run_after=2023-09-04T12:44:13.730446+00:00
[2023-09-04T12:44:13.905+0000] {processor.py:179} INFO - Processing /home/airflow/.local/lib/python3.7/site-packages/airflow/example_dags/example_latest_only.py took 0.817 seconds
[2023-09-04T12:44:49.633+0000] {processor.py:157} INFO - Started process (PID=599) to work on /home/airflow/.local/lib/python3.7/site-packages/airflow/example_dags/example_latest_only.py
[2023-09-04T12:44:49.647+0000] {processor.py:826} INFO - Processing file /home/airflow/.local/lib/python3.7/site-packages/airflow/example_dags/example_latest_only.py for tasks to queue
[2023-09-04T12:44:49.653+0000] {logging_mixin.py:150} INFO - [2023-09-04T12:44:49.652+0000] {dagbag.py:541} INFO - Filling up the DagBag from /home/airflow/.local/lib/python3.7/site-packages/airflow/example_dags/example_latest_only.py
[2023-09-04T12:44:49.718+0000] {processor.py:836} INFO - DAG(s) dict_keys(['latest_only']) retrieved from /home/airflow/.local/lib/python3.7/site-packages/airflow/example_dags/example_latest_only.py
[2023-09-04T12:44:50.029+0000] {logging_mixin.py:150} INFO - [2023-09-04T12:44:50.028+0000] {dag.py:2742} INFO - Sync 1 DAGs
[2023-09-04T12:44:50.328+0000] {logging_mixin.py:150} INFO - [2023-09-04T12:44:50.328+0000] {dag.py:3508} INFO - Setting next_dagrun for latest_only to 2023-09-04T08:44:50.316733+00:00, run_after=2023-09-04T12:44:50.316733+00:00
[2023-09-04T12:44:50.541+0000] {processor.py:179} INFO - Processing /home/airflow/.local/lib/python3.7/site-packages/airflow/example_dags/example_latest_only.py took 0.930 seconds
[2023-09-04T12:45:21.658+0000] {processor.py:157} INFO - Started process (PID=658) to work on /home/airflow/.local/lib/python3.7/site-packages/airflow/example_dags/example_latest_only.py
[2023-09-04T12:45:21.661+0000] {processor.py:826} INFO - Processing file /home/airflow/.local/lib/python3.7/site-packages/airflow/example_dags/example_latest_only.py for tasks to queue
[2023-09-04T12:45:21.663+0000] {logging_mixin.py:150} INFO - [2023-09-04T12:45:21.663+0000] {dagbag.py:541} INFO - Filling up the DagBag from /home/airflow/.local/lib/python3.7/site-packages/airflow/example_dags/example_latest_only.py
[2023-09-04T12:45:21.683+0000] {processor.py:836} INFO - DAG(s) dict_keys(['latest_only']) retrieved from /home/airflow/.local/lib/python3.7/site-packages/airflow/example_dags/example_latest_only.py
[2023-09-04T12:45:21.749+0000] {logging_mixin.py:150} INFO - [2023-09-04T12:45:21.749+0000] {dag.py:2742} INFO - Sync 1 DAGs
[2023-09-04T12:45:21.821+0000] {logging_mixin.py:150} INFO - [2023-09-04T12:45:21.820+0000] {dag.py:3508} INFO - Setting next_dagrun for latest_only to 2023-09-04T08:45:21.819784+00:00, run_after=2023-09-04T12:45:21.819784+00:00
[2023-09-04T12:45:21.941+0000] {processor.py:179} INFO - Processing /home/airflow/.local/lib/python3.7/site-packages/airflow/example_dags/example_latest_only.py took 0.292 seconds
[2023-09-04T12:45:52.261+0000] {processor.py:157} INFO - Started process (PID=718) to work on /home/airflow/.local/lib/python3.7/site-packages/airflow/example_dags/example_latest_only.py
[2023-09-04T12:45:52.265+0000] {processor.py:826} INFO - Processing file /home/airflow/.local/lib/python3.7/site-packages/airflow/example_dags/example_latest_only.py for tasks to queue
[2023-09-04T12:45:52.268+0000] {logging_mixin.py:150} INFO - [2023-09-04T12:45:52.267+0000] {dagbag.py:541} INFO - Filling up the DagBag from /home/airflow/.local/lib/python3.7/site-packages/airflow/example_dags/example_latest_only.py
[2023-09-04T12:45:52.283+0000] {processor.py:836} INFO - DAG(s) dict_keys(['latest_only']) retrieved from /home/airflow/.local/lib/python3.7/site-packages/airflow/example_dags/example_latest_only.py
[2023-09-04T12:45:52.353+0000] {logging_mixin.py:150} INFO - [2023-09-04T12:45:52.351+0000] {dag.py:2742} INFO - Sync 1 DAGs
[2023-09-04T12:45:52.454+0000] {logging_mixin.py:150} INFO - [2023-09-04T12:45:52.453+0000] {dag.py:3508} INFO - Setting next_dagrun for latest_only to 2023-09-04T08:45:52.453530+00:00, run_after=2023-09-04T12:45:52.453530+00:00
[2023-09-04T12:45:52.492+0000] {processor.py:179} INFO - Processing /home/airflow/.local/lib/python3.7/site-packages/airflow/example_dags/example_latest_only.py took 0.242 seconds
[2023-09-04T12:46:23.054+0000] {processor.py:157} INFO - Started process (PID=778) to work on /home/airflow/.local/lib/python3.7/site-packages/airflow/example_dags/example_latest_only.py
[2023-09-04T12:46:23.056+0000] {processor.py:826} INFO - Processing file /home/airflow/.local/lib/python3.7/site-packages/airflow/example_dags/example_latest_only.py for tasks to queue
[2023-09-04T12:46:23.058+0000] {logging_mixin.py:150} INFO - [2023-09-04T12:46:23.057+0000] {dagbag.py:541} INFO - Filling up the DagBag from /home/airflow/.local/lib/python3.7/site-packages/airflow/example_dags/example_latest_only.py
[2023-09-04T12:46:23.070+0000] {processor.py:836} INFO - DAG(s) dict_keys(['latest_only']) retrieved from /home/airflow/.local/lib/python3.7/site-packages/airflow/example_dags/example_latest_only.py
[2023-09-04T12:46:23.157+0000] {logging_mixin.py:150} INFO - [2023-09-04T12:46:23.157+0000] {dag.py:2742} INFO - Sync 1 DAGs
[2023-09-04T12:46:23.253+0000] {logging_mixin.py:150} INFO - [2023-09-04T12:46:23.253+0000] {dag.py:3508} INFO - Setting next_dagrun for latest_only to 2023-09-04T08:46:23.252137+00:00, run_after=2023-09-04T12:46:23.252137+00:00
[2023-09-04T12:46:23.320+0000] {processor.py:179} INFO - Processing /home/airflow/.local/lib/python3.7/site-packages/airflow/example_dags/example_latest_only.py took 0.272 seconds
[2023-09-04T12:46:53.688+0000] {processor.py:157} INFO - Started process (PID=837) to work on /home/airflow/.local/lib/python3.7/site-packages/airflow/example_dags/example_latest_only.py
[2023-09-04T12:46:53.691+0000] {processor.py:826} INFO - Processing file /home/airflow/.local/lib/python3.7/site-packages/airflow/example_dags/example_latest_only.py for tasks to queue
[2023-09-04T12:46:53.697+0000] {logging_mixin.py:150} INFO - [2023-09-04T12:46:53.696+0000] {dagbag.py:541} INFO - Filling up the DagBag from /home/airflow/.local/lib/python3.7/site-packages/airflow/example_dags/example_latest_only.py
[2023-09-04T12:46:53.719+0000] {processor.py:836} INFO - DAG(s) dict_keys(['latest_only']) retrieved from /home/airflow/.local/lib/python3.7/site-packages/airflow/example_dags/example_latest_only.py
[2023-09-04T12:46:53.795+0000] {logging_mixin.py:150} INFO - [2023-09-04T12:46:53.794+0000] {dag.py:2742} INFO - Sync 1 DAGs
[2023-09-04T12:46:53.889+0000] {logging_mixin.py:150} INFO - [2023-09-04T12:46:53.889+0000] {dag.py:3508} INFO - Setting next_dagrun for latest_only to 2023-09-04T08:46:53.888574+00:00, run_after=2023-09-04T12:46:53.888574+00:00
[2023-09-04T12:46:53.952+0000] {processor.py:179} INFO - Processing /home/airflow/.local/lib/python3.7/site-packages/airflow/example_dags/example_latest_only.py took 0.273 seconds
[2023-09-04T12:47:25.001+0000] {processor.py:157} INFO - Started process (PID=896) to work on /home/airflow/.local/lib/python3.7/site-packages/airflow/example_dags/example_latest_only.py
[2023-09-04T12:47:25.006+0000] {processor.py:826} INFO - Processing file /home/airflow/.local/lib/python3.7/site-packages/airflow/example_dags/example_latest_only.py for tasks to queue
[2023-09-04T12:47:25.010+0000] {logging_mixin.py:150} INFO - [2023-09-04T12:47:25.009+0000] {dagbag.py:541} INFO - Filling up the DagBag from /home/airflow/.local/lib/python3.7/site-packages/airflow/example_dags/example_latest_only.py
[2023-09-04T12:47:25.032+0000] {processor.py:836} INFO - DAG(s) dict_keys(['latest_only']) retrieved from /home/airflow/.local/lib/python3.7/site-packages/airflow/example_dags/example_latest_only.py
[2023-09-04T12:47:25.159+0000] {logging_mixin.py:150} INFO - [2023-09-04T12:47:25.158+0000] {dag.py:2742} INFO - Sync 1 DAGs
[2023-09-04T12:47:25.396+0000] {logging_mixin.py:150} INFO - [2023-09-04T12:47:25.395+0000] {dag.py:3508} INFO - Setting next_dagrun for latest_only to 2023-09-04T08:47:25.395146+00:00, run_after=2023-09-04T12:47:25.395146+00:00
[2023-09-04T12:47:25.601+0000] {processor.py:179} INFO - Processing /home/airflow/.local/lib/python3.7/site-packages/airflow/example_dags/example_latest_only.py took 0.617 seconds
[2023-09-04T12:47:56.051+0000] {processor.py:157} INFO - Started process (PID=951) to work on /home/airflow/.local/lib/python3.7/site-packages/airflow/example_dags/example_latest_only.py
[2023-09-04T12:47:56.077+0000] {processor.py:826} INFO - Processing file /home/airflow/.local/lib/python3.7/site-packages/airflow/example_dags/example_latest_only.py for tasks to queue
[2023-09-04T12:47:56.099+0000] {logging_mixin.py:150} INFO - [2023-09-04T12:47:56.099+0000] {dagbag.py:541} INFO - Filling up the DagBag from /home/airflow/.local/lib/python3.7/site-packages/airflow/example_dags/example_latest_only.py
[2023-09-04T12:47:56.132+0000] {processor.py:836} INFO - DAG(s) dict_keys(['latest_only']) retrieved from /home/airflow/.local/lib/python3.7/site-packages/airflow/example_dags/example_latest_only.py
[2023-09-04T12:47:56.271+0000] {logging_mixin.py:150} INFO - [2023-09-04T12:47:56.270+0000] {dag.py:2742} INFO - Sync 1 DAGs
[2023-09-04T12:47:56.483+0000] {logging_mixin.py:150} INFO - [2023-09-04T12:47:56.482+0000] {dag.py:3508} INFO - Setting next_dagrun for latest_only to 2023-09-04T08:47:56.482390+00:00, run_after=2023-09-04T12:47:56.482390+00:00
[2023-09-04T12:47:56.576+0000] {processor.py:179} INFO - Processing /home/airflow/.local/lib/python3.7/site-packages/airflow/example_dags/example_latest_only.py took 0.540 seconds
[2023-09-04T12:48:27.178+0000] {processor.py:157} INFO - Started process (PID=1010) to work on /home/airflow/.local/lib/python3.7/site-packages/airflow/example_dags/example_latest_only.py
[2023-09-04T12:48:27.181+0000] {processor.py:826} INFO - Processing file /home/airflow/.local/lib/python3.7/site-packages/airflow/example_dags/example_latest_only.py for tasks to queue
[2023-09-04T12:48:27.184+0000] {logging_mixin.py:150} INFO - [2023-09-04T12:48:27.184+0000] {dagbag.py:541} INFO - Filling up the DagBag from /home/airflow/.local/lib/python3.7/site-packages/airflow/example_dags/example_latest_only.py
[2023-09-04T12:48:27.198+0000] {processor.py:836} INFO - DAG(s) dict_keys(['latest_only']) retrieved from /home/airflow/.local/lib/python3.7/site-packages/airflow/example_dags/example_latest_only.py
[2023-09-04T12:48:27.309+0000] {logging_mixin.py:150} INFO - [2023-09-04T12:48:27.294+0000] {dag.py:2742} INFO - Sync 1 DAGs
[2023-09-04T12:48:27.486+0000] {logging_mixin.py:150} INFO - [2023-09-04T12:48:27.485+0000] {dag.py:3508} INFO - Setting next_dagrun for latest_only to 2023-09-04T08:48:27.485234+00:00, run_after=2023-09-04T12:48:27.485234+00:00
[2023-09-04T12:48:27.596+0000] {processor.py:179} INFO - Processing /home/airflow/.local/lib/python3.7/site-packages/airflow/example_dags/example_latest_only.py took 0.429 seconds
[2023-09-04T12:48:58.682+0000] {processor.py:157} INFO - Started process (PID=1070) to work on /home/airflow/.local/lib/python3.7/site-packages/airflow/example_dags/example_latest_only.py
[2023-09-04T12:48:58.685+0000] {processor.py:826} INFO - Processing file /home/airflow/.local/lib/python3.7/site-packages/airflow/example_dags/example_latest_only.py for tasks to queue
[2023-09-04T12:48:58.689+0000] {logging_mixin.py:150} INFO - [2023-09-04T12:48:58.689+0000] {dagbag.py:541} INFO - Filling up the DagBag from /home/airflow/.local/lib/python3.7/site-packages/airflow/example_dags/example_latest_only.py
[2023-09-04T12:48:58.712+0000] {processor.py:836} INFO - DAG(s) dict_keys(['latest_only']) retrieved from /home/airflow/.local/lib/python3.7/site-packages/airflow/example_dags/example_latest_only.py
[2023-09-04T12:48:58.853+0000] {logging_mixin.py:150} INFO - [2023-09-04T12:48:58.852+0000] {dag.py:2742} INFO - Sync 1 DAGs
[2023-09-04T12:48:59.042+0000] {logging_mixin.py:150} INFO - [2023-09-04T12:48:59.041+0000] {dag.py:3508} INFO - Setting next_dagrun for latest_only to 2023-09-04T08:48:59.040958+00:00, run_after=2023-09-04T12:48:59.040958+00:00
[2023-09-04T12:48:59.177+0000] {processor.py:179} INFO - Processing /home/airflow/.local/lib/python3.7/site-packages/airflow/example_dags/example_latest_only.py took 0.509 seconds
[2023-09-04T12:49:29.391+0000] {processor.py:157} INFO - Started process (PID=1130) to work on /home/airflow/.local/lib/python3.7/site-packages/airflow/example_dags/example_latest_only.py
[2023-09-04T12:49:29.393+0000] {processor.py:826} INFO - Processing file /home/airflow/.local/lib/python3.7/site-packages/airflow/example_dags/example_latest_only.py for tasks to queue
[2023-09-04T12:49:29.396+0000] {logging_mixin.py:150} INFO - [2023-09-04T12:49:29.395+0000] {dagbag.py:541} INFO - Filling up the DagBag from /home/airflow/.local/lib/python3.7/site-packages/airflow/example_dags/example_latest_only.py
[2023-09-04T12:49:29.417+0000] {processor.py:836} INFO - DAG(s) dict_keys(['latest_only']) retrieved from /home/airflow/.local/lib/python3.7/site-packages/airflow/example_dags/example_latest_only.py
[2023-09-04T12:49:29.500+0000] {logging_mixin.py:150} INFO - [2023-09-04T12:49:29.499+0000] {dag.py:2742} INFO - Sync 1 DAGs
[2023-09-04T12:49:29.607+0000] {logging_mixin.py:150} INFO - [2023-09-04T12:49:29.606+0000] {dag.py:3508} INFO - Setting next_dagrun for latest_only to 2023-09-04T08:49:29.606324+00:00, run_after=2023-09-04T12:49:29.606324+00:00
[2023-09-04T12:49:29.687+0000] {processor.py:179} INFO - Processing /home/airflow/.local/lib/python3.7/site-packages/airflow/example_dags/example_latest_only.py took 0.304 seconds
[2023-09-04T12:51:16.040+0000] {processor.py:157} INFO - Started process (PID=57) to work on /home/airflow/.local/lib/python3.7/site-packages/airflow/example_dags/example_latest_only.py
[2023-09-04T12:51:16.081+0000] {processor.py:826} INFO - Processing file /home/airflow/.local/lib/python3.7/site-packages/airflow/example_dags/example_latest_only.py for tasks to queue
[2023-09-04T12:51:16.095+0000] {logging_mixin.py:150} INFO - [2023-09-04T12:51:16.095+0000] {dagbag.py:541} INFO - Filling up the DagBag from /home/airflow/.local/lib/python3.7/site-packages/airflow/example_dags/example_latest_only.py
[2023-09-04T12:51:16.174+0000] {processor.py:836} INFO - DAG(s) dict_keys(['latest_only']) retrieved from /home/airflow/.local/lib/python3.7/site-packages/airflow/example_dags/example_latest_only.py
[2023-09-04T12:51:16.314+0000] {logging_mixin.py:150} INFO - [2023-09-04T12:51:16.314+0000] {dag.py:2742} INFO - Sync 1 DAGs
[2023-09-04T12:51:16.415+0000] {logging_mixin.py:150} INFO - [2023-09-04T12:51:16.415+0000] {dag.py:3508} INFO - Setting next_dagrun for latest_only to 2023-09-04T08:51:16.414487+00:00, run_after=2023-09-04T12:51:16.414487+00:00
[2023-09-04T12:51:16.494+0000] {processor.py:179} INFO - Processing /home/airflow/.local/lib/python3.7/site-packages/airflow/example_dags/example_latest_only.py took 0.469 seconds
[2023-09-04T12:51:47.293+0000] {processor.py:157} INFO - Started process (PID=115) to work on /home/airflow/.local/lib/python3.7/site-packages/airflow/example_dags/example_latest_only.py
[2023-09-04T12:51:47.296+0000] {processor.py:826} INFO - Processing file /home/airflow/.local/lib/python3.7/site-packages/airflow/example_dags/example_latest_only.py for tasks to queue
[2023-09-04T12:51:47.298+0000] {logging_mixin.py:150} INFO - [2023-09-04T12:51:47.298+0000] {dagbag.py:541} INFO - Filling up the DagBag from /home/airflow/.local/lib/python3.7/site-packages/airflow/example_dags/example_latest_only.py
[2023-09-04T12:51:47.324+0000] {processor.py:836} INFO - DAG(s) dict_keys(['latest_only']) retrieved from /home/airflow/.local/lib/python3.7/site-packages/airflow/example_dags/example_latest_only.py
[2023-09-04T12:51:47.473+0000] {logging_mixin.py:150} INFO - [2023-09-04T12:51:47.472+0000] {dag.py:2742} INFO - Sync 1 DAGs
[2023-09-04T12:51:47.577+0000] {logging_mixin.py:150} INFO - [2023-09-04T12:51:47.577+0000] {dag.py:3508} INFO - Setting next_dagrun for latest_only to 2023-09-04T08:51:47.577266+00:00, run_after=2023-09-04T12:51:47.577266+00:00
[2023-09-04T12:51:47.837+0000] {processor.py:179} INFO - Processing /home/airflow/.local/lib/python3.7/site-packages/airflow/example_dags/example_latest_only.py took 0.550 seconds
[2023-09-04T12:52:18.749+0000] {processor.py:157} INFO - Started process (PID=174) to work on /home/airflow/.local/lib/python3.7/site-packages/airflow/example_dags/example_latest_only.py
[2023-09-04T12:52:18.752+0000] {processor.py:826} INFO - Processing file /home/airflow/.local/lib/python3.7/site-packages/airflow/example_dags/example_latest_only.py for tasks to queue
[2023-09-04T12:52:18.755+0000] {logging_mixin.py:150} INFO - [2023-09-04T12:52:18.754+0000] {dagbag.py:541} INFO - Filling up the DagBag from /home/airflow/.local/lib/python3.7/site-packages/airflow/example_dags/example_latest_only.py
[2023-09-04T12:52:18.768+0000] {processor.py:836} INFO - DAG(s) dict_keys(['latest_only']) retrieved from /home/airflow/.local/lib/python3.7/site-packages/airflow/example_dags/example_latest_only.py
[2023-09-04T12:52:18.813+0000] {logging_mixin.py:150} INFO - [2023-09-04T12:52:18.813+0000] {dag.py:2742} INFO - Sync 1 DAGs
[2023-09-04T12:52:18.864+0000] {logging_mixin.py:150} INFO - [2023-09-04T12:52:18.864+0000] {dag.py:3508} INFO - Setting next_dagrun for latest_only to 2023-09-04T08:52:18.863877+00:00, run_after=2023-09-04T12:52:18.863877+00:00
[2023-09-04T12:52:18.907+0000] {processor.py:179} INFO - Processing /home/airflow/.local/lib/python3.7/site-packages/airflow/example_dags/example_latest_only.py took 0.167 seconds
[2023-09-04T12:52:49.161+0000] {processor.py:157} INFO - Started process (PID=233) to work on /home/airflow/.local/lib/python3.7/site-packages/airflow/example_dags/example_latest_only.py
[2023-09-04T12:52:49.163+0000] {processor.py:826} INFO - Processing file /home/airflow/.local/lib/python3.7/site-packages/airflow/example_dags/example_latest_only.py for tasks to queue
[2023-09-04T12:52:49.165+0000] {logging_mixin.py:150} INFO - [2023-09-04T12:52:49.164+0000] {dagbag.py:541} INFO - Filling up the DagBag from /home/airflow/.local/lib/python3.7/site-packages/airflow/example_dags/example_latest_only.py
[2023-09-04T12:52:49.179+0000] {processor.py:836} INFO - DAG(s) dict_keys(['latest_only']) retrieved from /home/airflow/.local/lib/python3.7/site-packages/airflow/example_dags/example_latest_only.py
[2023-09-04T12:52:49.275+0000] {logging_mixin.py:150} INFO - [2023-09-04T12:52:49.275+0000] {dag.py:2742} INFO - Sync 1 DAGs
[2023-09-04T12:52:49.369+0000] {logging_mixin.py:150} INFO - [2023-09-04T12:52:49.369+0000] {dag.py:3508} INFO - Setting next_dagrun for latest_only to 2023-09-04T08:52:49.368810+00:00, run_after=2023-09-04T12:52:49.368810+00:00
[2023-09-04T12:52:49.412+0000] {processor.py:179} INFO - Processing /home/airflow/.local/lib/python3.7/site-packages/airflow/example_dags/example_latest_only.py took 0.258 seconds
[2023-09-04T12:53:19.637+0000] {processor.py:157} INFO - Started process (PID=293) to work on /home/airflow/.local/lib/python3.7/site-packages/airflow/example_dags/example_latest_only.py
[2023-09-04T12:53:19.639+0000] {processor.py:826} INFO - Processing file /home/airflow/.local/lib/python3.7/site-packages/airflow/example_dags/example_latest_only.py for tasks to queue
[2023-09-04T12:53:19.641+0000] {logging_mixin.py:150} INFO - [2023-09-04T12:53:19.641+0000] {dagbag.py:541} INFO - Filling up the DagBag from /home/airflow/.local/lib/python3.7/site-packages/airflow/example_dags/example_latest_only.py
[2023-09-04T12:53:19.656+0000] {processor.py:836} INFO - DAG(s) dict_keys(['latest_only']) retrieved from /home/airflow/.local/lib/python3.7/site-packages/airflow/example_dags/example_latest_only.py
[2023-09-04T12:53:19.693+0000] {logging_mixin.py:150} INFO - [2023-09-04T12:53:19.693+0000] {dag.py:2742} INFO - Sync 1 DAGs
[2023-09-04T12:53:19.742+0000] {logging_mixin.py:150} INFO - [2023-09-04T12:53:19.741+0000] {dag.py:3508} INFO - Setting next_dagrun for latest_only to 2023-09-04T08:53:19.741441+00:00, run_after=2023-09-04T12:53:19.741441+00:00
[2023-09-04T12:53:19.791+0000] {processor.py:179} INFO - Processing /home/airflow/.local/lib/python3.7/site-packages/airflow/example_dags/example_latest_only.py took 0.159 seconds
[2023-09-04T12:53:50.915+0000] {processor.py:157} INFO - Started process (PID=347) to work on /home/airflow/.local/lib/python3.7/site-packages/airflow/example_dags/example_latest_only.py
[2023-09-04T12:53:50.918+0000] {processor.py:826} INFO - Processing file /home/airflow/.local/lib/python3.7/site-packages/airflow/example_dags/example_latest_only.py for tasks to queue
[2023-09-04T12:53:50.919+0000] {logging_mixin.py:150} INFO - [2023-09-04T12:53:50.919+0000] {dagbag.py:541} INFO - Filling up the DagBag from /home/airflow/.local/lib/python3.7/site-packages/airflow/example_dags/example_latest_only.py
[2023-09-04T12:53:50.938+0000] {processor.py:836} INFO - DAG(s) dict_keys(['latest_only']) retrieved from /home/airflow/.local/lib/python3.7/site-packages/airflow/example_dags/example_latest_only.py
[2023-09-04T12:53:50.998+0000] {logging_mixin.py:150} INFO - [2023-09-04T12:53:50.997+0000] {dag.py:2742} INFO - Sync 1 DAGs
[2023-09-04T12:53:51.092+0000] {logging_mixin.py:150} INFO - [2023-09-04T12:53:51.092+0000] {dag.py:3508} INFO - Setting next_dagrun for latest_only to 2023-09-04T08:53:51.092115+00:00, run_after=2023-09-04T12:53:51.092115+00:00
[2023-09-04T12:53:51.166+0000] {processor.py:179} INFO - Processing /home/airflow/.local/lib/python3.7/site-packages/airflow/example_dags/example_latest_only.py took 0.260 seconds
[2023-09-04T12:54:21.306+0000] {processor.py:157} INFO - Started process (PID=405) to work on /home/airflow/.local/lib/python3.7/site-packages/airflow/example_dags/example_latest_only.py
[2023-09-04T12:54:21.308+0000] {processor.py:826} INFO - Processing file /home/airflow/.local/lib/python3.7/site-packages/airflow/example_dags/example_latest_only.py for tasks to queue
[2023-09-04T12:54:21.310+0000] {logging_mixin.py:150} INFO - [2023-09-04T12:54:21.310+0000] {dagbag.py:541} INFO - Filling up the DagBag from /home/airflow/.local/lib/python3.7/site-packages/airflow/example_dags/example_latest_only.py
[2023-09-04T12:54:21.326+0000] {processor.py:836} INFO - DAG(s) dict_keys(['latest_only']) retrieved from /home/airflow/.local/lib/python3.7/site-packages/airflow/example_dags/example_latest_only.py
[2023-09-04T12:54:21.383+0000] {logging_mixin.py:150} INFO - [2023-09-04T12:54:21.383+0000] {dag.py:2742} INFO - Sync 1 DAGs
[2023-09-04T12:54:21.429+0000] {logging_mixin.py:150} INFO - [2023-09-04T12:54:21.428+0000] {dag.py:3508} INFO - Setting next_dagrun for latest_only to 2023-09-04T08:54:21.428306+00:00, run_after=2023-09-04T12:54:21.428306+00:00
[2023-09-04T12:54:21.471+0000] {processor.py:179} INFO - Processing /home/airflow/.local/lib/python3.7/site-packages/airflow/example_dags/example_latest_only.py took 0.172 seconds
[2023-09-04T12:54:52.333+0000] {processor.py:157} INFO - Started process (PID=464) to work on /home/airflow/.local/lib/python3.7/site-packages/airflow/example_dags/example_latest_only.py
[2023-09-04T12:54:52.335+0000] {processor.py:826} INFO - Processing file /home/airflow/.local/lib/python3.7/site-packages/airflow/example_dags/example_latest_only.py for tasks to queue
[2023-09-04T12:54:52.338+0000] {logging_mixin.py:150} INFO - [2023-09-04T12:54:52.337+0000] {dagbag.py:541} INFO - Filling up the DagBag from /home/airflow/.local/lib/python3.7/site-packages/airflow/example_dags/example_latest_only.py
[2023-09-04T12:54:52.350+0000] {processor.py:836} INFO - DAG(s) dict_keys(['latest_only']) retrieved from /home/airflow/.local/lib/python3.7/site-packages/airflow/example_dags/example_latest_only.py
[2023-09-04T12:54:52.397+0000] {logging_mixin.py:150} INFO - [2023-09-04T12:54:52.397+0000] {dag.py:2742} INFO - Sync 1 DAGs
[2023-09-04T12:54:52.482+0000] {logging_mixin.py:150} INFO - [2023-09-04T12:54:52.477+0000] {dag.py:3508} INFO - Setting next_dagrun for latest_only to 2023-09-04T08:54:52.477191+00:00, run_after=2023-09-04T12:54:52.477191+00:00
[2023-09-04T12:54:52.548+0000] {processor.py:179} INFO - Processing /home/airflow/.local/lib/python3.7/site-packages/airflow/example_dags/example_latest_only.py took 0.220 seconds
[2023-09-04T12:55:23.095+0000] {processor.py:157} INFO - Started process (PID=523) to work on /home/airflow/.local/lib/python3.7/site-packages/airflow/example_dags/example_latest_only.py
[2023-09-04T12:55:23.097+0000] {processor.py:826} INFO - Processing file /home/airflow/.local/lib/python3.7/site-packages/airflow/example_dags/example_latest_only.py for tasks to queue
[2023-09-04T12:55:23.102+0000] {logging_mixin.py:150} INFO - [2023-09-04T12:55:23.101+0000] {dagbag.py:541} INFO - Filling up the DagBag from /home/airflow/.local/lib/python3.7/site-packages/airflow/example_dags/example_latest_only.py
[2023-09-04T12:55:23.118+0000] {processor.py:836} INFO - DAG(s) dict_keys(['latest_only']) retrieved from /home/airflow/.local/lib/python3.7/site-packages/airflow/example_dags/example_latest_only.py
[2023-09-04T12:55:23.174+0000] {logging_mixin.py:150} INFO - [2023-09-04T12:55:23.173+0000] {dag.py:2742} INFO - Sync 1 DAGs
[2023-09-04T12:55:23.245+0000] {logging_mixin.py:150} INFO - [2023-09-04T12:55:23.244+0000] {dag.py:3508} INFO - Setting next_dagrun for latest_only to 2023-09-04T08:55:23.244370+00:00, run_after=2023-09-04T12:55:23.244370+00:00
[2023-09-04T12:55:23.313+0000] {processor.py:179} INFO - Processing /home/airflow/.local/lib/python3.7/site-packages/airflow/example_dags/example_latest_only.py took 0.226 seconds
[2023-09-04T12:55:54.022+0000] {processor.py:157} INFO - Started process (PID=583) to work on /home/airflow/.local/lib/python3.7/site-packages/airflow/example_dags/example_latest_only.py
[2023-09-04T12:55:54.026+0000] {processor.py:826} INFO - Processing file /home/airflow/.local/lib/python3.7/site-packages/airflow/example_dags/example_latest_only.py for tasks to queue
[2023-09-04T12:55:54.030+0000] {logging_mixin.py:150} INFO - [2023-09-04T12:55:54.029+0000] {dagbag.py:541} INFO - Filling up the DagBag from /home/airflow/.local/lib/python3.7/site-packages/airflow/example_dags/example_latest_only.py
[2023-09-04T12:55:54.052+0000] {processor.py:836} INFO - DAG(s) dict_keys(['latest_only']) retrieved from /home/airflow/.local/lib/python3.7/site-packages/airflow/example_dags/example_latest_only.py
[2023-09-04T12:55:54.159+0000] {logging_mixin.py:150} INFO - [2023-09-04T12:55:54.159+0000] {dag.py:2742} INFO - Sync 1 DAGs
[2023-09-04T12:55:54.251+0000] {logging_mixin.py:150} INFO - [2023-09-04T12:55:54.250+0000] {dag.py:3508} INFO - Setting next_dagrun for latest_only to 2023-09-04T08:55:54.250477+00:00, run_after=2023-09-04T12:55:54.250477+00:00
[2023-09-04T12:55:54.321+0000] {processor.py:179} INFO - Processing /home/airflow/.local/lib/python3.7/site-packages/airflow/example_dags/example_latest_only.py took 0.308 seconds
[2023-09-04T12:56:24.718+0000] {processor.py:157} INFO - Started process (PID=642) to work on /home/airflow/.local/lib/python3.7/site-packages/airflow/example_dags/example_latest_only.py
[2023-09-04T12:56:24.720+0000] {processor.py:826} INFO - Processing file /home/airflow/.local/lib/python3.7/site-packages/airflow/example_dags/example_latest_only.py for tasks to queue
[2023-09-04T12:56:24.722+0000] {logging_mixin.py:150} INFO - [2023-09-04T12:56:24.721+0000] {dagbag.py:541} INFO - Filling up the DagBag from /home/airflow/.local/lib/python3.7/site-packages/airflow/example_dags/example_latest_only.py
[2023-09-04T12:56:24.736+0000] {processor.py:836} INFO - DAG(s) dict_keys(['latest_only']) retrieved from /home/airflow/.local/lib/python3.7/site-packages/airflow/example_dags/example_latest_only.py
[2023-09-04T12:56:24.802+0000] {logging_mixin.py:150} INFO - [2023-09-04T12:56:24.802+0000] {dag.py:2742} INFO - Sync 1 DAGs
[2023-09-04T12:56:24.906+0000] {logging_mixin.py:150} INFO - [2023-09-04T12:56:24.905+0000] {dag.py:3508} INFO - Setting next_dagrun for latest_only to 2023-09-04T08:56:24.903673+00:00, run_after=2023-09-04T12:56:24.903673+00:00
[2023-09-04T12:56:24.997+0000] {processor.py:179} INFO - Processing /home/airflow/.local/lib/python3.7/site-packages/airflow/example_dags/example_latest_only.py took 0.285 seconds
[2023-09-04T12:56:55.380+0000] {processor.py:157} INFO - Started process (PID=701) to work on /home/airflow/.local/lib/python3.7/site-packages/airflow/example_dags/example_latest_only.py
[2023-09-04T12:56:55.384+0000] {processor.py:826} INFO - Processing file /home/airflow/.local/lib/python3.7/site-packages/airflow/example_dags/example_latest_only.py for tasks to queue
[2023-09-04T12:56:55.389+0000] {logging_mixin.py:150} INFO - [2023-09-04T12:56:55.388+0000] {dagbag.py:541} INFO - Filling up the DagBag from /home/airflow/.local/lib/python3.7/site-packages/airflow/example_dags/example_latest_only.py
[2023-09-04T12:56:55.412+0000] {processor.py:836} INFO - DAG(s) dict_keys(['latest_only']) retrieved from /home/airflow/.local/lib/python3.7/site-packages/airflow/example_dags/example_latest_only.py
[2023-09-04T12:56:55.544+0000] {logging_mixin.py:150} INFO - [2023-09-04T12:56:55.544+0000] {dag.py:2742} INFO - Sync 1 DAGs
[2023-09-04T12:56:55.649+0000] {logging_mixin.py:150} INFO - [2023-09-04T12:56:55.649+0000] {dag.py:3508} INFO - Setting next_dagrun for latest_only to 2023-09-04T08:56:55.648806+00:00, run_after=2023-09-04T12:56:55.648806+00:00
[2023-09-04T12:56:55.710+0000] {processor.py:179} INFO - Processing /home/airflow/.local/lib/python3.7/site-packages/airflow/example_dags/example_latest_only.py took 0.343 seconds
[2023-09-04T12:57:27.241+0000] {processor.py:157} INFO - Started process (PID=759) to work on /home/airflow/.local/lib/python3.7/site-packages/airflow/example_dags/example_latest_only.py
[2023-09-04T12:57:27.243+0000] {processor.py:826} INFO - Processing file /home/airflow/.local/lib/python3.7/site-packages/airflow/example_dags/example_latest_only.py for tasks to queue
[2023-09-04T12:57:27.247+0000] {logging_mixin.py:150} INFO - [2023-09-04T12:57:27.246+0000] {dagbag.py:541} INFO - Filling up the DagBag from /home/airflow/.local/lib/python3.7/site-packages/airflow/example_dags/example_latest_only.py
[2023-09-04T12:57:27.261+0000] {processor.py:836} INFO - DAG(s) dict_keys(['latest_only']) retrieved from /home/airflow/.local/lib/python3.7/site-packages/airflow/example_dags/example_latest_only.py
[2023-09-04T12:57:27.334+0000] {logging_mixin.py:150} INFO - [2023-09-04T12:57:27.334+0000] {dag.py:2742} INFO - Sync 1 DAGs
[2023-09-04T12:57:27.427+0000] {logging_mixin.py:150} INFO - [2023-09-04T12:57:27.427+0000] {dag.py:3508} INFO - Setting next_dagrun for latest_only to 2023-09-04T08:57:27.418779+00:00, run_after=2023-09-04T12:57:27.418779+00:00
[2023-09-04T12:57:27.483+0000] {processor.py:179} INFO - Processing /home/airflow/.local/lib/python3.7/site-packages/airflow/example_dags/example_latest_only.py took 0.251 seconds
[2023-09-04T12:57:57.955+0000] {processor.py:157} INFO - Started process (PID=818) to work on /home/airflow/.local/lib/python3.7/site-packages/airflow/example_dags/example_latest_only.py
[2023-09-04T12:57:57.958+0000] {processor.py:826} INFO - Processing file /home/airflow/.local/lib/python3.7/site-packages/airflow/example_dags/example_latest_only.py for tasks to queue
[2023-09-04T12:57:57.968+0000] {logging_mixin.py:150} INFO - [2023-09-04T12:57:57.961+0000] {dagbag.py:541} INFO - Filling up the DagBag from /home/airflow/.local/lib/python3.7/site-packages/airflow/example_dags/example_latest_only.py
[2023-09-04T12:57:57.983+0000] {processor.py:836} INFO - DAG(s) dict_keys(['latest_only']) retrieved from /home/airflow/.local/lib/python3.7/site-packages/airflow/example_dags/example_latest_only.py
[2023-09-04T12:57:58.039+0000] {logging_mixin.py:150} INFO - [2023-09-04T12:57:58.039+0000] {dag.py:2742} INFO - Sync 1 DAGs
[2023-09-04T12:57:58.122+0000] {logging_mixin.py:150} INFO - [2023-09-04T12:57:58.121+0000] {dag.py:3508} INFO - Setting next_dagrun for latest_only to 2023-09-04T08:57:58.121241+00:00, run_after=2023-09-04T12:57:58.121241+00:00
[2023-09-04T12:57:58.204+0000] {processor.py:179} INFO - Processing /home/airflow/.local/lib/python3.7/site-packages/airflow/example_dags/example_latest_only.py took 0.258 seconds
[2023-09-04T12:58:28.448+0000] {processor.py:157} INFO - Started process (PID=877) to work on /home/airflow/.local/lib/python3.7/site-packages/airflow/example_dags/example_latest_only.py
[2023-09-04T12:58:28.452+0000] {processor.py:826} INFO - Processing file /home/airflow/.local/lib/python3.7/site-packages/airflow/example_dags/example_latest_only.py for tasks to queue
[2023-09-04T12:58:28.454+0000] {logging_mixin.py:150} INFO - [2023-09-04T12:58:28.453+0000] {dagbag.py:541} INFO - Filling up the DagBag from /home/airflow/.local/lib/python3.7/site-packages/airflow/example_dags/example_latest_only.py
[2023-09-04T12:58:28.466+0000] {processor.py:836} INFO - DAG(s) dict_keys(['latest_only']) retrieved from /home/airflow/.local/lib/python3.7/site-packages/airflow/example_dags/example_latest_only.py
[2023-09-04T12:58:28.588+0000] {logging_mixin.py:150} INFO - [2023-09-04T12:58:28.588+0000] {dag.py:2742} INFO - Sync 1 DAGs
[2023-09-04T12:58:28.664+0000] {logging_mixin.py:150} INFO - [2023-09-04T12:58:28.664+0000] {dag.py:3508} INFO - Setting next_dagrun for latest_only to 2023-09-04T08:58:28.663653+00:00, run_after=2023-09-04T12:58:28.663653+00:00
[2023-09-04T12:58:28.740+0000] {processor.py:179} INFO - Processing /home/airflow/.local/lib/python3.7/site-packages/airflow/example_dags/example_latest_only.py took 0.302 seconds
