[2023-09-04T12:39:32.943+0000] {processor.py:157} INFO - Started process (PID=82) to work on /home/airflow/.local/lib/python3.7/site-packages/airflow/example_dags/example_params_trigger_ui.py
[2023-09-04T12:39:32.958+0000] {processor.py:826} INFO - Processing file /home/airflow/.local/lib/python3.7/site-packages/airflow/example_dags/example_params_trigger_ui.py for tasks to queue
[2023-09-04T12:39:32.981+0000] {logging_mixin.py:150} INFO - [2023-09-04T12:39:32.981+0000] {dagbag.py:541} INFO - Filling up the DagBag from /home/airflow/.local/lib/python3.7/site-packages/airflow/example_dags/example_params_trigger_ui.py
[2023-09-04T12:39:33.420+0000] {processor.py:836} INFO - DAG(s) dict_keys(['example_params_trigger_ui']) retrieved from /home/airflow/.local/lib/python3.7/site-packages/airflow/example_dags/example_params_trigger_ui.py
[2023-09-04T12:39:34.802+0000] {logging_mixin.py:150} INFO - [2023-09-04T12:39:34.802+0000] {dag.py:2742} INFO - Sync 1 DAGs
[2023-09-04T12:39:34.940+0000] {logging_mixin.py:150} INFO - [2023-09-04T12:39:34.939+0000] {dag.py:3508} INFO - Setting next_dagrun for example_params_trigger_ui to None, run_after=None
[2023-09-04T12:39:35.035+0000] {processor.py:179} INFO - Processing /home/airflow/.local/lib/python3.7/site-packages/airflow/example_dags/example_params_trigger_ui.py took 2.113 seconds
[2023-09-04T12:40:06.472+0000] {processor.py:157} INFO - Started process (PID=141) to work on /home/airflow/.local/lib/python3.7/site-packages/airflow/example_dags/example_params_trigger_ui.py
[2023-09-04T12:40:06.485+0000] {processor.py:826} INFO - Processing file /home/airflow/.local/lib/python3.7/site-packages/airflow/example_dags/example_params_trigger_ui.py for tasks to queue
[2023-09-04T12:40:06.502+0000] {logging_mixin.py:150} INFO - [2023-09-04T12:40:06.502+0000] {dagbag.py:541} INFO - Filling up the DagBag from /home/airflow/.local/lib/python3.7/site-packages/airflow/example_dags/example_params_trigger_ui.py
[2023-09-04T12:40:06.889+0000] {processor.py:836} INFO - DAG(s) dict_keys(['example_params_trigger_ui']) retrieved from /home/airflow/.local/lib/python3.7/site-packages/airflow/example_dags/example_params_trigger_ui.py
[2023-09-04T12:40:07.909+0000] {logging_mixin.py:150} INFO - [2023-09-04T12:40:07.909+0000] {dag.py:2742} INFO - Sync 1 DAGs
[2023-09-04T12:40:08.364+0000] {logging_mixin.py:150} INFO - [2023-09-04T12:40:08.363+0000] {dag.py:3508} INFO - Setting next_dagrun for example_params_trigger_ui to None, run_after=None
[2023-09-04T12:40:08.661+0000] {processor.py:179} INFO - Processing /home/airflow/.local/lib/python3.7/site-packages/airflow/example_dags/example_params_trigger_ui.py took 2.239 seconds
[2023-09-04T12:40:39.705+0000] {processor.py:157} INFO - Started process (PID=205) to work on /home/airflow/.local/lib/python3.7/site-packages/airflow/example_dags/example_params_trigger_ui.py
[2023-09-04T12:40:39.721+0000] {processor.py:826} INFO - Processing file /home/airflow/.local/lib/python3.7/site-packages/airflow/example_dags/example_params_trigger_ui.py for tasks to queue
[2023-09-04T12:40:39.738+0000] {logging_mixin.py:150} INFO - [2023-09-04T12:40:39.738+0000] {dagbag.py:541} INFO - Filling up the DagBag from /home/airflow/.local/lib/python3.7/site-packages/airflow/example_dags/example_params_trigger_ui.py
[2023-09-04T12:40:39.991+0000] {processor.py:836} INFO - DAG(s) dict_keys(['example_params_trigger_ui']) retrieved from /home/airflow/.local/lib/python3.7/site-packages/airflow/example_dags/example_params_trigger_ui.py
[2023-09-04T12:40:41.633+0000] {logging_mixin.py:150} INFO - [2023-09-04T12:40:41.633+0000] {dag.py:2742} INFO - Sync 1 DAGs
[2023-09-04T12:40:42.053+0000] {logging_mixin.py:150} INFO - [2023-09-04T12:40:42.052+0000] {dag.py:3508} INFO - Setting next_dagrun for example_params_trigger_ui to None, run_after=None
[2023-09-04T12:40:42.291+0000] {processor.py:179} INFO - Processing /home/airflow/.local/lib/python3.7/site-packages/airflow/example_dags/example_params_trigger_ui.py took 2.605 seconds
[2023-09-04T12:41:18.534+0000] {processor.py:157} INFO - Started process (PID=263) to work on /home/airflow/.local/lib/python3.7/site-packages/airflow/example_dags/example_params_trigger_ui.py
[2023-09-04T12:41:18.536+0000] {processor.py:826} INFO - Processing file /home/airflow/.local/lib/python3.7/site-packages/airflow/example_dags/example_params_trigger_ui.py for tasks to queue
[2023-09-04T12:41:18.550+0000] {logging_mixin.py:150} INFO - [2023-09-04T12:41:18.549+0000] {dagbag.py:541} INFO - Filling up the DagBag from /home/airflow/.local/lib/python3.7/site-packages/airflow/example_dags/example_params_trigger_ui.py
[2023-09-04T12:41:18.727+0000] {processor.py:836} INFO - DAG(s) dict_keys(['example_params_trigger_ui']) retrieved from /home/airflow/.local/lib/python3.7/site-packages/airflow/example_dags/example_params_trigger_ui.py
[2023-09-04T12:41:19.628+0000] {logging_mixin.py:150} INFO - [2023-09-04T12:41:19.628+0000] {dag.py:2742} INFO - Sync 1 DAGs
[2023-09-04T12:41:19.842+0000] {logging_mixin.py:150} INFO - [2023-09-04T12:41:19.841+0000] {dag.py:3508} INFO - Setting next_dagrun for example_params_trigger_ui to None, run_after=None
[2023-09-04T12:41:20.047+0000] {processor.py:179} INFO - Processing /home/airflow/.local/lib/python3.7/site-packages/airflow/example_dags/example_params_trigger_ui.py took 1.531 seconds
[2023-09-04T12:41:55.078+0000] {processor.py:157} INFO - Started process (PID=321) to work on /home/airflow/.local/lib/python3.7/site-packages/airflow/example_dags/example_params_trigger_ui.py
[2023-09-04T12:41:55.110+0000] {processor.py:826} INFO - Processing file /home/airflow/.local/lib/python3.7/site-packages/airflow/example_dags/example_params_trigger_ui.py for tasks to queue
[2023-09-04T12:41:55.169+0000] {logging_mixin.py:150} INFO - [2023-09-04T12:41:55.168+0000] {dagbag.py:541} INFO - Filling up the DagBag from /home/airflow/.local/lib/python3.7/site-packages/airflow/example_dags/example_params_trigger_ui.py
[2023-09-04T12:41:55.402+0000] {processor.py:836} INFO - DAG(s) dict_keys(['example_params_trigger_ui']) retrieved from /home/airflow/.local/lib/python3.7/site-packages/airflow/example_dags/example_params_trigger_ui.py
[2023-09-04T12:41:56.394+0000] {logging_mixin.py:150} INFO - [2023-09-04T12:41:56.394+0000] {dag.py:2742} INFO - Sync 1 DAGs
[2023-09-04T12:41:56.737+0000] {logging_mixin.py:150} INFO - [2023-09-04T12:41:56.736+0000] {dag.py:3508} INFO - Setting next_dagrun for example_params_trigger_ui to None, run_after=None
[2023-09-04T12:41:57.008+0000] {processor.py:179} INFO - Processing /home/airflow/.local/lib/python3.7/site-packages/airflow/example_dags/example_params_trigger_ui.py took 1.939 seconds
[2023-09-04T12:42:37.332+0000] {processor.py:157} INFO - Started process (PID=381) to work on /home/airflow/.local/lib/python3.7/site-packages/airflow/example_dags/example_params_trigger_ui.py
[2023-09-04T12:42:37.342+0000] {processor.py:826} INFO - Processing file /home/airflow/.local/lib/python3.7/site-packages/airflow/example_dags/example_params_trigger_ui.py for tasks to queue
[2023-09-04T12:42:37.346+0000] {logging_mixin.py:150} INFO - [2023-09-04T12:42:37.346+0000] {dagbag.py:541} INFO - Filling up the DagBag from /home/airflow/.local/lib/python3.7/site-packages/airflow/example_dags/example_params_trigger_ui.py
[2023-09-04T12:42:37.536+0000] {processor.py:836} INFO - DAG(s) dict_keys(['example_params_trigger_ui']) retrieved from /home/airflow/.local/lib/python3.7/site-packages/airflow/example_dags/example_params_trigger_ui.py
[2023-09-04T12:42:38.330+0000] {logging_mixin.py:150} INFO - [2023-09-04T12:42:38.330+0000] {dag.py:2742} INFO - Sync 1 DAGs
[2023-09-04T12:42:38.549+0000] {logging_mixin.py:150} INFO - [2023-09-04T12:42:38.549+0000] {dag.py:3508} INFO - Setting next_dagrun for example_params_trigger_ui to None, run_after=None
[2023-09-04T12:42:38.697+0000] {processor.py:179} INFO - Processing /home/airflow/.local/lib/python3.7/site-packages/airflow/example_dags/example_params_trigger_ui.py took 1.383 seconds
[2023-09-04T12:43:11.795+0000] {processor.py:157} INFO - Started process (PID=441) to work on /home/airflow/.local/lib/python3.7/site-packages/airflow/example_dags/example_params_trigger_ui.py
[2023-09-04T12:43:11.812+0000] {processor.py:826} INFO - Processing file /home/airflow/.local/lib/python3.7/site-packages/airflow/example_dags/example_params_trigger_ui.py for tasks to queue
[2023-09-04T12:43:11.828+0000] {logging_mixin.py:150} INFO - [2023-09-04T12:43:11.827+0000] {dagbag.py:541} INFO - Filling up the DagBag from /home/airflow/.local/lib/python3.7/site-packages/airflow/example_dags/example_params_trigger_ui.py
[2023-09-04T12:43:12.040+0000] {processor.py:836} INFO - DAG(s) dict_keys(['example_params_trigger_ui']) retrieved from /home/airflow/.local/lib/python3.7/site-packages/airflow/example_dags/example_params_trigger_ui.py
[2023-09-04T12:43:12.950+0000] {logging_mixin.py:150} INFO - [2023-09-04T12:43:12.950+0000] {dag.py:2742} INFO - Sync 1 DAGs
[2023-09-04T12:43:13.172+0000] {logging_mixin.py:150} INFO - [2023-09-04T12:43:13.162+0000] {dag.py:3508} INFO - Setting next_dagrun for example_params_trigger_ui to None, run_after=None
[2023-09-04T12:43:13.317+0000] {processor.py:179} INFO - Processing /home/airflow/.local/lib/python3.7/site-packages/airflow/example_dags/example_params_trigger_ui.py took 1.552 seconds
[2023-09-04T12:43:50.473+0000] {processor.py:157} INFO - Started process (PID=501) to work on /home/airflow/.local/lib/python3.7/site-packages/airflow/example_dags/example_params_trigger_ui.py
[2023-09-04T12:43:50.488+0000] {processor.py:826} INFO - Processing file /home/airflow/.local/lib/python3.7/site-packages/airflow/example_dags/example_params_trigger_ui.py for tasks to queue
[2023-09-04T12:43:50.507+0000] {logging_mixin.py:150} INFO - [2023-09-04T12:43:50.506+0000] {dagbag.py:541} INFO - Filling up the DagBag from /home/airflow/.local/lib/python3.7/site-packages/airflow/example_dags/example_params_trigger_ui.py
[2023-09-04T12:43:50.688+0000] {processor.py:836} INFO - DAG(s) dict_keys(['example_params_trigger_ui']) retrieved from /home/airflow/.local/lib/python3.7/site-packages/airflow/example_dags/example_params_trigger_ui.py
[2023-09-04T12:43:51.589+0000] {logging_mixin.py:150} INFO - [2023-09-04T12:43:51.588+0000] {dag.py:2742} INFO - Sync 1 DAGs
[2023-09-04T12:43:51.796+0000] {logging_mixin.py:150} INFO - [2023-09-04T12:43:51.795+0000] {dag.py:3508} INFO - Setting next_dagrun for example_params_trigger_ui to None, run_after=None
[2023-09-04T12:43:51.994+0000] {processor.py:179} INFO - Processing /home/airflow/.local/lib/python3.7/site-packages/airflow/example_dags/example_params_trigger_ui.py took 1.530 seconds
[2023-09-04T12:44:22.837+0000] {processor.py:157} INFO - Started process (PID=560) to work on /home/airflow/.local/lib/python3.7/site-packages/airflow/example_dags/example_params_trigger_ui.py
[2023-09-04T12:44:22.841+0000] {processor.py:826} INFO - Processing file /home/airflow/.local/lib/python3.7/site-packages/airflow/example_dags/example_params_trigger_ui.py for tasks to queue
[2023-09-04T12:44:22.851+0000] {logging_mixin.py:150} INFO - [2023-09-04T12:44:22.851+0000] {dagbag.py:541} INFO - Filling up the DagBag from /home/airflow/.local/lib/python3.7/site-packages/airflow/example_dags/example_params_trigger_ui.py
[2023-09-04T12:44:23.028+0000] {processor.py:836} INFO - DAG(s) dict_keys(['example_params_trigger_ui']) retrieved from /home/airflow/.local/lib/python3.7/site-packages/airflow/example_dags/example_params_trigger_ui.py
[2023-09-04T12:44:23.761+0000] {logging_mixin.py:150} INFO - [2023-09-04T12:44:23.760+0000] {dag.py:2742} INFO - Sync 1 DAGs
[2023-09-04T12:44:23.905+0000] {logging_mixin.py:150} INFO - [2023-09-04T12:44:23.904+0000] {dag.py:3508} INFO - Setting next_dagrun for example_params_trigger_ui to None, run_after=None
[2023-09-04T12:44:24.023+0000] {processor.py:179} INFO - Processing /home/airflow/.local/lib/python3.7/site-packages/airflow/example_dags/example_params_trigger_ui.py took 1.205 seconds
[2023-09-04T12:45:05.595+0000] {processor.py:157} INFO - Started process (PID=621) to work on /home/airflow/.local/lib/python3.7/site-packages/airflow/example_dags/example_params_trigger_ui.py
[2023-09-04T12:45:05.616+0000] {processor.py:826} INFO - Processing file /home/airflow/.local/lib/python3.7/site-packages/airflow/example_dags/example_params_trigger_ui.py for tasks to queue
[2023-09-04T12:45:05.629+0000] {logging_mixin.py:150} INFO - [2023-09-04T12:45:05.628+0000] {dagbag.py:541} INFO - Filling up the DagBag from /home/airflow/.local/lib/python3.7/site-packages/airflow/example_dags/example_params_trigger_ui.py
[2023-09-04T12:45:05.887+0000] {processor.py:836} INFO - DAG(s) dict_keys(['example_params_trigger_ui']) retrieved from /home/airflow/.local/lib/python3.7/site-packages/airflow/example_dags/example_params_trigger_ui.py
[2023-09-04T12:45:06.908+0000] {logging_mixin.py:150} INFO - [2023-09-04T12:45:06.907+0000] {dag.py:2742} INFO - Sync 1 DAGs
[2023-09-04T12:45:07.228+0000] {logging_mixin.py:150} INFO - [2023-09-04T12:45:07.227+0000] {dag.py:3508} INFO - Setting next_dagrun for example_params_trigger_ui to None, run_after=None
[2023-09-04T12:45:07.523+0000] {processor.py:179} INFO - Processing /home/airflow/.local/lib/python3.7/site-packages/airflow/example_dags/example_params_trigger_ui.py took 1.959 seconds
[2023-09-04T12:45:37.734+0000] {processor.py:157} INFO - Started process (PID=681) to work on /home/airflow/.local/lib/python3.7/site-packages/airflow/example_dags/example_params_trigger_ui.py
[2023-09-04T12:45:37.736+0000] {processor.py:826} INFO - Processing file /home/airflow/.local/lib/python3.7/site-packages/airflow/example_dags/example_params_trigger_ui.py for tasks to queue
[2023-09-04T12:45:37.739+0000] {logging_mixin.py:150} INFO - [2023-09-04T12:45:37.738+0000] {dagbag.py:541} INFO - Filling up the DagBag from /home/airflow/.local/lib/python3.7/site-packages/airflow/example_dags/example_params_trigger_ui.py
[2023-09-04T12:45:37.818+0000] {processor.py:836} INFO - DAG(s) dict_keys(['example_params_trigger_ui']) retrieved from /home/airflow/.local/lib/python3.7/site-packages/airflow/example_dags/example_params_trigger_ui.py
[2023-09-04T12:45:38.120+0000] {logging_mixin.py:150} INFO - [2023-09-04T12:45:38.120+0000] {dag.py:2742} INFO - Sync 1 DAGs
[2023-09-04T12:45:38.324+0000] {logging_mixin.py:150} INFO - [2023-09-04T12:45:38.324+0000] {dag.py:3508} INFO - Setting next_dagrun for example_params_trigger_ui to None, run_after=None
[2023-09-04T12:45:38.410+0000] {processor.py:179} INFO - Processing /home/airflow/.local/lib/python3.7/site-packages/airflow/example_dags/example_params_trigger_ui.py took 0.687 seconds
[2023-09-04T12:46:09.403+0000] {processor.py:157} INFO - Started process (PID=741) to work on /home/airflow/.local/lib/python3.7/site-packages/airflow/example_dags/example_params_trigger_ui.py
[2023-09-04T12:46:09.406+0000] {processor.py:826} INFO - Processing file /home/airflow/.local/lib/python3.7/site-packages/airflow/example_dags/example_params_trigger_ui.py for tasks to queue
[2023-09-04T12:46:09.408+0000] {logging_mixin.py:150} INFO - [2023-09-04T12:46:09.408+0000] {dagbag.py:541} INFO - Filling up the DagBag from /home/airflow/.local/lib/python3.7/site-packages/airflow/example_dags/example_params_trigger_ui.py
[2023-09-04T12:46:09.467+0000] {processor.py:836} INFO - DAG(s) dict_keys(['example_params_trigger_ui']) retrieved from /home/airflow/.local/lib/python3.7/site-packages/airflow/example_dags/example_params_trigger_ui.py
[2023-09-04T12:46:09.712+0000] {logging_mixin.py:150} INFO - [2023-09-04T12:46:09.712+0000] {dag.py:2742} INFO - Sync 1 DAGs
[2023-09-04T12:46:09.834+0000] {logging_mixin.py:150} INFO - [2023-09-04T12:46:09.833+0000] {dag.py:3508} INFO - Setting next_dagrun for example_params_trigger_ui to None, run_after=None
[2023-09-04T12:46:09.924+0000] {processor.py:179} INFO - Processing /home/airflow/.local/lib/python3.7/site-packages/airflow/example_dags/example_params_trigger_ui.py took 0.528 seconds
[2023-09-04T12:46:40.164+0000] {processor.py:157} INFO - Started process (PID=801) to work on /home/airflow/.local/lib/python3.7/site-packages/airflow/example_dags/example_params_trigger_ui.py
[2023-09-04T12:46:40.166+0000] {processor.py:826} INFO - Processing file /home/airflow/.local/lib/python3.7/site-packages/airflow/example_dags/example_params_trigger_ui.py for tasks to queue
[2023-09-04T12:46:40.169+0000] {logging_mixin.py:150} INFO - [2023-09-04T12:46:40.168+0000] {dagbag.py:541} INFO - Filling up the DagBag from /home/airflow/.local/lib/python3.7/site-packages/airflow/example_dags/example_params_trigger_ui.py
[2023-09-04T12:46:40.220+0000] {processor.py:836} INFO - DAG(s) dict_keys(['example_params_trigger_ui']) retrieved from /home/airflow/.local/lib/python3.7/site-packages/airflow/example_dags/example_params_trigger_ui.py
[2023-09-04T12:46:40.480+0000] {logging_mixin.py:150} INFO - [2023-09-04T12:46:40.479+0000] {dag.py:2742} INFO - Sync 1 DAGs
[2023-09-04T12:46:40.546+0000] {logging_mixin.py:150} INFO - [2023-09-04T12:46:40.546+0000] {dag.py:3508} INFO - Setting next_dagrun for example_params_trigger_ui to None, run_after=None
[2023-09-04T12:46:40.587+0000] {processor.py:179} INFO - Processing /home/airflow/.local/lib/python3.7/site-packages/airflow/example_dags/example_params_trigger_ui.py took 0.428 seconds
[2023-09-04T12:47:10.695+0000] {processor.py:157} INFO - Started process (PID=860) to work on /home/airflow/.local/lib/python3.7/site-packages/airflow/example_dags/example_params_trigger_ui.py
[2023-09-04T12:47:10.697+0000] {processor.py:826} INFO - Processing file /home/airflow/.local/lib/python3.7/site-packages/airflow/example_dags/example_params_trigger_ui.py for tasks to queue
[2023-09-04T12:47:10.699+0000] {logging_mixin.py:150} INFO - [2023-09-04T12:47:10.698+0000] {dagbag.py:541} INFO - Filling up the DagBag from /home/airflow/.local/lib/python3.7/site-packages/airflow/example_dags/example_params_trigger_ui.py
[2023-09-04T12:47:10.763+0000] {processor.py:836} INFO - DAG(s) dict_keys(['example_params_trigger_ui']) retrieved from /home/airflow/.local/lib/python3.7/site-packages/airflow/example_dags/example_params_trigger_ui.py
[2023-09-04T12:47:10.995+0000] {logging_mixin.py:150} INFO - [2023-09-04T12:47:10.994+0000] {dag.py:2742} INFO - Sync 1 DAGs
[2023-09-04T12:47:11.077+0000] {logging_mixin.py:150} INFO - [2023-09-04T12:47:11.077+0000] {dag.py:3508} INFO - Setting next_dagrun for example_params_trigger_ui to None, run_after=None
[2023-09-04T12:47:11.169+0000] {processor.py:179} INFO - Processing /home/airflow/.local/lib/python3.7/site-packages/airflow/example_dags/example_params_trigger_ui.py took 0.481 seconds
[2023-09-04T12:47:41.419+0000] {processor.py:157} INFO - Started process (PID=922) to work on /home/airflow/.local/lib/python3.7/site-packages/airflow/example_dags/example_params_trigger_ui.py
[2023-09-04T12:47:41.421+0000] {processor.py:826} INFO - Processing file /home/airflow/.local/lib/python3.7/site-packages/airflow/example_dags/example_params_trigger_ui.py for tasks to queue
[2023-09-04T12:47:41.424+0000] {logging_mixin.py:150} INFO - [2023-09-04T12:47:41.423+0000] {dagbag.py:541} INFO - Filling up the DagBag from /home/airflow/.local/lib/python3.7/site-packages/airflow/example_dags/example_params_trigger_ui.py
[2023-09-04T12:47:41.476+0000] {processor.py:836} INFO - DAG(s) dict_keys(['example_params_trigger_ui']) retrieved from /home/airflow/.local/lib/python3.7/site-packages/airflow/example_dags/example_params_trigger_ui.py
[2023-09-04T12:47:41.694+0000] {logging_mixin.py:150} INFO - [2023-09-04T12:47:41.693+0000] {dag.py:2742} INFO - Sync 1 DAGs
[2023-09-04T12:47:41.782+0000] {logging_mixin.py:150} INFO - [2023-09-04T12:47:41.781+0000] {dag.py:3508} INFO - Setting next_dagrun for example_params_trigger_ui to None, run_after=None
[2023-09-04T12:47:41.833+0000] {processor.py:179} INFO - Processing /home/airflow/.local/lib/python3.7/site-packages/airflow/example_dags/example_params_trigger_ui.py took 0.421 seconds
[2023-09-04T12:48:12.650+0000] {processor.py:157} INFO - Started process (PID=982) to work on /home/airflow/.local/lib/python3.7/site-packages/airflow/example_dags/example_params_trigger_ui.py
[2023-09-04T12:48:12.652+0000] {processor.py:826} INFO - Processing file /home/airflow/.local/lib/python3.7/site-packages/airflow/example_dags/example_params_trigger_ui.py for tasks to queue
[2023-09-04T12:48:12.656+0000] {logging_mixin.py:150} INFO - [2023-09-04T12:48:12.655+0000] {dagbag.py:541} INFO - Filling up the DagBag from /home/airflow/.local/lib/python3.7/site-packages/airflow/example_dags/example_params_trigger_ui.py
[2023-09-04T12:48:12.702+0000] {processor.py:836} INFO - DAG(s) dict_keys(['example_params_trigger_ui']) retrieved from /home/airflow/.local/lib/python3.7/site-packages/airflow/example_dags/example_params_trigger_ui.py
[2023-09-04T12:48:13.044+0000] {logging_mixin.py:150} INFO - [2023-09-04T12:48:13.043+0000] {dag.py:2742} INFO - Sync 1 DAGs
[2023-09-04T12:48:13.214+0000] {logging_mixin.py:150} INFO - [2023-09-04T12:48:13.214+0000] {dag.py:3508} INFO - Setting next_dagrun for example_params_trigger_ui to None, run_after=None
[2023-09-04T12:48:13.251+0000] {processor.py:179} INFO - Processing /home/airflow/.local/lib/python3.7/site-packages/airflow/example_dags/example_params_trigger_ui.py took 0.610 seconds
[2023-09-04T12:48:43.612+0000] {processor.py:157} INFO - Started process (PID=1042) to work on /home/airflow/.local/lib/python3.7/site-packages/airflow/example_dags/example_params_trigger_ui.py
[2023-09-04T12:48:43.614+0000] {processor.py:826} INFO - Processing file /home/airflow/.local/lib/python3.7/site-packages/airflow/example_dags/example_params_trigger_ui.py for tasks to queue
[2023-09-04T12:48:43.616+0000] {logging_mixin.py:150} INFO - [2023-09-04T12:48:43.615+0000] {dagbag.py:541} INFO - Filling up the DagBag from /home/airflow/.local/lib/python3.7/site-packages/airflow/example_dags/example_params_trigger_ui.py
[2023-09-04T12:48:43.671+0000] {processor.py:836} INFO - DAG(s) dict_keys(['example_params_trigger_ui']) retrieved from /home/airflow/.local/lib/python3.7/site-packages/airflow/example_dags/example_params_trigger_ui.py
[2023-09-04T12:48:43.899+0000] {logging_mixin.py:150} INFO - [2023-09-04T12:48:43.899+0000] {dag.py:2742} INFO - Sync 1 DAGs
[2023-09-04T12:48:43.967+0000] {logging_mixin.py:150} INFO - [2023-09-04T12:48:43.967+0000] {dag.py:3508} INFO - Setting next_dagrun for example_params_trigger_ui to None, run_after=None
[2023-09-04T12:48:44.023+0000] {processor.py:179} INFO - Processing /home/airflow/.local/lib/python3.7/site-packages/airflow/example_dags/example_params_trigger_ui.py took 0.417 seconds
[2023-09-04T12:49:14.302+0000] {processor.py:157} INFO - Started process (PID=1102) to work on /home/airflow/.local/lib/python3.7/site-packages/airflow/example_dags/example_params_trigger_ui.py
[2023-09-04T12:49:14.306+0000] {processor.py:826} INFO - Processing file /home/airflow/.local/lib/python3.7/site-packages/airflow/example_dags/example_params_trigger_ui.py for tasks to queue
[2023-09-04T12:49:14.309+0000] {logging_mixin.py:150} INFO - [2023-09-04T12:49:14.308+0000] {dagbag.py:541} INFO - Filling up the DagBag from /home/airflow/.local/lib/python3.7/site-packages/airflow/example_dags/example_params_trigger_ui.py
[2023-09-04T12:49:14.395+0000] {processor.py:836} INFO - DAG(s) dict_keys(['example_params_trigger_ui']) retrieved from /home/airflow/.local/lib/python3.7/site-packages/airflow/example_dags/example_params_trigger_ui.py
[2023-09-04T12:49:14.626+0000] {logging_mixin.py:150} INFO - [2023-09-04T12:49:14.626+0000] {dag.py:2742} INFO - Sync 1 DAGs
[2023-09-04T12:49:14.668+0000] {logging_mixin.py:150} INFO - [2023-09-04T12:49:14.668+0000] {dag.py:3508} INFO - Setting next_dagrun for example_params_trigger_ui to None, run_after=None
[2023-09-04T12:49:14.743+0000] {processor.py:179} INFO - Processing /home/airflow/.local/lib/python3.7/site-packages/airflow/example_dags/example_params_trigger_ui.py took 0.448 seconds
[2023-09-04T12:51:20.630+0000] {processor.py:157} INFO - Started process (PID=66) to work on /home/airflow/.local/lib/python3.7/site-packages/airflow/example_dags/example_params_trigger_ui.py
[2023-09-04T12:51:20.643+0000] {processor.py:826} INFO - Processing file /home/airflow/.local/lib/python3.7/site-packages/airflow/example_dags/example_params_trigger_ui.py for tasks to queue
[2023-09-04T12:51:20.646+0000] {logging_mixin.py:150} INFO - [2023-09-04T12:51:20.646+0000] {dagbag.py:541} INFO - Filling up the DagBag from /home/airflow/.local/lib/python3.7/site-packages/airflow/example_dags/example_params_trigger_ui.py
[2023-09-04T12:51:20.767+0000] {processor.py:836} INFO - DAG(s) dict_keys(['example_params_trigger_ui']) retrieved from /home/airflow/.local/lib/python3.7/site-packages/airflow/example_dags/example_params_trigger_ui.py
[2023-09-04T12:51:21.214+0000] {logging_mixin.py:150} INFO - [2023-09-04T12:51:21.214+0000] {dag.py:2742} INFO - Sync 1 DAGs
[2023-09-04T12:51:21.325+0000] {logging_mixin.py:150} INFO - [2023-09-04T12:51:21.325+0000] {dag.py:3508} INFO - Setting next_dagrun for example_params_trigger_ui to None, run_after=None
[2023-09-04T12:51:21.386+0000] {processor.py:179} INFO - Processing /home/airflow/.local/lib/python3.7/site-packages/airflow/example_dags/example_params_trigger_ui.py took 0.763 seconds
[2023-09-04T12:51:51.526+0000] {processor.py:157} INFO - Started process (PID=124) to work on /home/airflow/.local/lib/python3.7/site-packages/airflow/example_dags/example_params_trigger_ui.py
[2023-09-04T12:51:51.528+0000] {processor.py:826} INFO - Processing file /home/airflow/.local/lib/python3.7/site-packages/airflow/example_dags/example_params_trigger_ui.py for tasks to queue
[2023-09-04T12:51:51.531+0000] {logging_mixin.py:150} INFO - [2023-09-04T12:51:51.530+0000] {dagbag.py:541} INFO - Filling up the DagBag from /home/airflow/.local/lib/python3.7/site-packages/airflow/example_dags/example_params_trigger_ui.py
[2023-09-04T12:51:51.590+0000] {processor.py:836} INFO - DAG(s) dict_keys(['example_params_trigger_ui']) retrieved from /home/airflow/.local/lib/python3.7/site-packages/airflow/example_dags/example_params_trigger_ui.py
[2023-09-04T12:51:51.837+0000] {logging_mixin.py:150} INFO - [2023-09-04T12:51:51.837+0000] {dag.py:2742} INFO - Sync 1 DAGs
[2023-09-04T12:51:51.907+0000] {logging_mixin.py:150} INFO - [2023-09-04T12:51:51.907+0000] {dag.py:3508} INFO - Setting next_dagrun for example_params_trigger_ui to None, run_after=None
[2023-09-04T12:51:52.070+0000] {processor.py:179} INFO - Processing /home/airflow/.local/lib/python3.7/site-packages/airflow/example_dags/example_params_trigger_ui.py took 0.554 seconds
[2023-09-04T12:52:22.424+0000] {processor.py:157} INFO - Started process (PID=183) to work on /home/airflow/.local/lib/python3.7/site-packages/airflow/example_dags/example_params_trigger_ui.py
[2023-09-04T12:52:22.427+0000] {processor.py:826} INFO - Processing file /home/airflow/.local/lib/python3.7/site-packages/airflow/example_dags/example_params_trigger_ui.py for tasks to queue
[2023-09-04T12:52:22.430+0000] {logging_mixin.py:150} INFO - [2023-09-04T12:52:22.430+0000] {dagbag.py:541} INFO - Filling up the DagBag from /home/airflow/.local/lib/python3.7/site-packages/airflow/example_dags/example_params_trigger_ui.py
[2023-09-04T12:52:22.485+0000] {processor.py:836} INFO - DAG(s) dict_keys(['example_params_trigger_ui']) retrieved from /home/airflow/.local/lib/python3.7/site-packages/airflow/example_dags/example_params_trigger_ui.py
[2023-09-04T12:52:22.642+0000] {logging_mixin.py:150} INFO - [2023-09-04T12:52:22.642+0000] {dag.py:2742} INFO - Sync 1 DAGs
[2023-09-04T12:52:22.692+0000] {logging_mixin.py:150} INFO - [2023-09-04T12:52:22.692+0000] {dag.py:3508} INFO - Setting next_dagrun for example_params_trigger_ui to None, run_after=None
[2023-09-04T12:52:22.729+0000] {processor.py:179} INFO - Processing /home/airflow/.local/lib/python3.7/site-packages/airflow/example_dags/example_params_trigger_ui.py took 0.314 seconds
[2023-09-04T12:52:53.077+0000] {processor.py:157} INFO - Started process (PID=242) to work on /home/airflow/.local/lib/python3.7/site-packages/airflow/example_dags/example_params_trigger_ui.py
[2023-09-04T12:52:53.086+0000] {processor.py:826} INFO - Processing file /home/airflow/.local/lib/python3.7/site-packages/airflow/example_dags/example_params_trigger_ui.py for tasks to queue
[2023-09-04T12:52:53.096+0000] {logging_mixin.py:150} INFO - [2023-09-04T12:52:53.094+0000] {dagbag.py:541} INFO - Filling up the DagBag from /home/airflow/.local/lib/python3.7/site-packages/airflow/example_dags/example_params_trigger_ui.py
[2023-09-04T12:52:53.228+0000] {processor.py:836} INFO - DAG(s) dict_keys(['example_params_trigger_ui']) retrieved from /home/airflow/.local/lib/python3.7/site-packages/airflow/example_dags/example_params_trigger_ui.py
[2023-09-04T12:52:53.467+0000] {logging_mixin.py:150} INFO - [2023-09-04T12:52:53.466+0000] {dag.py:2742} INFO - Sync 1 DAGs
[2023-09-04T12:52:53.532+0000] {logging_mixin.py:150} INFO - [2023-09-04T12:52:53.531+0000] {dag.py:3508} INFO - Setting next_dagrun for example_params_trigger_ui to None, run_after=None
[2023-09-04T12:52:53.581+0000] {processor.py:179} INFO - Processing /home/airflow/.local/lib/python3.7/site-packages/airflow/example_dags/example_params_trigger_ui.py took 0.530 seconds
[2023-09-04T12:53:24.044+0000] {processor.py:157} INFO - Started process (PID=302) to work on /home/airflow/.local/lib/python3.7/site-packages/airflow/example_dags/example_params_trigger_ui.py
[2023-09-04T12:53:24.052+0000] {processor.py:826} INFO - Processing file /home/airflow/.local/lib/python3.7/site-packages/airflow/example_dags/example_params_trigger_ui.py for tasks to queue
[2023-09-04T12:53:24.060+0000] {logging_mixin.py:150} INFO - [2023-09-04T12:53:24.059+0000] {dagbag.py:541} INFO - Filling up the DagBag from /home/airflow/.local/lib/python3.7/site-packages/airflow/example_dags/example_params_trigger_ui.py
[2023-09-04T12:53:24.140+0000] {processor.py:836} INFO - DAG(s) dict_keys(['example_params_trigger_ui']) retrieved from /home/airflow/.local/lib/python3.7/site-packages/airflow/example_dags/example_params_trigger_ui.py
[2023-09-04T12:53:24.365+0000] {logging_mixin.py:150} INFO - [2023-09-04T12:53:24.365+0000] {dag.py:2742} INFO - Sync 1 DAGs
[2023-09-04T12:53:24.418+0000] {logging_mixin.py:150} INFO - [2023-09-04T12:53:24.418+0000] {dag.py:3508} INFO - Setting next_dagrun for example_params_trigger_ui to None, run_after=None
[2023-09-04T12:53:24.462+0000] {processor.py:179} INFO - Processing /home/airflow/.local/lib/python3.7/site-packages/airflow/example_dags/example_params_trigger_ui.py took 0.441 seconds
[2023-09-04T12:53:54.936+0000] {processor.py:157} INFO - Started process (PID=361) to work on /home/airflow/.local/lib/python3.7/site-packages/airflow/example_dags/example_params_trigger_ui.py
[2023-09-04T12:53:54.939+0000] {processor.py:826} INFO - Processing file /home/airflow/.local/lib/python3.7/site-packages/airflow/example_dags/example_params_trigger_ui.py for tasks to queue
[2023-09-04T12:53:54.942+0000] {logging_mixin.py:150} INFO - [2023-09-04T12:53:54.941+0000] {dagbag.py:541} INFO - Filling up the DagBag from /home/airflow/.local/lib/python3.7/site-packages/airflow/example_dags/example_params_trigger_ui.py
[2023-09-04T12:53:55.050+0000] {processor.py:836} INFO - DAG(s) dict_keys(['example_params_trigger_ui']) retrieved from /home/airflow/.local/lib/python3.7/site-packages/airflow/example_dags/example_params_trigger_ui.py
[2023-09-04T12:53:55.391+0000] {logging_mixin.py:150} INFO - [2023-09-04T12:53:55.391+0000] {dag.py:2742} INFO - Sync 1 DAGs
[2023-09-04T12:53:55.489+0000] {logging_mixin.py:150} INFO - [2023-09-04T12:53:55.488+0000] {dag.py:3508} INFO - Setting next_dagrun for example_params_trigger_ui to None, run_after=None
[2023-09-04T12:53:55.554+0000] {processor.py:179} INFO - Processing /home/airflow/.local/lib/python3.7/site-packages/airflow/example_dags/example_params_trigger_ui.py took 0.631 seconds
[2023-09-04T12:54:25.866+0000] {processor.py:157} INFO - Started process (PID=419) to work on /home/airflow/.local/lib/python3.7/site-packages/airflow/example_dags/example_params_trigger_ui.py
[2023-09-04T12:54:25.871+0000] {processor.py:826} INFO - Processing file /home/airflow/.local/lib/python3.7/site-packages/airflow/example_dags/example_params_trigger_ui.py for tasks to queue
[2023-09-04T12:54:25.880+0000] {logging_mixin.py:150} INFO - [2023-09-04T12:54:25.879+0000] {dagbag.py:541} INFO - Filling up the DagBag from /home/airflow/.local/lib/python3.7/site-packages/airflow/example_dags/example_params_trigger_ui.py
[2023-09-04T12:54:25.997+0000] {processor.py:836} INFO - DAG(s) dict_keys(['example_params_trigger_ui']) retrieved from /home/airflow/.local/lib/python3.7/site-packages/airflow/example_dags/example_params_trigger_ui.py
[2023-09-04T12:54:26.302+0000] {logging_mixin.py:150} INFO - [2023-09-04T12:54:26.302+0000] {dag.py:2742} INFO - Sync 1 DAGs
[2023-09-04T12:54:26.365+0000] {logging_mixin.py:150} INFO - [2023-09-04T12:54:26.365+0000] {dag.py:3508} INFO - Setting next_dagrun for example_params_trigger_ui to None, run_after=None
[2023-09-04T12:54:26.414+0000] {processor.py:179} INFO - Processing /home/airflow/.local/lib/python3.7/site-packages/airflow/example_dags/example_params_trigger_ui.py took 0.565 seconds
[2023-09-04T12:54:56.531+0000] {processor.py:157} INFO - Started process (PID=479) to work on /home/airflow/.local/lib/python3.7/site-packages/airflow/example_dags/example_params_trigger_ui.py
[2023-09-04T12:54:56.533+0000] {processor.py:826} INFO - Processing file /home/airflow/.local/lib/python3.7/site-packages/airflow/example_dags/example_params_trigger_ui.py for tasks to queue
[2023-09-04T12:54:56.536+0000] {logging_mixin.py:150} INFO - [2023-09-04T12:54:56.535+0000] {dagbag.py:541} INFO - Filling up the DagBag from /home/airflow/.local/lib/python3.7/site-packages/airflow/example_dags/example_params_trigger_ui.py
[2023-09-04T12:54:56.600+0000] {processor.py:836} INFO - DAG(s) dict_keys(['example_params_trigger_ui']) retrieved from /home/airflow/.local/lib/python3.7/site-packages/airflow/example_dags/example_params_trigger_ui.py
[2023-09-04T12:54:56.836+0000] {logging_mixin.py:150} INFO - [2023-09-04T12:54:56.836+0000] {dag.py:2742} INFO - Sync 1 DAGs
[2023-09-04T12:54:56.915+0000] {logging_mixin.py:150} INFO - [2023-09-04T12:54:56.915+0000] {dag.py:3508} INFO - Setting next_dagrun for example_params_trigger_ui to None, run_after=None
[2023-09-04T12:54:56.964+0000] {processor.py:179} INFO - Processing /home/airflow/.local/lib/python3.7/site-packages/airflow/example_dags/example_params_trigger_ui.py took 0.443 seconds
[2023-09-04T12:55:27.777+0000] {processor.py:157} INFO - Started process (PID=539) to work on /home/airflow/.local/lib/python3.7/site-packages/airflow/example_dags/example_params_trigger_ui.py
[2023-09-04T12:55:27.781+0000] {processor.py:826} INFO - Processing file /home/airflow/.local/lib/python3.7/site-packages/airflow/example_dags/example_params_trigger_ui.py for tasks to queue
[2023-09-04T12:55:27.785+0000] {logging_mixin.py:150} INFO - [2023-09-04T12:55:27.784+0000] {dagbag.py:541} INFO - Filling up the DagBag from /home/airflow/.local/lib/python3.7/site-packages/airflow/example_dags/example_params_trigger_ui.py
[2023-09-04T12:55:27.860+0000] {processor.py:836} INFO - DAG(s) dict_keys(['example_params_trigger_ui']) retrieved from /home/airflow/.local/lib/python3.7/site-packages/airflow/example_dags/example_params_trigger_ui.py
[2023-09-04T12:55:28.042+0000] {logging_mixin.py:150} INFO - [2023-09-04T12:55:28.041+0000] {dag.py:2742} INFO - Sync 1 DAGs
[2023-09-04T12:55:28.118+0000] {logging_mixin.py:150} INFO - [2023-09-04T12:55:28.118+0000] {dag.py:3508} INFO - Setting next_dagrun for example_params_trigger_ui to None, run_after=None
[2023-09-04T12:55:28.183+0000] {processor.py:179} INFO - Processing /home/airflow/.local/lib/python3.7/site-packages/airflow/example_dags/example_params_trigger_ui.py took 0.417 seconds
[2023-09-04T12:55:58.439+0000] {processor.py:157} INFO - Started process (PID=600) to work on /home/airflow/.local/lib/python3.7/site-packages/airflow/example_dags/example_params_trigger_ui.py
[2023-09-04T12:55:58.442+0000] {processor.py:826} INFO - Processing file /home/airflow/.local/lib/python3.7/site-packages/airflow/example_dags/example_params_trigger_ui.py for tasks to queue
[2023-09-04T12:55:58.447+0000] {logging_mixin.py:150} INFO - [2023-09-04T12:55:58.446+0000] {dagbag.py:541} INFO - Filling up the DagBag from /home/airflow/.local/lib/python3.7/site-packages/airflow/example_dags/example_params_trigger_ui.py
[2023-09-04T12:55:58.511+0000] {processor.py:836} INFO - DAG(s) dict_keys(['example_params_trigger_ui']) retrieved from /home/airflow/.local/lib/python3.7/site-packages/airflow/example_dags/example_params_trigger_ui.py
[2023-09-04T12:55:58.789+0000] {logging_mixin.py:150} INFO - [2023-09-04T12:55:58.789+0000] {dag.py:2742} INFO - Sync 1 DAGs
[2023-09-04T12:55:58.889+0000] {logging_mixin.py:150} INFO - [2023-09-04T12:55:58.889+0000] {dag.py:3508} INFO - Setting next_dagrun for example_params_trigger_ui to None, run_after=None
[2023-09-04T12:55:58.961+0000] {processor.py:179} INFO - Processing /home/airflow/.local/lib/python3.7/site-packages/airflow/example_dags/example_params_trigger_ui.py took 0.531 seconds
[2023-09-04T12:56:29.299+0000] {processor.py:157} INFO - Started process (PID=659) to work on /home/airflow/.local/lib/python3.7/site-packages/airflow/example_dags/example_params_trigger_ui.py
[2023-09-04T12:56:29.302+0000] {processor.py:826} INFO - Processing file /home/airflow/.local/lib/python3.7/site-packages/airflow/example_dags/example_params_trigger_ui.py for tasks to queue
[2023-09-04T12:56:29.304+0000] {logging_mixin.py:150} INFO - [2023-09-04T12:56:29.303+0000] {dagbag.py:541} INFO - Filling up the DagBag from /home/airflow/.local/lib/python3.7/site-packages/airflow/example_dags/example_params_trigger_ui.py
[2023-09-04T12:56:29.406+0000] {processor.py:836} INFO - DAG(s) dict_keys(['example_params_trigger_ui']) retrieved from /home/airflow/.local/lib/python3.7/site-packages/airflow/example_dags/example_params_trigger_ui.py
[2023-09-04T12:56:29.978+0000] {logging_mixin.py:150} INFO - [2023-09-04T12:56:29.977+0000] {dag.py:2742} INFO - Sync 1 DAGs
[2023-09-04T12:56:30.133+0000] {logging_mixin.py:150} INFO - [2023-09-04T12:56:30.133+0000] {dag.py:3508} INFO - Setting next_dagrun for example_params_trigger_ui to None, run_after=None
[2023-09-04T12:56:30.230+0000] {processor.py:179} INFO - Processing /home/airflow/.local/lib/python3.7/site-packages/airflow/example_dags/example_params_trigger_ui.py took 0.937 seconds
[2023-09-04T12:57:00.592+0000] {processor.py:157} INFO - Started process (PID=713) to work on /home/airflow/.local/lib/python3.7/site-packages/airflow/example_dags/example_params_trigger_ui.py
[2023-09-04T12:57:00.599+0000] {processor.py:826} INFO - Processing file /home/airflow/.local/lib/python3.7/site-packages/airflow/example_dags/example_params_trigger_ui.py for tasks to queue
[2023-09-04T12:57:00.612+0000] {logging_mixin.py:150} INFO - [2023-09-04T12:57:00.610+0000] {dagbag.py:541} INFO - Filling up the DagBag from /home/airflow/.local/lib/python3.7/site-packages/airflow/example_dags/example_params_trigger_ui.py
[2023-09-04T12:57:00.715+0000] {processor.py:836} INFO - DAG(s) dict_keys(['example_params_trigger_ui']) retrieved from /home/airflow/.local/lib/python3.7/site-packages/airflow/example_dags/example_params_trigger_ui.py
[2023-09-04T12:57:00.948+0000] {logging_mixin.py:150} INFO - [2023-09-04T12:57:00.948+0000] {dag.py:2742} INFO - Sync 1 DAGs
[2023-09-04T12:57:01.013+0000] {logging_mixin.py:150} INFO - [2023-09-04T12:57:01.012+0000] {dag.py:3508} INFO - Setting next_dagrun for example_params_trigger_ui to None, run_after=None
[2023-09-04T12:57:01.055+0000] {processor.py:179} INFO - Processing /home/airflow/.local/lib/python3.7/site-packages/airflow/example_dags/example_params_trigger_ui.py took 0.491 seconds
[2023-09-04T12:57:31.383+0000] {processor.py:157} INFO - Started process (PID=771) to work on /home/airflow/.local/lib/python3.7/site-packages/airflow/example_dags/example_params_trigger_ui.py
[2023-09-04T12:57:31.390+0000] {processor.py:826} INFO - Processing file /home/airflow/.local/lib/python3.7/site-packages/airflow/example_dags/example_params_trigger_ui.py for tasks to queue
[2023-09-04T12:57:31.393+0000] {logging_mixin.py:150} INFO - [2023-09-04T12:57:31.392+0000] {dagbag.py:541} INFO - Filling up the DagBag from /home/airflow/.local/lib/python3.7/site-packages/airflow/example_dags/example_params_trigger_ui.py
[2023-09-04T12:57:31.470+0000] {processor.py:836} INFO - DAG(s) dict_keys(['example_params_trigger_ui']) retrieved from /home/airflow/.local/lib/python3.7/site-packages/airflow/example_dags/example_params_trigger_ui.py
[2023-09-04T12:57:31.739+0000] {logging_mixin.py:150} INFO - [2023-09-04T12:57:31.739+0000] {dag.py:2742} INFO - Sync 1 DAGs
[2023-09-04T12:57:31.794+0000] {logging_mixin.py:150} INFO - [2023-09-04T12:57:31.793+0000] {dag.py:3508} INFO - Setting next_dagrun for example_params_trigger_ui to None, run_after=None
[2023-09-04T12:57:31.835+0000] {processor.py:179} INFO - Processing /home/airflow/.local/lib/python3.7/site-packages/airflow/example_dags/example_params_trigger_ui.py took 0.460 seconds
[2023-09-04T12:58:02.308+0000] {processor.py:157} INFO - Started process (PID=830) to work on /home/airflow/.local/lib/python3.7/site-packages/airflow/example_dags/example_params_trigger_ui.py
[2023-09-04T12:58:02.311+0000] {processor.py:826} INFO - Processing file /home/airflow/.local/lib/python3.7/site-packages/airflow/example_dags/example_params_trigger_ui.py for tasks to queue
[2023-09-04T12:58:02.315+0000] {logging_mixin.py:150} INFO - [2023-09-04T12:58:02.313+0000] {dagbag.py:541} INFO - Filling up the DagBag from /home/airflow/.local/lib/python3.7/site-packages/airflow/example_dags/example_params_trigger_ui.py
[2023-09-04T12:58:02.397+0000] {processor.py:836} INFO - DAG(s) dict_keys(['example_params_trigger_ui']) retrieved from /home/airflow/.local/lib/python3.7/site-packages/airflow/example_dags/example_params_trigger_ui.py
[2023-09-04T12:58:02.708+0000] {logging_mixin.py:150} INFO - [2023-09-04T12:58:02.708+0000] {dag.py:2742} INFO - Sync 1 DAGs
[2023-09-04T12:58:02.758+0000] {logging_mixin.py:150} INFO - [2023-09-04T12:58:02.758+0000] {dag.py:3508} INFO - Setting next_dagrun for example_params_trigger_ui to None, run_after=None
[2023-09-04T12:58:02.801+0000] {processor.py:179} INFO - Processing /home/airflow/.local/lib/python3.7/site-packages/airflow/example_dags/example_params_trigger_ui.py took 0.502 seconds
[2023-09-04T12:58:33.369+0000] {processor.py:157} INFO - Started process (PID=888) to work on /home/airflow/.local/lib/python3.7/site-packages/airflow/example_dags/example_params_trigger_ui.py
[2023-09-04T12:58:33.371+0000] {processor.py:826} INFO - Processing file /home/airflow/.local/lib/python3.7/site-packages/airflow/example_dags/example_params_trigger_ui.py for tasks to queue
[2023-09-04T12:58:33.374+0000] {logging_mixin.py:150} INFO - [2023-09-04T12:58:33.373+0000] {dagbag.py:541} INFO - Filling up the DagBag from /home/airflow/.local/lib/python3.7/site-packages/airflow/example_dags/example_params_trigger_ui.py
[2023-09-04T12:58:33.417+0000] {processor.py:836} INFO - DAG(s) dict_keys(['example_params_trigger_ui']) retrieved from /home/airflow/.local/lib/python3.7/site-packages/airflow/example_dags/example_params_trigger_ui.py
[2023-09-04T12:58:33.613+0000] {logging_mixin.py:150} INFO - [2023-09-04T12:58:33.613+0000] {dag.py:2742} INFO - Sync 1 DAGs
[2023-09-04T12:58:33.671+0000] {logging_mixin.py:150} INFO - [2023-09-04T12:58:33.671+0000] {dag.py:3508} INFO - Setting next_dagrun for example_params_trigger_ui to None, run_after=None
[2023-09-04T12:58:33.717+0000] {processor.py:179} INFO - Processing /home/airflow/.local/lib/python3.7/site-packages/airflow/example_dags/example_params_trigger_ui.py took 0.353 seconds
