[2023-09-04T12:39:40.519+0000] {processor.py:157} INFO - Started process (PID=93) to work on /home/airflow/.local/lib/python3.7/site-packages/airflow/example_dags/tutorial_dag.py
[2023-09-04T12:39:40.523+0000] {processor.py:826} INFO - Processing file /home/airflow/.local/lib/python3.7/site-packages/airflow/example_dags/tutorial_dag.py for tasks to queue
[2023-09-04T12:39:40.526+0000] {logging_mixin.py:150} INFO - [2023-09-04T12:39:40.526+0000] {dagbag.py:541} INFO - Filling up the DagBag from /home/airflow/.local/lib/python3.7/site-packages/airflow/example_dags/tutorial_dag.py
[2023-09-04T12:39:40.547+0000] {processor.py:836} INFO - DAG(s) dict_keys(['tutorial_dag']) retrieved from /home/airflow/.local/lib/python3.7/site-packages/airflow/example_dags/tutorial_dag.py
[2023-09-04T12:39:40.988+0000] {logging_mixin.py:150} INFO - [2023-09-04T12:39:40.987+0000] {dag.py:2742} INFO - Sync 1 DAGs
[2023-09-04T12:39:41.127+0000] {logging_mixin.py:150} INFO - [2023-09-04T12:39:41.127+0000] {dag.py:3508} INFO - Setting next_dagrun for tutorial_dag to None, run_after=None
[2023-09-04T12:39:41.208+0000] {processor.py:179} INFO - Processing /home/airflow/.local/lib/python3.7/site-packages/airflow/example_dags/tutorial_dag.py took 0.699 seconds
[2023-09-04T12:40:12.942+0000] {processor.py:157} INFO - Started process (PID=151) to work on /home/airflow/.local/lib/python3.7/site-packages/airflow/example_dags/tutorial_dag.py
[2023-09-04T12:40:12.948+0000] {processor.py:826} INFO - Processing file /home/airflow/.local/lib/python3.7/site-packages/airflow/example_dags/tutorial_dag.py for tasks to queue
[2023-09-04T12:40:12.952+0000] {logging_mixin.py:150} INFO - [2023-09-04T12:40:12.951+0000] {dagbag.py:541} INFO - Filling up the DagBag from /home/airflow/.local/lib/python3.7/site-packages/airflow/example_dags/tutorial_dag.py
[2023-09-04T12:40:12.983+0000] {processor.py:836} INFO - DAG(s) dict_keys(['tutorial_dag']) retrieved from /home/airflow/.local/lib/python3.7/site-packages/airflow/example_dags/tutorial_dag.py
[2023-09-04T12:40:13.141+0000] {logging_mixin.py:150} INFO - [2023-09-04T12:40:13.141+0000] {dag.py:2742} INFO - Sync 1 DAGs
[2023-09-04T12:40:13.274+0000] {logging_mixin.py:150} INFO - [2023-09-04T12:40:13.274+0000] {dag.py:3508} INFO - Setting next_dagrun for tutorial_dag to None, run_after=None
[2023-09-04T12:40:13.336+0000] {processor.py:179} INFO - Processing /home/airflow/.local/lib/python3.7/site-packages/airflow/example_dags/tutorial_dag.py took 0.413 seconds
[2023-09-04T12:40:50.351+0000] {processor.py:157} INFO - Started process (PID=216) to work on /home/airflow/.local/lib/python3.7/site-packages/airflow/example_dags/tutorial_dag.py
[2023-09-04T12:40:50.366+0000] {processor.py:826} INFO - Processing file /home/airflow/.local/lib/python3.7/site-packages/airflow/example_dags/tutorial_dag.py for tasks to queue
[2023-09-04T12:40:50.379+0000] {logging_mixin.py:150} INFO - [2023-09-04T12:40:50.378+0000] {dagbag.py:541} INFO - Filling up the DagBag from /home/airflow/.local/lib/python3.7/site-packages/airflow/example_dags/tutorial_dag.py
[2023-09-04T12:40:50.479+0000] {processor.py:836} INFO - DAG(s) dict_keys(['tutorial_dag']) retrieved from /home/airflow/.local/lib/python3.7/site-packages/airflow/example_dags/tutorial_dag.py
[2023-09-04T12:40:50.761+0000] {logging_mixin.py:150} INFO - [2023-09-04T12:40:50.761+0000] {dag.py:2742} INFO - Sync 1 DAGs
[2023-09-04T12:40:51.066+0000] {logging_mixin.py:150} INFO - [2023-09-04T12:40:51.066+0000] {dag.py:3508} INFO - Setting next_dagrun for tutorial_dag to None, run_after=None
[2023-09-04T12:40:51.250+0000] {processor.py:179} INFO - Processing /home/airflow/.local/lib/python3.7/site-packages/airflow/example_dags/tutorial_dag.py took 0.958 seconds
[2023-09-04T12:41:25.391+0000] {processor.py:157} INFO - Started process (PID=274) to work on /home/airflow/.local/lib/python3.7/site-packages/airflow/example_dags/tutorial_dag.py
[2023-09-04T12:41:25.407+0000] {processor.py:826} INFO - Processing file /home/airflow/.local/lib/python3.7/site-packages/airflow/example_dags/tutorial_dag.py for tasks to queue
[2023-09-04T12:41:25.424+0000] {logging_mixin.py:150} INFO - [2023-09-04T12:41:25.423+0000] {dagbag.py:541} INFO - Filling up the DagBag from /home/airflow/.local/lib/python3.7/site-packages/airflow/example_dags/tutorial_dag.py
[2023-09-04T12:41:25.459+0000] {processor.py:836} INFO - DAG(s) dict_keys(['tutorial_dag']) retrieved from /home/airflow/.local/lib/python3.7/site-packages/airflow/example_dags/tutorial_dag.py
[2023-09-04T12:41:25.880+0000] {logging_mixin.py:150} INFO - [2023-09-04T12:41:25.879+0000] {dag.py:2742} INFO - Sync 1 DAGs
[2023-09-04T12:41:26.076+0000] {logging_mixin.py:150} INFO - [2023-09-04T12:41:26.076+0000] {dag.py:3508} INFO - Setting next_dagrun for tutorial_dag to None, run_after=None
[2023-09-04T12:41:26.227+0000] {processor.py:179} INFO - Processing /home/airflow/.local/lib/python3.7/site-packages/airflow/example_dags/tutorial_dag.py took 0.899 seconds
[2023-09-04T12:42:09.474+0000] {processor.py:157} INFO - Started process (PID=339) to work on /home/airflow/.local/lib/python3.7/site-packages/airflow/example_dags/tutorial_dag.py
[2023-09-04T12:42:09.536+0000] {processor.py:826} INFO - Processing file /home/airflow/.local/lib/python3.7/site-packages/airflow/example_dags/tutorial_dag.py for tasks to queue
[2023-09-04T12:42:09.592+0000] {logging_mixin.py:150} INFO - [2023-09-04T12:42:09.591+0000] {dagbag.py:541} INFO - Filling up the DagBag from /home/airflow/.local/lib/python3.7/site-packages/airflow/example_dags/tutorial_dag.py
[2023-09-04T12:42:09.659+0000] {processor.py:836} INFO - DAG(s) dict_keys(['tutorial_dag']) retrieved from /home/airflow/.local/lib/python3.7/site-packages/airflow/example_dags/tutorial_dag.py
[2023-09-04T12:42:09.881+0000] {logging_mixin.py:150} INFO - [2023-09-04T12:42:09.881+0000] {dag.py:2742} INFO - Sync 1 DAGs
[2023-09-04T12:42:10.245+0000] {logging_mixin.py:150} INFO - [2023-09-04T12:42:10.244+0000] {dag.py:3508} INFO - Setting next_dagrun for tutorial_dag to None, run_after=None
[2023-09-04T12:42:10.594+0000] {processor.py:179} INFO - Processing /home/airflow/.local/lib/python3.7/site-packages/airflow/example_dags/tutorial_dag.py took 1.167 seconds
[2023-09-04T12:42:48.690+0000] {processor.py:157} INFO - Started process (PID=398) to work on /home/airflow/.local/lib/python3.7/site-packages/airflow/example_dags/tutorial_dag.py
[2023-09-04T12:42:48.718+0000] {processor.py:826} INFO - Processing file /home/airflow/.local/lib/python3.7/site-packages/airflow/example_dags/tutorial_dag.py for tasks to queue
[2023-09-04T12:42:48.735+0000] {logging_mixin.py:150} INFO - [2023-09-04T12:42:48.734+0000] {dagbag.py:541} INFO - Filling up the DagBag from /home/airflow/.local/lib/python3.7/site-packages/airflow/example_dags/tutorial_dag.py
[2023-09-04T12:42:48.773+0000] {processor.py:836} INFO - DAG(s) dict_keys(['tutorial_dag']) retrieved from /home/airflow/.local/lib/python3.7/site-packages/airflow/example_dags/tutorial_dag.py
[2023-09-04T12:42:49.042+0000] {logging_mixin.py:150} INFO - [2023-09-04T12:42:49.042+0000] {dag.py:2742} INFO - Sync 1 DAGs
[2023-09-04T12:42:49.438+0000] {logging_mixin.py:150} INFO - [2023-09-04T12:42:49.438+0000] {dag.py:3508} INFO - Setting next_dagrun for tutorial_dag to None, run_after=None
[2023-09-04T12:42:49.636+0000] {processor.py:179} INFO - Processing /home/airflow/.local/lib/python3.7/site-packages/airflow/example_dags/tutorial_dag.py took 0.965 seconds
[2023-09-04T12:43:20.609+0000] {processor.py:157} INFO - Started process (PID=457) to work on /home/airflow/.local/lib/python3.7/site-packages/airflow/example_dags/tutorial_dag.py
[2023-09-04T12:43:20.624+0000] {processor.py:826} INFO - Processing file /home/airflow/.local/lib/python3.7/site-packages/airflow/example_dags/tutorial_dag.py for tasks to queue
[2023-09-04T12:43:20.641+0000] {logging_mixin.py:150} INFO - [2023-09-04T12:43:20.640+0000] {dagbag.py:541} INFO - Filling up the DagBag from /home/airflow/.local/lib/python3.7/site-packages/airflow/example_dags/tutorial_dag.py
[2023-09-04T12:43:20.677+0000] {processor.py:836} INFO - DAG(s) dict_keys(['tutorial_dag']) retrieved from /home/airflow/.local/lib/python3.7/site-packages/airflow/example_dags/tutorial_dag.py
[2023-09-04T12:43:20.828+0000] {logging_mixin.py:150} INFO - [2023-09-04T12:43:20.827+0000] {dag.py:2742} INFO - Sync 1 DAGs
[2023-09-04T12:43:21.079+0000] {logging_mixin.py:150} INFO - [2023-09-04T12:43:21.079+0000] {dag.py:3508} INFO - Setting next_dagrun for tutorial_dag to None, run_after=None
[2023-09-04T12:43:21.255+0000] {processor.py:179} INFO - Processing /home/airflow/.local/lib/python3.7/site-packages/airflow/example_dags/tutorial_dag.py took 0.675 seconds
[2023-09-04T12:43:56.152+0000] {processor.py:157} INFO - Started process (PID=511) to work on /home/airflow/.local/lib/python3.7/site-packages/airflow/example_dags/tutorial_dag.py
[2023-09-04T12:43:56.174+0000] {processor.py:826} INFO - Processing file /home/airflow/.local/lib/python3.7/site-packages/airflow/example_dags/tutorial_dag.py for tasks to queue
[2023-09-04T12:43:56.193+0000] {logging_mixin.py:150} INFO - [2023-09-04T12:43:56.193+0000] {dagbag.py:541} INFO - Filling up the DagBag from /home/airflow/.local/lib/python3.7/site-packages/airflow/example_dags/tutorial_dag.py
[2023-09-04T12:43:56.225+0000] {processor.py:836} INFO - DAG(s) dict_keys(['tutorial_dag']) retrieved from /home/airflow/.local/lib/python3.7/site-packages/airflow/example_dags/tutorial_dag.py
[2023-09-04T12:43:56.370+0000] {logging_mixin.py:150} INFO - [2023-09-04T12:43:56.370+0000] {dag.py:2742} INFO - Sync 1 DAGs
[2023-09-04T12:43:56.567+0000] {logging_mixin.py:150} INFO - [2023-09-04T12:43:56.566+0000] {dag.py:3508} INFO - Setting next_dagrun for tutorial_dag to None, run_after=None
[2023-09-04T12:43:56.724+0000] {processor.py:179} INFO - Processing /home/airflow/.local/lib/python3.7/site-packages/airflow/example_dags/tutorial_dag.py took 0.579 seconds
[2023-09-04T12:44:27.162+0000] {processor.py:157} INFO - Started process (PID=570) to work on /home/airflow/.local/lib/python3.7/site-packages/airflow/example_dags/tutorial_dag.py
[2023-09-04T12:44:27.164+0000] {processor.py:826} INFO - Processing file /home/airflow/.local/lib/python3.7/site-packages/airflow/example_dags/tutorial_dag.py for tasks to queue
[2023-09-04T12:44:27.167+0000] {logging_mixin.py:150} INFO - [2023-09-04T12:44:27.166+0000] {dagbag.py:541} INFO - Filling up the DagBag from /home/airflow/.local/lib/python3.7/site-packages/airflow/example_dags/tutorial_dag.py
[2023-09-04T12:44:27.200+0000] {processor.py:836} INFO - DAG(s) dict_keys(['tutorial_dag']) retrieved from /home/airflow/.local/lib/python3.7/site-packages/airflow/example_dags/tutorial_dag.py
[2023-09-04T12:44:27.324+0000] {logging_mixin.py:150} INFO - [2023-09-04T12:44:27.324+0000] {dag.py:2742} INFO - Sync 1 DAGs
[2023-09-04T12:44:27.475+0000] {logging_mixin.py:150} INFO - [2023-09-04T12:44:27.475+0000] {dag.py:3508} INFO - Setting next_dagrun for tutorial_dag to None, run_after=None
[2023-09-04T12:44:27.594+0000] {processor.py:179} INFO - Processing /home/airflow/.local/lib/python3.7/site-packages/airflow/example_dags/tutorial_dag.py took 0.444 seconds
[2023-09-04T12:45:10.224+0000] {processor.py:157} INFO - Started process (PID=631) to work on /home/airflow/.local/lib/python3.7/site-packages/airflow/example_dags/tutorial_dag.py
[2023-09-04T12:45:10.228+0000] {processor.py:826} INFO - Processing file /home/airflow/.local/lib/python3.7/site-packages/airflow/example_dags/tutorial_dag.py for tasks to queue
[2023-09-04T12:45:10.230+0000] {logging_mixin.py:150} INFO - [2023-09-04T12:45:10.230+0000] {dagbag.py:541} INFO - Filling up the DagBag from /home/airflow/.local/lib/python3.7/site-packages/airflow/example_dags/tutorial_dag.py
[2023-09-04T12:45:10.244+0000] {processor.py:836} INFO - DAG(s) dict_keys(['tutorial_dag']) retrieved from /home/airflow/.local/lib/python3.7/site-packages/airflow/example_dags/tutorial_dag.py
[2023-09-04T12:45:10.316+0000] {logging_mixin.py:150} INFO - [2023-09-04T12:45:10.316+0000] {dag.py:2742} INFO - Sync 1 DAGs
[2023-09-04T12:45:10.452+0000] {logging_mixin.py:150} INFO - [2023-09-04T12:45:10.452+0000] {dag.py:3508} INFO - Setting next_dagrun for tutorial_dag to None, run_after=None
[2023-09-04T12:45:10.517+0000] {processor.py:179} INFO - Processing /home/airflow/.local/lib/python3.7/site-packages/airflow/example_dags/tutorial_dag.py took 0.300 seconds
[2023-09-04T12:45:41.239+0000] {processor.py:157} INFO - Started process (PID=691) to work on /home/airflow/.local/lib/python3.7/site-packages/airflow/example_dags/tutorial_dag.py
[2023-09-04T12:45:41.242+0000] {processor.py:826} INFO - Processing file /home/airflow/.local/lib/python3.7/site-packages/airflow/example_dags/tutorial_dag.py for tasks to queue
[2023-09-04T12:45:41.245+0000] {logging_mixin.py:150} INFO - [2023-09-04T12:45:41.244+0000] {dagbag.py:541} INFO - Filling up the DagBag from /home/airflow/.local/lib/python3.7/site-packages/airflow/example_dags/tutorial_dag.py
[2023-09-04T12:45:41.260+0000] {processor.py:836} INFO - DAG(s) dict_keys(['tutorial_dag']) retrieved from /home/airflow/.local/lib/python3.7/site-packages/airflow/example_dags/tutorial_dag.py
[2023-09-04T12:45:41.354+0000] {logging_mixin.py:150} INFO - [2023-09-04T12:45:41.353+0000] {dag.py:2742} INFO - Sync 1 DAGs
[2023-09-04T12:45:41.511+0000] {logging_mixin.py:150} INFO - [2023-09-04T12:45:41.511+0000] {dag.py:3508} INFO - Setting next_dagrun for tutorial_dag to None, run_after=None
[2023-09-04T12:45:41.688+0000] {processor.py:179} INFO - Processing /home/airflow/.local/lib/python3.7/site-packages/airflow/example_dags/tutorial_dag.py took 0.456 seconds
[2023-09-04T12:46:12.024+0000] {processor.py:157} INFO - Started process (PID=751) to work on /home/airflow/.local/lib/python3.7/site-packages/airflow/example_dags/tutorial_dag.py
[2023-09-04T12:46:12.029+0000] {processor.py:826} INFO - Processing file /home/airflow/.local/lib/python3.7/site-packages/airflow/example_dags/tutorial_dag.py for tasks to queue
[2023-09-04T12:46:12.031+0000] {logging_mixin.py:150} INFO - [2023-09-04T12:46:12.030+0000] {dagbag.py:541} INFO - Filling up the DagBag from /home/airflow/.local/lib/python3.7/site-packages/airflow/example_dags/tutorial_dag.py
[2023-09-04T12:46:12.046+0000] {processor.py:836} INFO - DAG(s) dict_keys(['tutorial_dag']) retrieved from /home/airflow/.local/lib/python3.7/site-packages/airflow/example_dags/tutorial_dag.py
[2023-09-04T12:46:12.115+0000] {logging_mixin.py:150} INFO - [2023-09-04T12:46:12.115+0000] {dag.py:2742} INFO - Sync 1 DAGs
[2023-09-04T12:46:12.181+0000] {logging_mixin.py:150} INFO - [2023-09-04T12:46:12.180+0000] {dag.py:3508} INFO - Setting next_dagrun for tutorial_dag to None, run_after=None
[2023-09-04T12:46:12.218+0000] {processor.py:179} INFO - Processing /home/airflow/.local/lib/python3.7/site-packages/airflow/example_dags/tutorial_dag.py took 0.202 seconds
[2023-09-04T12:46:42.710+0000] {processor.py:157} INFO - Started process (PID=810) to work on /home/airflow/.local/lib/python3.7/site-packages/airflow/example_dags/tutorial_dag.py
[2023-09-04T12:46:42.712+0000] {processor.py:826} INFO - Processing file /home/airflow/.local/lib/python3.7/site-packages/airflow/example_dags/tutorial_dag.py for tasks to queue
[2023-09-04T12:46:42.714+0000] {logging_mixin.py:150} INFO - [2023-09-04T12:46:42.713+0000] {dagbag.py:541} INFO - Filling up the DagBag from /home/airflow/.local/lib/python3.7/site-packages/airflow/example_dags/tutorial_dag.py
[2023-09-04T12:46:42.727+0000] {processor.py:836} INFO - DAG(s) dict_keys(['tutorial_dag']) retrieved from /home/airflow/.local/lib/python3.7/site-packages/airflow/example_dags/tutorial_dag.py
[2023-09-04T12:46:42.786+0000] {logging_mixin.py:150} INFO - [2023-09-04T12:46:42.786+0000] {dag.py:2742} INFO - Sync 1 DAGs
[2023-09-04T12:46:42.912+0000] {logging_mixin.py:150} INFO - [2023-09-04T12:46:42.912+0000] {dag.py:3508} INFO - Setting next_dagrun for tutorial_dag to None, run_after=None
[2023-09-04T12:46:42.977+0000] {processor.py:179} INFO - Processing /home/airflow/.local/lib/python3.7/site-packages/airflow/example_dags/tutorial_dag.py took 0.274 seconds
[2023-09-04T12:47:13.626+0000] {processor.py:157} INFO - Started process (PID=869) to work on /home/airflow/.local/lib/python3.7/site-packages/airflow/example_dags/tutorial_dag.py
[2023-09-04T12:47:13.629+0000] {processor.py:826} INFO - Processing file /home/airflow/.local/lib/python3.7/site-packages/airflow/example_dags/tutorial_dag.py for tasks to queue
[2023-09-04T12:47:13.631+0000] {logging_mixin.py:150} INFO - [2023-09-04T12:47:13.631+0000] {dagbag.py:541} INFO - Filling up the DagBag from /home/airflow/.local/lib/python3.7/site-packages/airflow/example_dags/tutorial_dag.py
[2023-09-04T12:47:13.641+0000] {processor.py:836} INFO - DAG(s) dict_keys(['tutorial_dag']) retrieved from /home/airflow/.local/lib/python3.7/site-packages/airflow/example_dags/tutorial_dag.py
[2023-09-04T12:47:13.683+0000] {logging_mixin.py:150} INFO - [2023-09-04T12:47:13.683+0000] {dag.py:2742} INFO - Sync 1 DAGs
[2023-09-04T12:47:13.738+0000] {logging_mixin.py:150} INFO - [2023-09-04T12:47:13.737+0000] {dag.py:3508} INFO - Setting next_dagrun for tutorial_dag to None, run_after=None
[2023-09-04T12:47:13.773+0000] {processor.py:179} INFO - Processing /home/airflow/.local/lib/python3.7/site-packages/airflow/example_dags/tutorial_dag.py took 0.155 seconds
[2023-09-04T12:47:44.204+0000] {processor.py:157} INFO - Started process (PID=929) to work on /home/airflow/.local/lib/python3.7/site-packages/airflow/example_dags/tutorial_dag.py
[2023-09-04T12:47:44.207+0000] {processor.py:826} INFO - Processing file /home/airflow/.local/lib/python3.7/site-packages/airflow/example_dags/tutorial_dag.py for tasks to queue
[2023-09-04T12:47:44.209+0000] {logging_mixin.py:150} INFO - [2023-09-04T12:47:44.208+0000] {dagbag.py:541} INFO - Filling up the DagBag from /home/airflow/.local/lib/python3.7/site-packages/airflow/example_dags/tutorial_dag.py
[2023-09-04T12:47:44.223+0000] {processor.py:836} INFO - DAG(s) dict_keys(['tutorial_dag']) retrieved from /home/airflow/.local/lib/python3.7/site-packages/airflow/example_dags/tutorial_dag.py
[2023-09-04T12:47:44.275+0000] {logging_mixin.py:150} INFO - [2023-09-04T12:47:44.275+0000] {dag.py:2742} INFO - Sync 1 DAGs
[2023-09-04T12:47:44.346+0000] {logging_mixin.py:150} INFO - [2023-09-04T12:47:44.346+0000] {dag.py:3508} INFO - Setting next_dagrun for tutorial_dag to None, run_after=None
[2023-09-04T12:47:44.407+0000] {processor.py:179} INFO - Processing /home/airflow/.local/lib/python3.7/site-packages/airflow/example_dags/tutorial_dag.py took 0.213 seconds
[2023-09-04T12:48:15.596+0000] {processor.py:157} INFO - Started process (PID=989) to work on /home/airflow/.local/lib/python3.7/site-packages/airflow/example_dags/tutorial_dag.py
[2023-09-04T12:48:15.598+0000] {processor.py:826} INFO - Processing file /home/airflow/.local/lib/python3.7/site-packages/airflow/example_dags/tutorial_dag.py for tasks to queue
[2023-09-04T12:48:15.601+0000] {logging_mixin.py:150} INFO - [2023-09-04T12:48:15.600+0000] {dagbag.py:541} INFO - Filling up the DagBag from /home/airflow/.local/lib/python3.7/site-packages/airflow/example_dags/tutorial_dag.py
[2023-09-04T12:48:15.615+0000] {processor.py:836} INFO - DAG(s) dict_keys(['tutorial_dag']) retrieved from /home/airflow/.local/lib/python3.7/site-packages/airflow/example_dags/tutorial_dag.py
[2023-09-04T12:48:15.673+0000] {logging_mixin.py:150} INFO - [2023-09-04T12:48:15.673+0000] {dag.py:2742} INFO - Sync 1 DAGs
[2023-09-04T12:48:15.749+0000] {logging_mixin.py:150} INFO - [2023-09-04T12:48:15.749+0000] {dag.py:3508} INFO - Setting next_dagrun for tutorial_dag to None, run_after=None
[2023-09-04T12:48:15.795+0000] {processor.py:179} INFO - Processing /home/airflow/.local/lib/python3.7/site-packages/airflow/example_dags/tutorial_dag.py took 0.206 seconds
[2023-09-04T12:48:49.274+0000] {processor.py:157} INFO - Started process (PID=1049) to work on /home/airflow/.local/lib/python3.7/site-packages/airflow/example_dags/tutorial_dag.py
[2023-09-04T12:48:49.300+0000] {processor.py:826} INFO - Processing file /home/airflow/.local/lib/python3.7/site-packages/airflow/example_dags/tutorial_dag.py for tasks to queue
[2023-09-04T12:48:49.305+0000] {logging_mixin.py:150} INFO - [2023-09-04T12:48:49.304+0000] {dagbag.py:541} INFO - Filling up the DagBag from /home/airflow/.local/lib/python3.7/site-packages/airflow/example_dags/tutorial_dag.py
[2023-09-04T12:48:49.354+0000] {processor.py:836} INFO - DAG(s) dict_keys(['tutorial_dag']) retrieved from /home/airflow/.local/lib/python3.7/site-packages/airflow/example_dags/tutorial_dag.py
[2023-09-04T12:48:49.507+0000] {logging_mixin.py:150} INFO - [2023-09-04T12:48:49.496+0000] {dag.py:2742} INFO - Sync 1 DAGs
[2023-09-04T12:48:49.757+0000] {logging_mixin.py:150} INFO - [2023-09-04T12:48:49.757+0000] {dag.py:3508} INFO - Setting next_dagrun for tutorial_dag to None, run_after=None
[2023-09-04T12:48:49.903+0000] {processor.py:179} INFO - Processing /home/airflow/.local/lib/python3.7/site-packages/airflow/example_dags/tutorial_dag.py took 0.636 seconds
[2023-09-04T12:49:20.149+0000] {processor.py:157} INFO - Started process (PID=1108) to work on /home/airflow/.local/lib/python3.7/site-packages/airflow/example_dags/tutorial_dag.py
[2023-09-04T12:49:20.151+0000] {processor.py:826} INFO - Processing file /home/airflow/.local/lib/python3.7/site-packages/airflow/example_dags/tutorial_dag.py for tasks to queue
[2023-09-04T12:49:20.155+0000] {logging_mixin.py:150} INFO - [2023-09-04T12:49:20.155+0000] {dagbag.py:541} INFO - Filling up the DagBag from /home/airflow/.local/lib/python3.7/site-packages/airflow/example_dags/tutorial_dag.py
[2023-09-04T12:49:20.166+0000] {processor.py:836} INFO - DAG(s) dict_keys(['tutorial_dag']) retrieved from /home/airflow/.local/lib/python3.7/site-packages/airflow/example_dags/tutorial_dag.py
[2023-09-04T12:49:20.239+0000] {logging_mixin.py:150} INFO - [2023-09-04T12:49:20.239+0000] {dag.py:2742} INFO - Sync 1 DAGs
[2023-09-04T12:49:20.295+0000] {logging_mixin.py:150} INFO - [2023-09-04T12:49:20.295+0000] {dag.py:3508} INFO - Setting next_dagrun for tutorial_dag to None, run_after=None
[2023-09-04T12:49:20.375+0000] {processor.py:179} INFO - Processing /home/airflow/.local/lib/python3.7/site-packages/airflow/example_dags/tutorial_dag.py took 0.232 seconds
[2023-09-04T12:51:26.957+0000] {processor.py:157} INFO - Started process (PID=77) to work on /home/airflow/.local/lib/python3.7/site-packages/airflow/example_dags/tutorial_dag.py
[2023-09-04T12:51:26.960+0000] {processor.py:826} INFO - Processing file /home/airflow/.local/lib/python3.7/site-packages/airflow/example_dags/tutorial_dag.py for tasks to queue
[2023-09-04T12:51:26.963+0000] {logging_mixin.py:150} INFO - [2023-09-04T12:51:26.962+0000] {dagbag.py:541} INFO - Filling up the DagBag from /home/airflow/.local/lib/python3.7/site-packages/airflow/example_dags/tutorial_dag.py
[2023-09-04T12:51:26.979+0000] {processor.py:836} INFO - DAG(s) dict_keys(['tutorial_dag']) retrieved from /home/airflow/.local/lib/python3.7/site-packages/airflow/example_dags/tutorial_dag.py
[2023-09-04T12:51:27.050+0000] {logging_mixin.py:150} INFO - [2023-09-04T12:51:27.050+0000] {dag.py:2742} INFO - Sync 1 DAGs
[2023-09-04T12:51:27.154+0000] {logging_mixin.py:150} INFO - [2023-09-04T12:51:27.154+0000] {dag.py:3508} INFO - Setting next_dagrun for tutorial_dag to None, run_after=None
[2023-09-04T12:51:27.258+0000] {processor.py:179} INFO - Processing /home/airflow/.local/lib/python3.7/site-packages/airflow/example_dags/tutorial_dag.py took 0.308 seconds
[2023-09-04T12:51:57.928+0000] {processor.py:157} INFO - Started process (PID=135) to work on /home/airflow/.local/lib/python3.7/site-packages/airflow/example_dags/tutorial_dag.py
[2023-09-04T12:51:57.930+0000] {processor.py:826} INFO - Processing file /home/airflow/.local/lib/python3.7/site-packages/airflow/example_dags/tutorial_dag.py for tasks to queue
[2023-09-04T12:51:57.933+0000] {logging_mixin.py:150} INFO - [2023-09-04T12:51:57.932+0000] {dagbag.py:541} INFO - Filling up the DagBag from /home/airflow/.local/lib/python3.7/site-packages/airflow/example_dags/tutorial_dag.py
[2023-09-04T12:51:57.944+0000] {processor.py:836} INFO - DAG(s) dict_keys(['tutorial_dag']) retrieved from /home/airflow/.local/lib/python3.7/site-packages/airflow/example_dags/tutorial_dag.py
[2023-09-04T12:51:58.040+0000] {logging_mixin.py:150} INFO - [2023-09-04T12:51:58.039+0000] {dag.py:2742} INFO - Sync 1 DAGs
[2023-09-04T12:51:58.202+0000] {logging_mixin.py:150} INFO - [2023-09-04T12:51:58.202+0000] {dag.py:3508} INFO - Setting next_dagrun for tutorial_dag to None, run_after=None
[2023-09-04T12:51:58.532+0000] {processor.py:179} INFO - Processing /home/airflow/.local/lib/python3.7/site-packages/airflow/example_dags/tutorial_dag.py took 0.603 seconds
[2023-09-04T12:52:28.809+0000] {processor.py:157} INFO - Started process (PID=194) to work on /home/airflow/.local/lib/python3.7/site-packages/airflow/example_dags/tutorial_dag.py
[2023-09-04T12:52:28.813+0000] {processor.py:826} INFO - Processing file /home/airflow/.local/lib/python3.7/site-packages/airflow/example_dags/tutorial_dag.py for tasks to queue
[2023-09-04T12:52:28.817+0000] {logging_mixin.py:150} INFO - [2023-09-04T12:52:28.816+0000] {dagbag.py:541} INFO - Filling up the DagBag from /home/airflow/.local/lib/python3.7/site-packages/airflow/example_dags/tutorial_dag.py
[2023-09-04T12:52:28.839+0000] {processor.py:836} INFO - DAG(s) dict_keys(['tutorial_dag']) retrieved from /home/airflow/.local/lib/python3.7/site-packages/airflow/example_dags/tutorial_dag.py
[2023-09-04T12:52:28.918+0000] {logging_mixin.py:150} INFO - [2023-09-04T12:52:28.917+0000] {dag.py:2742} INFO - Sync 1 DAGs
[2023-09-04T12:52:29.032+0000] {logging_mixin.py:150} INFO - [2023-09-04T12:52:29.031+0000] {dag.py:3508} INFO - Setting next_dagrun for tutorial_dag to None, run_after=None
[2023-09-04T12:52:29.079+0000] {processor.py:179} INFO - Processing /home/airflow/.local/lib/python3.7/site-packages/airflow/example_dags/tutorial_dag.py took 0.288 seconds
[2023-09-04T12:52:59.663+0000] {processor.py:157} INFO - Started process (PID=253) to work on /home/airflow/.local/lib/python3.7/site-packages/airflow/example_dags/tutorial_dag.py
[2023-09-04T12:52:59.666+0000] {processor.py:826} INFO - Processing file /home/airflow/.local/lib/python3.7/site-packages/airflow/example_dags/tutorial_dag.py for tasks to queue
[2023-09-04T12:52:59.674+0000] {logging_mixin.py:150} INFO - [2023-09-04T12:52:59.674+0000] {dagbag.py:541} INFO - Filling up the DagBag from /home/airflow/.local/lib/python3.7/site-packages/airflow/example_dags/tutorial_dag.py
[2023-09-04T12:52:59.703+0000] {processor.py:836} INFO - DAG(s) dict_keys(['tutorial_dag']) retrieved from /home/airflow/.local/lib/python3.7/site-packages/airflow/example_dags/tutorial_dag.py
[2023-09-04T12:52:59.804+0000] {logging_mixin.py:150} INFO - [2023-09-04T12:52:59.803+0000] {dag.py:2742} INFO - Sync 1 DAGs
[2023-09-04T12:52:59.891+0000] {logging_mixin.py:150} INFO - [2023-09-04T12:52:59.890+0000] {dag.py:3508} INFO - Setting next_dagrun for tutorial_dag to None, run_after=None
[2023-09-04T12:52:59.996+0000] {processor.py:179} INFO - Processing /home/airflow/.local/lib/python3.7/site-packages/airflow/example_dags/tutorial_dag.py took 0.350 seconds
[2023-09-04T12:53:30.364+0000] {processor.py:157} INFO - Started process (PID=313) to work on /home/airflow/.local/lib/python3.7/site-packages/airflow/example_dags/tutorial_dag.py
[2023-09-04T12:53:30.367+0000] {processor.py:826} INFO - Processing file /home/airflow/.local/lib/python3.7/site-packages/airflow/example_dags/tutorial_dag.py for tasks to queue
[2023-09-04T12:53:30.371+0000] {logging_mixin.py:150} INFO - [2023-09-04T12:53:30.370+0000] {dagbag.py:541} INFO - Filling up the DagBag from /home/airflow/.local/lib/python3.7/site-packages/airflow/example_dags/tutorial_dag.py
[2023-09-04T12:53:30.385+0000] {processor.py:836} INFO - DAG(s) dict_keys(['tutorial_dag']) retrieved from /home/airflow/.local/lib/python3.7/site-packages/airflow/example_dags/tutorial_dag.py
[2023-09-04T12:53:30.489+0000] {logging_mixin.py:150} INFO - [2023-09-04T12:53:30.489+0000] {dag.py:2742} INFO - Sync 1 DAGs
[2023-09-04T12:53:30.577+0000] {logging_mixin.py:150} INFO - [2023-09-04T12:53:30.576+0000] {dag.py:3508} INFO - Setting next_dagrun for tutorial_dag to None, run_after=None
[2023-09-04T12:53:30.636+0000] {processor.py:179} INFO - Processing /home/airflow/.local/lib/python3.7/site-packages/airflow/example_dags/tutorial_dag.py took 0.280 seconds
[2023-09-04T12:54:01.368+0000] {processor.py:157} INFO - Started process (PID=372) to work on /home/airflow/.local/lib/python3.7/site-packages/airflow/example_dags/tutorial_dag.py
[2023-09-04T12:54:01.372+0000] {processor.py:826} INFO - Processing file /home/airflow/.local/lib/python3.7/site-packages/airflow/example_dags/tutorial_dag.py for tasks to queue
[2023-09-04T12:54:01.375+0000] {logging_mixin.py:150} INFO - [2023-09-04T12:54:01.374+0000] {dagbag.py:541} INFO - Filling up the DagBag from /home/airflow/.local/lib/python3.7/site-packages/airflow/example_dags/tutorial_dag.py
[2023-09-04T12:54:01.390+0000] {processor.py:836} INFO - DAG(s) dict_keys(['tutorial_dag']) retrieved from /home/airflow/.local/lib/python3.7/site-packages/airflow/example_dags/tutorial_dag.py
[2023-09-04T12:54:01.449+0000] {logging_mixin.py:150} INFO - [2023-09-04T12:54:01.449+0000] {dag.py:2742} INFO - Sync 1 DAGs
[2023-09-04T12:54:01.506+0000] {logging_mixin.py:150} INFO - [2023-09-04T12:54:01.505+0000] {dag.py:3508} INFO - Setting next_dagrun for tutorial_dag to None, run_after=None
[2023-09-04T12:54:01.545+0000] {processor.py:179} INFO - Processing /home/airflow/.local/lib/python3.7/site-packages/airflow/example_dags/tutorial_dag.py took 0.185 seconds
[2023-09-04T12:54:32.132+0000] {processor.py:157} INFO - Started process (PID=430) to work on /home/airflow/.local/lib/python3.7/site-packages/airflow/example_dags/tutorial_dag.py
[2023-09-04T12:54:32.135+0000] {processor.py:826} INFO - Processing file /home/airflow/.local/lib/python3.7/site-packages/airflow/example_dags/tutorial_dag.py for tasks to queue
[2023-09-04T12:54:32.138+0000] {logging_mixin.py:150} INFO - [2023-09-04T12:54:32.137+0000] {dagbag.py:541} INFO - Filling up the DagBag from /home/airflow/.local/lib/python3.7/site-packages/airflow/example_dags/tutorial_dag.py
[2023-09-04T12:54:32.157+0000] {processor.py:836} INFO - DAG(s) dict_keys(['tutorial_dag']) retrieved from /home/airflow/.local/lib/python3.7/site-packages/airflow/example_dags/tutorial_dag.py
[2023-09-04T12:54:32.234+0000] {logging_mixin.py:150} INFO - [2023-09-04T12:54:32.233+0000] {dag.py:2742} INFO - Sync 1 DAGs
[2023-09-04T12:54:32.314+0000] {logging_mixin.py:150} INFO - [2023-09-04T12:54:32.313+0000] {dag.py:3508} INFO - Setting next_dagrun for tutorial_dag to None, run_after=None
[2023-09-04T12:54:32.421+0000] {processor.py:179} INFO - Processing /home/airflow/.local/lib/python3.7/site-packages/airflow/example_dags/tutorial_dag.py took 0.300 seconds
[2023-09-04T12:55:02.593+0000] {processor.py:157} INFO - Started process (PID=489) to work on /home/airflow/.local/lib/python3.7/site-packages/airflow/example_dags/tutorial_dag.py
[2023-09-04T12:55:02.595+0000] {processor.py:826} INFO - Processing file /home/airflow/.local/lib/python3.7/site-packages/airflow/example_dags/tutorial_dag.py for tasks to queue
[2023-09-04T12:55:02.597+0000] {logging_mixin.py:150} INFO - [2023-09-04T12:55:02.596+0000] {dagbag.py:541} INFO - Filling up the DagBag from /home/airflow/.local/lib/python3.7/site-packages/airflow/example_dags/tutorial_dag.py
[2023-09-04T12:55:02.611+0000] {processor.py:836} INFO - DAG(s) dict_keys(['tutorial_dag']) retrieved from /home/airflow/.local/lib/python3.7/site-packages/airflow/example_dags/tutorial_dag.py
[2023-09-04T12:55:02.738+0000] {logging_mixin.py:150} INFO - [2023-09-04T12:55:02.738+0000] {dag.py:2742} INFO - Sync 1 DAGs
[2023-09-04T12:55:02.807+0000] {logging_mixin.py:150} INFO - [2023-09-04T12:55:02.807+0000] {dag.py:3508} INFO - Setting next_dagrun for tutorial_dag to None, run_after=None
[2023-09-04T12:55:02.862+0000] {processor.py:179} INFO - Processing /home/airflow/.local/lib/python3.7/site-packages/airflow/example_dags/tutorial_dag.py took 0.274 seconds
[2023-09-04T12:55:33.629+0000] {processor.py:157} INFO - Started process (PID=548) to work on /home/airflow/.local/lib/python3.7/site-packages/airflow/example_dags/tutorial_dag.py
[2023-09-04T12:55:33.633+0000] {processor.py:826} INFO - Processing file /home/airflow/.local/lib/python3.7/site-packages/airflow/example_dags/tutorial_dag.py for tasks to queue
[2023-09-04T12:55:33.638+0000] {logging_mixin.py:150} INFO - [2023-09-04T12:55:33.637+0000] {dagbag.py:541} INFO - Filling up the DagBag from /home/airflow/.local/lib/python3.7/site-packages/airflow/example_dags/tutorial_dag.py
[2023-09-04T12:55:33.660+0000] {processor.py:836} INFO - DAG(s) dict_keys(['tutorial_dag']) retrieved from /home/airflow/.local/lib/python3.7/site-packages/airflow/example_dags/tutorial_dag.py
[2023-09-04T12:55:33.763+0000] {logging_mixin.py:150} INFO - [2023-09-04T12:55:33.762+0000] {dag.py:2742} INFO - Sync 1 DAGs
[2023-09-04T12:55:33.826+0000] {logging_mixin.py:150} INFO - [2023-09-04T12:55:33.825+0000] {dag.py:3508} INFO - Setting next_dagrun for tutorial_dag to None, run_after=None
[2023-09-04T12:55:33.875+0000] {processor.py:179} INFO - Processing /home/airflow/.local/lib/python3.7/site-packages/airflow/example_dags/tutorial_dag.py took 0.266 seconds
[2023-09-04T12:56:04.362+0000] {processor.py:157} INFO - Started process (PID=609) to work on /home/airflow/.local/lib/python3.7/site-packages/airflow/example_dags/tutorial_dag.py
[2023-09-04T12:56:04.366+0000] {processor.py:826} INFO - Processing file /home/airflow/.local/lib/python3.7/site-packages/airflow/example_dags/tutorial_dag.py for tasks to queue
[2023-09-04T12:56:04.369+0000] {logging_mixin.py:150} INFO - [2023-09-04T12:56:04.368+0000] {dagbag.py:541} INFO - Filling up the DagBag from /home/airflow/.local/lib/python3.7/site-packages/airflow/example_dags/tutorial_dag.py
[2023-09-04T12:56:04.389+0000] {processor.py:836} INFO - DAG(s) dict_keys(['tutorial_dag']) retrieved from /home/airflow/.local/lib/python3.7/site-packages/airflow/example_dags/tutorial_dag.py
[2023-09-04T12:56:04.489+0000] {logging_mixin.py:150} INFO - [2023-09-04T12:56:04.489+0000] {dag.py:2742} INFO - Sync 1 DAGs
[2023-09-04T12:56:04.543+0000] {logging_mixin.py:150} INFO - [2023-09-04T12:56:04.543+0000] {dag.py:3508} INFO - Setting next_dagrun for tutorial_dag to None, run_after=None
[2023-09-04T12:56:04.584+0000] {processor.py:179} INFO - Processing /home/airflow/.local/lib/python3.7/site-packages/airflow/example_dags/tutorial_dag.py took 0.233 seconds
[2023-09-04T12:56:34.896+0000] {processor.py:157} INFO - Started process (PID=667) to work on /home/airflow/.local/lib/python3.7/site-packages/airflow/example_dags/tutorial_dag.py
[2023-09-04T12:56:34.900+0000] {processor.py:826} INFO - Processing file /home/airflow/.local/lib/python3.7/site-packages/airflow/example_dags/tutorial_dag.py for tasks to queue
[2023-09-04T12:56:34.904+0000] {logging_mixin.py:150} INFO - [2023-09-04T12:56:34.903+0000] {dagbag.py:541} INFO - Filling up the DagBag from /home/airflow/.local/lib/python3.7/site-packages/airflow/example_dags/tutorial_dag.py
[2023-09-04T12:56:34.926+0000] {processor.py:836} INFO - DAG(s) dict_keys(['tutorial_dag']) retrieved from /home/airflow/.local/lib/python3.7/site-packages/airflow/example_dags/tutorial_dag.py
[2023-09-04T12:56:35.008+0000] {logging_mixin.py:150} INFO - [2023-09-04T12:56:35.007+0000] {dag.py:2742} INFO - Sync 1 DAGs
[2023-09-04T12:56:35.092+0000] {logging_mixin.py:150} INFO - [2023-09-04T12:56:35.091+0000] {dag.py:3508} INFO - Setting next_dagrun for tutorial_dag to None, run_after=None
[2023-09-04T12:56:35.147+0000] {processor.py:179} INFO - Processing /home/airflow/.local/lib/python3.7/site-packages/airflow/example_dags/tutorial_dag.py took 0.263 seconds
[2023-09-04T12:57:05.559+0000] {processor.py:157} INFO - Started process (PID=726) to work on /home/airflow/.local/lib/python3.7/site-packages/airflow/example_dags/tutorial_dag.py
[2023-09-04T12:57:05.561+0000] {processor.py:826} INFO - Processing file /home/airflow/.local/lib/python3.7/site-packages/airflow/example_dags/tutorial_dag.py for tasks to queue
[2023-09-04T12:57:05.564+0000] {logging_mixin.py:150} INFO - [2023-09-04T12:57:05.563+0000] {dagbag.py:541} INFO - Filling up the DagBag from /home/airflow/.local/lib/python3.7/site-packages/airflow/example_dags/tutorial_dag.py
[2023-09-04T12:57:05.585+0000] {processor.py:836} INFO - DAG(s) dict_keys(['tutorial_dag']) retrieved from /home/airflow/.local/lib/python3.7/site-packages/airflow/example_dags/tutorial_dag.py
[2023-09-04T12:57:05.665+0000] {logging_mixin.py:150} INFO - [2023-09-04T12:57:05.665+0000] {dag.py:2742} INFO - Sync 1 DAGs
[2023-09-04T12:57:05.724+0000] {logging_mixin.py:150} INFO - [2023-09-04T12:57:05.724+0000] {dag.py:3508} INFO - Setting next_dagrun for tutorial_dag to None, run_after=None
[2023-09-04T12:57:05.780+0000] {processor.py:179} INFO - Processing /home/airflow/.local/lib/python3.7/site-packages/airflow/example_dags/tutorial_dag.py took 0.231 seconds
[2023-09-04T12:57:36.936+0000] {processor.py:157} INFO - Started process (PID=784) to work on /home/airflow/.local/lib/python3.7/site-packages/airflow/example_dags/tutorial_dag.py
[2023-09-04T12:57:36.944+0000] {processor.py:826} INFO - Processing file /home/airflow/.local/lib/python3.7/site-packages/airflow/example_dags/tutorial_dag.py for tasks to queue
[2023-09-04T12:57:36.983+0000] {logging_mixin.py:150} INFO - [2023-09-04T12:57:36.967+0000] {dagbag.py:541} INFO - Filling up the DagBag from /home/airflow/.local/lib/python3.7/site-packages/airflow/example_dags/tutorial_dag.py
[2023-09-04T12:57:37.040+0000] {processor.py:836} INFO - DAG(s) dict_keys(['tutorial_dag']) retrieved from /home/airflow/.local/lib/python3.7/site-packages/airflow/example_dags/tutorial_dag.py
[2023-09-04T12:57:37.194+0000] {logging_mixin.py:150} INFO - [2023-09-04T12:57:37.194+0000] {dag.py:2742} INFO - Sync 1 DAGs
[2023-09-04T12:57:37.371+0000] {logging_mixin.py:150} INFO - [2023-09-04T12:57:37.365+0000] {dag.py:3508} INFO - Setting next_dagrun for tutorial_dag to None, run_after=None
[2023-09-04T12:57:37.467+0000] {processor.py:179} INFO - Processing /home/airflow/.local/lib/python3.7/site-packages/airflow/example_dags/tutorial_dag.py took 0.560 seconds
[2023-09-04T12:58:08.226+0000] {processor.py:157} INFO - Started process (PID=843) to work on /home/airflow/.local/lib/python3.7/site-packages/airflow/example_dags/tutorial_dag.py
[2023-09-04T12:58:08.229+0000] {processor.py:826} INFO - Processing file /home/airflow/.local/lib/python3.7/site-packages/airflow/example_dags/tutorial_dag.py for tasks to queue
[2023-09-04T12:58:08.231+0000] {logging_mixin.py:150} INFO - [2023-09-04T12:58:08.231+0000] {dagbag.py:541} INFO - Filling up the DagBag from /home/airflow/.local/lib/python3.7/site-packages/airflow/example_dags/tutorial_dag.py
[2023-09-04T12:58:08.243+0000] {processor.py:836} INFO - DAG(s) dict_keys(['tutorial_dag']) retrieved from /home/airflow/.local/lib/python3.7/site-packages/airflow/example_dags/tutorial_dag.py
[2023-09-04T12:58:08.320+0000] {logging_mixin.py:150} INFO - [2023-09-04T12:58:08.320+0000] {dag.py:2742} INFO - Sync 1 DAGs
[2023-09-04T12:58:08.428+0000] {logging_mixin.py:150} INFO - [2023-09-04T12:58:08.428+0000] {dag.py:3508} INFO - Setting next_dagrun for tutorial_dag to None, run_after=None
[2023-09-04T12:58:08.479+0000] {processor.py:179} INFO - Processing /home/airflow/.local/lib/python3.7/site-packages/airflow/example_dags/tutorial_dag.py took 0.259 seconds
[2023-09-04T12:58:38.912+0000] {processor.py:157} INFO - Started process (PID=902) to work on /home/airflow/.local/lib/python3.7/site-packages/airflow/example_dags/tutorial_dag.py
[2023-09-04T12:58:38.914+0000] {processor.py:826} INFO - Processing file /home/airflow/.local/lib/python3.7/site-packages/airflow/example_dags/tutorial_dag.py for tasks to queue
[2023-09-04T12:58:38.917+0000] {logging_mixin.py:150} INFO - [2023-09-04T12:58:38.916+0000] {dagbag.py:541} INFO - Filling up the DagBag from /home/airflow/.local/lib/python3.7/site-packages/airflow/example_dags/tutorial_dag.py
[2023-09-04T12:58:38.929+0000] {processor.py:836} INFO - DAG(s) dict_keys(['tutorial_dag']) retrieved from /home/airflow/.local/lib/python3.7/site-packages/airflow/example_dags/tutorial_dag.py
[2023-09-04T12:58:38.993+0000] {logging_mixin.py:150} INFO - [2023-09-04T12:58:38.993+0000] {dag.py:2742} INFO - Sync 1 DAGs
[2023-09-04T12:58:39.070+0000] {logging_mixin.py:150} INFO - [2023-09-04T12:58:39.069+0000] {dag.py:3508} INFO - Setting next_dagrun for tutorial_dag to None, run_after=None
[2023-09-04T12:58:39.108+0000] {processor.py:179} INFO - Processing /home/airflow/.local/lib/python3.7/site-packages/airflow/example_dags/tutorial_dag.py took 0.203 seconds
