[2023-09-04T12:39:30.714+0000] {processor.py:157} INFO - Started process (PID=79) to work on /home/airflow/.local/lib/python3.7/site-packages/airflow/example_dags/tutorial_taskflow_api.py
[2023-09-04T12:39:30.738+0000] {processor.py:826} INFO - Processing file /home/airflow/.local/lib/python3.7/site-packages/airflow/example_dags/tutorial_taskflow_api.py for tasks to queue
[2023-09-04T12:39:30.786+0000] {logging_mixin.py:150} INFO - [2023-09-04T12:39:30.786+0000] {dagbag.py:541} INFO - Filling up the DagBag from /home/airflow/.local/lib/python3.7/site-packages/airflow/example_dags/tutorial_taskflow_api.py
[2023-09-04T12:39:30.906+0000] {processor.py:836} INFO - DAG(s) dict_keys(['tutorial_taskflow_api']) retrieved from /home/airflow/.local/lib/python3.7/site-packages/airflow/example_dags/tutorial_taskflow_api.py
[2023-09-04T12:39:31.205+0000] {logging_mixin.py:150} INFO - [2023-09-04T12:39:31.204+0000] {dag.py:2742} INFO - Sync 1 DAGs
[2023-09-04T12:39:32.261+0000] {logging_mixin.py:150} INFO - [2023-09-04T12:39:32.260+0000] {dag.py:3508} INFO - Setting next_dagrun for tutorial_taskflow_api to None, run_after=None
[2023-09-04T12:39:32.421+0000] {processor.py:179} INFO - Processing /home/airflow/.local/lib/python3.7/site-packages/airflow/example_dags/tutorial_taskflow_api.py took 1.722 seconds
[2023-09-04T12:40:02.951+0000] {processor.py:157} INFO - Started process (PID=138) to work on /home/airflow/.local/lib/python3.7/site-packages/airflow/example_dags/tutorial_taskflow_api.py
[2023-09-04T12:40:02.966+0000] {processor.py:826} INFO - Processing file /home/airflow/.local/lib/python3.7/site-packages/airflow/example_dags/tutorial_taskflow_api.py for tasks to queue
[2023-09-04T12:40:02.972+0000] {logging_mixin.py:150} INFO - [2023-09-04T12:40:02.971+0000] {dagbag.py:541} INFO - Filling up the DagBag from /home/airflow/.local/lib/python3.7/site-packages/airflow/example_dags/tutorial_taskflow_api.py
[2023-09-04T12:40:03.028+0000] {processor.py:836} INFO - DAG(s) dict_keys(['tutorial_taskflow_api']) retrieved from /home/airflow/.local/lib/python3.7/site-packages/airflow/example_dags/tutorial_taskflow_api.py
[2023-09-04T12:40:03.262+0000] {logging_mixin.py:150} INFO - [2023-09-04T12:40:03.262+0000] {dag.py:2742} INFO - Sync 1 DAGs
[2023-09-04T12:40:03.554+0000] {logging_mixin.py:150} INFO - [2023-09-04T12:40:03.554+0000] {dag.py:3508} INFO - Setting next_dagrun for tutorial_taskflow_api to None, run_after=None
[2023-09-04T12:40:03.707+0000] {processor.py:179} INFO - Processing /home/airflow/.local/lib/python3.7/site-packages/airflow/example_dags/tutorial_taskflow_api.py took 0.808 seconds
[2023-09-04T12:40:37.148+0000] {processor.py:157} INFO - Started process (PID=197) to work on /home/airflow/.local/lib/python3.7/site-packages/airflow/example_dags/tutorial_taskflow_api.py
[2023-09-04T12:40:37.217+0000] {processor.py:826} INFO - Processing file /home/airflow/.local/lib/python3.7/site-packages/airflow/example_dags/tutorial_taskflow_api.py for tasks to queue
[2023-09-04T12:40:37.221+0000] {logging_mixin.py:150} INFO - [2023-09-04T12:40:37.220+0000] {dagbag.py:541} INFO - Filling up the DagBag from /home/airflow/.local/lib/python3.7/site-packages/airflow/example_dags/tutorial_taskflow_api.py
[2023-09-04T12:40:37.359+0000] {processor.py:836} INFO - DAG(s) dict_keys(['tutorial_taskflow_api']) retrieved from /home/airflow/.local/lib/python3.7/site-packages/airflow/example_dags/tutorial_taskflow_api.py
[2023-09-04T12:40:37.623+0000] {logging_mixin.py:150} INFO - [2023-09-04T12:40:37.623+0000] {dag.py:2742} INFO - Sync 1 DAGs
[2023-09-04T12:40:37.900+0000] {logging_mixin.py:150} INFO - [2023-09-04T12:40:37.899+0000] {dag.py:3508} INFO - Setting next_dagrun for tutorial_taskflow_api to None, run_after=None
[2023-09-04T12:40:38.057+0000] {processor.py:179} INFO - Processing /home/airflow/.local/lib/python3.7/site-packages/airflow/example_dags/tutorial_taskflow_api.py took 0.945 seconds
[2023-09-04T12:41:17.174+0000] {processor.py:157} INFO - Started process (PID=260) to work on /home/airflow/.local/lib/python3.7/site-packages/airflow/example_dags/tutorial_taskflow_api.py
[2023-09-04T12:41:17.187+0000] {processor.py:826} INFO - Processing file /home/airflow/.local/lib/python3.7/site-packages/airflow/example_dags/tutorial_taskflow_api.py for tasks to queue
[2023-09-04T12:41:17.200+0000] {logging_mixin.py:150} INFO - [2023-09-04T12:41:17.200+0000] {dagbag.py:541} INFO - Filling up the DagBag from /home/airflow/.local/lib/python3.7/site-packages/airflow/example_dags/tutorial_taskflow_api.py
[2023-09-04T12:41:17.256+0000] {processor.py:836} INFO - DAG(s) dict_keys(['tutorial_taskflow_api']) retrieved from /home/airflow/.local/lib/python3.7/site-packages/airflow/example_dags/tutorial_taskflow_api.py
[2023-09-04T12:41:17.457+0000] {logging_mixin.py:150} INFO - [2023-09-04T12:41:17.446+0000] {dag.py:2742} INFO - Sync 1 DAGs
[2023-09-04T12:41:17.659+0000] {logging_mixin.py:150} INFO - [2023-09-04T12:41:17.658+0000] {dag.py:3508} INFO - Setting next_dagrun for tutorial_taskflow_api to None, run_after=None
[2023-09-04T12:41:17.870+0000] {processor.py:179} INFO - Processing /home/airflow/.local/lib/python3.7/site-packages/airflow/example_dags/tutorial_taskflow_api.py took 0.714 seconds
[2023-09-04T12:41:51.344+0000] {processor.py:157} INFO - Started process (PID=317) to work on /home/airflow/.local/lib/python3.7/site-packages/airflow/example_dags/tutorial_taskflow_api.py
[2023-09-04T12:41:51.369+0000] {processor.py:826} INFO - Processing file /home/airflow/.local/lib/python3.7/site-packages/airflow/example_dags/tutorial_taskflow_api.py for tasks to queue
[2023-09-04T12:41:51.409+0000] {logging_mixin.py:150} INFO - [2023-09-04T12:41:51.409+0000] {dagbag.py:541} INFO - Filling up the DagBag from /home/airflow/.local/lib/python3.7/site-packages/airflow/example_dags/tutorial_taskflow_api.py
[2023-09-04T12:41:51.490+0000] {processor.py:836} INFO - DAG(s) dict_keys(['tutorial_taskflow_api']) retrieved from /home/airflow/.local/lib/python3.7/site-packages/airflow/example_dags/tutorial_taskflow_api.py
[2023-09-04T12:41:51.662+0000] {logging_mixin.py:150} INFO - [2023-09-04T12:41:51.662+0000] {dag.py:2742} INFO - Sync 1 DAGs
[2023-09-04T12:41:51.880+0000] {logging_mixin.py:150} INFO - [2023-09-04T12:41:51.880+0000] {dag.py:3508} INFO - Setting next_dagrun for tutorial_taskflow_api to None, run_after=None
[2023-09-04T12:41:52.051+0000] {processor.py:179} INFO - Processing /home/airflow/.local/lib/python3.7/site-packages/airflow/example_dags/tutorial_taskflow_api.py took 0.726 seconds
[2023-09-04T12:42:35.686+0000] {processor.py:157} INFO - Started process (PID=378) to work on /home/airflow/.local/lib/python3.7/site-packages/airflow/example_dags/tutorial_taskflow_api.py
[2023-09-04T12:42:35.690+0000] {processor.py:826} INFO - Processing file /home/airflow/.local/lib/python3.7/site-packages/airflow/example_dags/tutorial_taskflow_api.py for tasks to queue
[2023-09-04T12:42:35.697+0000] {logging_mixin.py:150} INFO - [2023-09-04T12:42:35.696+0000] {dagbag.py:541} INFO - Filling up the DagBag from /home/airflow/.local/lib/python3.7/site-packages/airflow/example_dags/tutorial_taskflow_api.py
[2023-09-04T12:42:35.735+0000] {processor.py:836} INFO - DAG(s) dict_keys(['tutorial_taskflow_api']) retrieved from /home/airflow/.local/lib/python3.7/site-packages/airflow/example_dags/tutorial_taskflow_api.py
[2023-09-04T12:42:35.899+0000] {logging_mixin.py:150} INFO - [2023-09-04T12:42:35.890+0000] {dag.py:2742} INFO - Sync 1 DAGs
[2023-09-04T12:42:36.090+0000] {logging_mixin.py:150} INFO - [2023-09-04T12:42:36.089+0000] {dag.py:3508} INFO - Setting next_dagrun for tutorial_taskflow_api to None, run_after=None
[2023-09-04T12:42:36.232+0000] {processor.py:179} INFO - Processing /home/airflow/.local/lib/python3.7/site-packages/airflow/example_dags/tutorial_taskflow_api.py took 0.564 seconds
[2023-09-04T12:43:10.513+0000] {processor.py:157} INFO - Started process (PID=438) to work on /home/airflow/.local/lib/python3.7/site-packages/airflow/example_dags/tutorial_taskflow_api.py
[2023-09-04T12:43:10.528+0000] {processor.py:826} INFO - Processing file /home/airflow/.local/lib/python3.7/site-packages/airflow/example_dags/tutorial_taskflow_api.py for tasks to queue
[2023-09-04T12:43:10.531+0000] {logging_mixin.py:150} INFO - [2023-09-04T12:43:10.531+0000] {dagbag.py:541} INFO - Filling up the DagBag from /home/airflow/.local/lib/python3.7/site-packages/airflow/example_dags/tutorial_taskflow_api.py
[2023-09-04T12:43:10.574+0000] {processor.py:836} INFO - DAG(s) dict_keys(['tutorial_taskflow_api']) retrieved from /home/airflow/.local/lib/python3.7/site-packages/airflow/example_dags/tutorial_taskflow_api.py
[2023-09-04T12:43:10.749+0000] {logging_mixin.py:150} INFO - [2023-09-04T12:43:10.748+0000] {dag.py:2742} INFO - Sync 1 DAGs
[2023-09-04T12:43:10.993+0000] {logging_mixin.py:150} INFO - [2023-09-04T12:43:10.993+0000] {dag.py:3508} INFO - Setting next_dagrun for tutorial_taskflow_api to None, run_after=None
[2023-09-04T12:43:11.212+0000] {processor.py:179} INFO - Processing /home/airflow/.local/lib/python3.7/site-packages/airflow/example_dags/tutorial_taskflow_api.py took 0.712 seconds
[2023-09-04T12:43:44.943+0000] {processor.py:157} INFO - Started process (PID=492) to work on /home/airflow/.local/lib/python3.7/site-packages/airflow/example_dags/tutorial_taskflow_api.py
[2023-09-04T12:43:44.961+0000] {processor.py:826} INFO - Processing file /home/airflow/.local/lib/python3.7/site-packages/airflow/example_dags/tutorial_taskflow_api.py for tasks to queue
[2023-09-04T12:43:44.970+0000] {logging_mixin.py:150} INFO - [2023-09-04T12:43:44.970+0000] {dagbag.py:541} INFO - Filling up the DagBag from /home/airflow/.local/lib/python3.7/site-packages/airflow/example_dags/tutorial_taskflow_api.py
[2023-09-04T12:43:45.025+0000] {processor.py:836} INFO - DAG(s) dict_keys(['tutorial_taskflow_api']) retrieved from /home/airflow/.local/lib/python3.7/site-packages/airflow/example_dags/tutorial_taskflow_api.py
[2023-09-04T12:43:45.173+0000] {logging_mixin.py:150} INFO - [2023-09-04T12:43:45.173+0000] {dag.py:2742} INFO - Sync 1 DAGs
[2023-09-04T12:43:45.368+0000] {logging_mixin.py:150} INFO - [2023-09-04T12:43:45.368+0000] {dag.py:3508} INFO - Setting next_dagrun for tutorial_taskflow_api to None, run_after=None
[2023-09-04T12:43:45.565+0000] {processor.py:179} INFO - Processing /home/airflow/.local/lib/python3.7/site-packages/airflow/example_dags/tutorial_taskflow_api.py took 0.630 seconds
[2023-09-04T12:44:17.345+0000] {processor.py:157} INFO - Started process (PID=549) to work on /home/airflow/.local/lib/python3.7/site-packages/airflow/example_dags/tutorial_taskflow_api.py
[2023-09-04T12:44:17.355+0000] {processor.py:826} INFO - Processing file /home/airflow/.local/lib/python3.7/site-packages/airflow/example_dags/tutorial_taskflow_api.py for tasks to queue
[2023-09-04T12:44:17.361+0000] {logging_mixin.py:150} INFO - [2023-09-04T12:44:17.360+0000] {dagbag.py:541} INFO - Filling up the DagBag from /home/airflow/.local/lib/python3.7/site-packages/airflow/example_dags/tutorial_taskflow_api.py
[2023-09-04T12:44:17.409+0000] {processor.py:836} INFO - DAG(s) dict_keys(['tutorial_taskflow_api']) retrieved from /home/airflow/.local/lib/python3.7/site-packages/airflow/example_dags/tutorial_taskflow_api.py
[2023-09-04T12:44:17.544+0000] {logging_mixin.py:150} INFO - [2023-09-04T12:44:17.544+0000] {dag.py:2742} INFO - Sync 1 DAGs
[2023-09-04T12:44:17.752+0000] {logging_mixin.py:150} INFO - [2023-09-04T12:44:17.752+0000] {dag.py:3508} INFO - Setting next_dagrun for tutorial_taskflow_api to None, run_after=None
[2023-09-04T12:44:17.929+0000] {processor.py:179} INFO - Processing /home/airflow/.local/lib/python3.7/site-packages/airflow/example_dags/tutorial_taskflow_api.py took 0.609 seconds
[2023-09-04T12:44:55.864+0000] {processor.py:157} INFO - Started process (PID=605) to work on /home/airflow/.local/lib/python3.7/site-packages/airflow/example_dags/tutorial_taskflow_api.py
[2023-09-04T12:44:55.879+0000] {processor.py:826} INFO - Processing file /home/airflow/.local/lib/python3.7/site-packages/airflow/example_dags/tutorial_taskflow_api.py for tasks to queue
[2023-09-04T12:44:55.890+0000] {logging_mixin.py:150} INFO - [2023-09-04T12:44:55.889+0000] {dagbag.py:541} INFO - Filling up the DagBag from /home/airflow/.local/lib/python3.7/site-packages/airflow/example_dags/tutorial_taskflow_api.py
[2023-09-04T12:44:55.921+0000] {processor.py:836} INFO - DAG(s) dict_keys(['tutorial_taskflow_api']) retrieved from /home/airflow/.local/lib/python3.7/site-packages/airflow/example_dags/tutorial_taskflow_api.py
[2023-09-04T12:44:56.029+0000] {logging_mixin.py:150} INFO - [2023-09-04T12:44:56.028+0000] {dag.py:2742} INFO - Sync 1 DAGs
[2023-09-04T12:44:56.154+0000] {logging_mixin.py:150} INFO - [2023-09-04T12:44:56.153+0000] {dag.py:3508} INFO - Setting next_dagrun for tutorial_taskflow_api to None, run_after=None
[2023-09-04T12:44:56.502+0000] {processor.py:179} INFO - Processing /home/airflow/.local/lib/python3.7/site-packages/airflow/example_dags/tutorial_taskflow_api.py took 0.668 seconds
[2023-09-04T12:45:26.898+0000] {processor.py:157} INFO - Started process (PID=664) to work on /home/airflow/.local/lib/python3.7/site-packages/airflow/example_dags/tutorial_taskflow_api.py
[2023-09-04T12:45:26.900+0000] {processor.py:826} INFO - Processing file /home/airflow/.local/lib/python3.7/site-packages/airflow/example_dags/tutorial_taskflow_api.py for tasks to queue
[2023-09-04T12:45:26.908+0000] {logging_mixin.py:150} INFO - [2023-09-04T12:45:26.906+0000] {dagbag.py:541} INFO - Filling up the DagBag from /home/airflow/.local/lib/python3.7/site-packages/airflow/example_dags/tutorial_taskflow_api.py
[2023-09-04T12:45:26.935+0000] {processor.py:836} INFO - DAG(s) dict_keys(['tutorial_taskflow_api']) retrieved from /home/airflow/.local/lib/python3.7/site-packages/airflow/example_dags/tutorial_taskflow_api.py
[2023-09-04T12:45:26.999+0000] {logging_mixin.py:150} INFO - [2023-09-04T12:45:26.998+0000] {dag.py:2742} INFO - Sync 1 DAGs
[2023-09-04T12:45:27.075+0000] {logging_mixin.py:150} INFO - [2023-09-04T12:45:27.075+0000] {dag.py:3508} INFO - Setting next_dagrun for tutorial_taskflow_api to None, run_after=None
[2023-09-04T12:45:27.131+0000] {processor.py:179} INFO - Processing /home/airflow/.local/lib/python3.7/site-packages/airflow/example_dags/tutorial_taskflow_api.py took 0.282 seconds
[2023-09-04T12:45:57.319+0000] {processor.py:157} INFO - Started process (PID=724) to work on /home/airflow/.local/lib/python3.7/site-packages/airflow/example_dags/tutorial_taskflow_api.py
[2023-09-04T12:45:57.321+0000] {processor.py:826} INFO - Processing file /home/airflow/.local/lib/python3.7/site-packages/airflow/example_dags/tutorial_taskflow_api.py for tasks to queue
[2023-09-04T12:45:57.325+0000] {logging_mixin.py:150} INFO - [2023-09-04T12:45:57.323+0000] {dagbag.py:541} INFO - Filling up the DagBag from /home/airflow/.local/lib/python3.7/site-packages/airflow/example_dags/tutorial_taskflow_api.py
[2023-09-04T12:45:57.347+0000] {processor.py:836} INFO - DAG(s) dict_keys(['tutorial_taskflow_api']) retrieved from /home/airflow/.local/lib/python3.7/site-packages/airflow/example_dags/tutorial_taskflow_api.py
[2023-09-04T12:45:57.437+0000] {logging_mixin.py:150} INFO - [2023-09-04T12:45:57.437+0000] {dag.py:2742} INFO - Sync 1 DAGs
[2023-09-04T12:45:57.523+0000] {logging_mixin.py:150} INFO - [2023-09-04T12:45:57.522+0000] {dag.py:3508} INFO - Setting next_dagrun for tutorial_taskflow_api to None, run_after=None
[2023-09-04T12:45:57.619+0000] {processor.py:179} INFO - Processing /home/airflow/.local/lib/python3.7/site-packages/airflow/example_dags/tutorial_taskflow_api.py took 0.309 seconds
[2023-09-04T12:46:28.339+0000] {processor.py:157} INFO - Started process (PID=784) to work on /home/airflow/.local/lib/python3.7/site-packages/airflow/example_dags/tutorial_taskflow_api.py
[2023-09-04T12:46:28.342+0000] {processor.py:826} INFO - Processing file /home/airflow/.local/lib/python3.7/site-packages/airflow/example_dags/tutorial_taskflow_api.py for tasks to queue
[2023-09-04T12:46:28.345+0000] {logging_mixin.py:150} INFO - [2023-09-04T12:46:28.345+0000] {dagbag.py:541} INFO - Filling up the DagBag from /home/airflow/.local/lib/python3.7/site-packages/airflow/example_dags/tutorial_taskflow_api.py
[2023-09-04T12:46:28.365+0000] {processor.py:836} INFO - DAG(s) dict_keys(['tutorial_taskflow_api']) retrieved from /home/airflow/.local/lib/python3.7/site-packages/airflow/example_dags/tutorial_taskflow_api.py
[2023-09-04T12:46:28.434+0000] {logging_mixin.py:150} INFO - [2023-09-04T12:46:28.433+0000] {dag.py:2742} INFO - Sync 1 DAGs
[2023-09-04T12:46:28.519+0000] {logging_mixin.py:150} INFO - [2023-09-04T12:46:28.518+0000] {dag.py:3508} INFO - Setting next_dagrun for tutorial_taskflow_api to None, run_after=None
[2023-09-04T12:46:28.583+0000] {processor.py:179} INFO - Processing /home/airflow/.local/lib/python3.7/site-packages/airflow/example_dags/tutorial_taskflow_api.py took 0.253 seconds
[2023-09-04T12:46:59.533+0000] {processor.py:157} INFO - Started process (PID=843) to work on /home/airflow/.local/lib/python3.7/site-packages/airflow/example_dags/tutorial_taskflow_api.py
[2023-09-04T12:46:59.537+0000] {processor.py:826} INFO - Processing file /home/airflow/.local/lib/python3.7/site-packages/airflow/example_dags/tutorial_taskflow_api.py for tasks to queue
[2023-09-04T12:46:59.542+0000] {logging_mixin.py:150} INFO - [2023-09-04T12:46:59.541+0000] {dagbag.py:541} INFO - Filling up the DagBag from /home/airflow/.local/lib/python3.7/site-packages/airflow/example_dags/tutorial_taskflow_api.py
[2023-09-04T12:46:59.564+0000] {processor.py:836} INFO - DAG(s) dict_keys(['tutorial_taskflow_api']) retrieved from /home/airflow/.local/lib/python3.7/site-packages/airflow/example_dags/tutorial_taskflow_api.py
[2023-09-04T12:46:59.643+0000] {logging_mixin.py:150} INFO - [2023-09-04T12:46:59.643+0000] {dag.py:2742} INFO - Sync 1 DAGs
[2023-09-04T12:46:59.724+0000] {logging_mixin.py:150} INFO - [2023-09-04T12:46:59.724+0000] {dag.py:3508} INFO - Setting next_dagrun for tutorial_taskflow_api to None, run_after=None
[2023-09-04T12:46:59.780+0000] {processor.py:179} INFO - Processing /home/airflow/.local/lib/python3.7/site-packages/airflow/example_dags/tutorial_taskflow_api.py took 0.258 seconds
[2023-09-04T12:47:30.691+0000] {processor.py:157} INFO - Started process (PID=909) to work on /home/airflow/.local/lib/python3.7/site-packages/airflow/example_dags/tutorial_taskflow_api.py
[2023-09-04T12:47:30.695+0000] {processor.py:826} INFO - Processing file /home/airflow/.local/lib/python3.7/site-packages/airflow/example_dags/tutorial_taskflow_api.py for tasks to queue
[2023-09-04T12:47:30.698+0000] {logging_mixin.py:150} INFO - [2023-09-04T12:47:30.697+0000] {dagbag.py:541} INFO - Filling up the DagBag from /home/airflow/.local/lib/python3.7/site-packages/airflow/example_dags/tutorial_taskflow_api.py
[2023-09-04T12:47:30.719+0000] {processor.py:836} INFO - DAG(s) dict_keys(['tutorial_taskflow_api']) retrieved from /home/airflow/.local/lib/python3.7/site-packages/airflow/example_dags/tutorial_taskflow_api.py
[2023-09-04T12:47:30.765+0000] {logging_mixin.py:150} INFO - [2023-09-04T12:47:30.765+0000] {dag.py:2742} INFO - Sync 1 DAGs
[2023-09-04T12:47:30.884+0000] {logging_mixin.py:150} INFO - [2023-09-04T12:47:30.884+0000] {dag.py:3508} INFO - Setting next_dagrun for tutorial_taskflow_api to None, run_after=None
[2023-09-04T12:47:30.942+0000] {processor.py:179} INFO - Processing /home/airflow/.local/lib/python3.7/site-packages/airflow/example_dags/tutorial_taskflow_api.py took 0.258 seconds
[2023-09-04T12:48:01.438+0000] {processor.py:157} INFO - Started process (PID=970) to work on /home/airflow/.local/lib/python3.7/site-packages/airflow/example_dags/tutorial_taskflow_api.py
[2023-09-04T12:48:01.444+0000] {processor.py:826} INFO - Processing file /home/airflow/.local/lib/python3.7/site-packages/airflow/example_dags/tutorial_taskflow_api.py for tasks to queue
[2023-09-04T12:48:01.449+0000] {logging_mixin.py:150} INFO - [2023-09-04T12:48:01.449+0000] {dagbag.py:541} INFO - Filling up the DagBag from /home/airflow/.local/lib/python3.7/site-packages/airflow/example_dags/tutorial_taskflow_api.py
[2023-09-04T12:48:01.483+0000] {processor.py:836} INFO - DAG(s) dict_keys(['tutorial_taskflow_api']) retrieved from /home/airflow/.local/lib/python3.7/site-packages/airflow/example_dags/tutorial_taskflow_api.py
[2023-09-04T12:48:01.543+0000] {logging_mixin.py:150} INFO - [2023-09-04T12:48:01.543+0000] {dag.py:2742} INFO - Sync 1 DAGs
[2023-09-04T12:48:01.603+0000] {logging_mixin.py:150} INFO - [2023-09-04T12:48:01.602+0000] {dag.py:3508} INFO - Setting next_dagrun for tutorial_taskflow_api to None, run_after=None
[2023-09-04T12:48:01.649+0000] {processor.py:179} INFO - Processing /home/airflow/.local/lib/python3.7/site-packages/airflow/example_dags/tutorial_taskflow_api.py took 0.220 seconds
[2023-09-04T12:48:32.333+0000] {processor.py:157} INFO - Started process (PID=1030) to work on /home/airflow/.local/lib/python3.7/site-packages/airflow/example_dags/tutorial_taskflow_api.py
[2023-09-04T12:48:32.335+0000] {processor.py:826} INFO - Processing file /home/airflow/.local/lib/python3.7/site-packages/airflow/example_dags/tutorial_taskflow_api.py for tasks to queue
[2023-09-04T12:48:32.340+0000] {logging_mixin.py:150} INFO - [2023-09-04T12:48:32.339+0000] {dagbag.py:541} INFO - Filling up the DagBag from /home/airflow/.local/lib/python3.7/site-packages/airflow/example_dags/tutorial_taskflow_api.py
[2023-09-04T12:48:32.369+0000] {processor.py:836} INFO - DAG(s) dict_keys(['tutorial_taskflow_api']) retrieved from /home/airflow/.local/lib/python3.7/site-packages/airflow/example_dags/tutorial_taskflow_api.py
[2023-09-04T12:48:32.462+0000] {logging_mixin.py:150} INFO - [2023-09-04T12:48:32.461+0000] {dag.py:2742} INFO - Sync 1 DAGs
[2023-09-04T12:48:32.535+0000] {logging_mixin.py:150} INFO - [2023-09-04T12:48:32.535+0000] {dag.py:3508} INFO - Setting next_dagrun for tutorial_taskflow_api to None, run_after=None
[2023-09-04T12:48:32.616+0000] {processor.py:179} INFO - Processing /home/airflow/.local/lib/python3.7/site-packages/airflow/example_dags/tutorial_taskflow_api.py took 0.299 seconds
[2023-09-04T12:49:02.815+0000] {processor.py:157} INFO - Started process (PID=1089) to work on /home/airflow/.local/lib/python3.7/site-packages/airflow/example_dags/tutorial_taskflow_api.py
[2023-09-04T12:49:02.817+0000] {processor.py:826} INFO - Processing file /home/airflow/.local/lib/python3.7/site-packages/airflow/example_dags/tutorial_taskflow_api.py for tasks to queue
[2023-09-04T12:49:02.819+0000] {logging_mixin.py:150} INFO - [2023-09-04T12:49:02.819+0000] {dagbag.py:541} INFO - Filling up the DagBag from /home/airflow/.local/lib/python3.7/site-packages/airflow/example_dags/tutorial_taskflow_api.py
[2023-09-04T12:49:02.830+0000] {processor.py:836} INFO - DAG(s) dict_keys(['tutorial_taskflow_api']) retrieved from /home/airflow/.local/lib/python3.7/site-packages/airflow/example_dags/tutorial_taskflow_api.py
[2023-09-04T12:49:02.868+0000] {logging_mixin.py:150} INFO - [2023-09-04T12:49:02.868+0000] {dag.py:2742} INFO - Sync 1 DAGs
[2023-09-04T12:49:02.912+0000] {logging_mixin.py:150} INFO - [2023-09-04T12:49:02.912+0000] {dag.py:3508} INFO - Setting next_dagrun for tutorial_taskflow_api to None, run_after=None
[2023-09-04T12:49:02.970+0000] {processor.py:179} INFO - Processing /home/airflow/.local/lib/python3.7/site-packages/airflow/example_dags/tutorial_taskflow_api.py took 0.160 seconds
[2023-09-04T12:49:33.915+0000] {processor.py:157} INFO - Started process (PID=1147) to work on /home/airflow/.local/lib/python3.7/site-packages/airflow/example_dags/tutorial_taskflow_api.py
[2023-09-04T12:49:33.917+0000] {processor.py:826} INFO - Processing file /home/airflow/.local/lib/python3.7/site-packages/airflow/example_dags/tutorial_taskflow_api.py for tasks to queue
[2023-09-04T12:49:33.920+0000] {logging_mixin.py:150} INFO - [2023-09-04T12:49:33.919+0000] {dagbag.py:541} INFO - Filling up the DagBag from /home/airflow/.local/lib/python3.7/site-packages/airflow/example_dags/tutorial_taskflow_api.py
[2023-09-04T12:49:33.934+0000] {processor.py:836} INFO - DAG(s) dict_keys(['tutorial_taskflow_api']) retrieved from /home/airflow/.local/lib/python3.7/site-packages/airflow/example_dags/tutorial_taskflow_api.py
[2023-09-04T12:49:34.002+0000] {logging_mixin.py:150} INFO - [2023-09-04T12:49:34.001+0000] {dag.py:2742} INFO - Sync 1 DAGs
[2023-09-04T12:49:34.061+0000] {logging_mixin.py:150} INFO - [2023-09-04T12:49:34.061+0000] {dag.py:3508} INFO - Setting next_dagrun for tutorial_taskflow_api to None, run_after=None
[2023-09-04T12:49:34.104+0000] {processor.py:179} INFO - Processing /home/airflow/.local/lib/python3.7/site-packages/airflow/example_dags/tutorial_taskflow_api.py took 0.195 seconds
[2023-09-04T12:51:19.178+0000] {processor.py:157} INFO - Started process (PID=63) to work on /home/airflow/.local/lib/python3.7/site-packages/airflow/example_dags/tutorial_taskflow_api.py
[2023-09-04T12:51:19.181+0000] {processor.py:826} INFO - Processing file /home/airflow/.local/lib/python3.7/site-packages/airflow/example_dags/tutorial_taskflow_api.py for tasks to queue
[2023-09-04T12:51:19.194+0000] {logging_mixin.py:150} INFO - [2023-09-04T12:51:19.193+0000] {dagbag.py:541} INFO - Filling up the DagBag from /home/airflow/.local/lib/python3.7/site-packages/airflow/example_dags/tutorial_taskflow_api.py
[2023-09-04T12:51:19.234+0000] {processor.py:836} INFO - DAG(s) dict_keys(['tutorial_taskflow_api']) retrieved from /home/airflow/.local/lib/python3.7/site-packages/airflow/example_dags/tutorial_taskflow_api.py
[2023-09-04T12:51:19.373+0000] {logging_mixin.py:150} INFO - [2023-09-04T12:51:19.372+0000] {dag.py:2742} INFO - Sync 1 DAGs
[2023-09-04T12:51:19.482+0000] {logging_mixin.py:150} INFO - [2023-09-04T12:51:19.481+0000] {dag.py:3508} INFO - Setting next_dagrun for tutorial_taskflow_api to None, run_after=None
[2023-09-04T12:51:19.617+0000] {processor.py:179} INFO - Processing /home/airflow/.local/lib/python3.7/site-packages/airflow/example_dags/tutorial_taskflow_api.py took 0.460 seconds
[2023-09-04T12:51:50.221+0000] {processor.py:157} INFO - Started process (PID=121) to work on /home/airflow/.local/lib/python3.7/site-packages/airflow/example_dags/tutorial_taskflow_api.py
[2023-09-04T12:51:50.223+0000] {processor.py:826} INFO - Processing file /home/airflow/.local/lib/python3.7/site-packages/airflow/example_dags/tutorial_taskflow_api.py for tasks to queue
[2023-09-04T12:51:50.227+0000] {logging_mixin.py:150} INFO - [2023-09-04T12:51:50.226+0000] {dagbag.py:541} INFO - Filling up the DagBag from /home/airflow/.local/lib/python3.7/site-packages/airflow/example_dags/tutorial_taskflow_api.py
[2023-09-04T12:51:50.239+0000] {processor.py:836} INFO - DAG(s) dict_keys(['tutorial_taskflow_api']) retrieved from /home/airflow/.local/lib/python3.7/site-packages/airflow/example_dags/tutorial_taskflow_api.py
[2023-09-04T12:51:50.291+0000] {logging_mixin.py:150} INFO - [2023-09-04T12:51:50.291+0000] {dag.py:2742} INFO - Sync 1 DAGs
[2023-09-04T12:51:50.358+0000] {logging_mixin.py:150} INFO - [2023-09-04T12:51:50.358+0000] {dag.py:3508} INFO - Setting next_dagrun for tutorial_taskflow_api to None, run_after=None
[2023-09-04T12:51:50.408+0000] {processor.py:179} INFO - Processing /home/airflow/.local/lib/python3.7/site-packages/airflow/example_dags/tutorial_taskflow_api.py took 0.193 seconds
[2023-09-04T12:52:20.676+0000] {processor.py:157} INFO - Started process (PID=180) to work on /home/airflow/.local/lib/python3.7/site-packages/airflow/example_dags/tutorial_taskflow_api.py
[2023-09-04T12:52:20.680+0000] {processor.py:826} INFO - Processing file /home/airflow/.local/lib/python3.7/site-packages/airflow/example_dags/tutorial_taskflow_api.py for tasks to queue
[2023-09-04T12:52:20.683+0000] {logging_mixin.py:150} INFO - [2023-09-04T12:52:20.682+0000] {dagbag.py:541} INFO - Filling up the DagBag from /home/airflow/.local/lib/python3.7/site-packages/airflow/example_dags/tutorial_taskflow_api.py
[2023-09-04T12:52:20.697+0000] {processor.py:836} INFO - DAG(s) dict_keys(['tutorial_taskflow_api']) retrieved from /home/airflow/.local/lib/python3.7/site-packages/airflow/example_dags/tutorial_taskflow_api.py
[2023-09-04T12:52:20.744+0000] {logging_mixin.py:150} INFO - [2023-09-04T12:52:20.743+0000] {dag.py:2742} INFO - Sync 1 DAGs
[2023-09-04T12:52:20.792+0000] {logging_mixin.py:150} INFO - [2023-09-04T12:52:20.791+0000] {dag.py:3508} INFO - Setting next_dagrun for tutorial_taskflow_api to None, run_after=None
[2023-09-04T12:52:20.837+0000] {processor.py:179} INFO - Processing /home/airflow/.local/lib/python3.7/site-packages/airflow/example_dags/tutorial_taskflow_api.py took 0.175 seconds
[2023-09-04T12:52:51.874+0000] {processor.py:157} INFO - Started process (PID=239) to work on /home/airflow/.local/lib/python3.7/site-packages/airflow/example_dags/tutorial_taskflow_api.py
[2023-09-04T12:52:51.886+0000] {processor.py:826} INFO - Processing file /home/airflow/.local/lib/python3.7/site-packages/airflow/example_dags/tutorial_taskflow_api.py for tasks to queue
[2023-09-04T12:52:51.890+0000] {logging_mixin.py:150} INFO - [2023-09-04T12:52:51.889+0000] {dagbag.py:541} INFO - Filling up the DagBag from /home/airflow/.local/lib/python3.7/site-packages/airflow/example_dags/tutorial_taskflow_api.py
[2023-09-04T12:52:51.929+0000] {processor.py:836} INFO - DAG(s) dict_keys(['tutorial_taskflow_api']) retrieved from /home/airflow/.local/lib/python3.7/site-packages/airflow/example_dags/tutorial_taskflow_api.py
[2023-09-04T12:52:51.995+0000] {logging_mixin.py:150} INFO - [2023-09-04T12:52:51.995+0000] {dag.py:2742} INFO - Sync 1 DAGs
[2023-09-04T12:52:52.062+0000] {logging_mixin.py:150} INFO - [2023-09-04T12:52:52.062+0000] {dag.py:3508} INFO - Setting next_dagrun for tutorial_taskflow_api to None, run_after=None
[2023-09-04T12:52:52.136+0000] {processor.py:179} INFO - Processing /home/airflow/.local/lib/python3.7/site-packages/airflow/example_dags/tutorial_taskflow_api.py took 0.283 seconds
[2023-09-04T12:53:22.646+0000] {processor.py:157} INFO - Started process (PID=299) to work on /home/airflow/.local/lib/python3.7/site-packages/airflow/example_dags/tutorial_taskflow_api.py
[2023-09-04T12:53:22.649+0000] {processor.py:826} INFO - Processing file /home/airflow/.local/lib/python3.7/site-packages/airflow/example_dags/tutorial_taskflow_api.py for tasks to queue
[2023-09-04T12:53:22.652+0000] {logging_mixin.py:150} INFO - [2023-09-04T12:53:22.651+0000] {dagbag.py:541} INFO - Filling up the DagBag from /home/airflow/.local/lib/python3.7/site-packages/airflow/example_dags/tutorial_taskflow_api.py
[2023-09-04T12:53:22.672+0000] {processor.py:836} INFO - DAG(s) dict_keys(['tutorial_taskflow_api']) retrieved from /home/airflow/.local/lib/python3.7/site-packages/airflow/example_dags/tutorial_taskflow_api.py
[2023-09-04T12:53:22.726+0000] {logging_mixin.py:150} INFO - [2023-09-04T12:53:22.726+0000] {dag.py:2742} INFO - Sync 1 DAGs
[2023-09-04T12:53:22.783+0000] {logging_mixin.py:150} INFO - [2023-09-04T12:53:22.782+0000] {dag.py:3508} INFO - Setting next_dagrun for tutorial_taskflow_api to None, run_after=None
[2023-09-04T12:53:22.830+0000] {processor.py:179} INFO - Processing /home/airflow/.local/lib/python3.7/site-packages/airflow/example_dags/tutorial_taskflow_api.py took 0.189 seconds
[2023-09-04T12:53:53.587+0000] {processor.py:157} INFO - Started process (PID=358) to work on /home/airflow/.local/lib/python3.7/site-packages/airflow/example_dags/tutorial_taskflow_api.py
[2023-09-04T12:53:53.589+0000] {processor.py:826} INFO - Processing file /home/airflow/.local/lib/python3.7/site-packages/airflow/example_dags/tutorial_taskflow_api.py for tasks to queue
[2023-09-04T12:53:53.593+0000] {logging_mixin.py:150} INFO - [2023-09-04T12:53:53.592+0000] {dagbag.py:541} INFO - Filling up the DagBag from /home/airflow/.local/lib/python3.7/site-packages/airflow/example_dags/tutorial_taskflow_api.py
[2023-09-04T12:53:53.613+0000] {processor.py:836} INFO - DAG(s) dict_keys(['tutorial_taskflow_api']) retrieved from /home/airflow/.local/lib/python3.7/site-packages/airflow/example_dags/tutorial_taskflow_api.py
[2023-09-04T12:53:53.696+0000] {logging_mixin.py:150} INFO - [2023-09-04T12:53:53.695+0000] {dag.py:2742} INFO - Sync 1 DAGs
[2023-09-04T12:53:53.756+0000] {logging_mixin.py:150} INFO - [2023-09-04T12:53:53.756+0000] {dag.py:3508} INFO - Setting next_dagrun for tutorial_taskflow_api to None, run_after=None
[2023-09-04T12:53:53.801+0000] {processor.py:179} INFO - Processing /home/airflow/.local/lib/python3.7/site-packages/airflow/example_dags/tutorial_taskflow_api.py took 0.224 seconds
[2023-09-04T12:54:24.249+0000] {processor.py:157} INFO - Started process (PID=416) to work on /home/airflow/.local/lib/python3.7/site-packages/airflow/example_dags/tutorial_taskflow_api.py
[2023-09-04T12:54:24.252+0000] {processor.py:826} INFO - Processing file /home/airflow/.local/lib/python3.7/site-packages/airflow/example_dags/tutorial_taskflow_api.py for tasks to queue
[2023-09-04T12:54:24.254+0000] {logging_mixin.py:150} INFO - [2023-09-04T12:54:24.254+0000] {dagbag.py:541} INFO - Filling up the DagBag from /home/airflow/.local/lib/python3.7/site-packages/airflow/example_dags/tutorial_taskflow_api.py
[2023-09-04T12:54:24.269+0000] {processor.py:836} INFO - DAG(s) dict_keys(['tutorial_taskflow_api']) retrieved from /home/airflow/.local/lib/python3.7/site-packages/airflow/example_dags/tutorial_taskflow_api.py
[2023-09-04T12:54:24.322+0000] {logging_mixin.py:150} INFO - [2023-09-04T12:54:24.322+0000] {dag.py:2742} INFO - Sync 1 DAGs
[2023-09-04T12:54:24.386+0000] {logging_mixin.py:150} INFO - [2023-09-04T12:54:24.386+0000] {dag.py:3508} INFO - Setting next_dagrun for tutorial_taskflow_api to None, run_after=None
[2023-09-04T12:54:24.430+0000] {processor.py:179} INFO - Processing /home/airflow/.local/lib/python3.7/site-packages/airflow/example_dags/tutorial_taskflow_api.py took 0.194 seconds
[2023-09-04T12:54:54.716+0000] {processor.py:157} INFO - Started process (PID=475) to work on /home/airflow/.local/lib/python3.7/site-packages/airflow/example_dags/tutorial_taskflow_api.py
[2023-09-04T12:54:54.721+0000] {processor.py:826} INFO - Processing file /home/airflow/.local/lib/python3.7/site-packages/airflow/example_dags/tutorial_taskflow_api.py for tasks to queue
[2023-09-04T12:54:54.725+0000] {logging_mixin.py:150} INFO - [2023-09-04T12:54:54.723+0000] {dagbag.py:541} INFO - Filling up the DagBag from /home/airflow/.local/lib/python3.7/site-packages/airflow/example_dags/tutorial_taskflow_api.py
[2023-09-04T12:54:54.752+0000] {processor.py:836} INFO - DAG(s) dict_keys(['tutorial_taskflow_api']) retrieved from /home/airflow/.local/lib/python3.7/site-packages/airflow/example_dags/tutorial_taskflow_api.py
[2023-09-04T12:54:54.810+0000] {logging_mixin.py:150} INFO - [2023-09-04T12:54:54.809+0000] {dag.py:2742} INFO - Sync 1 DAGs
[2023-09-04T12:54:54.898+0000] {logging_mixin.py:150} INFO - [2023-09-04T12:54:54.897+0000] {dag.py:3508} INFO - Setting next_dagrun for tutorial_taskflow_api to None, run_after=None
[2023-09-04T12:54:54.969+0000] {processor.py:179} INFO - Processing /home/airflow/.local/lib/python3.7/site-packages/airflow/example_dags/tutorial_taskflow_api.py took 0.268 seconds
[2023-09-04T12:55:25.242+0000] {processor.py:157} INFO - Started process (PID=529) to work on /home/airflow/.local/lib/python3.7/site-packages/airflow/example_dags/tutorial_taskflow_api.py
[2023-09-04T12:55:25.247+0000] {processor.py:826} INFO - Processing file /home/airflow/.local/lib/python3.7/site-packages/airflow/example_dags/tutorial_taskflow_api.py for tasks to queue
[2023-09-04T12:55:25.254+0000] {logging_mixin.py:150} INFO - [2023-09-04T12:55:25.253+0000] {dagbag.py:541} INFO - Filling up the DagBag from /home/airflow/.local/lib/python3.7/site-packages/airflow/example_dags/tutorial_taskflow_api.py
[2023-09-04T12:55:25.271+0000] {processor.py:836} INFO - DAG(s) dict_keys(['tutorial_taskflow_api']) retrieved from /home/airflow/.local/lib/python3.7/site-packages/airflow/example_dags/tutorial_taskflow_api.py
[2023-09-04T12:55:25.378+0000] {logging_mixin.py:150} INFO - [2023-09-04T12:55:25.378+0000] {dag.py:2742} INFO - Sync 1 DAGs
[2023-09-04T12:55:25.478+0000] {logging_mixin.py:150} INFO - [2023-09-04T12:55:25.478+0000] {dag.py:3508} INFO - Setting next_dagrun for tutorial_taskflow_api to None, run_after=None
[2023-09-04T12:55:25.535+0000] {processor.py:179} INFO - Processing /home/airflow/.local/lib/python3.7/site-packages/airflow/example_dags/tutorial_taskflow_api.py took 0.303 seconds
[2023-09-04T12:55:56.294+0000] {processor.py:157} INFO - Started process (PID=589) to work on /home/airflow/.local/lib/python3.7/site-packages/airflow/example_dags/tutorial_taskflow_api.py
[2023-09-04T12:55:56.296+0000] {processor.py:826} INFO - Processing file /home/airflow/.local/lib/python3.7/site-packages/airflow/example_dags/tutorial_taskflow_api.py for tasks to queue
[2023-09-04T12:55:56.302+0000] {logging_mixin.py:150} INFO - [2023-09-04T12:55:56.301+0000] {dagbag.py:541} INFO - Filling up the DagBag from /home/airflow/.local/lib/python3.7/site-packages/airflow/example_dags/tutorial_taskflow_api.py
[2023-09-04T12:55:56.323+0000] {processor.py:836} INFO - DAG(s) dict_keys(['tutorial_taskflow_api']) retrieved from /home/airflow/.local/lib/python3.7/site-packages/airflow/example_dags/tutorial_taskflow_api.py
[2023-09-04T12:55:56.382+0000] {logging_mixin.py:150} INFO - [2023-09-04T12:55:56.382+0000] {dag.py:2742} INFO - Sync 1 DAGs
[2023-09-04T12:55:56.446+0000] {logging_mixin.py:150} INFO - [2023-09-04T12:55:56.446+0000] {dag.py:3508} INFO - Setting next_dagrun for tutorial_taskflow_api to None, run_after=None
[2023-09-04T12:55:56.489+0000] {processor.py:179} INFO - Processing /home/airflow/.local/lib/python3.7/site-packages/airflow/example_dags/tutorial_taskflow_api.py took 0.203 seconds
[2023-09-04T12:56:26.909+0000] {processor.py:157} INFO - Started process (PID=648) to work on /home/airflow/.local/lib/python3.7/site-packages/airflow/example_dags/tutorial_taskflow_api.py
[2023-09-04T12:56:26.912+0000] {processor.py:826} INFO - Processing file /home/airflow/.local/lib/python3.7/site-packages/airflow/example_dags/tutorial_taskflow_api.py for tasks to queue
[2023-09-04T12:56:26.914+0000] {logging_mixin.py:150} INFO - [2023-09-04T12:56:26.914+0000] {dagbag.py:541} INFO - Filling up the DagBag from /home/airflow/.local/lib/python3.7/site-packages/airflow/example_dags/tutorial_taskflow_api.py
[2023-09-04T12:56:26.929+0000] {processor.py:836} INFO - DAG(s) dict_keys(['tutorial_taskflow_api']) retrieved from /home/airflow/.local/lib/python3.7/site-packages/airflow/example_dags/tutorial_taskflow_api.py
[2023-09-04T12:56:26.979+0000] {logging_mixin.py:150} INFO - [2023-09-04T12:56:26.979+0000] {dag.py:2742} INFO - Sync 1 DAGs
[2023-09-04T12:56:27.051+0000] {logging_mixin.py:150} INFO - [2023-09-04T12:56:27.051+0000] {dag.py:3508} INFO - Setting next_dagrun for tutorial_taskflow_api to None, run_after=None
[2023-09-04T12:56:27.103+0000] {processor.py:179} INFO - Processing /home/airflow/.local/lib/python3.7/site-packages/airflow/example_dags/tutorial_taskflow_api.py took 0.201 seconds
[2023-09-04T12:56:57.208+0000] {processor.py:157} INFO - Started process (PID=707) to work on /home/airflow/.local/lib/python3.7/site-packages/airflow/example_dags/tutorial_taskflow_api.py
[2023-09-04T12:56:57.211+0000] {processor.py:826} INFO - Processing file /home/airflow/.local/lib/python3.7/site-packages/airflow/example_dags/tutorial_taskflow_api.py for tasks to queue
[2023-09-04T12:56:57.214+0000] {logging_mixin.py:150} INFO - [2023-09-04T12:56:57.214+0000] {dagbag.py:541} INFO - Filling up the DagBag from /home/airflow/.local/lib/python3.7/site-packages/airflow/example_dags/tutorial_taskflow_api.py
[2023-09-04T12:56:57.233+0000] {processor.py:836} INFO - DAG(s) dict_keys(['tutorial_taskflow_api']) retrieved from /home/airflow/.local/lib/python3.7/site-packages/airflow/example_dags/tutorial_taskflow_api.py
[2023-09-04T12:56:57.312+0000] {logging_mixin.py:150} INFO - [2023-09-04T12:56:57.311+0000] {dag.py:2742} INFO - Sync 1 DAGs
[2023-09-04T12:56:57.389+0000] {logging_mixin.py:150} INFO - [2023-09-04T12:56:57.389+0000] {dag.py:3508} INFO - Setting next_dagrun for tutorial_taskflow_api to None, run_after=None
[2023-09-04T12:56:57.475+0000] {processor.py:179} INFO - Processing /home/airflow/.local/lib/python3.7/site-packages/airflow/example_dags/tutorial_taskflow_api.py took 0.280 seconds
[2023-09-04T12:57:28.342+0000] {processor.py:157} INFO - Started process (PID=765) to work on /home/airflow/.local/lib/python3.7/site-packages/airflow/example_dags/tutorial_taskflow_api.py
[2023-09-04T12:57:28.346+0000] {processor.py:826} INFO - Processing file /home/airflow/.local/lib/python3.7/site-packages/airflow/example_dags/tutorial_taskflow_api.py for tasks to queue
[2023-09-04T12:57:28.348+0000] {logging_mixin.py:150} INFO - [2023-09-04T12:57:28.348+0000] {dagbag.py:541} INFO - Filling up the DagBag from /home/airflow/.local/lib/python3.7/site-packages/airflow/example_dags/tutorial_taskflow_api.py
[2023-09-04T12:57:28.363+0000] {processor.py:836} INFO - DAG(s) dict_keys(['tutorial_taskflow_api']) retrieved from /home/airflow/.local/lib/python3.7/site-packages/airflow/example_dags/tutorial_taskflow_api.py
[2023-09-04T12:57:28.440+0000] {logging_mixin.py:150} INFO - [2023-09-04T12:57:28.439+0000] {dag.py:2742} INFO - Sync 1 DAGs
[2023-09-04T12:57:28.510+0000] {logging_mixin.py:150} INFO - [2023-09-04T12:57:28.510+0000] {dag.py:3508} INFO - Setting next_dagrun for tutorial_taskflow_api to None, run_after=None
[2023-09-04T12:57:28.564+0000] {processor.py:179} INFO - Processing /home/airflow/.local/lib/python3.7/site-packages/airflow/example_dags/tutorial_taskflow_api.py took 0.230 seconds
[2023-09-04T12:57:58.882+0000] {processor.py:157} INFO - Started process (PID=824) to work on /home/airflow/.local/lib/python3.7/site-packages/airflow/example_dags/tutorial_taskflow_api.py
[2023-09-04T12:57:58.884+0000] {processor.py:826} INFO - Processing file /home/airflow/.local/lib/python3.7/site-packages/airflow/example_dags/tutorial_taskflow_api.py for tasks to queue
[2023-09-04T12:57:58.888+0000] {logging_mixin.py:150} INFO - [2023-09-04T12:57:58.887+0000] {dagbag.py:541} INFO - Filling up the DagBag from /home/airflow/.local/lib/python3.7/site-packages/airflow/example_dags/tutorial_taskflow_api.py
[2023-09-04T12:57:58.901+0000] {processor.py:836} INFO - DAG(s) dict_keys(['tutorial_taskflow_api']) retrieved from /home/airflow/.local/lib/python3.7/site-packages/airflow/example_dags/tutorial_taskflow_api.py
[2023-09-04T12:57:58.965+0000] {logging_mixin.py:150} INFO - [2023-09-04T12:57:58.965+0000] {dag.py:2742} INFO - Sync 1 DAGs
[2023-09-04T12:57:59.025+0000] {logging_mixin.py:150} INFO - [2023-09-04T12:57:59.025+0000] {dag.py:3508} INFO - Setting next_dagrun for tutorial_taskflow_api to None, run_after=None
[2023-09-04T12:57:59.067+0000] {processor.py:179} INFO - Processing /home/airflow/.local/lib/python3.7/site-packages/airflow/example_dags/tutorial_taskflow_api.py took 0.203 seconds
[2023-09-04T12:58:29.335+0000] {processor.py:157} INFO - Started process (PID=883) to work on /home/airflow/.local/lib/python3.7/site-packages/airflow/example_dags/tutorial_taskflow_api.py
[2023-09-04T12:58:29.338+0000] {processor.py:826} INFO - Processing file /home/airflow/.local/lib/python3.7/site-packages/airflow/example_dags/tutorial_taskflow_api.py for tasks to queue
[2023-09-04T12:58:29.340+0000] {logging_mixin.py:150} INFO - [2023-09-04T12:58:29.339+0000] {dagbag.py:541} INFO - Filling up the DagBag from /home/airflow/.local/lib/python3.7/site-packages/airflow/example_dags/tutorial_taskflow_api.py
[2023-09-04T12:58:29.356+0000] {processor.py:836} INFO - DAG(s) dict_keys(['tutorial_taskflow_api']) retrieved from /home/airflow/.local/lib/python3.7/site-packages/airflow/example_dags/tutorial_taskflow_api.py
[2023-09-04T12:58:29.404+0000] {logging_mixin.py:150} INFO - [2023-09-04T12:58:29.404+0000] {dag.py:2742} INFO - Sync 1 DAGs
[2023-09-04T12:58:29.486+0000] {logging_mixin.py:150} INFO - [2023-09-04T12:58:29.486+0000] {dag.py:3508} INFO - Setting next_dagrun for tutorial_taskflow_api to None, run_after=None
[2023-09-04T12:58:29.615+0000] {processor.py:179} INFO - Processing /home/airflow/.local/lib/python3.7/site-packages/airflow/example_dags/tutorial_taskflow_api.py took 0.287 seconds
