[2023-09-26T03:45:08.709+0000] {processor.py:157} INFO - Started process (PID=2272) to work on /opt/airflow/dags/voting_dag.py
[2023-09-26T03:45:08.711+0000] {processor.py:826} INFO - Processing file /opt/airflow/dags/voting_dag.py for tasks to queue
[2023-09-26T03:45:08.723+0000] {logging_mixin.py:150} INFO - [2023-09-26T03:45:08.716+0000] {dagbag.py:541} INFO - Filling up the DagBag from /opt/airflow/dags/voting_dag.py
[2023-09-26T03:45:08.805+0000] {processor.py:838} WARNING - No viable dags retrieved from /opt/airflow/dags/voting_dag.py
[2023-09-26T03:45:08.830+0000] {processor.py:179} INFO - Processing /opt/airflow/dags/voting_dag.py took 0.127 seconds
[2023-09-26T03:45:10.608+0000] {processor.py:157} INFO - Started process (PID=2285) to work on /opt/airflow/dags/voting_dag.py
[2023-09-26T03:45:10.610+0000] {processor.py:826} INFO - Processing file /opt/airflow/dags/voting_dag.py for tasks to queue
[2023-09-26T03:45:10.613+0000] {logging_mixin.py:150} INFO - [2023-09-26T03:45:10.613+0000] {dagbag.py:541} INFO - Filling up the DagBag from /opt/airflow/dags/voting_dag.py
[2023-09-26T03:45:10.660+0000] {logging_mixin.py:150} INFO - [2023-09-26T03:45:10.657+0000] {dagbag.py:350} ERROR - Failed to import: /opt/airflow/dags/voting_dag.py
Traceback (most recent call last):
  File "/home/airflow/.local/lib/python3.7/site-packages/airflow/models/dagbag.py", line 346, in parse
    loader.exec_module(new_module)
  File "<frozen importlib._bootstrap_external>", line 724, in exec_module
  File "<frozen importlib._bootstrap_external>", line 860, in get_code
  File "<frozen importlib._bootstrap_external>", line 791, in source_to_code
  File "<frozen importlib._bootstrap>", line 219, in _call_with_frames_removed
  File "/opt/airflow/dags/voting_dag.py", line 2
    from
        ^
SyntaxError: invalid syntax
[2023-09-26T03:45:10.661+0000] {processor.py:838} WARNING - No viable dags retrieved from /opt/airflow/dags/voting_dag.py
[2023-09-26T03:45:10.698+0000] {processor.py:179} INFO - Processing /opt/airflow/dags/voting_dag.py took 0.096 seconds
[2023-09-26T03:45:41.504+0000] {processor.py:157} INFO - Started process (PID=2342) to work on /opt/airflow/dags/voting_dag.py
[2023-09-26T03:45:41.524+0000] {processor.py:826} INFO - Processing file /opt/airflow/dags/voting_dag.py for tasks to queue
[2023-09-26T03:45:41.541+0000] {logging_mixin.py:150} INFO - [2023-09-26T03:45:41.540+0000] {dagbag.py:541} INFO - Filling up the DagBag from /opt/airflow/dags/voting_dag.py
[2023-09-26T03:45:41.891+0000] {logging_mixin.py:150} INFO - [2023-09-26T03:45:41.890+0000] {dagbag.py:350} ERROR - Failed to import: /opt/airflow/dags/voting_dag.py
Traceback (most recent call last):
  File "/home/airflow/.local/lib/python3.7/site-packages/airflow/models/dagbag.py", line 346, in parse
    loader.exec_module(new_module)
  File "<frozen importlib._bootstrap_external>", line 724, in exec_module
  File "<frozen importlib._bootstrap_external>", line 860, in get_code
  File "<frozen importlib._bootstrap_external>", line 791, in source_to_code
  File "<frozen importlib._bootstrap>", line 219, in _call_with_frames_removed
  File "/opt/airflow/dags/voting_dag.py", line 2
    from
        ^
SyntaxError: invalid syntax
[2023-09-26T03:45:41.893+0000] {processor.py:838} WARNING - No viable dags retrieved from /opt/airflow/dags/voting_dag.py
[2023-09-26T03:45:41.994+0000] {processor.py:179} INFO - Processing /opt/airflow/dags/voting_dag.py took 0.507 seconds
[2023-09-26T03:46:05.622+0000] {processor.py:157} INFO - Started process (PID=2384) to work on /opt/airflow/dags/voting_dag.py
[2023-09-26T03:46:05.638+0000] {processor.py:826} INFO - Processing file /opt/airflow/dags/voting_dag.py for tasks to queue
[2023-09-26T03:46:05.655+0000] {logging_mixin.py:150} INFO - [2023-09-26T03:46:05.655+0000] {dagbag.py:541} INFO - Filling up the DagBag from /opt/airflow/dags/voting_dag.py
[2023-09-26T03:46:05.837+0000] {logging_mixin.py:150} INFO - [2023-09-26T03:46:05.835+0000] {dagbag.py:350} ERROR - Failed to import: /opt/airflow/dags/voting_dag.py
Traceback (most recent call last):
  File "/home/airflow/.local/lib/python3.7/site-packages/airflow/models/dagbag.py", line 346, in parse
    loader.exec_module(new_module)
  File "<frozen importlib._bootstrap_external>", line 724, in exec_module
  File "<frozen importlib._bootstrap_external>", line 860, in get_code
  File "<frozen importlib._bootstrap_external>", line 791, in source_to_code
  File "<frozen importlib._bootstrap>", line 219, in _call_with_frames_removed
  File "/opt/airflow/dags/voting_dag.py", line 2
    from airflow.
                ^
SyntaxError: invalid syntax
[2023-09-26T03:46:05.840+0000] {processor.py:838} WARNING - No viable dags retrieved from /opt/airflow/dags/voting_dag.py
[2023-09-26T03:46:05.967+0000] {processor.py:179} INFO - Processing /opt/airflow/dags/voting_dag.py took 0.356 seconds
[2023-09-26T03:46:06.816+0000] {processor.py:157} INFO - Started process (PID=2387) to work on /opt/airflow/dags/voting_dag.py
[2023-09-26T03:46:06.824+0000] {processor.py:826} INFO - Processing file /opt/airflow/dags/voting_dag.py for tasks to queue
[2023-09-26T03:46:06.827+0000] {logging_mixin.py:150} INFO - [2023-09-26T03:46:06.826+0000] {dagbag.py:541} INFO - Filling up the DagBag from /opt/airflow/dags/voting_dag.py
[2023-09-26T03:46:06.913+0000] {logging_mixin.py:150} INFO - [2023-09-26T03:46:06.911+0000] {dagbag.py:350} ERROR - Failed to import: /opt/airflow/dags/voting_dag.py
Traceback (most recent call last):
  File "/home/airflow/.local/lib/python3.7/site-packages/airflow/models/dagbag.py", line 346, in parse
    loader.exec_module(new_module)
  File "<frozen importlib._bootstrap_external>", line 724, in exec_module
  File "<frozen importlib._bootstrap_external>", line 860, in get_code
  File "<frozen importlib._bootstrap_external>", line 791, in source_to_code
  File "<frozen importlib._bootstrap>", line 219, in _call_with_frames_removed
  File "/opt/airflow/dags/voting_dag.py", line 2
    from airflow.p
                 ^
SyntaxError: invalid syntax
[2023-09-26T03:46:06.919+0000] {processor.py:838} WARNING - No viable dags retrieved from /opt/airflow/dags/voting_dag.py
[2023-09-26T03:46:07.029+0000] {processor.py:179} INFO - Processing /opt/airflow/dags/voting_dag.py took 0.237 seconds
[2023-09-26T03:46:15.156+0000] {processor.py:157} INFO - Started process (PID=2407) to work on /opt/airflow/dags/voting_dag.py
[2023-09-26T03:46:15.180+0000] {processor.py:826} INFO - Processing file /opt/airflow/dags/voting_dag.py for tasks to queue
[2023-09-26T03:46:15.182+0000] {logging_mixin.py:150} INFO - [2023-09-26T03:46:15.182+0000] {dagbag.py:541} INFO - Filling up the DagBag from /opt/airflow/dags/voting_dag.py
[2023-09-26T03:46:15.493+0000] {logging_mixin.py:150} INFO - [2023-09-26T03:46:15.477+0000] {dagbag.py:350} ERROR - Failed to import: /opt/airflow/dags/voting_dag.py
Traceback (most recent call last):
  File "/home/airflow/.local/lib/python3.7/site-packages/airflow/models/dagbag.py", line 346, in parse
    loader.exec_module(new_module)
  File "<frozen importlib._bootstrap_external>", line 728, in exec_module
  File "<frozen importlib._bootstrap>", line 219, in _call_with_frames_removed
  File "/opt/airflow/dags/voting_dag.py", line 2, in <module>
    from airflow.python_operator import Python
ModuleNotFoundError: No module named 'airflow.python_operator'
[2023-09-26T03:46:15.498+0000] {processor.py:838} WARNING - No viable dags retrieved from /opt/airflow/dags/voting_dag.py
[2023-09-26T03:46:15.599+0000] {processor.py:179} INFO - Processing /opt/airflow/dags/voting_dag.py took 0.457 seconds
[2023-09-26T03:46:16.777+0000] {processor.py:157} INFO - Started process (PID=2409) to work on /opt/airflow/dags/voting_dag.py
[2023-09-26T03:46:16.779+0000] {processor.py:826} INFO - Processing file /opt/airflow/dags/voting_dag.py for tasks to queue
[2023-09-26T03:46:16.782+0000] {logging_mixin.py:150} INFO - [2023-09-26T03:46:16.781+0000] {dagbag.py:541} INFO - Filling up the DagBag from /opt/airflow/dags/voting_dag.py
[2023-09-26T03:46:16.921+0000] {logging_mixin.py:150} INFO - [2023-09-26T03:46:16.894+0000] {dagbag.py:350} ERROR - Failed to import: /opt/airflow/dags/voting_dag.py
Traceback (most recent call last):
  File "/home/airflow/.local/lib/python3.7/site-packages/airflow/models/dagbag.py", line 346, in parse
    loader.exec_module(new_module)
  File "<frozen importlib._bootstrap_external>", line 728, in exec_module
  File "<frozen importlib._bootstrap>", line 219, in _call_with_frames_removed
  File "/opt/airflow/dags/voting_dag.py", line 2, in <module>
    from airflow.python_operator import PythonOperator
ModuleNotFoundError: No module named 'airflow.python_operator'
[2023-09-26T03:46:16.932+0000] {processor.py:838} WARNING - No viable dags retrieved from /opt/airflow/dags/voting_dag.py
[2023-09-26T03:46:17.011+0000] {processor.py:179} INFO - Processing /opt/airflow/dags/voting_dag.py took 0.241 seconds
[2023-09-26T03:46:24.603+0000] {processor.py:157} INFO - Started process (PID=2432) to work on /opt/airflow/dags/voting_dag.py
[2023-09-26T03:46:24.605+0000] {processor.py:826} INFO - Processing file /opt/airflow/dags/voting_dag.py for tasks to queue
[2023-09-26T03:46:24.608+0000] {logging_mixin.py:150} INFO - [2023-09-26T03:46:24.607+0000] {dagbag.py:541} INFO - Filling up the DagBag from /opt/airflow/dags/voting_dag.py
[2023-09-26T03:46:24.850+0000] {logging_mixin.py:150} INFO - [2023-09-26T03:46:24.816+0000] {dagbag.py:350} ERROR - Failed to import: /opt/airflow/dags/voting_dag.py
Traceback (most recent call last):
  File "/home/airflow/.local/lib/python3.7/site-packages/airflow/models/dagbag.py", line 346, in parse
    loader.exec_module(new_module)
  File "<frozen importlib._bootstrap_external>", line 728, in exec_module
  File "<frozen importlib._bootstrap>", line 219, in _call_with_frames_removed
  File "/opt/airflow/dags/voting_dag.py", line 2, in <module>
    from airflow.python_operator import PythonOperator
ModuleNotFoundError: No module named 'airflow.python_operator'
[2023-09-26T03:46:24.887+0000] {processor.py:838} WARNING - No viable dags retrieved from /opt/airflow/dags/voting_dag.py
[2023-09-26T03:46:24.969+0000] {processor.py:179} INFO - Processing /opt/airflow/dags/voting_dag.py took 0.382 seconds
[2023-09-26T03:46:25.273+0000] {processor.py:157} INFO - Started process (PID=2435) to work on /opt/airflow/dags/voting_dag.py
[2023-09-26T03:46:25.279+0000] {processor.py:826} INFO - Processing file /opt/airflow/dags/voting_dag.py for tasks to queue
[2023-09-26T03:46:25.283+0000] {logging_mixin.py:150} INFO - [2023-09-26T03:46:25.282+0000] {dagbag.py:541} INFO - Filling up the DagBag from /opt/airflow/dags/voting_dag.py
[2023-09-26T03:46:25.416+0000] {logging_mixin.py:150} INFO - [2023-09-26T03:46:25.393+0000] {dagbag.py:350} ERROR - Failed to import: /opt/airflow/dags/voting_dag.py
Traceback (most recent call last):
  File "/home/airflow/.local/lib/python3.7/site-packages/airflow/models/dagbag.py", line 346, in parse
    loader.exec_module(new_module)
  File "<frozen importlib._bootstrap_external>", line 728, in exec_module
  File "<frozen importlib._bootstrap>", line 219, in _call_with_frames_removed
  File "/opt/airflow/dags/voting_dag.py", line 2, in <module>
    from airflow.python_operator import PythonOperator
ModuleNotFoundError: No module named 'airflow.python_operator'
[2023-09-26T03:46:25.421+0000] {processor.py:838} WARNING - No viable dags retrieved from /opt/airflow/dags/voting_dag.py
[2023-09-26T03:46:25.477+0000] {processor.py:179} INFO - Processing /opt/airflow/dags/voting_dag.py took 0.215 seconds
[2023-09-26T03:46:55.949+0000] {processor.py:157} INFO - Started process (PID=2493) to work on /opt/airflow/dags/voting_dag.py
[2023-09-26T03:46:55.954+0000] {processor.py:826} INFO - Processing file /opt/airflow/dags/voting_dag.py for tasks to queue
[2023-09-26T03:46:55.956+0000] {logging_mixin.py:150} INFO - [2023-09-26T03:46:55.955+0000] {dagbag.py:541} INFO - Filling up the DagBag from /opt/airflow/dags/voting_dag.py
[2023-09-26T03:46:56.009+0000] {logging_mixin.py:150} INFO - [2023-09-26T03:46:55.999+0000] {dagbag.py:350} ERROR - Failed to import: /opt/airflow/dags/voting_dag.py
Traceback (most recent call last):
  File "/home/airflow/.local/lib/python3.7/site-packages/airflow/models/dagbag.py", line 346, in parse
    loader.exec_module(new_module)
  File "<frozen importlib._bootstrap_external>", line 728, in exec_module
  File "<frozen importlib._bootstrap>", line 219, in _call_with_frames_removed
  File "/opt/airflow/dags/voting_dag.py", line 2, in <module>
    from airflow.python_operator import PythonOperator
ModuleNotFoundError: No module named 'airflow.python_operator'
[2023-09-26T03:46:56.013+0000] {processor.py:838} WARNING - No viable dags retrieved from /opt/airflow/dags/voting_dag.py
[2023-09-26T03:46:56.048+0000] {processor.py:179} INFO - Processing /opt/airflow/dags/voting_dag.py took 0.108 seconds
[2023-09-26T03:47:26.158+0000] {processor.py:157} INFO - Started process (PID=2554) to work on /opt/airflow/dags/voting_dag.py
[2023-09-26T03:47:26.160+0000] {processor.py:826} INFO - Processing file /opt/airflow/dags/voting_dag.py for tasks to queue
[2023-09-26T03:47:26.165+0000] {logging_mixin.py:150} INFO - [2023-09-26T03:47:26.164+0000] {dagbag.py:541} INFO - Filling up the DagBag from /opt/airflow/dags/voting_dag.py
[2023-09-26T03:47:26.214+0000] {logging_mixin.py:150} INFO - [2023-09-26T03:47:26.203+0000] {dagbag.py:350} ERROR - Failed to import: /opt/airflow/dags/voting_dag.py
Traceback (most recent call last):
  File "/home/airflow/.local/lib/python3.7/site-packages/airflow/models/dagbag.py", line 346, in parse
    loader.exec_module(new_module)
  File "<frozen importlib._bootstrap_external>", line 728, in exec_module
  File "<frozen importlib._bootstrap>", line 219, in _call_with_frames_removed
  File "/opt/airflow/dags/voting_dag.py", line 2, in <module>
    from airflow.python_operator import PythonOperator
ModuleNotFoundError: No module named 'airflow.python_operator'
[2023-09-26T03:47:26.218+0000] {processor.py:838} WARNING - No viable dags retrieved from /opt/airflow/dags/voting_dag.py
[2023-09-26T03:47:26.258+0000] {processor.py:179} INFO - Processing /opt/airflow/dags/voting_dag.py took 0.108 seconds
[2023-09-26T03:47:57.763+0000] {processor.py:157} INFO - Started process (PID=2614) to work on /opt/airflow/dags/voting_dag.py
[2023-09-26T03:47:57.799+0000] {processor.py:826} INFO - Processing file /opt/airflow/dags/voting_dag.py for tasks to queue
[2023-09-26T03:47:57.810+0000] {logging_mixin.py:150} INFO - [2023-09-26T03:47:57.809+0000] {dagbag.py:541} INFO - Filling up the DagBag from /opt/airflow/dags/voting_dag.py
[2023-09-26T03:47:59.351+0000] {logging_mixin.py:150} INFO - [2023-09-26T03:47:58.888+0000] {dagbag.py:350} ERROR - Failed to import: /opt/airflow/dags/voting_dag.py
Traceback (most recent call last):
  File "/home/airflow/.local/lib/python3.7/site-packages/airflow/models/dagbag.py", line 346, in parse
    loader.exec_module(new_module)
  File "<frozen importlib._bootstrap_external>", line 728, in exec_module
  File "<frozen importlib._bootstrap>", line 219, in _call_with_frames_removed
  File "/opt/airflow/dags/voting_dag.py", line 2, in <module>
    from airflow.python_operator import PythonOperator
ModuleNotFoundError: No module named 'airflow.python_operator'
[2023-09-26T03:47:59.399+0000] {processor.py:838} WARNING - No viable dags retrieved from /opt/airflow/dags/voting_dag.py
[2023-09-26T03:47:59.501+0000] {processor.py:179} INFO - Processing /opt/airflow/dags/voting_dag.py took 1.743 seconds
[2023-09-26T03:48:32.571+0000] {processor.py:157} INFO - Started process (PID=2672) to work on /opt/airflow/dags/voting_dag.py
[2023-09-26T03:48:32.576+0000] {processor.py:826} INFO - Processing file /opt/airflow/dags/voting_dag.py for tasks to queue
[2023-09-26T03:48:32.593+0000] {logging_mixin.py:150} INFO - [2023-09-26T03:48:32.592+0000] {dagbag.py:541} INFO - Filling up the DagBag from /opt/airflow/dags/voting_dag.py
[2023-09-26T03:48:32.857+0000] {logging_mixin.py:150} INFO - [2023-09-26T03:48:32.834+0000] {dagbag.py:350} ERROR - Failed to import: /opt/airflow/dags/voting_dag.py
Traceback (most recent call last):
  File "/home/airflow/.local/lib/python3.7/site-packages/airflow/models/dagbag.py", line 346, in parse
    loader.exec_module(new_module)
  File "<frozen importlib._bootstrap_external>", line 728, in exec_module
  File "<frozen importlib._bootstrap>", line 219, in _call_with_frames_removed
  File "/opt/airflow/dags/voting_dag.py", line 2, in <module>
    from airflow.python_operator import PythonOperator
ModuleNotFoundError: No module named 'airflow.python_operator'
[2023-09-26T03:48:32.861+0000] {processor.py:838} WARNING - No viable dags retrieved from /opt/airflow/dags/voting_dag.py
[2023-09-26T03:48:32.966+0000] {processor.py:179} INFO - Processing /opt/airflow/dags/voting_dag.py took 0.402 seconds
[2023-09-26T03:49:03.528+0000] {processor.py:157} INFO - Started process (PID=2728) to work on /opt/airflow/dags/voting_dag.py
[2023-09-26T03:49:03.531+0000] {processor.py:826} INFO - Processing file /opt/airflow/dags/voting_dag.py for tasks to queue
[2023-09-26T03:49:03.533+0000] {logging_mixin.py:150} INFO - [2023-09-26T03:49:03.533+0000] {dagbag.py:541} INFO - Filling up the DagBag from /opt/airflow/dags/voting_dag.py
[2023-09-26T03:49:03.594+0000] {logging_mixin.py:150} INFO - [2023-09-26T03:49:03.583+0000] {dagbag.py:350} ERROR - Failed to import: /opt/airflow/dags/voting_dag.py
Traceback (most recent call last):
  File "/home/airflow/.local/lib/python3.7/site-packages/airflow/models/dagbag.py", line 346, in parse
    loader.exec_module(new_module)
  File "<frozen importlib._bootstrap_external>", line 728, in exec_module
  File "<frozen importlib._bootstrap>", line 219, in _call_with_frames_removed
  File "/opt/airflow/dags/voting_dag.py", line 2, in <module>
    from airflow.python_operator import PythonOperator
ModuleNotFoundError: No module named 'airflow.python_operator'
[2023-09-26T03:49:03.599+0000] {processor.py:838} WARNING - No viable dags retrieved from /opt/airflow/dags/voting_dag.py
[2023-09-26T03:49:03.649+0000] {processor.py:179} INFO - Processing /opt/airflow/dags/voting_dag.py took 0.127 seconds
[2023-09-26T03:49:34.303+0000] {processor.py:157} INFO - Started process (PID=2788) to work on /opt/airflow/dags/voting_dag.py
[2023-09-26T03:49:34.313+0000] {processor.py:826} INFO - Processing file /opt/airflow/dags/voting_dag.py for tasks to queue
[2023-09-26T03:49:34.317+0000] {logging_mixin.py:150} INFO - [2023-09-26T03:49:34.317+0000] {dagbag.py:541} INFO - Filling up the DagBag from /opt/airflow/dags/voting_dag.py
[2023-09-26T03:49:34.392+0000] {logging_mixin.py:150} INFO - [2023-09-26T03:49:34.381+0000] {dagbag.py:350} ERROR - Failed to import: /opt/airflow/dags/voting_dag.py
Traceback (most recent call last):
  File "/home/airflow/.local/lib/python3.7/site-packages/airflow/models/dagbag.py", line 346, in parse
    loader.exec_module(new_module)
  File "<frozen importlib._bootstrap_external>", line 728, in exec_module
  File "<frozen importlib._bootstrap>", line 219, in _call_with_frames_removed
  File "/opt/airflow/dags/voting_dag.py", line 2, in <module>
    from airflow.python_operator import PythonOperator
ModuleNotFoundError: No module named 'airflow.python_operator'
[2023-09-26T03:49:34.397+0000] {processor.py:838} WARNING - No viable dags retrieved from /opt/airflow/dags/voting_dag.py
[2023-09-26T03:49:34.450+0000] {processor.py:179} INFO - Processing /opt/airflow/dags/voting_dag.py took 0.155 seconds
[2023-09-26T03:50:04.911+0000] {processor.py:157} INFO - Started process (PID=2847) to work on /opt/airflow/dags/voting_dag.py
[2023-09-26T03:50:04.914+0000] {processor.py:826} INFO - Processing file /opt/airflow/dags/voting_dag.py for tasks to queue
[2023-09-26T03:50:04.916+0000] {logging_mixin.py:150} INFO - [2023-09-26T03:50:04.915+0000] {dagbag.py:541} INFO - Filling up the DagBag from /opt/airflow/dags/voting_dag.py
[2023-09-26T03:50:04.976+0000] {logging_mixin.py:150} INFO - [2023-09-26T03:50:04.966+0000] {dagbag.py:350} ERROR - Failed to import: /opt/airflow/dags/voting_dag.py
Traceback (most recent call last):
  File "/home/airflow/.local/lib/python3.7/site-packages/airflow/models/dagbag.py", line 346, in parse
    loader.exec_module(new_module)
  File "<frozen importlib._bootstrap_external>", line 728, in exec_module
  File "<frozen importlib._bootstrap>", line 219, in _call_with_frames_removed
  File "/opt/airflow/dags/voting_dag.py", line 2, in <module>
    from airflow.python_operator import PythonOperator
ModuleNotFoundError: No module named 'airflow.python_operator'
[2023-09-26T03:50:04.980+0000] {processor.py:838} WARNING - No viable dags retrieved from /opt/airflow/dags/voting_dag.py
[2023-09-26T03:50:05.039+0000] {processor.py:179} INFO - Processing /opt/airflow/dags/voting_dag.py took 0.136 seconds
[2023-09-26T03:50:35.405+0000] {processor.py:157} INFO - Started process (PID=2906) to work on /opt/airflow/dags/voting_dag.py
[2023-09-26T03:50:35.407+0000] {processor.py:826} INFO - Processing file /opt/airflow/dags/voting_dag.py for tasks to queue
[2023-09-26T03:50:35.410+0000] {logging_mixin.py:150} INFO - [2023-09-26T03:50:35.409+0000] {dagbag.py:541} INFO - Filling up the DagBag from /opt/airflow/dags/voting_dag.py
[2023-09-26T03:50:35.463+0000] {logging_mixin.py:150} INFO - [2023-09-26T03:50:35.454+0000] {dagbag.py:350} ERROR - Failed to import: /opt/airflow/dags/voting_dag.py
Traceback (most recent call last):
  File "/home/airflow/.local/lib/python3.7/site-packages/airflow/models/dagbag.py", line 346, in parse
    loader.exec_module(new_module)
  File "<frozen importlib._bootstrap_external>", line 728, in exec_module
  File "<frozen importlib._bootstrap>", line 219, in _call_with_frames_removed
  File "/opt/airflow/dags/voting_dag.py", line 2, in <module>
    from airflow.python_operator import PythonOperator
ModuleNotFoundError: No module named 'airflow.python_operator'
[2023-09-26T03:50:35.468+0000] {processor.py:838} WARNING - No viable dags retrieved from /opt/airflow/dags/voting_dag.py
[2023-09-26T03:50:35.519+0000] {processor.py:179} INFO - Processing /opt/airflow/dags/voting_dag.py took 0.121 seconds
[2023-09-26T03:51:05.764+0000] {processor.py:157} INFO - Started process (PID=2966) to work on /opt/airflow/dags/voting_dag.py
[2023-09-26T03:51:05.767+0000] {processor.py:826} INFO - Processing file /opt/airflow/dags/voting_dag.py for tasks to queue
[2023-09-26T03:51:05.772+0000] {logging_mixin.py:150} INFO - [2023-09-26T03:51:05.771+0000] {dagbag.py:541} INFO - Filling up the DagBag from /opt/airflow/dags/voting_dag.py
[2023-09-26T03:51:05.857+0000] {logging_mixin.py:150} INFO - [2023-09-26T03:51:05.844+0000] {dagbag.py:350} ERROR - Failed to import: /opt/airflow/dags/voting_dag.py
Traceback (most recent call last):
  File "/home/airflow/.local/lib/python3.7/site-packages/airflow/models/dagbag.py", line 346, in parse
    loader.exec_module(new_module)
  File "<frozen importlib._bootstrap_external>", line 728, in exec_module
  File "<frozen importlib._bootstrap>", line 219, in _call_with_frames_removed
  File "/opt/airflow/dags/voting_dag.py", line 2, in <module>
    from airflow.python_operator import PythonOperator
ModuleNotFoundError: No module named 'airflow.python_operator'
[2023-09-26T03:51:05.865+0000] {processor.py:838} WARNING - No viable dags retrieved from /opt/airflow/dags/voting_dag.py
[2023-09-26T03:51:05.916+0000] {processor.py:179} INFO - Processing /opt/airflow/dags/voting_dag.py took 0.159 seconds
[2023-09-26T03:51:36.283+0000] {processor.py:157} INFO - Started process (PID=3026) to work on /opt/airflow/dags/voting_dag.py
[2023-09-26T03:51:36.288+0000] {processor.py:826} INFO - Processing file /opt/airflow/dags/voting_dag.py for tasks to queue
[2023-09-26T03:51:36.290+0000] {logging_mixin.py:150} INFO - [2023-09-26T03:51:36.289+0000] {dagbag.py:541} INFO - Filling up the DagBag from /opt/airflow/dags/voting_dag.py
[2023-09-26T03:51:36.360+0000] {logging_mixin.py:150} INFO - [2023-09-26T03:51:36.349+0000] {dagbag.py:350} ERROR - Failed to import: /opt/airflow/dags/voting_dag.py
Traceback (most recent call last):
  File "/home/airflow/.local/lib/python3.7/site-packages/airflow/models/dagbag.py", line 346, in parse
    loader.exec_module(new_module)
  File "<frozen importlib._bootstrap_external>", line 728, in exec_module
  File "<frozen importlib._bootstrap>", line 219, in _call_with_frames_removed
  File "/opt/airflow/dags/voting_dag.py", line 2, in <module>
    from airflow.python_operator import PythonOperator
ModuleNotFoundError: No module named 'airflow.python_operator'
[2023-09-26T03:51:36.364+0000] {processor.py:838} WARNING - No viable dags retrieved from /opt/airflow/dags/voting_dag.py
[2023-09-26T03:51:36.431+0000] {processor.py:179} INFO - Processing /opt/airflow/dags/voting_dag.py took 0.160 seconds
[2023-09-26T03:52:06.974+0000] {processor.py:157} INFO - Started process (PID=3086) to work on /opt/airflow/dags/voting_dag.py
[2023-09-26T03:52:06.976+0000] {processor.py:826} INFO - Processing file /opt/airflow/dags/voting_dag.py for tasks to queue
[2023-09-26T03:52:06.978+0000] {logging_mixin.py:150} INFO - [2023-09-26T03:52:06.978+0000] {dagbag.py:541} INFO - Filling up the DagBag from /opt/airflow/dags/voting_dag.py
[2023-09-26T03:52:07.042+0000] {logging_mixin.py:150} INFO - [2023-09-26T03:52:07.030+0000] {dagbag.py:350} ERROR - Failed to import: /opt/airflow/dags/voting_dag.py
Traceback (most recent call last):
  File "/home/airflow/.local/lib/python3.7/site-packages/airflow/models/dagbag.py", line 346, in parse
    loader.exec_module(new_module)
  File "<frozen importlib._bootstrap_external>", line 728, in exec_module
  File "<frozen importlib._bootstrap>", line 219, in _call_with_frames_removed
  File "/opt/airflow/dags/voting_dag.py", line 2, in <module>
    from airflow.python_operator import PythonOperator
ModuleNotFoundError: No module named 'airflow.python_operator'
[2023-09-26T03:52:07.046+0000] {processor.py:838} WARNING - No viable dags retrieved from /opt/airflow/dags/voting_dag.py
[2023-09-26T03:52:07.083+0000] {processor.py:179} INFO - Processing /opt/airflow/dags/voting_dag.py took 0.117 seconds
